<Event xmlns='http://schemas.microsoft.com/win/2004/08/events/event'><System><Provider Name='Microsoft-Windows-Sysmon' Guid='{5770385F-C22A-43E0-BF4C-06F5698FFBD9}'/><EventID>7</EventID><Version>3</Version><Level>4</Level><Task>7</Task><Opcode>0</Opcode><Keywords>0x8000000000000000</Keywords><TimeCreated SystemTime='2021-11-15T20:08:51.758891400Z'/><EventRecordID>60588238</EventRecordID><Correlation/><Execution ProcessID='2856' ThreadID='2088'/><Channel>Microsoft-Windows-Sysmon/Operational</Channel><Computer>win-dc-469.attackrange.local</Computer><Security UserID='S-1-5-18'/></System><EventData><Data Name='RuleName'>-</Data><Data Name='UtcTime'>2021-11-15 20:08:51.749</Data><Data Name='ProcessGuid'>{8B6011A9-BE53-6192-F778-05000000F101}</Data><Data Name='ProcessId'>8316</Data><Data Name='Image'>C:\Users\Administrator\Downloads\dcrypt.exe</Data><Data Name='ImageLoaded'>C:\Windows\SysWOW64\sspicli.dll</Data><Data Name='FileVersion'>10.0.14393.2580 (rs1_release_inmarket.181009-1745)</Data><Data Name='Description'>Security Support Provider Interface</Data><Data Name='Product'>Microsoft® Windows® Operating System</Data><Data Name='Company'>Microsoft Corporation</Data><Data Name='OriginalFileName'>security.dll</Data><Data Name='Hashes'>MD5=580643DD40890B231399EA5F57EFAA70,SHA256=0B374B1825ABFF7B26170E75F1B638DF08A15B07660A7DF5533F02853CF266C6</Data><Data Name='Signed'>true</Data><Data Name='Signature'>Microsoft Windows</Data><Data Name='SignatureStatus'>Valid</Data></EventData></Event>
<Event xmlns='http://schemas.microsoft.com/win/2004/08/events/event'><System><Provider Name='Microsoft-Windows-Sysmon' Guid='{5770385F-C22A-43E0-BF4C-06F5698FFBD9}'/><EventID>7</EventID><Version>3</Version><Level>4</Level><Task>7</Task><Opcode>0</Opcode><Keywords>0x8000000000000000</Keywords><TimeCreated SystemTime='2021-11-15T20:08:51.758576000Z'/><EventRecordID>60588237</EventRecordID><Correlation/><Execution ProcessID='2856' ThreadID='2088'/><Channel>Microsoft-Windows-Sysmon/Operational</Channel><Computer>win-dc-469.attackrange.local</Computer><Security UserID='S-1-5-18'/></System><EventData><Data Name='RuleName'>-</Data><Data Name='UtcTime'>2021-11-15 20:08:51.749</Data><Data Name='ProcessGuid'>{8B6011A9-BE53-6192-F778-05000000F101}</Data><Data Name='ProcessId'>8316</Data><Data Name='Image'>C:\Users\Administrator\Downloads\dcrypt.exe</Data><Data Name='ImageLoaded'>C:\Windows\SysWOW64\rpcrt4.dll</Data><Data Name='FileVersion'>10.0.14393.4467 (rs1_release.210604-1844)</Data><Data Name='Description'>Remote Procedure Call Runtime</Data><Data Name='Product'>Microsoft® Windows® Operating System</Data><Data Name='Company'>Microsoft Corporation</Data><Data Name='OriginalFileName'>rpcrt4.dll</Data><Data Name='Hashes'>MD5=990CA13B9FE19A5A611F77B333BC9AAD,SHA256=EC3960CAABA4FC0287601311BDCC14D472A165DA7C43F88665D984CE1A0B7DE4</Data><Data Name='Signed'>true</Data><Data Name='Signature'>Microsoft Windows</Data><Data Name='SignatureStatus'>Valid</Data></EventData></Event>
<Event xmlns='http://schemas.microsoft.com/win/2004/08/events/event'><System><Provider Name='Microsoft-Windows-Sysmon' Guid='{5770385F-C22A-43E0-BF4C-06F5698FFBD9}'/><EventID>7</EventID><Version>3</Version><Level>4</Level><Task>7</Task><Opcode>0</Opcode><Keywords>0x8000000000000000</Keywords><TimeCreated SystemTime='2021-11-15T20:08:51.758212300Z'/><EventRecordID>60588236</EventRecordID><Correlation/><Execution ProcessID='2856' ThreadID='2088'/><Channel>Microsoft-Windows-Sysmon/Operational</Channel><Computer>win-dc-469.attackrange.local</Computer><Security UserID='S-1-5-18'/></System><EventData><Data Name='RuleName'>-</Data><Data Name='UtcTime'>2021-11-15 20:08:51.749</Data><Data Name='ProcessGuid'>{8B6011A9-BE53-6192-F778-05000000F101}</Data><Data Name='ProcessId'>8316</Data><Data Name='Image'>C:\Users\Administrator\Downloads\dcrypt.exe</Data><Data Name='ImageLoaded'>C:\Windows\SysWOW64\combase.dll</Data><Data Name='FileVersion'>10.0.14393.4583 (rs1_release.210730-1850)</Data><Data Name='Description'>Microsoft COM for Windows</Data><Data Name='Product'>Microsoft® Windows® Operating System</Data><Data Name='Company'>Microsoft Corporation</Data><Data Name='OriginalFileName'>COMBASE.DLL</Data><Data Name='Hashes'>MD5=6FDB4F1612AC70891B9F6E6005AA5DDB,SHA256=6DFEC2EE6E2A7CB4409AB824737A3657E6D66E309AFE83C28E0CE0676687F737</Data><Data Name='Signed'>true</Data><Data Name='Signature'>Microsoft Windows</Data><Data Name='SignatureStatus'>Valid</Data></EventData></Event>
<Event xmlns='http://schemas.microsoft.com/win/2004/08/events/event'><System><Provider Name='Microsoft-Windows-Sysmon' Guid='{5770385F-C22A-43E0-BF4C-06F5698FFBD9}'/><EventID>7</EventID><Version>3</Version><Level>4</Level><Task>7</Task><Opcode>0</Opcode><Keywords>0x8000000000000000</Keywords><TimeCreated SystemTime='2021-11-15T20:08:51.757558200Z'/><EventRecordID>60588235</EventRecordID><Correlation/><Execution ProcessID='2856' ThreadID='2088'/><Channel>Microsoft-Windows-Sysmon/Operational</Channel><Computer>win-dc-469.attackrange.local</Computer><Security UserID='S-1-5-18'/></System><EventData><Data Name='RuleName'>-</Data><Data Name='UtcTime'>2021-11-15 20:08:51.749</Data><Data Name='ProcessGuid'>{8B6011A9-BE53-6192-F778-05000000F101}</Data><Data Name='ProcessId'>8316</Data><Data Name='Image'>C:\Users\Administrator\Downloads\dcrypt.exe</Data><Data Name='ImageLoaded'>C:\Windows\SysWOW64\ucrtbase.dll</Data><Data Name='FileVersion'>10.0.14393.3659 (rs1_release_1.200410-1813)</Data><Data Name='Description'>Microsoft® C Runtime Library</Data><Data Name='Product'>Microsoft® Windows® Operating System</Data><Data Name='Company'>Microsoft Corporation</Data><Data Name='OriginalFileName'>ucrtbase.dll</Data><Data Name='Hashes'>MD5=F058FE3C5E3DEF875A654A18551D88E5,SHA256=78DC0394AA359DBD2EB8BE7F13FEDF0478C8AA55785712B358FAC1C97D051B87</Data><Data Name='Signed'>true</Data><Data Name='Signature'>Microsoft Windows</Data><Data Name='SignatureStatus'>Valid</Data></EventData></Event>
<Event xmlns='http://schemas.microsoft.com/win/2004/08/events/event'><System><Provider Name='Microsoft-Windows-Sysmon' Guid='{5770385F-C22A-43E0-BF4C-06F5698FFBD9}'/><EventID>13</EventID><Version>2</Version><Level>4</Level><Task>13</Task><Opcode>0</Opcode><Keywords>0x8000000000000000</Keywords><TimeCreated SystemTime='2021-11-15T20:08:51.744006400Z'/><EventRecordID>60588227</EventRecordID><Correlation/><Execution ProcessID='2856' ThreadID='2088'/><Channel>Microsoft-Windows-Sysmon/Operational</Channel><Computer>win-dc-469.attackrange.local</Computer><Security UserID='S-1-5-18'/></System><EventData><Data Name='RuleName'>-</Data><Data Name='EventType'>SetValue</Data><Data Name='UtcTime'>2021-11-15 20:08:51.728</Data><Data Name='ProcessGuid'>{8B6011A9-5C50-6192-B66C-05000000F101}</Data><Data Name='ProcessId'>4916</Data><Data Name='Image'>C:\Windows\explorer.exe</Data><Data Name='TargetObject'>HKU\S-1-5-21-3946589728-3102711660-3528854901-500\SOFTWARE\Microsoft\Windows\CurrentVersion\Search\RecentApps\{76DE8FD9-41E6-4356-9284-19CF73683C25}\AppId</Data><Data Name='Details'>C:\Users\Administrator\Downloads\dcrypt.exe</Data></EventData></Event>
<Event xmlns='http://schemas.microsoft.com/win/2004/08/events/event'><System><Provider Name='Microsoft-Windows-Sysmon' Guid='{5770385F-C22A-43E0-BF4C-06F5698FFBD9}'/><EventID>7</EventID><Version>3</Version><Level>4</Level><Task>7</Task><Opcode>0</Opcode><Keywords>0x8000000000000000</Keywords><TimeCreated SystemTime='2021-11-15T20:08:51.743380600Z'/><EventRecordID>60588224</EventRecordID><Correlation/><Execution ProcessID='2856' ThreadID='2088'/><Channel>Microsoft-Windows-Sysmon/Operational</Channel><Computer>win-dc-469.attackrange.local</Computer><Security UserID='S-1-5-18'/></System><EventData><Data Name='RuleName'>-</Data><Data Name='UtcTime'>2021-11-15 20:08:51.728</Data><Data Name='ProcessGuid'>{8B6011A9-BE53-6192-F778-05000000F101}</Data><Data Name='ProcessId'>8316</Data><Data Name='Image'>C:\Users\Administrator\Downloads\dcrypt.exe</Data><Data Name='ImageLoaded'>C:\Windows\SysWOW64\KernelBase.dll</Data><Data Name='FileVersion'>10.0.14393.4350 (rs1_release.210407-2154)</Data><Data Name='Description'>Windows NT BASE API Client DLL</Data><Data Name='Product'>Microsoft® Windows® Operating System</Data><Data Name='Company'>Microsoft Corporation</Data><Data Name='OriginalFileName'>Kernelbase.dll</Data><Data Name='Hashes'>MD5=E3B7B5531159A395AC63B7EA256FE7B6,SHA256=B631E93E271E706E0204B606D7851ADF7E65FCA04ACDD73103F0754A9C01007E</Data><Data Name='Signed'>true</Data><Data Name='Signature'>Microsoft Windows</Data><Data Name='SignatureStatus'>Valid</Data></EventData></Event>
<Event xmlns='http://schemas.microsoft.com/win/2004/08/events/event'><System><Provider Name='Microsoft-Windows-Sysmon' Guid='{5770385F-C22A-43E0-BF4C-06F5698FFBD9}'/><EventID>7</EventID><Version>3</Version><Level>4</Level><Task>7</Task><Opcode>0</Opcode><Keywords>0x8000000000000000</Keywords><TimeCreated SystemTime='2021-11-15T20:08:51.742617500Z'/><EventRecordID>60588222</EventRecordID><Correlation/><Execution ProcessID='2856' ThreadID='2088'/><Channel>Microsoft-Windows-Sysmon/Operational</Channel><Computer>win-dc-469.attackrange.local</Computer><Security UserID='S-1-5-18'/></System><EventData><Data Name='RuleName'>-</Data><Data Name='UtcTime'>2021-11-15 20:08:51.728</Data><Data Name='ProcessGuid'>{8B6011A9-BE53-6192-F778-05000000F101}</Data><Data Name='ProcessId'>8316</Data><Data Name='Image'>C:\Users\Administrator\Downloads\dcrypt.exe</Data><Data Name='ImageLoaded'>C:\Windows\SysWOW64\kernel32.dll</Data><Data Name='FileVersion'>10.0.14393.4350 (rs1_release.210407-2154)</Data><Data Name='Description'>Windows NT BASE API Client DLL</Data><Data Name='Product'>Microsoft® Windows® Operating System</Data><Data Name='Company'>Microsoft Corporation</Data><Data Name='OriginalFileName'>kernel32</Data><Data Name='Hashes'>MD5=E0C87CF8838DB8C6DBD24A708FCED51B,SHA256=0616E630C7F8E116CE43390638C9CE99209556662C2BBDF5845F1CD03E1C6C4E</Data><Data Name='Signed'>true</Data><Data Name='Signature'>Microsoft Windows</Data><Data Name='SignatureStatus'>Valid</Data></EventData></Event>
<Event xmlns='http://schemas.microsoft.com/win/2004/08/events/event'><System><Provider Name='Microsoft-Windows-Sysmon' Guid='{5770385F-C22A-43E0-BF4C-06F5698FFBD9}'/><EventID>7</EventID><Version>3</Version><Level>4</Level><Task>7</Task><Opcode>0</Opcode><Keywords>0x8000000000000000</Keywords><TimeCreated SystemTime='2021-11-15T20:08:51.741934300Z'/><EventRecordID>60588219</EventRecordID><Correlation/><Execution ProcessID='2856' ThreadID='2088'/><Channel>Microsoft-Windows-Sysmon/Operational</Channel><Computer>win-dc-469.attackrange.local</Computer><Security UserID='S-1-5-18'/></System><EventData><Data Name='RuleName'>-</Data><Data Name='UtcTime'>2021-11-15 20:08:51.728</Data><Data Name='ProcessGuid'>{8B6011A9-BE53-6192-F778-05000000F101}</Data><Data Name='ProcessId'>8316</Data><Data Name='Image'>C:\Users\Administrator\Downloads\dcrypt.exe</Data><Data Name='ImageLoaded'>C:\Windows\System32\wow64cpu.dll</Data><Data Name='FileVersion'>10.0.14393.3503 (rs1_release.200131-0410)</Data><Data Name='Description'>AMD64 Wow64 CPU </Data><Data Name='Product'>Microsoft® Windows® Operating System</Data><Data Name='Company'>Microsoft Corporation</Data><Data Name='OriginalFileName'>wow64cpu.dll</Data><Data Name='Hashes'>MD5=C1F2078639481364EA3FDD10CBEB1A18,SHA256=B63E6DC0B3D7ABA9CB95929A1A360208A570CB2072474276F649B68F1AC8DC82</Data><Data Name='Signed'>true</Data><Data Name='Signature'>Microsoft Windows</Data><Data Name='SignatureStatus'>Valid</Data></EventData></Event>
<Event xmlns='http://schemas.microsoft.com/win/2004/08/events/event'><System><Provider Name='Microsoft-Windows-Sysmon' Guid='{5770385F-C22A-43E0-BF4C-06F5698FFBD9}'/><EventID>7</EventID><Version>3</Version><Level>4</Level><Task>7</Task><Opcode>0</Opcode><Keywords>0x8000000000000000</Keywords><TimeCreated SystemTime='2021-11-15T20:08:51.741466100Z'/><EventRecordID>60588218</EventRecordID><Correlation/><Execution ProcessID='2856' ThreadID='2088'/><Channel>Microsoft-Windows-Sysmon/Operational</Channel><Computer>win-dc-469.attackrange.local</Computer><Security UserID='S-1-5-18'/></System><EventData><Data Name='RuleName'>-</Data><Data Name='UtcTime'>2021-11-15 20:08:51.728</Data><Data Name='ProcessGuid'>{8B6011A9-BE53-6192-F778-05000000F101}</Data><Data Name='ProcessId'>8316</Data><Data Name='Image'>C:\Users\Administrator\Downloads\dcrypt.exe</Data><Data Name='ImageLoaded'>C:\Windows\System32\user32.dll</Data><Data Name='FileVersion'>10.0.14393.4169 (rs1_release.210107-1130)</Data><Data Name='Description'>Multi-User Windows USER API Client DLL</Data><Data Name='Product'>Microsoft® Windows® Operating System</Data><Data Name='Company'>Microsoft Corporation</Data><Data Name='OriginalFileName'>user32</Data><Data Name='Hashes'>MD5=883B59C5557E8A9B3C1E1ED1CA48CD5A,SHA256=271800C20A96587265BF83DE2EFC11329EEB2B6C0D57E5E0BCD137FB96BFE6E3</Data><Data Name='Signed'>true</Data><Data Name='Signature'>Microsoft Windows</Data><Data Name='SignatureStatus'>Valid</Data></EventData></Event>
<Event xmlns='http://schemas.microsoft.com/win/2004/08/events/event'><System><Provider Name='Microsoft-Windows-Sysmon' Guid='{5770385F-C22A-43E0-BF4C-06F5698FFBD9}'/><EventID>7</EventID><Version>3</Version><Level>4</Level><Task>7</Task><Opcode>0</Opcode><Keywords>0x8000000000000000</Keywords><TimeCreated SystemTime='2021-11-15T20:08:51.741222000Z'/><EventRecordID>60588217</EventRecordID><Correlation/><Execution ProcessID='2856' ThreadID='2088'/><Channel>Microsoft-Windows-Sysmon/Operational</Channel><Computer>win-dc-469.attackrange.local</Computer><Security UserID='S-1-5-18'/></System><EventData><Data Name='RuleName'>-</Data><Data Name='UtcTime'>2021-11-15 20:08:51.728</Data><Data Name='ProcessGuid'>{8B6011A9-BE53-6192-F778-05000000F101}</Data><Data Name='ProcessId'>8316</Data><Data Name='Image'>C:\Users\Administrator\Downloads\dcrypt.exe</Data><Data Name='ImageLoaded'>C:\Windows\System32\kernel32.dll</Data><Data Name='FileVersion'>10.0.14393.4350 (rs1_release.210407-2154)</Data><Data Name='Description'>Windows NT BASE API Client DLL</Data><Data Name='Product'>Microsoft® Windows® Operating System</Data><Data Name='Company'>Microsoft Corporation</Data><Data Name='OriginalFileName'>kernel32</Data><Data Name='Hashes'>MD5=A5AD62615D2361BFAEC6C047B199184C,SHA256=B43F3DFDAF7BAA7A2B97015631F96CE429C50348D380080CFC29C36F959D7886</Data><Data Name='Signed'>true</Data><Data Name='Signature'>Microsoft Windows</Data><Data Name='SignatureStatus'>Valid</Data></EventData></Event>
<Event xmlns='http://schemas.microsoft.com/win/2004/08/events/event'><System><Provider Name='Microsoft-Windows-Sysmon' Guid='{5770385F-C22A-43E0-BF4C-06F5698FFBD9}'/><EventID>7</EventID><Version>3</Version><Level>4</Level><Task>7</Task><Opcode>0</Opcode><Keywords>0x8000000000000000</Keywords><TimeCreated SystemTime='2021-11-15T20:08:51.740968500Z'/><EventRecordID>60588216</EventRecordID><Correlation/><Execution ProcessID='2856' ThreadID='2088'/><Channel>Microsoft-Windows-Sysmon/Operational</Channel><Computer>win-dc-469.attackrange.local</Computer><Security UserID='S-1-5-18'/></System><EventData><Data Name='RuleName'>-</Data><Data Name='UtcTime'>2021-11-15 20:08:51.728</Data><Data Name='ProcessGuid'>{8B6011A9-BE53-6192-F778-05000000F101}</Data><Data Name='ProcessId'>8316</Data><Data Name='Image'>C:\Users\Administrator\Downloads\dcrypt.exe</Data><Data Name='ImageLoaded'>C:\Windows\SysWOW64\kernel32.dll</Data><Data Name='FileVersion'>10.0.14393.4350 (rs1_release.210407-2154)</Data><Data Name='Description'>Windows NT BASE API Client DLL</Data><Data Name='Product'>Microsoft® Windows® Operating System</Data><Data Name='Company'>Microsoft Corporation</Data><Data Name='OriginalFileName'>kernel32</Data><Data Name='Hashes'>MD5=E0C87CF8838DB8C6DBD24A708FCED51B,SHA256=0616E630C7F8E116CE43390638C9CE99209556662C2BBDF5845F1CD03E1C6C4E</Data><Data Name='Signed'>true</Data><Data Name='Signature'>Microsoft Windows</Data><Data Name='SignatureStatus'>Valid</Data></EventData></Event>
<Event xmlns='http://schemas.microsoft.com/win/2004/08/events/event'><System><Provider Name='Microsoft-Windows-Sysmon' Guid='{5770385F-C22A-43E0-BF4C-06F5698FFBD9}'/><EventID>7</EventID><Version>3</Version><Level>4</Level><Task>7</Task><Opcode>0</Opcode><Keywords>0x8000000000000000</Keywords><TimeCreated SystemTime='2021-11-15T20:08:51.740542900Z'/><EventRecordID>60588215</EventRecordID><Correlation/><Execution ProcessID='2856' ThreadID='2088'/><Channel>Microsoft-Windows-Sysmon/Operational</Channel><Computer>win-dc-469.attackrange.local</Computer><Security UserID='S-1-5-18'/></System><EventData><Data Name='RuleName'>-</Data><Data Name='UtcTime'>2021-11-15 20:08:51.728</Data><Data Name='ProcessGuid'>{8B6011A9-BE53-6192-F778-05000000F101}</Data><Data Name='ProcessId'>8316</Data><Data Name='Image'>C:\Users\Administrator\Downloads\dcrypt.exe</Data><Data Name='ImageLoaded'>C:\Windows\System32\kernel32.dll</Data><Data Name='FileVersion'>10.0.14393.4350 (rs1_release.210407-2154)</Data><Data Name='Description'>Windows NT BASE API Client DLL</Data><Data Name='Product'>Microsoft® Windows® Operating System</Data><Data Name='Company'>Microsoft Corporation</Data><Data Name='OriginalFileName'>kernel32</Data><Data Name='Hashes'>MD5=A5AD62615D2361BFAEC6C047B199184C,SHA256=B43F3DFDAF7BAA7A2B97015631F96CE429C50348D380080CFC29C36F959D7886</Data><Data Name='Signed'>true</Data><Data Name='Signature'>Microsoft Windows</Data><Data Name='SignatureStatus'>Valid</Data></EventData></Event>
<Event xmlns='http://schemas.microsoft.com/win/2004/08/events/event'><System><Provider Name='Microsoft-Windows-Sysmon' Guid='{5770385F-C22A-43E0-BF4C-06F5698FFBD9}'/><EventID>7</EventID><Version>3</Version><Level>4</Level><Task>7</Task><Opcode>0</Opcode><Keywords>0x8000000000000000</Keywords><TimeCreated SystemTime='2021-11-15T20:08:51.740277100Z'/><EventRecordID>60588214</EventRecordID><Correlation/><Execution ProcessID='2856' ThreadID='2088'/><Channel>Microsoft-Windows-Sysmon/Operational</Channel><Computer>win-dc-469.attackrange.local</Computer><Security UserID='S-1-5-18'/></System><EventData><Data Name='RuleName'>-</Data><Data Name='UtcTime'>2021-11-15 20:08:51.728</Data><Data Name='ProcessGuid'>{8B6011A9-BE53-6192-F778-05000000F101}</Data><Data Name='ProcessId'>8316</Data><Data Name='Image'>C:\Users\Administrator\Downloads\dcrypt.exe</Data><Data Name='ImageLoaded'>C:\Windows\System32\wow64win.dll</Data><Data Name='FileVersion'>10.0.14393.3383 (rs1_release.191125-1816)</Data><Data Name='Description'>Wow64 Console and Win32 API Logging</Data><Data Name='Product'>Microsoft® Windows® Operating System</Data><Data Name='Company'>Microsoft Corporation</Data><Data Name='OriginalFileName'>wow64lg2.dll</Data><Data Name='Hashes'>MD5=62DEBA17D0A26B352F1C3F02144BC6EA,SHA256=5A1C08FE318942CB31048DBD641E25610DE842E34470B3E54FEDCA4E2642D4E0</Data><Data Name='Signed'>true</Data><Data Name='Signature'>Microsoft Windows</Data><Data Name='SignatureStatus'>Valid</Data></EventData></Event>
<Event xmlns='http://schemas.microsoft.com/win/2004/08/events/event'><System><Provider Name='Microsoft-Windows-Sysmon' Guid='{5770385F-C22A-43E0-BF4C-06F5698FFBD9}'/><EventID>7</EventID><Version>3</Version><Level>4</Level><Task>7</Task><Opcode>0</Opcode><Keywords>0x8000000000000000</Keywords><TimeCreated SystemTime='2021-11-15T20:08:51.739891600Z'/><EventRecordID>60588213</EventRecordID><Correlation/><Execution ProcessID='2856' ThreadID='2088'/><Channel>Microsoft-Windows-Sysmon/Operational</Channel><Computer>win-dc-469.attackrange.local</Computer><Security UserID='S-1-5-18'/></System><EventData><Data Name='RuleName'>-</Data><Data Name='UtcTime'>2021-11-15 20:08:51.728</Data><Data Name='ProcessGuid'>{8B6011A9-BE53-6192-F778-05000000F101}</Data><Data Name='ProcessId'>8316</Data><Data Name='Image'>C:\Users\Administrator\Downloads\dcrypt.exe</Data><Data Name='ImageLoaded'>C:\Windows\System32\wow64.dll</Data><Data Name='FileVersion'>10.0.14393.3503 (rs1_release.200131-0410)</Data><Data Name='Description'>Win32 Emulation on NT64</Data><Data Name='Product'>Microsoft® Windows® Operating System</Data><Data Name='Company'>Microsoft Corporation</Data><Data Name='OriginalFileName'>wow64.dll</Data><Data Name='Hashes'>MD5=447615F19DAAFF9C308370C59F493BF8,SHA256=45ED2009CEEB249BBF518B958AF02B97E667DB68C9B6D65642E69E9B0300CF5D</Data><Data Name='Signed'>true</Data><Data Name='Signature'>Microsoft Windows</Data><Data Name='SignatureStatus'>Valid</Data></EventData></Event>
<Event xmlns='http://schemas.microsoft.com/win/2004/08/events/event'><System><Provider Name='Microsoft-Windows-Sysmon' Guid='{5770385F-C22A-43E0-BF4C-06F5698FFBD9}'/><EventID>7</EventID><Version>3</Version><Level>4</Level><Task>7</Task><Opcode>0</Opcode><Keywords>0x8000000000000000</Keywords><TimeCreated SystemTime='2021-11-15T20:08:51.739526700Z'/><EventRecordID>60588212</EventRecordID><Correlation/><Execution ProcessID='2856' ThreadID='2088'/><Channel>Microsoft-Windows-Sysmon/Operational</Channel><Computer>win-dc-469.attackrange.local</Computer><Security UserID='S-1-5-18'/></System><EventData><Data Name='RuleName'>-</Data><Data Name='UtcTime'>2021-11-15 20:08:51.728</Data><Data Name='ProcessGuid'>{8B6011A9-BE53-6192-F778-05000000F101}</Data><Data Name='ProcessId'>8316</Data><Data Name='Image'>C:\Users\Administrator\Downloads\dcrypt.exe</Data><Data Name='ImageLoaded'>C:\Windows\SysWOW64\ntdll.dll</Data><Data Name='FileVersion'>10.0.14393.4530 (rs1_release.210705-0736)</Data><Data Name='Description'>NT Layer DLL</Data><Data Name='Product'>Microsoft® Windows® Operating System</Data><Data Name='Company'>Microsoft Corporation</Data><Data Name='OriginalFileName'>ntdll.dll</Data><Data Name='Hashes'>MD5=4EA36017E45CC2C5D3D2EABEFBE25941,SHA256=6E96551961497DBE66E0329711E4AC670713DF9315B948D7CB5EEAE8C757292F</Data><Data Name='Signed'>true</Data><Data Name='Signature'>Microsoft Windows</Data><Data Name='SignatureStatus'>Valid</Data></EventData></Event>
<Event xmlns='http://schemas.microsoft.com/win/2004/08/events/event'><System><Provider Name='Microsoft-Windows-Sysmon' Guid='{5770385F-C22A-43E0-BF4C-06F5698FFBD9}'/><EventID>7</EventID><Version>3</Version><Level>4</Level><Task>7</Task><Opcode>0</Opcode><Keywords>0x8000000000000000</Keywords><TimeCreated SystemTime='2021-11-15T20:08:51.738984400Z'/><EventRecordID>60588211</EventRecordID><Correlation/><Execution ProcessID='2856' ThreadID='2088'/><Channel>Microsoft-Windows-Sysmon/Operational</Channel><Computer>win-dc-469.attackrange.local</Computer><Security UserID='S-1-5-18'/></System><EventData><Data Name='RuleName'>-</Data><Data Name='UtcTime'>2021-11-15 20:08:51.728</Data><Data Name='ProcessGuid'>{8B6011A9-BE53-6192-F778-05000000F101}</Data><Data Name='ProcessId'>8316</Data><Data Name='Image'>C:\Users\Administrator\Downloads\dcrypt.exe</Data><Data Name='ImageLoaded'>C:\Windows\System32\ntdll.dll</Data><Data Name='FileVersion'>10.0.14393.4530 (rs1_release.210705-0736)</Data><Data Name='Description'>NT Layer DLL</Data><Data Name='Product'>Microsoft® Windows® Operating System</Data><Data Name='Company'>Microsoft Corporation</Data><Data Name='OriginalFileName'>ntdll.dll</Data><Data Name='Hashes'>MD5=36B87C41EE39F3051D116F735EBEF866,SHA256=9C45BAE6D7E27B3AE04BBF88B96686C04ED6A43695558E82B687013BA0383F8A</Data><Data Name='Signed'>true</Data><Data Name='Signature'>Microsoft Windows</Data><Data Name='SignatureStatus'>Valid</Data></EventData></Event>
<Event xmlns='http://schemas.microsoft.com/win/2004/08/events/event'><System><Provider Name='Microsoft-Windows-Sysmon' Guid='{5770385F-C22A-43E0-BF4C-06F5698FFBD9}'/><EventID>10</EventID><Version>3</Version><Level>4</Level><Task>10</Task><Opcode>0</Opcode><Keywords>0x8000000000000000</Keywords><TimeCreated SystemTime='2021-11-15T20:08:51.737988200Z'/><EventRecordID>60588208</EventRecordID><Correlation/><Execution ProcessID='2856' ThreadID='2088'/><Channel>Microsoft-Windows-Sysmon/Operational</Channel><Computer>win-dc-469.attackrange.local</Computer><Security UserID='S-1-5-18'/></System><EventData><Data Name='RuleName'>-</Data><Data Name='UtcTime'>2021-11-15 20:08:51.728</Data><Data Name='SourceProcessGUID'>{8B6011A9-886D-6164-1300-00000000F101}</Data><Data Name='SourceProcessId'>1040</Data><Data Name='SourceThreadId'>5360</Data><Data Name='SourceImage'>C:\Windows\System32\svchost.exe</Data><Data Name='TargetProcessGUID'>{8B6011A9-BE53-6192-F778-05000000F101}</Data><Data Name='TargetProcessId'>8316</Data><Data Name='TargetImage'>C:\Users\Administrator\Downloads\dcrypt.exe</Data><Data Name='GrantedAccess'>0x1fffff</Data><Data Name='CallTrace'>C:\Windows\SYSTEM32\ntdll.dll+a6134|C:\Windows\System32\KERNELBASE.dll+221bd|c:\windows\system32\pcasvc.dll+ac96|c:\windows\system32\pcasvc.dll+aaf6|c:\windows\system32\pcasvc.dll+aab8|C:\Windows\System32\KERNEL32.DLL+84d4|C:\Windows\SYSTEM32\ntdll.dll+51781</Data></EventData></Event>
<Event xmlns='http://schemas.microsoft.com/win/2004/08/events/event'><System><Provider Name='Microsoft-Windows-Sysmon' Guid='{5770385F-C22A-43E0-BF4C-06F5698FFBD9}'/><EventID>13</EventID><Version>2</Version><Level>4</Level><Task>13</Task><Opcode>0</Opcode><Keywords>0x8000000000000000</Keywords><TimeCreated SystemTime='2021-11-15T20:08:51.737783400Z'/><EventRecordID>60588207</EventRecordID><Correlation/><Execution ProcessID='2856' ThreadID='2088'/><Channel>Microsoft-Windows-Sysmon/Operational</Channel><Computer>win-dc-469.attackrange.local</Computer><Security UserID='S-1-5-18'/></System><EventData><Data Name='RuleName'>-</Data><Data Name='EventType'>SetValue</Data><Data Name='UtcTime'>2021-11-15 20:08:51.728</Data><Data Name='ProcessGuid'>{8B6011A9-886D-6164-1300-00000000F101}</Data><Data Name='ProcessId'>1040</Data><Data Name='Image'>C:\Windows\System32\svchost.exe</Data><Data Name='TargetObject'>HKU\S-1-5-21-3946589728-3102711660-3528854901-500\SOFTWARE\Microsoft\Windows NT\CurrentVersion\AppCompatFlags\Compatibility Assistant\Store\C:\Users\Administrator\Downloads\dcrypt.exe</Data><Data Name='Details'>Binary Data</Data></EventData></Event>
<Event xmlns='http://schemas.microsoft.com/win/2004/08/events/event'><System><Provider Name='Microsoft-Windows-Sysmon' Guid='{5770385F-C22A-43E0-BF4C-06F5698FFBD9}'/><EventID>10</EventID><Version>3</Version><Level>4</Level><Task>10</Task><Opcode>0</Opcode><Keywords>0x8000000000000000</Keywords><TimeCreated SystemTime='2021-11-15T20:08:51.734323100Z'/><EventRecordID>60588205</EventRecordID><Correlation/><Execution ProcessID='2856' ThreadID='2088'/><Channel>Microsoft-Windows-Sysmon/Operational</Channel><Computer>win-dc-469.attackrange.local</Computer><Security UserID='S-1-5-18'/></System><EventData><Data Name='RuleName'>-</Data><Data Name='UtcTime'>2021-11-15 20:08:51.728</Data><Data Name='SourceProcessGUID'>{8B6011A9-886D-6164-1300-00000000F101}</Data><Data Name='SourceProcessId'>1040</Data><Data Name='SourceThreadId'>8740</Data><Data Name='SourceImage'>C:\Windows\System32\svchost.exe</Data><Data Name='TargetProcessGUID'>{8B6011A9-BE53-6192-F778-05000000F101}</Data><Data Name='TargetProcessId'>8316</Data><Data Name='TargetImage'>C:\Users\Administrator\Downloads\dcrypt.exe</Data><Data Name='GrantedAccess'>0x1400</Data><Data Name='CallTrace'>C:\Windows\SYSTEM32\ntdll.dll+a6134|C:\Windows\System32\KERNELBASE.dll+5eab4|c:\windows\system32\pcasvc.dll+52e4|c:\windows\system32\pcasvc.dll+58a9|c:\windows\system32\pcasvc.dll+5b49|C:\Windows\System32\RPCRT4.dll+7a593|C:\Windows\System32\RPCRT4.dll+d9f41|C:\Windows\System32\RPCRT4.dll+62d4c|C:\Windows\System32\RPCRT4.dll+4a274|C:\Windows\System32\RPCRT4.dll+4918d|C:\Windows\System32\RPCRT4.dll+49cde|C:\Windows\System32\RPCRT4.dll+30ed7|C:\Windows\System32\RPCRT4.dll+3152c|C:\Windows\System32\RPCRT4.dll+1ae1c|C:\Windows\System32\RPCRT4.dll+1c67b|C:\Windows\System32\RPCRT4.dll+43a2a|C:\Windows\SYSTEM32\ntdll.dll+1d34e|C:\Windows\SYSTEM32\ntdll.dll+1ecb9|C:\Windows\System32\KERNEL32.DLL+84d4|C:\Windows\SYSTEM32\ntdll.dll+51781</Data></EventData></Event>
<Event xmlns='http://schemas.microsoft.com/win/2004/08/events/event'><System><Provider Name='Microsoft-Windows-Sysmon' Guid='{5770385F-C22A-43E0-BF4C-06F5698FFBD9}'/><EventID>10</EventID><Version>3</Version><Level>4</Level><Task>10</Task><Opcode>0</Opcode><Keywords>0x8000000000000000</Keywords><TimeCreated SystemTime='2021-11-15T20:08:51.726901800Z'/><EventRecordID>60588203</EventRecordID><Correlation/><Execution ProcessID='2856' ThreadID='2088'/><Channel>Microsoft-Windows-Sysmon/Operational</Channel><Computer>win-dc-469.attackrange.local</Computer><Security UserID='S-1-5-18'/></System><EventData><Data Name='RuleName'>-</Data><Data Name='UtcTime'>2021-11-15 20:08:51.712</Data><Data Name='SourceProcessGUID'>{8B6011A9-888A-6164-7000-00000000F101}</Data><Data Name='SourceProcessId'>3448</Data><Data Name='SourceThreadId'>3876</Data><Data Name='SourceImage'>C:\Windows\system32\csrss.exe</Data><Data Name='TargetProcessGUID'>{8B6011A9-BE53-6192-F778-05000000F101}</Data><Data Name='TargetProcessId'>8316</Data><Data Name='TargetImage'>C:\Users\Administrator\Downloads\dcrypt.exe</Data><Data Name='GrantedAccess'>0x1fffff</Data><Data Name='CallTrace'>C:\Windows\SYSTEM32\ntdll.dll+a6134|C:\Windows\system32\basesrv.DLL+2f47|C:\Windows\SYSTEM32\CSRSRV.dll+5645|C:\Windows\SYSTEM32\ntdll.dll+5178f</Data></EventData></Event>
<Event xmlns='http://schemas.microsoft.com/win/2004/08/events/event'><System><Provider Name='Microsoft-Windows-Sysmon' Guid='{5770385F-C22A-43E0-BF4C-06F5698FFBD9}'/><EventID>10</EventID><Version>3</Version><Level>4</Level><Task>10</Task><Opcode>0</Opcode><Keywords>0x8000000000000000</Keywords><TimeCreated SystemTime='2021-11-15T20:08:51.726610600Z'/><EventRecordID>60588202</EventRecordID><Correlation/><Execution ProcessID='2856' ThreadID='2088'/><Channel>Microsoft-Windows-Sysmon/Operational</Channel><Computer>win-dc-469.attackrange.local</Computer><Security UserID='S-1-5-18'/></System><EventData><Data Name='RuleName'>-</Data><Data Name='UtcTime'>2021-11-15 20:08:51.712</Data><Data Name='SourceProcessGUID'>{8B6011A9-5C50-6192-B66C-05000000F101}</Data><Data Name='SourceProcessId'>4916</Data><Data Name='SourceThreadId'>1972</Data><Data Name='SourceImage'>C:\Windows\explorer.exe</Data><Data Name='TargetProcessGUID'>{8B6011A9-BE53-6192-F778-05000000F101}</Data><Data Name='TargetProcessId'>8316</Data><Data Name='TargetImage'>C:\Users\Administrator\Downloads\dcrypt.exe</Data><Data Name='GrantedAccess'>0x1fffff</Data><Data Name='CallTrace'>C:\Windows\SYSTEM32\ntdll.dll+a7404|C:\Windows\System32\KERNELBASE.dll+2b860|C:\Windows\System32\KERNELBASE.dll+6b246|C:\Windows\System32\KERNEL32.DLL+1c213|C:\Windows\System32\windows.storage.dll+89d2f|C:\Windows\System32\windows.storage.dll+899a5|C:\Windows\System32\windows.storage.dll+89496|C:\Windows\System32\windows.storage.dll+8a908|C:\Windows\System32\windows.storage.dll+892be|C:\Windows\System32\windows.storage.dll+8c0d5|C:\Windows\System32\windows.storage.dll+8c454|C:\Windows\System32\windows.storage.dll+8ba90|C:\Windows\System32\windows.storage.dll+8e30a|C:\Windows\System32\windows.storage.dll+8e0c2|C:\Windows\System32\SHELL32.dll+3f8fd|C:\Windows\System32\SHELL32.dll+3e496|C:\Windows\System32\SHELL32.dll+80201|C:\Windows\System32\SHELL32.dll+6719e|C:\Windows\System32\SHELL32.dll+18cfac|C:\Windows\System32\SHELL32.dll+18cd03|C:\Windows\System32\SHCORE.dll+33fad|C:\Windows\System32\KERNEL32.DLL+84d4|C:\Windows\SYSTEM32\ntdll.dll+51781</Data></EventData></Event>
<Event xmlns='http://schemas.microsoft.com/win/2004/08/events/event'><System><Provider Name='Microsoft-Windows-Sysmon' Guid='{5770385F-C22A-43E0-BF4C-06F5698FFBD9}'/><EventID>1</EventID><Version>5</Version><Level>4</Level><Task>1</Task><Opcode>0</Opcode><Keywords>0x8000000000000000</Keywords><TimeCreated SystemTime='2021-11-15T20:08:51.726444300Z'/><EventRecordID>60588201</EventRecordID><Correlation/><Execution ProcessID='2856' ThreadID='2088'/><Channel>Microsoft-Windows-Sysmon/Operational</Channel><Computer>win-dc-469.attackrange.local</Computer><Security UserID='S-1-5-18'/></System><EventData><Data Name='RuleName'>-</Data><Data Name='UtcTime'>2021-11-15 20:08:51.711</Data><Data Name='ProcessGuid'>{8B6011A9-BE53-6192-F778-05000000F101}</Data><Data Name='ProcessId'>8316</Data><Data Name='Image'>C:\Users\Administrator\Downloads\dcrypt.exe</Data><Data Name='FileVersion'>                    </Data><Data Name='Description'>DiskCryptor Setup                                           </Data><Data Name='Product'>DiskCryptor                                                 </Data><Data Name='Company'>http://diskcryptor.org/                                     </Data><Data Name='OriginalFileName'>-</Data><Data Name='CommandLine'>"C:\Users\Administrator\Downloads\dcrypt.exe" </Data><Data Name='CurrentDirectory'>C:\Users\Administrator\Downloads\</Data><Data Name='User'>ATTACKRANGE\Administrator</Data><Data Name='LogonGuid'>{8B6011A9-8897-6164-CBF3-050000000000}</Data><Data Name='LogonId'>0x5f3cb</Data><Data Name='TerminalSessionId'>2</Data><Data Name='IntegrityLevel'>High</Data><Data Name='Hashes'>MD5=3375FE67827671E121D049F9AABEFC3E,SHA256=02AC3A4F1CFB2723C20F3C7678B62C340C7974B95F8D9320941641D5C6FD2FEE</Data><Data Name='ParentProcessGuid'>{8B6011A9-5C50-6192-B66C-05000000F101}</Data><Data Name='ParentProcessId'>4916</Data><Data Name='ParentImage'>C:\Windows\explorer.exe</Data><Data Name='ParentCommandLine'>C:\Windows\explorer.exe /NOUACCHECK</Data></EventData></Event>
<Event xmlns='http://schemas.microsoft.com/win/2004/08/events/event'><System><Provider Name='Microsoft-Windows-Sysmon' Guid='{5770385F-C22A-43E0-BF4C-06F5698FFBD9}'/><EventID>5</EventID><Version>3</Version><Level>4</Level><Task>5</Task><Opcode>0</Opcode><Keywords>0x8000000000000000</Keywords><TimeCreated SystemTime='2021-11-15T20:09:59.130910400Z'/><EventRecordID>60590263</EventRecordID><Correlation/><Execution ProcessID='2856' ThreadID='2088'/><Channel>Microsoft-Windows-Sysmon/Operational</Channel><Computer>win-dc-469.attackrange.local</Computer><Security UserID='S-1-5-18'/></System><EventData><Data Name='RuleName'>-</Data><Data Name='UtcTime'>2021-11-15 20:09:59.126</Data><Data Name='ProcessGuid'>{8B6011A9-BE97-6192-0079-05000000F101}</Data><Data Name='ProcessId'>8232</Data><Data Name='Image'>C:\Program Files\dcrypt\dcinst.exe</Data></EventData></Event>
<Event xmlns='http://schemas.microsoft.com/win/2004/08/events/event'><System><Provider Name='Microsoft-Windows-Sysmon' Guid='{5770385F-C22A-43E0-BF4C-06F5698FFBD9}'/><EventID>7</EventID><Version>3</Version><Level>4</Level><Task>7</Task><Opcode>0</Opcode><Keywords>0x8000000000000000</Keywords><TimeCreated SystemTime='2021-11-15T20:09:59.129007800Z'/><EventRecordID>60590262</EventRecordID><Correlation/><Execution ProcessID='2856' ThreadID='2088'/><Channel>Microsoft-Windows-Sysmon/Operational</Channel><Computer>win-dc-469.attackrange.local</Computer><Security UserID='S-1-5-18'/></System><EventData><Data Name='RuleName'>-</Data><Data Name='UtcTime'>2021-11-15 20:09:59.126</Data><Data Name='ProcessGuid'>{8B6011A9-BE97-6192-0079-05000000F101}</Data><Data Name='ProcessId'>8232</Data><Data Name='Image'>C:\Program Files\dcrypt\dcinst.exe</Data><Data Name='ImageLoaded'>C:\Windows\System32\kernel.appcore.dll</Data><Data Name='FileVersion'>10.0.14393.2312 (rs1_release.180607-1919)</Data><Data Name='Description'>AppModel API Host</Data><Data Name='Product'>Microsoft® Windows® Operating System</Data><Data Name='Company'>Microsoft Corporation</Data><Data Name='OriginalFileName'>kernel.appcore.dll</Data><Data Name='Hashes'>MD5=0AF5EF8A7FEFD4B37036B71514FC20CF,SHA256=D4F178583F6F33794D42B4DB11008494E9CD9F069C2AD2CA304DA63F9B5F659C</Data><Data Name='Signed'>true</Data><Data Name='Signature'>Microsoft Windows</Data><Data Name='SignatureStatus'>Valid</Data></EventData></Event>
<Event xmlns='http://schemas.microsoft.com/win/2004/08/events/event'><System><Provider Name='Microsoft-Windows-Sysmon' Guid='{5770385F-C22A-43E0-BF4C-06F5698FFBD9}'/><EventID>13</EventID><Version>2</Version><Level>4</Level><Task>13</Task><Opcode>0</Opcode><Keywords>0x8000000000000000</Keywords><TimeCreated SystemTime='2021-11-15T20:09:59.127490600Z'/><EventRecordID>60590261</EventRecordID><Correlation/><Execution ProcessID='2856' ThreadID='2088'/><Channel>Microsoft-Windows-Sysmon/Operational</Channel><Computer>win-dc-469.attackrange.local</Computer><Security UserID='S-1-5-18'/></System><EventData><Data Name='RuleName'>-</Data><Data Name='EventType'>SetValue</Data><Data Name='UtcTime'>2021-11-15 20:09:59.126</Data><Data Name='ProcessGuid'>{8B6011A9-BE97-6192-0079-05000000F101}</Data><Data Name='ProcessId'>8232</Data><Data Name='Image'>C:\Program Files\dcrypt\dcinst.exe</Data><Data Name='TargetObject'>HKLM\System\CurrentControlSet\Services\dcrypt\config\sysBuild</Data><Data Name='Details'>DWORD (0x00000350)</Data></EventData></Event>
<Event xmlns='http://schemas.microsoft.com/win/2004/08/events/event'><System><Provider Name='Microsoft-Windows-Sysmon' Guid='{5770385F-C22A-43E0-BF4C-06F5698FFBD9}'/><EventID>13</EventID><Version>2</Version><Level>4</Level><Task>13</Task><Opcode>0</Opcode><Keywords>0x8000000000000000</Keywords><TimeCreated SystemTime='2021-11-15T20:09:59.127375500Z'/><EventRecordID>60590260</EventRecordID><Correlation/><Execution ProcessID='2856' ThreadID='2088'/><Channel>Microsoft-Windows-Sysmon/Operational</Channel><Computer>win-dc-469.attackrange.local</Computer><Security UserID='S-1-5-18'/></System><EventData><Data Name='RuleName'>-</Data><Data Name='EventType'>SetValue</Data><Data Name='UtcTime'>2021-11-15 20:09:59.126</Data><Data Name='ProcessGuid'>{8B6011A9-BE97-6192-0079-05000000F101}</Data><Data Name='ProcessId'>8232</Data><Data Name='Image'>C:\Program Files\dcrypt\dcinst.exe</Data><Data Name='TargetObject'>HKLM\System\CurrentControlSet\Services\dcrypt\config\Hotkeys</Data><Data Name='Details'>Binary Data</Data></EventData></Event>
<Event xmlns='http://schemas.microsoft.com/win/2004/08/events/event'><System><Provider Name='Microsoft-Windows-Sysmon' Guid='{5770385F-C22A-43E0-BF4C-06F5698FFBD9}'/><EventID>13</EventID><Version>2</Version><Level>4</Level><Task>13</Task><Opcode>0</Opcode><Keywords>0x8000000000000000</Keywords><TimeCreated SystemTime='2021-11-15T20:09:59.127252700Z'/><EventRecordID>60590259</EventRecordID><Correlation/><Execution ProcessID='2856' ThreadID='2088'/><Channel>Microsoft-Windows-Sysmon/Operational</Channel><Computer>win-dc-469.attackrange.local</Computer><Security UserID='S-1-5-18'/></System><EventData><Data Name='RuleName'>-</Data><Data Name='EventType'>SetValue</Data><Data Name='UtcTime'>2021-11-15 20:09:59.126</Data><Data Name='ProcessGuid'>{8B6011A9-BE97-6192-0079-05000000F101}</Data><Data Name='ProcessId'>8232</Data><Data Name='Image'>C:\Program Files\dcrypt\dcinst.exe</Data><Data Name='TargetObject'>HKLM\System\CurrentControlSet\Services\dcrypt\config\Flags</Data><Data Name='Details'>DWORD (0x00000580)</Data></EventData></Event>
<Event xmlns='http://schemas.microsoft.com/win/2004/08/events/event'><System><Provider Name='Microsoft-Windows-Sysmon' Guid='{5770385F-C22A-43E0-BF4C-06F5698FFBD9}'/><EventID>12</EventID><Version>2</Version><Level>4</Level><Task>12</Task><Opcode>0</Opcode><Keywords>0x8000000000000000</Keywords><TimeCreated SystemTime='2021-11-15T20:09:59.127059700Z'/><EventRecordID>60590258</EventRecordID><Correlation/><Execution ProcessID='2856' ThreadID='2088'/><Channel>Microsoft-Windows-Sysmon/Operational</Channel><Computer>win-dc-469.attackrange.local</Computer><Security UserID='S-1-5-18'/></System><EventData><Data Name='RuleName'>-</Data><Data Name='EventType'>CreateKey</Data><Data Name='UtcTime'>2021-11-15 20:09:59.126</Data><Data Name='ProcessGuid'>{8B6011A9-BE97-6192-0079-05000000F101}</Data><Data Name='ProcessId'>8232</Data><Data Name='Image'>C:\Program Files\dcrypt\dcinst.exe</Data><Data Name='TargetObject'>HKLM\System\CurrentControlSet\Services\dcrypt\config</Data></EventData></Event>
<Event xmlns='http://schemas.microsoft.com/win/2004/08/events/event'><System><Provider Name='Microsoft-Windows-Sysmon' Guid='{5770385F-C22A-43E0-BF4C-06F5698FFBD9}'/><EventID>13</EventID><Version>2</Version><Level>4</Level><Task>13</Task><Opcode>0</Opcode><Keywords>0x8000000000000000</Keywords><TimeCreated SystemTime='2021-11-15T20:09:59.125736700Z'/><EventRecordID>60590257</EventRecordID><Correlation/><Execution ProcessID='2856' ThreadID='2088'/><Channel>Microsoft-Windows-Sysmon/Operational</Channel><Computer>win-dc-469.attackrange.local</Computer><Security UserID='S-1-5-18'/></System><EventData><Data Name='RuleName'>-</Data><Data Name='EventType'>SetValue</Data><Data Name='UtcTime'>2021-11-15 20:09:59.110</Data><Data Name='ProcessGuid'>{8B6011A9-BE97-6192-0079-05000000F101}</Data><Data Name='ProcessId'>8232</Data><Data Name='Image'>C:\Program Files\dcrypt\dcinst.exe</Data><Data Name='TargetObject'>HKLM\System\CurrentControlSet\Control\CrashControl\DumpFilters</Data><Data Name='Details'>Binary Data</Data></EventData></Event>
<Event xmlns='http://schemas.microsoft.com/win/2004/08/events/event'><System><Provider Name='Microsoft-Windows-Sysmon' Guid='{5770385F-C22A-43E0-BF4C-06F5698FFBD9}'/><EventID>13</EventID><Version>2</Version><Level>4</Level><Task>13</Task><Opcode>0</Opcode><Keywords>0x8000000000000000</Keywords><TimeCreated SystemTime='2021-11-15T20:09:59.124096700Z'/><EventRecordID>60590256</EventRecordID><Correlation/><Execution ProcessID='2856' ThreadID='2088'/><Channel>Microsoft-Windows-Sysmon/Operational</Channel><Computer>win-dc-469.attackrange.local</Computer><Security UserID='S-1-5-18'/></System><EventData><Data Name='RuleName'>-</Data><Data Name='EventType'>SetValue</Data><Data Name='UtcTime'>2021-11-15 20:09:59.110</Data><Data Name='ProcessGuid'>{8B6011A9-BE97-6192-0079-05000000F101}</Data><Data Name='ProcessId'>8232</Data><Data Name='Image'>C:\Program Files\dcrypt\dcinst.exe</Data><Data Name='TargetObject'>HKLM\System\CurrentControlSet\Control\Class\{4d36e965-e325-11ce-bfc1-08002be10318}\UpperFilters</Data><Data Name='Details'>Binary Data</Data></EventData></Event>
<Event xmlns='http://schemas.microsoft.com/win/2004/08/events/event'><System><Provider Name='Microsoft-Windows-Sysmon' Guid='{5770385F-C22A-43E0-BF4C-06F5698FFBD9}'/><EventID>13</EventID><Version>2</Version><Level>4</Level><Task>13</Task><Opcode>0</Opcode><Keywords>0x8000000000000000</Keywords><TimeCreated SystemTime='2021-11-15T20:09:59.122834700Z'/><EventRecordID>60590255</EventRecordID><Correlation/><Execution ProcessID='2856' ThreadID='2088'/><Channel>Microsoft-Windows-Sysmon/Operational</Channel><Computer>win-dc-469.attackrange.local</Computer><Security UserID='S-1-5-18'/></System><EventData><Data Name='RuleName'>-</Data><Data Name='EventType'>SetValue</Data><Data Name='UtcTime'>2021-11-15 20:09:59.110</Data><Data Name='ProcessGuid'>{8B6011A9-BE97-6192-0079-05000000F101}</Data><Data Name='ProcessId'>8232</Data><Data Name='Image'>C:\Program Files\dcrypt\dcinst.exe</Data><Data Name='TargetObject'>HKLM\System\CurrentControlSet\Control\Class\{71a27cdd-812a-11d0-bec7-08002be2092f}\LowerFilters</Data><Data Name='Details'>Binary Data</Data></EventData></Event>
<Event xmlns='http://schemas.microsoft.com/win/2004/08/events/event'><System><Provider Name='Microsoft-Windows-Sysmon' Guid='{5770385F-C22A-43E0-BF4C-06F5698FFBD9}'/><EventID>13</EventID><Version>2</Version><Level>4</Level><Task>13</Task><Opcode>0</Opcode><Keywords>0x8000000000000000</Keywords><TimeCreated SystemTime='2021-11-15T20:09:59.118334500Z'/><EventRecordID>60590254</EventRecordID><Correlation/><Execution ProcessID='2856' ThreadID='2088'/><Channel>Microsoft-Windows-Sysmon/Operational</Channel><Computer>win-dc-469.attackrange.local</Computer><Security UserID='S-1-5-18'/></System><EventData><Data Name='RuleName'>-</Data><Data Name='EventType'>SetValue</Data><Data Name='UtcTime'>2021-11-15 20:09:59.110</Data><Data Name='ProcessGuid'>{8B6011A9-BE97-6192-0079-05000000F101}</Data><Data Name='ProcessId'>8232</Data><Data Name='Image'>C:\Program Files\dcrypt\dcinst.exe</Data><Data Name='TargetObject'>HKLM\System\CurrentControlSet\Services\dcrypt\Instances\dcrypt\Flags</Data><Data Name='Details'>DWORD (0x00000000)</Data></EventData></Event>
<Event xmlns='http://schemas.microsoft.com/win/2004/08/events/event'><System><Provider Name='Microsoft-Windows-Sysmon' Guid='{5770385F-C22A-43E0-BF4C-06F5698FFBD9}'/><EventID>13</EventID><Version>2</Version><Level>4</Level><Task>13</Task><Opcode>0</Opcode><Keywords>0x8000000000000000</Keywords><TimeCreated SystemTime='2021-11-15T20:09:59.118223900Z'/><EventRecordID>60590253</EventRecordID><Correlation/><Execution ProcessID='2856' ThreadID='2088'/><Channel>Microsoft-Windows-Sysmon/Operational</Channel><Computer>win-dc-469.attackrange.local</Computer><Security UserID='S-1-5-18'/></System><EventData><Data Name='RuleName'>-</Data><Data Name='EventType'>SetValue</Data><Data Name='UtcTime'>2021-11-15 20:09:59.110</Data><Data Name='ProcessGuid'>{8B6011A9-BE97-6192-0079-05000000F101}</Data><Data Name='ProcessId'>8232</Data><Data Name='Image'>C:\Program Files\dcrypt\dcinst.exe</Data><Data Name='TargetObject'>HKLM\System\CurrentControlSet\Services\dcrypt\Instances\dcrypt\Altitude</Data><Data Name='Details'>87150</Data></EventData></Event>
<Event xmlns='http://schemas.microsoft.com/win/2004/08/events/event'><System><Provider Name='Microsoft-Windows-Sysmon' Guid='{5770385F-C22A-43E0-BF4C-06F5698FFBD9}'/><EventID>12</EventID><Version>2</Version><Level>4</Level><Task>12</Task><Opcode>0</Opcode><Keywords>0x8000000000000000</Keywords><TimeCreated SystemTime='2021-11-15T20:09:59.118111600Z'/><EventRecordID>60590252</EventRecordID><Correlation/><Execution ProcessID='2856' ThreadID='2088'/><Channel>Microsoft-Windows-Sysmon/Operational</Channel><Computer>win-dc-469.attackrange.local</Computer><Security UserID='S-1-5-18'/></System><EventData><Data Name='RuleName'>-</Data><Data Name='EventType'>CreateKey</Data><Data Name='UtcTime'>2021-11-15 20:09:59.110</Data><Data Name='ProcessGuid'>{8B6011A9-BE97-6192-0079-05000000F101}</Data><Data Name='ProcessId'>8232</Data><Data Name='Image'>C:\Program Files\dcrypt\dcinst.exe</Data><Data Name='TargetObject'>HKLM\System\CurrentControlSet\Services\dcrypt\Instances\dcrypt</Data></EventData></Event>
<Event xmlns='http://schemas.microsoft.com/win/2004/08/events/event'><System><Provider Name='Microsoft-Windows-Sysmon' Guid='{5770385F-C22A-43E0-BF4C-06F5698FFBD9}'/><EventID>13</EventID><Version>2</Version><Level>4</Level><Task>13</Task><Opcode>0</Opcode><Keywords>0x8000000000000000</Keywords><TimeCreated SystemTime='2021-11-15T20:09:59.117932200Z'/><EventRecordID>60590251</EventRecordID><Correlation/><Execution ProcessID='2856' ThreadID='2088'/><Channel>Microsoft-Windows-Sysmon/Operational</Channel><Computer>win-dc-469.attackrange.local</Computer><Security UserID='S-1-5-18'/></System><EventData><Data Name='RuleName'>-</Data><Data Name='EventType'>SetValue</Data><Data Name='UtcTime'>2021-11-15 20:09:59.110</Data><Data Name='ProcessGuid'>{8B6011A9-BE97-6192-0079-05000000F101}</Data><Data Name='ProcessId'>8232</Data><Data Name='Image'>C:\Program Files\dcrypt\dcinst.exe</Data><Data Name='TargetObject'>HKLM\System\CurrentControlSet\Services\dcrypt\Instances\DefaultInstance</Data><Data Name='Details'>dcrypt</Data></EventData></Event>
<Event xmlns='http://schemas.microsoft.com/win/2004/08/events/event'><System><Provider Name='Microsoft-Windows-Sysmon' Guid='{5770385F-C22A-43E0-BF4C-06F5698FFBD9}'/><EventID>12</EventID><Version>2</Version><Level>4</Level><Task>12</Task><Opcode>0</Opcode><Keywords>0x8000000000000000</Keywords><TimeCreated SystemTime='2021-11-15T20:09:59.117811800Z'/><EventRecordID>60590250</EventRecordID><Correlation/><Execution ProcessID='2856' ThreadID='2088'/><Channel>Microsoft-Windows-Sysmon/Operational</Channel><Computer>win-dc-469.attackrange.local</Computer><Security UserID='S-1-5-18'/></System><EventData><Data Name='RuleName'>-</Data><Data Name='EventType'>CreateKey</Data><Data Name='UtcTime'>2021-11-15 20:09:59.110</Data><Data Name='ProcessGuid'>{8B6011A9-BE97-6192-0079-05000000F101}</Data><Data Name='ProcessId'>8232</Data><Data Name='Image'>C:\Program Files\dcrypt\dcinst.exe</Data><Data Name='TargetObject'>HKLM\System\CurrentControlSet\Services\dcrypt\Instances</Data></EventData></Event>
<Event xmlns='http://schemas.microsoft.com/win/2004/08/events/event'><System><Provider Name='Microsoft-Windows-Sysmon' Guid='{5770385F-C22A-43E0-BF4C-06F5698FFBD9}'/><EventID>13</EventID><Version>2</Version><Level>4</Level><Task>13</Task><Opcode>0</Opcode><Keywords>0x8000000000000000</Keywords><TimeCreated SystemTime='2021-11-15T20:09:59.117361200Z'/><EventRecordID>60590246</EventRecordID><Correlation/><Execution ProcessID='2856' ThreadID='2088'/><Channel>Microsoft-Windows-Sysmon/Operational</Channel><Computer>win-dc-469.attackrange.local</Computer><Security UserID='S-1-5-18'/></System><EventData><Data Name='RuleName'>-</Data><Data Name='EventType'>SetValue</Data><Data Name='UtcTime'>2021-11-15 20:09:59.110</Data><Data Name='ProcessGuid'>{8B6011A9-886B-6164-0A00-00000000F101}</Data><Data Name='ProcessId'>640</Data><Data Name='Image'>C:\Windows\system32\services.exe</Data><Data Name='TargetObject'>HKLM\System\CurrentControlSet\Services\dcrypt\ImagePath</Data><Data Name='Details'>system32\drivers\dcrypt.sys</Data></EventData></Event>
