<Event xmlns='http://schemas.microsoft.com/win/2004/08/events/event'><System><Provider Name='Microsoft-Windows-Sysmon' Guid='{5770385F-C22A-43E0-BF4C-06F5698FFBD9}'/><EventID>7</EventID><Version>3</Version><Level>4</Level><Task>7</Task><Opcode>0</Opcode><Keywords>0x8000000000000000</Keywords><TimeCreated SystemTime='2021-11-15T20:12:21.874101200Z'/><EventRecordID>60642764</EventRecordID><Correlation/><Execution ProcessID='2900' ThreadID='3076'/><Channel>Microsoft-Windows-Sysmon/Operational</Channel><Computer>win-dc-469.attackrange.local</Computer><Security UserID='S-1-5-18'/></System><EventData><Data Name='RuleName'>-</Data><Data Name='UtcTime'>2021-11-15 20:12:21.834</Data><Data Name='ProcessGuid'>{8B6011A9-BF25-6192-9C00-00000000F201}</Data><Data Name='ProcessId'>5756</Data><Data Name='Image'>C:\Program Files\dcrypt\dcrypt.exe</Data><Data Name='ImageLoaded'>C:\Windows\System32\usp10.dll</Data><Data Name='FileVersion'>10.0.14393.3321 (rs1_release.191016-1811)</Data><Data Name='Description'>Uniscribe Unicode script processor</Data><Data Name='Product'>Microsoft® Windows® Operating System</Data><Data Name='Company'>Microsoft Corporation</Data><Data Name='OriginalFileName'>USP10.DLL</Data><Data Name='Hashes'>MD5=ACF31D492FD578C0374EB20CC393BE98,SHA256=D49ECA60A94B30DB87CDCEB36F284D273E080E8689E4B0F99D5BD44FFD117A92</Data><Data Name='Signed'>true</Data><Data Name='Signature'>Microsoft Windows</Data><Data Name='SignatureStatus'>Valid</Data></EventData></Event>
<Event xmlns='http://schemas.microsoft.com/win/2004/08/events/event'><System><Provider Name='Microsoft-Windows-Sysmon' Guid='{5770385F-C22A-43E0-BF4C-06F5698FFBD9}'/><EventID>7</EventID><Version>3</Version><Level>4</Level><Task>7</Task><Opcode>0</Opcode><Keywords>0x8000000000000000</Keywords><TimeCreated SystemTime='2021-11-15T20:12:21.869257100Z'/><EventRecordID>60642740</EventRecordID><Correlation/><Execution ProcessID='2900' ThreadID='2896'/><Channel>Microsoft-Windows-Sysmon/Operational</Channel><Computer>win-dc-469.attackrange.local</Computer><Security UserID='S-1-5-18'/></System><EventData><Data Name='RuleName'>-</Data><Data Name='UtcTime'>2021-11-15 20:12:21.865</Data><Data Name='ProcessGuid'>{8B6011A9-BF25-6192-9C00-00000000F201}</Data><Data Name='ProcessId'>5756</Data><Data Name='Image'>C:\Program Files\dcrypt\dcrypt.exe</Data><Data Name='ImageLoaded'>C:\Windows\System32\dwmapi.dll</Data><Data Name='FileVersion'>10.0.14393.4169 (rs1_release.210107-1130)</Data><Data Name='Description'>Microsoft Desktop Window Manager API</Data><Data Name='Product'>Microsoft® Windows® Operating System</Data><Data Name='Company'>Microsoft Corporation</Data><Data Name='OriginalFileName'>dwmapi.dll</Data><Data Name='Hashes'>MD5=74621C6ABE4E9A568DF0A38E7282D71E,SHA256=0788A092D47800D0EB120A7DBB9E59234D0722A4A2E80ECE6CE70E3A84A3750A</Data><Data Name='Signed'>true</Data><Data Name='Signature'>Microsoft Windows</Data><Data Name='SignatureStatus'>Valid</Data></EventData></Event>
<Event xmlns='http://schemas.microsoft.com/win/2004/08/events/event'><System><Provider Name='Microsoft-Windows-Sysmon' Guid='{5770385F-C22A-43E0-BF4C-06F5698FFBD9}'/><EventID>7</EventID><Version>3</Version><Level>4</Level><Task>7</Task><Opcode>0</Opcode><Keywords>0x8000000000000000</Keywords><TimeCreated SystemTime='2021-11-15T20:12:21.863760800Z'/><EventRecordID>60642736</EventRecordID><Correlation/><Execution ProcessID='2900' ThreadID='3076'/><Channel>Microsoft-Windows-Sysmon/Operational</Channel><Computer>win-dc-469.attackrange.local</Computer><Security UserID='S-1-5-18'/></System><EventData><Data Name='RuleName'>-</Data><Data Name='UtcTime'>2021-11-15 20:12:21.818</Data><Data Name='ProcessGuid'>{8B6011A9-BF25-6192-9C00-00000000F201}</Data><Data Name='ProcessId'>5756</Data><Data Name='Image'>C:\Program Files\dcrypt\dcrypt.exe</Data><Data Name='ImageLoaded'>C:\Windows\System32\riched20.dll</Data><Data Name='FileVersion'>5.31.23.1231</Data><Data Name='Description'>Rich Text Edit Control, v3.1</Data><Data Name='Product'>Microsoft RichEdit Control, version 3.1</Data><Data Name='Company'>Microsoft Corporation</Data><Data Name='OriginalFileName'>riched20.dll</Data><Data Name='Hashes'>MD5=0E825440832D043069B3C8E5735663F6,SHA256=6CA39AF0D27E33E9CB3422AE04EBEF8D59F7E7E9963D6566FEBBFEA900FF082E</Data><Data Name='Signed'>true</Data><Data Name='Signature'>Microsoft Windows</Data><Data Name='SignatureStatus'>Valid</Data></EventData></Event>
<Event xmlns='http://schemas.microsoft.com/win/2004/08/events/event'><System><Provider Name='Microsoft-Windows-Sysmon' Guid='{5770385F-C22A-43E0-BF4C-06F5698FFBD9}'/><EventID>7</EventID><Version>3</Version><Level>4</Level><Task>7</Task><Opcode>0</Opcode><Keywords>0x8000000000000000</Keywords><TimeCreated SystemTime='2021-11-15T20:12:21.862880700Z'/><EventRecordID>60642722</EventRecordID><Correlation/><Execution ProcessID='2900' ThreadID='2896'/><Channel>Microsoft-Windows-Sysmon/Operational</Channel><Computer>win-dc-469.attackrange.local</Computer><Security UserID='S-1-5-18'/></System><EventData><Data Name='RuleName'>-</Data><Data Name='UtcTime'>2021-11-15 20:12:21.850</Data><Data Name='ProcessGuid'>{8B6011A9-BF25-6192-9C00-00000000F201}</Data><Data Name='ProcessId'>5756</Data><Data Name='Image'>C:\Program Files\dcrypt\dcrypt.exe</Data><Data Name='ImageLoaded'>C:\Windows\System32\msvcp_win.dll</Data><Data Name='FileVersion'>10.0.14393.2999 (rs1_release_inmarket.190520-1518)</Data><Data Name='Description'>Microsoft® C Runtime Library</Data><Data Name='Product'>Microsoft® Windows® Operating System</Data><Data Name='Company'>Microsoft Corporation</Data><Data Name='OriginalFileName'>msvcp_win.dll</Data><Data Name='Hashes'>MD5=C50C0CEFA633773AB29572E05834F1FE,SHA256=50178F23AA57B31626614C6C65DA2B6518A64FF684FFA18A0F49C4431DFCBEC5</Data><Data Name='Signed'>true</Data><Data Name='Signature'>Microsoft Windows</Data><Data Name='SignatureStatus'>Valid</Data></EventData></Event>
<Event xmlns='http://schemas.microsoft.com/win/2004/08/events/event'><System><Provider Name='Microsoft-Windows-Sysmon' Guid='{5770385F-C22A-43E0-BF4C-06F5698FFBD9}'/><EventID>7</EventID><Version>3</Version><Level>4</Level><Task>7</Task><Opcode>0</Opcode><Keywords>0x8000000000000000</Keywords><TimeCreated SystemTime='2021-11-15T20:12:21.862398100Z'/><EventRecordID>60642716</EventRecordID><Correlation/><Execution ProcessID='2900' ThreadID='2896'/><Channel>Microsoft-Windows-Sysmon/Operational</Channel><Computer>win-dc-469.attackrange.local</Computer><Security UserID='S-1-5-18'/></System><EventData><Data Name='RuleName'>-</Data><Data Name='UtcTime'>2021-11-15 20:12:21.850</Data><Data Name='ProcessGuid'>{8B6011A9-BF25-6192-9C00-00000000F201}</Data><Data Name='ProcessId'>5756</Data><Data Name='Image'>C:\Program Files\dcrypt\dcrypt.exe</Data><Data Name='ImageLoaded'>C:\Windows\System32\oleaut32.dll</Data><Data Name='FileVersion'>10.0.14393.4402 (rs1_release.210426-1725)</Data><Data Name='Description'>OLEAUT32.DLL</Data><Data Name='Product'>Microsoft® Windows® Operating System</Data><Data Name='Company'>Microsoft Corporation</Data><Data Name='OriginalFileName'>OLEAUT32.DLL</Data><Data Name='Hashes'>MD5=57B07BF89C63FA60A810FEDE496126CA,SHA256=080632F80FA2A387E5A55C670FFE07C927D553FDDA26F7F8B4156C0C6B20E75E</Data><Data Name='Signed'>true</Data><Data Name='Signature'>Microsoft Windows</Data><Data Name='SignatureStatus'>Valid</Data></EventData></Event>
<Event xmlns='http://schemas.microsoft.com/win/2004/08/events/event'><System><Provider Name='Microsoft-Windows-Sysmon' Guid='{5770385F-C22A-43E0-BF4C-06F5698FFBD9}'/><EventID>7</EventID><Version>3</Version><Level>4</Level><Task>7</Task><Opcode>0</Opcode><Keywords>0x8000000000000000</Keywords><TimeCreated SystemTime='2021-11-15T20:12:21.861092900Z'/><EventRecordID>60642710</EventRecordID><Correlation/><Execution ProcessID='2900' ThreadID='2896'/><Channel>Microsoft-Windows-Sysmon/Operational</Channel><Computer>win-dc-469.attackrange.local</Computer><Security UserID='S-1-5-18'/></System><EventData><Data Name='RuleName'>-</Data><Data Name='UtcTime'>2021-11-15 20:12:21.850</Data><Data Name='ProcessGuid'>{8B6011A9-BF25-6192-9C00-00000000F201}</Data><Data Name='ProcessId'>5756</Data><Data Name='Image'>C:\Program Files\dcrypt\dcrypt.exe</Data><Data Name='ImageLoaded'>C:\Windows\System32\msctf.dll</Data><Data Name='FileVersion'>10.0.14393.4530 (rs1_release.210705-0736)</Data><Data Name='Description'>MSCTF Server DLL</Data><Data Name='Product'>Microsoft® Windows® Operating System</Data><Data Name='Company'>Microsoft Corporation</Data><Data Name='OriginalFileName'>MSCTF.DLL</Data><Data Name='Hashes'>MD5=E2374A214A9F0C8347C29EBDE3447986,SHA256=F2260FE7E0C4E92D49CF0F550E2A1B3D3F1D2D76E6F5C8F16B0E16B6117D9EE1</Data><Data Name='Signed'>true</Data><Data Name='Signature'>Microsoft Windows</Data><Data Name='SignatureStatus'>Valid</Data></EventData></Event>
<Event xmlns='http://schemas.microsoft.com/win/2004/08/events/event'><System><Provider Name='Microsoft-Windows-Sysmon' Guid='{5770385F-C22A-43E0-BF4C-06F5698FFBD9}'/><EventID>10</EventID><Version>3</Version><Level>4</Level><Task>10</Task><Opcode>0</Opcode><Keywords>0x8000000000000000</Keywords><TimeCreated SystemTime='2021-11-15T20:12:21.855947400Z'/><EventRecordID>60642708</EventRecordID><Correlation/><Execution ProcessID='2900' ThreadID='2896'/><Channel>Microsoft-Windows-Sysmon/Operational</Channel><Computer>win-dc-469.attackrange.local</Computer><Security UserID='S-1-5-18'/></System><EventData><Data Name='RuleName'>-</Data><Data Name='UtcTime'>2021-11-15 20:12:21.850</Data><Data Name='SourceProcessGUID'>{8B6011A9-BEE0-6192-1600-00000000F201}</Data><Data Name='SourceProcessId'>1340</Data><Data Name='SourceThreadId'>2052</Data><Data Name='SourceImage'>C:\Windows\system32\svchost.exe</Data><Data Name='TargetProcessGUID'>{8B6011A9-BF25-6192-9C00-00000000F201}</Data><Data Name='TargetProcessId'>5756</Data><Data Name='TargetImage'>C:\Program Files\dcrypt\dcrypt.exe</Data><Data Name='GrantedAccess'>0x1400</Data><Data Name='CallTrace'>C:\Windows\SYSTEM32\ntdll.dll+a6134|c:\windows\system32\themeservice.dll+235b|c:\windows\system32\themeservice.dll+1ed0|c:\windows\system32\themeservice.dll+2006|C:\Windows\SYSTEM32\ntdll.dll+39cf9|C:\Windows\SYSTEM32\ntdll.dll+1e88a|C:\Windows\System32\KERNEL32.DLL+84d4|C:\Windows\SYSTEM32\ntdll.dll+51781</Data></EventData></Event>
<Event xmlns='http://schemas.microsoft.com/win/2004/08/events/event'><System><Provider Name='Microsoft-Windows-Sysmon' Guid='{5770385F-C22A-43E0-BF4C-06F5698FFBD9}'/><EventID>10</EventID><Version>3</Version><Level>4</Level><Task>10</Task><Opcode>0</Opcode><Keywords>0x8000000000000000</Keywords><TimeCreated SystemTime='2021-11-15T20:12:21.855675300Z'/><EventRecordID>60642707</EventRecordID><Correlation/><Execution ProcessID='2900' ThreadID='2896'/><Channel>Microsoft-Windows-Sysmon/Operational</Channel><Computer>win-dc-469.attackrange.local</Computer><Security UserID='S-1-5-18'/></System><EventData><Data Name='RuleName'>-</Data><Data Name='UtcTime'>2021-11-15 20:12:21.850</Data><Data Name='SourceProcessGUID'>{8B6011A9-BEE0-6192-1600-00000000F201}</Data><Data Name='SourceProcessId'>1340</Data><Data Name='SourceThreadId'>1408</Data><Data Name='SourceImage'>C:\Windows\system32\svchost.exe</Data><Data Name='TargetProcessGUID'>{8B6011A9-BF25-6192-9C00-00000000F201}</Data><Data Name='TargetProcessId'>5756</Data><Data Name='TargetImage'>C:\Program Files\dcrypt\dcrypt.exe</Data><Data Name='GrantedAccess'>0x1478</Data><Data Name='CallTrace'>C:\Windows\SYSTEM32\ntdll.dll+a6134|c:\windows\system32\themeservice.dll+144a|c:\windows\system32\themeservice.dll+4175|c:\windows\system32\themeservice.dll+3379|c:\windows\system32\themeservice.dll+31a3|C:\Windows\system32\svchost.exe+1380|C:\Windows\System32\sechost.dll+14342|C:\Windows\System32\KERNEL32.DLL+84d4|C:\Windows\SYSTEM32\ntdll.dll+51781</Data></EventData></Event>
<Event xmlns='http://schemas.microsoft.com/win/2004/08/events/event'><System><Provider Name='Microsoft-Windows-Sysmon' Guid='{5770385F-C22A-43E0-BF4C-06F5698FFBD9}'/><EventID>7</EventID><Version>3</Version><Level>4</Level><Task>7</Task><Opcode>0</Opcode><Keywords>0x8000000000000000</Keywords><TimeCreated SystemTime='2021-11-15T20:12:21.854978500Z'/><EventRecordID>60642706</EventRecordID><Correlation/><Execution ProcessID='2900' ThreadID='2896'/><Channel>Microsoft-Windows-Sysmon/Operational</Channel><Computer>win-dc-469.attackrange.local</Computer><Security UserID='S-1-5-18'/></System><EventData><Data Name='RuleName'>-</Data><Data Name='UtcTime'>2021-11-15 20:12:21.850</Data><Data Name='ProcessGuid'>{8B6011A9-BF25-6192-9C00-00000000F201}</Data><Data Name='ProcessId'>5756</Data><Data Name='Image'>C:\Program Files\dcrypt\dcrypt.exe</Data><Data Name='ImageLoaded'>C:\Windows\System32\uxtheme.dll</Data><Data Name='FileVersion'>10.0.14393.4169 (rs1_release.210107-1130)</Data><Data Name='Description'>Microsoft UxTheme Library</Data><Data Name='Product'>Microsoft® Windows® Operating System</Data><Data Name='Company'>Microsoft Corporation</Data><Data Name='OriginalFileName'>UxTheme.dll</Data><Data Name='Hashes'>MD5=43AEE61AFABE70BFC876CC53D6A64E04,SHA256=8A4C893AEB075D3D9EFEC52E49CEF94471EB9F0A91BEB4C07DF38F8A48910C12</Data><Data Name='Signed'>true</Data><Data Name='Signature'>Microsoft Windows</Data><Data Name='SignatureStatus'>Valid</Data></EventData></Event>
<Event xmlns='http://schemas.microsoft.com/win/2004/08/events/event'><System><Provider Name='Microsoft-Windows-Sysmon' Guid='{5770385F-C22A-43E0-BF4C-06F5698FFBD9}'/><EventID>7</EventID><Version>3</Version><Level>4</Level><Task>7</Task><Opcode>0</Opcode><Keywords>0x8000000000000000</Keywords><TimeCreated SystemTime='2021-11-15T20:12:21.852816600Z'/><EventRecordID>60642705</EventRecordID><Correlation/><Execution ProcessID='2900' ThreadID='2896'/><Channel>Microsoft-Windows-Sysmon/Operational</Channel><Computer>win-dc-469.attackrange.local</Computer><Security UserID='S-1-5-18'/></System><EventData><Data Name='RuleName'>-</Data><Data Name='UtcTime'>2021-11-15 20:12:21.850</Data><Data Name='ProcessGuid'>{8B6011A9-BF25-6192-9C00-00000000F201}</Data><Data Name='ProcessId'>5756</Data><Data Name='Image'>C:\Program Files\dcrypt\dcrypt.exe</Data><Data Name='ImageLoaded'>C:\Windows\System32\cryptbase.dll</Data><Data Name='FileVersion'>10.0.14393.0 (rs1_release.160715-1616)</Data><Data Name='Description'>Base cryptographic API DLL</Data><Data Name='Product'>Microsoft® Windows® Operating System</Data><Data Name='Company'>Microsoft Corporation</Data><Data Name='OriginalFileName'>cryptbase.dll</Data><Data Name='Hashes'>MD5=51FCB0FDEFCB9A3E4A1DC8C8673BC63C,SHA256=63A0E1A76B7ABCF56E44B548568649FFB6B5609402746D48A4DC77CCED20F5FE</Data><Data Name='Signed'>true</Data><Data Name='Signature'>Microsoft Windows</Data><Data Name='SignatureStatus'>Valid</Data></EventData></Event>
<Event xmlns='http://schemas.microsoft.com/win/2004/08/events/event'><System><Provider Name='Microsoft-Windows-Sysmon' Guid='{5770385F-C22A-43E0-BF4C-06F5698FFBD9}'/><EventID>7</EventID><Version>3</Version><Level>4</Level><Task>7</Task><Opcode>0</Opcode><Keywords>0x8000000000000000</Keywords><TimeCreated SystemTime='2021-11-15T20:12:21.845923200Z'/><EventRecordID>60642702</EventRecordID><Correlation/><Execution ProcessID='2900' ThreadID='2896'/><Channel>Microsoft-Windows-Sysmon/Operational</Channel><Computer>win-dc-469.attackrange.local</Computer><Security UserID='S-1-5-18'/></System><EventData><Data Name='RuleName'>-</Data><Data Name='UtcTime'>2021-11-15 20:12:21.834</Data><Data Name='ProcessGuid'>{8B6011A9-BF25-6192-9C00-00000000F201}</Data><Data Name='ProcessId'>5756</Data><Data Name='Image'>C:\Program Files\dcrypt\dcrypt.exe</Data><Data Name='ImageLoaded'>C:\Windows\System32\userenv.dll</Data><Data Name='FileVersion'>10.0.14393.4583 (rs1_release.210730-1850)</Data><Data Name='Description'>Userenv</Data><Data Name='Product'>Microsoft® Windows® Operating System</Data><Data Name='Company'>Microsoft Corporation</Data><Data Name='OriginalFileName'>userenv.dll</Data><Data Name='Hashes'>MD5=E0F286AF345442E267C33880492CED31,SHA256=5C6D66F5A748551999BE1CDE33A3A1FC2E10D1297EF275D232A9FDCC95BEA84B</Data><Data Name='Signed'>true</Data><Data Name='Signature'>Microsoft Windows</Data><Data Name='SignatureStatus'>Valid</Data></EventData></Event>
<Event xmlns='http://schemas.microsoft.com/win/2004/08/events/event'><System><Provider Name='Microsoft-Windows-Sysmon' Guid='{5770385F-C22A-43E0-BF4C-06F5698FFBD9}'/><EventID>10</EventID><Version>3</Version><Level>4</Level><Task>10</Task><Opcode>0</Opcode><Keywords>0x8000000000000000</Keywords><TimeCreated SystemTime='2021-11-15T20:12:21.845783400Z'/><EventRecordID>60642701</EventRecordID><Correlation/><Execution ProcessID='2900' ThreadID='2896'/><Channel>Microsoft-Windows-Sysmon/Operational</Channel><Computer>win-dc-469.attackrange.local</Computer><Security UserID='S-1-5-18'/></System><EventData><Data Name='RuleName'>-</Data><Data Name='UtcTime'>2021-11-15 20:12:21.834</Data><Data Name='SourceProcessGUID'>{8B6011A9-BEDE-6192-0B00-00000000F201}</Data><Data Name='SourceProcessId'>704</Data><Data Name='SourceThreadId'>908</Data><Data Name='SourceImage'>C:\Windows\system32\lsass.exe</Data><Data Name='TargetProcessGUID'>{8B6011A9-BF25-6192-9C00-00000000F201}</Data><Data Name='TargetProcessId'>5756</Data><Data Name='TargetImage'>C:\Program Files\dcrypt\dcrypt.exe</Data><Data Name='GrantedAccess'>0x1478</Data><Data Name='CallTrace'>C:\Windows\SYSTEM32\ntdll.dll+a6134|C:\Windows\system32\lsasrv.dll+24be7|C:\Windows\system32\lsasrv.dll+25d2d|C:\Windows\system32\lsasrv.dll+24a65|C:\Windows\SYSTEM32\SspiSrv.dll+11a2|C:\Windows\System32\RPCRT4.dll+7a593|C:\Windows\System32\RPCRT4.dll+d9f41|C:\Windows\System32\RPCRT4.dll+62d4c|C:\Windows\System32\RPCRT4.dll+4a274|C:\Windows\System32\RPCRT4.dll+4918d|C:\Windows\System32\RPCRT4.dll+49a3b|C:\Windows\System32\RPCRT4.dll+310ac|C:\Windows\System32\RPCRT4.dll+3152c|C:\Windows\System32\RPCRT4.dll+1ae1c|C:\Windows\System32\RPCRT4.dll+1c67b|C:\Windows\System32\RPCRT4.dll+43a2a|C:\Windows\SYSTEM32\ntdll.dll+1d34e|C:\Windows\SYSTEM32\ntdll.dll+1ecb9|C:\Windows\System32\KERNEL32.DLL+84d4|C:\Windows\SYSTEM32\ntdll.dll+51781</Data></EventData></Event>
<Event xmlns='http://schemas.microsoft.com/win/2004/08/events/event'><System><Provider Name='Microsoft-Windows-Sysmon' Guid='{5770385F-C22A-43E0-BF4C-06F5698FFBD9}'/><EventID>10</EventID><Version>3</Version><Level>4</Level><Task>10</Task><Opcode>0</Opcode><Keywords>0x8000000000000000</Keywords><TimeCreated SystemTime='2021-11-15T20:12:21.845719300Z'/><EventRecordID>60642700</EventRecordID><Correlation/><Execution ProcessID='2900' ThreadID='2896'/><Channel>Microsoft-Windows-Sysmon/Operational</Channel><Computer>win-dc-469.attackrange.local</Computer><Security UserID='S-1-5-18'/></System><EventData><Data Name='RuleName'>-</Data><Data Name='UtcTime'>2021-11-15 20:12:21.834</Data><Data Name='SourceProcessGUID'>{8B6011A9-BEDE-6192-0B00-00000000F201}</Data><Data Name='SourceProcessId'>704</Data><Data Name='SourceThreadId'>908</Data><Data Name='SourceImage'>C:\Windows\system32\lsass.exe</Data><Data Name='TargetProcessGUID'>{8B6011A9-BF25-6192-9C00-00000000F201}</Data><Data Name='TargetProcessId'>5756</Data><Data Name='TargetImage'>C:\Program Files\dcrypt\dcrypt.exe</Data><Data Name='GrantedAccess'>0x1000</Data><Data Name='CallTrace'>C:\Windows\SYSTEM32\ntdll.dll+a6cc4|C:\Windows\System32\RPCRT4.dll+67d2f|C:\Windows\system32\lsasrv.dll+249ad|C:\Windows\SYSTEM32\SspiSrv.dll+11a2|C:\Windows\System32\RPCRT4.dll+7a593|C:\Windows\System32\RPCRT4.dll+d9f41|C:\Windows\System32\RPCRT4.dll+62d4c|C:\Windows\System32\RPCRT4.dll+4a274|C:\Windows\System32\RPCRT4.dll+4918d|C:\Windows\System32\RPCRT4.dll+49a3b|C:\Windows\System32\RPCRT4.dll+310ac|C:\Windows\System32\RPCRT4.dll+3152c|C:\Windows\System32\RPCRT4.dll+1ae1c|C:\Windows\System32\RPCRT4.dll+1c67b|C:\Windows\System32\RPCRT4.dll+43a2a|C:\Windows\SYSTEM32\ntdll.dll+1d34e|C:\Windows\SYSTEM32\ntdll.dll+1ecb9|C:\Windows\System32\KERNEL32.DLL+84d4|C:\Windows\SYSTEM32\ntdll.dll+51781</Data></EventData></Event>
<Event xmlns='http://schemas.microsoft.com/win/2004/08/events/event'><System><Provider Name='Microsoft-Windows-Sysmon' Guid='{5770385F-C22A-43E0-BF4C-06F5698FFBD9}'/><EventID>7</EventID><Version>3</Version><Level>4</Level><Task>7</Task><Opcode>0</Opcode><Keywords>0x8000000000000000</Keywords><TimeCreated SystemTime='2021-11-15T20:12:21.845601700Z'/><EventRecordID>60642697</EventRecordID><Correlation/><Execution ProcessID='2900' ThreadID='2896'/><Channel>Microsoft-Windows-Sysmon/Operational</Channel><Computer>win-dc-469.attackrange.local</Computer><Security UserID='S-1-5-18'/></System><EventData><Data Name='RuleName'>-</Data><Data Name='UtcTime'>2021-11-15 20:12:21.834</Data><Data Name='ProcessGuid'>{8B6011A9-BF25-6192-9C00-00000000F201}</Data><Data Name='ProcessId'>5756</Data><Data Name='Image'>C:\Program Files\dcrypt\dcrypt.exe</Data><Data Name='ImageLoaded'>C:\Windows\System32\sspicli.dll</Data><Data Name='FileVersion'>10.0.14393.2580 (rs1_release_inmarket.181009-1745)</Data><Data Name='Description'>Security Support Provider Interface</Data><Data Name='Product'>Microsoft® Windows® Operating System</Data><Data Name='Company'>Microsoft Corporation</Data><Data Name='OriginalFileName'>sspicli.dll</Data><Data Name='Hashes'>MD5=5061339CE61C0B32DB8F51A95E3B2422,SHA256=60558CA374334D4C6BBAD475921538C14A9FF3422893348A0503C1F33015FD25</Data><Data Name='Signed'>true</Data><Data Name='Signature'>Microsoft Windows</Data><Data Name='SignatureStatus'>Valid</Data></EventData></Event>
<Event xmlns='http://schemas.microsoft.com/win/2004/08/events/event'><System><Provider Name='Microsoft-Windows-Sysmon' Guid='{5770385F-C22A-43E0-BF4C-06F5698FFBD9}'/><EventID>7</EventID><Version>3</Version><Level>4</Level><Task>7</Task><Opcode>0</Opcode><Keywords>0x8000000000000000</Keywords><TimeCreated SystemTime='2021-11-15T20:12:21.845499400Z'/><EventRecordID>60642696</EventRecordID><Correlation/><Execution ProcessID='2900' ThreadID='3076'/><Channel>Microsoft-Windows-Sysmon/Operational</Channel><Computer>win-dc-469.attackrange.local</Computer><Security UserID='S-1-5-18'/></System><EventData><Data Name='RuleName'>-</Data><Data Name='UtcTime'>2021-11-15 20:12:21.756</Data><Data Name='ProcessGuid'>{8B6011A9-BF25-6192-9C00-00000000F201}</Data><Data Name='ProcessId'>5756</Data><Data Name='Image'>C:\Program Files\dcrypt\dcrypt.exe</Data><Data Name='ImageLoaded'>C:\Windows\System32\psapi.dll</Data><Data Name='FileVersion'>10.0.14393.0 (rs1_release.160715-1616)</Data><Data Name='Description'>Process Status Helper</Data><Data Name='Product'>Microsoft® Windows® Operating System</Data><Data Name='Company'>Microsoft Corporation</Data><Data Name='OriginalFileName'>PSAPI</Data><Data Name='Hashes'>MD5=1AF6CD8B7CE4A852F67AA98C71AA1D26,SHA256=EF0DE008500A8C9C7908383AF11AE55845EBBE28C96C013EA720950BA89D3D28</Data><Data Name='Signed'>true</Data><Data Name='Signature'>Microsoft Windows</Data><Data Name='SignatureStatus'>Valid</Data></EventData></Event>
<Event xmlns='http://schemas.microsoft.com/win/2004/08/events/event'><System><Provider Name='Microsoft-Windows-Sysmon' Guid='{5770385F-C22A-43E0-BF4C-06F5698FFBD9}'/><EventID>7</EventID><Version>3</Version><Level>4</Level><Task>7</Task><Opcode>0</Opcode><Keywords>0x8000000000000000</Keywords><TimeCreated SystemTime='2021-11-15T20:12:21.844554300Z'/><EventRecordID>60642688</EventRecordID><Correlation/><Execution ProcessID='2900' ThreadID='2896'/><Channel>Microsoft-Windows-Sysmon/Operational</Channel><Computer>win-dc-469.attackrange.local</Computer><Security UserID='S-1-5-18'/></System><EventData><Data Name='RuleName'>-</Data><Data Name='UtcTime'>2021-11-15 20:12:21.834</Data><Data Name='ProcessGuid'>{8B6011A9-BF25-6192-9C00-00000000F201}</Data><Data Name='ProcessId'>5756</Data><Data Name='Image'>C:\Program Files\dcrypt\dcrypt.exe</Data><Data Name='ImageLoaded'>C:\Windows\System32\bcrypt.dll</Data><Data Name='FileVersion'>10.0.14393.4583 (rs1_release.210730-1850)</Data><Data Name='Description'>Windows Cryptographic Primitives Library</Data><Data Name='Product'>Microsoft® Windows® Operating System</Data><Data Name='Company'>Microsoft Corporation</Data><Data Name='OriginalFileName'>bcrypt.dll</Data><Data Name='Hashes'>MD5=63231EA984BC614584102A96D4F35CB4,SHA256=13C5BD283C01B0D50D8D0D99E88FC67F9234FA14A6860AB2B6EE552199FF6A74</Data><Data Name='Signed'>true</Data><Data Name='Signature'>Microsoft Windows</Data><Data Name='SignatureStatus'>Valid</Data></EventData></Event>
<Event xmlns='http://schemas.microsoft.com/win/2004/08/events/event'><System><Provider Name='Microsoft-Windows-Sysmon' Guid='{5770385F-C22A-43E0-BF4C-06F5698FFBD9}'/><EventID>7</EventID><Version>3</Version><Level>4</Level><Task>7</Task><Opcode>0</Opcode><Keywords>0x8000000000000000</Keywords><TimeCreated SystemTime='2021-11-15T20:12:21.844084000Z'/><EventRecordID>60642687</EventRecordID><Correlation/><Execution ProcessID='2900' ThreadID='2896'/><Channel>Microsoft-Windows-Sysmon/Operational</Channel><Computer>win-dc-469.attackrange.local</Computer><Security UserID='S-1-5-18'/></System><EventData><Data Name='RuleName'>-</Data><Data Name='UtcTime'>2021-11-15 20:12:21.834</Data><Data Name='ProcessGuid'>{8B6011A9-BF25-6192-9C00-00000000F201}</Data><Data Name='ProcessId'>5756</Data><Data Name='Image'>C:\Program Files\dcrypt\dcrypt.exe</Data><Data Name='ImageLoaded'>C:\Windows\System32\rsaenh.dll</Data><Data Name='FileVersion'>10.0.14393.4467 (rs1_release.210604-1844)</Data><Data Name='Description'>Microsoft Enhanced Cryptographic Provider</Data><Data Name='Product'>Microsoft® Windows® Operating System</Data><Data Name='Company'>Microsoft Corporation</Data><Data Name='OriginalFileName'>rsaenh.dll</Data><Data Name='Hashes'>MD5=28140830C342F475A597B2D54C42DFFA,SHA256=99E23D0177C6DC59AD72DEEC46CFB995828EF567F001261BC65532B6DDEAD862</Data><Data Name='Signed'>true</Data><Data Name='Signature'>Microsoft Windows</Data><Data Name='SignatureStatus'>Valid</Data></EventData></Event>
<Event xmlns='http://schemas.microsoft.com/win/2004/08/events/event'><System><Provider Name='Microsoft-Windows-Sysmon' Guid='{5770385F-C22A-43E0-BF4C-06F5698FFBD9}'/><EventID>7</EventID><Version>3</Version><Level>4</Level><Task>7</Task><Opcode>0</Opcode><Keywords>0x8000000000000000</Keywords><TimeCreated SystemTime='2021-11-15T20:12:21.843363400Z'/><EventRecordID>60642681</EventRecordID><Correlation/><Execution ProcessID='2900' ThreadID='2896'/><Channel>Microsoft-Windows-Sysmon/Operational</Channel><Computer>win-dc-469.attackrange.local</Computer><Security UserID='S-1-5-18'/></System><EventData><Data Name='RuleName'>-</Data><Data Name='UtcTime'>2021-11-15 20:12:21.834</Data><Data Name='ProcessGuid'>{8B6011A9-BF25-6192-9C00-00000000F201}</Data><Data Name='ProcessId'>5756</Data><Data Name='Image'>C:\Program Files\dcrypt\dcrypt.exe</Data><Data Name='ImageLoaded'>C:\Windows\System32\cryptsp.dll</Data><Data Name='FileVersion'>10.0.14393.2969 (rs1_release.190503-1820)</Data><Data Name='Description'>Cryptographic Service Provider API</Data><Data Name='Product'>Microsoft® Windows® Operating System</Data><Data Name='Company'>Microsoft Corporation</Data><Data Name='OriginalFileName'>cryptsp.dll</Data><Data Name='Hashes'>MD5=9500AE4C4B639FEAEED0CC6C39F45149,SHA256=C1055D4B9A854282336A5404CA0FCB1A2EBC3417600035338C9CDFC7B8D0778C</Data><Data Name='Signed'>true</Data><Data Name='Signature'>Microsoft Windows</Data><Data Name='SignatureStatus'>Valid</Data></EventData></Event>
<Event xmlns='http://schemas.microsoft.com/win/2004/08/events/event'><System><Provider Name='Microsoft-Windows-Sysmon' Guid='{5770385F-C22A-43E0-BF4C-06F5698FFBD9}'/><EventID>7</EventID><Version>3</Version><Level>4</Level><Task>7</Task><Opcode>0</Opcode><Keywords>0x8000000000000000</Keywords><TimeCreated SystemTime='2021-11-15T20:12:21.834657100Z'/><EventRecordID>60642670</EventRecordID><Correlation/><Execution ProcessID='2900' ThreadID='3076'/><Channel>Microsoft-Windows-Sysmon/Operational</Channel><Computer>win-dc-469.attackrange.local</Computer><Security UserID='S-1-5-18'/></System><EventData><Data Name='RuleName'>-</Data><Data Name='UtcTime'>2021-11-15 20:12:21.756</Data><Data Name='ProcessGuid'>{8B6011A9-BF25-6192-9C00-00000000F201}</Data><Data Name='ProcessId'>5756</Data><Data Name='Image'>C:\Program Files\dcrypt\dcrypt.exe</Data><Data Name='ImageLoaded'>C:\Program Files\dcrypt\dcapi.dll</Data><Data Name='FileVersion'>1.2 Beta 3</Data><Data Name='Description'>DiskCryptor api</Data><Data Name='Product'>DiskCryptor</Data><Data Name='Company'>-</Data><Data Name='OriginalFileName'>dcapi.dll</Data><Data Name='Hashes'>MD5=FABCCEF1190B2F01FD8B88FAA3B9AD8C,SHA256=E9C639132C4FD0A7D6CA8BFB8D1012026D7C81A995F8D95C64617D118842E4E0</Data><Data Name='Signed'>true</Data><Data Name='Signature'>Alexander Lomachevsky</Data><Data Name='SignatureStatus'>Valid</Data></EventData></Event>
<Event xmlns='http://schemas.microsoft.com/win/2004/08/events/event'><System><Provider Name='Microsoft-Windows-Sysmon' Guid='{5770385F-C22A-43E0-BF4C-06F5698FFBD9}'/><EventID>7</EventID><Version>3</Version><Level>4</Level><Task>7</Task><Opcode>0</Opcode><Keywords>0x8000000000000000</Keywords><TimeCreated SystemTime='2021-11-15T20:12:21.822987000Z'/><EventRecordID>60642645</EventRecordID><Correlation/><Execution ProcessID='2900' ThreadID='3076'/><Channel>Microsoft-Windows-Sysmon/Operational</Channel><Computer>win-dc-469.attackrange.local</Computer><Security UserID='S-1-5-18'/></System><EventData><Data Name='RuleName'>-</Data><Data Name='UtcTime'>2021-11-15 20:12:21.740</Data><Data Name='ProcessGuid'>{8B6011A9-BF25-6192-9C00-00000000F201}</Data><Data Name='ProcessId'>5756</Data><Data Name='Image'>C:\Program Files\dcrypt\dcrypt.exe</Data><Data Name='ImageLoaded'>C:\Windows\System32\win32u.dll</Data><Data Name='FileVersion'>10.0.14393.0 (rs1_release.160715-1616)</Data><Data Name='Description'>Win32u</Data><Data Name='Product'>Microsoft® Windows® Operating System</Data><Data Name='Company'>Microsoft Corporation</Data><Data Name='OriginalFileName'>Win32u.DLL</Data><Data Name='Hashes'>MD5=6A40F9C63B52CB4E8271CF3418618033,SHA256=A2BE23DA7AADFA9118130C939CD59D86E590957172FF404511EE6C5EC5147F15</Data><Data Name='Signed'>true</Data><Data Name='Signature'>Microsoft Windows</Data><Data Name='SignatureStatus'>Valid</Data></EventData></Event>
<Event xmlns='http://schemas.microsoft.com/win/2004/08/events/event'><System><Provider Name='Microsoft-Windows-Sysmon' Guid='{5770385F-C22A-43E0-BF4C-06F5698FFBD9}'/><EventID>7</EventID><Version>3</Version><Level>4</Level><Task>7</Task><Opcode>0</Opcode><Keywords>0x8000000000000000</Keywords><TimeCreated SystemTime='2021-11-15T20:12:21.809467000Z'/><EventRecordID>60642601</EventRecordID><Correlation/><Execution ProcessID='2900' ThreadID='3076'/><Channel>Microsoft-Windows-Sysmon/Operational</Channel><Computer>win-dc-469.attackrange.local</Computer><Security UserID='S-1-5-18'/></System><EventData><Data Name='RuleName'>-</Data><Data Name='UtcTime'>2021-11-15 20:12:21.740</Data><Data Name='ProcessGuid'>{8B6011A9-BF25-6192-9C00-00000000F201}</Data><Data Name='ProcessId'>5756</Data><Data Name='Image'>C:\Program Files\dcrypt\dcrypt.exe</Data><Data Name='ImageLoaded'>C:\Windows\System32\user32.dll</Data><Data Name='FileVersion'>10.0.14393.4169 (rs1_release.210107-1130)</Data><Data Name='Description'>Multi-User Windows USER API Client DLL</Data><Data Name='Product'>Microsoft® Windows® Operating System</Data><Data Name='Company'>Microsoft Corporation</Data><Data Name='OriginalFileName'>user32</Data><Data Name='Hashes'>MD5=883B59C5557E8A9B3C1E1ED1CA48CD5A,SHA256=271800C20A96587265BF83DE2EFC11329EEB2B6C0D57E5E0BCD137FB96BFE6E3</Data><Data Name='Signed'>true</Data><Data Name='Signature'>Microsoft Windows</Data><Data Name='SignatureStatus'>Valid</Data></EventData></Event>
<Event xmlns='http://schemas.microsoft.com/win/2004/08/events/event'><System><Provider Name='Microsoft-Windows-Sysmon' Guid='{5770385F-C22A-43E0-BF4C-06F5698FFBD9}'/><EventID>12</EventID><Version>2</Version><Level>4</Level><Task>12</Task><Opcode>0</Opcode><Keywords>0x8000000000000000</Keywords><TimeCreated SystemTime='2021-11-15T20:12:21.789925300Z'/><EventRecordID>60642596</EventRecordID><Correlation/><Execution ProcessID='2900' ThreadID='2896'/><Channel>Microsoft-Windows-Sysmon/Operational</Channel><Computer>win-dc-469.attackrange.local</Computer><Security UserID='S-1-5-18'/></System><EventData><Data Name='RuleName'>-</Data><Data Name='EventType'>CreateKey</Data><Data Name='UtcTime'>2021-11-15 20:12:21.787</Data><Data Name='ProcessGuid'>{8B6011A9-BF25-6192-9C00-00000000F201}</Data><Data Name='ProcessId'>5756</Data><Data Name='Image'>C:\Program Files\dcrypt\dcrypt.exe</Data><Data Name='TargetObject'>HKLM\SOFTWARE\Microsoft\Windows\CurrentVersion\Run</Data></EventData></Event>
<Event xmlns='http://schemas.microsoft.com/win/2004/08/events/event'><System><Provider Name='Microsoft-Windows-Sysmon' Guid='{5770385F-C22A-43E0-BF4C-06F5698FFBD9}'/><EventID>7</EventID><Version>3</Version><Level>4</Level><Task>7</Task><Opcode>0</Opcode><Keywords>0x8000000000000000</Keywords><TimeCreated SystemTime='2021-11-15T20:12:21.772454000Z'/><EventRecordID>60642595</EventRecordID><Correlation/><Execution ProcessID='2900' ThreadID='2896'/><Channel>Microsoft-Windows-Sysmon/Operational</Channel><Computer>win-dc-469.attackrange.local</Computer><Security UserID='S-1-5-18'/></System><EventData><Data Name='RuleName'>-</Data><Data Name='UtcTime'>2021-11-15 20:12:21.771</Data><Data Name='ProcessGuid'>{8B6011A9-BF25-6192-9C00-00000000F201}</Data><Data Name='ProcessId'>5756</Data><Data Name='Image'>C:\Program Files\dcrypt\dcrypt.exe</Data><Data Name='ImageLoaded'>C:\Windows\System32\imm32.dll</Data><Data Name='FileVersion'>10.0.14393.0 (rs1_release.160715-1616)</Data><Data Name='Description'>Multi-User Windows IMM32 API Client DLL</Data><Data Name='Product'>Microsoft® Windows® Operating System</Data><Data Name='Company'>Microsoft Corporation</Data><Data Name='OriginalFileName'>imm32</Data><Data Name='Hashes'>MD5=E1024CF2E35DD3467F52BC83F7FEDA3F,SHA256=59C87761AD509BD096C2F35257C2370FB94B95160CB63FB9E66DFD8210AB002A</Data><Data Name='Signed'>true</Data><Data Name='Signature'>Microsoft Windows</Data><Data Name='SignatureStatus'>Valid</Data></EventData></Event>
<Event xmlns='http://schemas.microsoft.com/win/2004/08/events/event'><System><Provider Name='Microsoft-Windows-Sysmon' Guid='{5770385F-C22A-43E0-BF4C-06F5698FFBD9}'/><EventID>7</EventID><Version>3</Version><Level>4</Level><Task>7</Task><Opcode>0</Opcode><Keywords>0x8000000000000000</Keywords><TimeCreated SystemTime='2021-11-15T20:12:21.769466200Z'/><EventRecordID>60642593</EventRecordID><Correlation/><Execution ProcessID='2900' ThreadID='2896'/><Channel>Microsoft-Windows-Sysmon/Operational</Channel><Computer>win-dc-469.attackrange.local</Computer><Security UserID='S-1-5-18'/></System><EventData><Data Name='RuleName'>-</Data><Data Name='UtcTime'>2021-11-15 20:12:21.756</Data><Data Name='ProcessGuid'>{8B6011A9-BF25-6192-9C00-00000000F201}</Data><Data Name='ProcessId'>5756</Data><Data Name='Image'>C:\Program Files\dcrypt\dcrypt.exe</Data><Data Name='ImageLoaded'>C:\Windows\System32\ole32.dll</Data><Data Name='FileVersion'>10.0.14393.4169 (rs1_release.210107-1130)</Data><Data Name='Description'>Microsoft OLE for Windows</Data><Data Name='Product'>Microsoft® Windows® Operating System</Data><Data Name='Company'>Microsoft Corporation</Data><Data Name='OriginalFileName'>OLE32.DLL</Data><Data Name='Hashes'>MD5=676B0A1FB2A01D19AECB1F19883B6FC4,SHA256=56DEB219840DBAF9DAF645AD5D79AF9AB05F20E688382854DD487F440B257552</Data><Data Name='Signed'>true</Data><Data Name='Signature'>Microsoft Windows</Data><Data Name='SignatureStatus'>Valid</Data></EventData></Event>
<Event xmlns='http://schemas.microsoft.com/win/2004/08/events/event'><System><Provider Name='Microsoft-Windows-Sysmon' Guid='{5770385F-C22A-43E0-BF4C-06F5698FFBD9}'/><EventID>7</EventID><Version>3</Version><Level>4</Level><Task>7</Task><Opcode>0</Opcode><Keywords>0x8000000000000000</Keywords><TimeCreated SystemTime='2021-11-15T20:12:21.769313700Z'/><EventRecordID>60642592</EventRecordID><Correlation/><Execution ProcessID='2900' ThreadID='3076'/><Channel>Microsoft-Windows-Sysmon/Operational</Channel><Computer>win-dc-469.attackrange.local</Computer><Security UserID='S-1-5-18'/></System><EventData><Data Name='RuleName'>-</Data><Data Name='UtcTime'>2021-11-15 20:12:21.724</Data><Data Name='ProcessGuid'>{8B6011A9-BF25-6192-9C00-00000000F201}</Data><Data Name='ProcessId'>5756</Data><Data Name='Image'>C:\Program Files\dcrypt\dcrypt.exe</Data><Data Name='ImageLoaded'>C:\Windows\System32\ntdll.dll</Data><Data Name='FileVersion'>10.0.14393.4530 (rs1_release.210705-0736)</Data><Data Name='Description'>NT Layer DLL</Data><Data Name='Product'>Microsoft® Windows® Operating System</Data><Data Name='Company'>Microsoft Corporation</Data><Data Name='OriginalFileName'>ntdll.dll</Data><Data Name='Hashes'>MD5=36B87C41EE39F3051D116F735EBEF866,SHA256=9C45BAE6D7E27B3AE04BBF88B96686C04ED6A43695558E82B687013BA0383F8A</Data><Data Name='Signed'>true</Data><Data Name='Signature'>Microsoft Windows</Data><Data Name='SignatureStatus'>Valid</Data></EventData></Event>
<Event xmlns='http://schemas.microsoft.com/win/2004/08/events/event'><System><Provider Name='Microsoft-Windows-Sysmon' Guid='{5770385F-C22A-43E0-BF4C-06F5698FFBD9}'/><EventID>7</EventID><Version>3</Version><Level>4</Level><Task>7</Task><Opcode>0</Opcode><Keywords>0x8000000000000000</Keywords><TimeCreated SystemTime='2021-11-15T20:12:21.750913700Z'/><EventRecordID>60642568</EventRecordID><Correlation/><Execution ProcessID='2900' ThreadID='2896'/><Channel>Microsoft-Windows-Sysmon/Operational</Channel><Computer>win-dc-469.attackrange.local</Computer><Security UserID='S-1-5-18'/></System><EventData><Data Name='RuleName'>-</Data><Data Name='UtcTime'>2021-11-15 20:12:21.740</Data><Data Name='ProcessGuid'>{8B6011A9-BF25-6192-9C00-00000000F201}</Data><Data Name='ProcessId'>5756</Data><Data Name='Image'>C:\Program Files\dcrypt\dcrypt.exe</Data><Data Name='ImageLoaded'>C:\Windows\System32\profapi.dll</Data><Data Name='FileVersion'>10.0.14393.0 (rs1_release.160715-1616)</Data><Data Name='Description'>User Profile Basic API</Data><Data Name='Product'>Microsoft® Windows® Operating System</Data><Data Name='Company'>Microsoft Corporation</Data><Data Name='OriginalFileName'>PROFAPI.DLL</Data><Data Name='Hashes'>MD5=0BC84513575743DA177F3DFE18D35CA7,SHA256=C40F6AA73073995E05E5379AE593A6617E8296C79A78BD7F716D95F98AE0D899</Data><Data Name='Signed'>true</Data><Data Name='Signature'>Microsoft Windows</Data><Data Name='SignatureStatus'>Valid</Data></EventData></Event>
<Event xmlns='http://schemas.microsoft.com/win/2004/08/events/event'><System><Provider Name='Microsoft-Windows-Sysmon' Guid='{5770385F-C22A-43E0-BF4C-06F5698FFBD9}'/><EventID>7</EventID><Version>3</Version><Level>4</Level><Task>7</Task><Opcode>0</Opcode><Keywords>0x8000000000000000</Keywords><TimeCreated SystemTime='2021-11-15T20:12:21.750223900Z'/><EventRecordID>60642567</EventRecordID><Correlation/><Execution ProcessID='2900' ThreadID='2896'/><Channel>Microsoft-Windows-Sysmon/Operational</Channel><Computer>win-dc-469.attackrange.local</Computer><Security UserID='S-1-5-18'/></System><EventData><Data Name='RuleName'>-</Data><Data Name='UtcTime'>2021-11-15 20:12:21.740</Data><Data Name='ProcessGuid'>{8B6011A9-BF25-6192-9C00-00000000F201}</Data><Data Name='ProcessId'>5756</Data><Data Name='Image'>C:\Program Files\dcrypt\dcrypt.exe</Data><Data Name='ImageLoaded'>C:\Windows\System32\kernel.appcore.dll</Data><Data Name='FileVersion'>10.0.14393.2312 (rs1_release.180607-1919)</Data><Data Name='Description'>AppModel API Host</Data><Data Name='Product'>Microsoft® Windows® Operating System</Data><Data Name='Company'>Microsoft Corporation</Data><Data Name='OriginalFileName'>kernel.appcore.dll</Data><Data Name='Hashes'>MD5=0AF5EF8A7FEFD4B37036B71514FC20CF,SHA256=D4F178583F6F33794D42B4DB11008494E9CD9F069C2AD2CA304DA63F9B5F659C</Data><Data Name='Signed'>true</Data><Data Name='Signature'>Microsoft Windows</Data><Data Name='SignatureStatus'>Valid</Data></EventData></Event>
<Event xmlns='http://schemas.microsoft.com/win/2004/08/events/event'><System><Provider Name='Microsoft-Windows-Sysmon' Guid='{5770385F-C22A-43E0-BF4C-06F5698FFBD9}'/><EventID>7</EventID><Version>3</Version><Level>4</Level><Task>7</Task><Opcode>0</Opcode><Keywords>0x8000000000000000</Keywords><TimeCreated SystemTime='2021-11-15T20:12:21.749778300Z'/><EventRecordID>60642565</EventRecordID><Correlation/><Execution ProcessID='2900' ThreadID='2896'/><Channel>Microsoft-Windows-Sysmon/Operational</Channel><Computer>win-dc-469.attackrange.local</Computer><Security UserID='S-1-5-18'/></System><EventData><Data Name='RuleName'>-</Data><Data Name='UtcTime'>2021-11-15 20:12:21.740</Data><Data Name='ProcessGuid'>{8B6011A9-BF25-6192-9C00-00000000F201}</Data><Data Name='ProcessId'>5756</Data><Data Name='Image'>C:\Program Files\dcrypt\dcrypt.exe</Data><Data Name='ImageLoaded'>C:\Windows\System32\powrprof.dll</Data><Data Name='FileVersion'>10.0.14393.0 (rs1_release.160715-1616)</Data><Data Name='Description'>Power Profile Helper DLL</Data><Data Name='Product'>Microsoft® Windows® Operating System</Data><Data Name='Company'>Microsoft Corporation</Data><Data Name='OriginalFileName'>POWRPROF.DLL</Data><Data Name='Hashes'>MD5=C55F634054E45C0DEE47C254AE009928,SHA256=76EB0FCA87C3AD5FA1C46EB0AF88CF85E172525029E33F5DFC5645EF2EE6F575</Data><Data Name='Signed'>true</Data><Data Name='Signature'>Microsoft Windows</Data><Data Name='SignatureStatus'>Valid</Data></EventData></Event>
<Event xmlns='http://schemas.microsoft.com/win/2004/08/events/event'><System><Provider Name='Microsoft-Windows-Sysmon' Guid='{5770385F-C22A-43E0-BF4C-06F5698FFBD9}'/><EventID>7</EventID><Version>3</Version><Level>4</Level><Task>7</Task><Opcode>0</Opcode><Keywords>0x8000000000000000</Keywords><TimeCreated SystemTime='2021-11-15T20:12:21.749601600Z'/><EventRecordID>60642564</EventRecordID><Correlation/><Execution ProcessID='2900' ThreadID='2896'/><Channel>Microsoft-Windows-Sysmon/Operational</Channel><Computer>win-dc-469.attackrange.local</Computer><Security UserID='S-1-5-18'/></System><EventData><Data Name='RuleName'>-</Data><Data Name='UtcTime'>2021-11-15 20:12:21.740</Data><Data Name='ProcessGuid'>{8B6011A9-BF25-6192-9C00-00000000F201}</Data><Data Name='ProcessId'>5756</Data><Data Name='Image'>C:\Program Files\dcrypt\dcrypt.exe</Data><Data Name='ImageLoaded'>C:\Windows\System32\windows.storage.dll</Data><Data Name='FileVersion'>10.0.14393.4583 (rs1_release.210730-1850)</Data><Data Name='Description'>Microsoft WinRT Storage API</Data><Data Name='Product'>Microsoft® Windows® Operating System</Data><Data Name='Company'>Microsoft Corporation</Data><Data Name='OriginalFileName'>Windows.Storage.dll</Data><Data Name='Hashes'>MD5=1D7997E3AFC26B85024D33F835E18056,SHA256=B2376967E156D4971FB66059F6367030AF937943D2EBF80AF856E643B6E95BBF</Data><Data Name='Signed'>true</Data><Data Name='Signature'>Microsoft Windows</Data><Data Name='SignatureStatus'>Valid</Data></EventData></Event>
<Event xmlns='http://schemas.microsoft.com/win/2004/08/events/event'><System><Provider Name='Microsoft-Windows-Sysmon' Guid='{5770385F-C22A-43E0-BF4C-06F5698FFBD9}'/><EventID>7</EventID><Version>3</Version><Level>4</Level><Task>7</Task><Opcode>0</Opcode><Keywords>0x8000000000000000</Keywords><TimeCreated SystemTime='2021-11-15T20:12:21.749128800Z'/><EventRecordID>60642563</EventRecordID><Correlation/><Execution ProcessID='2900' ThreadID='3076'/><Channel>Microsoft-Windows-Sysmon/Operational</Channel><Computer>win-dc-469.attackrange.local</Computer><Security UserID='S-1-5-18'/></System><EventData><Data Name='RuleName'>-</Data><Data Name='UtcTime'>2021-11-15 20:12:21.724</Data><Data Name='ProcessGuid'>{8B6011A9-BF25-6192-9C00-00000000F201}</Data><Data Name='ProcessId'>5756</Data><Data Name='Image'>C:\Program Files\dcrypt\dcrypt.exe</Data><Data Name='ImageLoaded'>C:\Program Files\dcrypt\dcrypt.exe</Data><Data Name='FileVersion'>1.2 Beta 3</Data><Data Name='Description'>DiskCryptor GUI</Data><Data Name='Product'>DiskCryptor</Data><Data Name='Company'>-</Data><Data Name='OriginalFileName'>dcrypt.exe</Data><Data Name='Hashes'>MD5=30FA9DE8BFD8CE4FBEE346E044D1F9FF,SHA256=23D10404F91689437DF37A4DFE584F7C387696B05A06A3CE01ECFCD84ECA2D2C</Data><Data Name='Signed'>true</Data><Data Name='Signature'>Alexander Lomachevsky</Data><Data Name='SignatureStatus'>Valid</Data></EventData></Event>
<Event xmlns='http://schemas.microsoft.com/win/2004/08/events/event'><System><Provider Name='Microsoft-Windows-Sysmon' Guid='{5770385F-C22A-43E0-BF4C-06F5698FFBD9}'/><EventID>7</EventID><Version>3</Version><Level>4</Level><Task>7</Task><Opcode>0</Opcode><Keywords>0x8000000000000000</Keywords><TimeCreated SystemTime='2021-11-15T20:12:21.748886300Z'/><EventRecordID>60642562</EventRecordID><Correlation/><Execution ProcessID='2900' ThreadID='2896'/><Channel>Microsoft-Windows-Sysmon/Operational</Channel><Computer>win-dc-469.attackrange.local</Computer><Security UserID='S-1-5-18'/></System><EventData><Data Name='RuleName'>-</Data><Data Name='UtcTime'>2021-11-15 20:12:21.740</Data><Data Name='ProcessGuid'>{8B6011A9-BF25-6192-9C00-00000000F201}</Data><Data Name='ProcessId'>5756</Data><Data Name='Image'>C:\Program Files\dcrypt\dcrypt.exe</Data><Data Name='ImageLoaded'>C:\Windows\System32\cfgmgr32.dll</Data><Data Name='FileVersion'>10.0.14393.0 (rs1_release.160715-1616)</Data><Data Name='Description'>Configuration Manager DLL</Data><Data Name='Product'>Microsoft® Windows® Operating System</Data><Data Name='Company'>Microsoft Corporation</Data><Data Name='OriginalFileName'>CFGMGR32.DLL</Data><Data Name='Hashes'>MD5=77BF2979C1A08EBA43C24FE0B7E547BE,SHA256=071E00374806E043A2E78E88C7FDDCE8F5983DE665DF41F3B3210660BF2EF704</Data><Data Name='Signed'>true</Data><Data Name='Signature'>Microsoft Windows</Data><Data Name='SignatureStatus'>Valid</Data></EventData></Event>
<Event xmlns='http://schemas.microsoft.com/win/2004/08/events/event'><System><Provider Name='Microsoft-Windows-Sysmon' Guid='{5770385F-C22A-43E0-BF4C-06F5698FFBD9}'/><EventID>7</EventID><Version>3</Version><Level>4</Level><Task>7</Task><Opcode>0</Opcode><Keywords>0x8000000000000000</Keywords><TimeCreated SystemTime='2021-11-15T20:12:21.748393000Z'/><EventRecordID>60642548</EventRecordID><Correlation/><Execution ProcessID='2900' ThreadID='2896'/><Channel>Microsoft-Windows-Sysmon/Operational</Channel><Computer>win-dc-469.attackrange.local</Computer><Security UserID='S-1-5-18'/></System><EventData><Data Name='RuleName'>-</Data><Data Name='UtcTime'>2021-11-15 20:12:21.740</Data><Data Name='ProcessGuid'>{8B6011A9-BF25-6192-9C00-00000000F201}</Data><Data Name='ProcessId'>5756</Data><Data Name='Image'>C:\Program Files\dcrypt\dcrypt.exe</Data><Data Name='ImageLoaded'>C:\Windows\System32\shell32.dll</Data><Data Name='FileVersion'>10.0.14393.4583 (rs1_release.210730-1850)</Data><Data Name='Description'>Windows Shell Common Dll</Data><Data Name='Product'>Microsoft® Windows® Operating System</Data><Data Name='Company'>Microsoft Corporation</Data><Data Name='OriginalFileName'>SHELL32.DLL</Data><Data Name='Hashes'>MD5=837B8644B9CE47EC28152E7D764886E0,SHA256=C5BA64473FB38E6B4592EAFA642AF82715CBC676190985D8D8D4150CE840044F</Data><Data Name='Signed'>true</Data><Data Name='Signature'>Microsoft Windows</Data><Data Name='SignatureStatus'>Valid</Data></EventData></Event>
<Event xmlns='http://schemas.microsoft.com/win/2004/08/events/event'><System><Provider Name='Microsoft-Windows-Sysmon' Guid='{5770385F-C22A-43E0-BF4C-06F5698FFBD9}'/><EventID>7</EventID><Version>3</Version><Level>4</Level><Task>7</Task><Opcode>0</Opcode><Keywords>0x8000000000000000</Keywords><TimeCreated SystemTime='2021-11-15T20:12:21.747350900Z'/><EventRecordID>60642537</EventRecordID><Correlation/><Execution ProcessID='2900' ThreadID='2896'/><Channel>Microsoft-Windows-Sysmon/Operational</Channel><Computer>win-dc-469.attackrange.local</Computer><Security UserID='S-1-5-18'/></System><EventData><Data Name='RuleName'>-</Data><Data Name='UtcTime'>2021-11-15 20:12:21.740</Data><Data Name='ProcessGuid'>{8B6011A9-BF25-6192-9C00-00000000F201}</Data><Data Name='ProcessId'>5756</Data><Data Name='Image'>C:\Program Files\dcrypt\dcrypt.exe</Data><Data Name='ImageLoaded'>C:\Windows\System32\SHCore.dll</Data><Data Name='FileVersion'>10.0.14393.4169 (rs1_release.210107-1130)</Data><Data Name='Description'>SHCORE</Data><Data Name='Product'>Microsoft® Windows® Operating System</Data><Data Name='Company'>Microsoft Corporation</Data><Data Name='OriginalFileName'>SHCORE.dll</Data><Data Name='Hashes'>MD5=D287E1BC5A148E2BCB482DBD0E925738,SHA256=1C2428AD170165DD8DE960C835D9AAB5B268300A676FE935B177ED5D2607430D</Data><Data Name='Signed'>true</Data><Data Name='Signature'>Microsoft Windows</Data><Data Name='SignatureStatus'>Valid</Data></EventData></Event>
