<Event xmlns='http://schemas.microsoft.com/win/2004/08/events/event'><System><Provider Name='Microsoft-Windows-Sysmon' Guid='{5770385F-C22A-43E0-BF4C-06F5698FFBD9}'/><EventID>7</EventID><Version>3</Version><Level>4</Level><Task>7</Task><Opcode>0</Opcode><Keywords>0x8000000000000000</Keywords><TimeCreated SystemTime='2021-11-15T20:12:21.746315000Z'/><EventRecordID>60642536</EventRecordID><Correlation/><Execution ProcessID='2900' ThreadID='2896'/><Channel>Microsoft-Windows-Sysmon/Operational</Channel><Computer>win-dc-469.attackrange.local</Computer><Security UserID='S-1-5-18'/></System><EventData><Data Name='RuleName'>-</Data><Data Name='UtcTime'>2021-11-15 20:12:21.740</Data><Data Name='ProcessGuid'>{8B6011A9-BF25-6192-9C00-00000000F201}</Data><Data Name='ProcessId'>5756</Data><Data Name='Image'>C:\Program Files\dcrypt\dcrypt.exe</Data><Data Name='ImageLoaded'>C:\Windows\System32\comdlg32.dll</Data><Data Name='FileVersion'>10.0.14393.4283 (rs1_release.210303-1802)</Data><Data Name='Description'>Common Dialogs DLL</Data><Data Name='Product'>Microsoft® Windows® Operating System</Data><Data Name='Company'>Microsoft Corporation</Data><Data Name='OriginalFileName'>comdlg32.dll</Data><Data Name='Hashes'>MD5=0DB1A588A248E852AD781AE14333A5C6,SHA256=6F9C36C2663B90439A1AEE74855C521FCBBDB8C7B88382C9464906F1691F65F6</Data><Data Name='Signed'>true</Data><Data Name='Signature'>Microsoft Windows</Data><Data Name='SignatureStatus'>Valid</Data></EventData></Event>
<Event xmlns='http://schemas.microsoft.com/win/2004/08/events/event'><System><Provider Name='Microsoft-Windows-Sysmon' Guid='{5770385F-C22A-43E0-BF4C-06F5698FFBD9}'/><EventID>7</EventID><Version>3</Version><Level>4</Level><Task>7</Task><Opcode>0</Opcode><Keywords>0x8000000000000000</Keywords><TimeCreated SystemTime='2021-11-15T20:12:21.744747100Z'/><EventRecordID>60642535</EventRecordID><Correlation/><Execution ProcessID='2900' ThreadID='2896'/><Channel>Microsoft-Windows-Sysmon/Operational</Channel><Computer>win-dc-469.attackrange.local</Computer><Security UserID='S-1-5-18'/></System><EventData><Data Name='RuleName'>-</Data><Data Name='UtcTime'>2021-11-15 20:12:21.740</Data><Data Name='ProcessGuid'>{8B6011A9-BF25-6192-9C00-00000000F201}</Data><Data Name='ProcessId'>5756</Data><Data Name='Image'>C:\Program Files\dcrypt\dcrypt.exe</Data><Data Name='ImageLoaded'>C:\Windows\System32\gdi32full.dll</Data><Data Name='FileVersion'>10.0.14393.4530 (rs1_release.210705-0736)</Data><Data Name='Description'>GDI Client DLL</Data><Data Name='Product'>Microsoft® Windows® Operating System</Data><Data Name='Company'>Microsoft Corporation</Data><Data Name='OriginalFileName'>gdi32</Data><Data Name='Hashes'>MD5=9D82D7DBC3D9E0D8E86D10A5B1BF736E,SHA256=270CA1A42ECB4C22E826C1C95924F0014CC99254AB55B7167DA144D45E238E6D</Data><Data Name='Signed'>true</Data><Data Name='Signature'>Microsoft Windows</Data><Data Name='SignatureStatus'>Valid</Data></EventData></Event>
<Event xmlns='http://schemas.microsoft.com/win/2004/08/events/event'><System><Provider Name='Microsoft-Windows-Sysmon' Guid='{5770385F-C22A-43E0-BF4C-06F5698FFBD9}'/><EventID>7</EventID><Version>3</Version><Level>4</Level><Task>7</Task><Opcode>0</Opcode><Keywords>0x8000000000000000</Keywords><TimeCreated SystemTime='2021-11-15T20:12:21.744102100Z'/><EventRecordID>60642534</EventRecordID><Correlation/><Execution ProcessID='2900' ThreadID='2896'/><Channel>Microsoft-Windows-Sysmon/Operational</Channel><Computer>win-dc-469.attackrange.local</Computer><Security UserID='S-1-5-18'/></System><EventData><Data Name='RuleName'>-</Data><Data Name='UtcTime'>2021-11-15 20:12:21.740</Data><Data Name='ProcessGuid'>{8B6011A9-BF25-6192-9C00-00000000F201}</Data><Data Name='ProcessId'>5756</Data><Data Name='Image'>C:\Program Files\dcrypt\dcrypt.exe</Data><Data Name='ImageLoaded'>C:\Windows\System32\gdi32.dll</Data><Data Name='FileVersion'>10.0.14393.4169 (rs1_release.210107-1130)</Data><Data Name='Description'>GDI Client DLL</Data><Data Name='Product'>Microsoft® Windows® Operating System</Data><Data Name='Company'>Microsoft Corporation</Data><Data Name='OriginalFileName'>gdi32</Data><Data Name='Hashes'>MD5=551D603CEC947F586DB9FADEF4D2EBA6,SHA256=143125EFF9F3BC5B3F3BE505F3C3814393807B9CACB6AA5F75D39C77EC0D4ED8</Data><Data Name='Signed'>true</Data><Data Name='Signature'>Microsoft Windows</Data><Data Name='SignatureStatus'>Valid</Data></EventData></Event>
<Event xmlns='http://schemas.microsoft.com/win/2004/08/events/event'><System><Provider Name='Microsoft-Windows-Sysmon' Guid='{5770385F-C22A-43E0-BF4C-06F5698FFBD9}'/><EventID>7</EventID><Version>3</Version><Level>4</Level><Task>7</Task><Opcode>0</Opcode><Keywords>0x8000000000000000</Keywords><TimeCreated SystemTime='2021-11-15T20:12:21.742034400Z'/><EventRecordID>60642510</EventRecordID><Correlation/><Execution ProcessID='2900' ThreadID='2896'/><Channel>Microsoft-Windows-Sysmon/Operational</Channel><Computer>win-dc-469.attackrange.local</Computer><Security UserID='S-1-5-18'/></System><EventData><Data Name='RuleName'>-</Data><Data Name='UtcTime'>2021-11-15 20:12:21.740</Data><Data Name='ProcessGuid'>{8B6011A9-BF25-6192-9C00-00000000F201}</Data><Data Name='ProcessId'>5756</Data><Data Name='Image'>C:\Program Files\dcrypt\dcrypt.exe</Data><Data Name='ImageLoaded'>C:\Windows\System32\bcryptprimitives.dll</Data><Data Name='FileVersion'>10.0.14393.4583 (rs1_release.210730-1850)</Data><Data Name='Description'>Windows Cryptographic Primitives Library</Data><Data Name='Product'>Microsoft® Windows® Operating System</Data><Data Name='Company'>Microsoft Corporation</Data><Data Name='OriginalFileName'>bcryptprimitives.dll</Data><Data Name='Hashes'>MD5=8AAF6E1B14B9210052FFF90E25926D63,SHA256=F2120C8E63EA94F8618B31319A534731C16D8FDD58B0E1E70217D72A39D78353</Data><Data Name='Signed'>true</Data><Data Name='Signature'>Microsoft Windows</Data><Data Name='SignatureStatus'>Valid</Data></EventData></Event>
<Event xmlns='http://schemas.microsoft.com/win/2004/08/events/event'><System><Provider Name='Microsoft-Windows-Sysmon' Guid='{5770385F-C22A-43E0-BF4C-06F5698FFBD9}'/><EventID>7</EventID><Version>3</Version><Level>4</Level><Task>7</Task><Opcode>0</Opcode><Keywords>0x8000000000000000</Keywords><TimeCreated SystemTime='2021-11-15T20:12:21.741572700Z'/><EventRecordID>60642508</EventRecordID><Correlation/><Execution ProcessID='2900' ThreadID='2896'/><Channel>Microsoft-Windows-Sysmon/Operational</Channel><Computer>win-dc-469.attackrange.local</Computer><Security UserID='S-1-5-18'/></System><EventData><Data Name='RuleName'>-</Data><Data Name='UtcTime'>2021-11-15 20:12:21.740</Data><Data Name='ProcessGuid'>{8B6011A9-BF25-6192-9C00-00000000F201}</Data><Data Name='ProcessId'>5756</Data><Data Name='Image'>C:\Program Files\dcrypt\dcrypt.exe</Data><Data Name='ImageLoaded'>C:\Windows\System32\rpcrt4.dll</Data><Data Name='FileVersion'>10.0.14393.4467 (rs1_release.210604-1844)</Data><Data Name='Description'>Remote Procedure Call Runtime</Data><Data Name='Product'>Microsoft® Windows® Operating System</Data><Data Name='Company'>Microsoft Corporation</Data><Data Name='OriginalFileName'>rpcrt4.dll</Data><Data Name='Hashes'>MD5=B0C4BF9491FB453B77399E3C56C11DC8,SHA256=66D5D1B3D25D15EA8737C8B2EF83E770BA10931868F24DCACC50936F0A0BAC08</Data><Data Name='Signed'>true</Data><Data Name='Signature'>Microsoft Windows</Data><Data Name='SignatureStatus'>Valid</Data></EventData></Event>
<Event xmlns='http://schemas.microsoft.com/win/2004/08/events/event'><System><Provider Name='Microsoft-Windows-Sysmon' Guid='{5770385F-C22A-43E0-BF4C-06F5698FFBD9}'/><EventID>7</EventID><Version>3</Version><Level>4</Level><Task>7</Task><Opcode>0</Opcode><Keywords>0x8000000000000000</Keywords><TimeCreated SystemTime='2021-11-15T20:12:21.741322800Z'/><EventRecordID>60642507</EventRecordID><Correlation/><Execution ProcessID='2900' ThreadID='2896'/><Channel>Microsoft-Windows-Sysmon/Operational</Channel><Computer>win-dc-469.attackrange.local</Computer><Security UserID='S-1-5-18'/></System><EventData><Data Name='RuleName'>-</Data><Data Name='UtcTime'>2021-11-15 20:12:21.740</Data><Data Name='ProcessGuid'>{8B6011A9-BF25-6192-9C00-00000000F201}</Data><Data Name='ProcessId'>5756</Data><Data Name='Image'>C:\Program Files\dcrypt\dcrypt.exe</Data><Data Name='ImageLoaded'>C:\Windows\System32\ucrtbase.dll</Data><Data Name='FileVersion'>10.0.14393.3659 (rs1_release_1.200410-1813)</Data><Data Name='Description'>Microsoft® C Runtime Library</Data><Data Name='Product'>Microsoft® Windows® Operating System</Data><Data Name='Company'>Microsoft Corporation</Data><Data Name='OriginalFileName'>ucrtbase.dll</Data><Data Name='Hashes'>MD5=9804D130E8E7178738C2B9808091B427,SHA256=6053B7CC85846F15094475116A8C57BA89FE99FDD1978C54E8A7E2114E318FE3</Data><Data Name='Signed'>true</Data><Data Name='Signature'>Microsoft Windows</Data><Data Name='SignatureStatus'>Valid</Data></EventData></Event>
<Event xmlns='http://schemas.microsoft.com/win/2004/08/events/event'><System><Provider Name='Microsoft-Windows-Sysmon' Guid='{5770385F-C22A-43E0-BF4C-06F5698FFBD9}'/><EventID>7</EventID><Version>3</Version><Level>4</Level><Task>7</Task><Opcode>0</Opcode><Keywords>0x8000000000000000</Keywords><TimeCreated SystemTime='2021-11-15T20:12:21.740961900Z'/><EventRecordID>60642505</EventRecordID><Correlation/><Execution ProcessID='2900' ThreadID='2896'/><Channel>Microsoft-Windows-Sysmon/Operational</Channel><Computer>win-dc-469.attackrange.local</Computer><Security UserID='S-1-5-18'/></System><EventData><Data Name='RuleName'>-</Data><Data Name='UtcTime'>2021-11-15 20:12:21.724</Data><Data Name='ProcessGuid'>{8B6011A9-BF25-6192-9C00-00000000F201}</Data><Data Name='ProcessId'>5756</Data><Data Name='Image'>C:\Program Files\dcrypt\dcrypt.exe</Data><Data Name='ImageLoaded'>C:\Windows\System32\sechost.dll</Data><Data Name='FileVersion'>10.0.14393.3808 (rs1_release.200707-2105)</Data><Data Name='Description'>Host for SCM/SDDL/LSA Lookup APIs</Data><Data Name='Product'>Microsoft® Windows® Operating System</Data><Data Name='Company'>Microsoft Corporation</Data><Data Name='OriginalFileName'>sechost.dll</Data><Data Name='Hashes'>MD5=E6B98644CD3B912C44C39CC0996790A9,SHA256=23BE56E1B8DBA449C0959753175BD15457EC88E93E9E8B86489266347959A6F2</Data><Data Name='Signed'>true</Data><Data Name='Signature'>Microsoft Windows</Data><Data Name='SignatureStatus'>Valid</Data></EventData></Event>
<Event xmlns='http://schemas.microsoft.com/win/2004/08/events/event'><System><Provider Name='Microsoft-Windows-Sysmon' Guid='{5770385F-C22A-43E0-BF4C-06F5698FFBD9}'/><EventID>7</EventID><Version>3</Version><Level>4</Level><Task>7</Task><Opcode>0</Opcode><Keywords>0x8000000000000000</Keywords><TimeCreated SystemTime='2021-11-15T20:12:21.740554500Z'/><EventRecordID>60642504</EventRecordID><Correlation/><Execution ProcessID='2900' ThreadID='2896'/><Channel>Microsoft-Windows-Sysmon/Operational</Channel><Computer>win-dc-469.attackrange.local</Computer><Security UserID='S-1-5-18'/></System><EventData><Data Name='RuleName'>-</Data><Data Name='UtcTime'>2021-11-15 20:12:21.724</Data><Data Name='ProcessGuid'>{8B6011A9-BF25-6192-9C00-00000000F201}</Data><Data Name='ProcessId'>5756</Data><Data Name='Image'>C:\Program Files\dcrypt\dcrypt.exe</Data><Data Name='ImageLoaded'>C:\Windows\System32\combase.dll</Data><Data Name='FileVersion'>10.0.14393.4583 (rs1_release.210730-1850)</Data><Data Name='Description'>Microsoft COM for Windows</Data><Data Name='Product'>Microsoft® Windows® Operating System</Data><Data Name='Company'>Microsoft Corporation</Data><Data Name='OriginalFileName'>COMBASE.DLL</Data><Data Name='Hashes'>MD5=878EBD02A580FDF8F187100127E6D3A8,SHA256=54E4BADDFBD97CFFF871B6D7316B28872218B92F37C41199F71EB37BC5634216</Data><Data Name='Signed'>true</Data><Data Name='Signature'>Microsoft Windows</Data><Data Name='SignatureStatus'>Valid</Data></EventData></Event>
<Event xmlns='http://schemas.microsoft.com/win/2004/08/events/event'><System><Provider Name='Microsoft-Windows-Sysmon' Guid='{5770385F-C22A-43E0-BF4C-06F5698FFBD9}'/><EventID>7</EventID><Version>3</Version><Level>4</Level><Task>7</Task><Opcode>0</Opcode><Keywords>0x8000000000000000</Keywords><TimeCreated SystemTime='2021-11-15T20:12:21.740037000Z'/><EventRecordID>60642503</EventRecordID><Correlation/><Execution ProcessID='2900' ThreadID='2896'/><Channel>Microsoft-Windows-Sysmon/Operational</Channel><Computer>win-dc-469.attackrange.local</Computer><Security UserID='S-1-5-18'/></System><EventData><Data Name='RuleName'>-</Data><Data Name='UtcTime'>2021-11-15 20:12:21.724</Data><Data Name='ProcessGuid'>{8B6011A9-BF25-6192-9C00-00000000F201}</Data><Data Name='ProcessId'>5756</Data><Data Name='Image'>C:\Program Files\dcrypt\dcrypt.exe</Data><Data Name='ImageLoaded'>C:\Windows\System32\advapi32.dll</Data><Data Name='FileVersion'>10.0.14393.4467 (rs1_release.210604-1844)</Data><Data Name='Description'>Advanced Windows 32 Base API</Data><Data Name='Product'>Microsoft® Windows® Operating System</Data><Data Name='Company'>Microsoft Corporation</Data><Data Name='OriginalFileName'>advapi32.dll</Data><Data Name='Hashes'>MD5=A8CDCAC5C32D14ED8AADDF5489FC5D55,SHA256=140F07A8F6780DAFE20CC4FBE86C9332FB2F0C26ED8F49914BD05265C63EF6F1</Data><Data Name='Signed'>true</Data><Data Name='Signature'>Microsoft Windows</Data><Data Name='SignatureStatus'>Valid</Data></EventData></Event>
<Event xmlns='http://schemas.microsoft.com/win/2004/08/events/event'><System><Provider Name='Microsoft-Windows-Sysmon' Guid='{5770385F-C22A-43E0-BF4C-06F5698FFBD9}'/><EventID>7</EventID><Version>3</Version><Level>4</Level><Task>7</Task><Opcode>0</Opcode><Keywords>0x8000000000000000</Keywords><TimeCreated SystemTime='2021-11-15T20:12:21.739665800Z'/><EventRecordID>60642502</EventRecordID><Correlation/><Execution ProcessID='2900' ThreadID='2896'/><Channel>Microsoft-Windows-Sysmon/Operational</Channel><Computer>win-dc-469.attackrange.local</Computer><Security UserID='S-1-5-18'/></System><EventData><Data Name='RuleName'>-</Data><Data Name='UtcTime'>2021-11-15 20:12:21.724</Data><Data Name='ProcessGuid'>{8B6011A9-BF25-6192-9C00-00000000F201}</Data><Data Name='ProcessId'>5756</Data><Data Name='Image'>C:\Program Files\dcrypt\dcrypt.exe</Data><Data Name='ImageLoaded'>C:\Windows\System32\msvcrt.dll</Data><Data Name='FileVersion'>7.0.14393.2457 (rs1_release_inmarket.180822-1743)</Data><Data Name='Description'>Windows NT CRT DLL</Data><Data Name='Product'>Microsoft® Windows® Operating System</Data><Data Name='Company'>Microsoft Corporation</Data><Data Name='OriginalFileName'>msvcrt.dll</Data><Data Name='Hashes'>MD5=0AF8989DD67A135B536CF948E3EFB7EB,SHA256=C693DA0EF4DCF3BC244661B9FD280FE12C3053FDD7B977712C0CF210831B2EF4</Data><Data Name='Signed'>true</Data><Data Name='Signature'>Microsoft Windows</Data><Data Name='SignatureStatus'>Valid</Data></EventData></Event>
<Event xmlns='http://schemas.microsoft.com/win/2004/08/events/event'><System><Provider Name='Microsoft-Windows-Sysmon' Guid='{5770385F-C22A-43E0-BF4C-06F5698FFBD9}'/><EventID>7</EventID><Version>3</Version><Level>4</Level><Task>7</Task><Opcode>0</Opcode><Keywords>0x8000000000000000</Keywords><TimeCreated SystemTime='2021-11-15T20:12:21.739275200Z'/><EventRecordID>60642501</EventRecordID><Correlation/><Execution ProcessID='2900' ThreadID='2896'/><Channel>Microsoft-Windows-Sysmon/Operational</Channel><Computer>win-dc-469.attackrange.local</Computer><Security UserID='S-1-5-18'/></System><EventData><Data Name='RuleName'>-</Data><Data Name='UtcTime'>2021-11-15 20:12:21.724</Data><Data Name='ProcessGuid'>{8B6011A9-BF25-6192-9C00-00000000F201}</Data><Data Name='ProcessId'>5756</Data><Data Name='Image'>C:\Program Files\dcrypt\dcrypt.exe</Data><Data Name='ImageLoaded'>C:\Windows\WinSxS\amd64_microsoft.windows.common-controls_6595b64144ccf1df_5.82.14393.2457_none_a13eaee9d8fd5c07\comctl32.dll</Data><Data Name='FileVersion'>5.82 (rs1_release_inmarket.180822-1743)</Data><Data Name='Description'>Common Controls Library</Data><Data Name='Product'>Microsoft® Windows® Operating System</Data><Data Name='Company'>Microsoft Corporation</Data><Data Name='OriginalFileName'>COMCTL32.DLL</Data><Data Name='Hashes'>MD5=C89866876D676708892DEEA04A886CDA,SHA256=6C498F9AFFC75DFAADDACB9D1D4248862622FB2B06F0A410BA303A26FEADFF2B</Data><Data Name='Signed'>true</Data><Data Name='Signature'>Microsoft Windows</Data><Data Name='SignatureStatus'>Valid</Data></EventData></Event>
<Event xmlns='http://schemas.microsoft.com/win/2004/08/events/event'><System><Provider Name='Microsoft-Windows-Sysmon' Guid='{5770385F-C22A-43E0-BF4C-06F5698FFBD9}'/><EventID>7</EventID><Version>3</Version><Level>4</Level><Task>7</Task><Opcode>0</Opcode><Keywords>0x8000000000000000</Keywords><TimeCreated SystemTime='2021-11-15T20:12:21.736982600Z'/><EventRecordID>60642500</EventRecordID><Correlation/><Execution ProcessID='2900' ThreadID='2896'/><Channel>Microsoft-Windows-Sysmon/Operational</Channel><Computer>win-dc-469.attackrange.local</Computer><Security UserID='S-1-5-18'/></System><EventData><Data Name='RuleName'>-</Data><Data Name='UtcTime'>2021-11-15 20:12:21.724</Data><Data Name='ProcessGuid'>{8B6011A9-BF25-6192-9C00-00000000F201}</Data><Data Name='ProcessId'>5756</Data><Data Name='Image'>C:\Program Files\dcrypt\dcrypt.exe</Data><Data Name='ImageLoaded'>C:\Windows\System32\shlwapi.dll</Data><Data Name='FileVersion'>10.0.14393.4169 (rs1_release.210107-1130)</Data><Data Name='Description'>Shell Light-weight Utility Library</Data><Data Name='Product'>Microsoft® Windows® Operating System</Data><Data Name='Company'>Microsoft Corporation</Data><Data Name='OriginalFileName'>SHLWAPI.DLL</Data><Data Name='Hashes'>MD5=F9E249B6BB80C06BA30A61854567796C,SHA256=E5F62CD5D2FE7BE8D4E029ECA004A8773FF8D1F7AB92C115810AD54B5B8F50CA</Data><Data Name='Signed'>true</Data><Data Name='Signature'>Microsoft Windows</Data><Data Name='SignatureStatus'>Valid</Data></EventData></Event>
<Event xmlns='http://schemas.microsoft.com/win/2004/08/events/event'><System><Provider Name='Microsoft-Windows-Sysmon' Guid='{5770385F-C22A-43E0-BF4C-06F5698FFBD9}'/><EventID>7</EventID><Version>3</Version><Level>4</Level><Task>7</Task><Opcode>0</Opcode><Keywords>0x8000000000000000</Keywords><TimeCreated SystemTime='2021-11-15T20:12:21.736077800Z'/><EventRecordID>60642499</EventRecordID><Correlation/><Execution ProcessID='2900' ThreadID='2896'/><Channel>Microsoft-Windows-Sysmon/Operational</Channel><Computer>win-dc-469.attackrange.local</Computer><Security UserID='S-1-5-18'/></System><EventData><Data Name='RuleName'>-</Data><Data Name='UtcTime'>2021-11-15 20:12:21.724</Data><Data Name='ProcessGuid'>{8B6011A9-BF25-6192-9C00-00000000F201}</Data><Data Name='ProcessId'>5756</Data><Data Name='Image'>C:\Program Files\dcrypt\dcrypt.exe</Data><Data Name='ImageLoaded'>C:\Windows\System32\apphelp.dll</Data><Data Name='FileVersion'>10.0.14393.4350 (rs1_release.210407-2154)</Data><Data Name='Description'>Application Compatibility Client Library</Data><Data Name='Product'>Microsoft® Windows® Operating System</Data><Data Name='Company'>Microsoft Corporation</Data><Data Name='OriginalFileName'>Apphelp</Data><Data Name='Hashes'>MD5=92330FA0551BFFBB8C1C97E86F9A0264,SHA256=0F341AF375236EBF7047F6AE50F2834566F0D859F0F02B8A5FFD7F29C31B0117</Data><Data Name='Signed'>true</Data><Data Name='Signature'>Microsoft Windows</Data><Data Name='SignatureStatus'>Valid</Data></EventData></Event>
<Event xmlns='http://schemas.microsoft.com/win/2004/08/events/event'><System><Provider Name='Microsoft-Windows-Sysmon' Guid='{5770385F-C22A-43E0-BF4C-06F5698FFBD9}'/><EventID>7</EventID><Version>3</Version><Level>4</Level><Task>7</Task><Opcode>0</Opcode><Keywords>0x8000000000000000</Keywords><TimeCreated SystemTime='2021-11-15T20:12:21.732874700Z'/><EventRecordID>60642498</EventRecordID><Correlation/><Execution ProcessID='2900' ThreadID='2896'/><Channel>Microsoft-Windows-Sysmon/Operational</Channel><Computer>win-dc-469.attackrange.local</Computer><Security UserID='S-1-5-18'/></System><EventData><Data Name='RuleName'>-</Data><Data Name='UtcTime'>2021-11-15 20:12:21.724</Data><Data Name='ProcessGuid'>{8B6011A9-BF25-6192-9C00-00000000F201}</Data><Data Name='ProcessId'>5756</Data><Data Name='Image'>C:\Program Files\dcrypt\dcrypt.exe</Data><Data Name='ImageLoaded'>C:\Windows\System32\KernelBase.dll</Data><Data Name='FileVersion'>10.0.14393.4350 (rs1_release.210407-2154)</Data><Data Name='Description'>Windows NT BASE API Client DLL</Data><Data Name='Product'>Microsoft® Windows® Operating System</Data><Data Name='Company'>Microsoft Corporation</Data><Data Name='OriginalFileName'>Kernelbase.dll</Data><Data Name='Hashes'>MD5=0F627827D9CFFA8E0BCF30F013FB7209,SHA256=EA47C3E471801ACA92EE449C66CF785EA670ADE92A5A2D5CDB81C93DD72ABEF0</Data><Data Name='Signed'>true</Data><Data Name='Signature'>Microsoft Windows</Data><Data Name='SignatureStatus'>Valid</Data></EventData></Event>
<Event xmlns='http://schemas.microsoft.com/win/2004/08/events/event'><System><Provider Name='Microsoft-Windows-Sysmon' Guid='{5770385F-C22A-43E0-BF4C-06F5698FFBD9}'/><EventID>7</EventID><Version>3</Version><Level>4</Level><Task>7</Task><Opcode>0</Opcode><Keywords>0x8000000000000000</Keywords><TimeCreated SystemTime='2021-11-15T20:12:21.731710900Z'/><EventRecordID>60642497</EventRecordID><Correlation/><Execution ProcessID='2900' ThreadID='2896'/><Channel>Microsoft-Windows-Sysmon/Operational</Channel><Computer>win-dc-469.attackrange.local</Computer><Security UserID='S-1-5-18'/></System><EventData><Data Name='RuleName'>-</Data><Data Name='UtcTime'>2021-11-15 20:12:21.724</Data><Data Name='ProcessGuid'>{8B6011A9-BF25-6192-9C00-00000000F201}</Data><Data Name='ProcessId'>5756</Data><Data Name='Image'>C:\Program Files\dcrypt\dcrypt.exe</Data><Data Name='ImageLoaded'>C:\Windows\System32\kernel32.dll</Data><Data Name='FileVersion'>10.0.14393.4350 (rs1_release.210407-2154)</Data><Data Name='Description'>Windows NT BASE API Client DLL</Data><Data Name='Product'>Microsoft® Windows® Operating System</Data><Data Name='Company'>Microsoft Corporation</Data><Data Name='OriginalFileName'>kernel32</Data><Data Name='Hashes'>MD5=A5AD62615D2361BFAEC6C047B199184C,SHA256=B43F3DFDAF7BAA7A2B97015631F96CE429C50348D380080CFC29C36F959D7886</Data><Data Name='Signed'>true</Data><Data Name='Signature'>Microsoft Windows</Data><Data Name='SignatureStatus'>Valid</Data></EventData></Event>
<Event xmlns='http://schemas.microsoft.com/win/2004/08/events/event'><System><Provider Name='Microsoft-Windows-Sysmon' Guid='{5770385F-C22A-43E0-BF4C-06F5698FFBD9}'/><EventID>10</EventID><Version>3</Version><Level>4</Level><Task>10</Task><Opcode>0</Opcode><Keywords>0x8000000000000000</Keywords><TimeCreated SystemTime='2021-11-15T20:12:21.729153600Z'/><EventRecordID>60642487</EventRecordID><Correlation/><Execution ProcessID='2900' ThreadID='2896'/><Channel>Microsoft-Windows-Sysmon/Operational</Channel><Computer>win-dc-469.attackrange.local</Computer><Security UserID='S-1-5-18'/></System><EventData><Data Name='RuleName'>-</Data><Data Name='UtcTime'>2021-11-15 20:12:21.724</Data><Data Name='SourceProcessGUID'>{8B6011A9-BEE0-6192-1000-00000000F201}</Data><Data Name='SourceProcessId'>424</Data><Data Name='SourceThreadId'>5764</Data><Data Name='SourceImage'>C:\Windows\System32\svchost.exe</Data><Data Name='TargetProcessGUID'>{8B6011A9-BF25-6192-9C00-00000000F201}</Data><Data Name='TargetProcessId'>5756</Data><Data Name='TargetImage'>C:\Program Files\dcrypt\dcrypt.exe</Data><Data Name='GrantedAccess'>0x1fffff</Data><Data Name='CallTrace'>C:\Windows\SYSTEM32\ntdll.dll+a6134|C:\Windows\System32\KERNELBASE.dll+221bd|c:\windows\system32\pcasvc.dll+ac96|c:\windows\system32\pcasvc.dll+aaf6|c:\windows\system32\pcasvc.dll+aab8|C:\Windows\System32\KERNEL32.DLL+84d4|C:\Windows\SYSTEM32\ntdll.dll+51781</Data></EventData></Event>
<Event xmlns='http://schemas.microsoft.com/win/2004/08/events/event'><System><Provider Name='Microsoft-Windows-Sysmon' Guid='{5770385F-C22A-43E0-BF4C-06F5698FFBD9}'/><EventID>13</EventID><Version>2</Version><Level>4</Level><Task>13</Task><Opcode>0</Opcode><Keywords>0x8000000000000000</Keywords><TimeCreated SystemTime='2021-11-15T20:12:21.728384000Z'/><EventRecordID>60642477</EventRecordID><Correlation/><Execution ProcessID='2900' ThreadID='2896'/><Channel>Microsoft-Windows-Sysmon/Operational</Channel><Computer>win-dc-469.attackrange.local</Computer><Security UserID='S-1-5-18'/></System><EventData><Data Name='RuleName'>-</Data><Data Name='EventType'>SetValue</Data><Data Name='UtcTime'>2021-11-15 20:12:21.724</Data><Data Name='ProcessGuid'>{8B6011A9-BEE0-6192-1000-00000000F201}</Data><Data Name='ProcessId'>424</Data><Data Name='Image'>C:\Windows\System32\svchost.exe</Data><Data Name='TargetObject'>\REGISTRY\A\{79ec7d7b-0da4-a25c-4761-73e18ed9e4bf}\Root\InventoryApplicationFile\dcrypt.exe|1d01dc962080c690\Usn</Data><Data Name='Details'>QWORD (0x00000001-0xfe46b2a8)</Data></EventData></Event>
<Event xmlns='http://schemas.microsoft.com/win/2004/08/events/event'><System><Provider Name='Microsoft-Windows-Sysmon' Guid='{5770385F-C22A-43E0-BF4C-06F5698FFBD9}'/><EventID>13</EventID><Version>2</Version><Level>4</Level><Task>13</Task><Opcode>0</Opcode><Keywords>0x8000000000000000</Keywords><TimeCreated SystemTime='2021-11-15T20:12:21.728334300Z'/><EventRecordID>60642475</EventRecordID><Correlation/><Execution ProcessID='2900' ThreadID='2896'/><Channel>Microsoft-Windows-Sysmon/Operational</Channel><Computer>win-dc-469.attackrange.local</Computer><Security UserID='S-1-5-18'/></System><EventData><Data Name='RuleName'>-</Data><Data Name='EventType'>SetValue</Data><Data Name='UtcTime'>2021-11-15 20:12:21.724</Data><Data Name='ProcessGuid'>{8B6011A9-BEE0-6192-1000-00000000F201}</Data><Data Name='ProcessId'>424</Data><Data Name='Image'>C:\Windows\System32\svchost.exe</Data><Data Name='TargetObject'>\REGISTRY\A\{79ec7d7b-0da4-a25c-4761-73e18ed9e4bf}\Root\InventoryApplicationFile\dcrypt.exe|1d01dc962080c690\Language</Data><Data Name='Details'>DWORD (0x00000009)</Data></EventData></Event>
<Event xmlns='http://schemas.microsoft.com/win/2004/08/events/event'><System><Provider Name='Microsoft-Windows-Sysmon' Guid='{5770385F-C22A-43E0-BF4C-06F5698FFBD9}'/><EventID>13</EventID><Version>2</Version><Level>4</Level><Task>13</Task><Opcode>0</Opcode><Keywords>0x8000000000000000</Keywords><TimeCreated SystemTime='2021-11-15T20:12:21.728309600Z'/><EventRecordID>60642474</EventRecordID><Correlation/><Execution ProcessID='2900' ThreadID='2896'/><Channel>Microsoft-Windows-Sysmon/Operational</Channel><Computer>win-dc-469.attackrange.local</Computer><Security UserID='S-1-5-18'/></System><EventData><Data Name='RuleName'>-</Data><Data Name='EventType'>SetValue</Data><Data Name='UtcTime'>2021-11-15 20:12:21.724</Data><Data Name='ProcessGuid'>{8B6011A9-BEE0-6192-1000-00000000F201}</Data><Data Name='ProcessId'>424</Data><Data Name='Image'>C:\Windows\System32\svchost.exe</Data><Data Name='TargetObject'>\REGISTRY\A\{79ec7d7b-0da4-a25c-4761-73e18ed9e4bf}\Root\InventoryApplicationFile\dcrypt.exe|1d01dc962080c690\Size</Data><Data Name='Details'>QWORD (0x00000000-0x0004a458)</Data></EventData></Event>
<Event xmlns='http://schemas.microsoft.com/win/2004/08/events/event'><System><Provider Name='Microsoft-Windows-Sysmon' Guid='{5770385F-C22A-43E0-BF4C-06F5698FFBD9}'/><EventID>13</EventID><Version>2</Version><Level>4</Level><Task>13</Task><Opcode>0</Opcode><Keywords>0x8000000000000000</Keywords><TimeCreated SystemTime='2021-11-15T20:12:21.728259100Z'/><EventRecordID>60642472</EventRecordID><Correlation/><Execution ProcessID='2900' ThreadID='2896'/><Channel>Microsoft-Windows-Sysmon/Operational</Channel><Computer>win-dc-469.attackrange.local</Computer><Security UserID='S-1-5-18'/></System><EventData><Data Name='RuleName'>-</Data><Data Name='EventType'>SetValue</Data><Data Name='UtcTime'>2021-11-15 20:12:21.724</Data><Data Name='ProcessGuid'>{8B6011A9-BEE0-6192-1000-00000000F201}</Data><Data Name='ProcessId'>424</Data><Data Name='Image'>C:\Windows\System32\svchost.exe</Data><Data Name='TargetObject'>\REGISTRY\A\{79ec7d7b-0da4-a25c-4761-73e18ed9e4bf}\Root\InventoryApplicationFile\dcrypt.exe|1d01dc962080c690\AppxPackageRelativeId</Data><Data Name='Details'>(Empty)</Data></EventData></Event>
<Event xmlns='http://schemas.microsoft.com/win/2004/08/events/event'><System><Provider Name='Microsoft-Windows-Sysmon' Guid='{5770385F-C22A-43E0-BF4C-06F5698FFBD9}'/><EventID>13</EventID><Version>2</Version><Level>4</Level><Task>13</Task><Opcode>0</Opcode><Keywords>0x8000000000000000</Keywords><TimeCreated SystemTime='2021-11-15T20:12:21.728234400Z'/><EventRecordID>60642471</EventRecordID><Correlation/><Execution ProcessID='2900' ThreadID='2896'/><Channel>Microsoft-Windows-Sysmon/Operational</Channel><Computer>win-dc-469.attackrange.local</Computer><Security UserID='S-1-5-18'/></System><EventData><Data Name='RuleName'>-</Data><Data Name='EventType'>SetValue</Data><Data Name='UtcTime'>2021-11-15 20:12:21.724</Data><Data Name='ProcessGuid'>{8B6011A9-BEE0-6192-1000-00000000F201}</Data><Data Name='ProcessId'>424</Data><Data Name='Image'>C:\Windows\System32\svchost.exe</Data><Data Name='TargetObject'>\REGISTRY\A\{79ec7d7b-0da4-a25c-4761-73e18ed9e4bf}\Root\InventoryApplicationFile\dcrypt.exe|1d01dc962080c690\AppxPackageFullName</Data><Data Name='Details'>(Empty)</Data></EventData></Event>
<Event xmlns='http://schemas.microsoft.com/win/2004/08/events/event'><System><Provider Name='Microsoft-Windows-Sysmon' Guid='{5770385F-C22A-43E0-BF4C-06F5698FFBD9}'/><EventID>13</EventID><Version>2</Version><Level>4</Level><Task>13</Task><Opcode>0</Opcode><Keywords>0x8000000000000000</Keywords><TimeCreated SystemTime='2021-11-15T20:12:21.728209700Z'/><EventRecordID>60642470</EventRecordID><Correlation/><Execution ProcessID='2900' ThreadID='2896'/><Channel>Microsoft-Windows-Sysmon/Operational</Channel><Computer>win-dc-469.attackrange.local</Computer><Security UserID='S-1-5-18'/></System><EventData><Data Name='RuleName'>-</Data><Data Name='EventType'>SetValue</Data><Data Name='UtcTime'>2021-11-15 20:12:21.724</Data><Data Name='ProcessGuid'>{8B6011A9-BEE0-6192-1000-00000000F201}</Data><Data Name='ProcessId'>424</Data><Data Name='Image'>C:\Windows\System32\svchost.exe</Data><Data Name='TargetObject'>\REGISTRY\A\{79ec7d7b-0da4-a25c-4761-73e18ed9e4bf}\Root\InventoryApplicationFile\dcrypt.exe|1d01dc962080c690\BinProductVersion</Data><Data Name='Details'>1.2.848.118</Data></EventData></Event>
<Event xmlns='http://schemas.microsoft.com/win/2004/08/events/event'><System><Provider Name='Microsoft-Windows-Sysmon' Guid='{5770385F-C22A-43E0-BF4C-06F5698FFBD9}'/><EventID>13</EventID><Version>2</Version><Level>4</Level><Task>13</Task><Opcode>0</Opcode><Keywords>0x8000000000000000</Keywords><TimeCreated SystemTime='2021-11-15T20:12:21.728181000Z'/><EventRecordID>60642469</EventRecordID><Correlation/><Execution ProcessID='2900' ThreadID='2896'/><Channel>Microsoft-Windows-Sysmon/Operational</Channel><Computer>win-dc-469.attackrange.local</Computer><Security UserID='S-1-5-18'/></System><EventData><Data Name='RuleName'>-</Data><Data Name='EventType'>SetValue</Data><Data Name='UtcTime'>2021-11-15 20:12:21.724</Data><Data Name='ProcessGuid'>{8B6011A9-BEE0-6192-1000-00000000F201}</Data><Data Name='ProcessId'>424</Data><Data Name='Image'>C:\Windows\System32\svchost.exe</Data><Data Name='TargetObject'>\REGISTRY\A\{79ec7d7b-0da4-a25c-4761-73e18ed9e4bf}\Root\InventoryApplicationFile\dcrypt.exe|1d01dc962080c690\LinkDate</Data><Data Name='Details'>04/20/2020 20:10:52</Data></EventData></Event>
<Event xmlns='http://schemas.microsoft.com/win/2004/08/events/event'><System><Provider Name='Microsoft-Windows-Sysmon' Guid='{5770385F-C22A-43E0-BF4C-06F5698FFBD9}'/><EventID>13</EventID><Version>2</Version><Level>4</Level><Task>13</Task><Opcode>0</Opcode><Keywords>0x8000000000000000</Keywords><TimeCreated SystemTime='2021-11-15T20:12:21.728156300Z'/><EventRecordID>60642468</EventRecordID><Correlation/><Execution ProcessID='2900' ThreadID='2896'/><Channel>Microsoft-Windows-Sysmon/Operational</Channel><Computer>win-dc-469.attackrange.local</Computer><Security UserID='S-1-5-18'/></System><EventData><Data Name='RuleName'>-</Data><Data Name='EventType'>SetValue</Data><Data Name='UtcTime'>2021-11-15 20:12:21.724</Data><Data Name='ProcessGuid'>{8B6011A9-BEE0-6192-1000-00000000F201}</Data><Data Name='ProcessId'>424</Data><Data Name='Image'>C:\Windows\System32\svchost.exe</Data><Data Name='TargetObject'>\REGISTRY\A\{79ec7d7b-0da4-a25c-4761-73e18ed9e4bf}\Root\InventoryApplicationFile\dcrypt.exe|1d01dc962080c690\ProductVersion</Data><Data Name='Details'>1.2</Data></EventData></Event>
<Event xmlns='http://schemas.microsoft.com/win/2004/08/events/event'><System><Provider Name='Microsoft-Windows-Sysmon' Guid='{5770385F-C22A-43E0-BF4C-06F5698FFBD9}'/><EventID>13</EventID><Version>2</Version><Level>4</Level><Task>13</Task><Opcode>0</Opcode><Keywords>0x8000000000000000</Keywords><TimeCreated SystemTime='2021-11-15T20:12:21.728081500Z'/><EventRecordID>60642465</EventRecordID><Correlation/><Execution ProcessID='2900' ThreadID='2896'/><Channel>Microsoft-Windows-Sysmon/Operational</Channel><Computer>win-dc-469.attackrange.local</Computer><Security UserID='S-1-5-18'/></System><EventData><Data Name='RuleName'>-</Data><Data Name='EventType'>SetValue</Data><Data Name='UtcTime'>2021-11-15 20:12:21.724</Data><Data Name='ProcessGuid'>{8B6011A9-BEE0-6192-1000-00000000F201}</Data><Data Name='ProcessId'>424</Data><Data Name='Image'>C:\Windows\System32\svchost.exe</Data><Data Name='TargetObject'>\REGISTRY\A\{79ec7d7b-0da4-a25c-4761-73e18ed9e4bf}\Root\InventoryApplicationFile\dcrypt.exe|1d01dc962080c690\ProductName</Data><Data Name='Details'>diskcryptor</Data></EventData></Event>
<Event xmlns='http://schemas.microsoft.com/win/2004/08/events/event'><System><Provider Name='Microsoft-Windows-Sysmon' Guid='{5770385F-C22A-43E0-BF4C-06F5698FFBD9}'/><EventID>13</EventID><Version>2</Version><Level>4</Level><Task>13</Task><Opcode>0</Opcode><Keywords>0x8000000000000000</Keywords><TimeCreated SystemTime='2021-11-15T20:12:21.728056400Z'/><EventRecordID>60642464</EventRecordID><Correlation/><Execution ProcessID='2900' ThreadID='2896'/><Channel>Microsoft-Windows-Sysmon/Operational</Channel><Computer>win-dc-469.attackrange.local</Computer><Security UserID='S-1-5-18'/></System><EventData><Data Name='RuleName'>-</Data><Data Name='EventType'>SetValue</Data><Data Name='UtcTime'>2021-11-15 20:12:21.724</Data><Data Name='ProcessGuid'>{8B6011A9-BEE0-6192-1000-00000000F201}</Data><Data Name='ProcessId'>424</Data><Data Name='Image'>C:\Windows\System32\svchost.exe</Data><Data Name='TargetObject'>\REGISTRY\A\{79ec7d7b-0da4-a25c-4761-73e18ed9e4bf}\Root\InventoryApplicationFile\dcrypt.exe|1d01dc962080c690\BinaryType</Data><Data Name='Details'>pe64_amd64</Data></EventData></Event>
<Event xmlns='http://schemas.microsoft.com/win/2004/08/events/event'><System><Provider Name='Microsoft-Windows-Sysmon' Guid='{5770385F-C22A-43E0-BF4C-06F5698FFBD9}'/><EventID>13</EventID><Version>2</Version><Level>4</Level><Task>13</Task><Opcode>0</Opcode><Keywords>0x8000000000000000</Keywords><TimeCreated SystemTime='2021-11-15T20:12:21.728032200Z'/><EventRecordID>60642463</EventRecordID><Correlation/><Execution ProcessID='2900' ThreadID='2896'/><Channel>Microsoft-Windows-Sysmon/Operational</Channel><Computer>win-dc-469.attackrange.local</Computer><Security UserID='S-1-5-18'/></System><EventData><Data Name='RuleName'>-</Data><Data Name='EventType'>SetValue</Data><Data Name='UtcTime'>2021-11-15 20:12:21.724</Data><Data Name='ProcessGuid'>{8B6011A9-BEE0-6192-1000-00000000F201}</Data><Data Name='ProcessId'>424</Data><Data Name='Image'>C:\Windows\System32\svchost.exe</Data><Data Name='TargetObject'>\REGISTRY\A\{79ec7d7b-0da4-a25c-4761-73e18ed9e4bf}\Root\InventoryApplicationFile\dcrypt.exe|1d01dc962080c690\BinFileVersion</Data><Data Name='Details'>1.2.848.118</Data></EventData></Event>
<Event xmlns='http://schemas.microsoft.com/win/2004/08/events/event'><System><Provider Name='Microsoft-Windows-Sysmon' Guid='{5770385F-C22A-43E0-BF4C-06F5698FFBD9}'/><EventID>13</EventID><Version>2</Version><Level>4</Level><Task>13</Task><Opcode>0</Opcode><Keywords>0x8000000000000000</Keywords><TimeCreated SystemTime='2021-11-15T20:12:21.728007100Z'/><EventRecordID>60642462</EventRecordID><Correlation/><Execution ProcessID='2900' ThreadID='2896'/><Channel>Microsoft-Windows-Sysmon/Operational</Channel><Computer>win-dc-469.attackrange.local</Computer><Security UserID='S-1-5-18'/></System><EventData><Data Name='RuleName'>-</Data><Data Name='EventType'>SetValue</Data><Data Name='UtcTime'>2021-11-15 20:12:21.724</Data><Data Name='ProcessGuid'>{8B6011A9-BEE0-6192-1000-00000000F201}</Data><Data Name='ProcessId'>424</Data><Data Name='Image'>C:\Windows\System32\svchost.exe</Data><Data Name='TargetObject'>\REGISTRY\A\{79ec7d7b-0da4-a25c-4761-73e18ed9e4bf}\Root\InventoryApplicationFile\dcrypt.exe|1d01dc962080c690\Version</Data><Data Name='Details'>1.2 beta 3</Data></EventData></Event>
<Event xmlns='http://schemas.microsoft.com/win/2004/08/events/event'><System><Provider Name='Microsoft-Windows-Sysmon' Guid='{5770385F-C22A-43E0-BF4C-06F5698FFBD9}'/><EventID>13</EventID><Version>2</Version><Level>4</Level><Task>13</Task><Opcode>0</Opcode><Keywords>0x8000000000000000</Keywords><TimeCreated SystemTime='2021-11-15T20:12:21.727982800Z'/><EventRecordID>60642461</EventRecordID><Correlation/><Execution ProcessID='2900' ThreadID='2896'/><Channel>Microsoft-Windows-Sysmon/Operational</Channel><Computer>win-dc-469.attackrange.local</Computer><Security UserID='S-1-5-18'/></System><EventData><Data Name='RuleName'>-</Data><Data Name='EventType'>SetValue</Data><Data Name='UtcTime'>2021-11-15 20:12:21.724</Data><Data Name='ProcessGuid'>{8B6011A9-BEE0-6192-1000-00000000F201}</Data><Data Name='ProcessId'>424</Data><Data Name='Image'>C:\Windows\System32\svchost.exe</Data><Data Name='TargetObject'>\REGISTRY\A\{79ec7d7b-0da4-a25c-4761-73e18ed9e4bf}\Root\InventoryApplicationFile\dcrypt.exe|1d01dc962080c690\Publisher</Data><Data Name='Details'>(Empty)</Data></EventData></Event>
<Event xmlns='http://schemas.microsoft.com/win/2004/08/events/event'><System><Provider Name='Microsoft-Windows-Sysmon' Guid='{5770385F-C22A-43E0-BF4C-06F5698FFBD9}'/><EventID>13</EventID><Version>2</Version><Level>4</Level><Task>13</Task><Opcode>0</Opcode><Keywords>0x8000000000000000</Keywords><TimeCreated SystemTime='2021-11-15T20:12:21.727958200Z'/><EventRecordID>60642460</EventRecordID><Correlation/><Execution ProcessID='2900' ThreadID='2896'/><Channel>Microsoft-Windows-Sysmon/Operational</Channel><Computer>win-dc-469.attackrange.local</Computer><Security UserID='S-1-5-18'/></System><EventData><Data Name='RuleName'>-</Data><Data Name='EventType'>SetValue</Data><Data Name='UtcTime'>2021-11-15 20:12:21.724</Data><Data Name='ProcessGuid'>{8B6011A9-BEE0-6192-1000-00000000F201}</Data><Data Name='ProcessId'>424</Data><Data Name='Image'>C:\Windows\System32\svchost.exe</Data><Data Name='TargetObject'>\REGISTRY\A\{79ec7d7b-0da4-a25c-4761-73e18ed9e4bf}\Root\InventoryApplicationFile\dcrypt.exe|1d01dc962080c690\OriginalFileName</Data><Data Name='Details'>dcrypt.exe</Data></EventData></Event>
<Event xmlns='http://schemas.microsoft.com/win/2004/08/events/event'><System><Provider Name='Microsoft-Windows-Sysmon' Guid='{5770385F-C22A-43E0-BF4C-06F5698FFBD9}'/><EventID>13</EventID><Version>2</Version><Level>4</Level><Task>13</Task><Opcode>0</Opcode><Keywords>0x8000000000000000</Keywords><TimeCreated SystemTime='2021-11-15T20:12:21.727933500Z'/><EventRecordID>60642459</EventRecordID><Correlation/><Execution ProcessID='2900' ThreadID='2896'/><Channel>Microsoft-Windows-Sysmon/Operational</Channel><Computer>win-dc-469.attackrange.local</Computer><Security UserID='S-1-5-18'/></System><EventData><Data Name='RuleName'>-</Data><Data Name='EventType'>SetValue</Data><Data Name='UtcTime'>2021-11-15 20:12:21.724</Data><Data Name='ProcessGuid'>{8B6011A9-BEE0-6192-1000-00000000F201}</Data><Data Name='ProcessId'>424</Data><Data Name='Image'>C:\Windows\System32\svchost.exe</Data><Data Name='TargetObject'>\REGISTRY\A\{79ec7d7b-0da4-a25c-4761-73e18ed9e4bf}\Root\InventoryApplicationFile\dcrypt.exe|1d01dc962080c690\Name</Data><Data Name='Details'>dcrypt.exe</Data></EventData></Event>
<Event xmlns='http://schemas.microsoft.com/win/2004/08/events/event'><System><Provider Name='Microsoft-Windows-Sysmon' Guid='{5770385F-C22A-43E0-BF4C-06F5698FFBD9}'/><EventID>13</EventID><Version>2</Version><Level>4</Level><Task>13</Task><Opcode>0</Opcode><Keywords>0x8000000000000000</Keywords><TimeCreated SystemTime='2021-11-15T20:12:21.727908400Z'/><EventRecordID>60642458</EventRecordID><Correlation/><Execution ProcessID='2900' ThreadID='2896'/><Channel>Microsoft-Windows-Sysmon/Operational</Channel><Computer>win-dc-469.attackrange.local</Computer><Security UserID='S-1-5-18'/></System><EventData><Data Name='RuleName'>-</Data><Data Name='EventType'>SetValue</Data><Data Name='UtcTime'>2021-11-15 20:12:21.724</Data><Data Name='ProcessGuid'>{8B6011A9-BEE0-6192-1000-00000000F201}</Data><Data Name='ProcessId'>424</Data><Data Name='Image'>C:\Windows\System32\svchost.exe</Data><Data Name='TargetObject'>\REGISTRY\A\{79ec7d7b-0da4-a25c-4761-73e18ed9e4bf}\Root\InventoryApplicationFile\dcrypt.exe|1d01dc962080c690\LongPathHash</Data><Data Name='Details'>dcrypt.exe|1d01dc962080c690</Data></EventData></Event>
<Event xmlns='http://schemas.microsoft.com/win/2004/08/events/event'><System><Provider Name='Microsoft-Windows-Sysmon' Guid='{5770385F-C22A-43E0-BF4C-06F5698FFBD9}'/><EventID>13</EventID><Version>2</Version><Level>4</Level><Task>13</Task><Opcode>0</Opcode><Keywords>0x8000000000000000</Keywords><TimeCreated SystemTime='2021-11-15T20:12:21.727882500Z'/><EventRecordID>60642457</EventRecordID><Correlation/><Execution ProcessID='2900' ThreadID='2896'/><Channel>Microsoft-Windows-Sysmon/Operational</Channel><Computer>win-dc-469.attackrange.local</Computer><Security UserID='S-1-5-18'/></System><EventData><Data Name='RuleName'>-</Data><Data Name='EventType'>SetValue</Data><Data Name='UtcTime'>2021-11-15 20:12:21.724</Data><Data Name='ProcessGuid'>{8B6011A9-BEE0-6192-1000-00000000F201}</Data><Data Name='ProcessId'>424</Data><Data Name='Image'>C:\Windows\System32\svchost.exe</Data><Data Name='TargetObject'>\REGISTRY\A\{79ec7d7b-0da4-a25c-4761-73e18ed9e4bf}\Root\InventoryApplicationFile\dcrypt.exe|1d01dc962080c690\LowerCaseLongPath</Data><Data Name='Details'>c:\program files\dcrypt\dcrypt.exe</Data></EventData></Event>
<Event xmlns='http://schemas.microsoft.com/win/2004/08/events/event'><System><Provider Name='Microsoft-Windows-Sysmon' Guid='{5770385F-C22A-43E0-BF4C-06F5698FFBD9}'/><EventID>13</EventID><Version>2</Version><Level>4</Level><Task>13</Task><Opcode>0</Opcode><Keywords>0x8000000000000000</Keywords><TimeCreated SystemTime='2021-11-15T20:12:21.727855400Z'/><EventRecordID>60642456</EventRecordID><Correlation/><Execution ProcessID='2900' ThreadID='2896'/><Channel>Microsoft-Windows-Sysmon/Operational</Channel><Computer>win-dc-469.attackrange.local</Computer><Security UserID='S-1-5-18'/></System><EventData><Data Name='RuleName'>-</Data><Data Name='EventType'>SetValue</Data><Data Name='UtcTime'>2021-11-15 20:12:21.724</Data><Data Name='ProcessGuid'>{8B6011A9-BEE0-6192-1000-00000000F201}</Data><Data Name='ProcessId'>424</Data><Data Name='Image'>C:\Windows\System32\svchost.exe</Data><Data Name='TargetObject'>\REGISTRY\A\{79ec7d7b-0da4-a25c-4761-73e18ed9e4bf}\Root\InventoryApplicationFile\dcrypt.exe|1d01dc962080c690\FileId</Data><Data Name='Details'>00001b32a8bfd336344f3318bfda9b8e13b98301f00e</Data></EventData></Event>
<Event xmlns='http://schemas.microsoft.com/win/2004/08/events/event'><System><Provider Name='Microsoft-Windows-Sysmon' Guid='{5770385F-C22A-43E0-BF4C-06F5698FFBD9}'/><EventID>13</EventID><Version>2</Version><Level>4</Level><Task>13</Task><Opcode>0</Opcode><Keywords>0x8000000000000000</Keywords><TimeCreated SystemTime='2021-11-15T20:12:21.727760000Z'/><EventRecordID>60642454</EventRecordID><Correlation/><Execution ProcessID='2900' ThreadID='2896'/><Channel>Microsoft-Windows-Sysmon/Operational</Channel><Computer>win-dc-469.attackrange.local</Computer><Security UserID='S-1-5-18'/></System><EventData><Data Name='RuleName'>-</Data><Data Name='EventType'>SetValue</Data><Data Name='UtcTime'>2021-11-15 20:12:21.724</Data><Data Name='ProcessGuid'>{8B6011A9-BEE0-6192-1000-00000000F201}</Data><Data Name='ProcessId'>424</Data><Data Name='Image'>C:\Windows\System32\svchost.exe</Data><Data Name='TargetObject'>\REGISTRY\A\{79ec7d7b-0da4-a25c-4761-73e18ed9e4bf}\Root\InventoryApplicationFile\dcrypt.exe|1d01dc962080c690\ProgramId</Data><Data Name='Details'>000096b5d73b3dfe78aa5e4df2cf661273760000ffff</Data></EventData></Event>
<Event xmlns='http://schemas.microsoft.com/win/2004/08/events/event'><System><Provider Name='Microsoft-Windows-Sysmon' Guid='{5770385F-C22A-43E0-BF4C-06F5698FFBD9}'/><EventID>12</EventID><Version>2</Version><Level>4</Level><Task>12</Task><Opcode>0</Opcode><Keywords>0x8000000000000000</Keywords><TimeCreated SystemTime='2021-11-15T20:12:21.727725100Z'/><EventRecordID>60642453</EventRecordID><Correlation/><Execution ProcessID='2900' ThreadID='2896'/><Channel>Microsoft-Windows-Sysmon/Operational</Channel><Computer>win-dc-469.attackrange.local</Computer><Security UserID='S-1-5-18'/></System><EventData><Data Name='RuleName'>-</Data><Data Name='EventType'>CreateKey</Data><Data Name='UtcTime'>2021-11-15 20:12:21.724</Data><Data Name='ProcessGuid'>{8B6011A9-BEE0-6192-1000-00000000F201}</Data><Data Name='ProcessId'>424</Data><Data Name='Image'>C:\Windows\System32\svchost.exe</Data><Data Name='TargetObject'>\REGISTRY\A\{79ec7d7b-0da4-a25c-4761-73e18ed9e4bf}\Root\InventoryApplicationFile\dcrypt.exe|1d01dc962080c690</Data></EventData></Event>
<Event xmlns='http://schemas.microsoft.com/win/2004/08/events/event'><System><Provider Name='Microsoft-Windows-Sysmon' Guid='{5770385F-C22A-43E0-BF4C-06F5698FFBD9}'/><EventID>13</EventID><Version>2</Version><Level>4</Level><Task>13</Task><Opcode>0</Opcode><Keywords>0x8000000000000000</Keywords><TimeCreated SystemTime='2021-11-15T20:12:21.658808900Z'/><EventRecordID>60642376</EventRecordID><Correlation/><Execution ProcessID='2900' ThreadID='2896'/><Channel>Microsoft-Windows-Sysmon/Operational</Channel><Computer>win-dc-469.attackrange.local</Computer><Security UserID='S-1-5-18'/></System><EventData><Data Name='RuleName'>-</Data><Data Name='EventType'>SetValue</Data><Data Name='UtcTime'>2021-11-15 20:12:21.646</Data><Data Name='ProcessGuid'>{8B6011A9-BEE0-6192-1000-00000000F201}</Data><Data Name='ProcessId'>424</Data><Data Name='Image'>C:\Windows\System32\svchost.exe</Data><Data Name='TargetObject'>HKU\S-1-5-21-3946589728-3102711660-3528854901-500\SOFTWARE\Microsoft\Windows NT\CurrentVersion\AppCompatFlags\Compatibility Assistant\Store\C:\Program Files\dcrypt\dcrypt.exe</Data><Data Name='Details'>Binary Data</Data></EventData></Event>
<Event xmlns='http://schemas.microsoft.com/win/2004/08/events/event'><System><Provider Name='Microsoft-Windows-Sysmon' Guid='{5770385F-C22A-43E0-BF4C-06F5698FFBD9}'/><EventID>10</EventID><Version>3</Version><Level>4</Level><Task>10</Task><Opcode>0</Opcode><Keywords>0x8000000000000000</Keywords><TimeCreated SystemTime='2021-11-15T20:12:21.653887500Z'/><EventRecordID>60642373</EventRecordID><Correlation/><Execution ProcessID='2900' ThreadID='2896'/><Channel>Microsoft-Windows-Sysmon/Operational</Channel><Computer>win-dc-469.attackrange.local</Computer><Security UserID='S-1-5-18'/></System><EventData><Data Name='RuleName'>-</Data><Data Name='UtcTime'>2021-11-15 20:12:21.646</Data><Data Name='SourceProcessGUID'>{8B6011A9-BEE0-6192-1000-00000000F201}</Data><Data Name='SourceProcessId'>424</Data><Data Name='SourceThreadId'>1100</Data><Data Name='SourceImage'>C:\Windows\System32\svchost.exe</Data><Data Name='TargetProcessGUID'>{8B6011A9-BF25-6192-9C00-00000000F201}</Data><Data Name='TargetProcessId'>5756</Data><Data Name='TargetImage'>C:\Program Files\dcrypt\dcrypt.exe</Data><Data Name='GrantedAccess'>0x1400</Data><Data Name='CallTrace'>C:\Windows\SYSTEM32\ntdll.dll+a6134|C:\Windows\System32\KERNELBASE.dll+5eab4|c:\windows\system32\pcasvc.dll+52e4|c:\windows\system32\pcasvc.dll+58a9|c:\windows\system32\pcasvc.dll+5b49|C:\Windows\System32\RPCRT4.dll+7a593|C:\Windows\System32\RPCRT4.dll+d9f41|C:\Windows\System32\RPCRT4.dll+62d4c|C:\Windows\System32\RPCRT4.dll+4a274|C:\Windows\System32\RPCRT4.dll+4918d|C:\Windows\System32\RPCRT4.dll+49cde|C:\Windows\System32\RPCRT4.dll+30ed7|C:\Windows\System32\RPCRT4.dll+3152c|C:\Windows\System32\RPCRT4.dll+1ae1c|C:\Windows\System32\RPCRT4.dll+1c67b|C:\Windows\System32\RPCRT4.dll+43a2a|C:\Windows\SYSTEM32\ntdll.dll+1d34e|C:\Windows\SYSTEM32\ntdll.dll+1ecb9|C:\Windows\System32\KERNEL32.DLL+84d4|C:\Windows\SYSTEM32\ntdll.dll+51781</Data></EventData></Event>
