<Event xmlns='http://schemas.microsoft.com/win/2004/08/events/event'><System><Provider Name='Microsoft-Windows-Sysmon' Guid='{5770385F-C22A-43E0-BF4C-06F5698FFBD9}'/><EventID>13</EventID><Version>2</Version><Level>4</Level><Task>13</Task><Opcode>0</Opcode><Keywords>0x8000000000000000</Keywords><TimeCreated SystemTime='2021-11-15T20:10:38.480419800Z'/><EventRecordID>60597732</EventRecordID><Correlation/><Execution ProcessID='2856' ThreadID='2088'/><Channel>Microsoft-Windows-Sysmon/Operational</Channel><Computer>win-dc-469.attackrange.local</Computer><Security UserID='S-1-5-18'/></System><EventData><Data Name='RuleName'>-</Data><Data Name='EventType'>SetValue</Data><Data Name='UtcTime'>2021-11-15 20:10:38.468</Data><Data Name='ProcessGuid'>{8B6011A9-BEB6-6192-0B79-05000000F101}</Data><Data Name='ProcessId'>5300</Data><Data Name='Image'>C:\Windows\system32\compattelrunner.exe</Data><Data Name='TargetObject'>\REGISTRY\A\{c542d6e6-4369-75a0-e589-45898c83b470}\Root\InventoryApplicationFile\dcrypt.exe|1d01dc962080c690\Version</Data><Data Name='Details'>1.2 beta 3</Data></EventData></Event>
<Event xmlns='http://schemas.microsoft.com/win/2004/08/events/event'><System><Provider Name='Microsoft-Windows-Sysmon' Guid='{5770385F-C22A-43E0-BF4C-06F5698FFBD9}'/><EventID>13</EventID><Version>2</Version><Level>4</Level><Task>13</Task><Opcode>0</Opcode><Keywords>0x8000000000000000</Keywords><TimeCreated SystemTime='2021-11-15T20:10:38.480391200Z'/><EventRecordID>60597731</EventRecordID><Correlation/><Execution ProcessID='2856' ThreadID='2088'/><Channel>Microsoft-Windows-Sysmon/Operational</Channel><Computer>win-dc-469.attackrange.local</Computer><Security UserID='S-1-5-18'/></System><EventData><Data Name='RuleName'>-</Data><Data Name='EventType'>SetValue</Data><Data Name='UtcTime'>2021-11-15 20:10:38.468</Data><Data Name='ProcessGuid'>{8B6011A9-BEB6-6192-0B79-05000000F101}</Data><Data Name='ProcessId'>5300</Data><Data Name='Image'>C:\Windows\system32\compattelrunner.exe</Data><Data Name='TargetObject'>\REGISTRY\A\{c542d6e6-4369-75a0-e589-45898c83b470}\Root\InventoryApplicationFile\dcrypt.exe|1d01dc962080c690\Publisher</Data><Data Name='Details'>(Empty)</Data></EventData></Event>
<Event xmlns='http://schemas.microsoft.com/win/2004/08/events/event'><System><Provider Name='Microsoft-Windows-Sysmon' Guid='{5770385F-C22A-43E0-BF4C-06F5698FFBD9}'/><EventID>13</EventID><Version>2</Version><Level>4</Level><Task>13</Task><Opcode>0</Opcode><Keywords>0x8000000000000000</Keywords><TimeCreated SystemTime='2021-11-15T20:10:38.480338300Z'/><EventRecordID>60597730</EventRecordID><Correlation/><Execution ProcessID='2856' ThreadID='2088'/><Channel>Microsoft-Windows-Sysmon/Operational</Channel><Computer>win-dc-469.attackrange.local</Computer><Security UserID='S-1-5-18'/></System><EventData><Data Name='RuleName'>-</Data><Data Name='EventType'>SetValue</Data><Data Name='UtcTime'>2021-11-15 20:10:38.468</Data><Data Name='ProcessGuid'>{8B6011A9-BEB6-6192-0B79-05000000F101}</Data><Data Name='ProcessId'>5300</Data><Data Name='Image'>C:\Windows\system32\compattelrunner.exe</Data><Data Name='TargetObject'>\REGISTRY\A\{c542d6e6-4369-75a0-e589-45898c83b470}\Root\InventoryApplicationFile\dcrypt.exe|1d01dc962080c690\OriginalFileName</Data><Data Name='Details'>dcrypt.exe</Data></EventData></Event>
<Event xmlns='http://schemas.microsoft.com/win/2004/08/events/event'><System><Provider Name='Microsoft-Windows-Sysmon' Guid='{5770385F-C22A-43E0-BF4C-06F5698FFBD9}'/><EventID>13</EventID><Version>2</Version><Level>4</Level><Task>13</Task><Opcode>0</Opcode><Keywords>0x8000000000000000</Keywords><TimeCreated SystemTime='2021-11-15T20:10:38.480309600Z'/><EventRecordID>60597729</EventRecordID><Correlation/><Execution ProcessID='2856' ThreadID='2088'/><Channel>Microsoft-Windows-Sysmon/Operational</Channel><Computer>win-dc-469.attackrange.local</Computer><Security UserID='S-1-5-18'/></System><EventData><Data Name='RuleName'>-</Data><Data Name='EventType'>SetValue</Data><Data Name='UtcTime'>2021-11-15 20:10:38.468</Data><Data Name='ProcessGuid'>{8B6011A9-BEB6-6192-0B79-05000000F101}</Data><Data Name='ProcessId'>5300</Data><Data Name='Image'>C:\Windows\system32\compattelrunner.exe</Data><Data Name='TargetObject'>\REGISTRY\A\{c542d6e6-4369-75a0-e589-45898c83b470}\Root\InventoryApplicationFile\dcrypt.exe|1d01dc962080c690\Name</Data><Data Name='Details'>dcrypt.exe</Data></EventData></Event>
<Event xmlns='http://schemas.microsoft.com/win/2004/08/events/event'><System><Provider Name='Microsoft-Windows-Sysmon' Guid='{5770385F-C22A-43E0-BF4C-06F5698FFBD9}'/><EventID>13</EventID><Version>2</Version><Level>4</Level><Task>13</Task><Opcode>0</Opcode><Keywords>0x8000000000000000</Keywords><TimeCreated SystemTime='2021-11-15T20:10:38.480260900Z'/><EventRecordID>60597728</EventRecordID><Correlation/><Execution ProcessID='2856' ThreadID='2088'/><Channel>Microsoft-Windows-Sysmon/Operational</Channel><Computer>win-dc-469.attackrange.local</Computer><Security UserID='S-1-5-18'/></System><EventData><Data Name='RuleName'>-</Data><Data Name='EventType'>SetValue</Data><Data Name='UtcTime'>2021-11-15 20:10:38.468</Data><Data Name='ProcessGuid'>{8B6011A9-BEB6-6192-0B79-05000000F101}</Data><Data Name='ProcessId'>5300</Data><Data Name='Image'>C:\Windows\system32\compattelrunner.exe</Data><Data Name='TargetObject'>\REGISTRY\A\{c542d6e6-4369-75a0-e589-45898c83b470}\Root\InventoryApplicationFile\dcrypt.exe|1d01dc962080c690\LongPathHash</Data><Data Name='Details'>dcrypt.exe|1d01dc962080c690</Data></EventData></Event>
<Event xmlns='http://schemas.microsoft.com/win/2004/08/events/event'><System><Provider Name='Microsoft-Windows-Sysmon' Guid='{5770385F-C22A-43E0-BF4C-06F5698FFBD9}'/><EventID>13</EventID><Version>2</Version><Level>4</Level><Task>13</Task><Opcode>0</Opcode><Keywords>0x8000000000000000</Keywords><TimeCreated SystemTime='2021-11-15T20:10:38.480231400Z'/><EventRecordID>60597727</EventRecordID><Correlation/><Execution ProcessID='2856' ThreadID='2088'/><Channel>Microsoft-Windows-Sysmon/Operational</Channel><Computer>win-dc-469.attackrange.local</Computer><Security UserID='S-1-5-18'/></System><EventData><Data Name='RuleName'>-</Data><Data Name='EventType'>SetValue</Data><Data Name='UtcTime'>2021-11-15 20:10:38.468</Data><Data Name='ProcessGuid'>{8B6011A9-BEB6-6192-0B79-05000000F101}</Data><Data Name='ProcessId'>5300</Data><Data Name='Image'>C:\Windows\system32\compattelrunner.exe</Data><Data Name='TargetObject'>\REGISTRY\A\{c542d6e6-4369-75a0-e589-45898c83b470}\Root\InventoryApplicationFile\dcrypt.exe|1d01dc962080c690\LowerCaseLongPath</Data><Data Name='Details'>c:\program files\dcrypt\dcrypt.exe</Data></EventData></Event>
<Event xmlns='http://schemas.microsoft.com/win/2004/08/events/event'><System><Provider Name='Microsoft-Windows-Sysmon' Guid='{5770385F-C22A-43E0-BF4C-06F5698FFBD9}'/><EventID>13</EventID><Version>2</Version><Level>4</Level><Task>13</Task><Opcode>0</Opcode><Keywords>0x8000000000000000</Keywords><TimeCreated SystemTime='2021-11-15T20:10:38.480179000Z'/><EventRecordID>60597726</EventRecordID><Correlation/><Execution ProcessID='2856' ThreadID='2088'/><Channel>Microsoft-Windows-Sysmon/Operational</Channel><Computer>win-dc-469.attackrange.local</Computer><Security UserID='S-1-5-18'/></System><EventData><Data Name='RuleName'>-</Data><Data Name='EventType'>SetValue</Data><Data Name='UtcTime'>2021-11-15 20:10:38.468</Data><Data Name='ProcessGuid'>{8B6011A9-BEB6-6192-0B79-05000000F101}</Data><Data Name='ProcessId'>5300</Data><Data Name='Image'>C:\Windows\system32\compattelrunner.exe</Data><Data Name='TargetObject'>\REGISTRY\A\{c542d6e6-4369-75a0-e589-45898c83b470}\Root\InventoryApplicationFile\dcrypt.exe|1d01dc962080c690\FileId</Data><Data Name='Details'>(Empty)</Data></EventData></Event>
<Event xmlns='http://schemas.microsoft.com/win/2004/08/events/event'><System><Provider Name='Microsoft-Windows-Sysmon' Guid='{5770385F-C22A-43E0-BF4C-06F5698FFBD9}'/><EventID>13</EventID><Version>2</Version><Level>4</Level><Task>13</Task><Opcode>0</Opcode><Keywords>0x8000000000000000</Keywords><TimeCreated SystemTime='2021-11-15T20:10:38.480135600Z'/><EventRecordID>60597725</EventRecordID><Correlation/><Execution ProcessID='2856' ThreadID='2088'/><Channel>Microsoft-Windows-Sysmon/Operational</Channel><Computer>win-dc-469.attackrange.local</Computer><Security UserID='S-1-5-18'/></System><EventData><Data Name='RuleName'>-</Data><Data Name='EventType'>SetValue</Data><Data Name='UtcTime'>2021-11-15 20:10:38.468</Data><Data Name='ProcessGuid'>{8B6011A9-BEB6-6192-0B79-05000000F101}</Data><Data Name='ProcessId'>5300</Data><Data Name='Image'>C:\Windows\system32\compattelrunner.exe</Data><Data Name='TargetObject'>\REGISTRY\A\{c542d6e6-4369-75a0-e589-45898c83b470}\Root\InventoryApplicationFile\dcrypt.exe|1d01dc962080c690\ProgramId</Data><Data Name='Details'>000096b5d73b3dfe78aa5e4df2cf661273760000ffff</Data></EventData></Event>
<Event xmlns='http://schemas.microsoft.com/win/2004/08/events/event'><System><Provider Name='Microsoft-Windows-Sysmon' Guid='{5770385F-C22A-43E0-BF4C-06F5698FFBD9}'/><EventID>12</EventID><Version>2</Version><Level>4</Level><Task>12</Task><Opcode>0</Opcode><Keywords>0x8000000000000000</Keywords><TimeCreated SystemTime='2021-11-15T20:10:38.480078200Z'/><EventRecordID>60597724</EventRecordID><Correlation/><Execution ProcessID='2856' ThreadID='2088'/><Channel>Microsoft-Windows-Sysmon/Operational</Channel><Computer>win-dc-469.attackrange.local</Computer><Security UserID='S-1-5-18'/></System><EventData><Data Name='RuleName'>-</Data><Data Name='EventType'>CreateKey</Data><Data Name='UtcTime'>2021-11-15 20:10:38.468</Data><Data Name='ProcessGuid'>{8B6011A9-BEB6-6192-0B79-05000000F101}</Data><Data Name='ProcessId'>5300</Data><Data Name='Image'>C:\Windows\system32\compattelrunner.exe</Data><Data Name='TargetObject'>\REGISTRY\A\{c542d6e6-4369-75a0-e589-45898c83b470}\Root\InventoryApplicationFile\dcrypt.exe|1d01dc962080c690</Data></EventData></Event>
<Event xmlns='http://schemas.microsoft.com/win/2004/08/events/event'><System><Provider Name='Microsoft-Windows-Sysmon' Guid='{5770385F-C22A-43E0-BF4C-06F5698FFBD9}'/><EventID>13</EventID><Version>2</Version><Level>4</Level><Task>13</Task><Opcode>0</Opcode><Keywords>0x8000000000000000</Keywords><TimeCreated SystemTime='2021-11-15T20:10:38.479604300Z'/><EventRecordID>60597723</EventRecordID><Correlation/><Execution ProcessID='2856' ThreadID='2088'/><Channel>Microsoft-Windows-Sysmon/Operational</Channel><Computer>win-dc-469.attackrange.local</Computer><Security UserID='S-1-5-18'/></System><EventData><Data Name='RuleName'>-</Data><Data Name='EventType'>SetValue</Data><Data Name='UtcTime'>2021-11-15 20:10:38.468</Data><Data Name='ProcessGuid'>{8B6011A9-BEB6-6192-0B79-05000000F101}</Data><Data Name='ProcessId'>5300</Data><Data Name='Image'>C:\Windows\system32\compattelrunner.exe</Data><Data Name='TargetObject'>\REGISTRY\A\{c542d6e6-4369-75a0-e589-45898c83b470}\Root\InventoryApplicationFile\dcinst.exe|d5e6e2653f561f79\Usn</Data><Data Name='Details'>QWORD (0x00000001-0xfe469e30)</Data></EventData></Event>
<Event xmlns='http://schemas.microsoft.com/win/2004/08/events/event'><System><Provider Name='Microsoft-Windows-Sysmon' Guid='{5770385F-C22A-43E0-BF4C-06F5698FFBD9}'/><EventID>13</EventID><Version>2</Version><Level>4</Level><Task>13</Task><Opcode>0</Opcode><Keywords>0x8000000000000000</Keywords><TimeCreated SystemTime='2021-11-15T20:10:38.479555200Z'/><EventRecordID>60597722</EventRecordID><Correlation/><Execution ProcessID='2856' ThreadID='2088'/><Channel>Microsoft-Windows-Sysmon/Operational</Channel><Computer>win-dc-469.attackrange.local</Computer><Security UserID='S-1-5-18'/></System><EventData><Data Name='RuleName'>-</Data><Data Name='EventType'>SetValue</Data><Data Name='UtcTime'>2021-11-15 20:10:38.468</Data><Data Name='ProcessGuid'>{8B6011A9-BEB6-6192-0B79-05000000F101}</Data><Data Name='ProcessId'>5300</Data><Data Name='Image'>C:\Windows\system32\compattelrunner.exe</Data><Data Name='TargetObject'>\REGISTRY\A\{c542d6e6-4369-75a0-e589-45898c83b470}\Root\InventoryApplicationFile\dcinst.exe|d5e6e2653f561f79\Language</Data><Data Name='Details'>DWORD (0x00000009)</Data></EventData></Event>
<Event xmlns='http://schemas.microsoft.com/win/2004/08/events/event'><System><Provider Name='Microsoft-Windows-Sysmon' Guid='{5770385F-C22A-43E0-BF4C-06F5698FFBD9}'/><EventID>13</EventID><Version>2</Version><Level>4</Level><Task>13</Task><Opcode>0</Opcode><Keywords>0x8000000000000000</Keywords><TimeCreated SystemTime='2021-11-15T20:10:38.479526500Z'/><EventRecordID>60597721</EventRecordID><Correlation/><Execution ProcessID='2856' ThreadID='2088'/><Channel>Microsoft-Windows-Sysmon/Operational</Channel><Computer>win-dc-469.attackrange.local</Computer><Security UserID='S-1-5-18'/></System><EventData><Data Name='RuleName'>-</Data><Data Name='EventType'>SetValue</Data><Data Name='UtcTime'>2021-11-15 20:10:38.468</Data><Data Name='ProcessGuid'>{8B6011A9-BEB6-6192-0B79-05000000F101}</Data><Data Name='ProcessId'>5300</Data><Data Name='Image'>C:\Windows\system32\compattelrunner.exe</Data><Data Name='TargetObject'>\REGISTRY\A\{c542d6e6-4369-75a0-e589-45898c83b470}\Root\InventoryApplicationFile\dcinst.exe|d5e6e2653f561f79\Size</Data><Data Name='Details'>QWORD (0x00000000-0x00017058)</Data></EventData></Event>
<Event xmlns='http://schemas.microsoft.com/win/2004/08/events/event'><System><Provider Name='Microsoft-Windows-Sysmon' Guid='{5770385F-C22A-43E0-BF4C-06F5698FFBD9}'/><EventID>13</EventID><Version>2</Version><Level>4</Level><Task>13</Task><Opcode>0</Opcode><Keywords>0x8000000000000000</Keywords><TimeCreated SystemTime='2021-11-15T20:10:38.479497000Z'/><EventRecordID>60597720</EventRecordID><Correlation/><Execution ProcessID='2856' ThreadID='2088'/><Channel>Microsoft-Windows-Sysmon/Operational</Channel><Computer>win-dc-469.attackrange.local</Computer><Security UserID='S-1-5-18'/></System><EventData><Data Name='RuleName'>-</Data><Data Name='EventType'>SetValue</Data><Data Name='UtcTime'>2021-11-15 20:10:38.468</Data><Data Name='ProcessGuid'>{8B6011A9-BEB6-6192-0B79-05000000F101}</Data><Data Name='ProcessId'>5300</Data><Data Name='Image'>C:\Windows\system32\compattelrunner.exe</Data><Data Name='TargetObject'>\REGISTRY\A\{c542d6e6-4369-75a0-e589-45898c83b470}\Root\InventoryApplicationFile\dcinst.exe|d5e6e2653f561f79\AppxPackageRelativeId</Data><Data Name='Details'>(Empty)</Data></EventData></Event>
<Event xmlns='http://schemas.microsoft.com/win/2004/08/events/event'><System><Provider Name='Microsoft-Windows-Sysmon' Guid='{5770385F-C22A-43E0-BF4C-06F5698FFBD9}'/><EventID>13</EventID><Version>2</Version><Level>4</Level><Task>13</Task><Opcode>0</Opcode><Keywords>0x8000000000000000</Keywords><TimeCreated SystemTime='2021-11-15T20:10:38.479447400Z'/><EventRecordID>60597719</EventRecordID><Correlation/><Execution ProcessID='2856' ThreadID='2088'/><Channel>Microsoft-Windows-Sysmon/Operational</Channel><Computer>win-dc-469.attackrange.local</Computer><Security UserID='S-1-5-18'/></System><EventData><Data Name='RuleName'>-</Data><Data Name='EventType'>SetValue</Data><Data Name='UtcTime'>2021-11-15 20:10:38.468</Data><Data Name='ProcessGuid'>{8B6011A9-BEB6-6192-0B79-05000000F101}</Data><Data Name='ProcessId'>5300</Data><Data Name='Image'>C:\Windows\system32\compattelrunner.exe</Data><Data Name='TargetObject'>\REGISTRY\A\{c542d6e6-4369-75a0-e589-45898c83b470}\Root\InventoryApplicationFile\dcinst.exe|d5e6e2653f561f79\AppxPackageFullName</Data><Data Name='Details'>(Empty)</Data></EventData></Event>
<Event xmlns='http://schemas.microsoft.com/win/2004/08/events/event'><System><Provider Name='Microsoft-Windows-Sysmon' Guid='{5770385F-C22A-43E0-BF4C-06F5698FFBD9}'/><EventID>13</EventID><Version>2</Version><Level>4</Level><Task>13</Task><Opcode>0</Opcode><Keywords>0x8000000000000000</Keywords><TimeCreated SystemTime='2021-11-15T20:10:38.479419200Z'/><EventRecordID>60597718</EventRecordID><Correlation/><Execution ProcessID='2856' ThreadID='2088'/><Channel>Microsoft-Windows-Sysmon/Operational</Channel><Computer>win-dc-469.attackrange.local</Computer><Security UserID='S-1-5-18'/></System><EventData><Data Name='RuleName'>-</Data><Data Name='EventType'>SetValue</Data><Data Name='UtcTime'>2021-11-15 20:10:38.468</Data><Data Name='ProcessGuid'>{8B6011A9-BEB6-6192-0B79-05000000F101}</Data><Data Name='ProcessId'>5300</Data><Data Name='Image'>C:\Windows\system32\compattelrunner.exe</Data><Data Name='TargetObject'>\REGISTRY\A\{c542d6e6-4369-75a0-e589-45898c83b470}\Root\InventoryApplicationFile\dcinst.exe|d5e6e2653f561f79\BinProductVersion</Data><Data Name='Details'>1.2.848.118</Data></EventData></Event>
<Event xmlns='http://schemas.microsoft.com/win/2004/08/events/event'><System><Provider Name='Microsoft-Windows-Sysmon' Guid='{5770385F-C22A-43E0-BF4C-06F5698FFBD9}'/><EventID>13</EventID><Version>2</Version><Level>4</Level><Task>13</Task><Opcode>0</Opcode><Keywords>0x8000000000000000</Keywords><TimeCreated SystemTime='2021-11-15T20:10:38.479341300Z'/><EventRecordID>60597717</EventRecordID><Correlation/><Execution ProcessID='2856' ThreadID='2088'/><Channel>Microsoft-Windows-Sysmon/Operational</Channel><Computer>win-dc-469.attackrange.local</Computer><Security UserID='S-1-5-18'/></System><EventData><Data Name='RuleName'>-</Data><Data Name='EventType'>SetValue</Data><Data Name='UtcTime'>2021-11-15 20:10:38.468</Data><Data Name='ProcessGuid'>{8B6011A9-BEB6-6192-0B79-05000000F101}</Data><Data Name='ProcessId'>5300</Data><Data Name='Image'>C:\Windows\system32\compattelrunner.exe</Data><Data Name='TargetObject'>\REGISTRY\A\{c542d6e6-4369-75a0-e589-45898c83b470}\Root\InventoryApplicationFile\dcinst.exe|d5e6e2653f561f79\LinkDate</Data><Data Name='Details'>04/20/2020 20:10:56</Data></EventData></Event>
<Event xmlns='http://schemas.microsoft.com/win/2004/08/events/event'><System><Provider Name='Microsoft-Windows-Sysmon' Guid='{5770385F-C22A-43E0-BF4C-06F5698FFBD9}'/><EventID>13</EventID><Version>2</Version><Level>4</Level><Task>13</Task><Opcode>0</Opcode><Keywords>0x8000000000000000</Keywords><TimeCreated SystemTime='2021-11-15T20:10:38.479291000Z'/><EventRecordID>60597716</EventRecordID><Correlation/><Execution ProcessID='2856' ThreadID='2088'/><Channel>Microsoft-Windows-Sysmon/Operational</Channel><Computer>win-dc-469.attackrange.local</Computer><Security UserID='S-1-5-18'/></System><EventData><Data Name='RuleName'>-</Data><Data Name='EventType'>SetValue</Data><Data Name='UtcTime'>2021-11-15 20:10:38.468</Data><Data Name='ProcessGuid'>{8B6011A9-BEB6-6192-0B79-05000000F101}</Data><Data Name='ProcessId'>5300</Data><Data Name='Image'>C:\Windows\system32\compattelrunner.exe</Data><Data Name='TargetObject'>\REGISTRY\A\{c542d6e6-4369-75a0-e589-45898c83b470}\Root\InventoryApplicationFile\dcinst.exe|d5e6e2653f561f79\ProductVersion</Data><Data Name='Details'>1.2</Data></EventData></Event>
<Event xmlns='http://schemas.microsoft.com/win/2004/08/events/event'><System><Provider Name='Microsoft-Windows-Sysmon' Guid='{5770385F-C22A-43E0-BF4C-06F5698FFBD9}'/><EventID>13</EventID><Version>2</Version><Level>4</Level><Task>13</Task><Opcode>0</Opcode><Keywords>0x8000000000000000</Keywords><TimeCreated SystemTime='2021-11-15T20:10:38.479258200Z'/><EventRecordID>60597715</EventRecordID><Correlation/><Execution ProcessID='2856' ThreadID='2088'/><Channel>Microsoft-Windows-Sysmon/Operational</Channel><Computer>win-dc-469.attackrange.local</Computer><Security UserID='S-1-5-18'/></System><EventData><Data Name='RuleName'>-</Data><Data Name='EventType'>SetValue</Data><Data Name='UtcTime'>2021-11-15 20:10:38.468</Data><Data Name='ProcessGuid'>{8B6011A9-BEB6-6192-0B79-05000000F101}</Data><Data Name='ProcessId'>5300</Data><Data Name='Image'>C:\Windows\system32\compattelrunner.exe</Data><Data Name='TargetObject'>\REGISTRY\A\{c542d6e6-4369-75a0-e589-45898c83b470}\Root\InventoryApplicationFile\dcinst.exe|d5e6e2653f561f79\ProductName</Data><Data Name='Details'>diskcryptor</Data></EventData></Event>
<Event xmlns='http://schemas.microsoft.com/win/2004/08/events/event'><System><Provider Name='Microsoft-Windows-Sysmon' Guid='{5770385F-C22A-43E0-BF4C-06F5698FFBD9}'/><EventID>13</EventID><Version>2</Version><Level>4</Level><Task>13</Task><Opcode>0</Opcode><Keywords>0x8000000000000000</Keywords><TimeCreated SystemTime='2021-11-15T20:10:38.479209400Z'/><EventRecordID>60597714</EventRecordID><Correlation/><Execution ProcessID='2856' ThreadID='2088'/><Channel>Microsoft-Windows-Sysmon/Operational</Channel><Computer>win-dc-469.attackrange.local</Computer><Security UserID='S-1-5-18'/></System><EventData><Data Name='RuleName'>-</Data><Data Name='EventType'>SetValue</Data><Data Name='UtcTime'>2021-11-15 20:10:38.468</Data><Data Name='ProcessGuid'>{8B6011A9-BEB6-6192-0B79-05000000F101}</Data><Data Name='ProcessId'>5300</Data><Data Name='Image'>C:\Windows\system32\compattelrunner.exe</Data><Data Name='TargetObject'>\REGISTRY\A\{c542d6e6-4369-75a0-e589-45898c83b470}\Root\InventoryApplicationFile\dcinst.exe|d5e6e2653f561f79\BinaryType</Data><Data Name='Details'>pe64_amd64</Data></EventData></Event>
<Event xmlns='http://schemas.microsoft.com/win/2004/08/events/event'><System><Provider Name='Microsoft-Windows-Sysmon' Guid='{5770385F-C22A-43E0-BF4C-06F5698FFBD9}'/><EventID>13</EventID><Version>2</Version><Level>4</Level><Task>13</Task><Opcode>0</Opcode><Keywords>0x8000000000000000</Keywords><TimeCreated SystemTime='2021-11-15T20:10:38.479179500Z'/><EventRecordID>60597713</EventRecordID><Correlation/><Execution ProcessID='2856' ThreadID='2088'/><Channel>Microsoft-Windows-Sysmon/Operational</Channel><Computer>win-dc-469.attackrange.local</Computer><Security UserID='S-1-5-18'/></System><EventData><Data Name='RuleName'>-</Data><Data Name='EventType'>SetValue</Data><Data Name='UtcTime'>2021-11-15 20:10:38.468</Data><Data Name='ProcessGuid'>{8B6011A9-BEB6-6192-0B79-05000000F101}</Data><Data Name='ProcessId'>5300</Data><Data Name='Image'>C:\Windows\system32\compattelrunner.exe</Data><Data Name='TargetObject'>\REGISTRY\A\{c542d6e6-4369-75a0-e589-45898c83b470}\Root\InventoryApplicationFile\dcinst.exe|d5e6e2653f561f79\BinFileVersion</Data><Data Name='Details'>1.2.848.118</Data></EventData></Event>
<Event xmlns='http://schemas.microsoft.com/win/2004/08/events/event'><System><Provider Name='Microsoft-Windows-Sysmon' Guid='{5770385F-C22A-43E0-BF4C-06F5698FFBD9}'/><EventID>13</EventID><Version>2</Version><Level>4</Level><Task>13</Task><Opcode>0</Opcode><Keywords>0x8000000000000000</Keywords><TimeCreated SystemTime='2021-11-15T20:10:38.479116100Z'/><EventRecordID>60597712</EventRecordID><Correlation/><Execution ProcessID='2856' ThreadID='2088'/><Channel>Microsoft-Windows-Sysmon/Operational</Channel><Computer>win-dc-469.attackrange.local</Computer><Security UserID='S-1-5-18'/></System><EventData><Data Name='RuleName'>-</Data><Data Name='EventType'>SetValue</Data><Data Name='UtcTime'>2021-11-15 20:10:38.468</Data><Data Name='ProcessGuid'>{8B6011A9-BEB6-6192-0B79-05000000F101}</Data><Data Name='ProcessId'>5300</Data><Data Name='Image'>C:\Windows\system32\compattelrunner.exe</Data><Data Name='TargetObject'>\REGISTRY\A\{c542d6e6-4369-75a0-e589-45898c83b470}\Root\InventoryApplicationFile\dcinst.exe|d5e6e2653f561f79\Version</Data><Data Name='Details'>1.2 beta 3</Data></EventData></Event>
<Event xmlns='http://schemas.microsoft.com/win/2004/08/events/event'><System><Provider Name='Microsoft-Windows-Sysmon' Guid='{5770385F-C22A-43E0-BF4C-06F5698FFBD9}'/><EventID>13</EventID><Version>2</Version><Level>4</Level><Task>13</Task><Opcode>0</Opcode><Keywords>0x8000000000000000</Keywords><TimeCreated SystemTime='2021-11-15T20:10:38.479075100Z'/><EventRecordID>60597711</EventRecordID><Correlation/><Execution ProcessID='2856' ThreadID='2088'/><Channel>Microsoft-Windows-Sysmon/Operational</Channel><Computer>win-dc-469.attackrange.local</Computer><Security UserID='S-1-5-18'/></System><EventData><Data Name='RuleName'>-</Data><Data Name='EventType'>SetValue</Data><Data Name='UtcTime'>2021-11-15 20:10:38.468</Data><Data Name='ProcessGuid'>{8B6011A9-BEB6-6192-0B79-05000000F101}</Data><Data Name='ProcessId'>5300</Data><Data Name='Image'>C:\Windows\system32\compattelrunner.exe</Data><Data Name='TargetObject'>\REGISTRY\A\{c542d6e6-4369-75a0-e589-45898c83b470}\Root\InventoryApplicationFile\dcinst.exe|d5e6e2653f561f79\Publisher</Data><Data Name='Details'>(Empty)</Data></EventData></Event>
<Event xmlns='http://schemas.microsoft.com/win/2004/08/events/event'><System><Provider Name='Microsoft-Windows-Sysmon' Guid='{5770385F-C22A-43E0-BF4C-06F5698FFBD9}'/><EventID>13</EventID><Version>2</Version><Level>4</Level><Task>13</Task><Opcode>0</Opcode><Keywords>0x8000000000000000</Keywords><TimeCreated SystemTime='2021-11-15T20:10:38.479011600Z'/><EventRecordID>60597710</EventRecordID><Correlation/><Execution ProcessID='2856' ThreadID='2088'/><Channel>Microsoft-Windows-Sysmon/Operational</Channel><Computer>win-dc-469.attackrange.local</Computer><Security UserID='S-1-5-18'/></System><EventData><Data Name='RuleName'>-</Data><Data Name='EventType'>SetValue</Data><Data Name='UtcTime'>2021-11-15 20:10:38.468</Data><Data Name='ProcessGuid'>{8B6011A9-BEB6-6192-0B79-05000000F101}</Data><Data Name='ProcessId'>5300</Data><Data Name='Image'>C:\Windows\system32\compattelrunner.exe</Data><Data Name='TargetObject'>\REGISTRY\A\{c542d6e6-4369-75a0-e589-45898c83b470}\Root\InventoryApplicationFile\dcinst.exe|d5e6e2653f561f79\OriginalFileName</Data><Data Name='Details'>dcinst.exe</Data></EventData></Event>
<Event xmlns='http://schemas.microsoft.com/win/2004/08/events/event'><System><Provider Name='Microsoft-Windows-Sysmon' Guid='{5770385F-C22A-43E0-BF4C-06F5698FFBD9}'/><EventID>13</EventID><Version>2</Version><Level>4</Level><Task>13</Task><Opcode>0</Opcode><Keywords>0x8000000000000000</Keywords><TimeCreated SystemTime='2021-11-15T20:10:38.478947700Z'/><EventRecordID>60597709</EventRecordID><Correlation/><Execution ProcessID='2856' ThreadID='2088'/><Channel>Microsoft-Windows-Sysmon/Operational</Channel><Computer>win-dc-469.attackrange.local</Computer><Security UserID='S-1-5-18'/></System><EventData><Data Name='RuleName'>-</Data><Data Name='EventType'>SetValue</Data><Data Name='UtcTime'>2021-11-15 20:10:38.468</Data><Data Name='ProcessGuid'>{8B6011A9-BEB6-6192-0B79-05000000F101}</Data><Data Name='ProcessId'>5300</Data><Data Name='Image'>C:\Windows\system32\compattelrunner.exe</Data><Data Name='TargetObject'>\REGISTRY\A\{c542d6e6-4369-75a0-e589-45898c83b470}\Root\InventoryApplicationFile\dcinst.exe|d5e6e2653f561f79\Name</Data><Data Name='Details'>dcinst.exe</Data></EventData></Event>
<Event xmlns='http://schemas.microsoft.com/win/2004/08/events/event'><System><Provider Name='Microsoft-Windows-Sysmon' Guid='{5770385F-C22A-43E0-BF4C-06F5698FFBD9}'/><EventID>13</EventID><Version>2</Version><Level>4</Level><Task>13</Task><Opcode>0</Opcode><Keywords>0x8000000000000000</Keywords><TimeCreated SystemTime='2021-11-15T20:10:38.478906700Z'/><EventRecordID>60597708</EventRecordID><Correlation/><Execution ProcessID='2856' ThreadID='2088'/><Channel>Microsoft-Windows-Sysmon/Operational</Channel><Computer>win-dc-469.attackrange.local</Computer><Security UserID='S-1-5-18'/></System><EventData><Data Name='RuleName'>-</Data><Data Name='EventType'>SetValue</Data><Data Name='UtcTime'>2021-11-15 20:10:38.468</Data><Data Name='ProcessGuid'>{8B6011A9-BEB6-6192-0B79-05000000F101}</Data><Data Name='ProcessId'>5300</Data><Data Name='Image'>C:\Windows\system32\compattelrunner.exe</Data><Data Name='TargetObject'>\REGISTRY\A\{c542d6e6-4369-75a0-e589-45898c83b470}\Root\InventoryApplicationFile\dcinst.exe|d5e6e2653f561f79\LongPathHash</Data><Data Name='Details'>dcinst.exe|d5e6e2653f561f79</Data></EventData></Event>
<Event xmlns='http://schemas.microsoft.com/win/2004/08/events/event'><System><Provider Name='Microsoft-Windows-Sysmon' Guid='{5770385F-C22A-43E0-BF4C-06F5698FFBD9}'/><EventID>13</EventID><Version>2</Version><Level>4</Level><Task>13</Task><Opcode>0</Opcode><Keywords>0x8000000000000000</Keywords><TimeCreated SystemTime='2021-11-15T20:10:38.478842000Z'/><EventRecordID>60597707</EventRecordID><Correlation/><Execution ProcessID='2856' ThreadID='2088'/><Channel>Microsoft-Windows-Sysmon/Operational</Channel><Computer>win-dc-469.attackrange.local</Computer><Security UserID='S-1-5-18'/></System><EventData><Data Name='RuleName'>-</Data><Data Name='EventType'>SetValue</Data><Data Name='UtcTime'>2021-11-15 20:10:38.468</Data><Data Name='ProcessGuid'>{8B6011A9-BEB6-6192-0B79-05000000F101}</Data><Data Name='ProcessId'>5300</Data><Data Name='Image'>C:\Windows\system32\compattelrunner.exe</Data><Data Name='TargetObject'>\REGISTRY\A\{c542d6e6-4369-75a0-e589-45898c83b470}\Root\InventoryApplicationFile\dcinst.exe|d5e6e2653f561f79\LowerCaseLongPath</Data><Data Name='Details'>c:\program files\dcrypt\dcinst.exe</Data></EventData></Event>
<Event xmlns='http://schemas.microsoft.com/win/2004/08/events/event'><System><Provider Name='Microsoft-Windows-Sysmon' Guid='{5770385F-C22A-43E0-BF4C-06F5698FFBD9}'/><EventID>13</EventID><Version>2</Version><Level>4</Level><Task>13</Task><Opcode>0</Opcode><Keywords>0x8000000000000000</Keywords><TimeCreated SystemTime='2021-11-15T20:10:38.478777300Z'/><EventRecordID>60597706</EventRecordID><Correlation/><Execution ProcessID='2856' ThreadID='2088'/><Channel>Microsoft-Windows-Sysmon/Operational</Channel><Computer>win-dc-469.attackrange.local</Computer><Security UserID='S-1-5-18'/></System><EventData><Data Name='RuleName'>-</Data><Data Name='EventType'>SetValue</Data><Data Name='UtcTime'>2021-11-15 20:10:38.468</Data><Data Name='ProcessGuid'>{8B6011A9-BEB6-6192-0B79-05000000F101}</Data><Data Name='ProcessId'>5300</Data><Data Name='Image'>C:\Windows\system32\compattelrunner.exe</Data><Data Name='TargetObject'>\REGISTRY\A\{c542d6e6-4369-75a0-e589-45898c83b470}\Root\InventoryApplicationFile\dcinst.exe|d5e6e2653f561f79\FileId</Data><Data Name='Details'>(Empty)</Data></EventData></Event>
<Event xmlns='http://schemas.microsoft.com/win/2004/08/events/event'><System><Provider Name='Microsoft-Windows-Sysmon' Guid='{5770385F-C22A-43E0-BF4C-06F5698FFBD9}'/><EventID>13</EventID><Version>2</Version><Level>4</Level><Task>13</Task><Opcode>0</Opcode><Keywords>0x8000000000000000</Keywords><TimeCreated SystemTime='2021-11-15T20:10:38.478735500Z'/><EventRecordID>60597705</EventRecordID><Correlation/><Execution ProcessID='2856' ThreadID='2088'/><Channel>Microsoft-Windows-Sysmon/Operational</Channel><Computer>win-dc-469.attackrange.local</Computer><Security UserID='S-1-5-18'/></System><EventData><Data Name='RuleName'>-</Data><Data Name='EventType'>SetValue</Data><Data Name='UtcTime'>2021-11-15 20:10:38.468</Data><Data Name='ProcessGuid'>{8B6011A9-BEB6-6192-0B79-05000000F101}</Data><Data Name='ProcessId'>5300</Data><Data Name='Image'>C:\Windows\system32\compattelrunner.exe</Data><Data Name='TargetObject'>\REGISTRY\A\{c542d6e6-4369-75a0-e589-45898c83b470}\Root\InventoryApplicationFile\dcinst.exe|d5e6e2653f561f79\ProgramId</Data><Data Name='Details'>000096b5d73b3dfe78aa5e4df2cf661273760000ffff</Data></EventData></Event>
<Event xmlns='http://schemas.microsoft.com/win/2004/08/events/event'><System><Provider Name='Microsoft-Windows-Sysmon' Guid='{5770385F-C22A-43E0-BF4C-06F5698FFBD9}'/><EventID>12</EventID><Version>2</Version><Level>4</Level><Task>12</Task><Opcode>0</Opcode><Keywords>0x8000000000000000</Keywords><TimeCreated SystemTime='2021-11-15T20:10:38.478666300Z'/><EventRecordID>60597704</EventRecordID><Correlation/><Execution ProcessID='2856' ThreadID='2088'/><Channel>Microsoft-Windows-Sysmon/Operational</Channel><Computer>win-dc-469.attackrange.local</Computer><Security UserID='S-1-5-18'/></System><EventData><Data Name='RuleName'>-</Data><Data Name='EventType'>CreateKey</Data><Data Name='UtcTime'>2021-11-15 20:10:38.468</Data><Data Name='ProcessGuid'>{8B6011A9-BEB6-6192-0B79-05000000F101}</Data><Data Name='ProcessId'>5300</Data><Data Name='Image'>C:\Windows\system32\compattelrunner.exe</Data><Data Name='TargetObject'>\REGISTRY\A\{c542d6e6-4369-75a0-e589-45898c83b470}\Root\InventoryApplicationFile\dcinst.exe|d5e6e2653f561f79</Data></EventData></Event>
<Event xmlns='http://schemas.microsoft.com/win/2004/08/events/event'><System><Provider Name='Microsoft-Windows-Sysmon' Guid='{5770385F-C22A-43E0-BF4C-06F5698FFBD9}'/><EventID>6</EventID><Version>4</Version><Level>4</Level><Task>6</Task><Opcode>0</Opcode><Keywords>0x8000000000000000</Keywords><TimeCreated SystemTime='2021-11-15T20:11:43.348340500Z'/><EventRecordID>60607880</EventRecordID><Correlation/><Execution ProcessID='2900' ThreadID='3076'/><Channel>Microsoft-Windows-Sysmon/Operational</Channel><Computer>win-dc-469.attackrange.local</Computer><Security UserID='S-1-5-18'/></System><EventData><Data Name='RuleName'>-</Data><Data Name='UtcTime'>2021-11-15 20:11:03.420</Data><Data Name='ImageLoaded'>C:\Windows\System32\drivers\dcrypt.sys</Data><Data Name='Hashes'>MD5=804AE87D087F72D53A0B5199D04C9043,SHA256=4437E74A64F52E24C9613499DC89BCF29BE9AA94B45500B190BD531E036E0DE3</Data><Data Name='Signed'>true</Data><Data Name='Signature'>Alexander Lomachevsky</Data><Data Name='SignatureStatus'>Valid</Data></EventData></Event>
<Event xmlns='http://schemas.microsoft.com/win/2004/08/events/event'><System><Provider Name='Microsoft-Windows-Sysmon' Guid='{5770385F-C22A-43E0-BF4C-06F5698FFBD9}'/><EventID>6</EventID><Version>4</Version><Level>4</Level><Task>6</Task><Opcode>0</Opcode><Keywords>0x8000000000000000</Keywords><TimeCreated SystemTime='2021-11-15T20:11:43.347877200Z'/><EventRecordID>60607879</EventRecordID><Correlation/><Execution ProcessID='2900' ThreadID='3076'/><Channel>Microsoft-Windows-Sysmon/Operational</Channel><Computer>win-dc-469.attackrange.local</Computer><Security UserID='S-1-5-18'/></System><EventData><Data Name='RuleName'>-</Data><Data Name='UtcTime'>2021-11-15 20:11:07.014</Data><Data Name='ImageLoaded'>C:\Windows\System32\drivers\dcrypt.sys</Data><Data Name='Hashes'>MD5=804AE87D087F72D53A0B5199D04C9043,SHA256=4437E74A64F52E24C9613499DC89BCF29BE9AA94B45500B190BD531E036E0DE3</Data><Data Name='Signed'>true</Data><Data Name='Signature'>Alexander Lomachevsky</Data><Data Name='SignatureStatus'>Valid</Data></EventData></Event>
<Event xmlns='http://schemas.microsoft.com/win/2004/08/events/event'><System><Provider Name='Microsoft-Windows-Sysmon' Guid='{5770385F-C22A-43E0-BF4C-06F5698FFBD9}'/><EventID>10</EventID><Version>3</Version><Level>4</Level><Task>10</Task><Opcode>0</Opcode><Keywords>0x8000000000000000</Keywords><TimeCreated SystemTime='2021-11-15T20:12:21.992701000Z'/><EventRecordID>60642802</EventRecordID><Correlation/><Execution ProcessID='2900' ThreadID='2896'/><Channel>Microsoft-Windows-Sysmon/Operational</Channel><Computer>win-dc-469.attackrange.local</Computer><Security UserID='S-1-5-18'/></System><EventData><Data Name='RuleName'>-</Data><Data Name='UtcTime'>2021-11-15 20:12:21.991</Data><Data Name='SourceProcessGUID'>{8B6011A9-BF1A-6192-9200-00000000F201}</Data><Data Name='SourceProcessId'>4156</Data><Data Name='SourceThreadId'>5028</Data><Data Name='SourceImage'>C:\Windows\Explorer.EXE</Data><Data Name='TargetProcessGUID'>{8B6011A9-BF25-6192-9C00-00000000F201}</Data><Data Name='TargetProcessId'>5756</Data><Data Name='TargetImage'>C:\Program Files\dcrypt\dcrypt.exe</Data><Data Name='GrantedAccess'>0x1400</Data><Data Name='CallTrace'>C:\Windows\SYSTEM32\ntdll.dll+a6134|C:\Windows\System32\KERNELBASE.dll+221bd|C:\Windows\System32\SHELL32.dll+17e8d|C:\Windows\System32\SHELL32.dll+61e00|C:\Windows\System32\SHELL32.dll+62390|C:\Windows\System32\TwinUI.dll+f54e1|C:\Windows\System32\TwinUI.dll+f5d4f|C:\Windows\System32\KERNEL32.DLL+84d4|C:\Windows\SYSTEM32\ntdll.dll+51781</Data></EventData></Event>
<Event xmlns='http://schemas.microsoft.com/win/2004/08/events/event'><System><Provider Name='Microsoft-Windows-Sysmon' Guid='{5770385F-C22A-43E0-BF4C-06F5698FFBD9}'/><EventID>10</EventID><Version>3</Version><Level>4</Level><Task>10</Task><Opcode>0</Opcode><Keywords>0x8000000000000000</Keywords><TimeCreated SystemTime='2021-11-15T20:12:21.992659900Z'/><EventRecordID>60642801</EventRecordID><Correlation/><Execution ProcessID='2900' ThreadID='2896'/><Channel>Microsoft-Windows-Sysmon/Operational</Channel><Computer>win-dc-469.attackrange.local</Computer><Security UserID='S-1-5-18'/></System><EventData><Data Name='RuleName'>-</Data><Data Name='UtcTime'>2021-11-15 20:12:21.991</Data><Data Name='SourceProcessGUID'>{8B6011A9-BF1A-6192-9200-00000000F201}</Data><Data Name='SourceProcessId'>4156</Data><Data Name='SourceThreadId'>5028</Data><Data Name='SourceImage'>C:\Windows\Explorer.EXE</Data><Data Name='TargetProcessGUID'>{8B6011A9-BF25-6192-9C00-00000000F201}</Data><Data Name='TargetProcessId'>5756</Data><Data Name='TargetImage'>C:\Program Files\dcrypt\dcrypt.exe</Data><Data Name='GrantedAccess'>0x1000</Data><Data Name='CallTrace'>C:\Windows\SYSTEM32\ntdll.dll+a6134|C:\Windows\System32\KERNELBASE.dll+221bd|C:\Windows\System32\SHELL32.dll+618b4|C:\Windows\System32\SHELL32.dll+62390|C:\Windows\System32\TwinUI.dll+f54e1|C:\Windows\System32\TwinUI.dll+f5d4f|C:\Windows\System32\KERNEL32.DLL+84d4|C:\Windows\SYSTEM32\ntdll.dll+51781</Data></EventData></Event>
<Event xmlns='http://schemas.microsoft.com/win/2004/08/events/event'><System><Provider Name='Microsoft-Windows-Sysmon' Guid='{5770385F-C22A-43E0-BF4C-06F5698FFBD9}'/><EventID>10</EventID><Version>3</Version><Level>4</Level><Task>10</Task><Opcode>0</Opcode><Keywords>0x8000000000000000</Keywords><TimeCreated SystemTime='2021-11-15T20:12:21.992584700Z'/><EventRecordID>60642800</EventRecordID><Correlation/><Execution ProcessID='2900' ThreadID='2896'/><Channel>Microsoft-Windows-Sysmon/Operational</Channel><Computer>win-dc-469.attackrange.local</Computer><Security UserID='S-1-5-18'/></System><EventData><Data Name='RuleName'>-</Data><Data Name='UtcTime'>2021-11-15 20:12:21.991</Data><Data Name='SourceProcessGUID'>{8B6011A9-BF1A-6192-9200-00000000F201}</Data><Data Name='SourceProcessId'>4156</Data><Data Name='SourceThreadId'>5028</Data><Data Name='SourceImage'>C:\Windows\Explorer.EXE</Data><Data Name='TargetProcessGUID'>{8B6011A9-BF25-6192-9C00-00000000F201}</Data><Data Name='TargetProcessId'>5756</Data><Data Name='TargetImage'>C:\Program Files\dcrypt\dcrypt.exe</Data><Data Name='GrantedAccess'>0x1410</Data><Data Name='CallTrace'>C:\Windows\SYSTEM32\ntdll.dll+a6134|C:\Windows\System32\KERNELBASE.dll+221bd|C:\Windows\System32\TwinUI.dll+f5319|C:\Windows\System32\TwinUI.dll+f5d4f|C:\Windows\System32\KERNEL32.DLL+84d4|C:\Windows\SYSTEM32\ntdll.dll+51781</Data></EventData></Event>
<Event xmlns='http://schemas.microsoft.com/win/2004/08/events/event'><System><Provider Name='Microsoft-Windows-Sysmon' Guid='{5770385F-C22A-43E0-BF4C-06F5698FFBD9}'/><EventID>9</EventID><Version>2</Version><Level>4</Level><Task>9</Task><Opcode>0</Opcode><Keywords>0x8000000000000000</Keywords><TimeCreated SystemTime='2021-11-15T20:12:21.989132600Z'/><EventRecordID>60642799</EventRecordID><Correlation/><Execution ProcessID='2900' ThreadID='2896'/><Channel>Microsoft-Windows-Sysmon/Operational</Channel><Computer>win-dc-469.attackrange.local</Computer><Security UserID='S-1-5-18'/></System><EventData><Data Name='RuleName'>-</Data><Data Name='UtcTime'>2021-11-15 20:12:21.975</Data><Data Name='ProcessGuid'>{8B6011A9-BF25-6192-9C00-00000000F201}</Data><Data Name='ProcessId'>5756</Data><Data Name='Image'>C:\Program Files\dcrypt\dcrypt.exe</Data><Data Name='Device'>\Device\HarddiskVolume1</Data></EventData></Event>
<Event xmlns='http://schemas.microsoft.com/win/2004/08/events/event'><System><Provider Name='Microsoft-Windows-Sysmon' Guid='{5770385F-C22A-43E0-BF4C-06F5698FFBD9}'/><EventID>7</EventID><Version>3</Version><Level>4</Level><Task>7</Task><Opcode>0</Opcode><Keywords>0x8000000000000000</Keywords><TimeCreated SystemTime='2021-11-15T20:12:21.946715700Z'/><EventRecordID>60642798</EventRecordID><Correlation/><Execution ProcessID='2900' ThreadID='2896'/><Channel>Microsoft-Windows-Sysmon/Operational</Channel><Computer>win-dc-469.attackrange.local</Computer><Security UserID='S-1-5-18'/></System><EventData><Data Name='RuleName'>-</Data><Data Name='UtcTime'>2021-11-15 20:12:21.944</Data><Data Name='ProcessGuid'>{8B6011A9-BF25-6192-9C00-00000000F201}</Data><Data Name='ProcessId'>5756</Data><Data Name='Image'>C:\Program Files\dcrypt\dcrypt.exe</Data><Data Name='ImageLoaded'>C:\Windows\WinSxS\amd64_microsoft.windows.common-controls_6595b64144ccf1df_6.0.14393.4169_none_7de0bbf28341b1f2\comctl32.dll</Data><Data Name='FileVersion'>6.10 (rs1_release.210107-1130)</Data><Data Name='Description'>User Experience Controls Library</Data><Data Name='Product'>Microsoft® Windows® Operating System</Data><Data Name='Company'>Microsoft Corporation</Data><Data Name='OriginalFileName'>comctl32.DLL</Data><Data Name='Hashes'>MD5=FD486B6FA360ABE43E02E85F3164E9BE,SHA256=733922A216EC03FC6AA405205CD2F8BB81A39180F26839588B97F310E21071B5</Data><Data Name='Signed'>true</Data><Data Name='Signature'>Microsoft Windows</Data><Data Name='SignatureStatus'>Valid</Data></EventData></Event>
<Event xmlns='http://schemas.microsoft.com/win/2004/08/events/event'><System><Provider Name='Microsoft-Windows-Sysmon' Guid='{5770385F-C22A-43E0-BF4C-06F5698FFBD9}'/><EventID>9</EventID><Version>2</Version><Level>4</Level><Task>9</Task><Opcode>0</Opcode><Keywords>0x8000000000000000</Keywords><TimeCreated SystemTime='2021-11-15T20:12:21.935618500Z'/><EventRecordID>60642797</EventRecordID><Correlation/><Execution ProcessID='2900' ThreadID='2896'/><Channel>Microsoft-Windows-Sysmon/Operational</Channel><Computer>win-dc-469.attackrange.local</Computer><Security UserID='S-1-5-18'/></System><EventData><Data Name='RuleName'>-</Data><Data Name='UtcTime'>2021-11-15 20:12:21.928</Data><Data Name='ProcessGuid'>{8B6011A9-BF25-6192-9C00-00000000F201}</Data><Data Name='ProcessId'>5756</Data><Data Name='Image'>C:\Program Files\dcrypt\dcrypt.exe</Data><Data Name='Device'>\Device\HarddiskVolume1</Data></EventData></Event>
<Event xmlns='http://schemas.microsoft.com/win/2004/08/events/event'><System><Provider Name='Microsoft-Windows-Sysmon' Guid='{5770385F-C22A-43E0-BF4C-06F5698FFBD9}'/><EventID>9</EventID><Version>2</Version><Level>4</Level><Task>9</Task><Opcode>0</Opcode><Keywords>0x8000000000000000</Keywords><TimeCreated SystemTime='2021-11-15T20:12:21.933771600Z'/><EventRecordID>60642796</EventRecordID><Correlation/><Execution ProcessID='2900' ThreadID='2896'/><Channel>Microsoft-Windows-Sysmon/Operational</Channel><Computer>win-dc-469.attackrange.local</Computer><Security UserID='S-1-5-18'/></System><EventData><Data Name='RuleName'>-</Data><Data Name='UtcTime'>2021-11-15 20:12:21.928</Data><Data Name='ProcessGuid'>{8B6011A9-BF25-6192-9C00-00000000F201}</Data><Data Name='ProcessId'>5756</Data><Data Name='Image'>C:\Program Files\dcrypt\dcrypt.exe</Data><Data Name='Device'>\Device\Harddisk0\DR0</Data></EventData></Event>
<Event xmlns='http://schemas.microsoft.com/win/2004/08/events/event'><System><Provider Name='Microsoft-Windows-Sysmon' Guid='{5770385F-C22A-43E0-BF4C-06F5698FFBD9}'/><EventID>9</EventID><Version>2</Version><Level>4</Level><Task>9</Task><Opcode>0</Opcode><Keywords>0x8000000000000000</Keywords><TimeCreated SystemTime='2021-11-15T20:12:21.932805600Z'/><EventRecordID>60642795</EventRecordID><Correlation/><Execution ProcessID='2900' ThreadID='2896'/><Channel>Microsoft-Windows-Sysmon/Operational</Channel><Computer>win-dc-469.attackrange.local</Computer><Security UserID='S-1-5-18'/></System><EventData><Data Name='RuleName'>-</Data><Data Name='UtcTime'>2021-11-15 20:12:21.928</Data><Data Name='ProcessGuid'>{8B6011A9-BF25-6192-9C00-00000000F201}</Data><Data Name='ProcessId'>5756</Data><Data Name='Image'>C:\Program Files\dcrypt\dcrypt.exe</Data><Data Name='Device'>\Device\Harddisk0\DR0</Data></EventData></Event>
<Event xmlns='http://schemas.microsoft.com/win/2004/08/events/event'><System><Provider Name='Microsoft-Windows-Sysmon' Guid='{5770385F-C22A-43E0-BF4C-06F5698FFBD9}'/><EventID>9</EventID><Version>2</Version><Level>4</Level><Task>9</Task><Opcode>0</Opcode><Keywords>0x8000000000000000</Keywords><TimeCreated SystemTime='2021-11-15T20:12:21.932349300Z'/><EventRecordID>60642794</EventRecordID><Correlation/><Execution ProcessID='2900' ThreadID='2896'/><Channel>Microsoft-Windows-Sysmon/Operational</Channel><Computer>win-dc-469.attackrange.local</Computer><Security UserID='S-1-5-18'/></System><EventData><Data Name='RuleName'>-</Data><Data Name='UtcTime'>2021-11-15 20:12:21.928</Data><Data Name='ProcessGuid'>{8B6011A9-BF25-6192-9C00-00000000F201}</Data><Data Name='ProcessId'>5756</Data><Data Name='Image'>C:\Program Files\dcrypt\dcrypt.exe</Data><Data Name='Device'>\Device\HarddiskVolume1</Data></EventData></Event>
<Event xmlns='http://schemas.microsoft.com/win/2004/08/events/event'><System><Provider Name='Microsoft-Windows-Sysmon' Guid='{5770385F-C22A-43E0-BF4C-06F5698FFBD9}'/><EventID>10</EventID><Version>3</Version><Level>4</Level><Task>10</Task><Opcode>0</Opcode><Keywords>0x8000000000000000</Keywords><TimeCreated SystemTime='2021-11-15T20:12:21.924671600Z'/><EventRecordID>60642793</EventRecordID><Correlation/><Execution ProcessID='2900' ThreadID='2896'/><Channel>Microsoft-Windows-Sysmon/Operational</Channel><Computer>win-dc-469.attackrange.local</Computer><Security UserID='S-1-5-18'/></System><EventData><Data Name='RuleName'>-</Data><Data Name='UtcTime'>2021-11-15 20:12:21.912</Data><Data Name='SourceProcessGUID'>{8B6011A9-BF1A-6192-9200-00000000F201}</Data><Data Name='SourceProcessId'>4156</Data><Data Name='SourceThreadId'>4924</Data><Data Name='SourceImage'>C:\Windows\Explorer.EXE</Data><Data Name='TargetProcessGUID'>{8B6011A9-BF25-6192-9C00-00000000F201}</Data><Data Name='TargetProcessId'>5756</Data><Data Name='TargetImage'>C:\Program Files\dcrypt\dcrypt.exe</Data><Data Name='GrantedAccess'>0x1400</Data><Data Name='CallTrace'>C:\Windows\SYSTEM32\ntdll.dll+a6134|C:\Windows\System32\KERNELBASE.dll+221bd|C:\Windows\System32\SHELL32.dll+17e8d|C:\Windows\System32\SHELL32.dll+61e00|C:\Windows\System32\SHELL32.dll+62967|C:\Windows\Explorer.EXE+5cf54|C:\Windows\Explorer.EXE+5c591|C:\Windows\Explorer.EXE+5a5a3|C:\Windows\Explorer.EXE+5983c|C:\Windows\Explorer.EXE+56de3|C:\Windows\Explorer.EXE+4bb4d|C:\Windows\Explorer.EXE+49f72|C:\Windows\System32\USER32.dll+121e4|C:\Windows\System32\USER32.dll+11ed7|C:\Windows\System32\USER32.dll+28e4e|C:\Windows\SYSTEM32\ntdll.dll+a9814|UNKNOWN(FFFFF8022085B8A8)|UNKNOWN(FFFF829B52D0E8FF)|UNKNOWN(FFFF829B52CA5D72)|UNKNOWN(FFFF829B52CA0371)|UNKNOWN(FFFF829B52CA1D3A)|UNKNOWN(FFFF829B52C9FFF6)|UNKNOWN(FFFFF80220573103)|C:\Windows\System32\win32u.dll+10c4</Data></EventData></Event>
<Event xmlns='http://schemas.microsoft.com/win/2004/08/events/event'><System><Provider Name='Microsoft-Windows-Sysmon' Guid='{5770385F-C22A-43E0-BF4C-06F5698FFBD9}'/><EventID>10</EventID><Version>3</Version><Level>4</Level><Task>10</Task><Opcode>0</Opcode><Keywords>0x8000000000000000</Keywords><TimeCreated SystemTime='2021-11-15T20:12:21.923662000Z'/><EventRecordID>60642792</EventRecordID><Correlation/><Execution ProcessID='2900' ThreadID='2896'/><Channel>Microsoft-Windows-Sysmon/Operational</Channel><Computer>win-dc-469.attackrange.local</Computer><Security UserID='S-1-5-18'/></System><EventData><Data Name='RuleName'>-</Data><Data Name='UtcTime'>2021-11-15 20:12:21.912</Data><Data Name='SourceProcessGUID'>{8B6011A9-BF1A-6192-9200-00000000F201}</Data><Data Name='SourceProcessId'>4156</Data><Data Name='SourceThreadId'>4924</Data><Data Name='SourceImage'>C:\Windows\Explorer.EXE</Data><Data Name='TargetProcessGUID'>{8B6011A9-BF25-6192-9C00-00000000F201}</Data><Data Name='TargetProcessId'>5756</Data><Data Name='TargetImage'>C:\Program Files\dcrypt\dcrypt.exe</Data><Data Name='GrantedAccess'>0x1000</Data><Data Name='CallTrace'>C:\Windows\SYSTEM32\ntdll.dll+a6134|C:\Windows\System32\KERNELBASE.dll+221bd|C:\Windows\System32\SHELL32.dll+618b4|C:\Windows\System32\SHELL32.dll+62967|C:\Windows\Explorer.EXE+5cf54|C:\Windows\Explorer.EXE+5c591|C:\Windows\Explorer.EXE+5a5a3|C:\Windows\Explorer.EXE+5983c|C:\Windows\Explorer.EXE+56de3|C:\Windows\Explorer.EXE+4bb4d|C:\Windows\Explorer.EXE+49f72|C:\Windows\System32\USER32.dll+121e4|C:\Windows\System32\USER32.dll+11ed7|C:\Windows\System32\USER32.dll+28e4e|C:\Windows\SYSTEM32\ntdll.dll+a9814|UNKNOWN(FFFFF8022085B8A8)|UNKNOWN(FFFF829B52D0E8FF)|UNKNOWN(FFFF829B52CA5D72)|UNKNOWN(FFFF829B52CA0371)|UNKNOWN(FFFF829B52CA1D3A)|UNKNOWN(FFFF829B52C9FFF6)|UNKNOWN(FFFFF80220573103)|C:\Windows\System32\win32u.dll+10c4|C:\Windows\System32\USER32.dll+1ea2e</Data></EventData></Event>
<Event xmlns='http://schemas.microsoft.com/win/2004/08/events/event'><System><Provider Name='Microsoft-Windows-Sysmon' Guid='{5770385F-C22A-43E0-BF4C-06F5698FFBD9}'/><EventID>7</EventID><Version>3</Version><Level>4</Level><Task>7</Task><Opcode>0</Opcode><Keywords>0x8000000000000000</Keywords><TimeCreated SystemTime='2021-11-15T20:12:21.890978600Z'/><EventRecordID>60642791</EventRecordID><Correlation/><Execution ProcessID='2900' ThreadID='3076'/><Channel>Microsoft-Windows-Sysmon/Operational</Channel><Computer>win-dc-469.attackrange.local</Computer><Security UserID='S-1-5-18'/></System><EventData><Data Name='RuleName'>-</Data><Data Name='UtcTime'>2021-11-15 20:12:21.834</Data><Data Name='ProcessGuid'>{8B6011A9-BF25-6192-9C00-00000000F201}</Data><Data Name='ProcessId'>5756</Data><Data Name='Image'>C:\Program Files\dcrypt\dcrypt.exe</Data><Data Name='ImageLoaded'>C:\Windows\System32\msls31.dll</Data><Data Name='FileVersion'>3.10.349.0</Data><Data Name='Description'>Microsoft Line Services library file</Data><Data Name='Product'>Microsoft® Line Services</Data><Data Name='Company'>Microsoft Corporation</Data><Data Name='OriginalFileName'>MSLS31.DLL</Data><Data Name='Hashes'>MD5=1B3268228F5D58D543A3CB0C24696CBE,SHA256=A701E9843C81A9E9BA2A3EAE9908B7F690D9B7F95E5A7384F61D60DB046B9315</Data><Data Name='Signed'>true</Data><Data Name='Signature'>Microsoft Windows</Data><Data Name='SignatureStatus'>Valid</Data></EventData></Event>
