<Event xmlns='http://schemas.microsoft.com/win/2004/08/events/event'><System><Provider Name='Microsoft-Windows-Sysmon' Guid='{5770385F-C22A-43E0-BF4C-06F5698FFBD9}'/><EventID>10</EventID><Version>3</Version><Level>4</Level><Task>10</Task><Opcode>0</Opcode><Keywords>0x8000000000000000</Keywords><TimeCreated SystemTime='2021-11-15T20:12:21.616750800Z'/><EventRecordID>60642341</EventRecordID><Correlation/><Execution ProcessID='2900' ThreadID='2896'/><Channel>Microsoft-Windows-Sysmon/Operational</Channel><Computer>win-dc-469.attackrange.local</Computer><Security UserID='S-1-5-18'/></System><EventData><Data Name='RuleName'>-</Data><Data Name='UtcTime'>2021-11-15 20:12:21.614</Data><Data Name='SourceProcessGUID'>{8B6011A9-BF17-6192-7B00-00000000F201}</Data><Data Name='SourceProcessId'>2788</Data><Data Name='SourceThreadId'>4116</Data><Data Name='SourceImage'>C:\Windows\system32\csrss.exe</Data><Data Name='TargetProcessGUID'>{8B6011A9-BF25-6192-9C00-00000000F201}</Data><Data Name='TargetProcessId'>5756</Data><Data Name='TargetImage'>C:\Program Files\dcrypt\dcrypt.exe</Data><Data Name='GrantedAccess'>0x1fffff</Data><Data Name='CallTrace'>C:\Windows\SYSTEM32\ntdll.dll+a6134|C:\Windows\system32\basesrv.DLL+2f47|C:\Windows\SYSTEM32\CSRSRV.dll+5645|C:\Windows\SYSTEM32\ntdll.dll+5178f</Data></EventData></Event>
<Event xmlns='http://schemas.microsoft.com/win/2004/08/events/event'><System><Provider Name='Microsoft-Windows-Sysmon' Guid='{5770385F-C22A-43E0-BF4C-06F5698FFBD9}'/><EventID>10</EventID><Version>3</Version><Level>4</Level><Task>10</Task><Opcode>0</Opcode><Keywords>0x8000000000000000</Keywords><TimeCreated SystemTime='2021-11-15T20:12:21.616712200Z'/><EventRecordID>60642340</EventRecordID><Correlation/><Execution ProcessID='2900' ThreadID='2896'/><Channel>Microsoft-Windows-Sysmon/Operational</Channel><Computer>win-dc-469.attackrange.local</Computer><Security UserID='S-1-5-18'/></System><EventData><Data Name='RuleName'>-</Data><Data Name='UtcTime'>2021-11-15 20:12:21.614</Data><Data Name='SourceProcessGUID'>{8B6011A9-BF1A-6192-9200-00000000F201}</Data><Data Name='SourceProcessId'>4156</Data><Data Name='SourceThreadId'>5752</Data><Data Name='SourceImage'>C:\Windows\Explorer.EXE</Data><Data Name='TargetProcessGUID'>{8B6011A9-BF25-6192-9C00-00000000F201}</Data><Data Name='TargetProcessId'>5756</Data><Data Name='TargetImage'>C:\Program Files\dcrypt\dcrypt.exe</Data><Data Name='GrantedAccess'>0x1fffff</Data><Data Name='CallTrace'>C:\Windows\SYSTEM32\ntdll.dll+a7404|C:\Windows\System32\KERNELBASE.dll+2b860|C:\Windows\System32\KERNELBASE.dll+6b246|C:\Windows\System32\KERNEL32.DLL+1c213|C:\Windows\System32\windows.storage.dll+89d2f|C:\Windows\System32\windows.storage.dll+899a5|C:\Windows\System32\windows.storage.dll+89496|C:\Windows\System32\windows.storage.dll+8a908|C:\Windows\System32\windows.storage.dll+892be|C:\Windows\System32\windows.storage.dll+8c0d5|C:\Windows\System32\windows.storage.dll+8c454|C:\Windows\System32\windows.storage.dll+8ba90|C:\Windows\System32\windows.storage.dll+8e30a|C:\Windows\System32\windows.storage.dll+8e0c2|C:\Windows\System32\SHELL32.dll+3f8fd|C:\Windows\System32\SHELL32.dll+3e496|C:\Windows\System32\SHELL32.dll+80201|C:\Windows\System32\SHELL32.dll+6719e|C:\Windows\System32\windows.storage.dll+15922|C:\Windows\System32\windows.storage.dll+15619|C:\Windows\System32\windows.storage.dll+154ef|C:\Windows\System32\SHELL32.dll+80287|C:\Windows\System32\SHELL32.dll+6719e|C:\Windows\System32\SHELL32.dll+18cfac</Data></EventData></Event>
<Event xmlns='http://schemas.microsoft.com/win/2004/08/events/event'><System><Provider Name='Microsoft-Windows-Sysmon' Guid='{5770385F-C22A-43E0-BF4C-06F5698FFBD9}'/><EventID>1</EventID><Version>5</Version><Level>4</Level><Task>1</Task><Opcode>0</Opcode><Keywords>0x8000000000000000</Keywords><TimeCreated SystemTime='2021-11-15T20:12:21.616611500Z'/><EventRecordID>60642339</EventRecordID><Correlation/><Execution ProcessID='2900' ThreadID='2896'/><Channel>Microsoft-Windows-Sysmon/Operational</Channel><Computer>win-dc-469.attackrange.local</Computer><Security UserID='S-1-5-18'/></System><EventData><Data Name='RuleName'>-</Data><Data Name='UtcTime'>2021-11-15 20:12:21.607</Data><Data Name='ProcessGuid'>{8B6011A9-BF25-6192-9C00-00000000F201}</Data><Data Name='ProcessId'>5756</Data><Data Name='Image'>C:\Program Files\dcrypt\dcrypt.exe</Data><Data Name='FileVersion'>1.2 Beta 3</Data><Data Name='Description'>DiskCryptor GUI</Data><Data Name='Product'>DiskCryptor</Data><Data Name='Company'>-</Data><Data Name='OriginalFileName'>dcrypt.exe</Data><Data Name='CommandLine'>"C:\Program Files\dcrypt\dcrypt.exe" </Data><Data Name='CurrentDirectory'>C:\Program Files\dcrypt\</Data><Data Name='User'>ATTACKRANGE\Administrator</Data><Data Name='LogonGuid'>{8B6011A9-BF19-6192-DE3E-080000000000}</Data><Data Name='LogonId'>0x83ede</Data><Data Name='TerminalSessionId'>2</Data><Data Name='IntegrityLevel'>High</Data><Data Name='Hashes'>MD5=30FA9DE8BFD8CE4FBEE346E044D1F9FF,SHA256=23D10404F91689437DF37A4DFE584F7C387696B05A06A3CE01ECFCD84ECA2D2C</Data><Data Name='ParentProcessGuid'>{8B6011A9-BF1A-6192-9200-00000000F201}</Data><Data Name='ParentProcessId'>4156</Data><Data Name='ParentImage'>C:\Windows\explorer.exe</Data><Data Name='ParentCommandLine'>C:\Windows\Explorer.EXE /NOUACCHECK</Data></EventData></Event>
<Event xmlns='http://schemas.microsoft.com/win/2004/08/events/event'><System><Provider Name='Microsoft-Windows-Sysmon' Guid='{5770385F-C22A-43E0-BF4C-06F5698FFBD9}'/><EventID>9</EventID><Version>2</Version><Level>4</Level><Task>9</Task><Opcode>0</Opcode><Keywords>0x8000000000000000</Keywords><TimeCreated SystemTime='2021-11-15T20:12:22.034092300Z'/><EventRecordID>60642814</EventRecordID><Correlation/><Execution ProcessID='2900' ThreadID='2896'/><Channel>Microsoft-Windows-Sysmon/Operational</Channel><Computer>win-dc-469.attackrange.local</Computer><Security UserID='S-1-5-18'/></System><EventData><Data Name='RuleName'>-</Data><Data Name='UtcTime'>2021-11-15 20:12:22.022</Data><Data Name='ProcessGuid'>{8B6011A9-BF25-6192-9C00-00000000F201}</Data><Data Name='ProcessId'>5756</Data><Data Name='Image'>C:\Program Files\dcrypt\dcrypt.exe</Data><Data Name='Device'>\Device\HarddiskVolume1</Data></EventData></Event>
<Event xmlns='http://schemas.microsoft.com/win/2004/08/events/event'><System><Provider Name='Microsoft-Windows-Sysmon' Guid='{5770385F-C22A-43E0-BF4C-06F5698FFBD9}'/><EventID>10</EventID><Version>3</Version><Level>4</Level><Task>10</Task><Opcode>0</Opcode><Keywords>0x8000000000000000</Keywords><TimeCreated SystemTime='2021-11-15T20:12:22.029688500Z'/><EventRecordID>60642813</EventRecordID><Correlation/><Execution ProcessID='2900' ThreadID='2896'/><Channel>Microsoft-Windows-Sysmon/Operational</Channel><Computer>win-dc-469.attackrange.local</Computer><Security UserID='S-1-5-18'/></System><EventData><Data Name='RuleName'>-</Data><Data Name='UtcTime'>2021-11-15 20:12:22.022</Data><Data Name='SourceProcessGUID'>{8B6011A9-BF1A-6192-9200-00000000F201}</Data><Data Name='SourceProcessId'>4156</Data><Data Name='SourceThreadId'>5012</Data><Data Name='SourceImage'>C:\Windows\Explorer.EXE</Data><Data Name='TargetProcessGUID'>{8B6011A9-BF25-6192-9C00-00000000F201}</Data><Data Name='TargetProcessId'>5756</Data><Data Name='TargetImage'>C:\Program Files\dcrypt\dcrypt.exe</Data><Data Name='GrantedAccess'>0x1400</Data><Data Name='CallTrace'>C:\Windows\SYSTEM32\ntdll.dll+a6134|C:\Windows\System32\KERNELBASE.dll+221bd|C:\Windows\System32\SHELL32.dll+17e8d|C:\Windows\System32\SHELL32.dll+61e00|C:\Windows\System32\SHELL32.dll+62967|C:\Windows\Explorer.EXE+3c618|C:\Windows\Explorer.EXE+3c4a4|C:\Windows\Explorer.EXE+3c411|C:\Windows\System32\windows.storage.dll+7c2cf|C:\Windows\System32\windows.storage.dll+7b04f|C:\Windows\System32\windows.storage.dll+7dfef|C:\Windows\System32\SHCORE.dll+367a6|C:\Windows\SYSTEM32\ntdll.dll+39cf9|C:\Windows\SYSTEM32\ntdll.dll+1e88a|C:\Windows\System32\KERNEL32.DLL+84d4|C:\Windows\SYSTEM32\ntdll.dll+51781</Data></EventData></Event>
<Event xmlns='http://schemas.microsoft.com/win/2004/08/events/event'><System><Provider Name='Microsoft-Windows-Sysmon' Guid='{5770385F-C22A-43E0-BF4C-06F5698FFBD9}'/><EventID>10</EventID><Version>3</Version><Level>4</Level><Task>10</Task><Opcode>0</Opcode><Keywords>0x8000000000000000</Keywords><TimeCreated SystemTime='2021-11-15T20:12:22.029485100Z'/><EventRecordID>60642812</EventRecordID><Correlation/><Execution ProcessID='2900' ThreadID='2896'/><Channel>Microsoft-Windows-Sysmon/Operational</Channel><Computer>win-dc-469.attackrange.local</Computer><Security UserID='S-1-5-18'/></System><EventData><Data Name='RuleName'>-</Data><Data Name='UtcTime'>2021-11-15 20:12:22.022</Data><Data Name='SourceProcessGUID'>{8B6011A9-BF1A-6192-9200-00000000F201}</Data><Data Name='SourceProcessId'>4156</Data><Data Name='SourceThreadId'>5012</Data><Data Name='SourceImage'>C:\Windows\Explorer.EXE</Data><Data Name='TargetProcessGUID'>{8B6011A9-BF25-6192-9C00-00000000F201}</Data><Data Name='TargetProcessId'>5756</Data><Data Name='TargetImage'>C:\Program Files\dcrypt\dcrypt.exe</Data><Data Name='GrantedAccess'>0x1000</Data><Data Name='CallTrace'>C:\Windows\SYSTEM32\ntdll.dll+a6134|C:\Windows\System32\KERNELBASE.dll+221bd|C:\Windows\System32\SHELL32.dll+618b4|C:\Windows\System32\SHELL32.dll+62967|C:\Windows\Explorer.EXE+3c618|C:\Windows\Explorer.EXE+3c4a4|C:\Windows\Explorer.EXE+3c411|C:\Windows\System32\windows.storage.dll+7c2cf|C:\Windows\System32\windows.storage.dll+7b04f|C:\Windows\System32\windows.storage.dll+7dfef|C:\Windows\System32\SHCORE.dll+367a6|C:\Windows\SYSTEM32\ntdll.dll+39cf9|C:\Windows\SYSTEM32\ntdll.dll+1e88a|C:\Windows\System32\KERNEL32.DLL+84d4|C:\Windows\SYSTEM32\ntdll.dll+51781</Data></EventData></Event>
<Event xmlns='http://schemas.microsoft.com/win/2004/08/events/event'><System><Provider Name='Microsoft-Windows-Sysmon' Guid='{5770385F-C22A-43E0-BF4C-06F5698FFBD9}'/><EventID>10</EventID><Version>3</Version><Level>4</Level><Task>10</Task><Opcode>0</Opcode><Keywords>0x8000000000000000</Keywords><TimeCreated SystemTime='2021-11-15T20:12:22.027400900Z'/><EventRecordID>60642811</EventRecordID><Correlation/><Execution ProcessID='2900' ThreadID='2896'/><Channel>Microsoft-Windows-Sysmon/Operational</Channel><Computer>win-dc-469.attackrange.local</Computer><Security UserID='S-1-5-18'/></System><EventData><Data Name='RuleName'>-</Data><Data Name='UtcTime'>2021-11-15 20:12:22.022</Data><Data Name='SourceProcessGUID'>{8B6011A9-BF1A-6192-9200-00000000F201}</Data><Data Name='SourceProcessId'>4156</Data><Data Name='SourceThreadId'>4220</Data><Data Name='SourceImage'>C:\Windows\Explorer.EXE</Data><Data Name='TargetProcessGUID'>{8B6011A9-BF25-6192-9C00-00000000F201}</Data><Data Name='TargetProcessId'>5756</Data><Data Name='TargetImage'>C:\Program Files\dcrypt\dcrypt.exe</Data><Data Name='GrantedAccess'>0x1400</Data><Data Name='CallTrace'>C:\Windows\SYSTEM32\ntdll.dll+a6134|C:\Windows\System32\KERNELBASE.dll+221bd|C:\Windows\System32\SHELL32.dll+17e8d|C:\Windows\System32\SHELL32.dll+61e00|C:\Windows\System32\SHELL32.dll+11d74|C:\Windows\Explorer.EXE+1e118|C:\Windows\Explorer.EXE+1e249|C:\Windows\Explorer.EXE+1df79|C:\Windows\Explorer.EXE+3c407|C:\Windows\System32\windows.storage.dll+7c2cf|C:\Windows\System32\windows.storage.dll+7b04f|C:\Windows\System32\windows.storage.dll+7dfef|C:\Windows\System32\SHCORE.dll+367a6|C:\Windows\SYSTEM32\ntdll.dll+39cf9|C:\Windows\SYSTEM32\ntdll.dll+1e88a|C:\Windows\System32\KERNEL32.DLL+84d4|C:\Windows\SYSTEM32\ntdll.dll+51781</Data></EventData></Event>
<Event xmlns='http://schemas.microsoft.com/win/2004/08/events/event'><System><Provider Name='Microsoft-Windows-Sysmon' Guid='{5770385F-C22A-43E0-BF4C-06F5698FFBD9}'/><EventID>10</EventID><Version>3</Version><Level>4</Level><Task>10</Task><Opcode>0</Opcode><Keywords>0x8000000000000000</Keywords><TimeCreated SystemTime='2021-11-15T20:12:22.027196200Z'/><EventRecordID>60642808</EventRecordID><Correlation/><Execution ProcessID='2900' ThreadID='2896'/><Channel>Microsoft-Windows-Sysmon/Operational</Channel><Computer>win-dc-469.attackrange.local</Computer><Security UserID='S-1-5-18'/></System><EventData><Data Name='RuleName'>-</Data><Data Name='UtcTime'>2021-11-15 20:12:22.022</Data><Data Name='SourceProcessGUID'>{8B6011A9-BF1A-6192-9200-00000000F201}</Data><Data Name='SourceProcessId'>4156</Data><Data Name='SourceThreadId'>4220</Data><Data Name='SourceImage'>C:\Windows\Explorer.EXE</Data><Data Name='TargetProcessGUID'>{8B6011A9-BF25-6192-9C00-00000000F201}</Data><Data Name='TargetProcessId'>5756</Data><Data Name='TargetImage'>C:\Program Files\dcrypt\dcrypt.exe</Data><Data Name='GrantedAccess'>0x1000</Data><Data Name='CallTrace'>C:\Windows\SYSTEM32\ntdll.dll+a6134|C:\Windows\System32\KERNELBASE.dll+221bd|C:\Windows\System32\SHELL32.dll+618b4|C:\Windows\System32\SHELL32.dll+11d74|C:\Windows\Explorer.EXE+1e118|C:\Windows\Explorer.EXE+1e249|C:\Windows\Explorer.EXE+1df79|C:\Windows\Explorer.EXE+3c407|C:\Windows\System32\windows.storage.dll+7c2cf|C:\Windows\System32\windows.storage.dll+7b04f|C:\Windows\System32\windows.storage.dll+7dfef|C:\Windows\System32\SHCORE.dll+367a6|C:\Windows\SYSTEM32\ntdll.dll+39cf9|C:\Windows\SYSTEM32\ntdll.dll+1e88a|C:\Windows\System32\KERNEL32.DLL+84d4|C:\Windows\SYSTEM32\ntdll.dll+51781</Data></EventData></Event>
<Event xmlns='http://schemas.microsoft.com/win/2004/08/events/event'><System><Provider Name='Microsoft-Windows-Sysmon' Guid='{5770385F-C22A-43E0-BF4C-06F5698FFBD9}'/><EventID>10</EventID><Version>3</Version><Level>4</Level><Task>10</Task><Opcode>0</Opcode><Keywords>0x8000000000000000</Keywords><TimeCreated SystemTime='2021-11-15T20:12:22.026290200Z'/><EventRecordID>60642807</EventRecordID><Correlation/><Execution ProcessID='2900' ThreadID='2896'/><Channel>Microsoft-Windows-Sysmon/Operational</Channel><Computer>win-dc-469.attackrange.local</Computer><Security UserID='S-1-5-18'/></System><EventData><Data Name='RuleName'>-</Data><Data Name='UtcTime'>2021-11-15 20:12:22.022</Data><Data Name='SourceProcessGUID'>{8B6011A9-BF1A-6192-9200-00000000F201}</Data><Data Name='SourceProcessId'>4156</Data><Data Name='SourceThreadId'>4220</Data><Data Name='SourceImage'>C:\Windows\Explorer.EXE</Data><Data Name='TargetProcessGUID'>{8B6011A9-BF25-6192-9C00-00000000F201}</Data><Data Name='TargetProcessId'>5756</Data><Data Name='TargetImage'>C:\Program Files\dcrypt\dcrypt.exe</Data><Data Name='GrantedAccess'>0x1400</Data><Data Name='CallTrace'>C:\Windows\SYSTEM32\ntdll.dll+a6134|C:\Windows\System32\KERNELBASE.dll+221bd|C:\Windows\System32\SHELL32.dll+17e8d|C:\Windows\System32\SHELL32.dll+61e00|C:\Windows\System32\SHELL32.dll+62967|C:\Windows\Explorer.EXE+1e03a|C:\Windows\Explorer.EXE+1e249|C:\Windows\Explorer.EXE+1df79|C:\Windows\Explorer.EXE+3c407|C:\Windows\System32\windows.storage.dll+7c2cf|C:\Windows\System32\windows.storage.dll+7b04f|C:\Windows\System32\windows.storage.dll+7dfef|C:\Windows\System32\SHCORE.dll+367a6|C:\Windows\SYSTEM32\ntdll.dll+39cf9|C:\Windows\SYSTEM32\ntdll.dll+1e88a|C:\Windows\System32\KERNEL32.DLL+84d4|C:\Windows\SYSTEM32\ntdll.dll+51781</Data></EventData></Event>
<Event xmlns='http://schemas.microsoft.com/win/2004/08/events/event'><System><Provider Name='Microsoft-Windows-Sysmon' Guid='{5770385F-C22A-43E0-BF4C-06F5698FFBD9}'/><EventID>10</EventID><Version>3</Version><Level>4</Level><Task>10</Task><Opcode>0</Opcode><Keywords>0x8000000000000000</Keywords><TimeCreated SystemTime='2021-11-15T20:12:22.026217900Z'/><EventRecordID>60642806</EventRecordID><Correlation/><Execution ProcessID='2900' ThreadID='2896'/><Channel>Microsoft-Windows-Sysmon/Operational</Channel><Computer>win-dc-469.attackrange.local</Computer><Security UserID='S-1-5-18'/></System><EventData><Data Name='RuleName'>-</Data><Data Name='UtcTime'>2021-11-15 20:12:22.022</Data><Data Name='SourceProcessGUID'>{8B6011A9-BF1A-6192-9200-00000000F201}</Data><Data Name='SourceProcessId'>4156</Data><Data Name='SourceThreadId'>4220</Data><Data Name='SourceImage'>C:\Windows\Explorer.EXE</Data><Data Name='TargetProcessGUID'>{8B6011A9-BF25-6192-9C00-00000000F201}</Data><Data Name='TargetProcessId'>5756</Data><Data Name='TargetImage'>C:\Program Files\dcrypt\dcrypt.exe</Data><Data Name='GrantedAccess'>0x1000</Data><Data Name='CallTrace'>C:\Windows\SYSTEM32\ntdll.dll+a6134|C:\Windows\System32\KERNELBASE.dll+221bd|C:\Windows\System32\SHELL32.dll+618b4|C:\Windows\System32\SHELL32.dll+62967|C:\Windows\Explorer.EXE+1e03a|C:\Windows\Explorer.EXE+1e249|C:\Windows\Explorer.EXE+1df79|C:\Windows\Explorer.EXE+3c407|C:\Windows\System32\windows.storage.dll+7c2cf|C:\Windows\System32\windows.storage.dll+7b04f|C:\Windows\System32\windows.storage.dll+7dfef|C:\Windows\System32\SHCORE.dll+367a6|C:\Windows\SYSTEM32\ntdll.dll+39cf9|C:\Windows\SYSTEM32\ntdll.dll+1e88a|C:\Windows\System32\KERNEL32.DLL+84d4|C:\Windows\SYSTEM32\ntdll.dll+51781</Data></EventData></Event>
<Event xmlns='http://schemas.microsoft.com/win/2004/08/events/event'><System><Provider Name='Microsoft-Windows-Sysmon' Guid='{5770385F-C22A-43E0-BF4C-06F5698FFBD9}'/><EventID>10</EventID><Version>3</Version><Level>4</Level><Task>10</Task><Opcode>0</Opcode><Keywords>0x8000000000000000</Keywords><TimeCreated SystemTime='2021-11-15T20:12:22.025285600Z'/><EventRecordID>60642805</EventRecordID><Correlation/><Execution ProcessID='2900' ThreadID='2896'/><Channel>Microsoft-Windows-Sysmon/Operational</Channel><Computer>win-dc-469.attackrange.local</Computer><Security UserID='S-1-5-18'/></System><EventData><Data Name='RuleName'>-</Data><Data Name='UtcTime'>2021-11-15 20:12:22.022</Data><Data Name='SourceProcessGUID'>{8B6011A9-BF1A-6192-9200-00000000F201}</Data><Data Name='SourceProcessId'>4156</Data><Data Name='SourceThreadId'>4220</Data><Data Name='SourceImage'>C:\Windows\Explorer.EXE</Data><Data Name='TargetProcessGUID'>{8B6011A9-BF25-6192-9C00-00000000F201}</Data><Data Name='TargetProcessId'>5756</Data><Data Name='TargetImage'>C:\Program Files\dcrypt\dcrypt.exe</Data><Data Name='GrantedAccess'>0x1000</Data><Data Name='CallTrace'>C:\Windows\SYSTEM32\ntdll.dll+a6134|C:\Windows\System32\KERNELBASE.dll+221bd|C:\Windows\Explorer.EXE+1f054|C:\Windows\Explorer.EXE+1f000|C:\Windows\Explorer.EXE+1dfec|C:\Windows\Explorer.EXE+1e249|C:\Windows\Explorer.EXE+1df79|C:\Windows\Explorer.EXE+3c407|C:\Windows\System32\windows.storage.dll+7c2cf|C:\Windows\System32\windows.storage.dll+7b04f|C:\Windows\System32\windows.storage.dll+7dfef|C:\Windows\System32\SHCORE.dll+367a6|C:\Windows\SYSTEM32\ntdll.dll+39cf9|C:\Windows\SYSTEM32\ntdll.dll+1e88a|C:\Windows\System32\KERNEL32.DLL+84d4|C:\Windows\SYSTEM32\ntdll.dll+51781</Data></EventData></Event>
<Event xmlns='http://schemas.microsoft.com/win/2004/08/events/event'><System><Provider Name='Microsoft-Windows-Sysmon' Guid='{5770385F-C22A-43E0-BF4C-06F5698FFBD9}'/><EventID>10</EventID><Version>3</Version><Level>4</Level><Task>10</Task><Opcode>0</Opcode><Keywords>0x8000000000000000</Keywords><TimeCreated SystemTime='2021-11-15T20:12:22.005812100Z'/><EventRecordID>60642804</EventRecordID><Correlation/><Execution ProcessID='2900' ThreadID='2896'/><Channel>Microsoft-Windows-Sysmon/Operational</Channel><Computer>win-dc-469.attackrange.local</Computer><Security UserID='S-1-5-18'/></System><EventData><Data Name='RuleName'>-</Data><Data Name='UtcTime'>2021-11-15 20:12:21.991</Data><Data Name='SourceProcessGUID'>{8B6011A9-BF19-6192-8700-00000000F201}</Data><Data Name='SourceProcessId'>4776</Data><Data Name='SourceThreadId'>4952</Data><Data Name='SourceImage'>C:\Windows\system32\taskhostw.exe</Data><Data Name='TargetProcessGUID'>{8B6011A9-BF25-6192-9C00-00000000F201}</Data><Data Name='TargetProcessId'>5756</Data><Data Name='TargetImage'>C:\Program Files\dcrypt\dcrypt.exe</Data><Data Name='GrantedAccess'>0x1000</Data><Data Name='CallTrace'>C:\Windows\SYSTEM32\ntdll.dll+a6cc4|C:\Windows\System32\MSCTF.dll+af11|C:\Windows\System32\MSCTF.dll+b489|C:\Windows\System32\MSCTF.dll+be73|C:\Windows\System32\MSCTF.dll+3d812|C:\Windows\System32\KERNEL32.DLL+84d4|C:\Windows\SYSTEM32\ntdll.dll+51781</Data></EventData></Event>
<Event xmlns='http://schemas.microsoft.com/win/2004/08/events/event'><System><Provider Name='Microsoft-Windows-Sysmon' Guid='{5770385F-C22A-43E0-BF4C-06F5698FFBD9}'/><EventID>10</EventID><Version>3</Version><Level>4</Level><Task>10</Task><Opcode>0</Opcode><Keywords>0x8000000000000000</Keywords><TimeCreated SystemTime='2021-11-15T20:12:22.004111100Z'/><EventRecordID>60642803</EventRecordID><Correlation/><Execution ProcessID='2900' ThreadID='2896'/><Channel>Microsoft-Windows-Sysmon/Operational</Channel><Computer>win-dc-469.attackrange.local</Computer><Security UserID='S-1-5-18'/></System><EventData><Data Name='RuleName'>-</Data><Data Name='UtcTime'>2021-11-15 20:12:21.991</Data><Data Name='SourceProcessGUID'>{8B6011A9-BF19-6192-8700-00000000F201}</Data><Data Name='SourceProcessId'>4776</Data><Data Name='SourceThreadId'>4952</Data><Data Name='SourceImage'>C:\Windows\system32\taskhostw.exe</Data><Data Name='TargetProcessGUID'>{8B6011A9-BF25-6192-9C00-00000000F201}</Data><Data Name='TargetProcessId'>5756</Data><Data Name='TargetImage'>C:\Program Files\dcrypt\dcrypt.exe</Data><Data Name='GrantedAccess'>0x1000</Data><Data Name='CallTrace'>C:\Windows\SYSTEM32\ntdll.dll+a6cc4|C:\Windows\System32\MSCTF.dll+af11|C:\Windows\System32\MSCTF.dll+b489|C:\Windows\System32\MSCTF.dll+be73|C:\Windows\System32\MSCTF.dll+3d812|C:\Windows\System32\KERNEL32.DLL+84d4|C:\Windows\SYSTEM32\ntdll.dll+51781</Data></EventData></Event>
<Event xmlns='http://schemas.microsoft.com/win/2004/08/events/event'><System><Provider Name='Microsoft-Windows-Sysmon' Guid='{5770385F-C22A-43E0-BF4C-06F5698FFBD9}'/><EventID>9</EventID><Version>2</Version><Level>4</Level><Task>9</Task><Opcode>0</Opcode><Keywords>0x8000000000000000</Keywords><TimeCreated SystemTime='2021-11-15T20:12:23.951522000Z'/><EventRecordID>60642858</EventRecordID><Correlation/><Execution ProcessID='2900' ThreadID='2896'/><Channel>Microsoft-Windows-Sysmon/Operational</Channel><Computer>win-dc-469.attackrange.local</Computer><Security UserID='S-1-5-18'/></System><EventData><Data Name='RuleName'>-</Data><Data Name='UtcTime'>2021-11-15 20:12:23.951</Data><Data Name='ProcessGuid'>{8B6011A9-BF25-6192-9C00-00000000F201}</Data><Data Name='ProcessId'>5756</Data><Data Name='Image'>C:\Program Files\dcrypt\dcrypt.exe</Data><Data Name='Device'>\Device\HarddiskVolume1</Data></EventData></Event>
<Event xmlns='http://schemas.microsoft.com/win/2004/08/events/event'><System><Provider Name='Microsoft-Windows-Sysmon' Guid='{5770385F-C22A-43E0-BF4C-06F5698FFBD9}'/><EventID>9</EventID><Version>2</Version><Level>4</Level><Task>9</Task><Opcode>0</Opcode><Keywords>0x8000000000000000</Keywords><TimeCreated SystemTime='2021-11-15T20:12:23.946290700Z'/><EventRecordID>60642857</EventRecordID><Correlation/><Execution ProcessID='2900' ThreadID='2896'/><Channel>Microsoft-Windows-Sysmon/Operational</Channel><Computer>win-dc-469.attackrange.local</Computer><Security UserID='S-1-5-18'/></System><EventData><Data Name='RuleName'>-</Data><Data Name='UtcTime'>2021-11-15 20:12:23.935</Data><Data Name='ProcessGuid'>{8B6011A9-BF25-6192-9C00-00000000F201}</Data><Data Name='ProcessId'>5756</Data><Data Name='Image'>C:\Program Files\dcrypt\dcrypt.exe</Data><Data Name='Device'>\Device\HarddiskVolume1</Data></EventData></Event>
<Event xmlns='http://schemas.microsoft.com/win/2004/08/events/event'><System><Provider Name='Microsoft-Windows-Sysmon' Guid='{5770385F-C22A-43E0-BF4C-06F5698FFBD9}'/><EventID>9</EventID><Version>2</Version><Level>4</Level><Task>9</Task><Opcode>0</Opcode><Keywords>0x8000000000000000</Keywords><TimeCreated SystemTime='2021-11-15T20:12:23.042454100Z'/><EventRecordID>60642856</EventRecordID><Correlation/><Execution ProcessID='2900' ThreadID='2896'/><Channel>Microsoft-Windows-Sysmon/Operational</Channel><Computer>win-dc-469.attackrange.local</Computer><Security UserID='S-1-5-18'/></System><EventData><Data Name='RuleName'>-</Data><Data Name='UtcTime'>2021-11-15 20:12:23.041</Data><Data Name='ProcessGuid'>{8B6011A9-BF25-6192-9C00-00000000F201}</Data><Data Name='ProcessId'>5756</Data><Data Name='Image'>C:\Program Files\dcrypt\dcrypt.exe</Data><Data Name='Device'>\Device\HarddiskVolume1</Data></EventData></Event>
<Event xmlns='http://schemas.microsoft.com/win/2004/08/events/event'><System><Provider Name='Microsoft-Windows-Sysmon' Guid='{5770385F-C22A-43E0-BF4C-06F5698FFBD9}'/><EventID>9</EventID><Version>2</Version><Level>4</Level><Task>9</Task><Opcode>0</Opcode><Keywords>0x8000000000000000</Keywords><TimeCreated SystemTime='2021-11-15T20:12:24.046053400Z'/><EventRecordID>60642860</EventRecordID><Correlation/><Execution ProcessID='2900' ThreadID='2896'/><Channel>Microsoft-Windows-Sysmon/Operational</Channel><Computer>win-dc-469.attackrange.local</Computer><Security UserID='S-1-5-18'/></System><EventData><Data Name='RuleName'>-</Data><Data Name='UtcTime'>2021-11-15 20:12:24.045</Data><Data Name='ProcessGuid'>{8B6011A9-BF25-6192-9C00-00000000F201}</Data><Data Name='ProcessId'>5756</Data><Data Name='Image'>C:\Program Files\dcrypt\dcrypt.exe</Data><Data Name='Device'>\Device\HarddiskVolume1</Data></EventData></Event>
<Event xmlns='http://schemas.microsoft.com/win/2004/08/events/event'><System><Provider Name='Microsoft-Windows-Sysmon' Guid='{5770385F-C22A-43E0-BF4C-06F5698FFBD9}'/><EventID>9</EventID><Version>2</Version><Level>4</Level><Task>9</Task><Opcode>0</Opcode><Keywords>0x8000000000000000</Keywords><TimeCreated SystemTime='2021-11-15T20:12:24.045995400Z'/><EventRecordID>60642859</EventRecordID><Correlation/><Execution ProcessID='2900' ThreadID='2896'/><Channel>Microsoft-Windows-Sysmon/Operational</Channel><Computer>win-dc-469.attackrange.local</Computer><Security UserID='S-1-5-18'/></System><EventData><Data Name='RuleName'>-</Data><Data Name='UtcTime'>2021-11-15 20:12:24.045</Data><Data Name='ProcessGuid'>{8B6011A9-BF25-6192-9C00-00000000F201}</Data><Data Name='ProcessId'>5756</Data><Data Name='Image'>C:\Program Files\dcrypt\dcrypt.exe</Data><Data Name='Device'>\Device\HarddiskVolume1</Data></EventData></Event>
<Event xmlns='http://schemas.microsoft.com/win/2004/08/events/event'><System><Provider Name='Microsoft-Windows-Sysmon' Guid='{5770385F-C22A-43E0-BF4C-06F5698FFBD9}'/><EventID>9</EventID><Version>2</Version><Level>4</Level><Task>9</Task><Opcode>0</Opcode><Keywords>0x8000000000000000</Keywords><TimeCreated SystemTime='2021-11-15T20:12:25.049842600Z'/><EventRecordID>60643217</EventRecordID><Correlation/><Execution ProcessID='2900' ThreadID='2896'/><Channel>Microsoft-Windows-Sysmon/Operational</Channel><Computer>win-dc-469.attackrange.local</Computer><Security UserID='S-1-5-18'/></System><EventData><Data Name='RuleName'>-</Data><Data Name='UtcTime'>2021-11-15 20:12:25.049</Data><Data Name='ProcessGuid'>{8B6011A9-BF25-6192-9C00-00000000F201}</Data><Data Name='ProcessId'>5756</Data><Data Name='Image'>C:\Program Files\dcrypt\dcrypt.exe</Data><Data Name='Device'>\Device\HarddiskVolume1</Data></EventData></Event>
<Event xmlns='http://schemas.microsoft.com/win/2004/08/events/event'><System><Provider Name='Microsoft-Windows-Sysmon' Guid='{5770385F-C22A-43E0-BF4C-06F5698FFBD9}'/><EventID>9</EventID><Version>2</Version><Level>4</Level><Task>9</Task><Opcode>0</Opcode><Keywords>0x8000000000000000</Keywords><TimeCreated SystemTime='2021-11-15T20:12:25.049796200Z'/><EventRecordID>60643216</EventRecordID><Correlation/><Execution ProcessID='2900' ThreadID='2896'/><Channel>Microsoft-Windows-Sysmon/Operational</Channel><Computer>win-dc-469.attackrange.local</Computer><Security UserID='S-1-5-18'/></System><EventData><Data Name='RuleName'>-</Data><Data Name='UtcTime'>2021-11-15 20:12:25.049</Data><Data Name='ProcessGuid'>{8B6011A9-BF25-6192-9C00-00000000F201}</Data><Data Name='ProcessId'>5756</Data><Data Name='Image'>C:\Program Files\dcrypt\dcrypt.exe</Data><Data Name='Device'>\Device\HarddiskVolume1</Data></EventData></Event>
<Event xmlns='http://schemas.microsoft.com/win/2004/08/events/event'><System><Provider Name='Microsoft-Windows-Sysmon' Guid='{5770385F-C22A-43E0-BF4C-06F5698FFBD9}'/><EventID>9</EventID><Version>2</Version><Level>4</Level><Task>9</Task><Opcode>0</Opcode><Keywords>0x8000000000000000</Keywords><TimeCreated SystemTime='2021-11-15T20:12:26.069458600Z'/><EventRecordID>60643927</EventRecordID><Correlation/><Execution ProcessID='2900' ThreadID='2896'/><Channel>Microsoft-Windows-Sysmon/Operational</Channel><Computer>win-dc-469.attackrange.local</Computer><Security UserID='S-1-5-18'/></System><EventData><Data Name='RuleName'>-</Data><Data Name='UtcTime'>2021-11-15 20:12:26.068</Data><Data Name='ProcessGuid'>{8B6011A9-BF25-6192-9C00-00000000F201}</Data><Data Name='ProcessId'>5756</Data><Data Name='Image'>C:\Program Files\dcrypt\dcrypt.exe</Data><Data Name='Device'>\Device\HarddiskVolume1</Data></EventData></Event>
<Event xmlns='http://schemas.microsoft.com/win/2004/08/events/event'><System><Provider Name='Microsoft-Windows-Sysmon' Guid='{5770385F-C22A-43E0-BF4C-06F5698FFBD9}'/><EventID>9</EventID><Version>2</Version><Level>4</Level><Task>9</Task><Opcode>0</Opcode><Keywords>0x8000000000000000</Keywords><TimeCreated SystemTime='2021-11-15T20:12:26.069271600Z'/><EventRecordID>60643926</EventRecordID><Correlation/><Execution ProcessID='2900' ThreadID='2896'/><Channel>Microsoft-Windows-Sysmon/Operational</Channel><Computer>win-dc-469.attackrange.local</Computer><Security UserID='S-1-5-18'/></System><EventData><Data Name='RuleName'>-</Data><Data Name='UtcTime'>2021-11-15 20:12:26.068</Data><Data Name='ProcessGuid'>{8B6011A9-BF25-6192-9C00-00000000F201}</Data><Data Name='ProcessId'>5756</Data><Data Name='Image'>C:\Program Files\dcrypt\dcrypt.exe</Data><Data Name='Device'>\Device\HarddiskVolume1</Data></EventData></Event>
<Event xmlns='http://schemas.microsoft.com/win/2004/08/events/event'><System><Provider Name='Microsoft-Windows-Sysmon' Guid='{5770385F-C22A-43E0-BF4C-06F5698FFBD9}'/><EventID>9</EventID><Version>2</Version><Level>4</Level><Task>9</Task><Opcode>0</Opcode><Keywords>0x8000000000000000</Keywords><TimeCreated SystemTime='2021-11-15T20:12:27.087917800Z'/><EventRecordID>60644654</EventRecordID><Correlation/><Execution ProcessID='2900' ThreadID='2896'/><Channel>Microsoft-Windows-Sysmon/Operational</Channel><Computer>win-dc-469.attackrange.local</Computer><Security UserID='S-1-5-18'/></System><EventData><Data Name='RuleName'>-</Data><Data Name='UtcTime'>2021-11-15 20:12:27.087</Data><Data Name='ProcessGuid'>{8B6011A9-BF25-6192-9C00-00000000F201}</Data><Data Name='ProcessId'>5756</Data><Data Name='Image'>C:\Program Files\dcrypt\dcrypt.exe</Data><Data Name='Device'>\Device\HarddiskVolume1</Data></EventData></Event>
<Event xmlns='http://schemas.microsoft.com/win/2004/08/events/event'><System><Provider Name='Microsoft-Windows-Sysmon' Guid='{5770385F-C22A-43E0-BF4C-06F5698FFBD9}'/><EventID>9</EventID><Version>2</Version><Level>4</Level><Task>9</Task><Opcode>0</Opcode><Keywords>0x8000000000000000</Keywords><TimeCreated SystemTime='2021-11-15T20:12:27.087741900Z'/><EventRecordID>60644653</EventRecordID><Correlation/><Execution ProcessID='2900' ThreadID='2896'/><Channel>Microsoft-Windows-Sysmon/Operational</Channel><Computer>win-dc-469.attackrange.local</Computer><Security UserID='S-1-5-18'/></System><EventData><Data Name='RuleName'>-</Data><Data Name='UtcTime'>2021-11-15 20:12:27.087</Data><Data Name='ProcessGuid'>{8B6011A9-BF25-6192-9C00-00000000F201}</Data><Data Name='ProcessId'>5756</Data><Data Name='Image'>C:\Program Files\dcrypt\dcrypt.exe</Data><Data Name='Device'>\Device\HarddiskVolume1</Data></EventData></Event>
<Event xmlns='http://schemas.microsoft.com/win/2004/08/events/event'><System><Provider Name='Microsoft-Windows-Sysmon' Guid='{5770385F-C22A-43E0-BF4C-06F5698FFBD9}'/><EventID>9</EventID><Version>2</Version><Level>4</Level><Task>9</Task><Opcode>0</Opcode><Keywords>0x8000000000000000</Keywords><TimeCreated SystemTime='2021-11-15T20:12:28.346384000Z'/><EventRecordID>60646864</EventRecordID><Correlation/><Execution ProcessID='2900' ThreadID='2896'/><Channel>Microsoft-Windows-Sysmon/Operational</Channel><Computer>win-dc-469.attackrange.local</Computer><Security UserID='S-1-5-18'/></System><EventData><Data Name='RuleName'>-</Data><Data Name='UtcTime'>2021-11-15 20:12:28.343</Data><Data Name='ProcessGuid'>{8B6011A9-BF25-6192-9C00-00000000F201}</Data><Data Name='ProcessId'>5756</Data><Data Name='Image'>C:\Program Files\dcrypt\dcrypt.exe</Data><Data Name='Device'>\Device\Harddisk0\DR0</Data></EventData></Event>
<Event xmlns='http://schemas.microsoft.com/win/2004/08/events/event'><System><Provider Name='Microsoft-Windows-Sysmon' Guid='{5770385F-C22A-43E0-BF4C-06F5698FFBD9}'/><EventID>9</EventID><Version>2</Version><Level>4</Level><Task>9</Task><Opcode>0</Opcode><Keywords>0x8000000000000000</Keywords><TimeCreated SystemTime='2021-11-15T20:12:28.345963100Z'/><EventRecordID>60646851</EventRecordID><Correlation/><Execution ProcessID='2900' ThreadID='2896'/><Channel>Microsoft-Windows-Sysmon/Operational</Channel><Computer>win-dc-469.attackrange.local</Computer><Security UserID='S-1-5-18'/></System><EventData><Data Name='RuleName'>-</Data><Data Name='UtcTime'>2021-11-15 20:12:28.343</Data><Data Name='ProcessGuid'>{8B6011A9-BF25-6192-9C00-00000000F201}</Data><Data Name='ProcessId'>5756</Data><Data Name='Image'>C:\Program Files\dcrypt\dcrypt.exe</Data><Data Name='Device'>\Device\Harddisk0\DR0</Data></EventData></Event>
<Event xmlns='http://schemas.microsoft.com/win/2004/08/events/event'><System><Provider Name='Microsoft-Windows-Sysmon' Guid='{5770385F-C22A-43E0-BF4C-06F5698FFBD9}'/><EventID>9</EventID><Version>2</Version><Level>4</Level><Task>9</Task><Opcode>0</Opcode><Keywords>0x8000000000000000</Keywords><TimeCreated SystemTime='2021-11-15T20:12:28.345567300Z'/><EventRecordID>60646847</EventRecordID><Correlation/><Execution ProcessID='2900' ThreadID='2896'/><Channel>Microsoft-Windows-Sysmon/Operational</Channel><Computer>win-dc-469.attackrange.local</Computer><Security UserID='S-1-5-18'/></System><EventData><Data Name='RuleName'>-</Data><Data Name='UtcTime'>2021-11-15 20:12:28.343</Data><Data Name='ProcessGuid'>{8B6011A9-BF25-6192-9C00-00000000F201}</Data><Data Name='ProcessId'>5756</Data><Data Name='Image'>C:\Program Files\dcrypt\dcrypt.exe</Data><Data Name='Device'>\Device\HarddiskVolume1</Data></EventData></Event>
<Event xmlns='http://schemas.microsoft.com/win/2004/08/events/event'><System><Provider Name='Microsoft-Windows-Sysmon' Guid='{5770385F-C22A-43E0-BF4C-06F5698FFBD9}'/><EventID>9</EventID><Version>2</Version><Level>4</Level><Task>9</Task><Opcode>0</Opcode><Keywords>0x8000000000000000</Keywords><TimeCreated SystemTime='2021-11-15T20:12:28.345524600Z'/><EventRecordID>60646846</EventRecordID><Correlation/><Execution ProcessID='2900' ThreadID='2896'/><Channel>Microsoft-Windows-Sysmon/Operational</Channel><Computer>win-dc-469.attackrange.local</Computer><Security UserID='S-1-5-18'/></System><EventData><Data Name='RuleName'>-</Data><Data Name='UtcTime'>2021-11-15 20:12:28.343</Data><Data Name='ProcessGuid'>{8B6011A9-BF25-6192-9C00-00000000F201}</Data><Data Name='ProcessId'>5756</Data><Data Name='Image'>C:\Program Files\dcrypt\dcrypt.exe</Data><Data Name='Device'>\Device\HarddiskVolume1</Data></EventData></Event>
<Event xmlns='http://schemas.microsoft.com/win/2004/08/events/event'><System><Provider Name='Microsoft-Windows-Sysmon' Guid='{5770385F-C22A-43E0-BF4C-06F5698FFBD9}'/><EventID>9</EventID><Version>2</Version><Level>4</Level><Task>9</Task><Opcode>0</Opcode><Keywords>0x8000000000000000</Keywords><TimeCreated SystemTime='2021-11-15T20:12:28.344670200Z'/><EventRecordID>60646845</EventRecordID><Correlation/><Execution ProcessID='2900' ThreadID='2896'/><Channel>Microsoft-Windows-Sysmon/Operational</Channel><Computer>win-dc-469.attackrange.local</Computer><Security UserID='S-1-5-18'/></System><EventData><Data Name='RuleName'>-</Data><Data Name='UtcTime'>2021-11-15 20:12:28.343</Data><Data Name='ProcessGuid'>{8B6011A9-BF25-6192-9C00-00000000F201}</Data><Data Name='ProcessId'>5756</Data><Data Name='Image'>C:\Program Files\dcrypt\dcrypt.exe</Data><Data Name='Device'>\Device\Harddisk0\DR0</Data></EventData></Event>
<Event xmlns='http://schemas.microsoft.com/win/2004/08/events/event'><System><Provider Name='Microsoft-Windows-Sysmon' Guid='{5770385F-C22A-43E0-BF4C-06F5698FFBD9}'/><EventID>9</EventID><Version>2</Version><Level>4</Level><Task>9</Task><Opcode>0</Opcode><Keywords>0x8000000000000000</Keywords><TimeCreated SystemTime='2021-11-15T20:12:28.344181100Z'/><EventRecordID>60646844</EventRecordID><Correlation/><Execution ProcessID='2900' ThreadID='2896'/><Channel>Microsoft-Windows-Sysmon/Operational</Channel><Computer>win-dc-469.attackrange.local</Computer><Security UserID='S-1-5-18'/></System><EventData><Data Name='RuleName'>-</Data><Data Name='UtcTime'>2021-11-15 20:12:28.343</Data><Data Name='ProcessGuid'>{8B6011A9-BF25-6192-9C00-00000000F201}</Data><Data Name='ProcessId'>5756</Data><Data Name='Image'>C:\Program Files\dcrypt\dcrypt.exe</Data><Data Name='Device'>\Device\Harddisk0\DR0</Data></EventData></Event>
<Event xmlns='http://schemas.microsoft.com/win/2004/08/events/event'><System><Provider Name='Microsoft-Windows-Sysmon' Guid='{5770385F-C22A-43E0-BF4C-06F5698FFBD9}'/><EventID>9</EventID><Version>2</Version><Level>4</Level><Task>9</Task><Opcode>0</Opcode><Keywords>0x8000000000000000</Keywords><TimeCreated SystemTime='2021-11-15T20:12:28.335889400Z'/><EventRecordID>60646843</EventRecordID><Correlation/><Execution ProcessID='2900' ThreadID='2896'/><Channel>Microsoft-Windows-Sysmon/Operational</Channel><Computer>win-dc-469.attackrange.local</Computer><Security UserID='S-1-5-18'/></System><EventData><Data Name='RuleName'>-</Data><Data Name='UtcTime'>2021-11-15 20:12:28.327</Data><Data Name='ProcessGuid'>{8B6011A9-BF25-6192-9C00-00000000F201}</Data><Data Name='ProcessId'>5756</Data><Data Name='Image'>C:\Program Files\dcrypt\dcrypt.exe</Data><Data Name='Device'>\Device\Harddisk0\DR0</Data></EventData></Event>
<Event xmlns='http://schemas.microsoft.com/win/2004/08/events/event'><System><Provider Name='Microsoft-Windows-Sysmon' Guid='{5770385F-C22A-43E0-BF4C-06F5698FFBD9}'/><EventID>9</EventID><Version>2</Version><Level>4</Level><Task>9</Task><Opcode>0</Opcode><Keywords>0x8000000000000000</Keywords><TimeCreated SystemTime='2021-11-15T20:12:28.335593000Z'/><EventRecordID>60646842</EventRecordID><Correlation/><Execution ProcessID='2900' ThreadID='2896'/><Channel>Microsoft-Windows-Sysmon/Operational</Channel><Computer>win-dc-469.attackrange.local</Computer><Security UserID='S-1-5-18'/></System><EventData><Data Name='RuleName'>-</Data><Data Name='UtcTime'>2021-11-15 20:12:28.327</Data><Data Name='ProcessGuid'>{8B6011A9-BF25-6192-9C00-00000000F201}</Data><Data Name='ProcessId'>5756</Data><Data Name='Image'>C:\Program Files\dcrypt\dcrypt.exe</Data><Data Name='Device'>\Device\Harddisk0\DR0</Data></EventData></Event>
<Event xmlns='http://schemas.microsoft.com/win/2004/08/events/event'><System><Provider Name='Microsoft-Windows-Sysmon' Guid='{5770385F-C22A-43E0-BF4C-06F5698FFBD9}'/><EventID>9</EventID><Version>2</Version><Level>4</Level><Task>9</Task><Opcode>0</Opcode><Keywords>0x8000000000000000</Keywords><TimeCreated SystemTime='2021-11-15T20:12:28.335291800Z'/><EventRecordID>60646841</EventRecordID><Correlation/><Execution ProcessID='2900' ThreadID='2896'/><Channel>Microsoft-Windows-Sysmon/Operational</Channel><Computer>win-dc-469.attackrange.local</Computer><Security UserID='S-1-5-18'/></System><EventData><Data Name='RuleName'>-</Data><Data Name='UtcTime'>2021-11-15 20:12:28.327</Data><Data Name='ProcessGuid'>{8B6011A9-BF25-6192-9C00-00000000F201}</Data><Data Name='ProcessId'>5756</Data><Data Name='Image'>C:\Program Files\dcrypt\dcrypt.exe</Data><Data Name='Device'>\Device\Harddisk0\DR0</Data></EventData></Event>
<Event xmlns='http://schemas.microsoft.com/win/2004/08/events/event'><System><Provider Name='Microsoft-Windows-Sysmon' Guid='{5770385F-C22A-43E0-BF4C-06F5698FFBD9}'/><EventID>9</EventID><Version>2</Version><Level>4</Level><Task>9</Task><Opcode>0</Opcode><Keywords>0x8000000000000000</Keywords><TimeCreated SystemTime='2021-11-15T20:12:28.335008200Z'/><EventRecordID>60646840</EventRecordID><Correlation/><Execution ProcessID='2900' ThreadID='2896'/><Channel>Microsoft-Windows-Sysmon/Operational</Channel><Computer>win-dc-469.attackrange.local</Computer><Security UserID='S-1-5-18'/></System><EventData><Data Name='RuleName'>-</Data><Data Name='UtcTime'>2021-11-15 20:12:28.327</Data><Data Name='ProcessGuid'>{8B6011A9-BF25-6192-9C00-00000000F201}</Data><Data Name='ProcessId'>5756</Data><Data Name='Image'>C:\Program Files\dcrypt\dcrypt.exe</Data><Data Name='Device'>\Device\Harddisk0\DR0</Data></EventData></Event>
<Event xmlns='http://schemas.microsoft.com/win/2004/08/events/event'><System><Provider Name='Microsoft-Windows-Sysmon' Guid='{5770385F-C22A-43E0-BF4C-06F5698FFBD9}'/><EventID>9</EventID><Version>2</Version><Level>4</Level><Task>9</Task><Opcode>0</Opcode><Keywords>0x8000000000000000</Keywords><TimeCreated SystemTime='2021-11-15T20:12:28.334712700Z'/><EventRecordID>60646839</EventRecordID><Correlation/><Execution ProcessID='2900' ThreadID='2896'/><Channel>Microsoft-Windows-Sysmon/Operational</Channel><Computer>win-dc-469.attackrange.local</Computer><Security UserID='S-1-5-18'/></System><EventData><Data Name='RuleName'>-</Data><Data Name='UtcTime'>2021-11-15 20:12:28.327</Data><Data Name='ProcessGuid'>{8B6011A9-BF25-6192-9C00-00000000F201}</Data><Data Name='ProcessId'>5756</Data><Data Name='Image'>C:\Program Files\dcrypt\dcrypt.exe</Data><Data Name='Device'>\Device\Harddisk0\DR0</Data></EventData></Event>
<Event xmlns='http://schemas.microsoft.com/win/2004/08/events/event'><System><Provider Name='Microsoft-Windows-Sysmon' Guid='{5770385F-C22A-43E0-BF4C-06F5698FFBD9}'/><EventID>9</EventID><Version>2</Version><Level>4</Level><Task>9</Task><Opcode>0</Opcode><Keywords>0x8000000000000000</Keywords><TimeCreated SystemTime='2021-11-15T20:12:28.334343200Z'/><EventRecordID>60646838</EventRecordID><Correlation/><Execution ProcessID='2900' ThreadID='2896'/><Channel>Microsoft-Windows-Sysmon/Operational</Channel><Computer>win-dc-469.attackrange.local</Computer><Security UserID='S-1-5-18'/></System><EventData><Data Name='RuleName'>-</Data><Data Name='UtcTime'>2021-11-15 20:12:28.327</Data><Data Name='ProcessGuid'>{8B6011A9-BF25-6192-9C00-00000000F201}</Data><Data Name='ProcessId'>5756</Data><Data Name='Image'>C:\Program Files\dcrypt\dcrypt.exe</Data><Data Name='Device'>\Device\HarddiskVolume1</Data></EventData></Event>
<Event xmlns='http://schemas.microsoft.com/win/2004/08/events/event'><System><Provider Name='Microsoft-Windows-Sysmon' Guid='{5770385F-C22A-43E0-BF4C-06F5698FFBD9}'/><EventID>9</EventID><Version>2</Version><Level>4</Level><Task>9</Task><Opcode>0</Opcode><Keywords>0x8000000000000000</Keywords><TimeCreated SystemTime='2021-11-15T20:12:28.297123300Z'/><EventRecordID>60646835</EventRecordID><Correlation/><Execution ProcessID='2900' ThreadID='2896'/><Channel>Microsoft-Windows-Sysmon/Operational</Channel><Computer>win-dc-469.attackrange.local</Computer><Security UserID='S-1-5-18'/></System><EventData><Data Name='RuleName'>-</Data><Data Name='UtcTime'>2021-11-15 20:12:28.296</Data><Data Name='ProcessGuid'>{8B6011A9-BF25-6192-9C00-00000000F201}</Data><Data Name='ProcessId'>5756</Data><Data Name='Image'>C:\Program Files\dcrypt\dcrypt.exe</Data><Data Name='Device'>\Device\Harddisk0\DR0</Data></EventData></Event>
<Event xmlns='http://schemas.microsoft.com/win/2004/08/events/event'><System><Provider Name='Microsoft-Windows-Sysmon' Guid='{5770385F-C22A-43E0-BF4C-06F5698FFBD9}'/><EventID>9</EventID><Version>2</Version><Level>4</Level><Task>9</Task><Opcode>0</Opcode><Keywords>0x8000000000000000</Keywords><TimeCreated SystemTime='2021-11-15T20:12:28.296796200Z'/><EventRecordID>60646834</EventRecordID><Correlation/><Execution ProcessID='2900' ThreadID='2896'/><Channel>Microsoft-Windows-Sysmon/Operational</Channel><Computer>win-dc-469.attackrange.local</Computer><Security UserID='S-1-5-18'/></System><EventData><Data Name='RuleName'>-</Data><Data Name='UtcTime'>2021-11-15 20:12:28.296</Data><Data Name='ProcessGuid'>{8B6011A9-BF25-6192-9C00-00000000F201}</Data><Data Name='ProcessId'>5756</Data><Data Name='Image'>C:\Program Files\dcrypt\dcrypt.exe</Data><Data Name='Device'>\Device\Harddisk0\DR0</Data></EventData></Event>
<Event xmlns='http://schemas.microsoft.com/win/2004/08/events/event'><System><Provider Name='Microsoft-Windows-Sysmon' Guid='{5770385F-C22A-43E0-BF4C-06F5698FFBD9}'/><EventID>9</EventID><Version>2</Version><Level>4</Level><Task>9</Task><Opcode>0</Opcode><Keywords>0x8000000000000000</Keywords><TimeCreated SystemTime='2021-11-15T20:12:28.296454600Z'/><EventRecordID>60646833</EventRecordID><Correlation/><Execution ProcessID='2900' ThreadID='2896'/><Channel>Microsoft-Windows-Sysmon/Operational</Channel><Computer>win-dc-469.attackrange.local</Computer><Security UserID='S-1-5-18'/></System><EventData><Data Name='RuleName'>-</Data><Data Name='UtcTime'>2021-11-15 20:12:28.296</Data><Data Name='ProcessGuid'>{8B6011A9-BF25-6192-9C00-00000000F201}</Data><Data Name='ProcessId'>5756</Data><Data Name='Image'>C:\Program Files\dcrypt\dcrypt.exe</Data><Data Name='Device'>\Device\Harddisk0\DR0</Data></EventData></Event>
<Event xmlns='http://schemas.microsoft.com/win/2004/08/events/event'><System><Provider Name='Microsoft-Windows-Sysmon' Guid='{5770385F-C22A-43E0-BF4C-06F5698FFBD9}'/><EventID>9</EventID><Version>2</Version><Level>4</Level><Task>9</Task><Opcode>0</Opcode><Keywords>0x8000000000000000</Keywords><TimeCreated SystemTime='2021-11-15T20:12:28.296139400Z'/><EventRecordID>60646832</EventRecordID><Correlation/><Execution ProcessID='2900' ThreadID='2896'/><Channel>Microsoft-Windows-Sysmon/Operational</Channel><Computer>win-dc-469.attackrange.local</Computer><Security UserID='S-1-5-18'/></System><EventData><Data Name='RuleName'>-</Data><Data Name='UtcTime'>2021-11-15 20:12:28.285</Data><Data Name='ProcessGuid'>{8B6011A9-BF25-6192-9C00-00000000F201}</Data><Data Name='ProcessId'>5756</Data><Data Name='Image'>C:\Program Files\dcrypt\dcrypt.exe</Data><Data Name='Device'>\Device\HarddiskVolume1</Data></EventData></Event>
<Event xmlns='http://schemas.microsoft.com/win/2004/08/events/event'><System><Provider Name='Microsoft-Windows-Sysmon' Guid='{5770385F-C22A-43E0-BF4C-06F5698FFBD9}'/><EventID>9</EventID><Version>2</Version><Level>4</Level><Task>9</Task><Opcode>0</Opcode><Keywords>0x8000000000000000</Keywords><TimeCreated SystemTime='2021-11-15T20:12:28.296100700Z'/><EventRecordID>60646831</EventRecordID><Correlation/><Execution ProcessID='2900' ThreadID='2896'/><Channel>Microsoft-Windows-Sysmon/Operational</Channel><Computer>win-dc-469.attackrange.local</Computer><Security UserID='S-1-5-18'/></System><EventData><Data Name='RuleName'>-</Data><Data Name='UtcTime'>2021-11-15 20:12:28.285</Data><Data Name='ProcessGuid'>{8B6011A9-BF25-6192-9C00-00000000F201}</Data><Data Name='ProcessId'>5756</Data><Data Name='Image'>C:\Program Files\dcrypt\dcrypt.exe</Data><Data Name='Device'>\Device\Harddisk0\DR0</Data></EventData></Event>
<Event xmlns='http://schemas.microsoft.com/win/2004/08/events/event'><System><Provider Name='Microsoft-Windows-Sysmon' Guid='{5770385F-C22A-43E0-BF4C-06F5698FFBD9}'/><EventID>9</EventID><Version>2</Version><Level>4</Level><Task>9</Task><Opcode>0</Opcode><Keywords>0x8000000000000000</Keywords><TimeCreated SystemTime='2021-11-15T20:12:28.295698400Z'/><EventRecordID>60646830</EventRecordID><Correlation/><Execution ProcessID='2900' ThreadID='2896'/><Channel>Microsoft-Windows-Sysmon/Operational</Channel><Computer>win-dc-469.attackrange.local</Computer><Security UserID='S-1-5-18'/></System><EventData><Data Name='RuleName'>-</Data><Data Name='UtcTime'>2021-11-15 20:12:28.285</Data><Data Name='ProcessGuid'>{8B6011A9-BF25-6192-9C00-00000000F201}</Data><Data Name='ProcessId'>5756</Data><Data Name='Image'>C:\Program Files\dcrypt\dcrypt.exe</Data><Data Name='Device'>\Device\HarddiskVolume1</Data></EventData></Event>
<Event xmlns='http://schemas.microsoft.com/win/2004/08/events/event'><System><Provider Name='Microsoft-Windows-Sysmon' Guid='{5770385F-C22A-43E0-BF4C-06F5698FFBD9}'/><EventID>9</EventID><Version>2</Version><Level>4</Level><Task>9</Task><Opcode>0</Opcode><Keywords>0x8000000000000000</Keywords><TimeCreated SystemTime='2021-11-15T20:12:28.295637900Z'/><EventRecordID>60646829</EventRecordID><Correlation/><Execution ProcessID='2900' ThreadID='2896'/><Channel>Microsoft-Windows-Sysmon/Operational</Channel><Computer>win-dc-469.attackrange.local</Computer><Security UserID='S-1-5-18'/></System><EventData><Data Name='RuleName'>-</Data><Data Name='UtcTime'>2021-11-15 20:12:28.285</Data><Data Name='ProcessGuid'>{8B6011A9-BF25-6192-9C00-00000000F201}</Data><Data Name='ProcessId'>5756</Data><Data Name='Image'>C:\Program Files\dcrypt\dcrypt.exe</Data><Data Name='Device'>\Device\HarddiskVolume1</Data></EventData></Event>
<Event xmlns='http://schemas.microsoft.com/win/2004/08/events/event'><System><Provider Name='Microsoft-Windows-Sysmon' Guid='{5770385F-C22A-43E0-BF4C-06F5698FFBD9}'/><EventID>9</EventID><Version>2</Version><Level>4</Level><Task>9</Task><Opcode>0</Opcode><Keywords>0x8000000000000000</Keywords><TimeCreated SystemTime='2021-11-15T20:12:28.295289000Z'/><EventRecordID>60646828</EventRecordID><Correlation/><Execution ProcessID='2900' ThreadID='2896'/><Channel>Microsoft-Windows-Sysmon/Operational</Channel><Computer>win-dc-469.attackrange.local</Computer><Security UserID='S-1-5-18'/></System><EventData><Data Name='RuleName'>-</Data><Data Name='UtcTime'>2021-11-15 20:12:28.285</Data><Data Name='ProcessGuid'>{8B6011A9-BF25-6192-9C00-00000000F201}</Data><Data Name='ProcessId'>5756</Data><Data Name='Image'>C:\Program Files\dcrypt\dcrypt.exe</Data><Data Name='Device'>\Device\HarddiskVolume1</Data></EventData></Event>
