<Event xmlns='http://schemas.microsoft.com/win/2004/08/events/event'><System><Provider Name='Microsoft-Windows-Sysmon' Guid='{5770385F-C22A-43E0-BF4C-06F5698FFBD9}'/><EventID>7</EventID><Version>3</Version><Level>4</Level><Task>7</Task><Opcode>0</Opcode><Keywords>0x8000000000000000</Keywords><TimeCreated SystemTime='2021-11-15T20:08:51.989771900Z'/><EventRecordID>60588508</EventRecordID><Correlation/><Execution ProcessID='2856' ThreadID='1356'/><Channel>Microsoft-Windows-Sysmon/Operational</Channel><Computer>win-dc-469.attackrange.local</Computer><Security UserID='S-1-5-18'/></System><EventData><Data Name='RuleName'>-</Data><Data Name='UtcTime'>2021-11-15 20:08:51.880</Data><Data Name='ProcessGuid'>{8B6011A9-BE53-6192-F778-05000000F101}</Data><Data Name='ProcessId'>8316</Data><Data Name='Image'>C:\Users\Administrator\Downloads\dcrypt.exe</Data><Data Name='ImageLoaded'>C:\Windows\SysWOW64\dwmapi.dll</Data><Data Name='FileVersion'>10.0.14393.4169 (rs1_release.210107-1130)</Data><Data Name='Description'>Microsoft Desktop Window Manager API</Data><Data Name='Product'>Microsoft® Windows® Operating System</Data><Data Name='Company'>Microsoft Corporation</Data><Data Name='OriginalFileName'>dwmapi.dll</Data><Data Name='Hashes'>MD5=F6B687A32ABAE8BE3B02C122B58D952F,SHA256=DF763BDC4348BBEA93375263BF88E0BCD1267C58FC0F6E994F6D778D302DDE85</Data><Data Name='Signed'>true</Data><Data Name='Signature'>Microsoft Windows</Data><Data Name='SignatureStatus'>Valid</Data></EventData></Event>
<Event xmlns='http://schemas.microsoft.com/win/2004/08/events/event'><System><Provider Name='Microsoft-Windows-Sysmon' Guid='{5770385F-C22A-43E0-BF4C-06F5698FFBD9}'/><EventID>7</EventID><Version>3</Version><Level>4</Level><Task>7</Task><Opcode>0</Opcode><Keywords>0x8000000000000000</Keywords><TimeCreated SystemTime='2021-11-15T20:08:51.984936600Z'/><EventRecordID>60588484</EventRecordID><Correlation/><Execution ProcessID='2856' ThreadID='1356'/><Channel>Microsoft-Windows-Sysmon/Operational</Channel><Computer>win-dc-469.attackrange.local</Computer><Security UserID='S-1-5-18'/></System><EventData><Data Name='RuleName'>-</Data><Data Name='UtcTime'>2021-11-15 20:08:51.865</Data><Data Name='ProcessGuid'>{8B6011A9-BE53-6192-F778-05000000F101}</Data><Data Name='ProcessId'>8316</Data><Data Name='Image'>C:\Users\Administrator\Downloads\dcrypt.exe</Data><Data Name='ImageLoaded'>C:\Windows\SysWOW64\msctf.dll</Data><Data Name='FileVersion'>10.0.14393.4530 (rs1_release.210705-0736)</Data><Data Name='Description'>MSCTF Server DLL</Data><Data Name='Product'>Microsoft® Windows® Operating System</Data><Data Name='Company'>Microsoft Corporation</Data><Data Name='OriginalFileName'>MSCTF.DLL</Data><Data Name='Hashes'>MD5=2BE98799BE75460B5BFC4B7AAE16F1C0,SHA256=79206EE81A33F14D2EEA028AE188923A24C6E0E2FAFF10F2B58F265C69D13CBC</Data><Data Name='Signed'>true</Data><Data Name='Signature'>Microsoft Windows</Data><Data Name='SignatureStatus'>Valid</Data></EventData></Event>
<Event xmlns='http://schemas.microsoft.com/win/2004/08/events/event'><System><Provider Name='Microsoft-Windows-Sysmon' Guid='{5770385F-C22A-43E0-BF4C-06F5698FFBD9}'/><EventID>7</EventID><Version>3</Version><Level>4</Level><Task>7</Task><Opcode>0</Opcode><Keywords>0x8000000000000000</Keywords><TimeCreated SystemTime='2021-11-15T20:08:51.972719000Z'/><EventRecordID>60588450</EventRecordID><Correlation/><Execution ProcessID='2856' ThreadID='1356'/><Channel>Microsoft-Windows-Sysmon/Operational</Channel><Computer>win-dc-469.attackrange.local</Computer><Security UserID='S-1-5-18'/></System><EventData><Data Name='RuleName'>-</Data><Data Name='UtcTime'>2021-11-15 20:08:51.865</Data><Data Name='ProcessGuid'>{8B6011A9-BE53-6192-F778-05000000F101}</Data><Data Name='ProcessId'>8316</Data><Data Name='Image'>C:\Users\Administrator\Downloads\dcrypt.exe</Data><Data Name='ImageLoaded'>C:\Windows\SysWOW64\uxtheme.dll</Data><Data Name='FileVersion'>10.0.14393.4169 (rs1_release.210107-1130)</Data><Data Name='Description'>Microsoft UxTheme Library</Data><Data Name='Product'>Microsoft® Windows® Operating System</Data><Data Name='Company'>Microsoft Corporation</Data><Data Name='OriginalFileName'>UxTheme.dll</Data><Data Name='Hashes'>MD5=E1A1B98F2AD180FA2117A56D869E5830,SHA256=2D9711E9D549CCB441EF21F72F08FB4EACD5F2990193C6FFFC7E7AC92FA6E670</Data><Data Name='Signed'>true</Data><Data Name='Signature'>Microsoft Windows</Data><Data Name='SignatureStatus'>Valid</Data></EventData></Event>
<Event xmlns='http://schemas.microsoft.com/win/2004/08/events/event'><System><Provider Name='Microsoft-Windows-Sysmon' Guid='{5770385F-C22A-43E0-BF4C-06F5698FFBD9}'/><EventID>7</EventID><Version>3</Version><Level>4</Level><Task>7</Task><Opcode>0</Opcode><Keywords>0x8000000000000000</Keywords><TimeCreated SystemTime='2021-11-15T20:08:51.959824800Z'/><EventRecordID>60588422</EventRecordID><Correlation/><Execution ProcessID='2856' ThreadID='1356'/><Channel>Microsoft-Windows-Sysmon/Operational</Channel><Computer>win-dc-469.attackrange.local</Computer><Security UserID='S-1-5-18'/></System><EventData><Data Name='RuleName'>-</Data><Data Name='UtcTime'>2021-11-15 20:08:51.780</Data><Data Name='ProcessGuid'>{8B6011A9-BE53-6192-F778-05000000F101}</Data><Data Name='ProcessId'>8316</Data><Data Name='Image'>C:\Users\Administrator\Downloads\dcrypt.exe</Data><Data Name='ImageLoaded'>C:\Windows\SysWOW64\winsta.dll</Data><Data Name='FileVersion'>10.0.14393.0 (rs1_release.160715-1616)</Data><Data Name='Description'>Winstation Library</Data><Data Name='Product'>Microsoft® Windows® Operating System</Data><Data Name='Company'>Microsoft Corporation</Data><Data Name='OriginalFileName'>winsta.dll</Data><Data Name='Hashes'>MD5=74261D485681A12AFF1AD517FD0EF200,SHA256=DEC3B7B1EBF3F7F4940FE63D665E2C50F6447C848C35C64B1BDE446E04358480</Data><Data Name='Signed'>true</Data><Data Name='Signature'>Microsoft Windows</Data><Data Name='SignatureStatus'>Valid</Data></EventData></Event>
<Event xmlns='http://schemas.microsoft.com/win/2004/08/events/event'><System><Provider Name='Microsoft-Windows-Sysmon' Guid='{5770385F-C22A-43E0-BF4C-06F5698FFBD9}'/><EventID>7</EventID><Version>3</Version><Level>4</Level><Task>7</Task><Opcode>0</Opcode><Keywords>0x8000000000000000</Keywords><TimeCreated SystemTime='2021-11-15T20:08:51.953416500Z'/><EventRecordID>60588394</EventRecordID><Correlation/><Execution ProcessID='2856' ThreadID='1356'/><Channel>Microsoft-Windows-Sysmon/Operational</Channel><Computer>win-dc-469.attackrange.local</Computer><Security UserID='S-1-5-18'/></System><EventData><Data Name='RuleName'>-</Data><Data Name='UtcTime'>2021-11-15 20:08:51.780</Data><Data Name='ProcessGuid'>{8B6011A9-BE53-6192-F778-05000000F101}</Data><Data Name='ProcessId'>8316</Data><Data Name='Image'>C:\Users\Administrator\Downloads\dcrypt.exe</Data><Data Name='ImageLoaded'>C:\Windows\WinSxS\x86_microsoft.windows.common-controls_6595b64144ccf1df_6.0.14393.4169_none_c58df2c997bddaf8\comctl32.dll</Data><Data Name='FileVersion'>6.10 (rs1_release.210107-1130)</Data><Data Name='Description'>User Experience Controls Library</Data><Data Name='Product'>Microsoft® Windows® Operating System</Data><Data Name='Company'>Microsoft Corporation</Data><Data Name='OriginalFileName'>comctl32.DLL</Data><Data Name='Hashes'>MD5=9BA49461346F5B2DAFE81E401E884241,SHA256=297B46C95521B8EB59B3793F0ED2736F39C495D2C3D622638EE9205F53E69EFD</Data><Data Name='Signed'>true</Data><Data Name='Signature'>Microsoft Windows</Data><Data Name='SignatureStatus'>Valid</Data></EventData></Event>
<Event xmlns='http://schemas.microsoft.com/win/2004/08/events/event'><System><Provider Name='Microsoft-Windows-Sysmon' Guid='{5770385F-C22A-43E0-BF4C-06F5698FFBD9}'/><EventID>7</EventID><Version>3</Version><Level>4</Level><Task>7</Task><Opcode>0</Opcode><Keywords>0x8000000000000000</Keywords><TimeCreated SystemTime='2021-11-15T20:08:51.930310800Z'/><EventRecordID>60588337</EventRecordID><Correlation/><Execution ProcessID='2856' ThreadID='1356'/><Channel>Microsoft-Windows-Sysmon/Operational</Channel><Computer>win-dc-469.attackrange.local</Computer><Security UserID='S-1-5-18'/></System><EventData><Data Name='RuleName'>-</Data><Data Name='UtcTime'>2021-11-15 20:08:51.749</Data><Data Name='ProcessGuid'>{8B6011A9-BE53-6192-F778-05000000F101}</Data><Data Name='ProcessId'>8316</Data><Data Name='Image'>C:\Users\Administrator\Downloads\dcrypt.exe</Data><Data Name='ImageLoaded'>C:\Windows\SysWOW64\msvcp_win.dll</Data><Data Name='FileVersion'>10.0.14393.2999 (rs1_release_inmarket.190520-1518)</Data><Data Name='Description'>Microsoft® C Runtime Library</Data><Data Name='Product'>Microsoft® Windows® Operating System</Data><Data Name='Company'>Microsoft Corporation</Data><Data Name='OriginalFileName'>msvcp_win.dll</Data><Data Name='Hashes'>MD5=7BC54AA66588A3DF7B1448A4493C6663,SHA256=9CB1BA7C092164DAA14E21454606905E294D137AD72158F92A666077D7CF1946</Data><Data Name='Signed'>true</Data><Data Name='Signature'>Microsoft Windows</Data><Data Name='SignatureStatus'>Valid</Data></EventData></Event>
<Event xmlns='http://schemas.microsoft.com/win/2004/08/events/event'><System><Provider Name='Microsoft-Windows-Sysmon' Guid='{5770385F-C22A-43E0-BF4C-06F5698FFBD9}'/><EventID>7</EventID><Version>3</Version><Level>4</Level><Task>7</Task><Opcode>0</Opcode><Keywords>0x8000000000000000</Keywords><TimeCreated SystemTime='2021-11-15T20:08:51.923310400Z'/><EventRecordID>60588326</EventRecordID><Correlation/><Execution ProcessID='2856' ThreadID='2088'/><Channel>Microsoft-Windows-Sysmon/Operational</Channel><Computer>win-dc-469.attackrange.local</Computer><Security UserID='S-1-5-18'/></System><EventData><Data Name='RuleName'>-</Data><Data Name='UtcTime'>2021-11-15 20:08:51.912</Data><Data Name='ProcessGuid'>{8B6011A9-BE53-6192-F778-05000000F101}</Data><Data Name='ProcessId'>8316</Data><Data Name='Image'>C:\Users\Administrator\Downloads\dcrypt.exe</Data><Data Name='ImageLoaded'>C:\Windows\SysWOW64\apphelp.dll</Data><Data Name='FileVersion'>10.0.14393.4350 (rs1_release.210407-2154)</Data><Data Name='Description'>Application Compatibility Client Library</Data><Data Name='Product'>Microsoft® Windows® Operating System</Data><Data Name='Company'>Microsoft Corporation</Data><Data Name='OriginalFileName'>Apphelp</Data><Data Name='Hashes'>MD5=C5114D5A60467157B35D494D927325AB,SHA256=BE91B4149E5C074DE9055BF3914EF746F9776C2771BEA9E0336867A82A827C0D</Data><Data Name='Signed'>true</Data><Data Name='Signature'>Microsoft Windows</Data><Data Name='SignatureStatus'>Valid</Data></EventData></Event>
<Event xmlns='http://schemas.microsoft.com/win/2004/08/events/event'><System><Provider Name='Microsoft-Windows-Sysmon' Guid='{5770385F-C22A-43E0-BF4C-06F5698FFBD9}'/><EventID>7</EventID><Version>3</Version><Level>4</Level><Task>7</Task><Opcode>0</Opcode><Keywords>0x8000000000000000</Keywords><TimeCreated SystemTime='2021-11-15T20:08:51.916500300Z'/><EventRecordID>60588315</EventRecordID><Correlation/><Execution ProcessID='2856' ThreadID='1356'/><Channel>Microsoft-Windows-Sysmon/Operational</Channel><Computer>win-dc-469.attackrange.local</Computer><Security UserID='S-1-5-18'/></System><EventData><Data Name='RuleName'>-</Data><Data Name='UtcTime'>2021-11-15 20:08:51.749</Data><Data Name='ProcessGuid'>{8B6011A9-BE53-6192-F778-05000000F101}</Data><Data Name='ProcessId'>8316</Data><Data Name='Image'>C:\Users\Administrator\Downloads\dcrypt.exe</Data><Data Name='ImageLoaded'>C:\Windows\SysWOW64\oleaut32.dll</Data><Data Name='FileVersion'>10.0.14393.4402 (rs1_release.210426-1725)</Data><Data Name='Description'>OLEAUT32.DLL</Data><Data Name='Product'>Microsoft® Windows® Operating System</Data><Data Name='Company'>Microsoft Corporation</Data><Data Name='OriginalFileName'>OLEAUT32.DLL</Data><Data Name='Hashes'>MD5=0D885953D657434CA5015545A364BDB9,SHA256=1D29921E136F84B4CA9F1EBD646CFFF4571EA805A6CC5BC1F7C7784CC3246088</Data><Data Name='Signed'>true</Data><Data Name='Signature'>Microsoft Windows</Data><Data Name='SignatureStatus'>Valid</Data></EventData></Event>
<Event xmlns='http://schemas.microsoft.com/win/2004/08/events/event'><System><Provider Name='Microsoft-Windows-Sysmon' Guid='{5770385F-C22A-43E0-BF4C-06F5698FFBD9}'/><EventID>10</EventID><Version>3</Version><Level>4</Level><Task>10</Task><Opcode>0</Opcode><Keywords>0x8000000000000000</Keywords><TimeCreated SystemTime='2021-11-15T20:08:51.908652600Z'/><EventRecordID>60588299</EventRecordID><Correlation/><Execution ProcessID='2856' ThreadID='2088'/><Channel>Microsoft-Windows-Sysmon/Operational</Channel><Computer>win-dc-469.attackrange.local</Computer><Security UserID='S-1-5-18'/></System><EventData><Data Name='RuleName'>-</Data><Data Name='UtcTime'>2021-11-15 20:08:51.896</Data><Data Name='SourceProcessGUID'>{8B6011A9-BE53-6192-F778-05000000F101}</Data><Data Name='SourceProcessId'>8316</Data><Data Name='SourceThreadId'>8408</Data><Data Name='SourceImage'>C:\Users\Administrator\Downloads\dcrypt.exe</Data><Data Name='TargetProcessGUID'>{8B6011A9-BE53-6192-F878-05000000F101}</Data><Data Name='TargetProcessId'>6776</Data><Data Name='TargetImage'>C:\Users\ADMINI~1\AppData\Local\Temp\2\is-RR4D9.tmp\dcrypt.tmp</Data><Data Name='GrantedAccess'>0x1fffff</Data><Data Name='CallTrace'>C:\Windows\SYSTEM32\ntdll.dll+a7404|C:\Windows\System32\wow64.dll+10c0b|C:\Windows\System32\wow64.dll+10499|C:\Windows\System32\wow64.dll+6e75|C:\Windows\System32\wow64cpu.dll+1d07|C:\Windows\System32\wow64.dll+1bf87|C:\Windows\System32\wow64.dll+cba0|C:\Windows\SYSTEM32\ntdll.dll+92e47|C:\Windows\SYSTEM32\ntdll.dll+78135|C:\Windows\SYSTEM32\ntdll.dll+77f9e|C:\Windows\SYSTEM32\ntdll.dll+6f66c(wow64)|C:\Windows\System32\KERNELBASE.dll+d9148(wow64)|C:\Windows\System32\KERNELBASE.dll+d7e2c(wow64)|C:\Users\Administrator\Downloads\dcrypt.exe+eab5|C:\Users\Administrator\Downloads\dcrypt.exe+1195c|C:\Windows\System32\KERNEL32.DLL+162c4(wow64)|C:\Windows\SYSTEM32\ntdll.dll+61b69(wow64)|C:\Windows\SYSTEM32\ntdll.dll+61b34(wow64)</Data></EventData></Event>
<Event xmlns='http://schemas.microsoft.com/win/2004/08/events/event'><System><Provider Name='Microsoft-Windows-Sysmon' Guid='{5770385F-C22A-43E0-BF4C-06F5698FFBD9}'/><EventID>1</EventID><Version>5</Version><Level>4</Level><Task>1</Task><Opcode>0</Opcode><Keywords>0x8000000000000000</Keywords><TimeCreated SystemTime='2021-11-15T20:08:51.908241400Z'/><EventRecordID>60588298</EventRecordID><Correlation/><Execution ProcessID='2856' ThreadID='2088'/><Channel>Microsoft-Windows-Sysmon/Operational</Channel><Computer>win-dc-469.attackrange.local</Computer><Security UserID='S-1-5-18'/></System><EventData><Data Name='RuleName'>-</Data><Data Name='UtcTime'>2021-11-15 20:08:51.896</Data><Data Name='ProcessGuid'>{8B6011A9-BE53-6192-F878-05000000F101}</Data><Data Name='ProcessId'>6776</Data><Data Name='Image'>C:\Users\ADMINI~1\AppData\Local\Temp\2\is-RR4D9.tmp\dcrypt.tmp</Data><Data Name='FileVersion'>51.1052.0.0</Data><Data Name='Description'>Setup/Uninstall</Data><Data Name='Product'>-</Data><Data Name='Company'>-</Data><Data Name='OriginalFileName'>-</Data><Data Name='CommandLine'>"C:\Users\ADMINI~1\AppData\Local\Temp\2\is-RR4D9.tmp\dcrypt.tmp" /SL5="$2D0144,1206527,119296,C:\Users\Administrator\Downloads\dcrypt.exe" </Data><Data Name='CurrentDirectory'>C:\Users\Administrator\Downloads\</Data><Data Name='User'>ATTACKRANGE\Administrator</Data><Data Name='LogonGuid'>{8B6011A9-8897-6164-CBF3-050000000000}</Data><Data Name='LogonId'>0x5f3cb</Data><Data Name='TerminalSessionId'>2</Data><Data Name='IntegrityLevel'>High</Data><Data Name='Hashes'>MD5=6A96BEF4679E16A54B4090E74664DCCA,SHA256=CB095356DDCFCBACE96C6252FB73A267ED011C15FF206A7A9302007BAA68A783</Data><Data Name='ParentProcessGuid'>{8B6011A9-BE53-6192-F778-05000000F101}</Data><Data Name='ParentProcessId'>8316</Data><Data Name='ParentImage'>C:\Users\Administrator\Downloads\dcrypt.exe</Data><Data Name='ParentCommandLine'>"C:\Users\Administrator\Downloads\dcrypt.exe" </Data></EventData></Event>
<Event xmlns='http://schemas.microsoft.com/win/2004/08/events/event'><System><Provider Name='Microsoft-Windows-Sysmon' Guid='{5770385F-C22A-43E0-BF4C-06F5698FFBD9}'/><EventID>7</EventID><Version>3</Version><Level>4</Level><Task>7</Task><Opcode>0</Opcode><Keywords>0x8000000000000000</Keywords><TimeCreated SystemTime='2021-11-15T20:08:51.905678900Z'/><EventRecordID>60588288</EventRecordID><Correlation/><Execution ProcessID='2856' ThreadID='1356'/><Channel>Microsoft-Windows-Sysmon/Operational</Channel><Computer>win-dc-469.attackrange.local</Computer><Security UserID='S-1-5-18'/></System><EventData><Data Name='RuleName'>-</Data><Data Name='UtcTime'>2021-11-15 20:08:51.728</Data><Data Name='ProcessGuid'>{8B6011A9-BE53-6192-F778-05000000F101}</Data><Data Name='ProcessId'>8316</Data><Data Name='Image'>C:\Users\Administrator\Downloads\dcrypt.exe</Data><Data Name='ImageLoaded'>C:\Users\Administrator\Downloads\dcrypt.exe</Data><Data Name='FileVersion'>                    </Data><Data Name='Description'>DiskCryptor Setup                                           </Data><Data Name='Product'>DiskCryptor                                                 </Data><Data Name='Company'>http://diskcryptor.org/                                     </Data><Data Name='OriginalFileName'>-</Data><Data Name='Hashes'>MD5=3375FE67827671E121D049F9AABEFC3E,SHA256=02AC3A4F1CFB2723C20F3C7678B62C340C7974B95F8D9320941641D5C6FD2FEE</Data><Data Name='Signed'>true</Data><Data Name='Signature'>Alexander Lomachevsky</Data><Data Name='SignatureStatus'>Valid</Data></EventData></Event>
<Event xmlns='http://schemas.microsoft.com/win/2004/08/events/event'><System><Provider Name='Microsoft-Windows-Sysmon' Guid='{5770385F-C22A-43E0-BF4C-06F5698FFBD9}'/><EventID>10</EventID><Version>3</Version><Level>4</Level><Task>10</Task><Opcode>0</Opcode><Keywords>0x8000000000000000</Keywords><TimeCreated SystemTime='2021-11-15T20:08:51.868425700Z'/><EventRecordID>60588266</EventRecordID><Correlation/><Execution ProcessID='2856' ThreadID='2088'/><Channel>Microsoft-Windows-Sysmon/Operational</Channel><Computer>win-dc-469.attackrange.local</Computer><Security UserID='S-1-5-18'/></System><EventData><Data Name='RuleName'>-</Data><Data Name='UtcTime'>2021-11-15 20:08:51.865</Data><Data Name='SourceProcessGUID'>{8B6011A9-886E-6164-1600-00000000F101}</Data><Data Name='SourceProcessId'>1316</Data><Data Name='SourceThreadId'>340</Data><Data Name='SourceImage'>C:\Windows\System32\svchost.exe</Data><Data Name='TargetProcessGUID'>{8B6011A9-BE53-6192-F778-05000000F101}</Data><Data Name='TargetProcessId'>8316</Data><Data Name='TargetImage'>C:\Users\Administrator\Downloads\dcrypt.exe</Data><Data Name='GrantedAccess'>0x1400</Data><Data Name='CallTrace'>C:\Windows\SYSTEM32\ntdll.dll+a6134|c:\windows\system32\themeservice.dll+235b|c:\windows\system32\themeservice.dll+1ed0|c:\windows\system32\themeservice.dll+2006|C:\Windows\SYSTEM32\ntdll.dll+39cf9|C:\Windows\SYSTEM32\ntdll.dll+1e88a|C:\Windows\System32\KERNEL32.DLL+84d4|C:\Windows\SYSTEM32\ntdll.dll+51781</Data></EventData></Event>
<Event xmlns='http://schemas.microsoft.com/win/2004/08/events/event'><System><Provider Name='Microsoft-Windows-Sysmon' Guid='{5770385F-C22A-43E0-BF4C-06F5698FFBD9}'/><EventID>10</EventID><Version>3</Version><Level>4</Level><Task>10</Task><Opcode>0</Opcode><Keywords>0x8000000000000000</Keywords><TimeCreated SystemTime='2021-11-15T20:08:51.868277000Z'/><EventRecordID>60588265</EventRecordID><Correlation/><Execution ProcessID='2856' ThreadID='2088'/><Channel>Microsoft-Windows-Sysmon/Operational</Channel><Computer>win-dc-469.attackrange.local</Computer><Security UserID='S-1-5-18'/></System><EventData><Data Name='RuleName'>-</Data><Data Name='UtcTime'>2021-11-15 20:08:51.865</Data><Data Name='SourceProcessGUID'>{8B6011A9-886E-6164-1600-00000000F101}</Data><Data Name='SourceProcessId'>1316</Data><Data Name='SourceThreadId'>1348</Data><Data Name='SourceImage'>C:\Windows\System32\svchost.exe</Data><Data Name='TargetProcessGUID'>{8B6011A9-BE53-6192-F778-05000000F101}</Data><Data Name='TargetProcessId'>8316</Data><Data Name='TargetImage'>C:\Users\Administrator\Downloads\dcrypt.exe</Data><Data Name='GrantedAccess'>0x1478</Data><Data Name='CallTrace'>C:\Windows\SYSTEM32\ntdll.dll+a6134|c:\windows\system32\themeservice.dll+144a|c:\windows\system32\themeservice.dll+4175|c:\windows\system32\themeservice.dll+3379|c:\windows\system32\themeservice.dll+31a3|C:\Windows\System32\svchost.exe+1380|C:\Windows\System32\sechost.dll+14342|C:\Windows\System32\KERNEL32.DLL+84d4|C:\Windows\SYSTEM32\ntdll.dll+51781</Data></EventData></Event>
<Event xmlns='http://schemas.microsoft.com/win/2004/08/events/event'><System><Provider Name='Microsoft-Windows-Sysmon' Guid='{5770385F-C22A-43E0-BF4C-06F5698FFBD9}'/><EventID>11</EventID><Version>2</Version><Level>4</Level><Task>11</Task><Opcode>0</Opcode><Keywords>0x8000000000000000</Keywords><TimeCreated SystemTime='2021-11-15T20:08:51.805153900Z'/><EventRecordID>60588262</EventRecordID><Correlation/><Execution ProcessID='2856' ThreadID='2088'/><Channel>Microsoft-Windows-Sysmon/Operational</Channel><Computer>win-dc-469.attackrange.local</Computer><Security UserID='S-1-5-18'/></System><EventData><Data Name='RuleName'>-</Data><Data Name='UtcTime'>2021-11-15 20:08:51.796</Data><Data Name='ProcessGuid'>{8B6011A9-BE53-6192-F778-05000000F101}</Data><Data Name='ProcessId'>8316</Data><Data Name='Image'>C:\Users\Administrator\Downloads\dcrypt.exe</Data><Data Name='TargetFilename'>C:\Users\ADMINI~1\AppData\Local\Temp\2\is-RR4D9.tmp\dcrypt.tmp</Data><Data Name='CreationUtcTime'>2021-11-15 20:08:51.796</Data></EventData></Event>
<Event xmlns='http://schemas.microsoft.com/win/2004/08/events/event'><System><Provider Name='Microsoft-Windows-Sysmon' Guid='{5770385F-C22A-43E0-BF4C-06F5698FFBD9}'/><EventID>11</EventID><Version>2</Version><Level>4</Level><Task>11</Task><Opcode>0</Opcode><Keywords>0x8000000000000000</Keywords><TimeCreated SystemTime='2021-11-15T20:08:51.804729600Z'/><EventRecordID>60588261</EventRecordID><Correlation/><Execution ProcessID='2856' ThreadID='2088'/><Channel>Microsoft-Windows-Sysmon/Operational</Channel><Computer>win-dc-469.attackrange.local</Computer><Security UserID='S-1-5-18'/></System><EventData><Data Name='RuleName'>-</Data><Data Name='UtcTime'>2021-11-15 20:08:51.796</Data><Data Name='ProcessGuid'>{8B6011A9-BE53-6192-F778-05000000F101}</Data><Data Name='ProcessId'>8316</Data><Data Name='Image'>C:\Users\Administrator\Downloads\dcrypt.exe</Data><Data Name='TargetFilename'>C:\Users\ADMINI~1\AppData\Local\Temp\2\is-RR4D9.tmp</Data><Data Name='CreationUtcTime'>2021-11-15 20:08:51.796</Data></EventData></Event>
<Event xmlns='http://schemas.microsoft.com/win/2004/08/events/event'><System><Provider Name='Microsoft-Windows-Sysmon' Guid='{5770385F-C22A-43E0-BF4C-06F5698FFBD9}'/><EventID>7</EventID><Version>3</Version><Level>4</Level><Task>7</Task><Opcode>0</Opcode><Keywords>0x8000000000000000</Keywords><TimeCreated SystemTime='2021-11-15T20:08:51.798953400Z'/><EventRecordID>60588260</EventRecordID><Correlation/><Execution ProcessID='2856' ThreadID='2088'/><Channel>Microsoft-Windows-Sysmon/Operational</Channel><Computer>win-dc-469.attackrange.local</Computer><Security UserID='S-1-5-18'/></System><EventData><Data Name='RuleName'>-</Data><Data Name='UtcTime'>2021-11-15 20:08:51.796</Data><Data Name='ProcessGuid'>{8B6011A9-BE53-6192-F778-05000000F101}</Data><Data Name='ProcessId'>8316</Data><Data Name='Image'>C:\Users\Administrator\Downloads\dcrypt.exe</Data><Data Name='ImageLoaded'>C:\Windows\SysWOW64\profapi.dll</Data><Data Name='FileVersion'>10.0.14393.0 (rs1_release.160715-1616)</Data><Data Name='Description'>User Profile Basic API</Data><Data Name='Product'>Microsoft® Windows® Operating System</Data><Data Name='Company'>Microsoft Corporation</Data><Data Name='OriginalFileName'>PROFAPI.DLL</Data><Data Name='Hashes'>MD5=CA6447DDCA724F0C5C0CAFDE184EFE64,SHA256=F9664337B60A332571FCA81CC3E6DD194DCE20C8546980FD283CA892D0CC873C</Data><Data Name='Signed'>true</Data><Data Name='Signature'>Microsoft Windows</Data><Data Name='SignatureStatus'>Valid</Data></EventData></Event>
<Event xmlns='http://schemas.microsoft.com/win/2004/08/events/event'><System><Provider Name='Microsoft-Windows-Sysmon' Guid='{5770385F-C22A-43E0-BF4C-06F5698FFBD9}'/><EventID>7</EventID><Version>3</Version><Level>4</Level><Task>7</Task><Opcode>0</Opcode><Keywords>0x8000000000000000</Keywords><TimeCreated SystemTime='2021-11-15T20:08:51.798621200Z'/><EventRecordID>60588259</EventRecordID><Correlation/><Execution ProcessID='2856' ThreadID='2088'/><Channel>Microsoft-Windows-Sysmon/Operational</Channel><Computer>win-dc-469.attackrange.local</Computer><Security UserID='S-1-5-18'/></System><EventData><Data Name='RuleName'>-</Data><Data Name='UtcTime'>2021-11-15 20:08:51.796</Data><Data Name='ProcessGuid'>{8B6011A9-BE53-6192-F778-05000000F101}</Data><Data Name='ProcessId'>8316</Data><Data Name='Image'>C:\Users\Administrator\Downloads\dcrypt.exe</Data><Data Name='ImageLoaded'>C:\Windows\SysWOW64\SHCore.dll</Data><Data Name='FileVersion'>10.0.14393.4169 (rs1_release.210107-1130)</Data><Data Name='Description'>SHCORE</Data><Data Name='Product'>Microsoft® Windows® Operating System</Data><Data Name='Company'>Microsoft Corporation</Data><Data Name='OriginalFileName'>SHCORE.dll</Data><Data Name='Hashes'>MD5=E3851CE4A433475612CB0E1552A733E3,SHA256=F391BAA7AFF5734842737FC1B4C58856BA5E409A7B97C037995F0F26150A85FA</Data><Data Name='Signed'>true</Data><Data Name='Signature'>Microsoft Windows</Data><Data Name='SignatureStatus'>Valid</Data></EventData></Event>
<Event xmlns='http://schemas.microsoft.com/win/2004/08/events/event'><System><Provider Name='Microsoft-Windows-Sysmon' Guid='{5770385F-C22A-43E0-BF4C-06F5698FFBD9}'/><EventID>7</EventID><Version>3</Version><Level>4</Level><Task>7</Task><Opcode>0</Opcode><Keywords>0x8000000000000000</Keywords><TimeCreated SystemTime='2021-11-15T20:08:51.798309500Z'/><EventRecordID>60588258</EventRecordID><Correlation/><Execution ProcessID='2856' ThreadID='2088'/><Channel>Microsoft-Windows-Sysmon/Operational</Channel><Computer>win-dc-469.attackrange.local</Computer><Security UserID='S-1-5-18'/></System><EventData><Data Name='RuleName'>-</Data><Data Name='UtcTime'>2021-11-15 20:08:51.796</Data><Data Name='ProcessGuid'>{8B6011A9-BE53-6192-F778-05000000F101}</Data><Data Name='ProcessId'>8316</Data><Data Name='Image'>C:\Users\Administrator\Downloads\dcrypt.exe</Data><Data Name='ImageLoaded'>C:\Windows\SysWOW64\kernel.appcore.dll</Data><Data Name='FileVersion'>10.0.14393.2312 (rs1_release.180607-1919)</Data><Data Name='Description'>AppModel API Host</Data><Data Name='Product'>Microsoft® Windows® Operating System</Data><Data Name='Company'>Microsoft Corporation</Data><Data Name='OriginalFileName'>kernel.appcore.dll</Data><Data Name='Hashes'>MD5=4BA1C50E6607AE70495B58874963B901,SHA256=72BBBB4145E058C3B12504AC0EC128CD44E282D40959D018192899276A2B9C69</Data><Data Name='Signed'>true</Data><Data Name='Signature'>Microsoft Windows</Data><Data Name='SignatureStatus'>Valid</Data></EventData></Event>
<Event xmlns='http://schemas.microsoft.com/win/2004/08/events/event'><System><Provider Name='Microsoft-Windows-Sysmon' Guid='{5770385F-C22A-43E0-BF4C-06F5698FFBD9}'/><EventID>7</EventID><Version>3</Version><Level>4</Level><Task>7</Task><Opcode>0</Opcode><Keywords>0x8000000000000000</Keywords><TimeCreated SystemTime='2021-11-15T20:08:51.797978500Z'/><EventRecordID>60588257</EventRecordID><Correlation/><Execution ProcessID='2856' ThreadID='2088'/><Channel>Microsoft-Windows-Sysmon/Operational</Channel><Computer>win-dc-469.attackrange.local</Computer><Security UserID='S-1-5-18'/></System><EventData><Data Name='RuleName'>-</Data><Data Name='UtcTime'>2021-11-15 20:08:51.796</Data><Data Name='ProcessGuid'>{8B6011A9-BE53-6192-F778-05000000F101}</Data><Data Name='ProcessId'>8316</Data><Data Name='Image'>C:\Users\Administrator\Downloads\dcrypt.exe</Data><Data Name='ImageLoaded'>C:\Windows\SysWOW64\shlwapi.dll</Data><Data Name='FileVersion'>10.0.14393.4169 (rs1_release.210107-1130)</Data><Data Name='Description'>Shell Light-weight Utility Library</Data><Data Name='Product'>Microsoft® Windows® Operating System</Data><Data Name='Company'>Microsoft Corporation</Data><Data Name='OriginalFileName'>SHLWAPI.DLL</Data><Data Name='Hashes'>MD5=0FDEB9236FF287E329F2EF155BA8AE56,SHA256=5F0C2A29312C82D14B8B42D2B6AAFEB82EBAD20822B603FD162E6AAF39B06C95</Data><Data Name='Signed'>true</Data><Data Name='Signature'>Microsoft Windows</Data><Data Name='SignatureStatus'>Valid</Data></EventData></Event>
<Event xmlns='http://schemas.microsoft.com/win/2004/08/events/event'><System><Provider Name='Microsoft-Windows-Sysmon' Guid='{5770385F-C22A-43E0-BF4C-06F5698FFBD9}'/><EventID>7</EventID><Version>3</Version><Level>4</Level><Task>7</Task><Opcode>0</Opcode><Keywords>0x8000000000000000</Keywords><TimeCreated SystemTime='2021-11-15T20:08:51.797630800Z'/><EventRecordID>60588256</EventRecordID><Correlation/><Execution ProcessID='2856' ThreadID='2088'/><Channel>Microsoft-Windows-Sysmon/Operational</Channel><Computer>win-dc-469.attackrange.local</Computer><Security UserID='S-1-5-18'/></System><EventData><Data Name='RuleName'>-</Data><Data Name='UtcTime'>2021-11-15 20:08:51.780</Data><Data Name='ProcessGuid'>{8B6011A9-BE53-6192-F778-05000000F101}</Data><Data Name='ProcessId'>8316</Data><Data Name='Image'>C:\Users\Administrator\Downloads\dcrypt.exe</Data><Data Name='ImageLoaded'>C:\Windows\SysWOW64\powrprof.dll</Data><Data Name='FileVersion'>10.0.14393.0 (rs1_release.160715-1616)</Data><Data Name='Description'>Power Profile Helper DLL</Data><Data Name='Product'>Microsoft® Windows® Operating System</Data><Data Name='Company'>Microsoft Corporation</Data><Data Name='OriginalFileName'>POWRPROF.DLL</Data><Data Name='Hashes'>MD5=A6F22CA344FD1B7D75D49ECC718693C8,SHA256=C7787F59263B7D5246B931531AB4DC4C430E1BF8260775B7A751D4994A5D3489</Data><Data Name='Signed'>true</Data><Data Name='Signature'>Microsoft Windows</Data><Data Name='SignatureStatus'>Valid</Data></EventData></Event>
<Event xmlns='http://schemas.microsoft.com/win/2004/08/events/event'><System><Provider Name='Microsoft-Windows-Sysmon' Guid='{5770385F-C22A-43E0-BF4C-06F5698FFBD9}'/><EventID>7</EventID><Version>3</Version><Level>4</Level><Task>7</Task><Opcode>0</Opcode><Keywords>0x8000000000000000</Keywords><TimeCreated SystemTime='2021-11-15T20:08:51.797277700Z'/><EventRecordID>60588255</EventRecordID><Correlation/><Execution ProcessID='2856' ThreadID='2088'/><Channel>Microsoft-Windows-Sysmon/Operational</Channel><Computer>win-dc-469.attackrange.local</Computer><Security UserID='S-1-5-18'/></System><EventData><Data Name='RuleName'>-</Data><Data Name='UtcTime'>2021-11-15 20:08:51.780</Data><Data Name='ProcessGuid'>{8B6011A9-BE53-6192-F778-05000000F101}</Data><Data Name='ProcessId'>8316</Data><Data Name='Image'>C:\Users\Administrator\Downloads\dcrypt.exe</Data><Data Name='ImageLoaded'>C:\Windows\SysWOW64\windows.storage.dll</Data><Data Name='FileVersion'>10.0.14393.4583 (rs1_release.210730-1850)</Data><Data Name='Description'>Microsoft WinRT Storage API</Data><Data Name='Product'>Microsoft® Windows® Operating System</Data><Data Name='Company'>Microsoft Corporation</Data><Data Name='OriginalFileName'>Windows.Storage.dll</Data><Data Name='Hashes'>MD5=4937BBA430F4AEEC4D0DC03A200348C3,SHA256=CDA95E98B9D37602AD11B97FDBF7BDDD2F79170CA5E140EB9D2A1B04E94E037F</Data><Data Name='Signed'>true</Data><Data Name='Signature'>Microsoft Windows</Data><Data Name='SignatureStatus'>Valid</Data></EventData></Event>
<Event xmlns='http://schemas.microsoft.com/win/2004/08/events/event'><System><Provider Name='Microsoft-Windows-Sysmon' Guid='{5770385F-C22A-43E0-BF4C-06F5698FFBD9}'/><EventID>7</EventID><Version>3</Version><Level>4</Level><Task>7</Task><Opcode>0</Opcode><Keywords>0x8000000000000000</Keywords><TimeCreated SystemTime='2021-11-15T20:08:51.796421200Z'/><EventRecordID>60588254</EventRecordID><Correlation/><Execution ProcessID='2856' ThreadID='2088'/><Channel>Microsoft-Windows-Sysmon/Operational</Channel><Computer>win-dc-469.attackrange.local</Computer><Security UserID='S-1-5-18'/></System><EventData><Data Name='RuleName'>-</Data><Data Name='UtcTime'>2021-11-15 20:08:51.780</Data><Data Name='ProcessGuid'>{8B6011A9-BE53-6192-F778-05000000F101}</Data><Data Name='ProcessId'>8316</Data><Data Name='Image'>C:\Users\Administrator\Downloads\dcrypt.exe</Data><Data Name='ImageLoaded'>C:\Windows\SysWOW64\cfgmgr32.dll</Data><Data Name='FileVersion'>10.0.14393.0 (rs1_release.160715-1616)</Data><Data Name='Description'>Configuration Manager DLL</Data><Data Name='Product'>Microsoft® Windows® Operating System</Data><Data Name='Company'>Microsoft Corporation</Data><Data Name='OriginalFileName'>CFGMGR32.DLL</Data><Data Name='Hashes'>MD5=90A1CD387F9CB30F86D34B88BFCD83A1,SHA256=5F6CE9777CDC7B0A0E98C90709C41C379415DBA654A39B332BB683A7F2B86E97</Data><Data Name='Signed'>true</Data><Data Name='Signature'>Microsoft Windows</Data><Data Name='SignatureStatus'>Valid</Data></EventData></Event>
<Event xmlns='http://schemas.microsoft.com/win/2004/08/events/event'><System><Provider Name='Microsoft-Windows-Sysmon' Guid='{5770385F-C22A-43E0-BF4C-06F5698FFBD9}'/><EventID>7</EventID><Version>3</Version><Level>4</Level><Task>7</Task><Opcode>0</Opcode><Keywords>0x8000000000000000</Keywords><TimeCreated SystemTime='2021-11-15T20:08:51.796073900Z'/><EventRecordID>60588253</EventRecordID><Correlation/><Execution ProcessID='2856' ThreadID='2088'/><Channel>Microsoft-Windows-Sysmon/Operational</Channel><Computer>win-dc-469.attackrange.local</Computer><Security UserID='S-1-5-18'/></System><EventData><Data Name='RuleName'>-</Data><Data Name='UtcTime'>2021-11-15 20:08:51.780</Data><Data Name='ProcessGuid'>{8B6011A9-BE53-6192-F778-05000000F101}</Data><Data Name='ProcessId'>8316</Data><Data Name='Image'>C:\Users\Administrator\Downloads\dcrypt.exe</Data><Data Name='ImageLoaded'>C:\Windows\SysWOW64\shell32.dll</Data><Data Name='FileVersion'>10.0.14393.4583 (rs1_release.210730-1850)</Data><Data Name='Description'>Windows Shell Common Dll</Data><Data Name='Product'>Microsoft® Windows® Operating System</Data><Data Name='Company'>Microsoft Corporation</Data><Data Name='OriginalFileName'>SHELL32.DLL</Data><Data Name='Hashes'>MD5=B745CDE6791890C571B08D4E29D9174E,SHA256=08B93AC421A1DA6CC4F0FE683F10C3B7679A42395854BB54CB63B5DFD5BF58BE</Data><Data Name='Signed'>true</Data><Data Name='Signature'>Microsoft Windows</Data><Data Name='SignatureStatus'>Valid</Data></EventData></Event>
<Event xmlns='http://schemas.microsoft.com/win/2004/08/events/event'><System><Provider Name='Microsoft-Windows-Sysmon' Guid='{5770385F-C22A-43E0-BF4C-06F5698FFBD9}'/><EventID>7</EventID><Version>3</Version><Level>4</Level><Task>7</Task><Opcode>0</Opcode><Keywords>0x8000000000000000</Keywords><TimeCreated SystemTime='2021-11-15T20:08:51.788648600Z'/><EventRecordID>60588252</EventRecordID><Correlation/><Execution ProcessID='2856' ThreadID='2088'/><Channel>Microsoft-Windows-Sysmon/Operational</Channel><Computer>win-dc-469.attackrange.local</Computer><Security UserID='S-1-5-18'/></System><EventData><Data Name='RuleName'>-</Data><Data Name='UtcTime'>2021-11-15 20:08:51.780</Data><Data Name='ProcessGuid'>{8B6011A9-BE53-6192-F778-05000000F101}</Data><Data Name='ProcessId'>8316</Data><Data Name='Image'>C:\Users\Administrator\Downloads\dcrypt.exe</Data><Data Name='ImageLoaded'>C:\Windows\SysWOW64\imm32.dll</Data><Data Name='FileVersion'>10.0.14393.0 (rs1_release.160715-1616)</Data><Data Name='Description'>Multi-User Windows IMM32 API Client DLL</Data><Data Name='Product'>Microsoft® Windows® Operating System</Data><Data Name='Company'>Microsoft Corporation</Data><Data Name='OriginalFileName'>imm32</Data><Data Name='Hashes'>MD5=203F58BA41B48A59D6A047E0233DB422,SHA256=4204F7C2B4E13AA3819A180FACA724435F6400FE97D2EF6C74634A0D7E51F7F3</Data><Data Name='Signed'>true</Data><Data Name='Signature'>Microsoft Windows</Data><Data Name='SignatureStatus'>Valid</Data></EventData></Event>
<Event xmlns='http://schemas.microsoft.com/win/2004/08/events/event'><System><Provider Name='Microsoft-Windows-Sysmon' Guid='{5770385F-C22A-43E0-BF4C-06F5698FFBD9}'/><EventID>7</EventID><Version>3</Version><Level>4</Level><Task>7</Task><Opcode>0</Opcode><Keywords>0x8000000000000000</Keywords><TimeCreated SystemTime='2021-11-15T20:08:51.762303800Z'/><EventRecordID>60588247</EventRecordID><Correlation/><Execution ProcessID='2856' ThreadID='2088'/><Channel>Microsoft-Windows-Sysmon/Operational</Channel><Computer>win-dc-469.attackrange.local</Computer><Security UserID='S-1-5-18'/></System><EventData><Data Name='RuleName'>-</Data><Data Name='UtcTime'>2021-11-15 20:08:51.749</Data><Data Name='ProcessGuid'>{8B6011A9-BE53-6192-F778-05000000F101}</Data><Data Name='ProcessId'>8316</Data><Data Name='Image'>C:\Users\Administrator\Downloads\dcrypt.exe</Data><Data Name='ImageLoaded'>C:\Windows\SysWOW64\gdi32full.dll</Data><Data Name='FileVersion'>10.0.14393.4530 (rs1_release.210705-0736)</Data><Data Name='Description'>GDI Client DLL</Data><Data Name='Product'>Microsoft® Windows® Operating System</Data><Data Name='Company'>Microsoft Corporation</Data><Data Name='OriginalFileName'>gdi32</Data><Data Name='Hashes'>MD5=F7E6254059E93E3FBD7FE0E3C5615605,SHA256=1AD1D4229C9FF3B4D041E4B4973A83BE2078EECD11E9EC00E4C0B42EAB20E07A</Data><Data Name='Signed'>true</Data><Data Name='Signature'>Microsoft Windows</Data><Data Name='SignatureStatus'>Valid</Data></EventData></Event>
<Event xmlns='http://schemas.microsoft.com/win/2004/08/events/event'><System><Provider Name='Microsoft-Windows-Sysmon' Guid='{5770385F-C22A-43E0-BF4C-06F5698FFBD9}'/><EventID>7</EventID><Version>3</Version><Level>4</Level><Task>7</Task><Opcode>0</Opcode><Keywords>0x8000000000000000</Keywords><TimeCreated SystemTime='2021-11-15T20:08:51.761852000Z'/><EventRecordID>60588246</EventRecordID><Correlation/><Execution ProcessID='2856' ThreadID='2088'/><Channel>Microsoft-Windows-Sysmon/Operational</Channel><Computer>win-dc-469.attackrange.local</Computer><Security UserID='S-1-5-18'/></System><EventData><Data Name='RuleName'>-</Data><Data Name='UtcTime'>2021-11-15 20:08:51.749</Data><Data Name='ProcessGuid'>{8B6011A9-BE53-6192-F778-05000000F101}</Data><Data Name='ProcessId'>8316</Data><Data Name='Image'>C:\Users\Administrator\Downloads\dcrypt.exe</Data><Data Name='ImageLoaded'>C:\Windows\SysWOW64\gdi32.dll</Data><Data Name='FileVersion'>10.0.14393.4169 (rs1_release.210107-1130)</Data><Data Name='Description'>GDI Client DLL</Data><Data Name='Product'>Microsoft® Windows® Operating System</Data><Data Name='Company'>Microsoft Corporation</Data><Data Name='OriginalFileName'>gdi32</Data><Data Name='Hashes'>MD5=E9E209227AF7EFBFDAAA0B932251486D,SHA256=639DD063669F506790DA8C940E3BEBE4F7CF31668260F94CF5A67C93021D2BDF</Data><Data Name='Signed'>true</Data><Data Name='Signature'>Microsoft Windows</Data><Data Name='SignatureStatus'>Valid</Data></EventData></Event>
<Event xmlns='http://schemas.microsoft.com/win/2004/08/events/event'><System><Provider Name='Microsoft-Windows-Sysmon' Guid='{5770385F-C22A-43E0-BF4C-06F5698FFBD9}'/><EventID>7</EventID><Version>3</Version><Level>4</Level><Task>7</Task><Opcode>0</Opcode><Keywords>0x8000000000000000</Keywords><TimeCreated SystemTime='2021-11-15T20:08:51.761389600Z'/><EventRecordID>60588245</EventRecordID><Correlation/><Execution ProcessID='2856' ThreadID='2088'/><Channel>Microsoft-Windows-Sysmon/Operational</Channel><Computer>win-dc-469.attackrange.local</Computer><Security UserID='S-1-5-18'/></System><EventData><Data Name='RuleName'>-</Data><Data Name='UtcTime'>2021-11-15 20:08:51.749</Data><Data Name='ProcessGuid'>{8B6011A9-BE53-6192-F778-05000000F101}</Data><Data Name='ProcessId'>8316</Data><Data Name='Image'>C:\Users\Administrator\Downloads\dcrypt.exe</Data><Data Name='ImageLoaded'>C:\Windows\SysWOW64\win32u.dll</Data><Data Name='FileVersion'>10.0.14393.0 (rs1_release.160715-1616)</Data><Data Name='Description'>Win32u</Data><Data Name='Product'>Microsoft® Windows® Operating System</Data><Data Name='Company'>Microsoft Corporation</Data><Data Name='OriginalFileName'>Win32u.DLL</Data><Data Name='Hashes'>MD5=AF2A9437F3AED2E8254B7E1EB6E96782,SHA256=D8F3C957BDBD9DB510E71B07CDE1B446491D4DC520787548060B3AAD1324C62A</Data><Data Name='Signed'>true</Data><Data Name='Signature'>Microsoft Windows</Data><Data Name='SignatureStatus'>Valid</Data></EventData></Event>
<Event xmlns='http://schemas.microsoft.com/win/2004/08/events/event'><System><Provider Name='Microsoft-Windows-Sysmon' Guid='{5770385F-C22A-43E0-BF4C-06F5698FFBD9}'/><EventID>7</EventID><Version>3</Version><Level>4</Level><Task>7</Task><Opcode>0</Opcode><Keywords>0x8000000000000000</Keywords><TimeCreated SystemTime='2021-11-15T20:08:51.761061900Z'/><EventRecordID>60588244</EventRecordID><Correlation/><Execution ProcessID='2856' ThreadID='2088'/><Channel>Microsoft-Windows-Sysmon/Operational</Channel><Computer>win-dc-469.attackrange.local</Computer><Security UserID='S-1-5-18'/></System><EventData><Data Name='RuleName'>-</Data><Data Name='UtcTime'>2021-11-15 20:08:51.749</Data><Data Name='ProcessGuid'>{8B6011A9-BE53-6192-F778-05000000F101}</Data><Data Name='ProcessId'>8316</Data><Data Name='Image'>C:\Users\Administrator\Downloads\dcrypt.exe</Data><Data Name='ImageLoaded'>C:\Windows\SysWOW64\user32.dll</Data><Data Name='FileVersion'>10.0.14393.4169 (rs1_release.210107-1130)</Data><Data Name='Description'>Multi-User Windows USER API Client DLL</Data><Data Name='Product'>Microsoft® Windows® Operating System</Data><Data Name='Company'>Microsoft Corporation</Data><Data Name='OriginalFileName'>user32</Data><Data Name='Hashes'>MD5=318804DFF282AE5C2FEF5577057CB913,SHA256=A65C5C3F38A793F0C59C1A4553940D6D236CE2BC3380898E865BF0E1F80FEE8C</Data><Data Name='Signed'>true</Data><Data Name='Signature'>Microsoft Windows</Data><Data Name='SignatureStatus'>Valid</Data></EventData></Event>
<Event xmlns='http://schemas.microsoft.com/win/2004/08/events/event'><System><Provider Name='Microsoft-Windows-Sysmon' Guid='{5770385F-C22A-43E0-BF4C-06F5698FFBD9}'/><EventID>7</EventID><Version>3</Version><Level>4</Level><Task>7</Task><Opcode>0</Opcode><Keywords>0x8000000000000000</Keywords><TimeCreated SystemTime='2021-11-15T20:08:51.760661300Z'/><EventRecordID>60588243</EventRecordID><Correlation/><Execution ProcessID='2856' ThreadID='2088'/><Channel>Microsoft-Windows-Sysmon/Operational</Channel><Computer>win-dc-469.attackrange.local</Computer><Security UserID='S-1-5-18'/></System><EventData><Data Name='RuleName'>-</Data><Data Name='UtcTime'>2021-11-15 20:08:51.749</Data><Data Name='ProcessGuid'>{8B6011A9-BE53-6192-F778-05000000F101}</Data><Data Name='ProcessId'>8316</Data><Data Name='Image'>C:\Users\Administrator\Downloads\dcrypt.exe</Data><Data Name='ImageLoaded'>C:\Windows\SysWOW64\msvcrt.dll</Data><Data Name='FileVersion'>7.0.14393.2457 (rs1_release_inmarket.180822-1743)</Data><Data Name='Description'>Windows NT CRT DLL</Data><Data Name='Product'>Microsoft® Windows® Operating System</Data><Data Name='Company'>Microsoft Corporation</Data><Data Name='OriginalFileName'>msvcrt.dll</Data><Data Name='Hashes'>MD5=F3B7F231407DD207CABC94C9347984AC,SHA256=053A1D95EEB426416278D2AD7D584FDD984A8B445CC88B46785AB8666383FB0B</Data><Data Name='Signed'>true</Data><Data Name='Signature'>Microsoft Windows</Data><Data Name='SignatureStatus'>Valid</Data></EventData></Event>
<Event xmlns='http://schemas.microsoft.com/win/2004/08/events/event'><System><Provider Name='Microsoft-Windows-Sysmon' Guid='{5770385F-C22A-43E0-BF4C-06F5698FFBD9}'/><EventID>7</EventID><Version>3</Version><Level>4</Level><Task>7</Task><Opcode>0</Opcode><Keywords>0x8000000000000000</Keywords><TimeCreated SystemTime='2021-11-15T20:08:51.760264000Z'/><EventRecordID>60588242</EventRecordID><Correlation/><Execution ProcessID='2856' ThreadID='2088'/><Channel>Microsoft-Windows-Sysmon/Operational</Channel><Computer>win-dc-469.attackrange.local</Computer><Security UserID='S-1-5-18'/></System><EventData><Data Name='RuleName'>-</Data><Data Name='UtcTime'>2021-11-15 20:08:51.749</Data><Data Name='ProcessGuid'>{8B6011A9-BE53-6192-F778-05000000F101}</Data><Data Name='ProcessId'>8316</Data><Data Name='Image'>C:\Users\Administrator\Downloads\dcrypt.exe</Data><Data Name='ImageLoaded'>C:\Windows\SysWOW64\advapi32.dll</Data><Data Name='FileVersion'>10.0.14393.4467 (rs1_release.210604-1844)</Data><Data Name='Description'>Advanced Windows 32 Base API</Data><Data Name='Product'>Microsoft® Windows® Operating System</Data><Data Name='Company'>Microsoft Corporation</Data><Data Name='OriginalFileName'>advapi32.dll</Data><Data Name='Hashes'>MD5=A1EDD29F959E38F8AE4AF9B5CDD2B534,SHA256=CE5ECDC3BEFA2DC8C826A697EAC6CDAC12753258315701130CDEDB19D24DBC75</Data><Data Name='Signed'>true</Data><Data Name='Signature'>Microsoft Windows</Data><Data Name='SignatureStatus'>Valid</Data></EventData></Event>
<Event xmlns='http://schemas.microsoft.com/win/2004/08/events/event'><System><Provider Name='Microsoft-Windows-Sysmon' Guid='{5770385F-C22A-43E0-BF4C-06F5698FFBD9}'/><EventID>7</EventID><Version>3</Version><Level>4</Level><Task>7</Task><Opcode>0</Opcode><Keywords>0x8000000000000000</Keywords><TimeCreated SystemTime='2021-11-15T20:08:51.759894900Z'/><EventRecordID>60588241</EventRecordID><Correlation/><Execution ProcessID='2856' ThreadID='2088'/><Channel>Microsoft-Windows-Sysmon/Operational</Channel><Computer>win-dc-469.attackrange.local</Computer><Security UserID='S-1-5-18'/></System><EventData><Data Name='RuleName'>-</Data><Data Name='UtcTime'>2021-11-15 20:08:51.749</Data><Data Name='ProcessGuid'>{8B6011A9-BE53-6192-F778-05000000F101}</Data><Data Name='ProcessId'>8316</Data><Data Name='Image'>C:\Users\Administrator\Downloads\dcrypt.exe</Data><Data Name='ImageLoaded'>C:\Windows\SysWOW64\sechost.dll</Data><Data Name='FileVersion'>10.0.14393.3808 (rs1_release.200707-2105)</Data><Data Name='Description'>Host for SCM/SDDL/LSA Lookup APIs</Data><Data Name='Product'>Microsoft® Windows® Operating System</Data><Data Name='Company'>Microsoft Corporation</Data><Data Name='OriginalFileName'>sechost.dll</Data><Data Name='Hashes'>MD5=3394E4EEB4851D80DD7548EC87EAEA5F,SHA256=7F670ACCE58EAADE796FEF335B4EAEAB66DFC47875219B9BE3C9B405A452450B</Data><Data Name='Signed'>true</Data><Data Name='Signature'>Microsoft Windows</Data><Data Name='SignatureStatus'>Valid</Data></EventData></Event>
<Event xmlns='http://schemas.microsoft.com/win/2004/08/events/event'><System><Provider Name='Microsoft-Windows-Sysmon' Guid='{5770385F-C22A-43E0-BF4C-06F5698FFBD9}'/><EventID>7</EventID><Version>3</Version><Level>4</Level><Task>7</Task><Opcode>0</Opcode><Keywords>0x8000000000000000</Keywords><TimeCreated SystemTime='2021-11-15T20:08:51.759524200Z'/><EventRecordID>60588240</EventRecordID><Correlation/><Execution ProcessID='2856' ThreadID='2088'/><Channel>Microsoft-Windows-Sysmon/Operational</Channel><Computer>win-dc-469.attackrange.local</Computer><Security UserID='S-1-5-18'/></System><EventData><Data Name='RuleName'>-</Data><Data Name='UtcTime'>2021-11-15 20:08:51.749</Data><Data Name='ProcessGuid'>{8B6011A9-BE53-6192-F778-05000000F101}</Data><Data Name='ProcessId'>8316</Data><Data Name='Image'>C:\Users\Administrator\Downloads\dcrypt.exe</Data><Data Name='ImageLoaded'>C:\Windows\SysWOW64\bcryptprimitives.dll</Data><Data Name='FileVersion'>10.0.14393.4583 (rs1_release.210730-1850)</Data><Data Name='Description'>Windows Cryptographic Primitives Library</Data><Data Name='Product'>Microsoft® Windows® Operating System</Data><Data Name='Company'>Microsoft Corporation</Data><Data Name='OriginalFileName'>bcryptprimitives.dll</Data><Data Name='Hashes'>MD5=D1F45F71014220112988A7BF64EE83EE,SHA256=60E8C6D420FC4AFF309FE9CB53327D8DC4EC541F627E4461C465561512D1ED5D</Data><Data Name='Signed'>true</Data><Data Name='Signature'>Microsoft Windows</Data><Data Name='SignatureStatus'>Valid</Data></EventData></Event>
<Event xmlns='http://schemas.microsoft.com/win/2004/08/events/event'><System><Provider Name='Microsoft-Windows-Sysmon' Guid='{5770385F-C22A-43E0-BF4C-06F5698FFBD9}'/><EventID>7</EventID><Version>3</Version><Level>4</Level><Task>7</Task><Opcode>0</Opcode><Keywords>0x8000000000000000</Keywords><TimeCreated SystemTime='2021-11-15T20:08:51.759205200Z'/><EventRecordID>60588239</EventRecordID><Correlation/><Execution ProcessID='2856' ThreadID='2088'/><Channel>Microsoft-Windows-Sysmon/Operational</Channel><Computer>win-dc-469.attackrange.local</Computer><Security UserID='S-1-5-18'/></System><EventData><Data Name='RuleName'>-</Data><Data Name='UtcTime'>2021-11-15 20:08:51.749</Data><Data Name='ProcessGuid'>{8B6011A9-BE53-6192-F778-05000000F101}</Data><Data Name='ProcessId'>8316</Data><Data Name='Image'>C:\Users\Administrator\Downloads\dcrypt.exe</Data><Data Name='ImageLoaded'>C:\Windows\SysWOW64\cryptbase.dll</Data><Data Name='FileVersion'>10.0.14393.0 (rs1_release.160715-1616)</Data><Data Name='Description'>Base cryptographic API DLL</Data><Data Name='Product'>Microsoft® Windows® Operating System</Data><Data Name='Company'>Microsoft Corporation</Data><Data Name='OriginalFileName'>cryptbase.dll</Data><Data Name='Hashes'>MD5=3D4308BAC53B881B16D9BD1006ABDC65,SHA256=26DF85FC22F9FCAA2212CB66612FE8F5CC6382953FE81B9C34128E43080C7891</Data><Data Name='Signed'>true</Data><Data Name='Signature'>Microsoft Windows</Data><Data Name='SignatureStatus'>Valid</Data></EventData></Event>
