<Event xmlns='http://schemas.microsoft.com/win/2004/08/events/event'><System><Provider Name='Microsoft-Windows-Sysmon' Guid='{5770385F-C22A-43E0-BF4C-06F5698FFBD9}'/><EventID>13</EventID><Version>2</Version><Level>4</Level><Task>13</Task><Opcode>0</Opcode><Keywords>0x8000000000000000</Keywords><TimeCreated SystemTime='2021-11-15T20:10:22.926492300Z'/><EventRecordID>60592210</EventRecordID><Correlation/><Execution ProcessID='2856' ThreadID='2088'/><Channel>Microsoft-Windows-Sysmon/Operational</Channel><Computer>win-dc-469.attackrange.local</Computer><Security UserID='S-1-5-18'/></System><EventData><Data Name='RuleName'>-</Data><Data Name='EventType'>SetValue</Data><Data Name='UtcTime'>2021-11-15 20:10:22.914</Data><Data Name='ProcessGuid'>{8B6011A9-886D-6164-1300-00000000F101}</Data><Data Name='ProcessId'>1040</Data><Data Name='Image'>C:\Windows\System32\svchost.exe</Data><Data Name='TargetObject'>\REGISTRY\A\{8059fb97-7f80-9bcc-be5f-d91bcf40f47d}\Root\InventoryApplicationFile\dcrypt.exe|c8156b88a984edd0\ProductVersion</Data><Data Name='Details'>1.2.1                                             </Data></EventData></Event>
<Event xmlns='http://schemas.microsoft.com/win/2004/08/events/event'><System><Provider Name='Microsoft-Windows-Sysmon' Guid='{5770385F-C22A-43E0-BF4C-06F5698FFBD9}'/><EventID>13</EventID><Version>2</Version><Level>4</Level><Task>13</Task><Opcode>0</Opcode><Keywords>0x8000000000000000</Keywords><TimeCreated SystemTime='2021-11-15T20:10:22.926405500Z'/><EventRecordID>60592209</EventRecordID><Correlation/><Execution ProcessID='2856' ThreadID='2088'/><Channel>Microsoft-Windows-Sysmon/Operational</Channel><Computer>win-dc-469.attackrange.local</Computer><Security UserID='S-1-5-18'/></System><EventData><Data Name='RuleName'>-</Data><Data Name='EventType'>SetValue</Data><Data Name='UtcTime'>2021-11-15 20:10:22.914</Data><Data Name='ProcessGuid'>{8B6011A9-886D-6164-1300-00000000F101}</Data><Data Name='ProcessId'>1040</Data><Data Name='Image'>C:\Windows\System32\svchost.exe</Data><Data Name='TargetObject'>\REGISTRY\A\{8059fb97-7f80-9bcc-be5f-d91bcf40f47d}\Root\InventoryApplicationFile\dcrypt.exe|c8156b88a984edd0\ProductName</Data><Data Name='Details'>diskcryptor                                                 </Data></EventData></Event>
<Event xmlns='http://schemas.microsoft.com/win/2004/08/events/event'><System><Provider Name='Microsoft-Windows-Sysmon' Guid='{5770385F-C22A-43E0-BF4C-06F5698FFBD9}'/><EventID>13</EventID><Version>2</Version><Level>4</Level><Task>13</Task><Opcode>0</Opcode><Keywords>0x8000000000000000</Keywords><TimeCreated SystemTime='2021-11-15T20:10:22.926323100Z'/><EventRecordID>60592208</EventRecordID><Correlation/><Execution ProcessID='2856' ThreadID='2088'/><Channel>Microsoft-Windows-Sysmon/Operational</Channel><Computer>win-dc-469.attackrange.local</Computer><Security UserID='S-1-5-18'/></System><EventData><Data Name='RuleName'>-</Data><Data Name='EventType'>SetValue</Data><Data Name='UtcTime'>2021-11-15 20:10:22.914</Data><Data Name='ProcessGuid'>{8B6011A9-886D-6164-1300-00000000F101}</Data><Data Name='ProcessId'>1040</Data><Data Name='Image'>C:\Windows\System32\svchost.exe</Data><Data Name='TargetObject'>\REGISTRY\A\{8059fb97-7f80-9bcc-be5f-d91bcf40f47d}\Root\InventoryApplicationFile\dcrypt.exe|c8156b88a984edd0\BinaryType</Data><Data Name='Details'>pe32_i386</Data></EventData></Event>
<Event xmlns='http://schemas.microsoft.com/win/2004/08/events/event'><System><Provider Name='Microsoft-Windows-Sysmon' Guid='{5770385F-C22A-43E0-BF4C-06F5698FFBD9}'/><EventID>13</EventID><Version>2</Version><Level>4</Level><Task>13</Task><Opcode>0</Opcode><Keywords>0x8000000000000000</Keywords><TimeCreated SystemTime='2021-11-15T20:10:22.926224800Z'/><EventRecordID>60592207</EventRecordID><Correlation/><Execution ProcessID='2856' ThreadID='2088'/><Channel>Microsoft-Windows-Sysmon/Operational</Channel><Computer>win-dc-469.attackrange.local</Computer><Security UserID='S-1-5-18'/></System><EventData><Data Name='RuleName'>-</Data><Data Name='EventType'>SetValue</Data><Data Name='UtcTime'>2021-11-15 20:10:22.914</Data><Data Name='ProcessGuid'>{8B6011A9-886D-6164-1300-00000000F101}</Data><Data Name='ProcessId'>1040</Data><Data Name='Image'>C:\Windows\System32\svchost.exe</Data><Data Name='TargetObject'>\REGISTRY\A\{8059fb97-7f80-9bcc-be5f-d91bcf40f47d}\Root\InventoryApplicationFile\dcrypt.exe|c8156b88a984edd0\BinFileVersion</Data><Data Name='Details'>0.0.0.0</Data></EventData></Event>
<Event xmlns='http://schemas.microsoft.com/win/2004/08/events/event'><System><Provider Name='Microsoft-Windows-Sysmon' Guid='{5770385F-C22A-43E0-BF4C-06F5698FFBD9}'/><EventID>13</EventID><Version>2</Version><Level>4</Level><Task>13</Task><Opcode>0</Opcode><Keywords>0x8000000000000000</Keywords><TimeCreated SystemTime='2021-11-15T20:10:22.926118700Z'/><EventRecordID>60592206</EventRecordID><Correlation/><Execution ProcessID='2856' ThreadID='2088'/><Channel>Microsoft-Windows-Sysmon/Operational</Channel><Computer>win-dc-469.attackrange.local</Computer><Security UserID='S-1-5-18'/></System><EventData><Data Name='RuleName'>-</Data><Data Name='EventType'>SetValue</Data><Data Name='UtcTime'>2021-11-15 20:10:22.914</Data><Data Name='ProcessGuid'>{8B6011A9-886D-6164-1300-00000000F101}</Data><Data Name='ProcessId'>1040</Data><Data Name='Image'>C:\Windows\System32\svchost.exe</Data><Data Name='TargetObject'>\REGISTRY\A\{8059fb97-7f80-9bcc-be5f-d91bcf40f47d}\Root\InventoryApplicationFile\dcrypt.exe|c8156b88a984edd0\Version</Data><Data Name='Details'>                    </Data></EventData></Event>
<Event xmlns='http://schemas.microsoft.com/win/2004/08/events/event'><System><Provider Name='Microsoft-Windows-Sysmon' Guid='{5770385F-C22A-43E0-BF4C-06F5698FFBD9}'/><EventID>13</EventID><Version>2</Version><Level>4</Level><Task>13</Task><Opcode>0</Opcode><Keywords>0x8000000000000000</Keywords><TimeCreated SystemTime='2021-11-15T20:10:22.926012300Z'/><EventRecordID>60592205</EventRecordID><Correlation/><Execution ProcessID='2856' ThreadID='2088'/><Channel>Microsoft-Windows-Sysmon/Operational</Channel><Computer>win-dc-469.attackrange.local</Computer><Security UserID='S-1-5-18'/></System><EventData><Data Name='RuleName'>-</Data><Data Name='EventType'>SetValue</Data><Data Name='UtcTime'>2021-11-15 20:10:22.914</Data><Data Name='ProcessGuid'>{8B6011A9-886D-6164-1300-00000000F101}</Data><Data Name='ProcessId'>1040</Data><Data Name='Image'>C:\Windows\System32\svchost.exe</Data><Data Name='TargetObject'>\REGISTRY\A\{8059fb97-7f80-9bcc-be5f-d91bcf40f47d}\Root\InventoryApplicationFile\dcrypt.exe|c8156b88a984edd0\Publisher</Data><Data Name='Details'>http://diskcryptor.org/                                     </Data></EventData></Event>
<Event xmlns='http://schemas.microsoft.com/win/2004/08/events/event'><System><Provider Name='Microsoft-Windows-Sysmon' Guid='{5770385F-C22A-43E0-BF4C-06F5698FFBD9}'/><EventID>13</EventID><Version>2</Version><Level>4</Level><Task>13</Task><Opcode>0</Opcode><Keywords>0x8000000000000000</Keywords><TimeCreated SystemTime='2021-11-15T20:10:22.925908600Z'/><EventRecordID>60592204</EventRecordID><Correlation/><Execution ProcessID='2856' ThreadID='2088'/><Channel>Microsoft-Windows-Sysmon/Operational</Channel><Computer>win-dc-469.attackrange.local</Computer><Security UserID='S-1-5-18'/></System><EventData><Data Name='RuleName'>-</Data><Data Name='EventType'>SetValue</Data><Data Name='UtcTime'>2021-11-15 20:10:22.914</Data><Data Name='ProcessGuid'>{8B6011A9-886D-6164-1300-00000000F101}</Data><Data Name='ProcessId'>1040</Data><Data Name='Image'>C:\Windows\System32\svchost.exe</Data><Data Name='TargetObject'>\REGISTRY\A\{8059fb97-7f80-9bcc-be5f-d91bcf40f47d}\Root\InventoryApplicationFile\dcrypt.exe|c8156b88a984edd0\OriginalFileName</Data><Data Name='Details'>(Empty)</Data></EventData></Event>
<Event xmlns='http://schemas.microsoft.com/win/2004/08/events/event'><System><Provider Name='Microsoft-Windows-Sysmon' Guid='{5770385F-C22A-43E0-BF4C-06F5698FFBD9}'/><EventID>13</EventID><Version>2</Version><Level>4</Level><Task>13</Task><Opcode>0</Opcode><Keywords>0x8000000000000000</Keywords><TimeCreated SystemTime='2021-11-15T20:10:22.925809900Z'/><EventRecordID>60592203</EventRecordID><Correlation/><Execution ProcessID='2856' ThreadID='2088'/><Channel>Microsoft-Windows-Sysmon/Operational</Channel><Computer>win-dc-469.attackrange.local</Computer><Security UserID='S-1-5-18'/></System><EventData><Data Name='RuleName'>-</Data><Data Name='EventType'>SetValue</Data><Data Name='UtcTime'>2021-11-15 20:10:22.914</Data><Data Name='ProcessGuid'>{8B6011A9-886D-6164-1300-00000000F101}</Data><Data Name='ProcessId'>1040</Data><Data Name='Image'>C:\Windows\System32\svchost.exe</Data><Data Name='TargetObject'>\REGISTRY\A\{8059fb97-7f80-9bcc-be5f-d91bcf40f47d}\Root\InventoryApplicationFile\dcrypt.exe|c8156b88a984edd0\Name</Data><Data Name='Details'>dcrypt.exe</Data></EventData></Event>
<Event xmlns='http://schemas.microsoft.com/win/2004/08/events/event'><System><Provider Name='Microsoft-Windows-Sysmon' Guid='{5770385F-C22A-43E0-BF4C-06F5698FFBD9}'/><EventID>13</EventID><Version>2</Version><Level>4</Level><Task>13</Task><Opcode>0</Opcode><Keywords>0x8000000000000000</Keywords><TimeCreated SystemTime='2021-11-15T20:10:22.925704200Z'/><EventRecordID>60592202</EventRecordID><Correlation/><Execution ProcessID='2856' ThreadID='2088'/><Channel>Microsoft-Windows-Sysmon/Operational</Channel><Computer>win-dc-469.attackrange.local</Computer><Security UserID='S-1-5-18'/></System><EventData><Data Name='RuleName'>-</Data><Data Name='EventType'>SetValue</Data><Data Name='UtcTime'>2021-11-15 20:10:22.914</Data><Data Name='ProcessGuid'>{8B6011A9-886D-6164-1300-00000000F101}</Data><Data Name='ProcessId'>1040</Data><Data Name='Image'>C:\Windows\System32\svchost.exe</Data><Data Name='TargetObject'>\REGISTRY\A\{8059fb97-7f80-9bcc-be5f-d91bcf40f47d}\Root\InventoryApplicationFile\dcrypt.exe|c8156b88a984edd0\LongPathHash</Data><Data Name='Details'>dcrypt.exe|c8156b88a984edd0</Data></EventData></Event>
<Event xmlns='http://schemas.microsoft.com/win/2004/08/events/event'><System><Provider Name='Microsoft-Windows-Sysmon' Guid='{5770385F-C22A-43E0-BF4C-06F5698FFBD9}'/><EventID>13</EventID><Version>2</Version><Level>4</Level><Task>13</Task><Opcode>0</Opcode><Keywords>0x8000000000000000</Keywords><TimeCreated SystemTime='2021-11-15T20:10:22.925592000Z'/><EventRecordID>60592201</EventRecordID><Correlation/><Execution ProcessID='2856' ThreadID='2088'/><Channel>Microsoft-Windows-Sysmon/Operational</Channel><Computer>win-dc-469.attackrange.local</Computer><Security UserID='S-1-5-18'/></System><EventData><Data Name='RuleName'>-</Data><Data Name='EventType'>SetValue</Data><Data Name='UtcTime'>2021-11-15 20:10:22.914</Data><Data Name='ProcessGuid'>{8B6011A9-886D-6164-1300-00000000F101}</Data><Data Name='ProcessId'>1040</Data><Data Name='Image'>C:\Windows\System32\svchost.exe</Data><Data Name='TargetObject'>\REGISTRY\A\{8059fb97-7f80-9bcc-be5f-d91bcf40f47d}\Root\InventoryApplicationFile\dcrypt.exe|c8156b88a984edd0\LowerCaseLongPath</Data><Data Name='Details'>c:\users\administrator\downloads\dcrypt.exe</Data></EventData></Event>
<Event xmlns='http://schemas.microsoft.com/win/2004/08/events/event'><System><Provider Name='Microsoft-Windows-Sysmon' Guid='{5770385F-C22A-43E0-BF4C-06F5698FFBD9}'/><EventID>13</EventID><Version>2</Version><Level>4</Level><Task>13</Task><Opcode>0</Opcode><Keywords>0x8000000000000000</Keywords><TimeCreated SystemTime='2021-11-15T20:10:22.925484300Z'/><EventRecordID>60592200</EventRecordID><Correlation/><Execution ProcessID='2856' ThreadID='2088'/><Channel>Microsoft-Windows-Sysmon/Operational</Channel><Computer>win-dc-469.attackrange.local</Computer><Security UserID='S-1-5-18'/></System><EventData><Data Name='RuleName'>-</Data><Data Name='EventType'>SetValue</Data><Data Name='UtcTime'>2021-11-15 20:10:22.914</Data><Data Name='ProcessGuid'>{8B6011A9-886D-6164-1300-00000000F101}</Data><Data Name='ProcessId'>1040</Data><Data Name='Image'>C:\Windows\System32\svchost.exe</Data><Data Name='TargetObject'>\REGISTRY\A\{8059fb97-7f80-9bcc-be5f-d91bcf40f47d}\Root\InventoryApplicationFile\dcrypt.exe|c8156b88a984edd0\FileId</Data><Data Name='Details'>0000e5286dbd0a54a110b39eb1e3e7015d82f316132e</Data></EventData></Event>
<Event xmlns='http://schemas.microsoft.com/win/2004/08/events/event'><System><Provider Name='Microsoft-Windows-Sysmon' Guid='{5770385F-C22A-43E0-BF4C-06F5698FFBD9}'/><EventID>13</EventID><Version>2</Version><Level>4</Level><Task>13</Task><Opcode>0</Opcode><Keywords>0x8000000000000000</Keywords><TimeCreated SystemTime='2021-11-15T20:10:22.925372000Z'/><EventRecordID>60592199</EventRecordID><Correlation/><Execution ProcessID='2856' ThreadID='2088'/><Channel>Microsoft-Windows-Sysmon/Operational</Channel><Computer>win-dc-469.attackrange.local</Computer><Security UserID='S-1-5-18'/></System><EventData><Data Name='RuleName'>-</Data><Data Name='EventType'>SetValue</Data><Data Name='UtcTime'>2021-11-15 20:10:22.914</Data><Data Name='ProcessGuid'>{8B6011A9-886D-6164-1300-00000000F101}</Data><Data Name='ProcessId'>1040</Data><Data Name='Image'>C:\Windows\System32\svchost.exe</Data><Data Name='TargetObject'>\REGISTRY\A\{8059fb97-7f80-9bcc-be5f-d91bcf40f47d}\Root\InventoryApplicationFile\dcrypt.exe|c8156b88a984edd0\ProgramId</Data><Data Name='Details'>000659469abd8d657a733dc352995067a8d100000000</Data></EventData></Event>
<Event xmlns='http://schemas.microsoft.com/win/2004/08/events/event'><System><Provider Name='Microsoft-Windows-Sysmon' Guid='{5770385F-C22A-43E0-BF4C-06F5698FFBD9}'/><EventID>12</EventID><Version>2</Version><Level>4</Level><Task>12</Task><Opcode>0</Opcode><Keywords>0x8000000000000000</Keywords><TimeCreated SystemTime='2021-11-15T20:10:22.925247900Z'/><EventRecordID>60592198</EventRecordID><Correlation/><Execution ProcessID='2856' ThreadID='2088'/><Channel>Microsoft-Windows-Sysmon/Operational</Channel><Computer>win-dc-469.attackrange.local</Computer><Security UserID='S-1-5-18'/></System><EventData><Data Name='RuleName'>-</Data><Data Name='EventType'>CreateKey</Data><Data Name='UtcTime'>2021-11-15 20:10:22.914</Data><Data Name='ProcessGuid'>{8B6011A9-886D-6164-1300-00000000F101}</Data><Data Name='ProcessId'>1040</Data><Data Name='Image'>C:\Windows\System32\svchost.exe</Data><Data Name='TargetObject'>\REGISTRY\A\{8059fb97-7f80-9bcc-be5f-d91bcf40f47d}\Root\InventoryApplicationFile\dcrypt.exe|c8156b88a984edd0</Data></EventData></Event>
<Event xmlns='http://schemas.microsoft.com/win/2004/08/events/event'><System><Provider Name='Microsoft-Windows-Sysmon' Guid='{5770385F-C22A-43E0-BF4C-06F5698FFBD9}'/><EventID>13</EventID><Version>2</Version><Level>4</Level><Task>13</Task><Opcode>0</Opcode><Keywords>0x8000000000000000</Keywords><TimeCreated SystemTime='2021-11-15T20:10:22.899698800Z'/><EventRecordID>60592158</EventRecordID><Correlation/><Execution ProcessID='2856' ThreadID='2088'/><Channel>Microsoft-Windows-Sysmon/Operational</Channel><Computer>win-dc-469.attackrange.local</Computer><Security UserID='S-1-5-18'/></System><EventData><Data Name='RuleName'>-</Data><Data Name='EventType'>SetValue</Data><Data Name='UtcTime'>2021-11-15 20:10:22.899</Data><Data Name='ProcessGuid'>{8B6011A9-886D-6164-1300-00000000F101}</Data><Data Name='ProcessId'>1040</Data><Data Name='Image'>C:\Windows\System32\svchost.exe</Data><Data Name='TargetObject'>HKU\S-1-5-21-3946589728-3102711660-3528854901-500\SOFTWARE\Microsoft\Windows NT\CurrentVersion\AppCompatFlags\Compatibility Assistant\Store\C:\Users\Administrator\Downloads\dcrypt.exe</Data><Data Name='Details'>Binary Data</Data></EventData></Event>
<Event xmlns='http://schemas.microsoft.com/win/2004/08/events/event'><System><Provider Name='Microsoft-Windows-Sysmon' Guid='{5770385F-C22A-43E0-BF4C-06F5698FFBD9}'/><EventID>13</EventID><Version>2</Version><Level>4</Level><Task>13</Task><Opcode>0</Opcode><Keywords>0x8000000000000000</Keywords><TimeCreated SystemTime='2021-11-15T20:10:38.485203600Z'/><EventRecordID>60597763</EventRecordID><Correlation/><Execution ProcessID='2856' ThreadID='2088'/><Channel>Microsoft-Windows-Sysmon/Operational</Channel><Computer>win-dc-469.attackrange.local</Computer><Security UserID='S-1-5-18'/></System><EventData><Data Name='RuleName'>-</Data><Data Name='EventType'>SetValue</Data><Data Name='UtcTime'>2021-11-15 20:10:38.484</Data><Data Name='ProcessGuid'>{8B6011A9-BEB6-6192-0B79-05000000F101}</Data><Data Name='ProcessId'>5300</Data><Data Name='Image'>C:\Windows\system32\compattelrunner.exe</Data><Data Name='TargetObject'>\REGISTRY\A\{c542d6e6-4369-75a0-e589-45898c83b470}\Root\InventoryApplicationFile\dcrypt.sys|924e250fec014a76\Usn</Data><Data Name='Details'>QWORD (0x00000001-0xfe46a3b0)</Data></EventData></Event>
<Event xmlns='http://schemas.microsoft.com/win/2004/08/events/event'><System><Provider Name='Microsoft-Windows-Sysmon' Guid='{5770385F-C22A-43E0-BF4C-06F5698FFBD9}'/><EventID>13</EventID><Version>2</Version><Level>4</Level><Task>13</Task><Opcode>0</Opcode><Keywords>0x8000000000000000</Keywords><TimeCreated SystemTime='2021-11-15T20:10:38.485178600Z'/><EventRecordID>60597762</EventRecordID><Correlation/><Execution ProcessID='2856' ThreadID='2088'/><Channel>Microsoft-Windows-Sysmon/Operational</Channel><Computer>win-dc-469.attackrange.local</Computer><Security UserID='S-1-5-18'/></System><EventData><Data Name='RuleName'>-</Data><Data Name='EventType'>SetValue</Data><Data Name='UtcTime'>2021-11-15 20:10:38.484</Data><Data Name='ProcessGuid'>{8B6011A9-BEB6-6192-0B79-05000000F101}</Data><Data Name='ProcessId'>5300</Data><Data Name='Image'>C:\Windows\system32\compattelrunner.exe</Data><Data Name='TargetObject'>\REGISTRY\A\{c542d6e6-4369-75a0-e589-45898c83b470}\Root\InventoryApplicationFile\dcrypt.sys|924e250fec014a76\Language</Data><Data Name='Details'>DWORD (0x00000009)</Data></EventData></Event>
<Event xmlns='http://schemas.microsoft.com/win/2004/08/events/event'><System><Provider Name='Microsoft-Windows-Sysmon' Guid='{5770385F-C22A-43E0-BF4C-06F5698FFBD9}'/><EventID>13</EventID><Version>2</Version><Level>4</Level><Task>13</Task><Opcode>0</Opcode><Keywords>0x8000000000000000</Keywords><TimeCreated SystemTime='2021-11-15T20:10:38.485150700Z'/><EventRecordID>60597761</EventRecordID><Correlation/><Execution ProcessID='2856' ThreadID='2088'/><Channel>Microsoft-Windows-Sysmon/Operational</Channel><Computer>win-dc-469.attackrange.local</Computer><Security UserID='S-1-5-18'/></System><EventData><Data Name='RuleName'>-</Data><Data Name='EventType'>SetValue</Data><Data Name='UtcTime'>2021-11-15 20:10:38.484</Data><Data Name='ProcessGuid'>{8B6011A9-BEB6-6192-0B79-05000000F101}</Data><Data Name='ProcessId'>5300</Data><Data Name='Image'>C:\Windows\system32\compattelrunner.exe</Data><Data Name='TargetObject'>\REGISTRY\A\{c542d6e6-4369-75a0-e589-45898c83b470}\Root\InventoryApplicationFile\dcrypt.sys|924e250fec014a76\Size</Data><Data Name='Details'>QWORD (0x00000000-0x00031f90)</Data></EventData></Event>
<Event xmlns='http://schemas.microsoft.com/win/2004/08/events/event'><System><Provider Name='Microsoft-Windows-Sysmon' Guid='{5770385F-C22A-43E0-BF4C-06F5698FFBD9}'/><EventID>13</EventID><Version>2</Version><Level>4</Level><Task>13</Task><Opcode>0</Opcode><Keywords>0x8000000000000000</Keywords><TimeCreated SystemTime='2021-11-15T20:10:38.485077400Z'/><EventRecordID>60597760</EventRecordID><Correlation/><Execution ProcessID='2856' ThreadID='2088'/><Channel>Microsoft-Windows-Sysmon/Operational</Channel><Computer>win-dc-469.attackrange.local</Computer><Security UserID='S-1-5-18'/></System><EventData><Data Name='RuleName'>-</Data><Data Name='EventType'>SetValue</Data><Data Name='UtcTime'>2021-11-15 20:10:38.484</Data><Data Name='ProcessGuid'>{8B6011A9-BEB6-6192-0B79-05000000F101}</Data><Data Name='ProcessId'>5300</Data><Data Name='Image'>C:\Windows\system32\compattelrunner.exe</Data><Data Name='TargetObject'>\REGISTRY\A\{c542d6e6-4369-75a0-e589-45898c83b470}\Root\InventoryApplicationFile\dcrypt.sys|924e250fec014a76\AppxPackageRelativeId</Data><Data Name='Details'>(Empty)</Data></EventData></Event>
<Event xmlns='http://schemas.microsoft.com/win/2004/08/events/event'><System><Provider Name='Microsoft-Windows-Sysmon' Guid='{5770385F-C22A-43E0-BF4C-06F5698FFBD9}'/><EventID>13</EventID><Version>2</Version><Level>4</Level><Task>13</Task><Opcode>0</Opcode><Keywords>0x8000000000000000</Keywords><TimeCreated SystemTime='2021-11-15T20:10:38.485052400Z'/><EventRecordID>60597759</EventRecordID><Correlation/><Execution ProcessID='2856' ThreadID='2088'/><Channel>Microsoft-Windows-Sysmon/Operational</Channel><Computer>win-dc-469.attackrange.local</Computer><Security UserID='S-1-5-18'/></System><EventData><Data Name='RuleName'>-</Data><Data Name='EventType'>SetValue</Data><Data Name='UtcTime'>2021-11-15 20:10:38.484</Data><Data Name='ProcessGuid'>{8B6011A9-BEB6-6192-0B79-05000000F101}</Data><Data Name='ProcessId'>5300</Data><Data Name='Image'>C:\Windows\system32\compattelrunner.exe</Data><Data Name='TargetObject'>\REGISTRY\A\{c542d6e6-4369-75a0-e589-45898c83b470}\Root\InventoryApplicationFile\dcrypt.sys|924e250fec014a76\AppxPackageFullName</Data><Data Name='Details'>(Empty)</Data></EventData></Event>
<Event xmlns='http://schemas.microsoft.com/win/2004/08/events/event'><System><Provider Name='Microsoft-Windows-Sysmon' Guid='{5770385F-C22A-43E0-BF4C-06F5698FFBD9}'/><EventID>13</EventID><Version>2</Version><Level>4</Level><Task>13</Task><Opcode>0</Opcode><Keywords>0x8000000000000000</Keywords><TimeCreated SystemTime='2021-11-15T20:10:38.485027400Z'/><EventRecordID>60597758</EventRecordID><Correlation/><Execution ProcessID='2856' ThreadID='2088'/><Channel>Microsoft-Windows-Sysmon/Operational</Channel><Computer>win-dc-469.attackrange.local</Computer><Security UserID='S-1-5-18'/></System><EventData><Data Name='RuleName'>-</Data><Data Name='EventType'>SetValue</Data><Data Name='UtcTime'>2021-11-15 20:10:38.484</Data><Data Name='ProcessGuid'>{8B6011A9-BEB6-6192-0B79-05000000F101}</Data><Data Name='ProcessId'>5300</Data><Data Name='Image'>C:\Windows\system32\compattelrunner.exe</Data><Data Name='TargetObject'>\REGISTRY\A\{c542d6e6-4369-75a0-e589-45898c83b470}\Root\InventoryApplicationFile\dcrypt.sys|924e250fec014a76\BinProductVersion</Data><Data Name='Details'>1.2.848.118</Data></EventData></Event>
<Event xmlns='http://schemas.microsoft.com/win/2004/08/events/event'><System><Provider Name='Microsoft-Windows-Sysmon' Guid='{5770385F-C22A-43E0-BF4C-06F5698FFBD9}'/><EventID>13</EventID><Version>2</Version><Level>4</Level><Task>13</Task><Opcode>0</Opcode><Keywords>0x8000000000000000</Keywords><TimeCreated SystemTime='2021-11-15T20:10:38.485002000Z'/><EventRecordID>60597757</EventRecordID><Correlation/><Execution ProcessID='2856' ThreadID='2088'/><Channel>Microsoft-Windows-Sysmon/Operational</Channel><Computer>win-dc-469.attackrange.local</Computer><Security UserID='S-1-5-18'/></System><EventData><Data Name='RuleName'>-</Data><Data Name='EventType'>SetValue</Data><Data Name='UtcTime'>2021-11-15 20:10:38.484</Data><Data Name='ProcessGuid'>{8B6011A9-BEB6-6192-0B79-05000000F101}</Data><Data Name='ProcessId'>5300</Data><Data Name='Image'>C:\Windows\system32\compattelrunner.exe</Data><Data Name='TargetObject'>\REGISTRY\A\{c542d6e6-4369-75a0-e589-45898c83b470}\Root\InventoryApplicationFile\dcrypt.sys|924e250fec014a76\LinkDate</Data><Data Name='Details'>04/20/2020 20:09:30</Data></EventData></Event>
<Event xmlns='http://schemas.microsoft.com/win/2004/08/events/event'><System><Provider Name='Microsoft-Windows-Sysmon' Guid='{5770385F-C22A-43E0-BF4C-06F5698FFBD9}'/><EventID>13</EventID><Version>2</Version><Level>4</Level><Task>13</Task><Opcode>0</Opcode><Keywords>0x8000000000000000</Keywords><TimeCreated SystemTime='2021-11-15T20:10:38.484953700Z'/><EventRecordID>60597756</EventRecordID><Correlation/><Execution ProcessID='2856' ThreadID='2088'/><Channel>Microsoft-Windows-Sysmon/Operational</Channel><Computer>win-dc-469.attackrange.local</Computer><Security UserID='S-1-5-18'/></System><EventData><Data Name='RuleName'>-</Data><Data Name='EventType'>SetValue</Data><Data Name='UtcTime'>2021-11-15 20:10:38.484</Data><Data Name='ProcessGuid'>{8B6011A9-BEB6-6192-0B79-05000000F101}</Data><Data Name='ProcessId'>5300</Data><Data Name='Image'>C:\Windows\system32\compattelrunner.exe</Data><Data Name='TargetObject'>\REGISTRY\A\{c542d6e6-4369-75a0-e589-45898c83b470}\Root\InventoryApplicationFile\dcrypt.sys|924e250fec014a76\ProductVersion</Data><Data Name='Details'>1.2</Data></EventData></Event>
<Event xmlns='http://schemas.microsoft.com/win/2004/08/events/event'><System><Provider Name='Microsoft-Windows-Sysmon' Guid='{5770385F-C22A-43E0-BF4C-06F5698FFBD9}'/><EventID>13</EventID><Version>2</Version><Level>4</Level><Task>13</Task><Opcode>0</Opcode><Keywords>0x8000000000000000</Keywords><TimeCreated SystemTime='2021-11-15T20:10:38.484916800Z'/><EventRecordID>60597755</EventRecordID><Correlation/><Execution ProcessID='2856' ThreadID='2088'/><Channel>Microsoft-Windows-Sysmon/Operational</Channel><Computer>win-dc-469.attackrange.local</Computer><Security UserID='S-1-5-18'/></System><EventData><Data Name='RuleName'>-</Data><Data Name='EventType'>SetValue</Data><Data Name='UtcTime'>2021-11-15 20:10:38.484</Data><Data Name='ProcessGuid'>{8B6011A9-BEB6-6192-0B79-05000000F101}</Data><Data Name='ProcessId'>5300</Data><Data Name='Image'>C:\Windows\system32\compattelrunner.exe</Data><Data Name='TargetObject'>\REGISTRY\A\{c542d6e6-4369-75a0-e589-45898c83b470}\Root\InventoryApplicationFile\dcrypt.sys|924e250fec014a76\ProductName</Data><Data Name='Details'>diskcryptor</Data></EventData></Event>
<Event xmlns='http://schemas.microsoft.com/win/2004/08/events/event'><System><Provider Name='Microsoft-Windows-Sysmon' Guid='{5770385F-C22A-43E0-BF4C-06F5698FFBD9}'/><EventID>13</EventID><Version>2</Version><Level>4</Level><Task>13</Task><Opcode>0</Opcode><Keywords>0x8000000000000000</Keywords><TimeCreated SystemTime='2021-11-15T20:10:38.484803000Z'/><EventRecordID>60597754</EventRecordID><Correlation/><Execution ProcessID='2856' ThreadID='2088'/><Channel>Microsoft-Windows-Sysmon/Operational</Channel><Computer>win-dc-469.attackrange.local</Computer><Security UserID='S-1-5-18'/></System><EventData><Data Name='RuleName'>-</Data><Data Name='EventType'>SetValue</Data><Data Name='UtcTime'>2021-11-15 20:10:38.484</Data><Data Name='ProcessGuid'>{8B6011A9-BEB6-6192-0B79-05000000F101}</Data><Data Name='ProcessId'>5300</Data><Data Name='Image'>C:\Windows\system32\compattelrunner.exe</Data><Data Name='TargetObject'>\REGISTRY\A\{c542d6e6-4369-75a0-e589-45898c83b470}\Root\InventoryApplicationFile\dcrypt.sys|924e250fec014a76\BinaryType</Data><Data Name='Details'>pe64_amd64</Data></EventData></Event>
<Event xmlns='http://schemas.microsoft.com/win/2004/08/events/event'><System><Provider Name='Microsoft-Windows-Sysmon' Guid='{5770385F-C22A-43E0-BF4C-06F5698FFBD9}'/><EventID>13</EventID><Version>2</Version><Level>4</Level><Task>13</Task><Opcode>0</Opcode><Keywords>0x8000000000000000</Keywords><TimeCreated SystemTime='2021-11-15T20:10:38.484717000Z'/><EventRecordID>60597753</EventRecordID><Correlation/><Execution ProcessID='2856' ThreadID='2088'/><Channel>Microsoft-Windows-Sysmon/Operational</Channel><Computer>win-dc-469.attackrange.local</Computer><Security UserID='S-1-5-18'/></System><EventData><Data Name='RuleName'>-</Data><Data Name='EventType'>SetValue</Data><Data Name='UtcTime'>2021-11-15 20:10:38.484</Data><Data Name='ProcessGuid'>{8B6011A9-BEB6-6192-0B79-05000000F101}</Data><Data Name='ProcessId'>5300</Data><Data Name='Image'>C:\Windows\system32\compattelrunner.exe</Data><Data Name='TargetObject'>\REGISTRY\A\{c542d6e6-4369-75a0-e589-45898c83b470}\Root\InventoryApplicationFile\dcrypt.sys|924e250fec014a76\BinFileVersion</Data><Data Name='Details'>1.2.848.118</Data></EventData></Event>
<Event xmlns='http://schemas.microsoft.com/win/2004/08/events/event'><System><Provider Name='Microsoft-Windows-Sysmon' Guid='{5770385F-C22A-43E0-BF4C-06F5698FFBD9}'/><EventID>13</EventID><Version>2</Version><Level>4</Level><Task>13</Task><Opcode>0</Opcode><Keywords>0x8000000000000000</Keywords><TimeCreated SystemTime='2021-11-15T20:10:38.484663300Z'/><EventRecordID>60597752</EventRecordID><Correlation/><Execution ProcessID='2856' ThreadID='2088'/><Channel>Microsoft-Windows-Sysmon/Operational</Channel><Computer>win-dc-469.attackrange.local</Computer><Security UserID='S-1-5-18'/></System><EventData><Data Name='RuleName'>-</Data><Data Name='EventType'>SetValue</Data><Data Name='UtcTime'>2021-11-15 20:10:38.484</Data><Data Name='ProcessGuid'>{8B6011A9-BEB6-6192-0B79-05000000F101}</Data><Data Name='ProcessId'>5300</Data><Data Name='Image'>C:\Windows\system32\compattelrunner.exe</Data><Data Name='TargetObject'>\REGISTRY\A\{c542d6e6-4369-75a0-e589-45898c83b470}\Root\InventoryApplicationFile\dcrypt.sys|924e250fec014a76\Version</Data><Data Name='Details'>1.2 beta 3</Data></EventData></Event>
<Event xmlns='http://schemas.microsoft.com/win/2004/08/events/event'><System><Provider Name='Microsoft-Windows-Sysmon' Guid='{5770385F-C22A-43E0-BF4C-06F5698FFBD9}'/><EventID>13</EventID><Version>2</Version><Level>4</Level><Task>13</Task><Opcode>0</Opcode><Keywords>0x8000000000000000</Keywords><TimeCreated SystemTime='2021-11-15T20:10:38.484535100Z'/><EventRecordID>60597751</EventRecordID><Correlation/><Execution ProcessID='2856' ThreadID='2088'/><Channel>Microsoft-Windows-Sysmon/Operational</Channel><Computer>win-dc-469.attackrange.local</Computer><Security UserID='S-1-5-18'/></System><EventData><Data Name='RuleName'>-</Data><Data Name='EventType'>SetValue</Data><Data Name='UtcTime'>2021-11-15 20:10:38.468</Data><Data Name='ProcessGuid'>{8B6011A9-BEB6-6192-0B79-05000000F101}</Data><Data Name='ProcessId'>5300</Data><Data Name='Image'>C:\Windows\system32\compattelrunner.exe</Data><Data Name='TargetObject'>\REGISTRY\A\{c542d6e6-4369-75a0-e589-45898c83b470}\Root\InventoryApplicationFile\dcrypt.sys|924e250fec014a76\Publisher</Data><Data Name='Details'>(Empty)</Data></EventData></Event>
<Event xmlns='http://schemas.microsoft.com/win/2004/08/events/event'><System><Provider Name='Microsoft-Windows-Sysmon' Guid='{5770385F-C22A-43E0-BF4C-06F5698FFBD9}'/><EventID>13</EventID><Version>2</Version><Level>4</Level><Task>13</Task><Opcode>0</Opcode><Keywords>0x8000000000000000</Keywords><TimeCreated SystemTime='2021-11-15T20:10:38.482021800Z'/><EventRecordID>60597750</EventRecordID><Correlation/><Execution ProcessID='2856' ThreadID='2088'/><Channel>Microsoft-Windows-Sysmon/Operational</Channel><Computer>win-dc-469.attackrange.local</Computer><Security UserID='S-1-5-18'/></System><EventData><Data Name='RuleName'>-</Data><Data Name='EventType'>SetValue</Data><Data Name='UtcTime'>2021-11-15 20:10:38.468</Data><Data Name='ProcessGuid'>{8B6011A9-BEB6-6192-0B79-05000000F101}</Data><Data Name='ProcessId'>5300</Data><Data Name='Image'>C:\Windows\system32\compattelrunner.exe</Data><Data Name='TargetObject'>\REGISTRY\A\{c542d6e6-4369-75a0-e589-45898c83b470}\Root\InventoryApplicationFile\dcrypt.sys|924e250fec014a76\OriginalFileName</Data><Data Name='Details'>dcrypt.sys</Data></EventData></Event>
<Event xmlns='http://schemas.microsoft.com/win/2004/08/events/event'><System><Provider Name='Microsoft-Windows-Sysmon' Guid='{5770385F-C22A-43E0-BF4C-06F5698FFBD9}'/><EventID>13</EventID><Version>2</Version><Level>4</Level><Task>13</Task><Opcode>0</Opcode><Keywords>0x8000000000000000</Keywords><TimeCreated SystemTime='2021-11-15T20:10:38.481018300Z'/><EventRecordID>60597749</EventRecordID><Correlation/><Execution ProcessID='2856' ThreadID='2088'/><Channel>Microsoft-Windows-Sysmon/Operational</Channel><Computer>win-dc-469.attackrange.local</Computer><Security UserID='S-1-5-18'/></System><EventData><Data Name='RuleName'>-</Data><Data Name='EventType'>SetValue</Data><Data Name='UtcTime'>2021-11-15 20:10:38.468</Data><Data Name='ProcessGuid'>{8B6011A9-BEB6-6192-0B79-05000000F101}</Data><Data Name='ProcessId'>5300</Data><Data Name='Image'>C:\Windows\system32\compattelrunner.exe</Data><Data Name='TargetObject'>\REGISTRY\A\{c542d6e6-4369-75a0-e589-45898c83b470}\Root\InventoryApplicationFile\dcrypt.sys|924e250fec014a76\Name</Data><Data Name='Details'>dcrypt.sys</Data></EventData></Event>
<Event xmlns='http://schemas.microsoft.com/win/2004/08/events/event'><System><Provider Name='Microsoft-Windows-Sysmon' Guid='{5770385F-C22A-43E0-BF4C-06F5698FFBD9}'/><EventID>13</EventID><Version>2</Version><Level>4</Level><Task>13</Task><Opcode>0</Opcode><Keywords>0x8000000000000000</Keywords><TimeCreated SystemTime='2021-11-15T20:10:38.480995700Z'/><EventRecordID>60597748</EventRecordID><Correlation/><Execution ProcessID='2856' ThreadID='2088'/><Channel>Microsoft-Windows-Sysmon/Operational</Channel><Computer>win-dc-469.attackrange.local</Computer><Security UserID='S-1-5-18'/></System><EventData><Data Name='RuleName'>-</Data><Data Name='EventType'>SetValue</Data><Data Name='UtcTime'>2021-11-15 20:10:38.468</Data><Data Name='ProcessGuid'>{8B6011A9-BEB6-6192-0B79-05000000F101}</Data><Data Name='ProcessId'>5300</Data><Data Name='Image'>C:\Windows\system32\compattelrunner.exe</Data><Data Name='TargetObject'>\REGISTRY\A\{c542d6e6-4369-75a0-e589-45898c83b470}\Root\InventoryApplicationFile\dcrypt.sys|924e250fec014a76\LongPathHash</Data><Data Name='Details'>dcrypt.sys|924e250fec014a76</Data></EventData></Event>
<Event xmlns='http://schemas.microsoft.com/win/2004/08/events/event'><System><Provider Name='Microsoft-Windows-Sysmon' Guid='{5770385F-C22A-43E0-BF4C-06F5698FFBD9}'/><EventID>13</EventID><Version>2</Version><Level>4</Level><Task>13</Task><Opcode>0</Opcode><Keywords>0x8000000000000000</Keywords><TimeCreated SystemTime='2021-11-15T20:10:38.480972000Z'/><EventRecordID>60597747</EventRecordID><Correlation/><Execution ProcessID='2856' ThreadID='2088'/><Channel>Microsoft-Windows-Sysmon/Operational</Channel><Computer>win-dc-469.attackrange.local</Computer><Security UserID='S-1-5-18'/></System><EventData><Data Name='RuleName'>-</Data><Data Name='EventType'>SetValue</Data><Data Name='UtcTime'>2021-11-15 20:10:38.468</Data><Data Name='ProcessGuid'>{8B6011A9-BEB6-6192-0B79-05000000F101}</Data><Data Name='ProcessId'>5300</Data><Data Name='Image'>C:\Windows\system32\compattelrunner.exe</Data><Data Name='TargetObject'>\REGISTRY\A\{c542d6e6-4369-75a0-e589-45898c83b470}\Root\InventoryApplicationFile\dcrypt.sys|924e250fec014a76\LowerCaseLongPath</Data><Data Name='Details'>c:\program files\dcrypt\dcrypt.sys</Data></EventData></Event>
<Event xmlns='http://schemas.microsoft.com/win/2004/08/events/event'><System><Provider Name='Microsoft-Windows-Sysmon' Guid='{5770385F-C22A-43E0-BF4C-06F5698FFBD9}'/><EventID>13</EventID><Version>2</Version><Level>4</Level><Task>13</Task><Opcode>0</Opcode><Keywords>0x8000000000000000</Keywords><TimeCreated SystemTime='2021-11-15T20:10:38.480929400Z'/><EventRecordID>60597746</EventRecordID><Correlation/><Execution ProcessID='2856' ThreadID='2088'/><Channel>Microsoft-Windows-Sysmon/Operational</Channel><Computer>win-dc-469.attackrange.local</Computer><Security UserID='S-1-5-18'/></System><EventData><Data Name='RuleName'>-</Data><Data Name='EventType'>SetValue</Data><Data Name='UtcTime'>2021-11-15 20:10:38.468</Data><Data Name='ProcessGuid'>{8B6011A9-BEB6-6192-0B79-05000000F101}</Data><Data Name='ProcessId'>5300</Data><Data Name='Image'>C:\Windows\system32\compattelrunner.exe</Data><Data Name='TargetObject'>\REGISTRY\A\{c542d6e6-4369-75a0-e589-45898c83b470}\Root\InventoryApplicationFile\dcrypt.sys|924e250fec014a76\FileId</Data><Data Name='Details'>(Empty)</Data></EventData></Event>
<Event xmlns='http://schemas.microsoft.com/win/2004/08/events/event'><System><Provider Name='Microsoft-Windows-Sysmon' Guid='{5770385F-C22A-43E0-BF4C-06F5698FFBD9}'/><EventID>13</EventID><Version>2</Version><Level>4</Level><Task>13</Task><Opcode>0</Opcode><Keywords>0x8000000000000000</Keywords><TimeCreated SystemTime='2021-11-15T20:10:38.480906000Z'/><EventRecordID>60597745</EventRecordID><Correlation/><Execution ProcessID='2856' ThreadID='2088'/><Channel>Microsoft-Windows-Sysmon/Operational</Channel><Computer>win-dc-469.attackrange.local</Computer><Security UserID='S-1-5-18'/></System><EventData><Data Name='RuleName'>-</Data><Data Name='EventType'>SetValue</Data><Data Name='UtcTime'>2021-11-15 20:10:38.468</Data><Data Name='ProcessGuid'>{8B6011A9-BEB6-6192-0B79-05000000F101}</Data><Data Name='ProcessId'>5300</Data><Data Name='Image'>C:\Windows\system32\compattelrunner.exe</Data><Data Name='TargetObject'>\REGISTRY\A\{c542d6e6-4369-75a0-e589-45898c83b470}\Root\InventoryApplicationFile\dcrypt.sys|924e250fec014a76\ProgramId</Data><Data Name='Details'>000096b5d73b3dfe78aa5e4df2cf661273760000ffff</Data></EventData></Event>
<Event xmlns='http://schemas.microsoft.com/win/2004/08/events/event'><System><Provider Name='Microsoft-Windows-Sysmon' Guid='{5770385F-C22A-43E0-BF4C-06F5698FFBD9}'/><EventID>12</EventID><Version>2</Version><Level>4</Level><Task>12</Task><Opcode>0</Opcode><Keywords>0x8000000000000000</Keywords><TimeCreated SystemTime='2021-11-15T20:10:38.480881900Z'/><EventRecordID>60597744</EventRecordID><Correlation/><Execution ProcessID='2856' ThreadID='2088'/><Channel>Microsoft-Windows-Sysmon/Operational</Channel><Computer>win-dc-469.attackrange.local</Computer><Security UserID='S-1-5-18'/></System><EventData><Data Name='RuleName'>-</Data><Data Name='EventType'>CreateKey</Data><Data Name='UtcTime'>2021-11-15 20:10:38.468</Data><Data Name='ProcessGuid'>{8B6011A9-BEB6-6192-0B79-05000000F101}</Data><Data Name='ProcessId'>5300</Data><Data Name='Image'>C:\Windows\system32\compattelrunner.exe</Data><Data Name='TargetObject'>\REGISTRY\A\{c542d6e6-4369-75a0-e589-45898c83b470}\Root\InventoryApplicationFile\dcrypt.sys|924e250fec014a76</Data></EventData></Event>
<Event xmlns='http://schemas.microsoft.com/win/2004/08/events/event'><System><Provider Name='Microsoft-Windows-Sysmon' Guid='{5770385F-C22A-43E0-BF4C-06F5698FFBD9}'/><EventID>13</EventID><Version>2</Version><Level>4</Level><Task>13</Task><Opcode>0</Opcode><Keywords>0x8000000000000000</Keywords><TimeCreated SystemTime='2021-11-15T20:10:38.480839700Z'/><EventRecordID>60597743</EventRecordID><Correlation/><Execution ProcessID='2856' ThreadID='2088'/><Channel>Microsoft-Windows-Sysmon/Operational</Channel><Computer>win-dc-469.attackrange.local</Computer><Security UserID='S-1-5-18'/></System><EventData><Data Name='RuleName'>-</Data><Data Name='EventType'>SetValue</Data><Data Name='UtcTime'>2021-11-15 20:10:38.468</Data><Data Name='ProcessGuid'>{8B6011A9-BEB6-6192-0B79-05000000F101}</Data><Data Name='ProcessId'>5300</Data><Data Name='Image'>C:\Windows\system32\compattelrunner.exe</Data><Data Name='TargetObject'>\REGISTRY\A\{c542d6e6-4369-75a0-e589-45898c83b470}\Root\InventoryApplicationFile\dcrypt.exe|1d01dc962080c690\Usn</Data><Data Name='Details'>QWORD (0x00000001-0xfe46b2a8)</Data></EventData></Event>
<Event xmlns='http://schemas.microsoft.com/win/2004/08/events/event'><System><Provider Name='Microsoft-Windows-Sysmon' Guid='{5770385F-C22A-43E0-BF4C-06F5698FFBD9}'/><EventID>13</EventID><Version>2</Version><Level>4</Level><Task>13</Task><Opcode>0</Opcode><Keywords>0x8000000000000000</Keywords><TimeCreated SystemTime='2021-11-15T20:10:38.480816700Z'/><EventRecordID>60597742</EventRecordID><Correlation/><Execution ProcessID='2856' ThreadID='2088'/><Channel>Microsoft-Windows-Sysmon/Operational</Channel><Computer>win-dc-469.attackrange.local</Computer><Security UserID='S-1-5-18'/></System><EventData><Data Name='RuleName'>-</Data><Data Name='EventType'>SetValue</Data><Data Name='UtcTime'>2021-11-15 20:10:38.468</Data><Data Name='ProcessGuid'>{8B6011A9-BEB6-6192-0B79-05000000F101}</Data><Data Name='ProcessId'>5300</Data><Data Name='Image'>C:\Windows\system32\compattelrunner.exe</Data><Data Name='TargetObject'>\REGISTRY\A\{c542d6e6-4369-75a0-e589-45898c83b470}\Root\InventoryApplicationFile\dcrypt.exe|1d01dc962080c690\Language</Data><Data Name='Details'>DWORD (0x00000009)</Data></EventData></Event>
<Event xmlns='http://schemas.microsoft.com/win/2004/08/events/event'><System><Provider Name='Microsoft-Windows-Sysmon' Guid='{5770385F-C22A-43E0-BF4C-06F5698FFBD9}'/><EventID>13</EventID><Version>2</Version><Level>4</Level><Task>13</Task><Opcode>0</Opcode><Keywords>0x8000000000000000</Keywords><TimeCreated SystemTime='2021-11-15T20:10:38.480765500Z'/><EventRecordID>60597741</EventRecordID><Correlation/><Execution ProcessID='2856' ThreadID='2088'/><Channel>Microsoft-Windows-Sysmon/Operational</Channel><Computer>win-dc-469.attackrange.local</Computer><Security UserID='S-1-5-18'/></System><EventData><Data Name='RuleName'>-</Data><Data Name='EventType'>SetValue</Data><Data Name='UtcTime'>2021-11-15 20:10:38.468</Data><Data Name='ProcessGuid'>{8B6011A9-BEB6-6192-0B79-05000000F101}</Data><Data Name='ProcessId'>5300</Data><Data Name='Image'>C:\Windows\system32\compattelrunner.exe</Data><Data Name='TargetObject'>\REGISTRY\A\{c542d6e6-4369-75a0-e589-45898c83b470}\Root\InventoryApplicationFile\dcrypt.exe|1d01dc962080c690\Size</Data><Data Name='Details'>QWORD (0x00000000-0x0004a458)</Data></EventData></Event>
<Event xmlns='http://schemas.microsoft.com/win/2004/08/events/event'><System><Provider Name='Microsoft-Windows-Sysmon' Guid='{5770385F-C22A-43E0-BF4C-06F5698FFBD9}'/><EventID>13</EventID><Version>2</Version><Level>4</Level><Task>13</Task><Opcode>0</Opcode><Keywords>0x8000000000000000</Keywords><TimeCreated SystemTime='2021-11-15T20:10:38.480736900Z'/><EventRecordID>60597740</EventRecordID><Correlation/><Execution ProcessID='2856' ThreadID='2088'/><Channel>Microsoft-Windows-Sysmon/Operational</Channel><Computer>win-dc-469.attackrange.local</Computer><Security UserID='S-1-5-18'/></System><EventData><Data Name='RuleName'>-</Data><Data Name='EventType'>SetValue</Data><Data Name='UtcTime'>2021-11-15 20:10:38.468</Data><Data Name='ProcessGuid'>{8B6011A9-BEB6-6192-0B79-05000000F101}</Data><Data Name='ProcessId'>5300</Data><Data Name='Image'>C:\Windows\system32\compattelrunner.exe</Data><Data Name='TargetObject'>\REGISTRY\A\{c542d6e6-4369-75a0-e589-45898c83b470}\Root\InventoryApplicationFile\dcrypt.exe|1d01dc962080c690\AppxPackageRelativeId</Data><Data Name='Details'>(Empty)</Data></EventData></Event>
<Event xmlns='http://schemas.microsoft.com/win/2004/08/events/event'><System><Provider Name='Microsoft-Windows-Sysmon' Guid='{5770385F-C22A-43E0-BF4C-06F5698FFBD9}'/><EventID>13</EventID><Version>2</Version><Level>4</Level><Task>13</Task><Opcode>0</Opcode><Keywords>0x8000000000000000</Keywords><TimeCreated SystemTime='2021-11-15T20:10:38.480687300Z'/><EventRecordID>60597739</EventRecordID><Correlation/><Execution ProcessID='2856' ThreadID='2088'/><Channel>Microsoft-Windows-Sysmon/Operational</Channel><Computer>win-dc-469.attackrange.local</Computer><Security UserID='S-1-5-18'/></System><EventData><Data Name='RuleName'>-</Data><Data Name='EventType'>SetValue</Data><Data Name='UtcTime'>2021-11-15 20:10:38.468</Data><Data Name='ProcessGuid'>{8B6011A9-BEB6-6192-0B79-05000000F101}</Data><Data Name='ProcessId'>5300</Data><Data Name='Image'>C:\Windows\system32\compattelrunner.exe</Data><Data Name='TargetObject'>\REGISTRY\A\{c542d6e6-4369-75a0-e589-45898c83b470}\Root\InventoryApplicationFile\dcrypt.exe|1d01dc962080c690\AppxPackageFullName</Data><Data Name='Details'>(Empty)</Data></EventData></Event>
<Event xmlns='http://schemas.microsoft.com/win/2004/08/events/event'><System><Provider Name='Microsoft-Windows-Sysmon' Guid='{5770385F-C22A-43E0-BF4C-06F5698FFBD9}'/><EventID>13</EventID><Version>2</Version><Level>4</Level><Task>13</Task><Opcode>0</Opcode><Keywords>0x8000000000000000</Keywords><TimeCreated SystemTime='2021-11-15T20:10:38.480659400Z'/><EventRecordID>60597738</EventRecordID><Correlation/><Execution ProcessID='2856' ThreadID='2088'/><Channel>Microsoft-Windows-Sysmon/Operational</Channel><Computer>win-dc-469.attackrange.local</Computer><Security UserID='S-1-5-18'/></System><EventData><Data Name='RuleName'>-</Data><Data Name='EventType'>SetValue</Data><Data Name='UtcTime'>2021-11-15 20:10:38.468</Data><Data Name='ProcessGuid'>{8B6011A9-BEB6-6192-0B79-05000000F101}</Data><Data Name='ProcessId'>5300</Data><Data Name='Image'>C:\Windows\system32\compattelrunner.exe</Data><Data Name='TargetObject'>\REGISTRY\A\{c542d6e6-4369-75a0-e589-45898c83b470}\Root\InventoryApplicationFile\dcrypt.exe|1d01dc962080c690\BinProductVersion</Data><Data Name='Details'>1.2.848.118</Data></EventData></Event>
<Event xmlns='http://schemas.microsoft.com/win/2004/08/events/event'><System><Provider Name='Microsoft-Windows-Sysmon' Guid='{5770385F-C22A-43E0-BF4C-06F5698FFBD9}'/><EventID>13</EventID><Version>2</Version><Level>4</Level><Task>13</Task><Opcode>0</Opcode><Keywords>0x8000000000000000</Keywords><TimeCreated SystemTime='2021-11-15T20:10:38.480629500Z'/><EventRecordID>60597737</EventRecordID><Correlation/><Execution ProcessID='2856' ThreadID='2088'/><Channel>Microsoft-Windows-Sysmon/Operational</Channel><Computer>win-dc-469.attackrange.local</Computer><Security UserID='S-1-5-18'/></System><EventData><Data Name='RuleName'>-</Data><Data Name='EventType'>SetValue</Data><Data Name='UtcTime'>2021-11-15 20:10:38.468</Data><Data Name='ProcessGuid'>{8B6011A9-BEB6-6192-0B79-05000000F101}</Data><Data Name='ProcessId'>5300</Data><Data Name='Image'>C:\Windows\system32\compattelrunner.exe</Data><Data Name='TargetObject'>\REGISTRY\A\{c542d6e6-4369-75a0-e589-45898c83b470}\Root\InventoryApplicationFile\dcrypt.exe|1d01dc962080c690\LinkDate</Data><Data Name='Details'>04/20/2020 20:10:52</Data></EventData></Event>
<Event xmlns='http://schemas.microsoft.com/win/2004/08/events/event'><System><Provider Name='Microsoft-Windows-Sysmon' Guid='{5770385F-C22A-43E0-BF4C-06F5698FFBD9}'/><EventID>13</EventID><Version>2</Version><Level>4</Level><Task>13</Task><Opcode>0</Opcode><Keywords>0x8000000000000000</Keywords><TimeCreated SystemTime='2021-11-15T20:10:38.480580400Z'/><EventRecordID>60597736</EventRecordID><Correlation/><Execution ProcessID='2856' ThreadID='2088'/><Channel>Microsoft-Windows-Sysmon/Operational</Channel><Computer>win-dc-469.attackrange.local</Computer><Security UserID='S-1-5-18'/></System><EventData><Data Name='RuleName'>-</Data><Data Name='EventType'>SetValue</Data><Data Name='UtcTime'>2021-11-15 20:10:38.468</Data><Data Name='ProcessGuid'>{8B6011A9-BEB6-6192-0B79-05000000F101}</Data><Data Name='ProcessId'>5300</Data><Data Name='Image'>C:\Windows\system32\compattelrunner.exe</Data><Data Name='TargetObject'>\REGISTRY\A\{c542d6e6-4369-75a0-e589-45898c83b470}\Root\InventoryApplicationFile\dcrypt.exe|1d01dc962080c690\ProductVersion</Data><Data Name='Details'>1.2</Data></EventData></Event>
<Event xmlns='http://schemas.microsoft.com/win/2004/08/events/event'><System><Provider Name='Microsoft-Windows-Sysmon' Guid='{5770385F-C22A-43E0-BF4C-06F5698FFBD9}'/><EventID>13</EventID><Version>2</Version><Level>4</Level><Task>13</Task><Opcode>0</Opcode><Keywords>0x8000000000000000</Keywords><TimeCreated SystemTime='2021-11-15T20:10:38.480550900Z'/><EventRecordID>60597735</EventRecordID><Correlation/><Execution ProcessID='2856' ThreadID='2088'/><Channel>Microsoft-Windows-Sysmon/Operational</Channel><Computer>win-dc-469.attackrange.local</Computer><Security UserID='S-1-5-18'/></System><EventData><Data Name='RuleName'>-</Data><Data Name='EventType'>SetValue</Data><Data Name='UtcTime'>2021-11-15 20:10:38.468</Data><Data Name='ProcessGuid'>{8B6011A9-BEB6-6192-0B79-05000000F101}</Data><Data Name='ProcessId'>5300</Data><Data Name='Image'>C:\Windows\system32\compattelrunner.exe</Data><Data Name='TargetObject'>\REGISTRY\A\{c542d6e6-4369-75a0-e589-45898c83b470}\Root\InventoryApplicationFile\dcrypt.exe|1d01dc962080c690\ProductName</Data><Data Name='Details'>diskcryptor</Data></EventData></Event>
<Event xmlns='http://schemas.microsoft.com/win/2004/08/events/event'><System><Provider Name='Microsoft-Windows-Sysmon' Guid='{5770385F-C22A-43E0-BF4C-06F5698FFBD9}'/><EventID>13</EventID><Version>2</Version><Level>4</Level><Task>13</Task><Opcode>0</Opcode><Keywords>0x8000000000000000</Keywords><TimeCreated SystemTime='2021-11-15T20:10:38.480498500Z'/><EventRecordID>60597734</EventRecordID><Correlation/><Execution ProcessID='2856' ThreadID='2088'/><Channel>Microsoft-Windows-Sysmon/Operational</Channel><Computer>win-dc-469.attackrange.local</Computer><Security UserID='S-1-5-18'/></System><EventData><Data Name='RuleName'>-</Data><Data Name='EventType'>SetValue</Data><Data Name='UtcTime'>2021-11-15 20:10:38.468</Data><Data Name='ProcessGuid'>{8B6011A9-BEB6-6192-0B79-05000000F101}</Data><Data Name='ProcessId'>5300</Data><Data Name='Image'>C:\Windows\system32\compattelrunner.exe</Data><Data Name='TargetObject'>\REGISTRY\A\{c542d6e6-4369-75a0-e589-45898c83b470}\Root\InventoryApplicationFile\dcrypt.exe|1d01dc962080c690\BinaryType</Data><Data Name='Details'>pe64_amd64</Data></EventData></Event>
<Event xmlns='http://schemas.microsoft.com/win/2004/08/events/event'><System><Provider Name='Microsoft-Windows-Sysmon' Guid='{5770385F-C22A-43E0-BF4C-06F5698FFBD9}'/><EventID>13</EventID><Version>2</Version><Level>4</Level><Task>13</Task><Opcode>0</Opcode><Keywords>0x8000000000000000</Keywords><TimeCreated SystemTime='2021-11-15T20:10:38.480470200Z'/><EventRecordID>60597733</EventRecordID><Correlation/><Execution ProcessID='2856' ThreadID='2088'/><Channel>Microsoft-Windows-Sysmon/Operational</Channel><Computer>win-dc-469.attackrange.local</Computer><Security UserID='S-1-5-18'/></System><EventData><Data Name='RuleName'>-</Data><Data Name='EventType'>SetValue</Data><Data Name='UtcTime'>2021-11-15 20:10:38.468</Data><Data Name='ProcessGuid'>{8B6011A9-BEB6-6192-0B79-05000000F101}</Data><Data Name='ProcessId'>5300</Data><Data Name='Image'>C:\Windows\system32\compattelrunner.exe</Data><Data Name='TargetObject'>\REGISTRY\A\{c542d6e6-4369-75a0-e589-45898c83b470}\Root\InventoryApplicationFile\dcrypt.exe|1d01dc962080c690\BinFileVersion</Data><Data Name='Details'>1.2.848.118</Data></EventData></Event>
