<Event xmlns='http://schemas.microsoft.com/win/2004/08/events/event'><System><Provider Name='Microsoft-Windows-Sysmon' Guid='{5770385F-C22A-43E0-BF4C-06F5698FFBD9}'/><EventID>9</EventID><Version>2</Version><Level>4</Level><Task>9</Task><Opcode>0</Opcode><Keywords>0x8000000000000000</Keywords><TimeCreated SystemTime='2021-11-15T20:12:28.274688500Z'/><EventRecordID>60646827</EventRecordID><Correlation/><Execution ProcessID='2900' ThreadID='2896'/><Channel>Microsoft-Windows-Sysmon/Operational</Channel><Computer>win-dc-469.attackrange.local</Computer><Security UserID='S-1-5-18'/></System><EventData><Data Name='RuleName'>-</Data><Data Name='UtcTime'>2021-11-15 20:12:28.264</Data><Data Name='ProcessGuid'>{8B6011A9-BF25-6192-9C00-00000000F201}</Data><Data Name='ProcessId'>5756</Data><Data Name='Image'>C:\Program Files\dcrypt\dcrypt.exe</Data><Data Name='Device'>\Device\HarddiskVolume1</Data></EventData></Event>
<Event xmlns='http://schemas.microsoft.com/win/2004/08/events/event'><System><Provider Name='Microsoft-Windows-Sysmon' Guid='{5770385F-C22A-43E0-BF4C-06F5698FFBD9}'/><EventID>10</EventID><Version>3</Version><Level>4</Level><Task>10</Task><Opcode>0</Opcode><Keywords>0x8000000000000000</Keywords><TimeCreated SystemTime='2021-11-15T20:12:28.151505500Z'/><EventRecordID>60646676</EventRecordID><Correlation/><Execution ProcessID='2900' ThreadID='2896'/><Channel>Microsoft-Windows-Sysmon/Operational</Channel><Computer>win-dc-469.attackrange.local</Computer><Security UserID='S-1-5-18'/></System><EventData><Data Name='RuleName'>-</Data><Data Name='UtcTime'>2021-11-15 20:12:28.139</Data><Data Name='SourceProcessGUID'>{8B6011A9-BF1A-6192-9200-00000000F201}</Data><Data Name='SourceProcessId'>4156</Data><Data Name='SourceThreadId'>5012</Data><Data Name='SourceImage'>C:\Windows\Explorer.EXE</Data><Data Name='TargetProcessGUID'>{8B6011A9-BF25-6192-9C00-00000000F201}</Data><Data Name='TargetProcessId'>5756</Data><Data Name='TargetImage'>C:\Program Files\dcrypt\dcrypt.exe</Data><Data Name='GrantedAccess'>0x1400</Data><Data Name='CallTrace'>C:\Windows\SYSTEM32\ntdll.dll+a6134|C:\Windows\System32\KERNELBASE.dll+221bd|C:\Windows\System32\SHELL32.dll+17e8d|C:\Windows\System32\SHELL32.dll+61e00|C:\Windows\System32\SHELL32.dll+62967|C:\Windows\Explorer.EXE+3c618|C:\Windows\Explorer.EXE+3c4a4|C:\Windows\Explorer.EXE+3c411|C:\Windows\System32\windows.storage.dll+7c2cf|C:\Windows\System32\windows.storage.dll+7b04f|C:\Windows\System32\windows.storage.dll+7dfef|C:\Windows\System32\SHCORE.dll+367a6|C:\Windows\SYSTEM32\ntdll.dll+39cf9|C:\Windows\SYSTEM32\ntdll.dll+1e88a|C:\Windows\System32\KERNEL32.DLL+84d4|C:\Windows\SYSTEM32\ntdll.dll+51781</Data></EventData></Event>
<Event xmlns='http://schemas.microsoft.com/win/2004/08/events/event'><System><Provider Name='Microsoft-Windows-Sysmon' Guid='{5770385F-C22A-43E0-BF4C-06F5698FFBD9}'/><EventID>10</EventID><Version>3</Version><Level>4</Level><Task>10</Task><Opcode>0</Opcode><Keywords>0x8000000000000000</Keywords><TimeCreated SystemTime='2021-11-15T20:12:28.151420400Z'/><EventRecordID>60646675</EventRecordID><Correlation/><Execution ProcessID='2900' ThreadID='2896'/><Channel>Microsoft-Windows-Sysmon/Operational</Channel><Computer>win-dc-469.attackrange.local</Computer><Security UserID='S-1-5-18'/></System><EventData><Data Name='RuleName'>-</Data><Data Name='UtcTime'>2021-11-15 20:12:28.139</Data><Data Name='SourceProcessGUID'>{8B6011A9-BF1A-6192-9200-00000000F201}</Data><Data Name='SourceProcessId'>4156</Data><Data Name='SourceThreadId'>5012</Data><Data Name='SourceImage'>C:\Windows\Explorer.EXE</Data><Data Name='TargetProcessGUID'>{8B6011A9-BF25-6192-9C00-00000000F201}</Data><Data Name='TargetProcessId'>5756</Data><Data Name='TargetImage'>C:\Program Files\dcrypt\dcrypt.exe</Data><Data Name='GrantedAccess'>0x1000</Data><Data Name='CallTrace'>C:\Windows\SYSTEM32\ntdll.dll+a6134|C:\Windows\System32\KERNELBASE.dll+221bd|C:\Windows\System32\SHELL32.dll+618b4|C:\Windows\System32\SHELL32.dll+62967|C:\Windows\Explorer.EXE+3c618|C:\Windows\Explorer.EXE+3c4a4|C:\Windows\Explorer.EXE+3c411|C:\Windows\System32\windows.storage.dll+7c2cf|C:\Windows\System32\windows.storage.dll+7b04f|C:\Windows\System32\windows.storage.dll+7dfef|C:\Windows\System32\SHCORE.dll+367a6|C:\Windows\SYSTEM32\ntdll.dll+39cf9|C:\Windows\SYSTEM32\ntdll.dll+1e88a|C:\Windows\System32\KERNEL32.DLL+84d4|C:\Windows\SYSTEM32\ntdll.dll+51781</Data></EventData></Event>
<Event xmlns='http://schemas.microsoft.com/win/2004/08/events/event'><System><Provider Name='Microsoft-Windows-Sysmon' Guid='{5770385F-C22A-43E0-BF4C-06F5698FFBD9}'/><EventID>10</EventID><Version>3</Version><Level>4</Level><Task>10</Task><Opcode>0</Opcode><Keywords>0x8000000000000000</Keywords><TimeCreated SystemTime='2021-11-15T20:12:28.148038800Z'/><EventRecordID>60646636</EventRecordID><Correlation/><Execution ProcessID='2900' ThreadID='2896'/><Channel>Microsoft-Windows-Sysmon/Operational</Channel><Computer>win-dc-469.attackrange.local</Computer><Security UserID='S-1-5-18'/></System><EventData><Data Name='RuleName'>-</Data><Data Name='UtcTime'>2021-11-15 20:12:28.139</Data><Data Name='SourceProcessGUID'>{8B6011A9-BF1A-6192-9200-00000000F201}</Data><Data Name='SourceProcessId'>4156</Data><Data Name='SourceThreadId'>5028</Data><Data Name='SourceImage'>C:\Windows\Explorer.EXE</Data><Data Name='TargetProcessGUID'>{8B6011A9-BF25-6192-9C00-00000000F201}</Data><Data Name='TargetProcessId'>5756</Data><Data Name='TargetImage'>C:\Program Files\dcrypt\dcrypt.exe</Data><Data Name='GrantedAccess'>0x1400</Data><Data Name='CallTrace'>C:\Windows\SYSTEM32\ntdll.dll+a6134|C:\Windows\System32\KERNELBASE.dll+221bd|C:\Windows\System32\SHELL32.dll+17e8d|C:\Windows\System32\SHELL32.dll+61e00|C:\Windows\System32\SHELL32.dll+62390|C:\Windows\System32\TwinUI.dll+f54e1|C:\Windows\System32\TwinUI.dll+f5d4f|C:\Windows\System32\KERNEL32.DLL+84d4|C:\Windows\SYSTEM32\ntdll.dll+51781</Data></EventData></Event>
<Event xmlns='http://schemas.microsoft.com/win/2004/08/events/event'><System><Provider Name='Microsoft-Windows-Sysmon' Guid='{5770385F-C22A-43E0-BF4C-06F5698FFBD9}'/><EventID>10</EventID><Version>3</Version><Level>4</Level><Task>10</Task><Opcode>0</Opcode><Keywords>0x8000000000000000</Keywords><TimeCreated SystemTime='2021-11-15T20:12:28.147954900Z'/><EventRecordID>60646634</EventRecordID><Correlation/><Execution ProcessID='2900' ThreadID='2896'/><Channel>Microsoft-Windows-Sysmon/Operational</Channel><Computer>win-dc-469.attackrange.local</Computer><Security UserID='S-1-5-18'/></System><EventData><Data Name='RuleName'>-</Data><Data Name='UtcTime'>2021-11-15 20:12:28.139</Data><Data Name='SourceProcessGUID'>{8B6011A9-BF1A-6192-9200-00000000F201}</Data><Data Name='SourceProcessId'>4156</Data><Data Name='SourceThreadId'>5028</Data><Data Name='SourceImage'>C:\Windows\Explorer.EXE</Data><Data Name='TargetProcessGUID'>{8B6011A9-BF25-6192-9C00-00000000F201}</Data><Data Name='TargetProcessId'>5756</Data><Data Name='TargetImage'>C:\Program Files\dcrypt\dcrypt.exe</Data><Data Name='GrantedAccess'>0x1000</Data><Data Name='CallTrace'>C:\Windows\SYSTEM32\ntdll.dll+a6134|C:\Windows\System32\KERNELBASE.dll+221bd|C:\Windows\System32\SHELL32.dll+618b4|C:\Windows\System32\SHELL32.dll+62390|C:\Windows\System32\TwinUI.dll+f54e1|C:\Windows\System32\TwinUI.dll+f5d4f|C:\Windows\System32\KERNEL32.DLL+84d4|C:\Windows\SYSTEM32\ntdll.dll+51781</Data></EventData></Event>
<Event xmlns='http://schemas.microsoft.com/win/2004/08/events/event'><System><Provider Name='Microsoft-Windows-Sysmon' Guid='{5770385F-C22A-43E0-BF4C-06F5698FFBD9}'/><EventID>10</EventID><Version>3</Version><Level>4</Level><Task>10</Task><Opcode>0</Opcode><Keywords>0x8000000000000000</Keywords><TimeCreated SystemTime='2021-11-15T20:12:28.147828300Z'/><EventRecordID>60646631</EventRecordID><Correlation/><Execution ProcessID='2900' ThreadID='2896'/><Channel>Microsoft-Windows-Sysmon/Operational</Channel><Computer>win-dc-469.attackrange.local</Computer><Security UserID='S-1-5-18'/></System><EventData><Data Name='RuleName'>-</Data><Data Name='UtcTime'>2021-11-15 20:12:28.139</Data><Data Name='SourceProcessGUID'>{8B6011A9-BF1A-6192-9200-00000000F201}</Data><Data Name='SourceProcessId'>4156</Data><Data Name='SourceThreadId'>5028</Data><Data Name='SourceImage'>C:\Windows\Explorer.EXE</Data><Data Name='TargetProcessGUID'>{8B6011A9-BF25-6192-9C00-00000000F201}</Data><Data Name='TargetProcessId'>5756</Data><Data Name='TargetImage'>C:\Program Files\dcrypt\dcrypt.exe</Data><Data Name='GrantedAccess'>0x1410</Data><Data Name='CallTrace'>C:\Windows\SYSTEM32\ntdll.dll+a6134|C:\Windows\System32\KERNELBASE.dll+221bd|C:\Windows\System32\TwinUI.dll+f5319|C:\Windows\System32\TwinUI.dll+f5d4f|C:\Windows\System32\KERNEL32.DLL+84d4|C:\Windows\SYSTEM32\ntdll.dll+51781</Data></EventData></Event>
<Event xmlns='http://schemas.microsoft.com/win/2004/08/events/event'><System><Provider Name='Microsoft-Windows-Sysmon' Guid='{5770385F-C22A-43E0-BF4C-06F5698FFBD9}'/><EventID>9</EventID><Version>2</Version><Level>4</Level><Task>9</Task><Opcode>0</Opcode><Keywords>0x8000000000000000</Keywords><TimeCreated SystemTime='2021-11-15T20:12:28.108666100Z'/><EventRecordID>60646597</EventRecordID><Correlation/><Execution ProcessID='2900' ThreadID='2896'/><Channel>Microsoft-Windows-Sysmon/Operational</Channel><Computer>win-dc-469.attackrange.local</Computer><Security UserID='S-1-5-18'/></System><EventData><Data Name='RuleName'>-</Data><Data Name='UtcTime'>2021-11-15 20:12:28.108</Data><Data Name='ProcessGuid'>{8B6011A9-BF25-6192-9C00-00000000F201}</Data><Data Name='ProcessId'>5756</Data><Data Name='Image'>C:\Program Files\dcrypt\dcrypt.exe</Data><Data Name='Device'>\Device\HarddiskVolume1</Data></EventData></Event>
<Event xmlns='http://schemas.microsoft.com/win/2004/08/events/event'><System><Provider Name='Microsoft-Windows-Sysmon' Guid='{5770385F-C22A-43E0-BF4C-06F5698FFBD9}'/><EventID>9</EventID><Version>2</Version><Level>4</Level><Task>9</Task><Opcode>0</Opcode><Keywords>0x8000000000000000</Keywords><TimeCreated SystemTime='2021-11-15T20:12:28.108593800Z'/><EventRecordID>60646596</EventRecordID><Correlation/><Execution ProcessID='2900' ThreadID='2896'/><Channel>Microsoft-Windows-Sysmon/Operational</Channel><Computer>win-dc-469.attackrange.local</Computer><Security UserID='S-1-5-18'/></System><EventData><Data Name='RuleName'>-</Data><Data Name='UtcTime'>2021-11-15 20:12:28.108</Data><Data Name='ProcessGuid'>{8B6011A9-BF25-6192-9C00-00000000F201}</Data><Data Name='ProcessId'>5756</Data><Data Name='Image'>C:\Program Files\dcrypt\dcrypt.exe</Data><Data Name='Device'>\Device\HarddiskVolume1</Data></EventData></Event>
<Event xmlns='http://schemas.microsoft.com/win/2004/08/events/event'><System><Provider Name='Microsoft-Windows-Sysmon' Guid='{5770385F-C22A-43E0-BF4C-06F5698FFBD9}'/><EventID>9</EventID><Version>2</Version><Level>4</Level><Task>9</Task><Opcode>0</Opcode><Keywords>0x8000000000000000</Keywords><TimeCreated SystemTime='2021-11-15T20:12:29.115415700Z'/><EventRecordID>60648318</EventRecordID><Correlation/><Execution ProcessID='2900' ThreadID='2896'/><Channel>Microsoft-Windows-Sysmon/Operational</Channel><Computer>win-dc-469.attackrange.local</Computer><Security UserID='S-1-5-18'/></System><EventData><Data Name='RuleName'>-</Data><Data Name='UtcTime'>2021-11-15 20:12:29.114</Data><Data Name='ProcessGuid'>{8B6011A9-BF25-6192-9C00-00000000F201}</Data><Data Name='ProcessId'>5756</Data><Data Name='Image'>C:\Program Files\dcrypt\dcrypt.exe</Data><Data Name='Device'>\Device\HarddiskVolume1</Data></EventData></Event>
<Event xmlns='http://schemas.microsoft.com/win/2004/08/events/event'><System><Provider Name='Microsoft-Windows-Sysmon' Guid='{5770385F-C22A-43E0-BF4C-06F5698FFBD9}'/><EventID>9</EventID><Version>2</Version><Level>4</Level><Task>9</Task><Opcode>0</Opcode><Keywords>0x8000000000000000</Keywords><TimeCreated SystemTime='2021-11-15T20:12:29.115251300Z'/><EventRecordID>60648317</EventRecordID><Correlation/><Execution ProcessID='2900' ThreadID='2896'/><Channel>Microsoft-Windows-Sysmon/Operational</Channel><Computer>win-dc-469.attackrange.local</Computer><Security UserID='S-1-5-18'/></System><EventData><Data Name='RuleName'>-</Data><Data Name='UtcTime'>2021-11-15 20:12:29.114</Data><Data Name='ProcessGuid'>{8B6011A9-BF25-6192-9C00-00000000F201}</Data><Data Name='ProcessId'>5756</Data><Data Name='Image'>C:\Program Files\dcrypt\dcrypt.exe</Data><Data Name='Device'>\Device\HarddiskVolume1</Data></EventData></Event>
<Event xmlns='http://schemas.microsoft.com/win/2004/08/events/event'><System><Provider Name='Microsoft-Windows-Sysmon' Guid='{5770385F-C22A-43E0-BF4C-06F5698FFBD9}'/><EventID>9</EventID><Version>2</Version><Level>4</Level><Task>9</Task><Opcode>0</Opcode><Keywords>0x8000000000000000</Keywords><TimeCreated SystemTime='2021-11-15T20:12:30.123996800Z'/><EventRecordID>60650372</EventRecordID><Correlation/><Execution ProcessID='2900' ThreadID='2896'/><Channel>Microsoft-Windows-Sysmon/Operational</Channel><Computer>win-dc-469.attackrange.local</Computer><Security UserID='S-1-5-18'/></System><EventData><Data Name='RuleName'>-</Data><Data Name='UtcTime'>2021-11-15 20:12:30.123</Data><Data Name='ProcessGuid'>{8B6011A9-BF25-6192-9C00-00000000F201}</Data><Data Name='ProcessId'>5756</Data><Data Name='Image'>C:\Program Files\dcrypt\dcrypt.exe</Data><Data Name='Device'>\Device\HarddiskVolume1</Data></EventData></Event>
<Event xmlns='http://schemas.microsoft.com/win/2004/08/events/event'><System><Provider Name='Microsoft-Windows-Sysmon' Guid='{5770385F-C22A-43E0-BF4C-06F5698FFBD9}'/><EventID>9</EventID><Version>2</Version><Level>4</Level><Task>9</Task><Opcode>0</Opcode><Keywords>0x8000000000000000</Keywords><TimeCreated SystemTime='2021-11-15T20:12:30.123891200Z'/><EventRecordID>60650368</EventRecordID><Correlation/><Execution ProcessID='2900' ThreadID='2896'/><Channel>Microsoft-Windows-Sysmon/Operational</Channel><Computer>win-dc-469.attackrange.local</Computer><Security UserID='S-1-5-18'/></System><EventData><Data Name='RuleName'>-</Data><Data Name='UtcTime'>2021-11-15 20:12:30.123</Data><Data Name='ProcessGuid'>{8B6011A9-BF25-6192-9C00-00000000F201}</Data><Data Name='ProcessId'>5756</Data><Data Name='Image'>C:\Program Files\dcrypt\dcrypt.exe</Data><Data Name='Device'>\Device\HarddiskVolume1</Data></EventData></Event>
<Event xmlns='http://schemas.microsoft.com/win/2004/08/events/event'><System><Provider Name='Microsoft-Windows-Sysmon' Guid='{5770385F-C22A-43E0-BF4C-06F5698FFBD9}'/><EventID>9</EventID><Version>2</Version><Level>4</Level><Task>9</Task><Opcode>0</Opcode><Keywords>0x8000000000000000</Keywords><TimeCreated SystemTime='2021-11-15T20:12:31.127073800Z'/><EventRecordID>60651165</EventRecordID><Correlation/><Execution ProcessID='2900' ThreadID='2896'/><Channel>Microsoft-Windows-Sysmon/Operational</Channel><Computer>win-dc-469.attackrange.local</Computer><Security UserID='S-1-5-18'/></System><EventData><Data Name='RuleName'>-</Data><Data Name='UtcTime'>2021-11-15 20:12:31.126</Data><Data Name='ProcessGuid'>{8B6011A9-BF25-6192-9C00-00000000F201}</Data><Data Name='ProcessId'>5756</Data><Data Name='Image'>C:\Program Files\dcrypt\dcrypt.exe</Data><Data Name='Device'>\Device\HarddiskVolume1</Data></EventData></Event>
<Event xmlns='http://schemas.microsoft.com/win/2004/08/events/event'><System><Provider Name='Microsoft-Windows-Sysmon' Guid='{5770385F-C22A-43E0-BF4C-06F5698FFBD9}'/><EventID>9</EventID><Version>2</Version><Level>4</Level><Task>9</Task><Opcode>0</Opcode><Keywords>0x8000000000000000</Keywords><TimeCreated SystemTime='2021-11-15T20:12:31.126992000Z'/><EventRecordID>60651164</EventRecordID><Correlation/><Execution ProcessID='2900' ThreadID='2896'/><Channel>Microsoft-Windows-Sysmon/Operational</Channel><Computer>win-dc-469.attackrange.local</Computer><Security UserID='S-1-5-18'/></System><EventData><Data Name='RuleName'>-</Data><Data Name='UtcTime'>2021-11-15 20:12:31.126</Data><Data Name='ProcessGuid'>{8B6011A9-BF25-6192-9C00-00000000F201}</Data><Data Name='ProcessId'>5756</Data><Data Name='Image'>C:\Program Files\dcrypt\dcrypt.exe</Data><Data Name='Device'>\Device\HarddiskVolume1</Data></EventData></Event>
<Event xmlns='http://schemas.microsoft.com/win/2004/08/events/event'><System><Provider Name='Microsoft-Windows-Sysmon' Guid='{5770385F-C22A-43E0-BF4C-06F5698FFBD9}'/><EventID>9</EventID><Version>2</Version><Level>4</Level><Task>9</Task><Opcode>0</Opcode><Keywords>0x8000000000000000</Keywords><TimeCreated SystemTime='2021-11-15T20:12:32.130490100Z'/><EventRecordID>60651338</EventRecordID><Correlation/><Execution ProcessID='2900' ThreadID='2896'/><Channel>Microsoft-Windows-Sysmon/Operational</Channel><Computer>win-dc-469.attackrange.local</Computer><Security UserID='S-1-5-18'/></System><EventData><Data Name='RuleName'>-</Data><Data Name='UtcTime'>2021-11-15 20:12:32.129</Data><Data Name='ProcessGuid'>{8B6011A9-BF25-6192-9C00-00000000F201}</Data><Data Name='ProcessId'>5756</Data><Data Name='Image'>C:\Program Files\dcrypt\dcrypt.exe</Data><Data Name='Device'>\Device\HarddiskVolume1</Data></EventData></Event>
<Event xmlns='http://schemas.microsoft.com/win/2004/08/events/event'><System><Provider Name='Microsoft-Windows-Sysmon' Guid='{5770385F-C22A-43E0-BF4C-06F5698FFBD9}'/><EventID>9</EventID><Version>2</Version><Level>4</Level><Task>9</Task><Opcode>0</Opcode><Keywords>0x8000000000000000</Keywords><TimeCreated SystemTime='2021-11-15T20:12:32.130434200Z'/><EventRecordID>60651337</EventRecordID><Correlation/><Execution ProcessID='2900' ThreadID='2896'/><Channel>Microsoft-Windows-Sysmon/Operational</Channel><Computer>win-dc-469.attackrange.local</Computer><Security UserID='S-1-5-18'/></System><EventData><Data Name='RuleName'>-</Data><Data Name='UtcTime'>2021-11-15 20:12:32.129</Data><Data Name='ProcessGuid'>{8B6011A9-BF25-6192-9C00-00000000F201}</Data><Data Name='ProcessId'>5756</Data><Data Name='Image'>C:\Program Files\dcrypt\dcrypt.exe</Data><Data Name='Device'>\Device\HarddiskVolume1</Data></EventData></Event>
<Event xmlns='http://schemas.microsoft.com/win/2004/08/events/event'><System><Provider Name='Microsoft-Windows-Sysmon' Guid='{5770385F-C22A-43E0-BF4C-06F5698FFBD9}'/><EventID>9</EventID><Version>2</Version><Level>4</Level><Task>9</Task><Opcode>0</Opcode><Keywords>0x8000000000000000</Keywords><TimeCreated SystemTime='2021-11-15T20:12:33.133677400Z'/><EventRecordID>60651408</EventRecordID><Correlation/><Execution ProcessID='2900' ThreadID='2896'/><Channel>Microsoft-Windows-Sysmon/Operational</Channel><Computer>win-dc-469.attackrange.local</Computer><Security UserID='S-1-5-18'/></System><EventData><Data Name='RuleName'>-</Data><Data Name='UtcTime'>2021-11-15 20:12:33.133</Data><Data Name='ProcessGuid'>{8B6011A9-BF25-6192-9C00-00000000F201}</Data><Data Name='ProcessId'>5756</Data><Data Name='Image'>C:\Program Files\dcrypt\dcrypt.exe</Data><Data Name='Device'>\Device\HarddiskVolume1</Data></EventData></Event>
<Event xmlns='http://schemas.microsoft.com/win/2004/08/events/event'><System><Provider Name='Microsoft-Windows-Sysmon' Guid='{5770385F-C22A-43E0-BF4C-06F5698FFBD9}'/><EventID>9</EventID><Version>2</Version><Level>4</Level><Task>9</Task><Opcode>0</Opcode><Keywords>0x8000000000000000</Keywords><TimeCreated SystemTime='2021-11-15T20:12:33.133534000Z'/><EventRecordID>60651407</EventRecordID><Correlation/><Execution ProcessID='2900' ThreadID='2896'/><Channel>Microsoft-Windows-Sysmon/Operational</Channel><Computer>win-dc-469.attackrange.local</Computer><Security UserID='S-1-5-18'/></System><EventData><Data Name='RuleName'>-</Data><Data Name='UtcTime'>2021-11-15 20:12:33.133</Data><Data Name='ProcessGuid'>{8B6011A9-BF25-6192-9C00-00000000F201}</Data><Data Name='ProcessId'>5756</Data><Data Name='Image'>C:\Program Files\dcrypt\dcrypt.exe</Data><Data Name='Device'>\Device\HarddiskVolume1</Data></EventData></Event>
<Event xmlns='http://schemas.microsoft.com/win/2004/08/events/event'><System><Provider Name='Microsoft-Windows-Sysmon' Guid='{5770385F-C22A-43E0-BF4C-06F5698FFBD9}'/><EventID>10</EventID><Version>3</Version><Level>4</Level><Task>10</Task><Opcode>0</Opcode><Keywords>0x8000000000000000</Keywords><TimeCreated SystemTime='2021-11-15T20:12:38.270943700Z'/><EventRecordID>60652519</EventRecordID><Correlation/><Execution ProcessID='2900' ThreadID='2896'/><Channel>Microsoft-Windows-Sysmon/Operational</Channel><Computer>win-dc-469.attackrange.local</Computer><Security UserID='S-1-5-18'/></System><EventData><Data Name='RuleName'>-</Data><Data Name='UtcTime'>2021-11-15 20:12:38.267</Data><Data Name='SourceProcessGUID'>{8B6011A9-BF1A-6192-9200-00000000F201}</Data><Data Name='SourceProcessId'>4156</Data><Data Name='SourceThreadId'>5028</Data><Data Name='SourceImage'>C:\Windows\Explorer.EXE</Data><Data Name='TargetProcessGUID'>{8B6011A9-BF25-6192-9C00-00000000F201}</Data><Data Name='TargetProcessId'>5756</Data><Data Name='TargetImage'>C:\Program Files\dcrypt\dcrypt.exe</Data><Data Name='GrantedAccess'>0x1400</Data><Data Name='CallTrace'>C:\Windows\SYSTEM32\ntdll.dll+a6134|C:\Windows\System32\KERNELBASE.dll+221bd|C:\Windows\System32\SHELL32.dll+17e8d|C:\Windows\System32\SHELL32.dll+61e00|C:\Windows\System32\SHELL32.dll+62390|C:\Windows\System32\TwinUI.dll+f54e1|C:\Windows\System32\TwinUI.dll+f5d4f|C:\Windows\System32\KERNEL32.DLL+84d4|C:\Windows\SYSTEM32\ntdll.dll+51781</Data></EventData></Event>
<Event xmlns='http://schemas.microsoft.com/win/2004/08/events/event'><System><Provider Name='Microsoft-Windows-Sysmon' Guid='{5770385F-C22A-43E0-BF4C-06F5698FFBD9}'/><EventID>10</EventID><Version>3</Version><Level>4</Level><Task>10</Task><Opcode>0</Opcode><Keywords>0x8000000000000000</Keywords><TimeCreated SystemTime='2021-11-15T20:12:38.270897600Z'/><EventRecordID>60652518</EventRecordID><Correlation/><Execution ProcessID='2900' ThreadID='2896'/><Channel>Microsoft-Windows-Sysmon/Operational</Channel><Computer>win-dc-469.attackrange.local</Computer><Security UserID='S-1-5-18'/></System><EventData><Data Name='RuleName'>-</Data><Data Name='UtcTime'>2021-11-15 20:12:38.267</Data><Data Name='SourceProcessGUID'>{8B6011A9-BF1A-6192-9200-00000000F201}</Data><Data Name='SourceProcessId'>4156</Data><Data Name='SourceThreadId'>5028</Data><Data Name='SourceImage'>C:\Windows\Explorer.EXE</Data><Data Name='TargetProcessGUID'>{8B6011A9-BF25-6192-9C00-00000000F201}</Data><Data Name='TargetProcessId'>5756</Data><Data Name='TargetImage'>C:\Program Files\dcrypt\dcrypt.exe</Data><Data Name='GrantedAccess'>0x1000</Data><Data Name='CallTrace'>C:\Windows\SYSTEM32\ntdll.dll+a6134|C:\Windows\System32\KERNELBASE.dll+221bd|C:\Windows\System32\SHELL32.dll+618b4|C:\Windows\System32\SHELL32.dll+62390|C:\Windows\System32\TwinUI.dll+f54e1|C:\Windows\System32\TwinUI.dll+f5d4f|C:\Windows\System32\KERNEL32.DLL+84d4|C:\Windows\SYSTEM32\ntdll.dll+51781</Data></EventData></Event>
<Event xmlns='http://schemas.microsoft.com/win/2004/08/events/event'><System><Provider Name='Microsoft-Windows-Sysmon' Guid='{5770385F-C22A-43E0-BF4C-06F5698FFBD9}'/><EventID>10</EventID><Version>3</Version><Level>4</Level><Task>10</Task><Opcode>0</Opcode><Keywords>0x8000000000000000</Keywords><TimeCreated SystemTime='2021-11-15T20:12:38.270827000Z'/><EventRecordID>60652517</EventRecordID><Correlation/><Execution ProcessID='2900' ThreadID='2896'/><Channel>Microsoft-Windows-Sysmon/Operational</Channel><Computer>win-dc-469.attackrange.local</Computer><Security UserID='S-1-5-18'/></System><EventData><Data Name='RuleName'>-</Data><Data Name='UtcTime'>2021-11-15 20:12:38.267</Data><Data Name='SourceProcessGUID'>{8B6011A9-BF1A-6192-9200-00000000F201}</Data><Data Name='SourceProcessId'>4156</Data><Data Name='SourceThreadId'>5028</Data><Data Name='SourceImage'>C:\Windows\Explorer.EXE</Data><Data Name='TargetProcessGUID'>{8B6011A9-BF25-6192-9C00-00000000F201}</Data><Data Name='TargetProcessId'>5756</Data><Data Name='TargetImage'>C:\Program Files\dcrypt\dcrypt.exe</Data><Data Name='GrantedAccess'>0x1410</Data><Data Name='CallTrace'>C:\Windows\SYSTEM32\ntdll.dll+a6134|C:\Windows\System32\KERNELBASE.dll+221bd|C:\Windows\System32\TwinUI.dll+f5319|C:\Windows\System32\TwinUI.dll+f5d4f|C:\Windows\System32\KERNEL32.DLL+84d4|C:\Windows\SYSTEM32\ntdll.dll+51781</Data></EventData></Event>
<Event xmlns='http://schemas.microsoft.com/win/2004/08/events/event'><System><Provider Name='Microsoft-Windows-Sysmon' Guid='{5770385F-C22A-43E0-BF4C-06F5698FFBD9}'/><EventID>10</EventID><Version>3</Version><Level>4</Level><Task>10</Task><Opcode>0</Opcode><Keywords>0x8000000000000000</Keywords><TimeCreated SystemTime='2021-11-15T20:12:43.785291800Z'/><EventRecordID>60653424</EventRecordID><Correlation/><Execution ProcessID='2900' ThreadID='2896'/><Channel>Microsoft-Windows-Sysmon/Operational</Channel><Computer>win-dc-469.attackrange.local</Computer><Security UserID='S-1-5-18'/></System><EventData><Data Name='RuleName'>-</Data><Data Name='UtcTime'>2021-11-15 20:12:43.783</Data><Data Name='SourceProcessGUID'>{8B6011A9-BF31-6192-A800-00000000F201}</Data><Data Name='SourceProcessId'>5592</Data><Data Name='SourceThreadId'>5596</Data><Data Name='SourceImage'>C:\Windows\System32\svchost.exe</Data><Data Name='TargetProcessGUID'>{8B6011A9-BF3B-6192-B400-00000000F201}</Data><Data Name='TargetProcessId'>5792</Data><Data Name='TargetImage'>C:\Program Files\dcrypt\dcrypt.exe</Data><Data Name='GrantedAccess'>0x1fffff</Data><Data Name='CallTrace'>C:\Windows\SYSTEM32\ntdll.dll+a6614|C:\Windows\SYSTEM32\ntdll.dll+58dbb|C:\Windows\System32\KERNELBASE.dll+b780d|c:\windows\system32\wersvc.dll+13597|c:\windows\system32\wersvc.dll+f4e6|c:\windows\system32\wersvc.dll+8580|c:\windows\system32\wersvc.dll+5c4a|c:\windows\system32\wersvc.dll+5678|C:\Windows\SYSTEM32\ntdll.dll+80a24|C:\Windows\SYSTEM32\ntdll.dll+1e892|C:\Windows\System32\KERNEL32.DLL+84d4|C:\Windows\SYSTEM32\ntdll.dll+51781</Data></EventData></Event>
<Event xmlns='http://schemas.microsoft.com/win/2004/08/events/event'><System><Provider Name='Microsoft-Windows-Sysmon' Guid='{5770385F-C22A-43E0-BF4C-06F5698FFBD9}'/><EventID>10</EventID><Version>3</Version><Level>4</Level><Task>10</Task><Opcode>0</Opcode><Keywords>0x8000000000000000</Keywords><TimeCreated SystemTime='2021-11-15T20:12:43.762635700Z'/><EventRecordID>60653423</EventRecordID><Correlation/><Execution ProcessID='2900' ThreadID='2896'/><Channel>Microsoft-Windows-Sysmon/Operational</Channel><Computer>win-dc-469.attackrange.local</Computer><Security UserID='S-1-5-18'/></System><EventData><Data Name='RuleName'>-</Data><Data Name='UtcTime'>2021-11-15 20:12:43.752</Data><Data Name='SourceProcessGUID'>{8B6011A9-BF31-6192-A800-00000000F201}</Data><Data Name='SourceProcessId'>5592</Data><Data Name='SourceThreadId'>5596</Data><Data Name='SourceImage'>C:\Windows\System32\svchost.exe</Data><Data Name='TargetProcessGUID'>{8B6011A9-BF25-6192-9C00-00000000F201}</Data><Data Name='TargetProcessId'>5756</Data><Data Name='TargetImage'>C:\Program Files\dcrypt\dcrypt.exe</Data><Data Name='GrantedAccess'>0x14d0</Data><Data Name='CallTrace'>C:\Windows\SYSTEM32\ntdll.dll+a6134|C:\Windows\System32\KERNELBASE.dll+221bd|c:\windows\system32\wersvc.dll+13570|c:\windows\system32\wersvc.dll+f4e6|c:\windows\system32\wersvc.dll+8580|c:\windows\system32\wersvc.dll+5c4a|c:\windows\system32\wersvc.dll+5678|C:\Windows\SYSTEM32\ntdll.dll+80a24|C:\Windows\SYSTEM32\ntdll.dll+1e892|C:\Windows\System32\KERNEL32.DLL+84d4|C:\Windows\SYSTEM32\ntdll.dll+51781</Data></EventData></Event>
<Event xmlns='http://schemas.microsoft.com/win/2004/08/events/event'><System><Provider Name='Microsoft-Windows-Sysmon' Guid='{5770385F-C22A-43E0-BF4C-06F5698FFBD9}'/><EventID>10</EventID><Version>3</Version><Level>4</Level><Task>10</Task><Opcode>0</Opcode><Keywords>0x8000000000000000</Keywords><TimeCreated SystemTime='2021-11-15T20:12:43.745314900Z'/><EventRecordID>60653418</EventRecordID><Correlation/><Execution ProcessID='2900' ThreadID='2896'/><Channel>Microsoft-Windows-Sysmon/Operational</Channel><Computer>win-dc-469.attackrange.local</Computer><Security UserID='S-1-5-18'/></System><EventData><Data Name='RuleName'>-</Data><Data Name='UtcTime'>2021-11-15 20:12:43.736</Data><Data Name='SourceProcessGUID'>{8B6011A9-BF31-6192-A800-00000000F201}</Data><Data Name='SourceProcessId'>5592</Data><Data Name='SourceThreadId'>5596</Data><Data Name='SourceImage'>C:\Windows\System32\svchost.exe</Data><Data Name='TargetProcessGUID'>{8B6011A9-BF25-6192-9C00-00000000F201}</Data><Data Name='TargetProcessId'>5756</Data><Data Name='TargetImage'>C:\Program Files\dcrypt\dcrypt.exe</Data><Data Name='GrantedAccess'>0x103611</Data><Data Name='CallTrace'>C:\Windows\SYSTEM32\ntdll.dll+a6134|C:\Windows\System32\KERNELBASE.dll+221bd|c:\windows\system32\wersvc.dll+126d4|c:\windows\system32\wersvc.dll+f4e6|c:\windows\system32\wersvc.dll+8580|c:\windows\system32\wersvc.dll+5c4a|c:\windows\system32\wersvc.dll+5678|C:\Windows\SYSTEM32\ntdll.dll+80a24|C:\Windows\SYSTEM32\ntdll.dll+1e892|C:\Windows\System32\KERNEL32.DLL+84d4|C:\Windows\SYSTEM32\ntdll.dll+51781</Data></EventData></Event>
<Event xmlns='http://schemas.microsoft.com/win/2004/08/events/event'><System><Provider Name='Microsoft-Windows-Sysmon' Guid='{5770385F-C22A-43E0-BF4C-06F5698FFBD9}'/><EventID>10</EventID><Version>3</Version><Level>4</Level><Task>10</Task><Opcode>0</Opcode><Keywords>0x8000000000000000</Keywords><TimeCreated SystemTime='2021-11-15T20:12:43.745254900Z'/><EventRecordID>60653417</EventRecordID><Correlation/><Execution ProcessID='2900' ThreadID='2896'/><Channel>Microsoft-Windows-Sysmon/Operational</Channel><Computer>win-dc-469.attackrange.local</Computer><Security UserID='S-1-5-18'/></System><EventData><Data Name='RuleName'>-</Data><Data Name='UtcTime'>2021-11-15 20:12:43.736</Data><Data Name='SourceProcessGUID'>{8B6011A9-BF31-6192-A800-00000000F201}</Data><Data Name='SourceProcessId'>5592</Data><Data Name='SourceThreadId'>5596</Data><Data Name='SourceImage'>C:\Windows\System32\svchost.exe</Data><Data Name='TargetProcessGUID'>{8B6011A9-BF25-6192-9C00-00000000F201}</Data><Data Name='TargetProcessId'>5756</Data><Data Name='TargetImage'>C:\Program Files\dcrypt\dcrypt.exe</Data><Data Name='GrantedAccess'>0x1400</Data><Data Name='CallTrace'>C:\Windows\SYSTEM32\ntdll.dll+a6134|C:\Windows\System32\KERNELBASE.dll+5eab4|c:\windows\system32\wersvc.dll+f254|c:\windows\system32\wersvc.dll+8580|c:\windows\system32\wersvc.dll+5c4a|c:\windows\system32\wersvc.dll+5678|C:\Windows\SYSTEM32\ntdll.dll+80a24|C:\Windows\SYSTEM32\ntdll.dll+1e892|C:\Windows\System32\KERNEL32.DLL+84d4|C:\Windows\SYSTEM32\ntdll.dll+51781</Data></EventData></Event>
<Event xmlns='http://schemas.microsoft.com/win/2004/08/events/event'><System><Provider Name='Microsoft-Windows-Sysmon' Guid='{5770385F-C22A-43E0-BF4C-06F5698FFBD9}'/><EventID>10</EventID><Version>3</Version><Level>4</Level><Task>10</Task><Opcode>0</Opcode><Keywords>0x8000000000000000</Keywords><TimeCreated SystemTime='2021-11-15T20:12:44.473239600Z'/><EventRecordID>60653807</EventRecordID><Correlation/><Execution ProcessID='2900' ThreadID='2896'/><Channel>Microsoft-Windows-Sysmon/Operational</Channel><Computer>win-dc-469.attackrange.local</Computer><Security UserID='S-1-5-18'/></System><EventData><Data Name='RuleName'>-</Data><Data Name='UtcTime'>2021-11-15 20:12:44.457</Data><Data Name='SourceProcessGUID'>{8B6011A9-BF3B-6192-B300-00000000F201}</Data><Data Name='SourceProcessId'>2664</Data><Data Name='SourceThreadId'>5780</Data><Data Name='SourceImage'>C:\Windows\system32\werfault.exe</Data><Data Name='TargetProcessGUID'>{8B6011A9-BF25-6192-9C00-00000000F201}</Data><Data Name='TargetProcessId'>5756</Data><Data Name='TargetImage'>C:\Program Files\dcrypt\dcrypt.exe</Data><Data Name='GrantedAccess'>0x1fffff</Data><Data Name='CallTrace'>C:\Windows\SYSTEM32\ntdll.dll+a6134|C:\Windows\SYSTEM32\ntdll.dll+6cd0a|C:\Windows\System32\KERNEL32.DLL+1cff8|C:\Windows\System32\KERNEL32.DLL+25a87|C:\Windows\system32\wer.dll+37d6c|C:\Windows\system32\wer.dll+382c4|C:\Windows\system32\wer.dll+38c5a|C:\Windows\system32\wer.dll+13c54|C:\Windows\system32\wer.dll+6476|C:\Windows\SYSTEM32\werui.dll+eb12|C:\Windows\SYSTEM32\werui.dll+275a|C:\Windows\system32\werfault.exe+1495|C:\Windows\system32\werfault.exe+241ad|C:\Windows\System32\KERNEL32.DLL+84d4|C:\Windows\SYSTEM32\ntdll.dll+51781</Data></EventData></Event>
<Event xmlns='http://schemas.microsoft.com/win/2004/08/events/event'><System><Provider Name='Microsoft-Windows-Sysmon' Guid='{5770385F-C22A-43E0-BF4C-06F5698FFBD9}'/><EventID>10</EventID><Version>3</Version><Level>4</Level><Task>10</Task><Opcode>0</Opcode><Keywords>0x8000000000000000</Keywords><TimeCreated SystemTime='2021-11-15T20:12:44.463738100Z'/><EventRecordID>60653803</EventRecordID><Correlation/><Execution ProcessID='2900' ThreadID='2896'/><Channel>Microsoft-Windows-Sysmon/Operational</Channel><Computer>win-dc-469.attackrange.local</Computer><Security UserID='S-1-5-18'/></System><EventData><Data Name='RuleName'>-</Data><Data Name='UtcTime'>2021-11-15 20:12:44.457</Data><Data Name='SourceProcessGUID'>{8B6011A9-BF3B-6192-B300-00000000F201}</Data><Data Name='SourceProcessId'>2664</Data><Data Name='SourceThreadId'>5780</Data><Data Name='SourceImage'>C:\Windows\system32\werfault.exe</Data><Data Name='TargetProcessGUID'>{8B6011A9-BF25-6192-9C00-00000000F201}</Data><Data Name='TargetProcessId'>5756</Data><Data Name='TargetImage'>C:\Program Files\dcrypt\dcrypt.exe</Data><Data Name='GrantedAccess'>0x1400</Data><Data Name='CallTrace'>C:\Windows\SYSTEM32\ntdll.dll+a6134|C:\Windows\System32\KERNELBASE.dll+221bd|C:\Windows\SYSTEM32\werui.dll+11390|C:\Windows\SYSTEM32\werui.dll+1105b|C:\Windows\SYSTEM32\werui.dll+aa25|C:\Windows\SYSTEM32\werui.dll+e9d3|C:\Windows\SYSTEM32\werui.dll+275a|C:\Windows\system32\werfault.exe+1495|C:\Windows\system32\werfault.exe+241ad|C:\Windows\System32\KERNEL32.DLL+84d4|C:\Windows\SYSTEM32\ntdll.dll+51781</Data></EventData></Event>
<Event xmlns='http://schemas.microsoft.com/win/2004/08/events/event'><System><Provider Name='Microsoft-Windows-Sysmon' Guid='{5770385F-C22A-43E0-BF4C-06F5698FFBD9}'/><EventID>10</EventID><Version>3</Version><Level>4</Level><Task>10</Task><Opcode>0</Opcode><Keywords>0x8000000000000000</Keywords><TimeCreated SystemTime='2021-11-15T20:12:44.461708700Z'/><EventRecordID>60653802</EventRecordID><Correlation/><Execution ProcessID='2900' ThreadID='2896'/><Channel>Microsoft-Windows-Sysmon/Operational</Channel><Computer>win-dc-469.attackrange.local</Computer><Security UserID='S-1-5-18'/></System><EventData><Data Name='RuleName'>-</Data><Data Name='UtcTime'>2021-11-15 20:12:44.457</Data><Data Name='SourceProcessGUID'>{8B6011A9-BF3B-6192-B300-00000000F201}</Data><Data Name='SourceProcessId'>2664</Data><Data Name='SourceThreadId'>2464</Data><Data Name='SourceImage'>C:\Windows\system32\werfault.exe</Data><Data Name='TargetProcessGUID'>{8B6011A9-BF25-6192-9C00-00000000F201}</Data><Data Name='TargetProcessId'>5756</Data><Data Name='TargetImage'>C:\Program Files\dcrypt\dcrypt.exe</Data><Data Name='GrantedAccess'>0x1450</Data><Data Name='CallTrace'>C:\Windows\SYSTEM32\ntdll.dll+a6134|C:\Windows\System32\KERNELBASE.dll+221bd|C:\Windows\system32\wer.dll+29c3|C:\Windows\system32\wer.dll+311c|C:\Windows\system32\wer.dll+4440|C:\Windows\system32\wer.dll+48dd|C:\Windows\System32\KERNEL32.DLL+84d4|C:\Windows\SYSTEM32\ntdll.dll+51781</Data></EventData></Event>
<Event xmlns='http://schemas.microsoft.com/win/2004/08/events/event'><System><Provider Name='Microsoft-Windows-Sysmon' Guid='{5770385F-C22A-43E0-BF4C-06F5698FFBD9}'/><EventID>10</EventID><Version>3</Version><Level>4</Level><Task>10</Task><Opcode>0</Opcode><Keywords>0x8000000000000000</Keywords><TimeCreated SystemTime='2021-11-15T20:12:44.209740500Z'/><EventRecordID>60653608</EventRecordID><Correlation/><Execution ProcessID='2900' ThreadID='2896'/><Channel>Microsoft-Windows-Sysmon/Operational</Channel><Computer>win-dc-469.attackrange.local</Computer><Security UserID='S-1-5-18'/></System><EventData><Data Name='RuleName'>-</Data><Data Name='UtcTime'>2021-11-15 20:12:44.206</Data><Data Name='SourceProcessGUID'>{8B6011A9-BF3B-6192-B300-00000000F201}</Data><Data Name='SourceProcessId'>2664</Data><Data Name='SourceThreadId'>5780</Data><Data Name='SourceImage'>C:\Windows\system32\werfault.exe</Data><Data Name='TargetProcessGUID'>{8B6011A9-BF25-6192-9C00-00000000F201}</Data><Data Name='TargetProcessId'>5756</Data><Data Name='TargetImage'>C:\Program Files\dcrypt\dcrypt.exe</Data><Data Name='GrantedAccess'>0x101c7b</Data><Data Name='CallTrace'>C:\Windows\SYSTEM32\ntdll.dll+a6134|C:\Windows\System32\KERNELBASE.dll+221bd|C:\Windows\SYSTEM32\werui.dll+e1f6|C:\Windows\SYSTEM32\werui.dll+261b|C:\Windows\system32\werfault.exe+1495|C:\Windows\system32\werfault.exe+241ad|C:\Windows\System32\KERNEL32.DLL+84d4|C:\Windows\SYSTEM32\ntdll.dll+51781</Data></EventData></Event>
<Event xmlns='http://schemas.microsoft.com/win/2004/08/events/event'><System><Provider Name='Microsoft-Windows-Sysmon' Guid='{5770385F-C22A-43E0-BF4C-06F5698FFBD9}'/><EventID>10</EventID><Version>3</Version><Level>4</Level><Task>10</Task><Opcode>0</Opcode><Keywords>0x8000000000000000</Keywords><TimeCreated SystemTime='2021-11-15T20:12:44.209410200Z'/><EventRecordID>60653607</EventRecordID><Correlation/><Execution ProcessID='2900' ThreadID='2896'/><Channel>Microsoft-Windows-Sysmon/Operational</Channel><Computer>win-dc-469.attackrange.local</Computer><Security UserID='S-1-5-18'/></System><EventData><Data Name='RuleName'>-</Data><Data Name='UtcTime'>2021-11-15 20:12:44.206</Data><Data Name='SourceProcessGUID'>{8B6011A9-BF3B-6192-B300-00000000F201}</Data><Data Name='SourceProcessId'>2664</Data><Data Name='SourceThreadId'>5780</Data><Data Name='SourceImage'>C:\Windows\system32\werfault.exe</Data><Data Name='TargetProcessGUID'>{8B6011A9-BF25-6192-9C00-00000000F201}</Data><Data Name='TargetProcessId'>5756</Data><Data Name='TargetImage'>C:\Program Files\dcrypt\dcrypt.exe</Data><Data Name='GrantedAccess'>0x1400</Data><Data Name='CallTrace'>C:\Windows\SYSTEM32\ntdll.dll+a6134|C:\Windows\System32\KERNELBASE.dll+221bd|C:\Windows\SYSTEM32\werui.dll+1a8f|C:\Windows\SYSTEM32\werui.dll+24f2|C:\Windows\system32\werfault.exe+1495|C:\Windows\system32\werfault.exe+241ad|C:\Windows\System32\KERNEL32.DLL+84d4|C:\Windows\SYSTEM32\ntdll.dll+51781</Data></EventData></Event>
<Event xmlns='http://schemas.microsoft.com/win/2004/08/events/event'><System><Provider Name='Microsoft-Windows-Sysmon' Guid='{5770385F-C22A-43E0-BF4C-06F5698FFBD9}'/><EventID>10</EventID><Version>3</Version><Level>4</Level><Task>10</Task><Opcode>0</Opcode><Keywords>0x8000000000000000</Keywords><TimeCreated SystemTime='2021-11-15T20:12:44.207862700Z'/><EventRecordID>60653606</EventRecordID><Correlation/><Execution ProcessID='2900' ThreadID='2896'/><Channel>Microsoft-Windows-Sysmon/Operational</Channel><Computer>win-dc-469.attackrange.local</Computer><Security UserID='S-1-5-18'/></System><EventData><Data Name='RuleName'>-</Data><Data Name='UtcTime'>2021-11-15 20:12:44.206</Data><Data Name='SourceProcessGUID'>{8B6011A9-BF3B-6192-B300-00000000F201}</Data><Data Name='SourceProcessId'>2664</Data><Data Name='SourceThreadId'>5780</Data><Data Name='SourceImage'>C:\Windows\system32\werfault.exe</Data><Data Name='TargetProcessGUID'>{8B6011A9-BF25-6192-9C00-00000000F201}</Data><Data Name='TargetProcessId'>5756</Data><Data Name='TargetImage'>C:\Program Files\dcrypt\dcrypt.exe</Data><Data Name='GrantedAccess'>0x1fffff</Data><Data Name='CallTrace'>C:\Windows\SYSTEM32\ntdll.dll+a6134|C:\Windows\SYSTEM32\ntdll.dll+6cd0a|C:\Windows\System32\KERNEL32.DLL+1cff8|C:\Windows\System32\KERNEL32.DLL+25a87|C:\Windows\SYSTEM32\werui.dll+6491|C:\Windows\SYSTEM32\werui.dll+62a7|C:\Windows\SYSTEM32\werui.dll+240b|C:\Windows\system32\werfault.exe+1495|C:\Windows\system32\werfault.exe+241ad|C:\Windows\System32\KERNEL32.DLL+84d4|C:\Windows\SYSTEM32\ntdll.dll+51781</Data></EventData></Event>
<Event xmlns='http://schemas.microsoft.com/win/2004/08/events/event'><System><Provider Name='Microsoft-Windows-Sysmon' Guid='{5770385F-C22A-43E0-BF4C-06F5698FFBD9}'/><EventID>10</EventID><Version>3</Version><Level>4</Level><Task>10</Task><Opcode>0</Opcode><Keywords>0x8000000000000000</Keywords><TimeCreated SystemTime='2021-11-15T20:12:44.160776400Z'/><EventRecordID>60653593</EventRecordID><Correlation/><Execution ProcessID='2900' ThreadID='2896'/><Channel>Microsoft-Windows-Sysmon/Operational</Channel><Computer>win-dc-469.attackrange.local</Computer><Security UserID='S-1-5-18'/></System><EventData><Data Name='RuleName'>-</Data><Data Name='UtcTime'>2021-11-15 20:12:44.159</Data><Data Name='SourceProcessGUID'>{8B6011A9-BF3B-6192-B300-00000000F201}</Data><Data Name='SourceProcessId'>2664</Data><Data Name='SourceThreadId'>5780</Data><Data Name='SourceImage'>C:\Windows\system32\werfault.exe</Data><Data Name='TargetProcessGUID'>{8B6011A9-BF25-6192-9C00-00000000F201}</Data><Data Name='TargetProcessId'>5756</Data><Data Name='TargetImage'>C:\Program Files\dcrypt\dcrypt.exe</Data><Data Name='GrantedAccess'>0x101450</Data><Data Name='CallTrace'>C:\Windows\SYSTEM32\ntdll.dll+a6134|C:\Windows\System32\KERNELBASE.dll+221bd|C:\Windows\SYSTEM32\werui.dll+6045|C:\Windows\SYSTEM32\werui.dll+240b|C:\Windows\system32\werfault.exe+1495|C:\Windows\system32\werfault.exe+241ad|C:\Windows\System32\KERNEL32.DLL+84d4|C:\Windows\SYSTEM32\ntdll.dll+51781</Data></EventData></Event>
<Event xmlns='http://schemas.microsoft.com/win/2004/08/events/event'><System><Provider Name='Microsoft-Windows-Sysmon' Guid='{5770385F-C22A-43E0-BF4C-06F5698FFBD9}'/><EventID>5</EventID><Version>3</Version><Level>4</Level><Task>5</Task><Opcode>0</Opcode><Keywords>0x8000000000000000</Keywords><TimeCreated SystemTime='2021-11-15T20:13:13.365078600Z'/><EventRecordID>60655555</EventRecordID><Correlation/><Execution ProcessID='2900' ThreadID='2896'/><Channel>Microsoft-Windows-Sysmon/Operational</Channel><Computer>win-dc-469.attackrange.local</Computer><Security UserID='S-1-5-18'/></System><EventData><Data Name='RuleName'>-</Data><Data Name='UtcTime'>2021-11-15 20:13:13.363</Data><Data Name='ProcessGuid'>{8B6011A9-BF25-6192-9C00-00000000F201}</Data><Data Name='ProcessId'>5756</Data><Data Name='Image'>C:\Program Files\dcrypt\dcrypt.exe</Data></EventData></Event>
<Event xmlns='http://schemas.microsoft.com/win/2004/08/events/event'><System><Provider Name='Microsoft-Windows-Sysmon' Guid='{5770385F-C22A-43E0-BF4C-06F5698FFBD9}'/><EventID>13</EventID><Version>2</Version><Level>4</Level><Task>13</Task><Opcode>0</Opcode><Keywords>0x8000000000000000</Keywords><TimeCreated SystemTime='2021-11-15T20:13:15.368583600Z'/><EventRecordID>60656001</EventRecordID><Correlation/><Execution ProcessID='2900' ThreadID='2896'/><Channel>Microsoft-Windows-Sysmon/Operational</Channel><Computer>win-dc-469.attackrange.local</Computer><Security UserID='S-1-5-18'/></System><EventData><Data Name='RuleName'>-</Data><Data Name='EventType'>SetValue</Data><Data Name='UtcTime'>2021-11-15 20:13:15.367</Data><Data Name='ProcessGuid'>{8B6011A9-BEE0-6192-1000-00000000F201}</Data><Data Name='ProcessId'>424</Data><Data Name='Image'>C:\Windows\System32\svchost.exe</Data><Data Name='TargetObject'>HKU\S-1-5-21-3946589728-3102711660-3528854901-500\SOFTWARE\Microsoft\Windows NT\CurrentVersion\AppCompatFlags\Compatibility Assistant\Store\C:\Program Files\dcrypt\dcrypt.exe</Data><Data Name='Details'>Binary Data</Data></EventData></Event>
