<Event xmlns='http://schemas.microsoft.com/win/2004/08/events/event'><System><Provider Name='Microsoft-Windows-Sysmon' Guid='{5770385F-C22A-43E0-BF4C-06F5698FFBD9}'/><EventID>10</EventID><Version>3</Version><Level>4</Level><Task>10</Task><Opcode>0</Opcode><Keywords>0x8000000000000000</Keywords><TimeCreated SystemTime='2021-01-22T20:44:00.343152700Z'/><EventRecordID>31202</EventRecordID><Correlation/><Execution ProcessID='2448' ThreadID='3264'/><Channel>Microsoft-Windows-Sysmon/Operational</Channel><Computer>win-dc-770.attackrange.local</Computer><Security UserID='S-1-5-18'/></System><EventData><Data Name='RuleName'>-</Data><Data Name='UtcTime'>2021-01-22 20:44:00.332</Data><Data Name='SourceProcessGUID'>{732C744F-1C72-600B-C905-00000000A301}</Data><Data Name='SourceProcessId'>7768</Data><Data Name='SourceThreadId'>7120</Data><Data Name='SourceImage'>C:\Windows\system32\conhost.exe</Data><Data Name='TargetProcessGUID'>{732C744F-3910-600B-3E0C-00000000A301}</Data><Data Name='TargetProcessId'>4420</Data><Data Name='TargetImage'>C:\Windows\system32\cmd.exe</Data><Data Name='GrantedAccess'>0x1fffff</Data><Data Name='CallTrace'>C:\Windows\SYSTEM32\ntdll.dll+a5a94|C:\Windows\SYSTEM32\ConhostV2.dll+5c07|C:\Windows\SYSTEM32\ConhostV2.dll+76ab|C:\Windows\SYSTEM32\ConhostV2.dll+a84c|C:\Windows\System32\KERNEL32.DLL+84d4|C:\Windows\SYSTEM32\ntdll.dll+51791</Data></EventData></Event>
<Event xmlns='http://schemas.microsoft.com/win/2004/08/events/event'><System><Provider Name='Microsoft-Windows-Sysmon' Guid='{5770385F-C22A-43E0-BF4C-06F5698FFBD9}'/><EventID>10</EventID><Version>3</Version><Level>4</Level><Task>10</Task><Opcode>0</Opcode><Keywords>0x8000000000000000</Keywords><TimeCreated SystemTime='2021-01-22T20:44:00.341474700Z'/><EventRecordID>31201</EventRecordID><Correlation/><Execution ProcessID='2448' ThreadID='3264'/><Channel>Microsoft-Windows-Sysmon/Operational</Channel><Computer>win-dc-770.attackrange.local</Computer><Security UserID='S-1-5-18'/></System><EventData><Data Name='RuleName'>-</Data><Data Name='UtcTime'>2021-01-22 20:44:00.332</Data><Data Name='SourceProcessGUID'>{732C744F-1C72-600B-C805-00000000A301}</Data><Data Name='SourceProcessId'>3468</Data><Data Name='SourceThreadId'>3748</Data><Data Name='SourceImage'>C:\Windows\System32\WindowsPowerShell\v1.0\powershell.exe</Data><Data Name='TargetProcessGUID'>{732C744F-3910-600B-3E0C-00000000A301}</Data><Data Name='TargetProcessId'>4420</Data><Data Name='TargetImage'>C:\Windows\system32\cmd.exe</Data><Data Name='GrantedAccess'>0x1f3fff</Data><Data Name='CallTrace'>C:\Windows\SYSTEM32\ntdll.dll+a5a94|C:\Windows\System32\KERNELBASE.dll+221bd|C:\Windows\assembly\NativeImages_v4.0.30319_64\System\a179960d666c10cfe020612d369c7500\System.ni.dll+3364bd|C:\Windows\assembly\NativeImages_v4.0.30319_64\System\a179960d666c10cfe020612d369c7500\System.ni.dll+2b3a5c|C:\Windows\assembly\NativeImages_v4.0.30319_64\System\a179960d666c10cfe020612d369c7500\System.ni.dll+2b42a7|C:\Windows\assembly\NativeImages_v4.0.30319_64\System\a179960d666c10cfe020612d369c7500\System.ni.dll+2b452d|C:\Windows\assembly\NativeImages_v4.0.30319_64\System\a179960d666c10cfe020612d369c7500\System.ni.dll+2b3ed3|UNKNOWN(00007FFC4AF5E2A3)</Data></EventData></Event>
<Event xmlns='http://schemas.microsoft.com/win/2004/08/events/event'><System><Provider Name='Microsoft-Windows-Sysmon' Guid='{5770385F-C22A-43E0-BF4C-06F5698FFBD9}'/><EventID>10</EventID><Version>3</Version><Level>4</Level><Task>10</Task><Opcode>0</Opcode><Keywords>0x8000000000000000</Keywords><TimeCreated SystemTime='2021-01-22T20:44:00.341293400Z'/><EventRecordID>31200</EventRecordID><Correlation/><Execution ProcessID='2448' ThreadID='3264'/><Channel>Microsoft-Windows-Sysmon/Operational</Channel><Computer>win-dc-770.attackrange.local</Computer><Security UserID='S-1-5-18'/></System><EventData><Data Name='RuleName'>-</Data><Data Name='UtcTime'>2021-01-22 20:44:00.332</Data><Data Name='SourceProcessGUID'>{732C744F-151A-600B-0C00-00000000A301}</Data><Data Name='SourceProcessId'>584</Data><Data Name='SourceThreadId'>7068</Data><Data Name='SourceImage'>C:\Windows\system32\svchost.exe</Data><Data Name='TargetProcessGUID'>{732C744F-152A-600B-3100-00000000A301}</Data><Data Name='TargetProcessId'>2448</Data><Data Name='TargetImage'>C:\Windows\sysmon64.exe</Data><Data Name='GrantedAccess'>0x1400</Data><Data Name='CallTrace'>C:\Windows\SYSTEM32\ntdll.dll+a5a94|C:\Windows\System32\KERNELBASE.dll+5eab4|c:\windows\system32\lsm.dll+fd18|C:\Windows\System32\RPCRT4.dll+78e23|C:\Windows\System32\RPCRT4.dll+d96bd|C:\Windows\System32\RPCRT4.dll+6194c|C:\Windows\System32\RPCRT4.dll+52bf4|C:\Windows\System32\RPCRT4.dll+51b0d|C:\Windows\System32\RPCRT4.dll+523bb|C:\Windows\System32\RPCRT4.dll+2469c|C:\Windows\System32\RPCRT4.dll+24b1c|C:\Windows\System32\RPCRT4.dll+111bc|C:\Windows\System32\RPCRT4.dll+12a1b|C:\Windows\System32\RPCRT4.dll+1e12a|C:\Windows\SYSTEM32\ntdll.dll+1d34e|C:\Windows\SYSTEM32\ntdll.dll+1ecb9|C:\Windows\System32\KERNEL32.DLL+84d4|C:\Windows\SYSTEM32\ntdll.dll+51791</Data></EventData></Event>
<Event xmlns='http://schemas.microsoft.com/win/2004/08/events/event'><System><Provider Name='Microsoft-Windows-Sysmon' Guid='{5770385F-C22A-43E0-BF4C-06F5698FFBD9}'/><EventID>10</EventID><Version>3</Version><Level>4</Level><Task>10</Task><Opcode>0</Opcode><Keywords>0x8000000000000000</Keywords><TimeCreated SystemTime='2021-01-22T20:44:00.341230400Z'/><EventRecordID>31199</EventRecordID><Correlation/><Execution ProcessID='2448' ThreadID='3264'/><Channel>Microsoft-Windows-Sysmon/Operational</Channel><Computer>win-dc-770.attackrange.local</Computer><Security UserID='S-1-5-18'/></System><EventData><Data Name='RuleName'>-</Data><Data Name='UtcTime'>2021-01-22 20:44:00.332</Data><Data Name='SourceProcessGUID'>{732C744F-151A-600B-0C00-00000000A301}</Data><Data Name='SourceProcessId'>584</Data><Data Name='SourceThreadId'>7068</Data><Data Name='SourceImage'>C:\Windows\system32\svchost.exe</Data><Data Name='TargetProcessGUID'>{732C744F-152A-600B-3100-00000000A301}</Data><Data Name='TargetProcessId'>2448</Data><Data Name='TargetImage'>C:\Windows\sysmon64.exe</Data><Data Name='GrantedAccess'>0x1400</Data><Data Name='CallTrace'>C:\Windows\SYSTEM32\ntdll.dll+a5a94|C:\Windows\System32\KERNELBASE.dll+5eab4|c:\windows\system32\lsm.dll+11aad|C:\Windows\System32\RPCRT4.dll+78e23|C:\Windows\System32\RPCRT4.dll+d96bd|C:\Windows\System32\RPCRT4.dll+6194c|C:\Windows\System32\RPCRT4.dll+52bf4|C:\Windows\System32\RPCRT4.dll+51b0d|C:\Windows\System32\RPCRT4.dll+523bb|C:\Windows\System32\RPCRT4.dll+2469c|C:\Windows\System32\RPCRT4.dll+24b1c|C:\Windows\System32\RPCRT4.dll+111bc|C:\Windows\System32\RPCRT4.dll+12a1b|C:\Windows\System32\RPCRT4.dll+1e12a|C:\Windows\SYSTEM32\ntdll.dll+1d34e|C:\Windows\SYSTEM32\ntdll.dll+1ecb9|C:\Windows\System32\KERNEL32.DLL+84d4|C:\Windows\SYSTEM32\ntdll.dll+51791</Data></EventData></Event>
<Event xmlns='http://schemas.microsoft.com/win/2004/08/events/event'><System><Provider Name='Microsoft-Windows-Sysmon' Guid='{5770385F-C22A-43E0-BF4C-06F5698FFBD9}'/><EventID>10</EventID><Version>3</Version><Level>4</Level><Task>10</Task><Opcode>0</Opcode><Keywords>0x8000000000000000</Keywords><TimeCreated SystemTime='2021-01-22T20:44:00.341162300Z'/><EventRecordID>31198</EventRecordID><Correlation/><Execution ProcessID='2448' ThreadID='3264'/><Channel>Microsoft-Windows-Sysmon/Operational</Channel><Computer>win-dc-770.attackrange.local</Computer><Security UserID='S-1-5-18'/></System><EventData><Data Name='RuleName'>-</Data><Data Name='UtcTime'>2021-01-22 20:44:00.332</Data><Data Name='SourceProcessGUID'>{732C744F-151A-600B-0C00-00000000A301}</Data><Data Name='SourceProcessId'>584</Data><Data Name='SourceThreadId'>7068</Data><Data Name='SourceImage'>C:\Windows\system32\svchost.exe</Data><Data Name='TargetProcessGUID'>{732C744F-152A-600B-3100-00000000A301}</Data><Data Name='TargetProcessId'>2448</Data><Data Name='TargetImage'>C:\Windows\sysmon64.exe</Data><Data Name='GrantedAccess'>0x1400</Data><Data Name='CallTrace'>C:\Windows\SYSTEM32\ntdll.dll+a5a94|C:\Windows\System32\KERNELBASE.dll+5eab4|c:\windows\system32\lsm.dll+11058|C:\Windows\System32\RPCRT4.dll+78e23|C:\Windows\System32\RPCRT4.dll+d96bd|C:\Windows\System32\RPCRT4.dll+6194c|C:\Windows\System32\RPCRT4.dll+52bf4|C:\Windows\System32\RPCRT4.dll+51b0d|C:\Windows\System32\RPCRT4.dll+523bb|C:\Windows\System32\RPCRT4.dll+2469c|C:\Windows\System32\RPCRT4.dll+24b1c|C:\Windows\System32\RPCRT4.dll+111bc|C:\Windows\System32\RPCRT4.dll+12a1b|C:\Windows\System32\RPCRT4.dll+1e12a|C:\Windows\SYSTEM32\ntdll.dll+1d34e|C:\Windows\SYSTEM32\ntdll.dll+1ecb9|C:\Windows\System32\KERNEL32.DLL+84d4|C:\Windows\SYSTEM32\ntdll.dll+51791</Data></EventData></Event>
<Event xmlns='http://schemas.microsoft.com/win/2004/08/events/event'><System><Provider Name='Microsoft-Windows-Sysmon' Guid='{5770385F-C22A-43E0-BF4C-06F5698FFBD9}'/><EventID>10</EventID><Version>3</Version><Level>4</Level><Task>10</Task><Opcode>0</Opcode><Keywords>0x8000000000000000</Keywords><TimeCreated SystemTime='2021-01-22T20:44:00.341098000Z'/><EventRecordID>31197</EventRecordID><Correlation/><Execution ProcessID='2448' ThreadID='3264'/><Channel>Microsoft-Windows-Sysmon/Operational</Channel><Computer>win-dc-770.attackrange.local</Computer><Security UserID='S-1-5-18'/></System><EventData><Data Name='RuleName'>-</Data><Data Name='UtcTime'>2021-01-22 20:44:00.332</Data><Data Name='SourceProcessGUID'>{732C744F-151A-600B-0C00-00000000A301}</Data><Data Name='SourceProcessId'>584</Data><Data Name='SourceThreadId'>7068</Data><Data Name='SourceImage'>C:\Windows\system32\svchost.exe</Data><Data Name='TargetProcessGUID'>{732C744F-152A-600B-3100-00000000A301}</Data><Data Name='TargetProcessId'>2448</Data><Data Name='TargetImage'>C:\Windows\sysmon64.exe</Data><Data Name='GrantedAccess'>0x1400</Data><Data Name='CallTrace'>C:\Windows\SYSTEM32\ntdll.dll+a5a94|C:\Windows\System32\KERNELBASE.dll+5eab4|c:\windows\system32\lsm.dll+12023|C:\Windows\System32\RPCRT4.dll+78e23|C:\Windows\System32\RPCRT4.dll+d96bd|C:\Windows\System32\RPCRT4.dll+6194c|C:\Windows\System32\RPCRT4.dll+52bf4|C:\Windows\System32\RPCRT4.dll+51b0d|C:\Windows\System32\RPCRT4.dll+523bb|C:\Windows\System32\RPCRT4.dll+2469c|C:\Windows\System32\RPCRT4.dll+24b1c|C:\Windows\System32\RPCRT4.dll+111bc|C:\Windows\System32\RPCRT4.dll+12a1b|C:\Windows\System32\RPCRT4.dll+1e12a|C:\Windows\SYSTEM32\ntdll.dll+1d34e|C:\Windows\SYSTEM32\ntdll.dll+1ecb9|C:\Windows\System32\KERNEL32.DLL+84d4|C:\Windows\SYSTEM32\ntdll.dll+51791</Data></EventData></Event>
<Event xmlns='http://schemas.microsoft.com/win/2004/08/events/event'><System><Provider Name='Microsoft-Windows-Sysmon' Guid='{5770385F-C22A-43E0-BF4C-06F5698FFBD9}'/><EventID>10</EventID><Version>3</Version><Level>4</Level><Task>10</Task><Opcode>0</Opcode><Keywords>0x8000000000000000</Keywords><TimeCreated SystemTime='2021-01-22T20:44:00.341023700Z'/><EventRecordID>31196</EventRecordID><Correlation/><Execution ProcessID='2448' ThreadID='3264'/><Channel>Microsoft-Windows-Sysmon/Operational</Channel><Computer>win-dc-770.attackrange.local</Computer><Security UserID='S-1-5-18'/></System><EventData><Data Name='RuleName'>-</Data><Data Name='UtcTime'>2021-01-22 20:44:00.332</Data><Data Name='SourceProcessGUID'>{732C744F-17DF-600B-9401-00000000A301}</Data><Data Name='SourceProcessId'>5084</Data><Data Name='SourceThreadId'>884</Data><Data Name='SourceImage'>C:\Windows\system32\csrss.exe</Data><Data Name='TargetProcessGUID'>{732C744F-3910-600B-3E0C-00000000A301}</Data><Data Name='TargetProcessId'>4420</Data><Data Name='TargetImage'>C:\Windows\system32\cmd.exe</Data><Data Name='GrantedAccess'>0x1fffff</Data><Data Name='CallTrace'>C:\Windows\SYSTEM32\ntdll.dll+a5a94|C:\Windows\system32\basesrv.DLL+2f47|C:\Windows\SYSTEM32\CSRSRV.dll+5645|C:\Windows\SYSTEM32\ntdll.dll+5179f</Data></EventData></Event>
<Event xmlns='http://schemas.microsoft.com/win/2004/08/events/event'><System><Provider Name='Microsoft-Windows-Sysmon' Guid='{5770385F-C22A-43E0-BF4C-06F5698FFBD9}'/><EventID>10</EventID><Version>3</Version><Level>4</Level><Task>10</Task><Opcode>0</Opcode><Keywords>0x8000000000000000</Keywords><TimeCreated SystemTime='2021-01-22T20:44:00.340833700Z'/><EventRecordID>31195</EventRecordID><Correlation/><Execution ProcessID='2448' ThreadID='3264'/><Channel>Microsoft-Windows-Sysmon/Operational</Channel><Computer>win-dc-770.attackrange.local</Computer><Security UserID='S-1-5-18'/></System><EventData><Data Name='RuleName'>-</Data><Data Name='UtcTime'>2021-01-22 20:44:00.332</Data><Data Name='SourceProcessGUID'>{732C744F-1C72-600B-C805-00000000A301}</Data><Data Name='SourceProcessId'>3468</Data><Data Name='SourceThreadId'>3748</Data><Data Name='SourceImage'>C:\Windows\System32\WindowsPowerShell\v1.0\powershell.exe</Data><Data Name='TargetProcessGUID'>{732C744F-3910-600B-3E0C-00000000A301}</Data><Data Name='TargetProcessId'>4420</Data><Data Name='TargetImage'>C:\Windows\system32\cmd.exe</Data><Data Name='GrantedAccess'>0x1fffff</Data><Data Name='CallTrace'>C:\Windows\SYSTEM32\ntdll.dll+a6d64|C:\Windows\System32\KERNELBASE.dll+2b860|C:\Windows\System32\KERNELBASE.dll+6b246|C:\Windows\System32\KERNEL32.DLL+1c213|UNKNOWN(0000000000000000)|UNKNOWN(0000000000000000)|UNKNOWN(0000000000000000)|UNKNOWN(0000000000000000)|C:\Windows\assembly\NativeImages_v4.0.30319_64\System.Manaa57fc8cc#\f1f67958bde80ba63cbbc17c9cbeaa40\System.Management.Automation.ni.dll+250cd338|C:\Windows\assembly\NativeImages_v4.0.30319_64\System.Manaa57fc8cc#\f1f67958bde80ba63cbbc17c9cbeaa40\System.Management.Automation.ni.dll+250cd1ac|C:\Windows\assembly\NativeImages_v4.0.30319_64\System.Manaa57fc8cc#\f1f67958bde80ba63cbbc17c9cbeaa40\System.Management.Automation.ni.dll+2514f9d8|C:\Windows\assembly\NativeImages_v4.0.30319_64\System.Manaa57fc8cc#\f1f67958bde80ba63cbbc17c9cbeaa40\System.Management.Automation.ni.dll+250c5d94|C:\Windows\assembly\NativeImages_v4.0.30319_64\System.Manaa57fc8cc#\f1f67958bde80ba63cbbc17c9cbeaa40\System.Management.Automation.ni.dll+25b7ef87|C:\Windows\assembly\NativeImages_v4.0.30319_64\System.Manaa57fc8cc#\f1f67958bde80ba63cbbc17c9cbeaa40\System.Management.Automation.ni.dll+2508e58c|C:\Windows\assembly\NativeImages_v4.0.30319_64\System.Manaa57fc8cc#\f1f67958bde80ba63cbbc17c9cbeaa40\System.Management.Automation.ni.dll+250eca5b|C:\Windows\assembly\NativeImages_v4.0.30319_64\System.Manaa57fc8cc#\f1f67958bde80ba63cbbc17c9cbeaa40\System.Management.Automation.ni.dll+250d00c0|C:\Windows\assembly\NativeImages_v4.0.30319_64\System.Manaa57fc8cc#\f1f67958bde80ba63cbbc17c9cbeaa40\System.Management.Automation.ni.dll+250d00c0|C:\Windows\assembly\NativeImages_v4.0.30319_64\System.Manaa57fc8cc#\f1f67958bde80ba63cbbc17c9cbeaa40\System.Management.Automation.ni.dll+250d00c0|C:\Windows\assembly\NativeImages_v4.0.30319_64\System.Manaa57fc8cc#\f1f67958bde80ba63cbbc17c9cbeaa40\System.Management.Automation.ni.dll+250d00c0|C:\Windows\assembly\NativeImages_v4.0.30319_64\System.Manaa57fc8cc#\f1f67958bde80ba63cbbc17c9cbeaa40\System.Management.Automation.ni.dll+250d00c0|C:\Windows\assembly\NativeImages_v4.0.30319_64\System.Manaa57fc8cc#\f1f67958bde80ba63cbbc17c9cbeaa40\System.Management.Automation.ni.dll+250d00c0|C:\Windows\assembly\NativeImages_v4.0.30319_64\System.Manaa57fc8cc#\f1f67958bde80ba63cbbc17c9cbeaa40\System.Management.Automation.ni.dll+250cff51|C:\Windows\assembly\NativeImages_v4.0.30319_64\System.Manaa57fc8cc#\f1f67958bde80ba63cbbc17c9cbeaa40\System.Management.Automation.ni.dll+250c1ed6|C:\Windows\assembly\NativeImages_v4.0.30319_64\System.Manaa57fc8cc#\f1f67958bde80ba63cbbc17c9cbeaa40\System.Management.Automation.ni.dll+250fb066</Data></EventData></Event>
<Event xmlns='http://schemas.microsoft.com/win/2004/08/events/event'><System><Provider Name='Microsoft-Windows-Sysmon' Guid='{5770385F-C22A-43E0-BF4C-06F5698FFBD9}'/><EventID>1</EventID><Version>5</Version><Level>4</Level><Task>1</Task><Opcode>0</Opcode><Keywords>0x8000000000000000</Keywords><TimeCreated SystemTime='2021-01-22T20:44:00.340564600Z'/><EventRecordID>31194</EventRecordID><Correlation/><Execution ProcessID='2448' ThreadID='3264'/><Channel>Microsoft-Windows-Sysmon/Operational</Channel><Computer>win-dc-770.attackrange.local</Computer><Security UserID='S-1-5-18'/></System><EventData><Data Name='RuleName'>-</Data><Data Name='UtcTime'>2021-01-22 20:44:00.338</Data><Data Name='ProcessGuid'>{732C744F-3910-600B-3E0C-00000000A301}</Data><Data Name='ProcessId'>4420</Data><Data Name='Image'>C:\Windows\System32\cmd.exe</Data><Data Name='FileVersion'>10.0.14393.0 (rs1_release.160715-1616)</Data><Data Name='Description'>Windows Command Processor</Data><Data Name='Product'>Microsoft® Windows® Operating System</Data><Data Name='Company'>Microsoft Corporation</Data><Data Name='OriginalFileName'>Cmd.Exe</Data><Data Name='CommandLine'>"C:\Windows\system32\cmd.exe" /c "wbadmin delete systemstatebackup -keepVersions:0" </Data><Data Name='CurrentDirectory'>C:\Users\ADMINI~1\AppData\Local\Temp\</Data><Data Name='User'>ATTACKRANGE\Administrator</Data><Data Name='LogonGuid'>{732C744F-17E1-600B-DAA7-130000000000}</Data><Data Name='LogonId'>0x13a7da</Data><Data Name='TerminalSessionId'>2</Data><Data Name='IntegrityLevel'>High</Data><Data Name='Hashes'>MD5=F4F684066175B77E0C3A000549D2922C,SHA256=935C1861DF1F4018D698E8B65ABFA02D7E9037D8F68CA3C2065B6CA165D44AD2,IMPHASH=3062ED732D4B25D1C64F084DAC97D37A</Data><Data Name='ParentProcessGuid'>{732C744F-1C72-600B-C805-00000000A301}</Data><Data Name='ParentProcessId'>3468</Data><Data Name='ParentImage'>C:\Windows\System32\WindowsPowerShell\v1.0\powershell.exe</Data><Data Name='ParentCommandLine'>"C:\Windows\System32\WindowsPowerShell\v1.0\powershell.exe" </Data></EventData></Event>
<Event xmlns='http://schemas.microsoft.com/win/2004/08/events/event'><System><Provider Name='Microsoft-Windows-Sysmon' Guid='{5770385F-C22A-43E0-BF4C-06F5698FFBD9}'/><EventID>11</EventID><Version>2</Version><Level>4</Level><Task>11</Task><Opcode>0</Opcode><Keywords>0x8000000000000000</Keywords><TimeCreated SystemTime='2021-01-22T20:44:00.337652900Z'/><EventRecordID>31193</EventRecordID><Correlation/><Execution ProcessID='2448' ThreadID='3264'/><Channel>Microsoft-Windows-Sysmon/Operational</Channel><Computer>win-dc-770.attackrange.local</Computer><Security UserID='S-1-5-18'/></System><EventData><Data Name='RuleName'>-</Data><Data Name='UtcTime'>2021-01-22 20:44:00.332</Data><Data Name='ProcessGuid'>{732C744F-1C72-600B-C805-00000000A301}</Data><Data Name='ProcessId'>3468</Data><Data Name='Image'>C:\Windows\System32\WindowsPowerShell\v1.0\powershell.exe</Data><Data Name='TargetFilename'>C:\Users\ADMINI~1\AppData\Local\Temp\art-err.txt</Data><Data Name='CreationUtcTime'>2021-01-22 20:43:31.958</Data></EventData></Event>
<Event xmlns='http://schemas.microsoft.com/win/2004/08/events/event'><System><Provider Name='Microsoft-Windows-Sysmon' Guid='{5770385F-C22A-43E0-BF4C-06F5698FFBD9}'/><EventID>11</EventID><Version>2</Version><Level>4</Level><Task>11</Task><Opcode>0</Opcode><Keywords>0x8000000000000000</Keywords><TimeCreated SystemTime='2021-01-22T20:44:00.336442100Z'/><EventRecordID>31192</EventRecordID><Correlation/><Execution ProcessID='2448' ThreadID='3264'/><Channel>Microsoft-Windows-Sysmon/Operational</Channel><Computer>win-dc-770.attackrange.local</Computer><Security UserID='S-1-5-18'/></System><EventData><Data Name='RuleName'>-</Data><Data Name='UtcTime'>2021-01-22 20:44:00.332</Data><Data Name='ProcessGuid'>{732C744F-1C72-600B-C805-00000000A301}</Data><Data Name='ProcessId'>3468</Data><Data Name='Image'>C:\Windows\System32\WindowsPowerShell\v1.0\powershell.exe</Data><Data Name='TargetFilename'>C:\Users\ADMINI~1\AppData\Local\Temp\art-out.txt</Data><Data Name='CreationUtcTime'>2021-01-22 20:43:31.958</Data></EventData></Event>
