<Event xmlns='http://schemas.microsoft.com/win/2004/08/events/event'><System><Provider Name='Microsoft-Windows-Sysmon' Guid='{5770385F-C22A-43E0-BF4C-06F5698FFBD9}'/><EventID>10</EventID><Version>3</Version><Level>4</Level><Task>10</Task><Opcode>0</Opcode><Keywords>0x8000000000000000</Keywords><TimeCreated SystemTime='2021-01-22T20:43:32.112687500Z'/><EventRecordID>31009</EventRecordID><Correlation/><Execution ProcessID='2448' ThreadID='3264'/><Channel>Microsoft-Windows-Sysmon/Operational</Channel><Computer>win-dc-770.attackrange.local</Computer><Security UserID='S-1-5-18'/></System><EventData><Data Name='RuleName'>-</Data><Data Name='UtcTime'>2021-01-22 20:43:32.099</Data><Data Name='SourceProcessGUID'>{732C744F-151A-600B-0C00-00000000A301}</Data><Data Name='SourceProcessId'>584</Data><Data Name='SourceThreadId'>7816</Data><Data Name='SourceImage'>C:\Windows\system32\svchost.exe</Data><Data Name='TargetProcessGUID'>{732C744F-152A-600B-3100-00000000A301}</Data><Data Name='TargetProcessId'>2448</Data><Data Name='TargetImage'>C:\Windows\sysmon64.exe</Data><Data Name='GrantedAccess'>0x1400</Data><Data Name='CallTrace'>C:\Windows\SYSTEM32\ntdll.dll+a5a94|C:\Windows\System32\KERNELBASE.dll+5eab4|c:\windows\system32\lsm.dll+11058|C:\Windows\System32\RPCRT4.dll+78e23|C:\Windows\System32\RPCRT4.dll+d96bd|C:\Windows\System32\RPCRT4.dll+6194c|C:\Windows\System32\RPCRT4.dll+52bf4|C:\Windows\System32\RPCRT4.dll+51b0d|C:\Windows\System32\RPCRT4.dll+523bb|C:\Windows\System32\RPCRT4.dll+2469c|C:\Windows\System32\RPCRT4.dll+24b1c|C:\Windows\System32\RPCRT4.dll+111bc|C:\Windows\System32\RPCRT4.dll+12a1b|C:\Windows\System32\RPCRT4.dll+1e12a|C:\Windows\SYSTEM32\ntdll.dll+1d34e|C:\Windows\SYSTEM32\ntdll.dll+1ecb9|C:\Windows\System32\KERNEL32.DLL+84d4|C:\Windows\SYSTEM32\ntdll.dll+51791</Data></EventData></Event>
<Event xmlns='http://schemas.microsoft.com/win/2004/08/events/event'><System><Provider Name='Microsoft-Windows-Sysmon' Guid='{5770385F-C22A-43E0-BF4C-06F5698FFBD9}'/><EventID>10</EventID><Version>3</Version><Level>4</Level><Task>10</Task><Opcode>0</Opcode><Keywords>0x8000000000000000</Keywords><TimeCreated SystemTime='2021-01-22T20:43:32.112588700Z'/><EventRecordID>31008</EventRecordID><Correlation/><Execution ProcessID='2448' ThreadID='3264'/><Channel>Microsoft-Windows-Sysmon/Operational</Channel><Computer>win-dc-770.attackrange.local</Computer><Security UserID='S-1-5-18'/></System><EventData><Data Name='RuleName'>-</Data><Data Name='UtcTime'>2021-01-22 20:43:32.099</Data><Data Name='SourceProcessGUID'>{732C744F-151A-600B-0C00-00000000A301}</Data><Data Name='SourceProcessId'>584</Data><Data Name='SourceThreadId'>7816</Data><Data Name='SourceImage'>C:\Windows\system32\svchost.exe</Data><Data Name='TargetProcessGUID'>{732C744F-152A-600B-3100-00000000A301}</Data><Data Name='TargetProcessId'>2448</Data><Data Name='TargetImage'>C:\Windows\sysmon64.exe</Data><Data Name='GrantedAccess'>0x1400</Data><Data Name='CallTrace'>C:\Windows\SYSTEM32\ntdll.dll+a5a94|C:\Windows\System32\KERNELBASE.dll+5eab4|c:\windows\system32\lsm.dll+12023|C:\Windows\System32\RPCRT4.dll+78e23|C:\Windows\System32\RPCRT4.dll+d96bd|C:\Windows\System32\RPCRT4.dll+6194c|C:\Windows\System32\RPCRT4.dll+52bf4|C:\Windows\System32\RPCRT4.dll+51b0d|C:\Windows\System32\RPCRT4.dll+523bb|C:\Windows\System32\RPCRT4.dll+2469c|C:\Windows\System32\RPCRT4.dll+24b1c|C:\Windows\System32\RPCRT4.dll+111bc|C:\Windows\System32\RPCRT4.dll+12a1b|C:\Windows\System32\RPCRT4.dll+1e12a|C:\Windows\SYSTEM32\ntdll.dll+1d34e|C:\Windows\SYSTEM32\ntdll.dll+1ecb9|C:\Windows\System32\KERNEL32.DLL+84d4|C:\Windows\SYSTEM32\ntdll.dll+51791</Data></EventData></Event>
<Event xmlns='http://schemas.microsoft.com/win/2004/08/events/event'><System><Provider Name='Microsoft-Windows-Sysmon' Guid='{5770385F-C22A-43E0-BF4C-06F5698FFBD9}'/><EventID>10</EventID><Version>3</Version><Level>4</Level><Task>10</Task><Opcode>0</Opcode><Keywords>0x8000000000000000</Keywords><TimeCreated SystemTime='2021-01-22T20:43:32.112505200Z'/><EventRecordID>31007</EventRecordID><Correlation/><Execution ProcessID='2448' ThreadID='3264'/><Channel>Microsoft-Windows-Sysmon/Operational</Channel><Computer>win-dc-770.attackrange.local</Computer><Security UserID='S-1-5-18'/></System><EventData><Data Name='RuleName'>-</Data><Data Name='UtcTime'>2021-01-22 20:43:32.099</Data><Data Name='SourceProcessGUID'>{732C744F-17DF-600B-9401-00000000A301}</Data><Data Name='SourceProcessId'>5084</Data><Data Name='SourceThreadId'>884</Data><Data Name='SourceImage'>C:\Windows\system32\csrss.exe</Data><Data Name='TargetProcessGUID'>{732C744F-38F4-600B-2B0C-00000000A301}</Data><Data Name='TargetProcessId'>2928</Data><Data Name='TargetImage'>C:\Windows\system32\cmd.exe</Data><Data Name='GrantedAccess'>0x1fffff</Data><Data Name='CallTrace'>C:\Windows\SYSTEM32\ntdll.dll+a5a94|C:\Windows\system32\basesrv.DLL+2f47|C:\Windows\SYSTEM32\CSRSRV.dll+5645|C:\Windows\SYSTEM32\ntdll.dll+5179f</Data></EventData></Event>
<Event xmlns='http://schemas.microsoft.com/win/2004/08/events/event'><System><Provider Name='Microsoft-Windows-Sysmon' Guid='{5770385F-C22A-43E0-BF4C-06F5698FFBD9}'/><EventID>10</EventID><Version>3</Version><Level>4</Level><Task>10</Task><Opcode>0</Opcode><Keywords>0x8000000000000000</Keywords><TimeCreated SystemTime='2021-01-22T20:43:32.112324000Z'/><EventRecordID>31006</EventRecordID><Correlation/><Execution ProcessID='2448' ThreadID='3264'/><Channel>Microsoft-Windows-Sysmon/Operational</Channel><Computer>win-dc-770.attackrange.local</Computer><Security UserID='S-1-5-18'/></System><EventData><Data Name='RuleName'>-</Data><Data Name='UtcTime'>2021-01-22 20:43:32.099</Data><Data Name='SourceProcessGUID'>{732C744F-1C72-600B-C805-00000000A301}</Data><Data Name='SourceProcessId'>3468</Data><Data Name='SourceThreadId'>3748</Data><Data Name='SourceImage'>C:\Windows\System32\WindowsPowerShell\v1.0\powershell.exe</Data><Data Name='TargetProcessGUID'>{732C744F-38F4-600B-2B0C-00000000A301}</Data><Data Name='TargetProcessId'>2928</Data><Data Name='TargetImage'>C:\Windows\system32\cmd.exe</Data><Data Name='GrantedAccess'>0x1fffff</Data><Data Name='CallTrace'>C:\Windows\SYSTEM32\ntdll.dll+a6d64|C:\Windows\System32\KERNELBASE.dll+2b860|C:\Windows\System32\KERNELBASE.dll+6b246|C:\Windows\System32\KERNEL32.DLL+1c213|UNKNOWN(0000000000000000)|UNKNOWN(0000000000000000)|UNKNOWN(0000000000000000)|UNKNOWN(0000000000000000)|C:\Windows\assembly\NativeImages_v4.0.30319_64\System.Manaa57fc8cc#\f1f67958bde80ba63cbbc17c9cbeaa40\System.Management.Automation.ni.dll+250cd338|C:\Windows\assembly\NativeImages_v4.0.30319_64\System.Manaa57fc8cc#\f1f67958bde80ba63cbbc17c9cbeaa40\System.Management.Automation.ni.dll+250cd1ac|C:\Windows\assembly\NativeImages_v4.0.30319_64\System.Manaa57fc8cc#\f1f67958bde80ba63cbbc17c9cbeaa40\System.Management.Automation.ni.dll+2514f9d8|C:\Windows\assembly\NativeImages_v4.0.30319_64\System.Manaa57fc8cc#\f1f67958bde80ba63cbbc17c9cbeaa40\System.Management.Automation.ni.dll+250c5d94|C:\Windows\assembly\NativeImages_v4.0.30319_64\System.Manaa57fc8cc#\f1f67958bde80ba63cbbc17c9cbeaa40\System.Management.Automation.ni.dll+25b7ef87|C:\Windows\assembly\NativeImages_v4.0.30319_64\System.Manaa57fc8cc#\f1f67958bde80ba63cbbc17c9cbeaa40\System.Management.Automation.ni.dll+2508e58c|C:\Windows\assembly\NativeImages_v4.0.30319_64\System.Manaa57fc8cc#\f1f67958bde80ba63cbbc17c9cbeaa40\System.Management.Automation.ni.dll+250eca5b|C:\Windows\assembly\NativeImages_v4.0.30319_64\System.Manaa57fc8cc#\f1f67958bde80ba63cbbc17c9cbeaa40\System.Management.Automation.ni.dll+250d00c0|C:\Windows\assembly\NativeImages_v4.0.30319_64\System.Manaa57fc8cc#\f1f67958bde80ba63cbbc17c9cbeaa40\System.Management.Automation.ni.dll+250d00c0|C:\Windows\assembly\NativeImages_v4.0.30319_64\System.Manaa57fc8cc#\f1f67958bde80ba63cbbc17c9cbeaa40\System.Management.Automation.ni.dll+250d00c0|C:\Windows\assembly\NativeImages_v4.0.30319_64\System.Manaa57fc8cc#\f1f67958bde80ba63cbbc17c9cbeaa40\System.Management.Automation.ni.dll+250d00c0|C:\Windows\assembly\NativeImages_v4.0.30319_64\System.Manaa57fc8cc#\f1f67958bde80ba63cbbc17c9cbeaa40\System.Management.Automation.ni.dll+250d00c0|C:\Windows\assembly\NativeImages_v4.0.30319_64\System.Manaa57fc8cc#\f1f67958bde80ba63cbbc17c9cbeaa40\System.Management.Automation.ni.dll+250d00c0|C:\Windows\assembly\NativeImages_v4.0.30319_64\System.Manaa57fc8cc#\f1f67958bde80ba63cbbc17c9cbeaa40\System.Management.Automation.ni.dll+250cff51|C:\Windows\assembly\NativeImages_v4.0.30319_64\System.Manaa57fc8cc#\f1f67958bde80ba63cbbc17c9cbeaa40\System.Management.Automation.ni.dll+250c1ed6|C:\Windows\assembly\NativeImages_v4.0.30319_64\System.Manaa57fc8cc#\f1f67958bde80ba63cbbc17c9cbeaa40\System.Management.Automation.ni.dll+250fb066</Data></EventData></Event>
<Event xmlns='http://schemas.microsoft.com/win/2004/08/events/event'><System><Provider Name='Microsoft-Windows-Sysmon' Guid='{5770385F-C22A-43E0-BF4C-06F5698FFBD9}'/><EventID>1</EventID><Version>5</Version><Level>4</Level><Task>1</Task><Opcode>0</Opcode><Keywords>0x8000000000000000</Keywords><TimeCreated SystemTime='2021-01-22T20:43:32.112049700Z'/><EventRecordID>31005</EventRecordID><Correlation/><Execution ProcessID='2448' ThreadID='3264'/><Channel>Microsoft-Windows-Sysmon/Operational</Channel><Computer>win-dc-770.attackrange.local</Computer><Security UserID='S-1-5-18'/></System><EventData><Data Name='RuleName'>-</Data><Data Name='UtcTime'>2021-01-22 20:43:32.109</Data><Data Name='ProcessGuid'>{732C744F-38F4-600B-2B0C-00000000A301}</Data><Data Name='ProcessId'>2928</Data><Data Name='Image'>C:\Windows\System32\cmd.exe</Data><Data Name='FileVersion'>10.0.14393.0 (rs1_release.160715-1616)</Data><Data Name='Description'>Windows Command Processor</Data><Data Name='Product'>Microsoft® Windows® Operating System</Data><Data Name='Company'>Microsoft Corporation</Data><Data Name='OriginalFileName'>Cmd.Exe</Data><Data Name='CommandLine'>"C:\Windows\system32\cmd.exe" /c "wmic.exe shadowcopy delete" </Data><Data Name='CurrentDirectory'>C:\Users\ADMINI~1\AppData\Local\Temp\</Data><Data Name='User'>ATTACKRANGE\Administrator</Data><Data Name='LogonGuid'>{732C744F-17E1-600B-DAA7-130000000000}</Data><Data Name='LogonId'>0x13a7da</Data><Data Name='TerminalSessionId'>2</Data><Data Name='IntegrityLevel'>High</Data><Data Name='Hashes'>MD5=F4F684066175B77E0C3A000549D2922C,SHA256=935C1861DF1F4018D698E8B65ABFA02D7E9037D8F68CA3C2065B6CA165D44AD2,IMPHASH=3062ED732D4B25D1C64F084DAC97D37A</Data><Data Name='ParentProcessGuid'>{732C744F-1C72-600B-C805-00000000A301}</Data><Data Name='ParentProcessId'>3468</Data><Data Name='ParentImage'>C:\Windows\System32\WindowsPowerShell\v1.0\powershell.exe</Data><Data Name='ParentCommandLine'>"C:\Windows\System32\WindowsPowerShell\v1.0\powershell.exe" </Data></EventData></Event>
<Event xmlns='http://schemas.microsoft.com/win/2004/08/events/event'><System><Provider Name='Microsoft-Windows-Sysmon' Guid='{5770385F-C22A-43E0-BF4C-06F5698FFBD9}'/><EventID>11</EventID><Version>2</Version><Level>4</Level><Task>11</Task><Opcode>0</Opcode><Keywords>0x8000000000000000</Keywords><TimeCreated SystemTime='2021-01-22T20:43:32.109129300Z'/><EventRecordID>31004</EventRecordID><Correlation/><Execution ProcessID='2448' ThreadID='3264'/><Channel>Microsoft-Windows-Sysmon/Operational</Channel><Computer>win-dc-770.attackrange.local</Computer><Security UserID='S-1-5-18'/></System><EventData><Data Name='RuleName'>-</Data><Data Name='UtcTime'>2021-01-22 20:43:32.099</Data><Data Name='ProcessGuid'>{732C744F-1C72-600B-C805-00000000A301}</Data><Data Name='ProcessId'>3468</Data><Data Name='Image'>C:\Windows\System32\WindowsPowerShell\v1.0\powershell.exe</Data><Data Name='TargetFilename'>C:\Users\ADMINI~1\AppData\Local\Temp\art-err.txt</Data><Data Name='CreationUtcTime'>2021-01-22 20:43:31.958</Data></EventData></Event>
<Event xmlns='http://schemas.microsoft.com/win/2004/08/events/event'><System><Provider Name='Microsoft-Windows-Sysmon' Guid='{5770385F-C22A-43E0-BF4C-06F5698FFBD9}'/><EventID>11</EventID><Version>2</Version><Level>4</Level><Task>11</Task><Opcode>0</Opcode><Keywords>0x8000000000000000</Keywords><TimeCreated SystemTime='2021-01-22T20:43:32.107949600Z'/><EventRecordID>31003</EventRecordID><Correlation/><Execution ProcessID='2448' ThreadID='3264'/><Channel>Microsoft-Windows-Sysmon/Operational</Channel><Computer>win-dc-770.attackrange.local</Computer><Security UserID='S-1-5-18'/></System><EventData><Data Name='RuleName'>-</Data><Data Name='UtcTime'>2021-01-22 20:43:32.099</Data><Data Name='ProcessGuid'>{732C744F-1C72-600B-C805-00000000A301}</Data><Data Name='ProcessId'>3468</Data><Data Name='Image'>C:\Windows\System32\WindowsPowerShell\v1.0\powershell.exe</Data><Data Name='TargetFilename'>C:\Users\ADMINI~1\AppData\Local\Temp\art-out.txt</Data><Data Name='CreationUtcTime'>2021-01-22 20:43:31.958</Data></EventData></Event>
<Event xmlns='http://schemas.microsoft.com/win/2004/08/events/event'><System><Provider Name='Microsoft-Windows-Sysmon' Guid='{5770385F-C22A-43E0-BF4C-06F5698FFBD9}'/><EventID>10</EventID><Version>3</Version><Level>4</Level><Task>10</Task><Opcode>0</Opcode><Keywords>0x8000000000000000</Keywords><TimeCreated SystemTime='2021-01-22T20:43:32.045224900Z'/><EventRecordID>31002</EventRecordID><Correlation/><Execution ProcessID='2448' ThreadID='3264'/><Channel>Microsoft-Windows-Sysmon/Operational</Channel><Computer>win-dc-770.attackrange.local</Computer><Security UserID='S-1-5-18'/></System><EventData><Data Name='RuleName'>-</Data><Data Name='UtcTime'>2021-01-22 20:43:32.036</Data><Data Name='SourceProcessGUID'>{732C744F-151A-600B-0C00-00000000A301}</Data><Data Name='SourceProcessId'>584</Data><Data Name='SourceThreadId'>7816</Data><Data Name='SourceImage'>C:\Windows\system32\svchost.exe</Data><Data Name='TargetProcessGUID'>{732C744F-38F4-600B-2A0C-00000000A301}</Data><Data Name='TargetProcessId'>6496</Data><Data Name='TargetImage'>C:\Windows\System32\svchost.exe</Data><Data Name='GrantedAccess'>0x1000</Data><Data Name='CallTrace'>C:\Windows\SYSTEM32\ntdll.dll+a5a94|C:\Windows\System32\KERNELBASE.dll+221bd|c:\windows\system32\rpcss.dll+5296|C:\Windows\System32\RPCRT4.dll+78e23|C:\Windows\System32\RPCRT4.dll+2d5ab|C:\Windows\System32\RPCRT4.dll+620fa|C:\Windows\System32\RPCRT4.dll+52bf4|C:\Windows\System32\RPCRT4.dll+51b0d|C:\Windows\System32\RPCRT4.dll+523bb|C:\Windows\System32\RPCRT4.dll+2469c|C:\Windows\System32\RPCRT4.dll+24b1c|C:\Windows\System32\RPCRT4.dll+111bc|C:\Windows\System32\RPCRT4.dll+12a1b|C:\Windows\System32\RPCRT4.dll+1e12a|C:\Windows\SYSTEM32\ntdll.dll+1d34e|C:\Windows\SYSTEM32\ntdll.dll+1ecb9|C:\Windows\System32\KERNEL32.DLL+84d4|C:\Windows\SYSTEM32\ntdll.dll+51791</Data></EventData></Event>
<Event xmlns='http://schemas.microsoft.com/win/2004/08/events/event'><System><Provider Name='Microsoft-Windows-Sysmon' Guid='{5770385F-C22A-43E0-BF4C-06F5698FFBD9}'/><EventID>10</EventID><Version>3</Version><Level>4</Level><Task>10</Task><Opcode>0</Opcode><Keywords>0x8000000000000000</Keywords><TimeCreated SystemTime='2021-01-22T20:43:32.044717600Z'/><EventRecordID>31001</EventRecordID><Correlation/><Execution ProcessID='2448' ThreadID='3264'/><Channel>Microsoft-Windows-Sysmon/Operational</Channel><Computer>win-dc-770.attackrange.local</Computer><Security UserID='S-1-5-18'/></System><EventData><Data Name='RuleName'>-</Data><Data Name='UtcTime'>2021-01-22 20:43:32.036</Data><Data Name='SourceProcessGUID'>{732C744F-151A-600B-1000-00000000A301}</Data><Data Name='SourceProcessId'>1152</Data><Data Name='SourceThreadId'>1332</Data><Data Name='SourceImage'>C:\Windows\system32\svchost.exe</Data><Data Name='TargetProcessGUID'>{732C744F-38F4-600B-290C-00000000A301}</Data><Data Name='TargetProcessId'>4964</Data><Data Name='TargetImage'>C:\Windows\system32\vssvc.exe</Data><Data Name='GrantedAccess'>0x100000</Data><Data Name='CallTrace'>C:\Windows\SYSTEM32\ntdll.dll+a6624|C:\Windows\System32\RPCRT4.dll+4ab4f|c:\windows\system32\es.dll+14045|c:\windows\system32\es.dll+200bc|C:\Windows\System32\RPCRT4.dll+78e23|C:\Windows\System32\RPCRT4.dll+d96bd|C:\Windows\System32\RPCRT4.dll+5fee9|C:\Windows\System32\combase.dll+2759|C:\Windows\System32\RPCRT4.dll+6199b|C:\Windows\System32\combase.dll+513dc|C:\Windows\System32\combase.dll+51092|C:\Windows\System32\combase.dll+4f9a8|C:\Windows\System32\combase.dll+4d72d|C:\Windows\System32\combase.dll+4ce0f|C:\Windows\System32\combase.dll+685e9|C:\Windows\System32\RPCRT4.dll+52bf4|C:\Windows\System32\RPCRT4.dll+51b0d|C:\Windows\System32\RPCRT4.dll+5265e|C:\Windows\System32\RPCRT4.dll+244c7|C:\Windows\System32\RPCRT4.dll+24b1c|C:\Windows\System32\RPCRT4.dll+111bc|C:\Windows\System32\RPCRT4.dll+12a1b|C:\Windows\System32\RPCRT4.dll+1e12a|C:\Windows\SYSTEM32\ntdll.dll+1d34e</Data></EventData></Event>
<Event xmlns='http://schemas.microsoft.com/win/2004/08/events/event'><System><Provider Name='Microsoft-Windows-Sysmon' Guid='{5770385F-C22A-43E0-BF4C-06F5698FFBD9}'/><EventID>10</EventID><Version>3</Version><Level>4</Level><Task>10</Task><Opcode>0</Opcode><Keywords>0x8000000000000000</Keywords><TimeCreated SystemTime='2021-01-22T20:43:32.042695000Z'/><EventRecordID>31000</EventRecordID><Correlation/><Execution ProcessID='2448' ThreadID='3264'/><Channel>Microsoft-Windows-Sysmon/Operational</Channel><Computer>win-dc-770.attackrange.local</Computer><Security UserID='S-1-5-18'/></System><EventData><Data Name='RuleName'>-</Data><Data Name='UtcTime'>2021-01-22 20:43:32.036</Data><Data Name='SourceProcessGUID'>{732C744F-1518-600B-0B00-00000000A301}</Data><Data Name='SourceProcessId'>856</Data><Data Name='SourceThreadId'>432</Data><Data Name='SourceImage'>C:\Windows\system32\lsass.exe</Data><Data Name='TargetProcessGUID'>{732C744F-38F4-600B-290C-00000000A301}</Data><Data Name='TargetProcessId'>4964</Data><Data Name='TargetImage'>C:\Windows\system32\vssvc.exe</Data><Data Name='GrantedAccess'>0x1000</Data><Data Name='CallTrace'>C:\Windows\SYSTEM32\ntdll.dll+a5a94|C:\Windows\system32\lsasrv.dll+11c6e|C:\Windows\system32\lsasrv.dll+1fb7a|C:\Windows\SYSTEM32\samsrv.dll+5df1|C:\Windows\SYSTEM32\samsrv.dll+5cf2|C:\Windows\SYSTEM32\samsrv.dll+178ce|C:\Windows\System32\RPCRT4.dll+78e23|C:\Windows\System32\RPCRT4.dll+d96bd|C:\Windows\System32\RPCRT4.dll+6194c|C:\Windows\System32\RPCRT4.dll+52bf4|C:\Windows\System32\RPCRT4.dll+51b0d|C:\Windows\System32\RPCRT4.dll+523bb|C:\Windows\System32\RPCRT4.dll+2469c|C:\Windows\System32\RPCRT4.dll+24b1c|C:\Windows\System32\RPCRT4.dll+111bc|C:\Windows\System32\RPCRT4.dll+12a1b|C:\Windows\System32\RPCRT4.dll+1e12a|C:\Windows\SYSTEM32\ntdll.dll+1d34e|C:\Windows\SYSTEM32\ntdll.dll+1ecb9|C:\Windows\System32\KERNEL32.DLL+84d4|C:\Windows\SYSTEM32\ntdll.dll+51791</Data></EventData></Event>
<Event xmlns='http://schemas.microsoft.com/win/2004/08/events/event'><System><Provider Name='Microsoft-Windows-Sysmon' Guid='{5770385F-C22A-43E0-BF4C-06F5698FFBD9}'/><EventID>10</EventID><Version>3</Version><Level>4</Level><Task>10</Task><Opcode>0</Opcode><Keywords>0x8000000000000000</Keywords><TimeCreated SystemTime='2021-01-22T20:43:32.041918500Z'/><EventRecordID>30999</EventRecordID><Correlation/><Execution ProcessID='2448' ThreadID='3264'/><Channel>Microsoft-Windows-Sysmon/Operational</Channel><Computer>win-dc-770.attackrange.local</Computer><Security UserID='S-1-5-18'/></System><EventData><Data Name='RuleName'>-</Data><Data Name='UtcTime'>2021-01-22 20:43:32.036</Data><Data Name='SourceProcessGUID'>{732C744F-1518-600B-0B00-00000000A301}</Data><Data Name='SourceProcessId'>856</Data><Data Name='SourceThreadId'>432</Data><Data Name='SourceImage'>C:\Windows\system32\lsass.exe</Data><Data Name='TargetProcessGUID'>{732C744F-38F4-600B-290C-00000000A301}</Data><Data Name='TargetProcessId'>4964</Data><Data Name='TargetImage'>C:\Windows\system32\vssvc.exe</Data><Data Name='GrantedAccess'>0x1000</Data><Data Name='CallTrace'>C:\Windows\SYSTEM32\ntdll.dll+a5a94|C:\Windows\system32\lsasrv.dll+11c6e|C:\Windows\system32\lsasrv.dll+1fb7a|C:\Windows\SYSTEM32\samsrv.dll+5df1|C:\Windows\SYSTEM32\samsrv.dll+5cf2|C:\Windows\SYSTEM32\samsrv.dll+178ce|C:\Windows\System32\RPCRT4.dll+78e23|C:\Windows\System32\RPCRT4.dll+d96bd|C:\Windows\System32\RPCRT4.dll+6194c|C:\Windows\System32\RPCRT4.dll+52bf4|C:\Windows\System32\RPCRT4.dll+51b0d|C:\Windows\System32\RPCRT4.dll+523bb|C:\Windows\System32\RPCRT4.dll+2469c|C:\Windows\System32\RPCRT4.dll+24b1c|C:\Windows\System32\RPCRT4.dll+111bc|C:\Windows\System32\RPCRT4.dll+12a1b|C:\Windows\System32\RPCRT4.dll+1e12a|C:\Windows\SYSTEM32\ntdll.dll+1d34e|C:\Windows\SYSTEM32\ntdll.dll+1ecb9|C:\Windows\System32\KERNEL32.DLL+84d4|C:\Windows\SYSTEM32\ntdll.dll+51791</Data></EventData></Event>
<Event xmlns='http://schemas.microsoft.com/win/2004/08/events/event'><System><Provider Name='Microsoft-Windows-Sysmon' Guid='{5770385F-C22A-43E0-BF4C-06F5698FFBD9}'/><EventID>10</EventID><Version>3</Version><Level>4</Level><Task>10</Task><Opcode>0</Opcode><Keywords>0x8000000000000000</Keywords><TimeCreated SystemTime='2021-01-22T20:43:32.040907800Z'/><EventRecordID>30998</EventRecordID><Correlation/><Execution ProcessID='2448' ThreadID='3264'/><Channel>Microsoft-Windows-Sysmon/Operational</Channel><Computer>win-dc-770.attackrange.local</Computer><Security UserID='S-1-5-18'/></System><EventData><Data Name='RuleName'>-</Data><Data Name='UtcTime'>2021-01-22 20:43:32.036</Data><Data Name='SourceProcessGUID'>{732C744F-151A-600B-1000-00000000A301}</Data><Data Name='SourceProcessId'>1152</Data><Data Name='SourceThreadId'>1332</Data><Data Name='SourceImage'>C:\Windows\system32\svchost.exe</Data><Data Name='TargetProcessGUID'>{732C744F-38F4-600B-290C-00000000A301}</Data><Data Name='TargetProcessId'>4964</Data><Data Name='TargetImage'>C:\Windows\system32\vssvc.exe</Data><Data Name='GrantedAccess'>0x100000</Data><Data Name='CallTrace'>C:\Windows\SYSTEM32\ntdll.dll+a6624|C:\Windows\System32\RPCRT4.dll+4ab4f|c:\windows\system32\es.dll+14045|c:\windows\system32\es.dll+200bc|C:\Windows\System32\RPCRT4.dll+78e23|C:\Windows\System32\RPCRT4.dll+d96bd|C:\Windows\System32\RPCRT4.dll+5fee9|C:\Windows\System32\combase.dll+2759|C:\Windows\System32\RPCRT4.dll+6199b|C:\Windows\System32\combase.dll+513dc|C:\Windows\System32\combase.dll+51092|C:\Windows\System32\combase.dll+4f9a8|C:\Windows\System32\combase.dll+4d72d|C:\Windows\System32\combase.dll+4ce0f|C:\Windows\System32\combase.dll+685e9|C:\Windows\System32\RPCRT4.dll+52bf4|C:\Windows\System32\RPCRT4.dll+51b0d|C:\Windows\System32\RPCRT4.dll+5265e|C:\Windows\System32\RPCRT4.dll+244c7|C:\Windows\System32\RPCRT4.dll+24b1c|C:\Windows\System32\RPCRT4.dll+111bc|C:\Windows\System32\RPCRT4.dll+12a1b|C:\Windows\System32\RPCRT4.dll+1e12a|C:\Windows\SYSTEM32\ntdll.dll+1d34e</Data></EventData></Event>
<Event xmlns='http://schemas.microsoft.com/win/2004/08/events/event'><System><Provider Name='Microsoft-Windows-Sysmon' Guid='{5770385F-C22A-43E0-BF4C-06F5698FFBD9}'/><EventID>10</EventID><Version>3</Version><Level>4</Level><Task>10</Task><Opcode>0</Opcode><Keywords>0x8000000000000000</Keywords><TimeCreated SystemTime='2021-01-22T20:43:32.039331000Z'/><EventRecordID>30997</EventRecordID><Correlation/><Execution ProcessID='2448' ThreadID='3264'/><Channel>Microsoft-Windows-Sysmon/Operational</Channel><Computer>win-dc-770.attackrange.local</Computer><Security UserID='S-1-5-18'/></System><EventData><Data Name='RuleName'>-</Data><Data Name='UtcTime'>2021-01-22 20:43:32.036</Data><Data Name='SourceProcessGUID'>{732C744F-1518-600B-0B00-00000000A301}</Data><Data Name='SourceProcessId'>856</Data><Data Name='SourceThreadId'>432</Data><Data Name='SourceImage'>C:\Windows\system32\lsass.exe</Data><Data Name='TargetProcessGUID'>{732C744F-38F4-600B-290C-00000000A301}</Data><Data Name='TargetProcessId'>4964</Data><Data Name='TargetImage'>C:\Windows\system32\vssvc.exe</Data><Data Name='GrantedAccess'>0x1000</Data><Data Name='CallTrace'>C:\Windows\SYSTEM32\ntdll.dll+a5a94|C:\Windows\system32\lsasrv.dll+11c6e|C:\Windows\system32\lsasrv.dll+1fb7a|C:\Windows\SYSTEM32\samsrv.dll+5df1|C:\Windows\SYSTEM32\samsrv.dll+5cf2|C:\Windows\SYSTEM32\samsrv.dll+178ce|C:\Windows\System32\RPCRT4.dll+78e23|C:\Windows\System32\RPCRT4.dll+d96bd|C:\Windows\System32\RPCRT4.dll+6194c|C:\Windows\System32\RPCRT4.dll+52bf4|C:\Windows\System32\RPCRT4.dll+51b0d|C:\Windows\System32\RPCRT4.dll+523bb|C:\Windows\System32\RPCRT4.dll+2469c|C:\Windows\System32\RPCRT4.dll+24b1c|C:\Windows\System32\RPCRT4.dll+111bc|C:\Windows\System32\RPCRT4.dll+12a1b|C:\Windows\System32\RPCRT4.dll+1e12a|C:\Windows\SYSTEM32\ntdll.dll+1d34e|C:\Windows\SYSTEM32\ntdll.dll+1ecb9|C:\Windows\System32\KERNEL32.DLL+84d4|C:\Windows\SYSTEM32\ntdll.dll+51791</Data></EventData></Event>
<Event xmlns='http://schemas.microsoft.com/win/2004/08/events/event'><System><Provider Name='Microsoft-Windows-Sysmon' Guid='{5770385F-C22A-43E0-BF4C-06F5698FFBD9}'/><EventID>10</EventID><Version>3</Version><Level>4</Level><Task>10</Task><Opcode>0</Opcode><Keywords>0x8000000000000000</Keywords><TimeCreated SystemTime='2021-01-22T20:43:32.038057200Z'/><EventRecordID>30996</EventRecordID><Correlation/><Execution ProcessID='2448' ThreadID='3264'/><Channel>Microsoft-Windows-Sysmon/Operational</Channel><Computer>win-dc-770.attackrange.local</Computer><Security UserID='S-1-5-18'/></System><EventData><Data Name='RuleName'>-</Data><Data Name='UtcTime'>2021-01-22 20:43:32.036</Data><Data Name='SourceProcessGUID'>{732C744F-1518-600B-0B00-00000000A301}</Data><Data Name='SourceProcessId'>856</Data><Data Name='SourceThreadId'>432</Data><Data Name='SourceImage'>C:\Windows\system32\lsass.exe</Data><Data Name='TargetProcessGUID'>{732C744F-38F4-600B-290C-00000000A301}</Data><Data Name='TargetProcessId'>4964</Data><Data Name='TargetImage'>C:\Windows\system32\vssvc.exe</Data><Data Name='GrantedAccess'>0x1000</Data><Data Name='CallTrace'>C:\Windows\SYSTEM32\ntdll.dll+a5a94|C:\Windows\system32\lsasrv.dll+11c6e|C:\Windows\system32\lsasrv.dll+1fb7a|C:\Windows\SYSTEM32\samsrv.dll+5df1|C:\Windows\SYSTEM32\samsrv.dll+5cf2|C:\Windows\SYSTEM32\samsrv.dll+178ce|C:\Windows\System32\RPCRT4.dll+78e23|C:\Windows\System32\RPCRT4.dll+d96bd|C:\Windows\System32\RPCRT4.dll+6194c|C:\Windows\System32\RPCRT4.dll+52bf4|C:\Windows\System32\RPCRT4.dll+51b0d|C:\Windows\System32\RPCRT4.dll+523bb|C:\Windows\System32\RPCRT4.dll+2469c|C:\Windows\System32\RPCRT4.dll+24b1c|C:\Windows\System32\RPCRT4.dll+111bc|C:\Windows\System32\RPCRT4.dll+12a1b|C:\Windows\System32\RPCRT4.dll+1e12a|C:\Windows\SYSTEM32\ntdll.dll+1d34e|C:\Windows\SYSTEM32\ntdll.dll+1ecb9|C:\Windows\System32\KERNEL32.DLL+84d4|C:\Windows\SYSTEM32\ntdll.dll+51791</Data></EventData></Event>
<Event xmlns='http://schemas.microsoft.com/win/2004/08/events/event'><System><Provider Name='Microsoft-Windows-Sysmon' Guid='{5770385F-C22A-43E0-BF4C-06F5698FFBD9}'/><EventID>10</EventID><Version>3</Version><Level>4</Level><Task>10</Task><Opcode>0</Opcode><Keywords>0x8000000000000000</Keywords><TimeCreated SystemTime='2021-01-22T20:43:32.036732200Z'/><EventRecordID>30995</EventRecordID><Correlation/><Execution ProcessID='2448' ThreadID='3264'/><Channel>Microsoft-Windows-Sysmon/Operational</Channel><Computer>win-dc-770.attackrange.local</Computer><Security UserID='S-1-5-18'/></System><EventData><Data Name='RuleName'>-</Data><Data Name='UtcTime'>2021-01-22 20:43:32.021</Data><Data Name='SourceProcessGUID'>{732C744F-151A-600B-1000-00000000A301}</Data><Data Name='SourceProcessId'>1152</Data><Data Name='SourceThreadId'>1332</Data><Data Name='SourceImage'>C:\Windows\system32\svchost.exe</Data><Data Name='TargetProcessGUID'>{732C744F-38F4-600B-290C-00000000A301}</Data><Data Name='TargetProcessId'>4964</Data><Data Name='TargetImage'>C:\Windows\system32\vssvc.exe</Data><Data Name='GrantedAccess'>0x100000</Data><Data Name='CallTrace'>C:\Windows\SYSTEM32\ntdll.dll+a6624|C:\Windows\System32\RPCRT4.dll+4ab4f|c:\windows\system32\es.dll+14045|c:\windows\system32\es.dll+200bc|C:\Windows\System32\RPCRT4.dll+78e23|C:\Windows\System32\RPCRT4.dll+d96bd|C:\Windows\System32\RPCRT4.dll+5fee9|C:\Windows\System32\combase.dll+2759|C:\Windows\System32\RPCRT4.dll+6199b|C:\Windows\System32\combase.dll+513dc|C:\Windows\System32\combase.dll+51092|C:\Windows\System32\combase.dll+4f9a8|C:\Windows\System32\combase.dll+4d72d|C:\Windows\System32\combase.dll+4ce0f|C:\Windows\System32\combase.dll+685e9|C:\Windows\System32\RPCRT4.dll+52bf4|C:\Windows\System32\RPCRT4.dll+51b0d|C:\Windows\System32\RPCRT4.dll+5265e|C:\Windows\System32\RPCRT4.dll+244c7|C:\Windows\System32\RPCRT4.dll+24b1c|C:\Windows\System32\RPCRT4.dll+111bc|C:\Windows\System32\RPCRT4.dll+12a1b|C:\Windows\System32\RPCRT4.dll+1e12a|C:\Windows\SYSTEM32\ntdll.dll+1d34e</Data></EventData></Event>
<Event xmlns='http://schemas.microsoft.com/win/2004/08/events/event'><System><Provider Name='Microsoft-Windows-Sysmon' Guid='{5770385F-C22A-43E0-BF4C-06F5698FFBD9}'/><EventID>10</EventID><Version>3</Version><Level>4</Level><Task>10</Task><Opcode>0</Opcode><Keywords>0x8000000000000000</Keywords><TimeCreated SystemTime='2021-01-22T20:43:32.036514600Z'/><EventRecordID>30994</EventRecordID><Correlation/><Execution ProcessID='2448' ThreadID='3264'/><Channel>Microsoft-Windows-Sysmon/Operational</Channel><Computer>win-dc-770.attackrange.local</Computer><Security UserID='S-1-5-18'/></System><EventData><Data Name='RuleName'>-</Data><Data Name='UtcTime'>2021-01-22 20:43:32.021</Data><Data Name='SourceProcessGUID'>{732C744F-1518-600B-0A00-00000000A301}</Data><Data Name='SourceProcessId'>848</Data><Data Name='SourceThreadId'>8068</Data><Data Name='SourceImage'>C:\Windows\system32\services.exe</Data><Data Name='TargetProcessGUID'>{732C744F-38F4-600B-2A0C-00000000A301}</Data><Data Name='TargetProcessId'>6496</Data><Data Name='TargetImage'>C:\Windows\System32\svchost.exe</Data><Data Name='GrantedAccess'>0x1000</Data><Data Name='CallTrace'>C:\Windows\SYSTEM32\ntdll.dll+a6624|C:\Windows\System32\RPCRT4.dll+4ab4f|C:\Windows\system32\services.exe+1713f|C:\Windows\System32\RPCRT4.dll+78e23|C:\Windows\System32\RPCRT4.dll+2d5ab|C:\Windows\System32\RPCRT4.dll+620fa|C:\Windows\System32\RPCRT4.dll+52bf4|C:\Windows\System32\RPCRT4.dll+51b0d|C:\Windows\System32\RPCRT4.dll+523bb|C:\Windows\System32\RPCRT4.dll+2469c|C:\Windows\System32\RPCRT4.dll+24b1c|C:\Windows\System32\RPCRT4.dll+111bc|C:\Windows\System32\RPCRT4.dll+12a1b|C:\Windows\System32\RPCRT4.dll+1e12a|C:\Windows\SYSTEM32\ntdll.dll+1d34e|C:\Windows\SYSTEM32\ntdll.dll+1ecb9|C:\Windows\System32\KERNEL32.DLL+84d4|C:\Windows\SYSTEM32\ntdll.dll+51791</Data></EventData></Event>
<Event xmlns='http://schemas.microsoft.com/win/2004/08/events/event'><System><Provider Name='Microsoft-Windows-Sysmon' Guid='{5770385F-C22A-43E0-BF4C-06F5698FFBD9}'/><EventID>10</EventID><Version>3</Version><Level>4</Level><Task>10</Task><Opcode>0</Opcode><Keywords>0x8000000000000000</Keywords><TimeCreated SystemTime='2021-01-22T20:43:32.034831300Z'/><EventRecordID>30993</EventRecordID><Correlation/><Execution ProcessID='2448' ThreadID='3264'/><Channel>Microsoft-Windows-Sysmon/Operational</Channel><Computer>win-dc-770.attackrange.local</Computer><Security UserID='S-1-5-18'/></System><EventData><Data Name='RuleName'>-</Data><Data Name='UtcTime'>2021-01-22 20:43:32.021</Data><Data Name='SourceProcessGUID'>{732C744F-1518-600B-0B00-00000000A301}</Data><Data Name='SourceProcessId'>856</Data><Data Name='SourceThreadId'>432</Data><Data Name='SourceImage'>C:\Windows\system32\lsass.exe</Data><Data Name='TargetProcessGUID'>{732C744F-38F4-600B-290C-00000000A301}</Data><Data Name='TargetProcessId'>4964</Data><Data Name='TargetImage'>C:\Windows\system32\vssvc.exe</Data><Data Name='GrantedAccess'>0x1000</Data><Data Name='CallTrace'>C:\Windows\SYSTEM32\ntdll.dll+a5a94|C:\Windows\system32\lsasrv.dll+11c6e|C:\Windows\system32\lsasrv.dll+1fb7a|C:\Windows\SYSTEM32\samsrv.dll+5df1|C:\Windows\SYSTEM32\samsrv.dll+5cf2|C:\Windows\SYSTEM32\samsrv.dll+178ce|C:\Windows\System32\RPCRT4.dll+78e23|C:\Windows\System32\RPCRT4.dll+d96bd|C:\Windows\System32\RPCRT4.dll+6194c|C:\Windows\System32\RPCRT4.dll+52bf4|C:\Windows\System32\RPCRT4.dll+51b0d|C:\Windows\System32\RPCRT4.dll+523bb|C:\Windows\System32\RPCRT4.dll+2469c|C:\Windows\System32\RPCRT4.dll+24b1c|C:\Windows\System32\RPCRT4.dll+111bc|C:\Windows\System32\RPCRT4.dll+12a1b|C:\Windows\System32\RPCRT4.dll+1e12a|C:\Windows\SYSTEM32\ntdll.dll+1d34e|C:\Windows\SYSTEM32\ntdll.dll+1ecb9|C:\Windows\System32\KERNEL32.DLL+84d4|C:\Windows\SYSTEM32\ntdll.dll+51791</Data></EventData></Event>
<Event xmlns='http://schemas.microsoft.com/win/2004/08/events/event'><System><Provider Name='Microsoft-Windows-Sysmon' Guid='{5770385F-C22A-43E0-BF4C-06F5698FFBD9}'/><EventID>10</EventID><Version>3</Version><Level>4</Level><Task>10</Task><Opcode>0</Opcode><Keywords>0x8000000000000000</Keywords><TimeCreated SystemTime='2021-01-22T20:43:32.033880800Z'/><EventRecordID>30992</EventRecordID><Correlation/><Execution ProcessID='2448' ThreadID='3264'/><Channel>Microsoft-Windows-Sysmon/Operational</Channel><Computer>win-dc-770.attackrange.local</Computer><Security UserID='S-1-5-18'/></System><EventData><Data Name='RuleName'>-</Data><Data Name='UtcTime'>2021-01-22 20:43:32.021</Data><Data Name='SourceProcessGUID'>{732C744F-1518-600B-0B00-00000000A301}</Data><Data Name='SourceProcessId'>856</Data><Data Name='SourceThreadId'>432</Data><Data Name='SourceImage'>C:\Windows\system32\lsass.exe</Data><Data Name='TargetProcessGUID'>{732C744F-38F4-600B-290C-00000000A301}</Data><Data Name='TargetProcessId'>4964</Data><Data Name='TargetImage'>C:\Windows\system32\vssvc.exe</Data><Data Name='GrantedAccess'>0x1000</Data><Data Name='CallTrace'>C:\Windows\SYSTEM32\ntdll.dll+a5a94|C:\Windows\system32\lsasrv.dll+11c6e|C:\Windows\system32\lsasrv.dll+1fb7a|C:\Windows\SYSTEM32\samsrv.dll+5df1|C:\Windows\SYSTEM32\samsrv.dll+5cf2|C:\Windows\SYSTEM32\samsrv.dll+178ce|C:\Windows\System32\RPCRT4.dll+78e23|C:\Windows\System32\RPCRT4.dll+d96bd|C:\Windows\System32\RPCRT4.dll+6194c|C:\Windows\System32\RPCRT4.dll+52bf4|C:\Windows\System32\RPCRT4.dll+51b0d|C:\Windows\System32\RPCRT4.dll+523bb|C:\Windows\System32\RPCRT4.dll+2469c|C:\Windows\System32\RPCRT4.dll+24b1c|C:\Windows\System32\RPCRT4.dll+111bc|C:\Windows\System32\RPCRT4.dll+12a1b|C:\Windows\System32\RPCRT4.dll+1e12a|C:\Windows\SYSTEM32\ntdll.dll+1d34e|C:\Windows\SYSTEM32\ntdll.dll+1ecb9|C:\Windows\System32\KERNEL32.DLL+84d4|C:\Windows\SYSTEM32\ntdll.dll+51791</Data></EventData></Event>
<Event xmlns='http://schemas.microsoft.com/win/2004/08/events/event'><System><Provider Name='Microsoft-Windows-Sysmon' Guid='{5770385F-C22A-43E0-BF4C-06F5698FFBD9}'/><EventID>10</EventID><Version>3</Version><Level>4</Level><Task>10</Task><Opcode>0</Opcode><Keywords>0x8000000000000000</Keywords><TimeCreated SystemTime='2021-01-22T20:43:32.032369400Z'/><EventRecordID>30991</EventRecordID><Correlation/><Execution ProcessID='2448' ThreadID='3264'/><Channel>Microsoft-Windows-Sysmon/Operational</Channel><Computer>win-dc-770.attackrange.local</Computer><Security UserID='S-1-5-18'/></System><EventData><Data Name='RuleName'>-</Data><Data Name='UtcTime'>2021-01-22 20:43:32.021</Data><Data Name='SourceProcessGUID'>{732C744F-1517-600B-0500-00000000A301}</Data><Data Name='SourceProcessId'>640</Data><Data Name='SourceThreadId'>656</Data><Data Name='SourceImage'>C:\Windows\system32\csrss.exe</Data><Data Name='TargetProcessGUID'>{732C744F-38F4-600B-2A0C-00000000A301}</Data><Data Name='TargetProcessId'>6496</Data><Data Name='TargetImage'>C:\Windows\System32\svchost.exe</Data><Data Name='GrantedAccess'>0x1fffff</Data><Data Name='CallTrace'>C:\Windows\SYSTEM32\ntdll.dll+a5a94|C:\Windows\system32\basesrv.DLL+2f47|C:\Windows\SYSTEM32\CSRSRV.dll+5645|C:\Windows\SYSTEM32\ntdll.dll+5179f</Data></EventData></Event>
<Event xmlns='http://schemas.microsoft.com/win/2004/08/events/event'><System><Provider Name='Microsoft-Windows-Sysmon' Guid='{5770385F-C22A-43E0-BF4C-06F5698FFBD9}'/><EventID>10</EventID><Version>3</Version><Level>4</Level><Task>10</Task><Opcode>0</Opcode><Keywords>0x8000000000000000</Keywords><TimeCreated SystemTime='2021-01-22T20:43:32.032161700Z'/><EventRecordID>30990</EventRecordID><Correlation/><Execution ProcessID='2448' ThreadID='3264'/><Channel>Microsoft-Windows-Sysmon/Operational</Channel><Computer>win-dc-770.attackrange.local</Computer><Security UserID='S-1-5-18'/></System><EventData><Data Name='RuleName'>-</Data><Data Name='UtcTime'>2021-01-22 20:43:32.021</Data><Data Name='SourceProcessGUID'>{732C744F-151A-600B-1000-00000000A301}</Data><Data Name='SourceProcessId'>1152</Data><Data Name='SourceThreadId'>1332</Data><Data Name='SourceImage'>C:\Windows\system32\svchost.exe</Data><Data Name='TargetProcessGUID'>{732C744F-38F4-600B-290C-00000000A301}</Data><Data Name='TargetProcessId'>4964</Data><Data Name='TargetImage'>C:\Windows\system32\vssvc.exe</Data><Data Name='GrantedAccess'>0x100000</Data><Data Name='CallTrace'>C:\Windows\SYSTEM32\ntdll.dll+a6624|C:\Windows\System32\RPCRT4.dll+4ab4f|c:\windows\system32\es.dll+14045|c:\windows\system32\es.dll+200bc|C:\Windows\System32\RPCRT4.dll+78e23|C:\Windows\System32\RPCRT4.dll+d96bd|C:\Windows\System32\RPCRT4.dll+5fee9|C:\Windows\System32\combase.dll+2759|C:\Windows\System32\RPCRT4.dll+6199b|C:\Windows\System32\combase.dll+513dc|C:\Windows\System32\combase.dll+51092|C:\Windows\System32\combase.dll+4f9a8|C:\Windows\System32\combase.dll+4d72d|C:\Windows\System32\combase.dll+4ce0f|C:\Windows\System32\combase.dll+685e9|C:\Windows\System32\RPCRT4.dll+52bf4|C:\Windows\System32\RPCRT4.dll+51b0d|C:\Windows\System32\RPCRT4.dll+5265e|C:\Windows\System32\RPCRT4.dll+244c7|C:\Windows\System32\RPCRT4.dll+24b1c|C:\Windows\System32\RPCRT4.dll+111bc|C:\Windows\System32\RPCRT4.dll+12a1b|C:\Windows\System32\RPCRT4.dll+1e12a|C:\Windows\SYSTEM32\ntdll.dll+1d34e</Data></EventData></Event>
<Event xmlns='http://schemas.microsoft.com/win/2004/08/events/event'><System><Provider Name='Microsoft-Windows-Sysmon' Guid='{5770385F-C22A-43E0-BF4C-06F5698FFBD9}'/><EventID>10</EventID><Version>3</Version><Level>4</Level><Task>10</Task><Opcode>0</Opcode><Keywords>0x8000000000000000</Keywords><TimeCreated SystemTime='2021-01-22T20:43:32.032077900Z'/><EventRecordID>30989</EventRecordID><Correlation/><Execution ProcessID='2448' ThreadID='3264'/><Channel>Microsoft-Windows-Sysmon/Operational</Channel><Computer>win-dc-770.attackrange.local</Computer><Security UserID='S-1-5-18'/></System><EventData><Data Name='RuleName'>-</Data><Data Name='UtcTime'>2021-01-22 20:43:32.021</Data><Data Name='SourceProcessGUID'>{732C744F-1518-600B-0A00-00000000A301}</Data><Data Name='SourceProcessId'>848</Data><Data Name='SourceThreadId'>8088</Data><Data Name='SourceImage'>C:\Windows\system32\services.exe</Data><Data Name='TargetProcessGUID'>{732C744F-38F4-600B-2A0C-00000000A301}</Data><Data Name='TargetProcessId'>6496</Data><Data Name='TargetImage'>C:\Windows\System32\svchost.exe</Data><Data Name='GrantedAccess'>0x1fffff</Data><Data Name='CallTrace'>C:\Windows\SYSTEM32\ntdll.dll+a6d64|C:\Windows\System32\KERNELBASE.dll+2b860|C:\Windows\System32\KERNELBASE.dll+6f453|C:\Windows\System32\KERNEL32.DLL+1d37f|C:\Windows\system32\services.exe+307d|C:\Windows\system32\services.exe+6334|C:\Windows\system32\services.exe+dc24|C:\Windows\system32\services.exe+d248|C:\Windows\system32\services.exe+4d0c|C:\Windows\System32\RPCRT4.dll+78e23|C:\Windows\System32\RPCRT4.dll+2d5ab|C:\Windows\System32\RPCRT4.dll+620fa|C:\Windows\System32\RPCRT4.dll+52bf4|C:\Windows\System32\RPCRT4.dll+51b0d|C:\Windows\System32\RPCRT4.dll+523bb|C:\Windows\System32\RPCRT4.dll+2469c|C:\Windows\System32\RPCRT4.dll+24b1c|C:\Windows\System32\RPCRT4.dll+111bc|C:\Windows\System32\RPCRT4.dll+12a1b|C:\Windows\System32\RPCRT4.dll+1e12a|C:\Windows\SYSTEM32\ntdll.dll+1d34e|C:\Windows\SYSTEM32\ntdll.dll+1ecb9|C:\Windows\System32\KERNEL32.DLL+84d4|C:\Windows\SYSTEM32\ntdll.dll+51791</Data></EventData></Event>
<Event xmlns='http://schemas.microsoft.com/win/2004/08/events/event'><System><Provider Name='Microsoft-Windows-Sysmon' Guid='{5770385F-C22A-43E0-BF4C-06F5698FFBD9}'/><EventID>10</EventID><Version>3</Version><Level>4</Level><Task>10</Task><Opcode>0</Opcode><Keywords>0x8000000000000000</Keywords><TimeCreated SystemTime='2021-01-22T20:43:32.029209300Z'/><EventRecordID>30988</EventRecordID><Correlation/><Execution ProcessID='2448' ThreadID='3264'/><Channel>Microsoft-Windows-Sysmon/Operational</Channel><Computer>win-dc-770.attackrange.local</Computer><Security UserID='S-1-5-18'/></System><EventData><Data Name='RuleName'>-</Data><Data Name='UtcTime'>2021-01-22 20:43:32.021</Data><Data Name='SourceProcessGUID'>{732C744F-1518-600B-0B00-00000000A301}</Data><Data Name='SourceProcessId'>856</Data><Data Name='SourceThreadId'>432</Data><Data Name='SourceImage'>C:\Windows\system32\lsass.exe</Data><Data Name='TargetProcessGUID'>{732C744F-1518-600B-0A00-00000000A301}</Data><Data Name='TargetProcessId'>848</Data><Data Name='TargetImage'>C:\Windows\system32\services.exe</Data><Data Name='GrantedAccess'>0x1000</Data><Data Name='CallTrace'>C:\Windows\SYSTEM32\ntdll.dll+a5a94|C:\Windows\system32\lsasrv.dll+11c6e|C:\Windows\system32\lsasrv.dll+1e0a8|C:\Windows\system32\lsasrv.dll+1d2d1|C:\Windows\system32\lsasrv.dll+1bb00|C:\Windows\system32\lsasrv.dll+2810b|C:\Windows\SYSTEM32\SspiSrv.dll+1467|C:\Windows\System32\RPCRT4.dll+78e23|C:\Windows\System32\RPCRT4.dll+d96bd|C:\Windows\System32\RPCRT4.dll+6194c|C:\Windows\System32\RPCRT4.dll+52bf4|C:\Windows\System32\RPCRT4.dll+51b0d|C:\Windows\System32\RPCRT4.dll+523bb|C:\Windows\System32\RPCRT4.dll+2469c|C:\Windows\System32\RPCRT4.dll+24b1c|C:\Windows\System32\RPCRT4.dll+111bc|C:\Windows\System32\RPCRT4.dll+12a1b|C:\Windows\System32\RPCRT4.dll+1e12a|C:\Windows\SYSTEM32\ntdll.dll+1d34e|C:\Windows\SYSTEM32\ntdll.dll+1ecb9|C:\Windows\System32\KERNEL32.DLL+84d4|C:\Windows\SYSTEM32\ntdll.dll+51791</Data></EventData></Event>
<Event xmlns='http://schemas.microsoft.com/win/2004/08/events/event'><System><Provider Name='Microsoft-Windows-Sysmon' Guid='{5770385F-C22A-43E0-BF4C-06F5698FFBD9}'/><EventID>10</EventID><Version>3</Version><Level>4</Level><Task>10</Task><Opcode>0</Opcode><Keywords>0x8000000000000000</Keywords><TimeCreated SystemTime='2021-01-22T20:43:32.029024600Z'/><EventRecordID>30987</EventRecordID><Correlation/><Execution ProcessID='2448' ThreadID='3264'/><Channel>Microsoft-Windows-Sysmon/Operational</Channel><Computer>win-dc-770.attackrange.local</Computer><Security UserID='S-1-5-18'/></System><EventData><Data Name='RuleName'>-</Data><Data Name='UtcTime'>2021-01-22 20:43:32.021</Data><Data Name='SourceProcessGUID'>{732C744F-151A-600B-0C00-00000000A301}</Data><Data Name='SourceProcessId'>584</Data><Data Name='SourceThreadId'>7068</Data><Data Name='SourceImage'>C:\Windows\system32\svchost.exe</Data><Data Name='TargetProcessGUID'>{732C744F-1518-600B-0B00-00000000A301}</Data><Data Name='TargetProcessId'>856</Data><Data Name='TargetImage'>C:\Windows\system32\lsass.exe</Data><Data Name='GrantedAccess'>0x1400</Data><Data Name='CallTrace'>C:\Windows\SYSTEM32\ntdll.dll+a5a94|C:\Windows\System32\KERNELBASE.dll+5eab4|c:\windows\system32\lsm.dll+f86b|C:\Windows\System32\RPCRT4.dll+78e23|C:\Windows\System32\RPCRT4.dll+d96bd|C:\Windows\System32\RPCRT4.dll+6194c|C:\Windows\System32\RPCRT4.dll+52bf4|C:\Windows\System32\RPCRT4.dll+51b0d|C:\Windows\System32\RPCRT4.dll+523bb|C:\Windows\System32\RPCRT4.dll+2469c|C:\Windows\System32\RPCRT4.dll+24b1c|C:\Windows\System32\RPCRT4.dll+111bc|C:\Windows\System32\RPCRT4.dll+12a1b|C:\Windows\System32\RPCRT4.dll+1e12a|C:\Windows\SYSTEM32\ntdll.dll+1d34e|C:\Windows\SYSTEM32\ntdll.dll+1ecb9|C:\Windows\System32\KERNEL32.DLL+84d4|C:\Windows\SYSTEM32\ntdll.dll+51791</Data></EventData></Event>
<Event xmlns='http://schemas.microsoft.com/win/2004/08/events/event'><System><Provider Name='Microsoft-Windows-Sysmon' Guid='{5770385F-C22A-43E0-BF4C-06F5698FFBD9}'/><EventID>10</EventID><Version>3</Version><Level>4</Level><Task>10</Task><Opcode>0</Opcode><Keywords>0x8000000000000000</Keywords><TimeCreated SystemTime='2021-01-22T20:43:32.028954800Z'/><EventRecordID>30986</EventRecordID><Correlation/><Execution ProcessID='2448' ThreadID='3264'/><Channel>Microsoft-Windows-Sysmon/Operational</Channel><Computer>win-dc-770.attackrange.local</Computer><Security UserID='S-1-5-18'/></System><EventData><Data Name='RuleName'>-</Data><Data Name='UtcTime'>2021-01-22 20:43:32.021</Data><Data Name='SourceProcessGUID'>{732C744F-151A-600B-0C00-00000000A301}</Data><Data Name='SourceProcessId'>584</Data><Data Name='SourceThreadId'>7068</Data><Data Name='SourceImage'>C:\Windows\system32\svchost.exe</Data><Data Name='TargetProcessGUID'>{732C744F-1518-600B-0B00-00000000A301}</Data><Data Name='TargetProcessId'>856</Data><Data Name='TargetImage'>C:\Windows\system32\lsass.exe</Data><Data Name='GrantedAccess'>0x1400</Data><Data Name='CallTrace'>C:\Windows\SYSTEM32\ntdll.dll+a5a94|C:\Windows\System32\KERNELBASE.dll+5eab4|c:\windows\system32\lsm.dll+f71b|C:\Windows\System32\RPCRT4.dll+78e23|C:\Windows\System32\RPCRT4.dll+d96bd|C:\Windows\System32\RPCRT4.dll+6194c|C:\Windows\System32\RPCRT4.dll+52bf4|C:\Windows\System32\RPCRT4.dll+51b0d|C:\Windows\System32\RPCRT4.dll+523bb|C:\Windows\System32\RPCRT4.dll+2469c|C:\Windows\System32\RPCRT4.dll+24b1c|C:\Windows\System32\RPCRT4.dll+111bc|C:\Windows\System32\RPCRT4.dll+12a1b|C:\Windows\System32\RPCRT4.dll+1e12a|C:\Windows\SYSTEM32\ntdll.dll+1d34e|C:\Windows\SYSTEM32\ntdll.dll+1ecb9|C:\Windows\System32\KERNEL32.DLL+84d4|C:\Windows\SYSTEM32\ntdll.dll+51791</Data></EventData></Event>
<Event xmlns='http://schemas.microsoft.com/win/2004/08/events/event'><System><Provider Name='Microsoft-Windows-Sysmon' Guid='{5770385F-C22A-43E0-BF4C-06F5698FFBD9}'/><EventID>10</EventID><Version>3</Version><Level>4</Level><Task>10</Task><Opcode>0</Opcode><Keywords>0x8000000000000000</Keywords><TimeCreated SystemTime='2021-01-22T20:43:32.028807400Z'/><EventRecordID>30985</EventRecordID><Correlation/><Execution ProcessID='2448' ThreadID='3264'/><Channel>Microsoft-Windows-Sysmon/Operational</Channel><Computer>win-dc-770.attackrange.local</Computer><Security UserID='S-1-5-18'/></System><EventData><Data Name='RuleName'>-</Data><Data Name='UtcTime'>2021-01-22 20:43:32.021</Data><Data Name='SourceProcessGUID'>{732C744F-1518-600B-0B00-00000000A301}</Data><Data Name='SourceProcessId'>856</Data><Data Name='SourceThreadId'>432</Data><Data Name='SourceImage'>C:\Windows\system32\lsass.exe</Data><Data Name='TargetProcessGUID'>{732C744F-1518-600B-0A00-00000000A301}</Data><Data Name='TargetProcessId'>848</Data><Data Name='TargetImage'>C:\Windows\system32\services.exe</Data><Data Name='GrantedAccess'>0x1000</Data><Data Name='CallTrace'>C:\Windows\SYSTEM32\ntdll.dll+a5a94|C:\Windows\system32\lsasrv.dll+1b05d|C:\Windows\system32\lsasrv.dll+2810b|C:\Windows\SYSTEM32\SspiSrv.dll+1467|C:\Windows\System32\RPCRT4.dll+78e23|C:\Windows\System32\RPCRT4.dll+d96bd|C:\Windows\System32\RPCRT4.dll+6194c|C:\Windows\System32\RPCRT4.dll+52bf4|C:\Windows\System32\RPCRT4.dll+51b0d|C:\Windows\System32\RPCRT4.dll+523bb|C:\Windows\System32\RPCRT4.dll+2469c|C:\Windows\System32\RPCRT4.dll+24b1c|C:\Windows\System32\RPCRT4.dll+111bc|C:\Windows\System32\RPCRT4.dll+12a1b|C:\Windows\System32\RPCRT4.dll+1e12a|C:\Windows\SYSTEM32\ntdll.dll+1d34e|C:\Windows\SYSTEM32\ntdll.dll+1ecb9|C:\Windows\System32\KERNEL32.DLL+84d4|C:\Windows\SYSTEM32\ntdll.dll+51791</Data></EventData></Event>
<Event xmlns='http://schemas.microsoft.com/win/2004/08/events/event'><System><Provider Name='Microsoft-Windows-Sysmon' Guid='{5770385F-C22A-43E0-BF4C-06F5698FFBD9}'/><EventID>10</EventID><Version>3</Version><Level>4</Level><Task>10</Task><Opcode>0</Opcode><Keywords>0x8000000000000000</Keywords><TimeCreated SystemTime='2021-01-22T20:43:32.026702600Z'/><EventRecordID>30984</EventRecordID><Correlation/><Execution ProcessID='2448' ThreadID='3264'/><Channel>Microsoft-Windows-Sysmon/Operational</Channel><Computer>win-dc-770.attackrange.local</Computer><Security UserID='S-1-5-18'/></System><EventData><Data Name='RuleName'>-</Data><Data Name='UtcTime'>2021-01-22 20:43:32.021</Data><Data Name='SourceProcessGUID'>{732C744F-1518-600B-0B00-00000000A301}</Data><Data Name='SourceProcessId'>856</Data><Data Name='SourceThreadId'>432</Data><Data Name='SourceImage'>C:\Windows\system32\lsass.exe</Data><Data Name='TargetProcessGUID'>{732C744F-38F4-600B-290C-00000000A301}</Data><Data Name='TargetProcessId'>4964</Data><Data Name='TargetImage'>C:\Windows\system32\vssvc.exe</Data><Data Name='GrantedAccess'>0x1000</Data><Data Name='CallTrace'>C:\Windows\SYSTEM32\ntdll.dll+a5a94|C:\Windows\system32\lsasrv.dll+11c6e|C:\Windows\system32\lsasrv.dll+1fb7a|C:\Windows\SYSTEM32\samsrv.dll+5df1|C:\Windows\SYSTEM32\samsrv.dll+5cf2|C:\Windows\SYSTEM32\samsrv.dll+178ce|C:\Windows\System32\RPCRT4.dll+78e23|C:\Windows\System32\RPCRT4.dll+d96bd|C:\Windows\System32\RPCRT4.dll+6194c|C:\Windows\System32\RPCRT4.dll+52bf4|C:\Windows\System32\RPCRT4.dll+51b0d|C:\Windows\System32\RPCRT4.dll+523bb|C:\Windows\System32\RPCRT4.dll+2469c|C:\Windows\System32\RPCRT4.dll+24b1c|C:\Windows\System32\RPCRT4.dll+111bc|C:\Windows\System32\RPCRT4.dll+12a1b|C:\Windows\System32\RPCRT4.dll+1e12a|C:\Windows\SYSTEM32\ntdll.dll+1d34e|C:\Windows\SYSTEM32\ntdll.dll+1ecb9|C:\Windows\System32\KERNEL32.DLL+84d4|C:\Windows\SYSTEM32\ntdll.dll+51791</Data></EventData></Event>
