<Event xmlns='http://schemas.microsoft.com/win/2004/08/events/event'><System><Provider Name='Microsoft-Windows-Sysmon' Guid='{5770385F-C22A-43E0-BF4C-06F5698FFBD9}'/><EventID>1</EventID><Version>5</Version><Level>4</Level><Task>1</Task><Opcode>0</Opcode><Keywords>0x8000000000000000</Keywords><TimeCreated SystemTime='2021-01-22T20:43:54.711251600Z'/><EventRecordID>31174</EventRecordID><Correlation/><Execution ProcessID='2448' ThreadID='3264'/><Channel>Microsoft-Windows-Sysmon/Operational</Channel><Computer>win-dc-770.attackrange.local</Computer><Security UserID='S-1-5-18'/></System><EventData><Data Name='RuleName'>-</Data><Data Name='UtcTime'>2021-01-22 20:43:54.708</Data><Data Name='ProcessGuid'>{732C744F-390A-600B-3C0C-00000000A301}</Data><Data Name='ProcessId'>5424</Data><Data Name='Image'>C:\Program Files\SplunkUniversalForwarder\bin\splunk-regmon.exe</Data><Data Name='FileVersion'>8.0.2</Data><Data Name='Description'>Registry monitor</Data><Data Name='Product'>splunk Application</Data><Data Name='Company'>Splunk Inc.</Data><Data Name='OriginalFileName'>splunk-regmon.exe</Data><Data Name='CommandLine'>"C:\Program Files\SplunkUniversalForwarder\bin\splunk-regmon.exe"</Data><Data Name='CurrentDirectory'>C:\Windows\system32\</Data><Data Name='User'>NT AUTHORITY\SYSTEM</Data><Data Name='LogonGuid'>{732C744F-1518-600B-E703-000000000000}</Data><Data Name='LogonId'>0x3e7</Data><Data Name='TerminalSessionId'>0</Data><Data Name='IntegrityLevel'>System</Data><Data Name='Hashes'>MD5=91F33F605825B72EE2270559C7AB28F3,SHA256=3DF1CB71BB48B8669BD01179FD94DD8CC82F8103B08A0FACFD366E43E0C5FA42,IMPHASH=23D7D4307FBE7FA4F42B1902826D7C25</Data><Data Name='ParentProcessGuid'>{732C744F-1593-600B-A800-00000000A301}</Data><Data Name='ParentProcessId'>2616</Data><Data Name='ParentImage'>C:\Program Files\SplunkUniversalForwarder\bin\splunkd.exe</Data><Data Name='ParentCommandLine'>"C:\Program Files\SplunkUniversalForwarder\bin\splunkd.exe" service</Data></EventData></Event>
<Event xmlns='http://schemas.microsoft.com/win/2004/08/events/event'><System><Provider Name='Microsoft-Windows-Sysmon' Guid='{5770385F-C22A-43E0-BF4C-06F5698FFBD9}'/><EventID>10</EventID><Version>3</Version><Level>4</Level><Task>10</Task><Opcode>0</Opcode><Keywords>0x8000000000000000</Keywords><TimeCreated SystemTime='2021-01-22T20:43:54.190908900Z'/><EventRecordID>31173</EventRecordID><Correlation/><Execution ProcessID='2448' ThreadID='3264'/><Channel>Microsoft-Windows-Sysmon/Operational</Channel><Computer>win-dc-770.attackrange.local</Computer><Security UserID='S-1-5-18'/></System><EventData><Data Name='RuleName'>-</Data><Data Name='UtcTime'>2021-01-22 20:43:54.176</Data><Data Name='SourceProcessGUID'>{732C744F-390A-600B-3B0C-00000000A301}</Data><Data Name='SourceProcessId'>4524</Data><Data Name='SourceThreadId'>6856</Data><Data Name='SourceImage'>C:\Program Files\SplunkUniversalForwarder\bin\splunk-admon.exe</Data><Data Name='TargetProcessGUID'>{732C744F-1593-600B-A800-00000000A301}</Data><Data Name='TargetProcessId'>2616</Data><Data Name='TargetImage'>C:\Program Files\SplunkUniversalForwarder\bin\splunkd.exe</Data><Data Name='GrantedAccess'>0x101400</Data><Data Name='CallTrace'>C:\Windows\SYSTEM32\ntdll.dll+a5a94|C:\Windows\System32\KERNELBASE.dll+221bd|C:\Program Files\SplunkUniversalForwarder\bin\splunk-admon.exe+6025c5|C:\Program Files\SplunkUniversalForwarder\bin\splunk-admon.exe+6020f6|C:\Program Files\SplunkUniversalForwarder\bin\splunk-admon.exe+59e67|C:\Program Files\SplunkUniversalForwarder\bin\splunk-admon.exe+5b88c|C:\Program Files\SplunkUniversalForwarder\bin\splunk-admon.exe+8e7d70|C:\Windows\System32\KERNEL32.DLL+84d4|C:\Windows\SYSTEM32\ntdll.dll+51791</Data></EventData></Event>
<Event xmlns='http://schemas.microsoft.com/win/2004/08/events/event'><System><Provider Name='Microsoft-Windows-Sysmon' Guid='{5770385F-C22A-43E0-BF4C-06F5698FFBD9}'/><EventID>10</EventID><Version>3</Version><Level>4</Level><Task>10</Task><Opcode>0</Opcode><Keywords>0x8000000000000000</Keywords><TimeCreated SystemTime='2021-01-22T20:43:54.041944900Z'/><EventRecordID>31172</EventRecordID><Correlation/><Execution ProcessID='2448' ThreadID='3264'/><Channel>Microsoft-Windows-Sysmon/Operational</Channel><Computer>win-dc-770.attackrange.local</Computer><Security UserID='S-1-5-18'/></System><EventData><Data Name='RuleName'>-</Data><Data Name='UtcTime'>2021-01-22 20:43:54.035</Data><Data Name='SourceProcessGUID'>{732C744F-1593-600B-AC00-00000000A301}</Data><Data Name='SourceProcessId'>4656</Data><Data Name='SourceThreadId'>3536</Data><Data Name='SourceImage'>C:\Windows\system32\conhost.exe</Data><Data Name='TargetProcessGUID'>{732C744F-390A-600B-3B0C-00000000A301}</Data><Data Name='TargetProcessId'>4524</Data><Data Name='TargetImage'>C:\Program Files\SplunkUniversalForwarder\bin\splunk-admon.exe</Data><Data Name='GrantedAccess'>0x1fffff</Data><Data Name='CallTrace'>C:\Windows\SYSTEM32\ntdll.dll+a5a94|C:\Windows\SYSTEM32\ConhostV2.dll+5c07|C:\Windows\SYSTEM32\ConhostV2.dll+76ab|C:\Windows\SYSTEM32\ConhostV2.dll+a84c|C:\Windows\System32\KERNEL32.DLL+84d4|C:\Windows\SYSTEM32\ntdll.dll+51791</Data></EventData></Event>
<Event xmlns='http://schemas.microsoft.com/win/2004/08/events/event'><System><Provider Name='Microsoft-Windows-Sysmon' Guid='{5770385F-C22A-43E0-BF4C-06F5698FFBD9}'/><EventID>10</EventID><Version>3</Version><Level>4</Level><Task>10</Task><Opcode>0</Opcode><Keywords>0x8000000000000000</Keywords><TimeCreated SystemTime='2021-01-22T20:43:54.040959100Z'/><EventRecordID>31171</EventRecordID><Correlation/><Execution ProcessID='2448' ThreadID='3264'/><Channel>Microsoft-Windows-Sysmon/Operational</Channel><Computer>win-dc-770.attackrange.local</Computer><Security UserID='S-1-5-18'/></System><EventData><Data Name='RuleName'>-</Data><Data Name='UtcTime'>2021-01-22 20:43:54.035</Data><Data Name='SourceProcessGUID'>{732C744F-151A-600B-0C00-00000000A301}</Data><Data Name='SourceProcessId'>584</Data><Data Name='SourceThreadId'>7068</Data><Data Name='SourceImage'>C:\Windows\system32\svchost.exe</Data><Data Name='TargetProcessGUID'>{732C744F-152A-600B-3100-00000000A301}</Data><Data Name='TargetProcessId'>2448</Data><Data Name='TargetImage'>C:\Windows\sysmon64.exe</Data><Data Name='GrantedAccess'>0x1400</Data><Data Name='CallTrace'>C:\Windows\SYSTEM32\ntdll.dll+a5a94|C:\Windows\System32\KERNELBASE.dll+5eab4|c:\windows\system32\lsm.dll+fd18|C:\Windows\System32\RPCRT4.dll+78e23|C:\Windows\System32\RPCRT4.dll+d96bd|C:\Windows\System32\RPCRT4.dll+6194c|C:\Windows\System32\RPCRT4.dll+52bf4|C:\Windows\System32\RPCRT4.dll+51b0d|C:\Windows\System32\RPCRT4.dll+523bb|C:\Windows\System32\RPCRT4.dll+2469c|C:\Windows\System32\RPCRT4.dll+24b1c|C:\Windows\System32\RPCRT4.dll+111bc|C:\Windows\System32\RPCRT4.dll+12a1b|C:\Windows\System32\RPCRT4.dll+1e12a|C:\Windows\SYSTEM32\ntdll.dll+1d34e|C:\Windows\SYSTEM32\ntdll.dll+1ecb9|C:\Windows\System32\KERNEL32.DLL+84d4|C:\Windows\SYSTEM32\ntdll.dll+51791</Data></EventData></Event>
<Event xmlns='http://schemas.microsoft.com/win/2004/08/events/event'><System><Provider Name='Microsoft-Windows-Sysmon' Guid='{5770385F-C22A-43E0-BF4C-06F5698FFBD9}'/><EventID>10</EventID><Version>3</Version><Level>4</Level><Task>10</Task><Opcode>0</Opcode><Keywords>0x8000000000000000</Keywords><TimeCreated SystemTime='2021-01-22T20:43:54.040893900Z'/><EventRecordID>31170</EventRecordID><Correlation/><Execution ProcessID='2448' ThreadID='3264'/><Channel>Microsoft-Windows-Sysmon/Operational</Channel><Computer>win-dc-770.attackrange.local</Computer><Security UserID='S-1-5-18'/></System><EventData><Data Name='RuleName'>-</Data><Data Name='UtcTime'>2021-01-22 20:43:54.035</Data><Data Name='SourceProcessGUID'>{732C744F-151A-600B-0C00-00000000A301}</Data><Data Name='SourceProcessId'>584</Data><Data Name='SourceThreadId'>7068</Data><Data Name='SourceImage'>C:\Windows\system32\svchost.exe</Data><Data Name='TargetProcessGUID'>{732C744F-152A-600B-3100-00000000A301}</Data><Data Name='TargetProcessId'>2448</Data><Data Name='TargetImage'>C:\Windows\sysmon64.exe</Data><Data Name='GrantedAccess'>0x1400</Data><Data Name='CallTrace'>C:\Windows\SYSTEM32\ntdll.dll+a5a94|C:\Windows\System32\KERNELBASE.dll+5eab4|c:\windows\system32\lsm.dll+11aad|C:\Windows\System32\RPCRT4.dll+78e23|C:\Windows\System32\RPCRT4.dll+d96bd|C:\Windows\System32\RPCRT4.dll+6194c|C:\Windows\System32\RPCRT4.dll+52bf4|C:\Windows\System32\RPCRT4.dll+51b0d|C:\Windows\System32\RPCRT4.dll+523bb|C:\Windows\System32\RPCRT4.dll+2469c|C:\Windows\System32\RPCRT4.dll+24b1c|C:\Windows\System32\RPCRT4.dll+111bc|C:\Windows\System32\RPCRT4.dll+12a1b|C:\Windows\System32\RPCRT4.dll+1e12a|C:\Windows\SYSTEM32\ntdll.dll+1d34e|C:\Windows\SYSTEM32\ntdll.dll+1ecb9|C:\Windows\System32\KERNEL32.DLL+84d4|C:\Windows\SYSTEM32\ntdll.dll+51791</Data></EventData></Event>
<Event xmlns='http://schemas.microsoft.com/win/2004/08/events/event'><System><Provider Name='Microsoft-Windows-Sysmon' Guid='{5770385F-C22A-43E0-BF4C-06F5698FFBD9}'/><EventID>10</EventID><Version>3</Version><Level>4</Level><Task>10</Task><Opcode>0</Opcode><Keywords>0x8000000000000000</Keywords><TimeCreated SystemTime='2021-01-22T20:43:54.040829500Z'/><EventRecordID>31169</EventRecordID><Correlation/><Execution ProcessID='2448' ThreadID='3264'/><Channel>Microsoft-Windows-Sysmon/Operational</Channel><Computer>win-dc-770.attackrange.local</Computer><Security UserID='S-1-5-18'/></System><EventData><Data Name='RuleName'>-</Data><Data Name='UtcTime'>2021-01-22 20:43:54.035</Data><Data Name='SourceProcessGUID'>{732C744F-151A-600B-0C00-00000000A301}</Data><Data Name='SourceProcessId'>584</Data><Data Name='SourceThreadId'>7068</Data><Data Name='SourceImage'>C:\Windows\system32\svchost.exe</Data><Data Name='TargetProcessGUID'>{732C744F-152A-600B-3100-00000000A301}</Data><Data Name='TargetProcessId'>2448</Data><Data Name='TargetImage'>C:\Windows\sysmon64.exe</Data><Data Name='GrantedAccess'>0x1400</Data><Data Name='CallTrace'>C:\Windows\SYSTEM32\ntdll.dll+a5a94|C:\Windows\System32\KERNELBASE.dll+5eab4|c:\windows\system32\lsm.dll+11058|C:\Windows\System32\RPCRT4.dll+78e23|C:\Windows\System32\RPCRT4.dll+d96bd|C:\Windows\System32\RPCRT4.dll+6194c|C:\Windows\System32\RPCRT4.dll+52bf4|C:\Windows\System32\RPCRT4.dll+51b0d|C:\Windows\System32\RPCRT4.dll+523bb|C:\Windows\System32\RPCRT4.dll+2469c|C:\Windows\System32\RPCRT4.dll+24b1c|C:\Windows\System32\RPCRT4.dll+111bc|C:\Windows\System32\RPCRT4.dll+12a1b|C:\Windows\System32\RPCRT4.dll+1e12a|C:\Windows\SYSTEM32\ntdll.dll+1d34e|C:\Windows\SYSTEM32\ntdll.dll+1ecb9|C:\Windows\System32\KERNEL32.DLL+84d4|C:\Windows\SYSTEM32\ntdll.dll+51791</Data></EventData></Event>
<Event xmlns='http://schemas.microsoft.com/win/2004/08/events/event'><System><Provider Name='Microsoft-Windows-Sysmon' Guid='{5770385F-C22A-43E0-BF4C-06F5698FFBD9}'/><EventID>10</EventID><Version>3</Version><Level>4</Level><Task>10</Task><Opcode>0</Opcode><Keywords>0x8000000000000000</Keywords><TimeCreated SystemTime='2021-01-22T20:43:54.040754100Z'/><EventRecordID>31168</EventRecordID><Correlation/><Execution ProcessID='2448' ThreadID='3264'/><Channel>Microsoft-Windows-Sysmon/Operational</Channel><Computer>win-dc-770.attackrange.local</Computer><Security UserID='S-1-5-18'/></System><EventData><Data Name='RuleName'>-</Data><Data Name='UtcTime'>2021-01-22 20:43:54.035</Data><Data Name='SourceProcessGUID'>{732C744F-151A-600B-0C00-00000000A301}</Data><Data Name='SourceProcessId'>584</Data><Data Name='SourceThreadId'>7068</Data><Data Name='SourceImage'>C:\Windows\system32\svchost.exe</Data><Data Name='TargetProcessGUID'>{732C744F-152A-600B-3100-00000000A301}</Data><Data Name='TargetProcessId'>2448</Data><Data Name='TargetImage'>C:\Windows\sysmon64.exe</Data><Data Name='GrantedAccess'>0x1400</Data><Data Name='CallTrace'>C:\Windows\SYSTEM32\ntdll.dll+a5a94|C:\Windows\System32\KERNELBASE.dll+5eab4|c:\windows\system32\lsm.dll+12023|C:\Windows\System32\RPCRT4.dll+78e23|C:\Windows\System32\RPCRT4.dll+d96bd|C:\Windows\System32\RPCRT4.dll+6194c|C:\Windows\System32\RPCRT4.dll+52bf4|C:\Windows\System32\RPCRT4.dll+51b0d|C:\Windows\System32\RPCRT4.dll+523bb|C:\Windows\System32\RPCRT4.dll+2469c|C:\Windows\System32\RPCRT4.dll+24b1c|C:\Windows\System32\RPCRT4.dll+111bc|C:\Windows\System32\RPCRT4.dll+12a1b|C:\Windows\System32\RPCRT4.dll+1e12a|C:\Windows\SYSTEM32\ntdll.dll+1d34e|C:\Windows\SYSTEM32\ntdll.dll+1ecb9|C:\Windows\System32\KERNEL32.DLL+84d4|C:\Windows\SYSTEM32\ntdll.dll+51791</Data></EventData></Event>
<Event xmlns='http://schemas.microsoft.com/win/2004/08/events/event'><System><Provider Name='Microsoft-Windows-Sysmon' Guid='{5770385F-C22A-43E0-BF4C-06F5698FFBD9}'/><EventID>10</EventID><Version>3</Version><Level>4</Level><Task>10</Task><Opcode>0</Opcode><Keywords>0x8000000000000000</Keywords><TimeCreated SystemTime='2021-01-22T20:43:54.040649000Z'/><EventRecordID>31167</EventRecordID><Correlation/><Execution ProcessID='2448' ThreadID='3264'/><Channel>Microsoft-Windows-Sysmon/Operational</Channel><Computer>win-dc-770.attackrange.local</Computer><Security UserID='S-1-5-18'/></System><EventData><Data Name='RuleName'>-</Data><Data Name='UtcTime'>2021-01-22 20:43:54.035</Data><Data Name='SourceProcessGUID'>{732C744F-1517-600B-0500-00000000A301}</Data><Data Name='SourceProcessId'>640</Data><Data Name='SourceThreadId'>2204</Data><Data Name='SourceImage'>C:\Windows\system32\csrss.exe</Data><Data Name='TargetProcessGUID'>{732C744F-390A-600B-3B0C-00000000A301}</Data><Data Name='TargetProcessId'>4524</Data><Data Name='TargetImage'>C:\Program Files\SplunkUniversalForwarder\bin\splunk-admon.exe</Data><Data Name='GrantedAccess'>0x1fffff</Data><Data Name='CallTrace'>C:\Windows\SYSTEM32\ntdll.dll+a5a94|C:\Windows\system32\basesrv.DLL+2f47|C:\Windows\SYSTEM32\CSRSRV.dll+5645|C:\Windows\SYSTEM32\ntdll.dll+5179f</Data></EventData></Event>
<Event xmlns='http://schemas.microsoft.com/win/2004/08/events/event'><System><Provider Name='Microsoft-Windows-Sysmon' Guid='{5770385F-C22A-43E0-BF4C-06F5698FFBD9}'/><EventID>10</EventID><Version>3</Version><Level>4</Level><Task>10</Task><Opcode>0</Opcode><Keywords>0x8000000000000000</Keywords><TimeCreated SystemTime='2021-01-22T20:43:54.040477900Z'/><EventRecordID>31166</EventRecordID><Correlation/><Execution ProcessID='2448' ThreadID='3264'/><Channel>Microsoft-Windows-Sysmon/Operational</Channel><Computer>win-dc-770.attackrange.local</Computer><Security UserID='S-1-5-18'/></System><EventData><Data Name='RuleName'>-</Data><Data Name='UtcTime'>2021-01-22 20:43:54.035</Data><Data Name='SourceProcessGUID'>{732C744F-1593-600B-A800-00000000A301}</Data><Data Name='SourceProcessId'>2616</Data><Data Name='SourceThreadId'>3156</Data><Data Name='SourceImage'>C:\Program Files\SplunkUniversalForwarder\bin\splunkd.exe</Data><Data Name='TargetProcessGUID'>{732C744F-390A-600B-3B0C-00000000A301}</Data><Data Name='TargetProcessId'>4524</Data><Data Name='TargetImage'>C:\Program Files\SplunkUniversalForwarder\bin\splunk-admon.exe</Data><Data Name='GrantedAccess'>0x1fffff</Data><Data Name='CallTrace'>C:\Windows\SYSTEM32\ntdll.dll+a6d64|C:\Windows\System32\KERNELBASE.dll+2b860|C:\Windows\System32\KERNELBASE.dll+6b246|C:\Windows\System32\KERNEL32.DLL+1c213|C:\Program Files\SplunkUniversalForwarder\bin\splunkd.exe+ce6a3b|C:\Program Files\SplunkUniversalForwarder\bin\splunkd.exe+17cade|C:\Program Files\SplunkUniversalForwarder\bin\splunkd.exe+18641d|C:\Program Files\SplunkUniversalForwarder\bin\splunkd.exe+17ef16|C:\Program Files\SplunkUniversalForwarder\bin\splunkd.exe+c992c4|C:\Program Files\SplunkUniversalForwarder\bin\splunkd.exe+18689b|C:\Program Files\SplunkUniversalForwarder\bin\splunkd.exe+189d3c|C:\Program Files\SplunkUniversalForwarder\bin\splunkd.exe+c95f5f|C:\Program Files\SplunkUniversalForwarder\bin\splunkd.exe+c99fad|C:\Program Files\SplunkUniversalForwarder\bin\splunkd.exe+184c5b|C:\Program Files\SplunkUniversalForwarder\bin\splunkd.exe+c7dd7e|C:\Windows\System32\ucrtbase.dll+1fb80|C:\Windows\System32\KERNEL32.DLL+84d4|C:\Windows\SYSTEM32\ntdll.dll+51791</Data></EventData></Event>
<Event xmlns='http://schemas.microsoft.com/win/2004/08/events/event'><System><Provider Name='Microsoft-Windows-Sysmon' Guid='{5770385F-C22A-43E0-BF4C-06F5698FFBD9}'/><EventID>1</EventID><Version>5</Version><Level>4</Level><Task>1</Task><Opcode>0</Opcode><Keywords>0x8000000000000000</Keywords><TimeCreated SystemTime='2021-01-22T20:43:54.040231100Z'/><EventRecordID>31165</EventRecordID><Correlation/><Execution ProcessID='2448' ThreadID='3264'/><Channel>Microsoft-Windows-Sysmon/Operational</Channel><Computer>win-dc-770.attackrange.local</Computer><Security UserID='S-1-5-18'/></System><EventData><Data Name='RuleName'>-</Data><Data Name='UtcTime'>2021-01-22 20:43:54.037</Data><Data Name='ProcessGuid'>{732C744F-390A-600B-3B0C-00000000A301}</Data><Data Name='ProcessId'>4524</Data><Data Name='Image'>C:\Program Files\SplunkUniversalForwarder\bin\splunk-admon.exe</Data><Data Name='FileVersion'>8.0.2</Data><Data Name='Description'>Active Directory monitor</Data><Data Name='Product'>splunk Application</Data><Data Name='Company'>Splunk Inc.</Data><Data Name='OriginalFileName'>splunk-admon.exe</Data><Data Name='CommandLine'>"C:\Program Files\SplunkUniversalForwarder\bin\splunk-admon.exe"</Data><Data Name='CurrentDirectory'>C:\Windows\system32\</Data><Data Name='User'>NT AUTHORITY\SYSTEM</Data><Data Name='LogonGuid'>{732C744F-1518-600B-E703-000000000000}</Data><Data Name='LogonId'>0x3e7</Data><Data Name='TerminalSessionId'>0</Data><Data Name='IntegrityLevel'>System</Data><Data Name='Hashes'>MD5=947139F3BB2AB70CAF692A60C7A3A735,SHA256=940554A0170A70F634689CC84B00C51AC0BCF773C9639E1305E3672441FC85C8,IMPHASH=357CEC18833E7FF2ABFB722902B13165</Data><Data Name='ParentProcessGuid'>{732C744F-1593-600B-A800-00000000A301}</Data><Data Name='ParentProcessId'>2616</Data><Data Name='ParentImage'>C:\Program Files\SplunkUniversalForwarder\bin\splunkd.exe</Data><Data Name='ParentCommandLine'>"C:\Program Files\SplunkUniversalForwarder\bin\splunkd.exe" service</Data></EventData></Event>
<Event xmlns='http://schemas.microsoft.com/win/2004/08/events/event'><System><Provider Name='Microsoft-Windows-Sysmon' Guid='{5770385F-C22A-43E0-BF4C-06F5698FFBD9}'/><EventID>10</EventID><Version>3</Version><Level>4</Level><Task>10</Task><Opcode>0</Opcode><Keywords>0x8000000000000000</Keywords><TimeCreated SystemTime='2021-01-22T20:43:55.534052200Z'/><EventRecordID>31191</EventRecordID><Correlation/><Execution ProcessID='2448' ThreadID='3264'/><Channel>Microsoft-Windows-Sysmon/Operational</Channel><Computer>win-dc-770.attackrange.local</Computer><Security UserID='S-1-5-18'/></System><EventData><Data Name='RuleName'>-</Data><Data Name='UtcTime'>2021-01-22 20:43:55.520</Data><Data Name='SourceProcessGUID'>{732C744F-390B-600B-3D0C-00000000A301}</Data><Data Name='SourceProcessId'>6216</Data><Data Name='SourceThreadId'>3320</Data><Data Name='SourceImage'>C:\Program Files\SplunkUniversalForwarder\bin\splunk-powershell.exe</Data><Data Name='TargetProcessGUID'>{732C744F-1593-600B-A800-00000000A301}</Data><Data Name='TargetProcessId'>2616</Data><Data Name='TargetImage'>C:\Program Files\SplunkUniversalForwarder\bin\splunkd.exe</Data><Data Name='GrantedAccess'>0x101400</Data><Data Name='CallTrace'>C:\Windows\SYSTEM32\ntdll.dll+a5a94|C:\Windows\System32\KERNELBASE.dll+221bd|C:\Program Files\SplunkUniversalForwarder\bin\splunk-powershell.exe+55e675|C:\Program Files\SplunkUniversalForwarder\bin\splunk-powershell.exe+55e1a6|C:\Program Files\SplunkUniversalForwarder\bin\splunk-powershell.exe+6b453|C:\Program Files\SplunkUniversalForwarder\bin\splunk-powershell.exe+8e8530|C:\Windows\System32\KERNEL32.DLL+84d4|C:\Windows\SYSTEM32\ntdll.dll+51791</Data></EventData></Event>
<Event xmlns='http://schemas.microsoft.com/win/2004/08/events/event'><System><Provider Name='Microsoft-Windows-Sysmon' Guid='{5770385F-C22A-43E0-BF4C-06F5698FFBD9}'/><EventID>10</EventID><Version>3</Version><Level>4</Level><Task>10</Task><Opcode>0</Opcode><Keywords>0x8000000000000000</Keywords><TimeCreated SystemTime='2021-01-22T20:43:55.384631200Z'/><EventRecordID>31190</EventRecordID><Correlation/><Execution ProcessID='2448' ThreadID='3264'/><Channel>Microsoft-Windows-Sysmon/Operational</Channel><Computer>win-dc-770.attackrange.local</Computer><Security UserID='S-1-5-18'/></System><EventData><Data Name='RuleName'>-</Data><Data Name='UtcTime'>2021-01-22 20:43:55.379</Data><Data Name='SourceProcessGUID'>{732C744F-1593-600B-AC00-00000000A301}</Data><Data Name='SourceProcessId'>4656</Data><Data Name='SourceThreadId'>3536</Data><Data Name='SourceImage'>C:\Windows\system32\conhost.exe</Data><Data Name='TargetProcessGUID'>{732C744F-390B-600B-3D0C-00000000A301}</Data><Data Name='TargetProcessId'>6216</Data><Data Name='TargetImage'>C:\Program Files\SplunkUniversalForwarder\bin\splunk-powershell.exe</Data><Data Name='GrantedAccess'>0x1fffff</Data><Data Name='CallTrace'>C:\Windows\SYSTEM32\ntdll.dll+a5a94|C:\Windows\SYSTEM32\ConhostV2.dll+5c07|C:\Windows\SYSTEM32\ConhostV2.dll+76ab|C:\Windows\SYSTEM32\ConhostV2.dll+a84c|C:\Windows\System32\KERNEL32.DLL+84d4|C:\Windows\SYSTEM32\ntdll.dll+51791</Data></EventData></Event>
<Event xmlns='http://schemas.microsoft.com/win/2004/08/events/event'><System><Provider Name='Microsoft-Windows-Sysmon' Guid='{5770385F-C22A-43E0-BF4C-06F5698FFBD9}'/><EventID>10</EventID><Version>3</Version><Level>4</Level><Task>10</Task><Opcode>0</Opcode><Keywords>0x8000000000000000</Keywords><TimeCreated SystemTime='2021-01-22T20:43:55.383732600Z'/><EventRecordID>31189</EventRecordID><Correlation/><Execution ProcessID='2448' ThreadID='3264'/><Channel>Microsoft-Windows-Sysmon/Operational</Channel><Computer>win-dc-770.attackrange.local</Computer><Security UserID='S-1-5-18'/></System><EventData><Data Name='RuleName'>-</Data><Data Name='UtcTime'>2021-01-22 20:43:55.379</Data><Data Name='SourceProcessGUID'>{732C744F-151A-600B-0C00-00000000A301}</Data><Data Name='SourceProcessId'>584</Data><Data Name='SourceThreadId'>7068</Data><Data Name='SourceImage'>C:\Windows\system32\svchost.exe</Data><Data Name='TargetProcessGUID'>{732C744F-152A-600B-3100-00000000A301}</Data><Data Name='TargetProcessId'>2448</Data><Data Name='TargetImage'>C:\Windows\sysmon64.exe</Data><Data Name='GrantedAccess'>0x1400</Data><Data Name='CallTrace'>C:\Windows\SYSTEM32\ntdll.dll+a5a94|C:\Windows\System32\KERNELBASE.dll+5eab4|c:\windows\system32\lsm.dll+fd18|C:\Windows\System32\RPCRT4.dll+78e23|C:\Windows\System32\RPCRT4.dll+d96bd|C:\Windows\System32\RPCRT4.dll+6194c|C:\Windows\System32\RPCRT4.dll+52bf4|C:\Windows\System32\RPCRT4.dll+51b0d|C:\Windows\System32\RPCRT4.dll+523bb|C:\Windows\System32\RPCRT4.dll+2469c|C:\Windows\System32\RPCRT4.dll+24b1c|C:\Windows\System32\RPCRT4.dll+111bc|C:\Windows\System32\RPCRT4.dll+12a1b|C:\Windows\System32\RPCRT4.dll+1e12a|C:\Windows\SYSTEM32\ntdll.dll+1d34e|C:\Windows\SYSTEM32\ntdll.dll+1ecb9|C:\Windows\System32\KERNEL32.DLL+84d4|C:\Windows\SYSTEM32\ntdll.dll+51791</Data></EventData></Event>
<Event xmlns='http://schemas.microsoft.com/win/2004/08/events/event'><System><Provider Name='Microsoft-Windows-Sysmon' Guid='{5770385F-C22A-43E0-BF4C-06F5698FFBD9}'/><EventID>10</EventID><Version>3</Version><Level>4</Level><Task>10</Task><Opcode>0</Opcode><Keywords>0x8000000000000000</Keywords><TimeCreated SystemTime='2021-01-22T20:43:55.383660100Z'/><EventRecordID>31188</EventRecordID><Correlation/><Execution ProcessID='2448' ThreadID='3264'/><Channel>Microsoft-Windows-Sysmon/Operational</Channel><Computer>win-dc-770.attackrange.local</Computer><Security UserID='S-1-5-18'/></System><EventData><Data Name='RuleName'>-</Data><Data Name='UtcTime'>2021-01-22 20:43:55.379</Data><Data Name='SourceProcessGUID'>{732C744F-151A-600B-0C00-00000000A301}</Data><Data Name='SourceProcessId'>584</Data><Data Name='SourceThreadId'>7068</Data><Data Name='SourceImage'>C:\Windows\system32\svchost.exe</Data><Data Name='TargetProcessGUID'>{732C744F-152A-600B-3100-00000000A301}</Data><Data Name='TargetProcessId'>2448</Data><Data Name='TargetImage'>C:\Windows\sysmon64.exe</Data><Data Name='GrantedAccess'>0x1400</Data><Data Name='CallTrace'>C:\Windows\SYSTEM32\ntdll.dll+a5a94|C:\Windows\System32\KERNELBASE.dll+5eab4|c:\windows\system32\lsm.dll+11aad|C:\Windows\System32\RPCRT4.dll+78e23|C:\Windows\System32\RPCRT4.dll+d96bd|C:\Windows\System32\RPCRT4.dll+6194c|C:\Windows\System32\RPCRT4.dll+52bf4|C:\Windows\System32\RPCRT4.dll+51b0d|C:\Windows\System32\RPCRT4.dll+523bb|C:\Windows\System32\RPCRT4.dll+2469c|C:\Windows\System32\RPCRT4.dll+24b1c|C:\Windows\System32\RPCRT4.dll+111bc|C:\Windows\System32\RPCRT4.dll+12a1b|C:\Windows\System32\RPCRT4.dll+1e12a|C:\Windows\SYSTEM32\ntdll.dll+1d34e|C:\Windows\SYSTEM32\ntdll.dll+1ecb9|C:\Windows\System32\KERNEL32.DLL+84d4|C:\Windows\SYSTEM32\ntdll.dll+51791</Data></EventData></Event>
<Event xmlns='http://schemas.microsoft.com/win/2004/08/events/event'><System><Provider Name='Microsoft-Windows-Sysmon' Guid='{5770385F-C22A-43E0-BF4C-06F5698FFBD9}'/><EventID>10</EventID><Version>3</Version><Level>4</Level><Task>10</Task><Opcode>0</Opcode><Keywords>0x8000000000000000</Keywords><TimeCreated SystemTime='2021-01-22T20:43:55.383590300Z'/><EventRecordID>31187</EventRecordID><Correlation/><Execution ProcessID='2448' ThreadID='3264'/><Channel>Microsoft-Windows-Sysmon/Operational</Channel><Computer>win-dc-770.attackrange.local</Computer><Security UserID='S-1-5-18'/></System><EventData><Data Name='RuleName'>-</Data><Data Name='UtcTime'>2021-01-22 20:43:55.379</Data><Data Name='SourceProcessGUID'>{732C744F-151A-600B-0C00-00000000A301}</Data><Data Name='SourceProcessId'>584</Data><Data Name='SourceThreadId'>7068</Data><Data Name='SourceImage'>C:\Windows\system32\svchost.exe</Data><Data Name='TargetProcessGUID'>{732C744F-152A-600B-3100-00000000A301}</Data><Data Name='TargetProcessId'>2448</Data><Data Name='TargetImage'>C:\Windows\sysmon64.exe</Data><Data Name='GrantedAccess'>0x1400</Data><Data Name='CallTrace'>C:\Windows\SYSTEM32\ntdll.dll+a5a94|C:\Windows\System32\KERNELBASE.dll+5eab4|c:\windows\system32\lsm.dll+11058|C:\Windows\System32\RPCRT4.dll+78e23|C:\Windows\System32\RPCRT4.dll+d96bd|C:\Windows\System32\RPCRT4.dll+6194c|C:\Windows\System32\RPCRT4.dll+52bf4|C:\Windows\System32\RPCRT4.dll+51b0d|C:\Windows\System32\RPCRT4.dll+523bb|C:\Windows\System32\RPCRT4.dll+2469c|C:\Windows\System32\RPCRT4.dll+24b1c|C:\Windows\System32\RPCRT4.dll+111bc|C:\Windows\System32\RPCRT4.dll+12a1b|C:\Windows\System32\RPCRT4.dll+1e12a|C:\Windows\SYSTEM32\ntdll.dll+1d34e|C:\Windows\SYSTEM32\ntdll.dll+1ecb9|C:\Windows\System32\KERNEL32.DLL+84d4|C:\Windows\SYSTEM32\ntdll.dll+51791</Data></EventData></Event>
<Event xmlns='http://schemas.microsoft.com/win/2004/08/events/event'><System><Provider Name='Microsoft-Windows-Sysmon' Guid='{5770385F-C22A-43E0-BF4C-06F5698FFBD9}'/><EventID>10</EventID><Version>3</Version><Level>4</Level><Task>10</Task><Opcode>0</Opcode><Keywords>0x8000000000000000</Keywords><TimeCreated SystemTime='2021-01-22T20:43:55.383522100Z'/><EventRecordID>31186</EventRecordID><Correlation/><Execution ProcessID='2448' ThreadID='3264'/><Channel>Microsoft-Windows-Sysmon/Operational</Channel><Computer>win-dc-770.attackrange.local</Computer><Security UserID='S-1-5-18'/></System><EventData><Data Name='RuleName'>-</Data><Data Name='UtcTime'>2021-01-22 20:43:55.379</Data><Data Name='SourceProcessGUID'>{732C744F-151A-600B-0C00-00000000A301}</Data><Data Name='SourceProcessId'>584</Data><Data Name='SourceThreadId'>7068</Data><Data Name='SourceImage'>C:\Windows\system32\svchost.exe</Data><Data Name='TargetProcessGUID'>{732C744F-152A-600B-3100-00000000A301}</Data><Data Name='TargetProcessId'>2448</Data><Data Name='TargetImage'>C:\Windows\sysmon64.exe</Data><Data Name='GrantedAccess'>0x1400</Data><Data Name='CallTrace'>C:\Windows\SYSTEM32\ntdll.dll+a5a94|C:\Windows\System32\KERNELBASE.dll+5eab4|c:\windows\system32\lsm.dll+12023|C:\Windows\System32\RPCRT4.dll+78e23|C:\Windows\System32\RPCRT4.dll+d96bd|C:\Windows\System32\RPCRT4.dll+6194c|C:\Windows\System32\RPCRT4.dll+52bf4|C:\Windows\System32\RPCRT4.dll+51b0d|C:\Windows\System32\RPCRT4.dll+523bb|C:\Windows\System32\RPCRT4.dll+2469c|C:\Windows\System32\RPCRT4.dll+24b1c|C:\Windows\System32\RPCRT4.dll+111bc|C:\Windows\System32\RPCRT4.dll+12a1b|C:\Windows\System32\RPCRT4.dll+1e12a|C:\Windows\SYSTEM32\ntdll.dll+1d34e|C:\Windows\SYSTEM32\ntdll.dll+1ecb9|C:\Windows\System32\KERNEL32.DLL+84d4|C:\Windows\SYSTEM32\ntdll.dll+51791</Data></EventData></Event>
<Event xmlns='http://schemas.microsoft.com/win/2004/08/events/event'><System><Provider Name='Microsoft-Windows-Sysmon' Guid='{5770385F-C22A-43E0-BF4C-06F5698FFBD9}'/><EventID>10</EventID><Version>3</Version><Level>4</Level><Task>10</Task><Opcode>0</Opcode><Keywords>0x8000000000000000</Keywords><TimeCreated SystemTime='2021-01-22T20:43:55.383445400Z'/><EventRecordID>31185</EventRecordID><Correlation/><Execution ProcessID='2448' ThreadID='3264'/><Channel>Microsoft-Windows-Sysmon/Operational</Channel><Computer>win-dc-770.attackrange.local</Computer><Security UserID='S-1-5-18'/></System><EventData><Data Name='RuleName'>-</Data><Data Name='UtcTime'>2021-01-22 20:43:55.379</Data><Data Name='SourceProcessGUID'>{732C744F-1517-600B-0500-00000000A301}</Data><Data Name='SourceProcessId'>640</Data><Data Name='SourceThreadId'>1168</Data><Data Name='SourceImage'>C:\Windows\system32\csrss.exe</Data><Data Name='TargetProcessGUID'>{732C744F-390B-600B-3D0C-00000000A301}</Data><Data Name='TargetProcessId'>6216</Data><Data Name='TargetImage'>C:\Program Files\SplunkUniversalForwarder\bin\splunk-powershell.exe</Data><Data Name='GrantedAccess'>0x1fffff</Data><Data Name='CallTrace'>C:\Windows\SYSTEM32\ntdll.dll+a5a94|C:\Windows\system32\basesrv.DLL+2f47|C:\Windows\SYSTEM32\CSRSRV.dll+5645|C:\Windows\SYSTEM32\ntdll.dll+5179f</Data></EventData></Event>
<Event xmlns='http://schemas.microsoft.com/win/2004/08/events/event'><System><Provider Name='Microsoft-Windows-Sysmon' Guid='{5770385F-C22A-43E0-BF4C-06F5698FFBD9}'/><EventID>10</EventID><Version>3</Version><Level>4</Level><Task>10</Task><Opcode>0</Opcode><Keywords>0x8000000000000000</Keywords><TimeCreated SystemTime='2021-01-22T20:43:55.383275300Z'/><EventRecordID>31184</EventRecordID><Correlation/><Execution ProcessID='2448' ThreadID='3264'/><Channel>Microsoft-Windows-Sysmon/Operational</Channel><Computer>win-dc-770.attackrange.local</Computer><Security UserID='S-1-5-18'/></System><EventData><Data Name='RuleName'>-</Data><Data Name='UtcTime'>2021-01-22 20:43:55.379</Data><Data Name='SourceProcessGUID'>{732C744F-1593-600B-A800-00000000A301}</Data><Data Name='SourceProcessId'>2616</Data><Data Name='SourceThreadId'>3156</Data><Data Name='SourceImage'>C:\Program Files\SplunkUniversalForwarder\bin\splunkd.exe</Data><Data Name='TargetProcessGUID'>{732C744F-390B-600B-3D0C-00000000A301}</Data><Data Name='TargetProcessId'>6216</Data><Data Name='TargetImage'>C:\Program Files\SplunkUniversalForwarder\bin\splunk-powershell.exe</Data><Data Name='GrantedAccess'>0x1fffff</Data><Data Name='CallTrace'>C:\Windows\SYSTEM32\ntdll.dll+a6d64|C:\Windows\System32\KERNELBASE.dll+2b860|C:\Windows\System32\KERNELBASE.dll+6b246|C:\Windows\System32\KERNEL32.DLL+1c213|C:\Program Files\SplunkUniversalForwarder\bin\splunkd.exe+ce6a3b|C:\Program Files\SplunkUniversalForwarder\bin\splunkd.exe+17cade|C:\Program Files\SplunkUniversalForwarder\bin\splunkd.exe+18641d|C:\Program Files\SplunkUniversalForwarder\bin\splunkd.exe+17ef16|C:\Program Files\SplunkUniversalForwarder\bin\splunkd.exe+c992c4|C:\Program Files\SplunkUniversalForwarder\bin\splunkd.exe+18689b|C:\Program Files\SplunkUniversalForwarder\bin\splunkd.exe+189d3c|C:\Program Files\SplunkUniversalForwarder\bin\splunkd.exe+c95f5f|C:\Program Files\SplunkUniversalForwarder\bin\splunkd.exe+c99fad|C:\Program Files\SplunkUniversalForwarder\bin\splunkd.exe+184c5b|C:\Program Files\SplunkUniversalForwarder\bin\splunkd.exe+c7dd7e|C:\Windows\System32\ucrtbase.dll+1fb80|C:\Windows\System32\KERNEL32.DLL+84d4|C:\Windows\SYSTEM32\ntdll.dll+51791</Data></EventData></Event>
<Event xmlns='http://schemas.microsoft.com/win/2004/08/events/event'><System><Provider Name='Microsoft-Windows-Sysmon' Guid='{5770385F-C22A-43E0-BF4C-06F5698FFBD9}'/><EventID>1</EventID><Version>5</Version><Level>4</Level><Task>1</Task><Opcode>0</Opcode><Keywords>0x8000000000000000</Keywords><TimeCreated SystemTime='2021-01-22T20:43:55.383034600Z'/><EventRecordID>31183</EventRecordID><Correlation/><Execution ProcessID='2448' ThreadID='3264'/><Channel>Microsoft-Windows-Sysmon/Operational</Channel><Computer>win-dc-770.attackrange.local</Computer><Security UserID='S-1-5-18'/></System><EventData><Data Name='RuleName'>-</Data><Data Name='UtcTime'>2021-01-22 20:43:55.380</Data><Data Name='ProcessGuid'>{732C744F-390B-600B-3D0C-00000000A301}</Data><Data Name='ProcessId'>6216</Data><Data Name='Image'>C:\Program Files\SplunkUniversalForwarder\bin\splunk-powershell.exe</Data><Data Name='FileVersion'>-</Data><Data Name='Description'>-</Data><Data Name='Product'>-</Data><Data Name='Company'>-</Data><Data Name='OriginalFileName'>-</Data><Data Name='CommandLine'>"C:\Program Files\SplunkUniversalForwarder\bin\splunk-powershell.exe" --ps2</Data><Data Name='CurrentDirectory'>C:\Windows\system32\</Data><Data Name='User'>NT AUTHORITY\SYSTEM</Data><Data Name='LogonGuid'>{732C744F-1518-600B-E703-000000000000}</Data><Data Name='LogonId'>0x3e7</Data><Data Name='TerminalSessionId'>0</Data><Data Name='IntegrityLevel'>System</Data><Data Name='Hashes'>MD5=030CC9FD3784684043D9236FF16904DE,SHA256=6C84A212BD1EA1FCC493E9F8ED1C1507E2773F6FE71ACDE265067F3153BE6241,IMPHASH=45491F0E80AC016364EB8FB78BD23A1C</Data><Data Name='ParentProcessGuid'>{732C744F-1593-600B-A800-00000000A301}</Data><Data Name='ParentProcessId'>2616</Data><Data Name='ParentImage'>C:\Program Files\SplunkUniversalForwarder\bin\splunkd.exe</Data><Data Name='ParentCommandLine'>"C:\Program Files\SplunkUniversalForwarder\bin\splunkd.exe" service</Data></EventData></Event>
<Event xmlns='http://schemas.microsoft.com/win/2004/08/events/event'><System><Provider Name='Microsoft-Windows-Sysmon' Guid='{5770385F-C22A-43E0-BF4C-06F5698FFBD9}'/><EventID>10</EventID><Version>3</Version><Level>4</Level><Task>10</Task><Opcode>0</Opcode><Keywords>0x8000000000000000</Keywords><TimeCreated SystemTime='2021-01-22T20:44:00.362356800Z'/><EventRecordID>31211</EventRecordID><Correlation/><Execution ProcessID='2448' ThreadID='3264'/><Channel>Microsoft-Windows-Sysmon/Operational</Channel><Computer>win-dc-770.attackrange.local</Computer><Security UserID='S-1-5-18'/></System><EventData><Data Name='RuleName'>-</Data><Data Name='UtcTime'>2021-01-22 20:44:00.348</Data><Data Name='SourceProcessGUID'>{732C744F-151A-600B-0C00-00000000A301}</Data><Data Name='SourceProcessId'>584</Data><Data Name='SourceThreadId'>7068</Data><Data Name='SourceImage'>C:\Windows\system32\svchost.exe</Data><Data Name='TargetProcessGUID'>{732C744F-3910-600B-3F0C-00000000A301}</Data><Data Name='TargetProcessId'>5228</Data><Data Name='TargetImage'>C:\Windows\system32\wbadmin.exe</Data><Data Name='GrantedAccess'>0x1000</Data><Data Name='CallTrace'>C:\Windows\SYSTEM32\ntdll.dll+a5a94|C:\Windows\System32\KERNELBASE.dll+221bd|c:\windows\system32\rpcss.dll+5296|C:\Windows\System32\RPCRT4.dll+78e23|C:\Windows\System32\RPCRT4.dll+2d5ab|C:\Windows\System32\RPCRT4.dll+620fa|C:\Windows\System32\RPCRT4.dll+52bf4|C:\Windows\System32\RPCRT4.dll+51b0d|C:\Windows\System32\RPCRT4.dll+523bb|C:\Windows\System32\RPCRT4.dll+2469c|C:\Windows\System32\RPCRT4.dll+24b1c|C:\Windows\System32\RPCRT4.dll+111bc|C:\Windows\System32\RPCRT4.dll+12a1b|C:\Windows\System32\RPCRT4.dll+1e12a|C:\Windows\SYSTEM32\ntdll.dll+1d34e|C:\Windows\SYSTEM32\ntdll.dll+1ecb9|C:\Windows\System32\KERNEL32.DLL+84d4|C:\Windows\SYSTEM32\ntdll.dll+51791</Data></EventData></Event>
<Event xmlns='http://schemas.microsoft.com/win/2004/08/events/event'><System><Provider Name='Microsoft-Windows-Sysmon' Guid='{5770385F-C22A-43E0-BF4C-06F5698FFBD9}'/><EventID>10</EventID><Version>3</Version><Level>4</Level><Task>10</Task><Opcode>0</Opcode><Keywords>0x8000000000000000</Keywords><TimeCreated SystemTime='2021-01-22T20:44:00.349720100Z'/><EventRecordID>31210</EventRecordID><Correlation/><Execution ProcessID='2448' ThreadID='3264'/><Channel>Microsoft-Windows-Sysmon/Operational</Channel><Computer>win-dc-770.attackrange.local</Computer><Security UserID='S-1-5-18'/></System><EventData><Data Name='RuleName'>-</Data><Data Name='UtcTime'>2021-01-22 20:44:00.348</Data><Data Name='SourceProcessGUID'>{732C744F-1C72-600B-C905-00000000A301}</Data><Data Name='SourceProcessId'>7768</Data><Data Name='SourceThreadId'>7120</Data><Data Name='SourceImage'>C:\Windows\system32\conhost.exe</Data><Data Name='TargetProcessGUID'>{732C744F-3910-600B-3F0C-00000000A301}</Data><Data Name='TargetProcessId'>5228</Data><Data Name='TargetImage'>C:\Windows\system32\wbadmin.exe</Data><Data Name='GrantedAccess'>0x1fffff</Data><Data Name='CallTrace'>C:\Windows\SYSTEM32\ntdll.dll+a5a94|C:\Windows\SYSTEM32\ConhostV2.dll+5c07|C:\Windows\SYSTEM32\ConhostV2.dll+76ab|C:\Windows\SYSTEM32\ConhostV2.dll+a84c|C:\Windows\System32\KERNEL32.DLL+84d4|C:\Windows\SYSTEM32\ntdll.dll+51791</Data></EventData></Event>
<Event xmlns='http://schemas.microsoft.com/win/2004/08/events/event'><System><Provider Name='Microsoft-Windows-Sysmon' Guid='{5770385F-C22A-43E0-BF4C-06F5698FFBD9}'/><EventID>10</EventID><Version>3</Version><Level>4</Level><Task>10</Task><Opcode>0</Opcode><Keywords>0x8000000000000000</Keywords><TimeCreated SystemTime='2021-01-22T20:44:00.348827100Z'/><EventRecordID>31209</EventRecordID><Correlation/><Execution ProcessID='2448' ThreadID='3264'/><Channel>Microsoft-Windows-Sysmon/Operational</Channel><Computer>win-dc-770.attackrange.local</Computer><Security UserID='S-1-5-18'/></System><EventData><Data Name='RuleName'>-</Data><Data Name='UtcTime'>2021-01-22 20:44:00.332</Data><Data Name='SourceProcessGUID'>{732C744F-151A-600B-0C00-00000000A301}</Data><Data Name='SourceProcessId'>584</Data><Data Name='SourceThreadId'>7068</Data><Data Name='SourceImage'>C:\Windows\system32\svchost.exe</Data><Data Name='TargetProcessGUID'>{732C744F-152A-600B-3100-00000000A301}</Data><Data Name='TargetProcessId'>2448</Data><Data Name='TargetImage'>C:\Windows\sysmon64.exe</Data><Data Name='GrantedAccess'>0x1400</Data><Data Name='CallTrace'>C:\Windows\SYSTEM32\ntdll.dll+a5a94|C:\Windows\System32\KERNELBASE.dll+5eab4|c:\windows\system32\lsm.dll+fd18|C:\Windows\System32\RPCRT4.dll+78e23|C:\Windows\System32\RPCRT4.dll+d96bd|C:\Windows\System32\RPCRT4.dll+6194c|C:\Windows\System32\RPCRT4.dll+52bf4|C:\Windows\System32\RPCRT4.dll+51b0d|C:\Windows\System32\RPCRT4.dll+523bb|C:\Windows\System32\RPCRT4.dll+2469c|C:\Windows\System32\RPCRT4.dll+24b1c|C:\Windows\System32\RPCRT4.dll+111bc|C:\Windows\System32\RPCRT4.dll+12a1b|C:\Windows\System32\RPCRT4.dll+1e12a|C:\Windows\SYSTEM32\ntdll.dll+1d34e|C:\Windows\SYSTEM32\ntdll.dll+1ecb9|C:\Windows\System32\KERNEL32.DLL+84d4|C:\Windows\SYSTEM32\ntdll.dll+51791</Data></EventData></Event>
<Event xmlns='http://schemas.microsoft.com/win/2004/08/events/event'><System><Provider Name='Microsoft-Windows-Sysmon' Guid='{5770385F-C22A-43E0-BF4C-06F5698FFBD9}'/><EventID>10</EventID><Version>3</Version><Level>4</Level><Task>10</Task><Opcode>0</Opcode><Keywords>0x8000000000000000</Keywords><TimeCreated SystemTime='2021-01-22T20:44:00.348752500Z'/><EventRecordID>31208</EventRecordID><Correlation/><Execution ProcessID='2448' ThreadID='3264'/><Channel>Microsoft-Windows-Sysmon/Operational</Channel><Computer>win-dc-770.attackrange.local</Computer><Security UserID='S-1-5-18'/></System><EventData><Data Name='RuleName'>-</Data><Data Name='UtcTime'>2021-01-22 20:44:00.332</Data><Data Name='SourceProcessGUID'>{732C744F-151A-600B-0C00-00000000A301}</Data><Data Name='SourceProcessId'>584</Data><Data Name='SourceThreadId'>7068</Data><Data Name='SourceImage'>C:\Windows\system32\svchost.exe</Data><Data Name='TargetProcessGUID'>{732C744F-152A-600B-3100-00000000A301}</Data><Data Name='TargetProcessId'>2448</Data><Data Name='TargetImage'>C:\Windows\sysmon64.exe</Data><Data Name='GrantedAccess'>0x1400</Data><Data Name='CallTrace'>C:\Windows\SYSTEM32\ntdll.dll+a5a94|C:\Windows\System32\KERNELBASE.dll+5eab4|c:\windows\system32\lsm.dll+11aad|C:\Windows\System32\RPCRT4.dll+78e23|C:\Windows\System32\RPCRT4.dll+d96bd|C:\Windows\System32\RPCRT4.dll+6194c|C:\Windows\System32\RPCRT4.dll+52bf4|C:\Windows\System32\RPCRT4.dll+51b0d|C:\Windows\System32\RPCRT4.dll+523bb|C:\Windows\System32\RPCRT4.dll+2469c|C:\Windows\System32\RPCRT4.dll+24b1c|C:\Windows\System32\RPCRT4.dll+111bc|C:\Windows\System32\RPCRT4.dll+12a1b|C:\Windows\System32\RPCRT4.dll+1e12a|C:\Windows\SYSTEM32\ntdll.dll+1d34e|C:\Windows\SYSTEM32\ntdll.dll+1ecb9|C:\Windows\System32\KERNEL32.DLL+84d4|C:\Windows\SYSTEM32\ntdll.dll+51791</Data></EventData></Event>
<Event xmlns='http://schemas.microsoft.com/win/2004/08/events/event'><System><Provider Name='Microsoft-Windows-Sysmon' Guid='{5770385F-C22A-43E0-BF4C-06F5698FFBD9}'/><EventID>10</EventID><Version>3</Version><Level>4</Level><Task>10</Task><Opcode>0</Opcode><Keywords>0x8000000000000000</Keywords><TimeCreated SystemTime='2021-01-22T20:44:00.348684400Z'/><EventRecordID>31207</EventRecordID><Correlation/><Execution ProcessID='2448' ThreadID='3264'/><Channel>Microsoft-Windows-Sysmon/Operational</Channel><Computer>win-dc-770.attackrange.local</Computer><Security UserID='S-1-5-18'/></System><EventData><Data Name='RuleName'>-</Data><Data Name='UtcTime'>2021-01-22 20:44:00.332</Data><Data Name='SourceProcessGUID'>{732C744F-151A-600B-0C00-00000000A301}</Data><Data Name='SourceProcessId'>584</Data><Data Name='SourceThreadId'>7068</Data><Data Name='SourceImage'>C:\Windows\system32\svchost.exe</Data><Data Name='TargetProcessGUID'>{732C744F-152A-600B-3100-00000000A301}</Data><Data Name='TargetProcessId'>2448</Data><Data Name='TargetImage'>C:\Windows\sysmon64.exe</Data><Data Name='GrantedAccess'>0x1400</Data><Data Name='CallTrace'>C:\Windows\SYSTEM32\ntdll.dll+a5a94|C:\Windows\System32\KERNELBASE.dll+5eab4|c:\windows\system32\lsm.dll+11058|C:\Windows\System32\RPCRT4.dll+78e23|C:\Windows\System32\RPCRT4.dll+d96bd|C:\Windows\System32\RPCRT4.dll+6194c|C:\Windows\System32\RPCRT4.dll+52bf4|C:\Windows\System32\RPCRT4.dll+51b0d|C:\Windows\System32\RPCRT4.dll+523bb|C:\Windows\System32\RPCRT4.dll+2469c|C:\Windows\System32\RPCRT4.dll+24b1c|C:\Windows\System32\RPCRT4.dll+111bc|C:\Windows\System32\RPCRT4.dll+12a1b|C:\Windows\System32\RPCRT4.dll+1e12a|C:\Windows\SYSTEM32\ntdll.dll+1d34e|C:\Windows\SYSTEM32\ntdll.dll+1ecb9|C:\Windows\System32\KERNEL32.DLL+84d4|C:\Windows\SYSTEM32\ntdll.dll+51791</Data></EventData></Event>
<Event xmlns='http://schemas.microsoft.com/win/2004/08/events/event'><System><Provider Name='Microsoft-Windows-Sysmon' Guid='{5770385F-C22A-43E0-BF4C-06F5698FFBD9}'/><EventID>10</EventID><Version>3</Version><Level>4</Level><Task>10</Task><Opcode>0</Opcode><Keywords>0x8000000000000000</Keywords><TimeCreated SystemTime='2021-01-22T20:44:00.348612300Z'/><EventRecordID>31206</EventRecordID><Correlation/><Execution ProcessID='2448' ThreadID='3264'/><Channel>Microsoft-Windows-Sysmon/Operational</Channel><Computer>win-dc-770.attackrange.local</Computer><Security UserID='S-1-5-18'/></System><EventData><Data Name='RuleName'>-</Data><Data Name='UtcTime'>2021-01-22 20:44:00.332</Data><Data Name='SourceProcessGUID'>{732C744F-151A-600B-0C00-00000000A301}</Data><Data Name='SourceProcessId'>584</Data><Data Name='SourceThreadId'>7068</Data><Data Name='SourceImage'>C:\Windows\system32\svchost.exe</Data><Data Name='TargetProcessGUID'>{732C744F-152A-600B-3100-00000000A301}</Data><Data Name='TargetProcessId'>2448</Data><Data Name='TargetImage'>C:\Windows\sysmon64.exe</Data><Data Name='GrantedAccess'>0x1400</Data><Data Name='CallTrace'>C:\Windows\SYSTEM32\ntdll.dll+a5a94|C:\Windows\System32\KERNELBASE.dll+5eab4|c:\windows\system32\lsm.dll+12023|C:\Windows\System32\RPCRT4.dll+78e23|C:\Windows\System32\RPCRT4.dll+d96bd|C:\Windows\System32\RPCRT4.dll+6194c|C:\Windows\System32\RPCRT4.dll+52bf4|C:\Windows\System32\RPCRT4.dll+51b0d|C:\Windows\System32\RPCRT4.dll+523bb|C:\Windows\System32\RPCRT4.dll+2469c|C:\Windows\System32\RPCRT4.dll+24b1c|C:\Windows\System32\RPCRT4.dll+111bc|C:\Windows\System32\RPCRT4.dll+12a1b|C:\Windows\System32\RPCRT4.dll+1e12a|C:\Windows\SYSTEM32\ntdll.dll+1d34e|C:\Windows\SYSTEM32\ntdll.dll+1ecb9|C:\Windows\System32\KERNEL32.DLL+84d4|C:\Windows\SYSTEM32\ntdll.dll+51791</Data></EventData></Event>
<Event xmlns='http://schemas.microsoft.com/win/2004/08/events/event'><System><Provider Name='Microsoft-Windows-Sysmon' Guid='{5770385F-C22A-43E0-BF4C-06F5698FFBD9}'/><EventID>10</EventID><Version>3</Version><Level>4</Level><Task>10</Task><Opcode>0</Opcode><Keywords>0x8000000000000000</Keywords><TimeCreated SystemTime='2021-01-22T20:44:00.348529500Z'/><EventRecordID>31205</EventRecordID><Correlation/><Execution ProcessID='2448' ThreadID='3264'/><Channel>Microsoft-Windows-Sysmon/Operational</Channel><Computer>win-dc-770.attackrange.local</Computer><Security UserID='S-1-5-18'/></System><EventData><Data Name='RuleName'>-</Data><Data Name='UtcTime'>2021-01-22 20:44:00.332</Data><Data Name='SourceProcessGUID'>{732C744F-17DF-600B-9401-00000000A301}</Data><Data Name='SourceProcessId'>5084</Data><Data Name='SourceThreadId'>884</Data><Data Name='SourceImage'>C:\Windows\system32\csrss.exe</Data><Data Name='TargetProcessGUID'>{732C744F-3910-600B-3F0C-00000000A301}</Data><Data Name='TargetProcessId'>5228</Data><Data Name='TargetImage'>C:\Windows\system32\wbadmin.exe</Data><Data Name='GrantedAccess'>0x1fffff</Data><Data Name='CallTrace'>C:\Windows\SYSTEM32\ntdll.dll+a5a94|C:\Windows\system32\basesrv.DLL+2f47|C:\Windows\SYSTEM32\CSRSRV.dll+5645|C:\Windows\SYSTEM32\ntdll.dll+5179f</Data></EventData></Event>
<Event xmlns='http://schemas.microsoft.com/win/2004/08/events/event'><System><Provider Name='Microsoft-Windows-Sysmon' Guid='{5770385F-C22A-43E0-BF4C-06F5698FFBD9}'/><EventID>10</EventID><Version>3</Version><Level>4</Level><Task>10</Task><Opcode>0</Opcode><Keywords>0x8000000000000000</Keywords><TimeCreated SystemTime='2021-01-22T20:44:00.348356400Z'/><EventRecordID>31204</EventRecordID><Correlation/><Execution ProcessID='2448' ThreadID='3264'/><Channel>Microsoft-Windows-Sysmon/Operational</Channel><Computer>win-dc-770.attackrange.local</Computer><Security UserID='S-1-5-18'/></System><EventData><Data Name='RuleName'>-</Data><Data Name='UtcTime'>2021-01-22 20:44:00.332</Data><Data Name='SourceProcessGUID'>{732C744F-3910-600B-3E0C-00000000A301}</Data><Data Name='SourceProcessId'>4420</Data><Data Name='SourceThreadId'>8040</Data><Data Name='SourceImage'>C:\Windows\system32\cmd.exe</Data><Data Name='TargetProcessGUID'>{732C744F-3910-600B-3F0C-00000000A301}</Data><Data Name='TargetProcessId'>5228</Data><Data Name='TargetImage'>C:\Windows\system32\wbadmin.exe</Data><Data Name='GrantedAccess'>0x1fffff</Data><Data Name='CallTrace'>C:\Windows\SYSTEM32\ntdll.dll+a6d64|C:\Windows\System32\KERNELBASE.dll+2b860|C:\Windows\System32\KERNELBASE.dll+6b246|C:\Windows\System32\KERNEL32.DLL+1c213|C:\Windows\system32\cmd.exe+f1e1|C:\Windows\system32\cmd.exe+11a37|C:\Windows\system32\cmd.exe+cb0d|C:\Windows\system32\cmd.exe+c295|C:\Windows\system32\cmd.exe+f916|C:\Windows\system32\cmd.exe+1510d|C:\Windows\System32\KERNEL32.DLL+84d4|C:\Windows\SYSTEM32\ntdll.dll+51791</Data></EventData></Event>
<Event xmlns='http://schemas.microsoft.com/win/2004/08/events/event'><System><Provider Name='Microsoft-Windows-Sysmon' Guid='{5770385F-C22A-43E0-BF4C-06F5698FFBD9}'/><EventID>1</EventID><Version>5</Version><Level>4</Level><Task>1</Task><Opcode>0</Opcode><Keywords>0x8000000000000000</Keywords><TimeCreated SystemTime='2021-01-22T20:44:00.347988800Z'/><EventRecordID>31203</EventRecordID><Correlation/><Execution ProcessID='2448' ThreadID='3264'/><Channel>Microsoft-Windows-Sysmon/Operational</Channel><Computer>win-dc-770.attackrange.local</Computer><Security UserID='S-1-5-18'/></System><EventData><Data Name='RuleName'>-</Data><Data Name='UtcTime'>2021-01-22 20:44:00.346</Data><Data Name='ProcessGuid'>{732C744F-3910-600B-3F0C-00000000A301}</Data><Data Name='ProcessId'>5228</Data><Data Name='Image'>C:\Windows\System32\wbadmin.exe</Data><Data Name='FileVersion'>10.0.14393.4169 (rs1_release.210107-1130)</Data><Data Name='Description'>Command Line Interface for Microsoft® BLB Backup</Data><Data Name='Product'>Microsoft® Windows® Operating System</Data><Data Name='Company'>Microsoft Corporation</Data><Data Name='OriginalFileName'>WBADMIN.EXE</Data><Data Name='CommandLine'>wbadmin  delete systemstatebackup -keepVersions:0 </Data><Data Name='CurrentDirectory'>C:\Users\ADMINI~1\AppData\Local\Temp\</Data><Data Name='User'>ATTACKRANGE\Administrator</Data><Data Name='LogonGuid'>{732C744F-17E1-600B-DAA7-130000000000}</Data><Data Name='LogonId'>0x13a7da</Data><Data Name='TerminalSessionId'>2</Data><Data Name='IntegrityLevel'>High</Data><Data Name='Hashes'>MD5=E60FB807C5A0D66D6A60FB8DA5F5FAD3,SHA256=433B05C66F0F1F31319668759F9E5BE201E3A7C3B93045B3D2752DFF3E112E50,IMPHASH=B8C577D7B953FA1C1CDB7DFE18C52F02</Data><Data Name='ParentProcessGuid'>{732C744F-3910-600B-3E0C-00000000A301}</Data><Data Name='ParentProcessId'>4420</Data><Data Name='ParentImage'>C:\Windows\System32\cmd.exe</Data><Data Name='ParentCommandLine'>"C:\Windows\system32\cmd.exe" /c "wbadmin delete systemstatebackup -keepVersions:0" </Data></EventData></Event>
