<Event xmlns='http://schemas.microsoft.com/win/2004/08/events/event'><System><Provider Name='Microsoft-Windows-Sysmon' Guid='{5770385F-C22A-43E0-BF4C-06F5698FFBD9}'/><EventID>10</EventID><Version>3</Version><Level>4</Level><Task>10</Task><Opcode>0</Opcode><Keywords>0x8000000000000000</Keywords><TimeCreated SystemTime='2021-01-22T20:43:32.252439000Z'/><EventRecordID>31037</EventRecordID><Correlation/><Execution ProcessID='2448' ThreadID='3264'/><Channel>Microsoft-Windows-Sysmon/Operational</Channel><Computer>win-dc-770.attackrange.local</Computer><Security UserID='S-1-5-18'/></System><EventData><Data Name='RuleName'>-</Data><Data Name='UtcTime'>2021-01-22 20:43:32.239</Data><Data Name='SourceProcessGUID'>{732C744F-1C72-600B-C805-00000000A301}</Data><Data Name='SourceProcessId'>3468</Data><Data Name='SourceThreadId'>3748</Data><Data Name='SourceImage'>C:\Windows\System32\WindowsPowerShell\v1.0\powershell.exe</Data><Data Name='TargetProcessGUID'>{732C744F-38F4-600B-2E0C-00000000A301}</Data><Data Name='TargetProcessId'>8116</Data><Data Name='TargetImage'>C:\Windows\system32\cmd.exe</Data><Data Name='GrantedAccess'>0x1fffff</Data><Data Name='CallTrace'>C:\Windows\SYSTEM32\ntdll.dll+a6d64|C:\Windows\System32\KERNELBASE.dll+2b860|C:\Windows\System32\KERNELBASE.dll+6b246|C:\Windows\System32\KERNEL32.DLL+1c213|UNKNOWN(0000000000000000)|UNKNOWN(0000000000000000)|UNKNOWN(0000000000000000)|UNKNOWN(0000000000000000)|C:\Windows\assembly\NativeImages_v4.0.30319_64\System.Manaa57fc8cc#\f1f67958bde80ba63cbbc17c9cbeaa40\System.Management.Automation.ni.dll+250cd338|C:\Windows\assembly\NativeImages_v4.0.30319_64\System.Manaa57fc8cc#\f1f67958bde80ba63cbbc17c9cbeaa40\System.Management.Automation.ni.dll+250cd1ac|C:\Windows\assembly\NativeImages_v4.0.30319_64\System.Manaa57fc8cc#\f1f67958bde80ba63cbbc17c9cbeaa40\System.Management.Automation.ni.dll+2514f9d8|C:\Windows\assembly\NativeImages_v4.0.30319_64\System.Manaa57fc8cc#\f1f67958bde80ba63cbbc17c9cbeaa40\System.Management.Automation.ni.dll+250c5d94|C:\Windows\assembly\NativeImages_v4.0.30319_64\System.Manaa57fc8cc#\f1f67958bde80ba63cbbc17c9cbeaa40\System.Management.Automation.ni.dll+25b7ef87|C:\Windows\assembly\NativeImages_v4.0.30319_64\System.Manaa57fc8cc#\f1f67958bde80ba63cbbc17c9cbeaa40\System.Management.Automation.ni.dll+2508e58c|C:\Windows\assembly\NativeImages_v4.0.30319_64\System.Manaa57fc8cc#\f1f67958bde80ba63cbbc17c9cbeaa40\System.Management.Automation.ni.dll+250eca5b|C:\Windows\assembly\NativeImages_v4.0.30319_64\System.Manaa57fc8cc#\f1f67958bde80ba63cbbc17c9cbeaa40\System.Management.Automation.ni.dll+250d00c0|C:\Windows\assembly\NativeImages_v4.0.30319_64\System.Manaa57fc8cc#\f1f67958bde80ba63cbbc17c9cbeaa40\System.Management.Automation.ni.dll+250d00c0|C:\Windows\assembly\NativeImages_v4.0.30319_64\System.Manaa57fc8cc#\f1f67958bde80ba63cbbc17c9cbeaa40\System.Management.Automation.ni.dll+250d00c0|C:\Windows\assembly\NativeImages_v4.0.30319_64\System.Manaa57fc8cc#\f1f67958bde80ba63cbbc17c9cbeaa40\System.Management.Automation.ni.dll+250d00c0|C:\Windows\assembly\NativeImages_v4.0.30319_64\System.Manaa57fc8cc#\f1f67958bde80ba63cbbc17c9cbeaa40\System.Management.Automation.ni.dll+250d00c0|C:\Windows\assembly\NativeImages_v4.0.30319_64\System.Manaa57fc8cc#\f1f67958bde80ba63cbbc17c9cbeaa40\System.Management.Automation.ni.dll+250d00c0|C:\Windows\assembly\NativeImages_v4.0.30319_64\System.Manaa57fc8cc#\f1f67958bde80ba63cbbc17c9cbeaa40\System.Management.Automation.ni.dll+250cff51|C:\Windows\assembly\NativeImages_v4.0.30319_64\System.Manaa57fc8cc#\f1f67958bde80ba63cbbc17c9cbeaa40\System.Management.Automation.ni.dll+250c1ed6|C:\Windows\assembly\NativeImages_v4.0.30319_64\System.Manaa57fc8cc#\f1f67958bde80ba63cbbc17c9cbeaa40\System.Management.Automation.ni.dll+250fb066</Data></EventData></Event>
<Event xmlns='http://schemas.microsoft.com/win/2004/08/events/event'><System><Provider Name='Microsoft-Windows-Sysmon' Guid='{5770385F-C22A-43E0-BF4C-06F5698FFBD9}'/><EventID>1</EventID><Version>5</Version><Level>4</Level><Task>1</Task><Opcode>0</Opcode><Keywords>0x8000000000000000</Keywords><TimeCreated SystemTime='2021-01-22T20:43:32.252158200Z'/><EventRecordID>31036</EventRecordID><Correlation/><Execution ProcessID='2448' ThreadID='3264'/><Channel>Microsoft-Windows-Sysmon/Operational</Channel><Computer>win-dc-770.attackrange.local</Computer><Security UserID='S-1-5-18'/></System><EventData><Data Name='RuleName'>-</Data><Data Name='UtcTime'>2021-01-22 20:43:32.249</Data><Data Name='ProcessGuid'>{732C744F-38F4-600B-2E0C-00000000A301}</Data><Data Name='ProcessId'>8116</Data><Data Name='Image'>C:\Windows\System32\cmd.exe</Data><Data Name='FileVersion'>10.0.14393.0 (rs1_release.160715-1616)</Data><Data Name='Description'>Windows Command Processor</Data><Data Name='Product'>Microsoft® Windows® Operating System</Data><Data Name='Company'>Microsoft Corporation</Data><Data Name='OriginalFileName'>Cmd.Exe</Data><Data Name='CommandLine'>"C:\Windows\system32\cmd.exe" /c "wbadmin delete catalog -quiet" </Data><Data Name='CurrentDirectory'>C:\Users\ADMINI~1\AppData\Local\Temp\</Data><Data Name='User'>ATTACKRANGE\Administrator</Data><Data Name='LogonGuid'>{732C744F-17E1-600B-DAA7-130000000000}</Data><Data Name='LogonId'>0x13a7da</Data><Data Name='TerminalSessionId'>2</Data><Data Name='IntegrityLevel'>High</Data><Data Name='Hashes'>MD5=F4F684066175B77E0C3A000549D2922C,SHA256=935C1861DF1F4018D698E8B65ABFA02D7E9037D8F68CA3C2065B6CA165D44AD2,IMPHASH=3062ED732D4B25D1C64F084DAC97D37A</Data><Data Name='ParentProcessGuid'>{732C744F-1C72-600B-C805-00000000A301}</Data><Data Name='ParentProcessId'>3468</Data><Data Name='ParentImage'>C:\Windows\System32\WindowsPowerShell\v1.0\powershell.exe</Data><Data Name='ParentCommandLine'>"C:\Windows\System32\WindowsPowerShell\v1.0\powershell.exe" </Data></EventData></Event>
<Event xmlns='http://schemas.microsoft.com/win/2004/08/events/event'><System><Provider Name='Microsoft-Windows-Sysmon' Guid='{5770385F-C22A-43E0-BF4C-06F5698FFBD9}'/><EventID>11</EventID><Version>2</Version><Level>4</Level><Task>11</Task><Opcode>0</Opcode><Keywords>0x8000000000000000</Keywords><TimeCreated SystemTime='2021-01-22T20:43:32.249228700Z'/><EventRecordID>31035</EventRecordID><Correlation/><Execution ProcessID='2448' ThreadID='3264'/><Channel>Microsoft-Windows-Sysmon/Operational</Channel><Computer>win-dc-770.attackrange.local</Computer><Security UserID='S-1-5-18'/></System><EventData><Data Name='RuleName'>-</Data><Data Name='UtcTime'>2021-01-22 20:43:32.239</Data><Data Name='ProcessGuid'>{732C744F-1C72-600B-C805-00000000A301}</Data><Data Name='ProcessId'>3468</Data><Data Name='Image'>C:\Windows\System32\WindowsPowerShell\v1.0\powershell.exe</Data><Data Name='TargetFilename'>C:\Users\ADMINI~1\AppData\Local\Temp\art-err.txt</Data><Data Name='CreationUtcTime'>2021-01-22 20:43:31.958</Data></EventData></Event>
<Event xmlns='http://schemas.microsoft.com/win/2004/08/events/event'><System><Provider Name='Microsoft-Windows-Sysmon' Guid='{5770385F-C22A-43E0-BF4C-06F5698FFBD9}'/><EventID>11</EventID><Version>2</Version><Level>4</Level><Task>11</Task><Opcode>0</Opcode><Keywords>0x8000000000000000</Keywords><TimeCreated SystemTime='2021-01-22T20:43:32.247980700Z'/><EventRecordID>31034</EventRecordID><Correlation/><Execution ProcessID='2448' ThreadID='3264'/><Channel>Microsoft-Windows-Sysmon/Operational</Channel><Computer>win-dc-770.attackrange.local</Computer><Security UserID='S-1-5-18'/></System><EventData><Data Name='RuleName'>-</Data><Data Name='UtcTime'>2021-01-22 20:43:32.239</Data><Data Name='ProcessGuid'>{732C744F-1C72-600B-C805-00000000A301}</Data><Data Name='ProcessId'>3468</Data><Data Name='Image'>C:\Windows\System32\WindowsPowerShell\v1.0\powershell.exe</Data><Data Name='TargetFilename'>C:\Users\ADMINI~1\AppData\Local\Temp\art-out.txt</Data><Data Name='CreationUtcTime'>2021-01-22 20:43:31.958</Data></EventData></Event>
<Event xmlns='http://schemas.microsoft.com/win/2004/08/events/event'><System><Provider Name='Microsoft-Windows-Sysmon' Guid='{5770385F-C22A-43E0-BF4C-06F5698FFBD9}'/><EventID>10</EventID><Version>3</Version><Level>4</Level><Task>10</Task><Opcode>0</Opcode><Keywords>0x8000000000000000</Keywords><TimeCreated SystemTime='2021-01-22T20:43:32.184221600Z'/><EventRecordID>31033</EventRecordID><Correlation/><Execution ProcessID='2448' ThreadID='3264'/><Channel>Microsoft-Windows-Sysmon/Operational</Channel><Computer>win-dc-770.attackrange.local</Computer><Security UserID='S-1-5-18'/></System><EventData><Data Name='RuleName'>-</Data><Data Name='UtcTime'>2021-01-22 20:43:32.177</Data><Data Name='SourceProcessGUID'>{732C744F-151A-600B-1600-00000000A301}</Data><Data Name='SourceProcessId'>1528</Data><Data Name='SourceThreadId'>1136</Data><Data Name='SourceImage'>C:\Windows\system32\svchost.exe</Data><Data Name='TargetProcessGUID'>{732C744F-38F4-600B-2D0C-00000000A301}</Data><Data Name='TargetProcessId'>6752</Data><Data Name='TargetImage'>C:\Windows\system32\wbem\wmiprvse.exe</Data><Data Name='GrantedAccess'>0x101541</Data><Data Name='CallTrace'>C:\Windows\SYSTEM32\ntdll.dll+a5a94|C:\Windows\System32\KERNELBASE.dll+221bd|C:\Windows\system32\wbem\wmiprvsd.dll+20fee|C:\Windows\system32\wbem\wmiprvsd.dll+43f7|C:\Windows\system32\wbem\wmiprvsd.dll+15538|C:\Windows\system32\wbem\wmiprvsd.dll+1498a|C:\Windows\system32\wbem\wmiprvsd.dll+146e6|C:\Windows\system32\wbem\wmiprvsd.dll+140fe|C:\Windows\system32\wbem\wbemcore.dll+b920|C:\Windows\system32\wbem\wbemcore.dll+255ff|C:\Windows\system32\wbem\wbemcore.dll+24a9a|C:\Windows\system32\wbem\wbemcore.dll+2485e|C:\Windows\system32\wbem\wbemcore.dll+2685b|C:\Windows\system32\wbem\wbemcore.dll+22b78|C:\Windows\system32\wbem\wbemcore.dll+22a19|C:\Windows\system32\wbem\wbemcore.dll+21f5a|C:\Windows\system32\wbem\wbemcore.dll+22711|C:\Windows\system32\wbem\wbemcore.dll+2d78c|C:\Windows\System32\KERNEL32.DLL+84d4|C:\Windows\SYSTEM32\ntdll.dll+51791</Data></EventData></Event>
<Event xmlns='http://schemas.microsoft.com/win/2004/08/events/event'><System><Provider Name='Microsoft-Windows-Sysmon' Guid='{5770385F-C22A-43E0-BF4C-06F5698FFBD9}'/><EventID>10</EventID><Version>3</Version><Level>4</Level><Task>10</Task><Opcode>0</Opcode><Keywords>0x8000000000000000</Keywords><TimeCreated SystemTime='2021-01-22T20:43:32.174309600Z'/><EventRecordID>31032</EventRecordID><Correlation/><Execution ProcessID='2448' ThreadID='3264'/><Channel>Microsoft-Windows-Sysmon/Operational</Channel><Computer>win-dc-770.attackrange.local</Computer><Security UserID='S-1-5-18'/></System><EventData><Data Name='RuleName'>-</Data><Data Name='UtcTime'>2021-01-22 20:43:32.161</Data><Data Name='SourceProcessGUID'>{732C744F-151A-600B-0C00-00000000A301}</Data><Data Name='SourceProcessId'>584</Data><Data Name='SourceThreadId'>7816</Data><Data Name='SourceImage'>C:\Windows\system32\svchost.exe</Data><Data Name='TargetProcessGUID'>{732C744F-38F4-600B-2D0C-00000000A301}</Data><Data Name='TargetProcessId'>6752</Data><Data Name='TargetImage'>C:\Windows\system32\wbem\wmiprvse.exe</Data><Data Name='GrantedAccess'>0x1000</Data><Data Name='CallTrace'>C:\Windows\SYSTEM32\ntdll.dll+a5a94|C:\Windows\System32\KERNELBASE.dll+221bd|c:\windows\system32\rpcss.dll+5296|C:\Windows\System32\RPCRT4.dll+78e23|C:\Windows\System32\RPCRT4.dll+2d5ab|C:\Windows\System32\RPCRT4.dll+620fa|C:\Windows\System32\RPCRT4.dll+52bf4|C:\Windows\System32\RPCRT4.dll+51b0d|C:\Windows\System32\RPCRT4.dll+523bb|C:\Windows\System32\RPCRT4.dll+2469c|C:\Windows\System32\RPCRT4.dll+24b1c|C:\Windows\System32\RPCRT4.dll+111bc|C:\Windows\System32\RPCRT4.dll+12a1b|C:\Windows\System32\RPCRT4.dll+1e12a|C:\Windows\SYSTEM32\ntdll.dll+1d34e|C:\Windows\SYSTEM32\ntdll.dll+1ecb9|C:\Windows\System32\KERNEL32.DLL+84d4|C:\Windows\SYSTEM32\ntdll.dll+51791</Data></EventData></Event>
<Event xmlns='http://schemas.microsoft.com/win/2004/08/events/event'><System><Provider Name='Microsoft-Windows-Sysmon' Guid='{5770385F-C22A-43E0-BF4C-06F5698FFBD9}'/><EventID>10</EventID><Version>3</Version><Level>4</Level><Task>10</Task><Opcode>0</Opcode><Keywords>0x8000000000000000</Keywords><TimeCreated SystemTime='2021-01-22T20:43:32.162382500Z'/><EventRecordID>31031</EventRecordID><Correlation/><Execution ProcessID='2448' ThreadID='3264'/><Channel>Microsoft-Windows-Sysmon/Operational</Channel><Computer>win-dc-770.attackrange.local</Computer><Security UserID='S-1-5-18'/></System><EventData><Data Name='RuleName'>-</Data><Data Name='UtcTime'>2021-01-22 20:43:32.161</Data><Data Name='SourceProcessGUID'>{732C744F-1517-600B-0500-00000000A301}</Data><Data Name='SourceProcessId'>640</Data><Data Name='SourceThreadId'>2208</Data><Data Name='SourceImage'>C:\Windows\system32\csrss.exe</Data><Data Name='TargetProcessGUID'>{732C744F-38F4-600B-2D0C-00000000A301}</Data><Data Name='TargetProcessId'>6752</Data><Data Name='TargetImage'>C:\Windows\system32\wbem\wmiprvse.exe</Data><Data Name='GrantedAccess'>0x1fffff</Data><Data Name='CallTrace'>C:\Windows\SYSTEM32\ntdll.dll+a5a94|C:\Windows\system32\basesrv.DLL+2f47|C:\Windows\SYSTEM32\CSRSRV.dll+5645|C:\Windows\SYSTEM32\ntdll.dll+5179f</Data></EventData></Event>
<Event xmlns='http://schemas.microsoft.com/win/2004/08/events/event'><System><Provider Name='Microsoft-Windows-Sysmon' Guid='{5770385F-C22A-43E0-BF4C-06F5698FFBD9}'/><EventID>10</EventID><Version>3</Version><Level>4</Level><Task>10</Task><Opcode>0</Opcode><Keywords>0x8000000000000000</Keywords><TimeCreated SystemTime='2021-01-22T20:43:32.162329700Z'/><EventRecordID>31030</EventRecordID><Correlation/><Execution ProcessID='2448' ThreadID='3264'/><Channel>Microsoft-Windows-Sysmon/Operational</Channel><Computer>win-dc-770.attackrange.local</Computer><Security UserID='S-1-5-18'/></System><EventData><Data Name='RuleName'>-</Data><Data Name='UtcTime'>2021-01-22 20:43:32.161</Data><Data Name='SourceProcessGUID'>{732C744F-151A-600B-0C00-00000000A301}</Data><Data Name='SourceProcessId'>584</Data><Data Name='SourceThreadId'>7816</Data><Data Name='SourceImage'>C:\Windows\system32\svchost.exe</Data><Data Name='TargetProcessGUID'>{732C744F-38F4-600B-2D0C-00000000A301}</Data><Data Name='TargetProcessId'>6752</Data><Data Name='TargetImage'>C:\Windows\system32\wbem\wmiprvse.exe</Data><Data Name='GrantedAccess'>0x1fffff</Data><Data Name='CallTrace'>C:\Windows\SYSTEM32\ntdll.dll+a6d64|C:\Windows\System32\KERNELBASE.dll+2b860|C:\Windows\System32\KERNELBASE.dll+6f453|C:\Windows\System32\KERNEL32.DLL+1d37f|c:\windows\system32\rpcss.dll+35069|c:\windows\system32\rpcss.dll+3a852|C:\Windows\System32\RPCRT4.dll+78e23|C:\Windows\System32\RPCRT4.dll+2d5ab|C:\Windows\System32\RPCRT4.dll+620fa|C:\Windows\System32\RPCRT4.dll+52bf4|C:\Windows\System32\RPCRT4.dll+51b0d|C:\Windows\System32\RPCRT4.dll+523bb|C:\Windows\System32\RPCRT4.dll+2469c|C:\Windows\System32\RPCRT4.dll+24b1c|C:\Windows\System32\RPCRT4.dll+111bc|C:\Windows\System32\RPCRT4.dll+12a1b|C:\Windows\System32\RPCRT4.dll+1e12a|C:\Windows\SYSTEM32\ntdll.dll+1d34e|C:\Windows\SYSTEM32\ntdll.dll+1ecb9|C:\Windows\System32\KERNEL32.DLL+84d4|C:\Windows\SYSTEM32\ntdll.dll+51791</Data></EventData></Event>
<Event xmlns='http://schemas.microsoft.com/win/2004/08/events/event'><System><Provider Name='Microsoft-Windows-Sysmon' Guid='{5770385F-C22A-43E0-BF4C-06F5698FFBD9}'/><EventID>10</EventID><Version>3</Version><Level>4</Level><Task>10</Task><Opcode>0</Opcode><Keywords>0x8000000000000000</Keywords><TimeCreated SystemTime='2021-01-22T20:43:32.159871900Z'/><EventRecordID>31029</EventRecordID><Correlation/><Execution ProcessID='2448' ThreadID='3264'/><Channel>Microsoft-Windows-Sysmon/Operational</Channel><Computer>win-dc-770.attackrange.local</Computer><Security UserID='S-1-5-18'/></System><EventData><Data Name='RuleName'>-</Data><Data Name='UtcTime'>2021-01-22 20:43:32.146</Data><Data Name='SourceProcessGUID'>{732C744F-151A-600B-0C00-00000000A301}</Data><Data Name='SourceProcessId'>584</Data><Data Name='SourceThreadId'>7816</Data><Data Name='SourceImage'>C:\Windows\system32\svchost.exe</Data><Data Name='TargetProcessGUID'>{732C744F-1518-600B-0B00-00000000A301}</Data><Data Name='TargetProcessId'>856</Data><Data Name='TargetImage'>C:\Windows\system32\lsass.exe</Data><Data Name='GrantedAccess'>0x1400</Data><Data Name='CallTrace'>C:\Windows\SYSTEM32\ntdll.dll+a5a94|C:\Windows\System32\KERNELBASE.dll+5eab4|c:\windows\system32\lsm.dll+f86b|C:\Windows\System32\RPCRT4.dll+78e23|C:\Windows\System32\RPCRT4.dll+d96bd|C:\Windows\System32\RPCRT4.dll+6194c|C:\Windows\System32\RPCRT4.dll+52bf4|C:\Windows\System32\RPCRT4.dll+51b0d|C:\Windows\System32\RPCRT4.dll+523bb|C:\Windows\System32\RPCRT4.dll+2469c|C:\Windows\System32\RPCRT4.dll+24b1c|C:\Windows\System32\RPCRT4.dll+111bc|C:\Windows\System32\RPCRT4.dll+12a1b|C:\Windows\System32\RPCRT4.dll+1e12a|C:\Windows\SYSTEM32\ntdll.dll+1d34e|C:\Windows\SYSTEM32\ntdll.dll+1ecb9|C:\Windows\System32\KERNEL32.DLL+84d4|C:\Windows\SYSTEM32\ntdll.dll+51791</Data></EventData></Event>
<Event xmlns='http://schemas.microsoft.com/win/2004/08/events/event'><System><Provider Name='Microsoft-Windows-Sysmon' Guid='{5770385F-C22A-43E0-BF4C-06F5698FFBD9}'/><EventID>10</EventID><Version>3</Version><Level>4</Level><Task>10</Task><Opcode>0</Opcode><Keywords>0x8000000000000000</Keywords><TimeCreated SystemTime='2021-01-22T20:43:32.159794300Z'/><EventRecordID>31028</EventRecordID><Correlation/><Execution ProcessID='2448' ThreadID='3264'/><Channel>Microsoft-Windows-Sysmon/Operational</Channel><Computer>win-dc-770.attackrange.local</Computer><Security UserID='S-1-5-18'/></System><EventData><Data Name='RuleName'>-</Data><Data Name='UtcTime'>2021-01-22 20:43:32.146</Data><Data Name='SourceProcessGUID'>{732C744F-151A-600B-0C00-00000000A301}</Data><Data Name='SourceProcessId'>584</Data><Data Name='SourceThreadId'>7816</Data><Data Name='SourceImage'>C:\Windows\system32\svchost.exe</Data><Data Name='TargetProcessGUID'>{732C744F-1518-600B-0B00-00000000A301}</Data><Data Name='TargetProcessId'>856</Data><Data Name='TargetImage'>C:\Windows\system32\lsass.exe</Data><Data Name='GrantedAccess'>0x1400</Data><Data Name='CallTrace'>C:\Windows\SYSTEM32\ntdll.dll+a5a94|C:\Windows\System32\KERNELBASE.dll+5eab4|c:\windows\system32\lsm.dll+f71b|C:\Windows\System32\RPCRT4.dll+78e23|C:\Windows\System32\RPCRT4.dll+d96bd|C:\Windows\System32\RPCRT4.dll+6194c|C:\Windows\System32\RPCRT4.dll+52bf4|C:\Windows\System32\RPCRT4.dll+51b0d|C:\Windows\System32\RPCRT4.dll+523bb|C:\Windows\System32\RPCRT4.dll+2469c|C:\Windows\System32\RPCRT4.dll+24b1c|C:\Windows\System32\RPCRT4.dll+111bc|C:\Windows\System32\RPCRT4.dll+12a1b|C:\Windows\System32\RPCRT4.dll+1e12a|C:\Windows\SYSTEM32\ntdll.dll+1d34e|C:\Windows\SYSTEM32\ntdll.dll+1ecb9|C:\Windows\System32\KERNEL32.DLL+84d4|C:\Windows\SYSTEM32\ntdll.dll+51791</Data></EventData></Event>
<Event xmlns='http://schemas.microsoft.com/win/2004/08/events/event'><System><Provider Name='Microsoft-Windows-Sysmon' Guid='{5770385F-C22A-43E0-BF4C-06F5698FFBD9}'/><EventID>10</EventID><Version>3</Version><Level>4</Level><Task>10</Task><Opcode>0</Opcode><Keywords>0x8000000000000000</Keywords><TimeCreated SystemTime='2021-01-22T20:43:32.159564300Z'/><EventRecordID>31027</EventRecordID><Correlation/><Execution ProcessID='2448' ThreadID='3264'/><Channel>Microsoft-Windows-Sysmon/Operational</Channel><Computer>win-dc-770.attackrange.local</Computer><Security UserID='S-1-5-18'/></System><EventData><Data Name='RuleName'>-</Data><Data Name='UtcTime'>2021-01-22 20:43:32.146</Data><Data Name='SourceProcessGUID'>{732C744F-1518-600B-0B00-00000000A301}</Data><Data Name='SourceProcessId'>856</Data><Data Name='SourceThreadId'>432</Data><Data Name='SourceImage'>C:\Windows\system32\lsass.exe</Data><Data Name='TargetProcessGUID'>{732C744F-151A-600B-1600-00000000A301}</Data><Data Name='TargetProcessId'>1528</Data><Data Name='TargetImage'>C:\Windows\system32\svchost.exe</Data><Data Name='GrantedAccess'>0x1000</Data><Data Name='CallTrace'>C:\Windows\SYSTEM32\ntdll.dll+a5a94|C:\Windows\system32\lsasrv.dll+1b05d|C:\Windows\system32\lsasrv.dll+2810b|C:\Windows\SYSTEM32\SspiSrv.dll+1467|C:\Windows\System32\RPCRT4.dll+78e23|C:\Windows\System32\RPCRT4.dll+d96bd|C:\Windows\System32\RPCRT4.dll+6194c|C:\Windows\System32\RPCRT4.dll+52bf4|C:\Windows\System32\RPCRT4.dll+51b0d|C:\Windows\System32\RPCRT4.dll+523bb|C:\Windows\System32\RPCRT4.dll+2469c|C:\Windows\System32\RPCRT4.dll+24b1c|C:\Windows\System32\RPCRT4.dll+111bc|C:\Windows\System32\RPCRT4.dll+12a1b|C:\Windows\System32\RPCRT4.dll+1e12a|C:\Windows\SYSTEM32\ntdll.dll+1d34e|C:\Windows\SYSTEM32\ntdll.dll+1ecb9|C:\Windows\System32\KERNEL32.DLL+84d4|C:\Windows\SYSTEM32\ntdll.dll+51791</Data></EventData></Event>
<Event xmlns='http://schemas.microsoft.com/win/2004/08/events/event'><System><Provider Name='Microsoft-Windows-Sysmon' Guid='{5770385F-C22A-43E0-BF4C-06F5698FFBD9}'/><EventID>10</EventID><Version>3</Version><Level>4</Level><Task>10</Task><Opcode>0</Opcode><Keywords>0x8000000000000000</Keywords><TimeCreated SystemTime='2021-01-22T20:43:32.145068800Z'/><EventRecordID>31026</EventRecordID><Correlation/><Execution ProcessID='2448' ThreadID='3264'/><Channel>Microsoft-Windows-Sysmon/Operational</Channel><Computer>win-dc-770.attackrange.local</Computer><Security UserID='S-1-5-18'/></System><EventData><Data Name='RuleName'>-</Data><Data Name='UtcTime'>2021-01-22 20:43:32.130</Data><Data Name='SourceProcessGUID'>{732C744F-151A-600B-1600-00000000A301}</Data><Data Name='SourceProcessId'>1528</Data><Data Name='SourceThreadId'>4252</Data><Data Name='SourceImage'>C:\Windows\system32\svchost.exe</Data><Data Name='TargetProcessGUID'>{732C744F-38F4-600B-2C0C-00000000A301}</Data><Data Name='TargetProcessId'>5108</Data><Data Name='TargetImage'>C:\Windows\System32\Wbem\WMIC.exe</Data><Data Name='GrantedAccess'>0x1400</Data><Data Name='CallTrace'>C:\Windows\SYSTEM32\ntdll.dll+a5a94|c:\windows\system32\themeservice.dll+235b|c:\windows\system32\themeservice.dll+1ed0|c:\windows\system32\themeservice.dll+2006|C:\Windows\SYSTEM32\ntdll.dll+39d09|C:\Windows\SYSTEM32\ntdll.dll+1e88a|C:\Windows\System32\KERNEL32.DLL+84d4|C:\Windows\SYSTEM32\ntdll.dll+51791</Data></EventData></Event>
<Event xmlns='http://schemas.microsoft.com/win/2004/08/events/event'><System><Provider Name='Microsoft-Windows-Sysmon' Guid='{5770385F-C22A-43E0-BF4C-06F5698FFBD9}'/><EventID>10</EventID><Version>3</Version><Level>4</Level><Task>10</Task><Opcode>0</Opcode><Keywords>0x8000000000000000</Keywords><TimeCreated SystemTime='2021-01-22T20:43:32.144935800Z'/><EventRecordID>31025</EventRecordID><Correlation/><Execution ProcessID='2448' ThreadID='3264'/><Channel>Microsoft-Windows-Sysmon/Operational</Channel><Computer>win-dc-770.attackrange.local</Computer><Security UserID='S-1-5-18'/></System><EventData><Data Name='RuleName'>-</Data><Data Name='UtcTime'>2021-01-22 20:43:32.130</Data><Data Name='SourceProcessGUID'>{732C744F-151A-600B-1600-00000000A301}</Data><Data Name='SourceProcessId'>1528</Data><Data Name='SourceThreadId'>1564</Data><Data Name='SourceImage'>C:\Windows\system32\svchost.exe</Data><Data Name='TargetProcessGUID'>{732C744F-38F4-600B-2C0C-00000000A301}</Data><Data Name='TargetProcessId'>5108</Data><Data Name='TargetImage'>C:\Windows\System32\Wbem\WMIC.exe</Data><Data Name='GrantedAccess'>0x1478</Data><Data Name='CallTrace'>C:\Windows\SYSTEM32\ntdll.dll+a5a94|c:\windows\system32\themeservice.dll+144a|c:\windows\system32\themeservice.dll+4175|c:\windows\system32\themeservice.dll+3379|c:\windows\system32\themeservice.dll+31a3|C:\Windows\system32\svchost.exe+1380|C:\Windows\System32\sechost.dll+14342|C:\Windows\System32\KERNEL32.DLL+84d4|C:\Windows\SYSTEM32\ntdll.dll+51791</Data></EventData></Event>
<Event xmlns='http://schemas.microsoft.com/win/2004/08/events/event'><System><Provider Name='Microsoft-Windows-Sysmon' Guid='{5770385F-C22A-43E0-BF4C-06F5698FFBD9}'/><EventID>10</EventID><Version>3</Version><Level>4</Level><Task>10</Task><Opcode>0</Opcode><Keywords>0x8000000000000000</Keywords><TimeCreated SystemTime='2021-01-22T20:43:32.134977700Z'/><EventRecordID>31024</EventRecordID><Correlation/><Execution ProcessID='2448' ThreadID='3264'/><Channel>Microsoft-Windows-Sysmon/Operational</Channel><Computer>win-dc-770.attackrange.local</Computer><Security UserID='S-1-5-18'/></System><EventData><Data Name='RuleName'>-</Data><Data Name='UtcTime'>2021-01-22 20:43:32.130</Data><Data Name='SourceProcessGUID'>{732C744F-1518-600B-0B00-00000000A301}</Data><Data Name='SourceProcessId'>856</Data><Data Name='SourceThreadId'>432</Data><Data Name='SourceImage'>C:\Windows\system32\lsass.exe</Data><Data Name='TargetProcessGUID'>{732C744F-38F4-600B-2C0C-00000000A301}</Data><Data Name='TargetProcessId'>5108</Data><Data Name='TargetImage'>C:\Windows\System32\Wbem\WMIC.exe</Data><Data Name='GrantedAccess'>0x1478</Data><Data Name='CallTrace'>C:\Windows\SYSTEM32\ntdll.dll+a5a94|C:\Windows\system32\lsasrv.dll+25d17|C:\Windows\system32\lsasrv.dll+26ded|C:\Windows\system32\lsasrv.dll+25b95|C:\Windows\SYSTEM32\SspiSrv.dll+11a2|C:\Windows\System32\RPCRT4.dll+78e23|C:\Windows\System32\RPCRT4.dll+d96bd|C:\Windows\System32\RPCRT4.dll+6194c|C:\Windows\System32\RPCRT4.dll+52bf4|C:\Windows\System32\RPCRT4.dll+51b0d|C:\Windows\System32\RPCRT4.dll+523bb|C:\Windows\System32\RPCRT4.dll+2469c|C:\Windows\System32\RPCRT4.dll+24b1c|C:\Windows\System32\RPCRT4.dll+111bc|C:\Windows\System32\RPCRT4.dll+12a1b|C:\Windows\System32\RPCRT4.dll+1e12a|C:\Windows\SYSTEM32\ntdll.dll+1d34e|C:\Windows\SYSTEM32\ntdll.dll+1ecb9|C:\Windows\System32\KERNEL32.DLL+84d4|C:\Windows\SYSTEM32\ntdll.dll+51791</Data></EventData></Event>
<Event xmlns='http://schemas.microsoft.com/win/2004/08/events/event'><System><Provider Name='Microsoft-Windows-Sysmon' Guid='{5770385F-C22A-43E0-BF4C-06F5698FFBD9}'/><EventID>10</EventID><Version>3</Version><Level>4</Level><Task>10</Task><Opcode>0</Opcode><Keywords>0x8000000000000000</Keywords><TimeCreated SystemTime='2021-01-22T20:43:32.134876500Z'/><EventRecordID>31023</EventRecordID><Correlation/><Execution ProcessID='2448' ThreadID='3264'/><Channel>Microsoft-Windows-Sysmon/Operational</Channel><Computer>win-dc-770.attackrange.local</Computer><Security UserID='S-1-5-18'/></System><EventData><Data Name='RuleName'>-</Data><Data Name='UtcTime'>2021-01-22 20:43:32.130</Data><Data Name='SourceProcessGUID'>{732C744F-1518-600B-0B00-00000000A301}</Data><Data Name='SourceProcessId'>856</Data><Data Name='SourceThreadId'>432</Data><Data Name='SourceImage'>C:\Windows\system32\lsass.exe</Data><Data Name='TargetProcessGUID'>{732C744F-38F4-600B-2C0C-00000000A301}</Data><Data Name='TargetProcessId'>5108</Data><Data Name='TargetImage'>C:\Windows\System32\Wbem\WMIC.exe</Data><Data Name='GrantedAccess'>0x1000</Data><Data Name='CallTrace'>C:\Windows\SYSTEM32\ntdll.dll+a6624|C:\Windows\System32\RPCRT4.dll+4ab4f|C:\Windows\system32\lsasrv.dll+25add|C:\Windows\SYSTEM32\SspiSrv.dll+11a2|C:\Windows\System32\RPCRT4.dll+78e23|C:\Windows\System32\RPCRT4.dll+d96bd|C:\Windows\System32\RPCRT4.dll+6194c|C:\Windows\System32\RPCRT4.dll+52bf4|C:\Windows\System32\RPCRT4.dll+51b0d|C:\Windows\System32\RPCRT4.dll+523bb|C:\Windows\System32\RPCRT4.dll+2469c|C:\Windows\System32\RPCRT4.dll+24b1c|C:\Windows\System32\RPCRT4.dll+111bc|C:\Windows\System32\RPCRT4.dll+12a1b|C:\Windows\System32\RPCRT4.dll+1e12a|C:\Windows\SYSTEM32\ntdll.dll+1d34e|C:\Windows\SYSTEM32\ntdll.dll+1ecb9|C:\Windows\System32\KERNEL32.DLL+84d4|C:\Windows\SYSTEM32\ntdll.dll+51791</Data></EventData></Event>
<Event xmlns='http://schemas.microsoft.com/win/2004/08/events/event'><System><Provider Name='Microsoft-Windows-Sysmon' Guid='{5770385F-C22A-43E0-BF4C-06F5698FFBD9}'/><EventID>10</EventID><Version>3</Version><Level>4</Level><Task>10</Task><Opcode>0</Opcode><Keywords>0x8000000000000000</Keywords><TimeCreated SystemTime='2021-01-22T20:43:32.130703100Z'/><EventRecordID>31022</EventRecordID><Correlation/><Execution ProcessID='2448' ThreadID='3264'/><Channel>Microsoft-Windows-Sysmon/Operational</Channel><Computer>win-dc-770.attackrange.local</Computer><Security UserID='S-1-5-18'/></System><EventData><Data Name='RuleName'>-</Data><Data Name='UtcTime'>2021-01-22 20:43:32.114</Data><Data Name='SourceProcessGUID'>{732C744F-151A-600B-0C00-00000000A301}</Data><Data Name='SourceProcessId'>584</Data><Data Name='SourceThreadId'>7816</Data><Data Name='SourceImage'>C:\Windows\system32\svchost.exe</Data><Data Name='TargetProcessGUID'>{732C744F-38F4-600B-2C0C-00000000A301}</Data><Data Name='TargetProcessId'>5108</Data><Data Name='TargetImage'>C:\Windows\System32\Wbem\WMIC.exe</Data><Data Name='GrantedAccess'>0x1000</Data><Data Name='CallTrace'>C:\Windows\SYSTEM32\ntdll.dll+a5a94|C:\Windows\System32\KERNELBASE.dll+221bd|c:\windows\system32\rpcss.dll+5296|C:\Windows\System32\RPCRT4.dll+78e23|C:\Windows\System32\RPCRT4.dll+2d5ab|C:\Windows\System32\RPCRT4.dll+620fa|C:\Windows\System32\RPCRT4.dll+52bf4|C:\Windows\System32\RPCRT4.dll+51b0d|C:\Windows\System32\RPCRT4.dll+523bb|C:\Windows\System32\RPCRT4.dll+2469c|C:\Windows\System32\RPCRT4.dll+24b1c|C:\Windows\System32\RPCRT4.dll+111bc|C:\Windows\System32\RPCRT4.dll+12a1b|C:\Windows\System32\RPCRT4.dll+1e12a|C:\Windows\SYSTEM32\ntdll.dll+1d34e|C:\Windows\SYSTEM32\ntdll.dll+1ecb9|C:\Windows\System32\KERNEL32.DLL+84d4|C:\Windows\SYSTEM32\ntdll.dll+51791</Data></EventData></Event>
<Event xmlns='http://schemas.microsoft.com/win/2004/08/events/event'><System><Provider Name='Microsoft-Windows-Sysmon' Guid='{5770385F-C22A-43E0-BF4C-06F5698FFBD9}'/><EventID>10</EventID><Version>3</Version><Level>4</Level><Task>10</Task><Opcode>0</Opcode><Keywords>0x8000000000000000</Keywords><TimeCreated SystemTime='2021-01-22T20:43:32.125213700Z'/><EventRecordID>31021</EventRecordID><Correlation/><Execution ProcessID='2448' ThreadID='3264'/><Channel>Microsoft-Windows-Sysmon/Operational</Channel><Computer>win-dc-770.attackrange.local</Computer><Security UserID='S-1-5-18'/></System><EventData><Data Name='RuleName'>-</Data><Data Name='UtcTime'>2021-01-22 20:43:32.114</Data><Data Name='SourceProcessGUID'>{732C744F-1C72-600B-C905-00000000A301}</Data><Data Name='SourceProcessId'>7768</Data><Data Name='SourceThreadId'>7120</Data><Data Name='SourceImage'>C:\Windows\system32\conhost.exe</Data><Data Name='TargetProcessGUID'>{732C744F-38F4-600B-2C0C-00000000A301}</Data><Data Name='TargetProcessId'>5108</Data><Data Name='TargetImage'>C:\Windows\System32\Wbem\WMIC.exe</Data><Data Name='GrantedAccess'>0x1fffff</Data><Data Name='CallTrace'>C:\Windows\SYSTEM32\ntdll.dll+a5a94|C:\Windows\SYSTEM32\ConhostV2.dll+5c07|C:\Windows\SYSTEM32\ConhostV2.dll+76ab|C:\Windows\SYSTEM32\ConhostV2.dll+a84c|C:\Windows\System32\KERNEL32.DLL+84d4|C:\Windows\SYSTEM32\ntdll.dll+51791</Data></EventData></Event>
<Event xmlns='http://schemas.microsoft.com/win/2004/08/events/event'><System><Provider Name='Microsoft-Windows-Sysmon' Guid='{5770385F-C22A-43E0-BF4C-06F5698FFBD9}'/><EventID>10</EventID><Version>3</Version><Level>4</Level><Task>10</Task><Opcode>0</Opcode><Keywords>0x8000000000000000</Keywords><TimeCreated SystemTime='2021-01-22T20:43:32.124285600Z'/><EventRecordID>31020</EventRecordID><Correlation/><Execution ProcessID='2448' ThreadID='3264'/><Channel>Microsoft-Windows-Sysmon/Operational</Channel><Computer>win-dc-770.attackrange.local</Computer><Security UserID='S-1-5-18'/></System><EventData><Data Name='RuleName'>-</Data><Data Name='UtcTime'>2021-01-22 20:43:32.114</Data><Data Name='SourceProcessGUID'>{732C744F-151A-600B-0C00-00000000A301}</Data><Data Name='SourceProcessId'>584</Data><Data Name='SourceThreadId'>7816</Data><Data Name='SourceImage'>C:\Windows\system32\svchost.exe</Data><Data Name='TargetProcessGUID'>{732C744F-152A-600B-3100-00000000A301}</Data><Data Name='TargetProcessId'>2448</Data><Data Name='TargetImage'>C:\Windows\sysmon64.exe</Data><Data Name='GrantedAccess'>0x1400</Data><Data Name='CallTrace'>C:\Windows\SYSTEM32\ntdll.dll+a5a94|C:\Windows\System32\KERNELBASE.dll+5eab4|c:\windows\system32\lsm.dll+fd18|C:\Windows\System32\RPCRT4.dll+78e23|C:\Windows\System32\RPCRT4.dll+d96bd|C:\Windows\System32\RPCRT4.dll+6194c|C:\Windows\System32\RPCRT4.dll+52bf4|C:\Windows\System32\RPCRT4.dll+51b0d|C:\Windows\System32\RPCRT4.dll+523bb|C:\Windows\System32\RPCRT4.dll+2469c|C:\Windows\System32\RPCRT4.dll+24b1c|C:\Windows\System32\RPCRT4.dll+111bc|C:\Windows\System32\RPCRT4.dll+12a1b|C:\Windows\System32\RPCRT4.dll+1e12a|C:\Windows\SYSTEM32\ntdll.dll+1d34e|C:\Windows\SYSTEM32\ntdll.dll+1ecb9|C:\Windows\System32\KERNEL32.DLL+84d4|C:\Windows\SYSTEM32\ntdll.dll+51791</Data></EventData></Event>
<Event xmlns='http://schemas.microsoft.com/win/2004/08/events/event'><System><Provider Name='Microsoft-Windows-Sysmon' Guid='{5770385F-C22A-43E0-BF4C-06F5698FFBD9}'/><EventID>10</EventID><Version>3</Version><Level>4</Level><Task>10</Task><Opcode>0</Opcode><Keywords>0x8000000000000000</Keywords><TimeCreated SystemTime='2021-01-22T20:43:32.124220400Z'/><EventRecordID>31019</EventRecordID><Correlation/><Execution ProcessID='2448' ThreadID='3264'/><Channel>Microsoft-Windows-Sysmon/Operational</Channel><Computer>win-dc-770.attackrange.local</Computer><Security UserID='S-1-5-18'/></System><EventData><Data Name='RuleName'>-</Data><Data Name='UtcTime'>2021-01-22 20:43:32.114</Data><Data Name='SourceProcessGUID'>{732C744F-151A-600B-0C00-00000000A301}</Data><Data Name='SourceProcessId'>584</Data><Data Name='SourceThreadId'>7816</Data><Data Name='SourceImage'>C:\Windows\system32\svchost.exe</Data><Data Name='TargetProcessGUID'>{732C744F-152A-600B-3100-00000000A301}</Data><Data Name='TargetProcessId'>2448</Data><Data Name='TargetImage'>C:\Windows\sysmon64.exe</Data><Data Name='GrantedAccess'>0x1400</Data><Data Name='CallTrace'>C:\Windows\SYSTEM32\ntdll.dll+a5a94|C:\Windows\System32\KERNELBASE.dll+5eab4|c:\windows\system32\lsm.dll+11aad|C:\Windows\System32\RPCRT4.dll+78e23|C:\Windows\System32\RPCRT4.dll+d96bd|C:\Windows\System32\RPCRT4.dll+6194c|C:\Windows\System32\RPCRT4.dll+52bf4|C:\Windows\System32\RPCRT4.dll+51b0d|C:\Windows\System32\RPCRT4.dll+523bb|C:\Windows\System32\RPCRT4.dll+2469c|C:\Windows\System32\RPCRT4.dll+24b1c|C:\Windows\System32\RPCRT4.dll+111bc|C:\Windows\System32\RPCRT4.dll+12a1b|C:\Windows\System32\RPCRT4.dll+1e12a|C:\Windows\SYSTEM32\ntdll.dll+1d34e|C:\Windows\SYSTEM32\ntdll.dll+1ecb9|C:\Windows\System32\KERNEL32.DLL+84d4|C:\Windows\SYSTEM32\ntdll.dll+51791</Data></EventData></Event>
<Event xmlns='http://schemas.microsoft.com/win/2004/08/events/event'><System><Provider Name='Microsoft-Windows-Sysmon' Guid='{5770385F-C22A-43E0-BF4C-06F5698FFBD9}'/><EventID>10</EventID><Version>3</Version><Level>4</Level><Task>10</Task><Opcode>0</Opcode><Keywords>0x8000000000000000</Keywords><TimeCreated SystemTime='2021-01-22T20:43:32.124160500Z'/><EventRecordID>31018</EventRecordID><Correlation/><Execution ProcessID='2448' ThreadID='3264'/><Channel>Microsoft-Windows-Sysmon/Operational</Channel><Computer>win-dc-770.attackrange.local</Computer><Security UserID='S-1-5-18'/></System><EventData><Data Name='RuleName'>-</Data><Data Name='UtcTime'>2021-01-22 20:43:32.114</Data><Data Name='SourceProcessGUID'>{732C744F-151A-600B-0C00-00000000A301}</Data><Data Name='SourceProcessId'>584</Data><Data Name='SourceThreadId'>7816</Data><Data Name='SourceImage'>C:\Windows\system32\svchost.exe</Data><Data Name='TargetProcessGUID'>{732C744F-152A-600B-3100-00000000A301}</Data><Data Name='TargetProcessId'>2448</Data><Data Name='TargetImage'>C:\Windows\sysmon64.exe</Data><Data Name='GrantedAccess'>0x1400</Data><Data Name='CallTrace'>C:\Windows\SYSTEM32\ntdll.dll+a5a94|C:\Windows\System32\KERNELBASE.dll+5eab4|c:\windows\system32\lsm.dll+11058|C:\Windows\System32\RPCRT4.dll+78e23|C:\Windows\System32\RPCRT4.dll+d96bd|C:\Windows\System32\RPCRT4.dll+6194c|C:\Windows\System32\RPCRT4.dll+52bf4|C:\Windows\System32\RPCRT4.dll+51b0d|C:\Windows\System32\RPCRT4.dll+523bb|C:\Windows\System32\RPCRT4.dll+2469c|C:\Windows\System32\RPCRT4.dll+24b1c|C:\Windows\System32\RPCRT4.dll+111bc|C:\Windows\System32\RPCRT4.dll+12a1b|C:\Windows\System32\RPCRT4.dll+1e12a|C:\Windows\SYSTEM32\ntdll.dll+1d34e|C:\Windows\SYSTEM32\ntdll.dll+1ecb9|C:\Windows\System32\KERNEL32.DLL+84d4|C:\Windows\SYSTEM32\ntdll.dll+51791</Data></EventData></Event>
<Event xmlns='http://schemas.microsoft.com/win/2004/08/events/event'><System><Provider Name='Microsoft-Windows-Sysmon' Guid='{5770385F-C22A-43E0-BF4C-06F5698FFBD9}'/><EventID>10</EventID><Version>3</Version><Level>4</Level><Task>10</Task><Opcode>0</Opcode><Keywords>0x8000000000000000</Keywords><TimeCreated SystemTime='2021-01-22T20:43:32.124099700Z'/><EventRecordID>31017</EventRecordID><Correlation/><Execution ProcessID='2448' ThreadID='3264'/><Channel>Microsoft-Windows-Sysmon/Operational</Channel><Computer>win-dc-770.attackrange.local</Computer><Security UserID='S-1-5-18'/></System><EventData><Data Name='RuleName'>-</Data><Data Name='UtcTime'>2021-01-22 20:43:32.114</Data><Data Name='SourceProcessGUID'>{732C744F-151A-600B-0C00-00000000A301}</Data><Data Name='SourceProcessId'>584</Data><Data Name='SourceThreadId'>7816</Data><Data Name='SourceImage'>C:\Windows\system32\svchost.exe</Data><Data Name='TargetProcessGUID'>{732C744F-152A-600B-3100-00000000A301}</Data><Data Name='TargetProcessId'>2448</Data><Data Name='TargetImage'>C:\Windows\sysmon64.exe</Data><Data Name='GrantedAccess'>0x1400</Data><Data Name='CallTrace'>C:\Windows\SYSTEM32\ntdll.dll+a5a94|C:\Windows\System32\KERNELBASE.dll+5eab4|c:\windows\system32\lsm.dll+12023|C:\Windows\System32\RPCRT4.dll+78e23|C:\Windows\System32\RPCRT4.dll+d96bd|C:\Windows\System32\RPCRT4.dll+6194c|C:\Windows\System32\RPCRT4.dll+52bf4|C:\Windows\System32\RPCRT4.dll+51b0d|C:\Windows\System32\RPCRT4.dll+523bb|C:\Windows\System32\RPCRT4.dll+2469c|C:\Windows\System32\RPCRT4.dll+24b1c|C:\Windows\System32\RPCRT4.dll+111bc|C:\Windows\System32\RPCRT4.dll+12a1b|C:\Windows\System32\RPCRT4.dll+1e12a|C:\Windows\SYSTEM32\ntdll.dll+1d34e|C:\Windows\SYSTEM32\ntdll.dll+1ecb9|C:\Windows\System32\KERNEL32.DLL+84d4|C:\Windows\SYSTEM32\ntdll.dll+51791</Data></EventData></Event>
<Event xmlns='http://schemas.microsoft.com/win/2004/08/events/event'><System><Provider Name='Microsoft-Windows-Sysmon' Guid='{5770385F-C22A-43E0-BF4C-06F5698FFBD9}'/><EventID>10</EventID><Version>3</Version><Level>4</Level><Task>10</Task><Opcode>0</Opcode><Keywords>0x8000000000000000</Keywords><TimeCreated SystemTime='2021-01-22T20:43:32.124025500Z'/><EventRecordID>31016</EventRecordID><Correlation/><Execution ProcessID='2448' ThreadID='3264'/><Channel>Microsoft-Windows-Sysmon/Operational</Channel><Computer>win-dc-770.attackrange.local</Computer><Security UserID='S-1-5-18'/></System><EventData><Data Name='RuleName'>-</Data><Data Name='UtcTime'>2021-01-22 20:43:32.114</Data><Data Name='SourceProcessGUID'>{732C744F-17DF-600B-9401-00000000A301}</Data><Data Name='SourceProcessId'>5084</Data><Data Name='SourceThreadId'>884</Data><Data Name='SourceImage'>C:\Windows\system32\csrss.exe</Data><Data Name='TargetProcessGUID'>{732C744F-38F4-600B-2C0C-00000000A301}</Data><Data Name='TargetProcessId'>5108</Data><Data Name='TargetImage'>C:\Windows\System32\Wbem\WMIC.exe</Data><Data Name='GrantedAccess'>0x1fffff</Data><Data Name='CallTrace'>C:\Windows\SYSTEM32\ntdll.dll+a5a94|C:\Windows\system32\basesrv.DLL+2f47|C:\Windows\SYSTEM32\CSRSRV.dll+5645|C:\Windows\SYSTEM32\ntdll.dll+5179f</Data></EventData></Event>
<Event xmlns='http://schemas.microsoft.com/win/2004/08/events/event'><System><Provider Name='Microsoft-Windows-Sysmon' Guid='{5770385F-C22A-43E0-BF4C-06F5698FFBD9}'/><EventID>10</EventID><Version>3</Version><Level>4</Level><Task>10</Task><Opcode>0</Opcode><Keywords>0x8000000000000000</Keywords><TimeCreated SystemTime='2021-01-22T20:43:32.123868100Z'/><EventRecordID>31015</EventRecordID><Correlation/><Execution ProcessID='2448' ThreadID='3264'/><Channel>Microsoft-Windows-Sysmon/Operational</Channel><Computer>win-dc-770.attackrange.local</Computer><Security UserID='S-1-5-18'/></System><EventData><Data Name='RuleName'>-</Data><Data Name='UtcTime'>2021-01-22 20:43:32.114</Data><Data Name='SourceProcessGUID'>{732C744F-38F4-600B-2B0C-00000000A301}</Data><Data Name='SourceProcessId'>2928</Data><Data Name='SourceThreadId'>7600</Data><Data Name='SourceImage'>C:\Windows\system32\cmd.exe</Data><Data Name='TargetProcessGUID'>{732C744F-38F4-600B-2C0C-00000000A301}</Data><Data Name='TargetProcessId'>5108</Data><Data Name='TargetImage'>C:\Windows\System32\Wbem\WMIC.exe</Data><Data Name='GrantedAccess'>0x1fffff</Data><Data Name='CallTrace'>C:\Windows\SYSTEM32\ntdll.dll+a6d64|C:\Windows\System32\KERNELBASE.dll+2b860|C:\Windows\System32\KERNELBASE.dll+6b246|C:\Windows\System32\KERNEL32.DLL+1c213|C:\Windows\system32\cmd.exe+f1e1|C:\Windows\system32\cmd.exe+11a37|C:\Windows\system32\cmd.exe+cb0d|C:\Windows\system32\cmd.exe+c295|C:\Windows\system32\cmd.exe+f916|C:\Windows\system32\cmd.exe+1510d|C:\Windows\System32\KERNEL32.DLL+84d4|C:\Windows\SYSTEM32\ntdll.dll+51791</Data></EventData></Event>
<Event xmlns='http://schemas.microsoft.com/win/2004/08/events/event'><System><Provider Name='Microsoft-Windows-Sysmon' Guid='{5770385F-C22A-43E0-BF4C-06F5698FFBD9}'/><EventID>1</EventID><Version>5</Version><Level>4</Level><Task>1</Task><Opcode>0</Opcode><Keywords>0x8000000000000000</Keywords><TimeCreated SystemTime='2021-01-22T20:43:32.123652500Z'/><EventRecordID>31014</EventRecordID><Correlation/><Execution ProcessID='2448' ThreadID='3264'/><Channel>Microsoft-Windows-Sysmon/Operational</Channel><Computer>win-dc-770.attackrange.local</Computer><Security UserID='S-1-5-18'/></System><EventData><Data Name='RuleName'>-</Data><Data Name='UtcTime'>2021-01-22 20:43:32.121</Data><Data Name='ProcessGuid'>{732C744F-38F4-600B-2C0C-00000000A301}</Data><Data Name='ProcessId'>5108</Data><Data Name='Image'>C:\Windows\System32\wbem\WMIC.exe</Data><Data Name='FileVersion'>10.0.14393.0 (rs1_release.160715-1616)</Data><Data Name='Description'>WMI Commandline Utility</Data><Data Name='Product'>Microsoft® Windows® Operating System</Data><Data Name='Company'>Microsoft Corporation</Data><Data Name='OriginalFileName'>wmic.exe</Data><Data Name='CommandLine'>wmic.exe  shadowcopy delete </Data><Data Name='CurrentDirectory'>C:\Users\ADMINI~1\AppData\Local\Temp\</Data><Data Name='User'>ATTACKRANGE\Administrator</Data><Data Name='LogonGuid'>{732C744F-17E1-600B-DAA7-130000000000}</Data><Data Name='LogonId'>0x13a7da</Data><Data Name='TerminalSessionId'>2</Data><Data Name='IntegrityLevel'>High</Data><Data Name='Hashes'>MD5=2CEE7F1AD77D8817E0F043E5E5ED1C83,SHA256=6679EA8FBEB539B5852CE8838420471FED0600F5050F3370DBB355DAC76BF072,IMPHASH=1B1A3F43BF37B5BFE60751F2EE2F326E</Data><Data Name='ParentProcessGuid'>{732C744F-38F4-600B-2B0C-00000000A301}</Data><Data Name='ParentProcessId'>2928</Data><Data Name='ParentImage'>C:\Windows\System32\cmd.exe</Data><Data Name='ParentCommandLine'>"C:\Windows\system32\cmd.exe" /c "wmic.exe shadowcopy delete" </Data></EventData></Event>
<Event xmlns='http://schemas.microsoft.com/win/2004/08/events/event'><System><Provider Name='Microsoft-Windows-Sysmon' Guid='{5770385F-C22A-43E0-BF4C-06F5698FFBD9}'/><EventID>10</EventID><Version>3</Version><Level>4</Level><Task>10</Task><Opcode>0</Opcode><Keywords>0x8000000000000000</Keywords><TimeCreated SystemTime='2021-01-22T20:43:32.114695800Z'/><EventRecordID>31013</EventRecordID><Correlation/><Execution ProcessID='2448' ThreadID='3264'/><Channel>Microsoft-Windows-Sysmon/Operational</Channel><Computer>win-dc-770.attackrange.local</Computer><Security UserID='S-1-5-18'/></System><EventData><Data Name='RuleName'>-</Data><Data Name='UtcTime'>2021-01-22 20:43:32.099</Data><Data Name='SourceProcessGUID'>{732C744F-1C72-600B-C905-00000000A301}</Data><Data Name='SourceProcessId'>7768</Data><Data Name='SourceThreadId'>7120</Data><Data Name='SourceImage'>C:\Windows\system32\conhost.exe</Data><Data Name='TargetProcessGUID'>{732C744F-38F4-600B-2B0C-00000000A301}</Data><Data Name='TargetProcessId'>2928</Data><Data Name='TargetImage'>C:\Windows\system32\cmd.exe</Data><Data Name='GrantedAccess'>0x1fffff</Data><Data Name='CallTrace'>C:\Windows\SYSTEM32\ntdll.dll+a5a94|C:\Windows\SYSTEM32\ConhostV2.dll+5c07|C:\Windows\SYSTEM32\ConhostV2.dll+76ab|C:\Windows\SYSTEM32\ConhostV2.dll+a84c|C:\Windows\System32\KERNEL32.DLL+84d4|C:\Windows\SYSTEM32\ntdll.dll+51791</Data></EventData></Event>
<Event xmlns='http://schemas.microsoft.com/win/2004/08/events/event'><System><Provider Name='Microsoft-Windows-Sysmon' Guid='{5770385F-C22A-43E0-BF4C-06F5698FFBD9}'/><EventID>10</EventID><Version>3</Version><Level>4</Level><Task>10</Task><Opcode>0</Opcode><Keywords>0x8000000000000000</Keywords><TimeCreated SystemTime='2021-01-22T20:43:32.113010700Z'/><EventRecordID>31012</EventRecordID><Correlation/><Execution ProcessID='2448' ThreadID='3264'/><Channel>Microsoft-Windows-Sysmon/Operational</Channel><Computer>win-dc-770.attackrange.local</Computer><Security UserID='S-1-5-18'/></System><EventData><Data Name='RuleName'>-</Data><Data Name='UtcTime'>2021-01-22 20:43:32.099</Data><Data Name='SourceProcessGUID'>{732C744F-1C72-600B-C805-00000000A301}</Data><Data Name='SourceProcessId'>3468</Data><Data Name='SourceThreadId'>3748</Data><Data Name='SourceImage'>C:\Windows\System32\WindowsPowerShell\v1.0\powershell.exe</Data><Data Name='TargetProcessGUID'>{732C744F-38F4-600B-2B0C-00000000A301}</Data><Data Name='TargetProcessId'>2928</Data><Data Name='TargetImage'>C:\Windows\system32\cmd.exe</Data><Data Name='GrantedAccess'>0x1f3fff</Data><Data Name='CallTrace'>C:\Windows\SYSTEM32\ntdll.dll+a5a94|C:\Windows\System32\KERNELBASE.dll+221bd|C:\Windows\assembly\NativeImages_v4.0.30319_64\System\a179960d666c10cfe020612d369c7500\System.ni.dll+3364bd|C:\Windows\assembly\NativeImages_v4.0.30319_64\System\a179960d666c10cfe020612d369c7500\System.ni.dll+2b3a5c|C:\Windows\assembly\NativeImages_v4.0.30319_64\System\a179960d666c10cfe020612d369c7500\System.ni.dll+2b42a7|C:\Windows\assembly\NativeImages_v4.0.30319_64\System\a179960d666c10cfe020612d369c7500\System.ni.dll+2b452d|C:\Windows\assembly\NativeImages_v4.0.30319_64\System\a179960d666c10cfe020612d369c7500\System.ni.dll+2b3ed3|UNKNOWN(00007FFC4AF5E2A3)</Data></EventData></Event>
<Event xmlns='http://schemas.microsoft.com/win/2004/08/events/event'><System><Provider Name='Microsoft-Windows-Sysmon' Guid='{5770385F-C22A-43E0-BF4C-06F5698FFBD9}'/><EventID>10</EventID><Version>3</Version><Level>4</Level><Task>10</Task><Opcode>0</Opcode><Keywords>0x8000000000000000</Keywords><TimeCreated SystemTime='2021-01-22T20:43:32.112828800Z'/><EventRecordID>31011</EventRecordID><Correlation/><Execution ProcessID='2448' ThreadID='3264'/><Channel>Microsoft-Windows-Sysmon/Operational</Channel><Computer>win-dc-770.attackrange.local</Computer><Security UserID='S-1-5-18'/></System><EventData><Data Name='RuleName'>-</Data><Data Name='UtcTime'>2021-01-22 20:43:32.099</Data><Data Name='SourceProcessGUID'>{732C744F-151A-600B-0C00-00000000A301}</Data><Data Name='SourceProcessId'>584</Data><Data Name='SourceThreadId'>7816</Data><Data Name='SourceImage'>C:\Windows\system32\svchost.exe</Data><Data Name='TargetProcessGUID'>{732C744F-152A-600B-3100-00000000A301}</Data><Data Name='TargetProcessId'>2448</Data><Data Name='TargetImage'>C:\Windows\sysmon64.exe</Data><Data Name='GrantedAccess'>0x1400</Data><Data Name='CallTrace'>C:\Windows\SYSTEM32\ntdll.dll+a5a94|C:\Windows\System32\KERNELBASE.dll+5eab4|c:\windows\system32\lsm.dll+fd18|C:\Windows\System32\RPCRT4.dll+78e23|C:\Windows\System32\RPCRT4.dll+d96bd|C:\Windows\System32\RPCRT4.dll+6194c|C:\Windows\System32\RPCRT4.dll+52bf4|C:\Windows\System32\RPCRT4.dll+51b0d|C:\Windows\System32\RPCRT4.dll+523bb|C:\Windows\System32\RPCRT4.dll+2469c|C:\Windows\System32\RPCRT4.dll+24b1c|C:\Windows\System32\RPCRT4.dll+111bc|C:\Windows\System32\RPCRT4.dll+12a1b|C:\Windows\System32\RPCRT4.dll+1e12a|C:\Windows\SYSTEM32\ntdll.dll+1d34e|C:\Windows\SYSTEM32\ntdll.dll+1ecb9|C:\Windows\System32\KERNEL32.DLL+84d4|C:\Windows\SYSTEM32\ntdll.dll+51791</Data></EventData></Event>
<Event xmlns='http://schemas.microsoft.com/win/2004/08/events/event'><System><Provider Name='Microsoft-Windows-Sysmon' Guid='{5770385F-C22A-43E0-BF4C-06F5698FFBD9}'/><EventID>10</EventID><Version>3</Version><Level>4</Level><Task>10</Task><Opcode>0</Opcode><Keywords>0x8000000000000000</Keywords><TimeCreated SystemTime='2021-01-22T20:43:32.112765200Z'/><EventRecordID>31010</EventRecordID><Correlation/><Execution ProcessID='2448' ThreadID='3264'/><Channel>Microsoft-Windows-Sysmon/Operational</Channel><Computer>win-dc-770.attackrange.local</Computer><Security UserID='S-1-5-18'/></System><EventData><Data Name='RuleName'>-</Data><Data Name='UtcTime'>2021-01-22 20:43:32.099</Data><Data Name='SourceProcessGUID'>{732C744F-151A-600B-0C00-00000000A301}</Data><Data Name='SourceProcessId'>584</Data><Data Name='SourceThreadId'>7816</Data><Data Name='SourceImage'>C:\Windows\system32\svchost.exe</Data><Data Name='TargetProcessGUID'>{732C744F-152A-600B-3100-00000000A301}</Data><Data Name='TargetProcessId'>2448</Data><Data Name='TargetImage'>C:\Windows\sysmon64.exe</Data><Data Name='GrantedAccess'>0x1400</Data><Data Name='CallTrace'>C:\Windows\SYSTEM32\ntdll.dll+a5a94|C:\Windows\System32\KERNELBASE.dll+5eab4|c:\windows\system32\lsm.dll+11aad|C:\Windows\System32\RPCRT4.dll+78e23|C:\Windows\System32\RPCRT4.dll+d96bd|C:\Windows\System32\RPCRT4.dll+6194c|C:\Windows\System32\RPCRT4.dll+52bf4|C:\Windows\System32\RPCRT4.dll+51b0d|C:\Windows\System32\RPCRT4.dll+523bb|C:\Windows\System32\RPCRT4.dll+2469c|C:\Windows\System32\RPCRT4.dll+24b1c|C:\Windows\System32\RPCRT4.dll+111bc|C:\Windows\System32\RPCRT4.dll+12a1b|C:\Windows\System32\RPCRT4.dll+1e12a|C:\Windows\SYSTEM32\ntdll.dll+1d34e|C:\Windows\SYSTEM32\ntdll.dll+1ecb9|C:\Windows\System32\KERNEL32.DLL+84d4|C:\Windows\SYSTEM32\ntdll.dll+51791</Data></EventData></Event>
