<Event xmlns='http://schemas.microsoft.com/win/2004/08/events/event'><System><Provider Name='Microsoft-Windows-PowerShell' Guid='{A0C1853B-5C40-4B15-8766-3CF1C58F985A}'/><EventID>4104</EventID><Version>1</Version><Level>5</Level><Task>2</Task><Opcode>15</Opcode><Keywords>0x0</Keywords><TimeCreated SystemTime='2023-03-27T12:57:36.866249500Z'/><EventRecordID>763066</EventRecordID><Correlation ActivityID='{5A6C058E-5D96-0003-EF57-725A965DD901}'/><Execution ProcessID='6512' ThreadID='6656'/><Channel>Microsoft-Windows-PowerShell/Operational</Channel><Computer>mswin-server.attackrange.local</Computer><Security UserID='S-1-5-21-2126937381-3842905909-1636914737-500'/></System><EventData><Data Name='MessageNumber'>1</Data><Data Name='MessageTotal'>1</Data><Data Name='ScriptBlockText'> Get-CimInstance -ClassName Win32_Service -ComputerName mswin-dc01.attackrange.local</Data><Data Name='ScriptBlockId'>ce383c9f-340a-4d40-aacc-f2926a54537c</Data><Data Name='Path'></Data></EventData></Event>
<Event xmlns='http://schemas.microsoft.com/win/2004/08/events/event'><System><Provider Name='Microsoft-Windows-PowerShell' Guid='{A0C1853B-5C40-4B15-8766-3CF1C58F985A}'/><EventID>4104</EventID><Version>1</Version><Level>5</Level><Task>2</Task><Opcode>15</Opcode><Keywords>0x0</Keywords><TimeCreated SystemTime='2023-03-27T12:56:34.909260000Z'/><EventRecordID>763042</EventRecordID><Correlation ActivityID='{5A6C058E-5D96-0003-2357-725A965DD901}'/><Execution ProcessID='6512' ThreadID='6656'/><Channel>Microsoft-Windows-PowerShell/Operational</Channel><Computer>mswin-server.attackrange.local</Computer><Security UserID='S-1-5-21-2126937381-3842905909-1636914737-500'/></System><EventData><Data Name='MessageNumber'>1</Data><Data Name='MessageTotal'>1</Data><Data Name='ScriptBlockText'>Get-CimInstance -ClassName Win32_LoggedOnUser -ComputerName mswin-dc01.attackrange.local</Data><Data Name='ScriptBlockId'>818704fe-caf5-4182-9290-04d605331db2</Data><Data Name='Path'></Data></EventData></Event>
<Event xmlns='http://schemas.microsoft.com/win/2004/08/events/event'><System><Provider Name='Microsoft-Windows-PowerShell' Guid='{A0C1853B-5C40-4B15-8766-3CF1C58F985A}'/><EventID>4104</EventID><Version>1</Version><Level>5</Level><Task>2</Task><Opcode>15</Opcode><Keywords>0x0</Keywords><TimeCreated SystemTime='2023-03-27T12:56:20.228132300Z'/><EventRecordID>763013</EventRecordID><Correlation ActivityID='{5A6C058E-5D96-0000-5F53-745A965DD901}'/><Execution ProcessID='6512' ThreadID='6656'/><Channel>Microsoft-Windows-PowerShell/Operational</Channel><Computer>mswin-server.attackrange.local</Computer><Security UserID='S-1-5-21-2126937381-3842905909-1636914737-500'/></System><EventData><Data Name='MessageNumber'>1</Data><Data Name='MessageTotal'>1</Data><Data Name='ScriptBlockText'>Get-CimInstance -ClassName Win32_LoggedOnUser -ComputerName mswin-dc01</Data><Data Name='ScriptBlockId'>212821cb-c296-4afd-a30d-8f0e5b17e36f</Data><Data Name='Path'></Data></EventData></Event>
<Event xmlns='http://schemas.microsoft.com/win/2004/08/events/event'><System><Provider Name='Microsoft-Windows-PowerShell' Guid='{A0C1853B-5C40-4B15-8766-3CF1C58F985A}'/><EventID>4104</EventID><Version>1</Version><Level>5</Level><Task>2</Task><Opcode>15</Opcode><Keywords>0x0</Keywords><TimeCreated SystemTime='2023-03-27T12:56:06.457964600Z'/><EventRecordID>762986</EventRecordID><Correlation ActivityID='{5A6C058E-5D96-0000-2D53-745A965DD901}'/><Execution ProcessID='6884' ThreadID='6964'/><Channel>Microsoft-Windows-PowerShell/Operational</Channel><Computer>mswin-server.attackrange.local</Computer><Security UserID='S-1-5-21-3439621488-2671704973-1532913862-500'/></System><EventData><Data Name='MessageNumber'>1</Data><Data Name='MessageTotal'>1</Data><Data Name='ScriptBlockText'>Get-CimInstance -ClassName Win32_LoggedOnUser -ComputerName mswin-dc01.attackrange.local</Data><Data Name='ScriptBlockId'>61256d94-c8c2-44d1-998a-1bcbbdad5f3b</Data><Data Name='Path'></Data></EventData></Event>
<Event xmlns='http://schemas.microsoft.com/win/2004/08/events/event'><System><Provider Name='Microsoft-Windows-PowerShell' Guid='{A0C1853B-5C40-4B15-8766-3CF1C58F985A}'/><EventID>4104</EventID><Version>1</Version><Level>5</Level><Task>2</Task><Opcode>15</Opcode><Keywords>0x0</Keywords><TimeCreated SystemTime='2023-03-27T12:45:28.641238800Z'/><EventRecordID>762753</EventRecordID><Correlation ActivityID='{5A6C058E-5D96-0003-5551-725A965DD901}'/><Execution ProcessID='6512' ThreadID='6656'/><Channel>Microsoft-Windows-PowerShell/Operational</Channel><Computer>mswin-server.attackrange.local</Computer><Security UserID='S-1-5-21-2126937381-3842905909-1636914737-500'/></System><EventData><Data Name='MessageNumber'>1</Data><Data Name='MessageTotal'>1</Data><Data Name='ScriptBlockText'>Get-CimInstance -ClassName Win32_BIOS -ComputerName mswin-dc01.attackrange.local

</Data><Data Name='ScriptBlockId'>0f3b5669-a071-4405-b87c-8c281a8689bf</Data><Data Name='Path'></Data></EventData></Event>
<Event xmlns='http://schemas.microsoft.com/win/2004/08/events/event'><System><Provider Name='Microsoft-Windows-PowerShell' Guid='{A0C1853B-5C40-4B15-8766-3CF1C58F985A}'/><EventID>4104</EventID><Version>1</Version><Level>5</Level><Task>2</Task><Opcode>15</Opcode><Keywords>0x0</Keywords><TimeCreated SystemTime='2023-03-27T12:45:04.226398100Z'/><EventRecordID>762652</EventRecordID><Correlation ActivityID='{5A6C058E-5D96-0000-FA2C-745A965DD901}'/><Execution ProcessID='1940' ThreadID='3380'/><Channel>Microsoft-Windows-PowerShell/Operational</Channel><Computer>mswin-server.attackrange.local</Computer><Security UserID='S-1-5-21-3439621488-2671704973-1532913862-500'/></System><EventData><Data Name='MessageNumber'>1</Data><Data Name='MessageTotal'>1</Data><Data Name='ScriptBlockText'>Get-CimInstance -ClassName Win32_BIOS -ComputerName mswin-dc01.attackrange.local</Data><Data Name='ScriptBlockId'>9fd5a1b5-13e3-4628-bd0a-0a505dd8cce2</Data><Data Name='Path'></Data></EventData></Event>
