12/07/2020 11:46:12 AM
LogName=System
SourceName=Microsoft-Windows-DistributedCOM
EventCode=10016
EventType=2
Type=Error
ComputerName=EC2AMAZ-FD58AG1
User=NOT_TRANSLATED
Sid=S-1-5-21-3911646319-387810913-1839908539-500
SidType=0
TaskCategory=None
OpCode=Info
RecordNumber=83375
Keywords=Classic
Message=The application-specific permission settings do not grant Local Activation permission for the COM Server application with CLSID 
{D63B10C5-BB46-4990-A94F-E40B9D520160}
 and APPID 
{9CA88EE3-ACB7-47C8-AFC4-AB702511C276}
 to the user EC2AMAZ-FD58AG1\Administrator SID (S-1-5-21-3911646319-387810913-1839908539-500) from address LocalHost (Using LRPC) running in the application container Unavailable SID (Unavailable). This security permission can be modified using the Component Services administrative tool.
12/07/2020 11:46:14 AM
LogName=System
SourceName=Microsoft-Windows-DistributedCOM
EventCode=10016
EventType=2
Type=Error
ComputerName=EC2AMAZ-FD58AG1
User=NOT_TRANSLATED
Sid=S-1-5-21-3911646319-387810913-1839908539-500
SidType=0
TaskCategory=None
OpCode=Info
RecordNumber=83376
Keywords=Classic
Message=The application-specific permission settings do not grant Local Activation permission for the COM Server application with CLSID 
{D63B10C5-BB46-4990-A94F-E40B9D520160}
 and APPID 
{9CA88EE3-ACB7-47C8-AFC4-AB702511C276}
 to the user EC2AMAZ-FD58AG1\Administrator SID (S-1-5-21-3911646319-387810913-1839908539-500) from address LocalHost (Using LRPC) running in the application container Unavailable SID (Unavailable). This security permission can be modified using the Component Services administrative tool.
12/07/2020 11:46:41 AM
LogName=System
SourceName=Microsoft-Windows-Service Control Manager
EventCode=7040
EventType=4
Type=Information
ComputerName=EC2AMAZ-FD58AG1
User=NOT_TRANSLATED
Sid=S-1-5-18
SidType=0
TaskCategory=None
OpCode=The operation completed successfully.
RecordNumber=83377
Keywords=Classic
Message=The start type of the Windows Modules Installer service was changed from demand start to auto start.
12/07/2020 11:46:44 AM
LogName=System
SourceName=Microsoft-Windows-Kernel-General
EventCode=16
EventType=4
Type=Information
ComputerName=EC2AMAZ-FD58AG1
User=NOT_TRANSLATED
Sid=S-1-5-18
SidType=0
TaskCategory=None
OpCode=Info
RecordNumber=83380
Keywords=None
Message=The access history in hive \??\C:\Windows\AppCompat\Programs\Amcache.hve was cleared updating 14 keys and creating 7 modified pages.
12/07/2020 11:46:44 AM
LogName=System
SourceName=Microsoft-Windows-Service Control Manager
EventCode=7036
EventType=4
Type=Information
ComputerName=EC2AMAZ-FD58AG1
TaskCategory=None
OpCode=The operation completed successfully.
RecordNumber=83379
Keywords=Classic
Message=The Microsoft Software Shadow Copy Provider service entered the running state.
12/07/2020 11:46:44 AM
LogName=System
SourceName=Microsoft-Windows-Service Control Manager
EventCode=7036
EventType=4
Type=Information
ComputerName=EC2AMAZ-FD58AG1
TaskCategory=None
OpCode=The operation completed successfully.
RecordNumber=83378
Keywords=Classic
Message=The Volume Shadow Copy service entered the running state.
12/07/2020 11:46:48 AM
LogName=System
SourceName=Microsoft-Windows-DistributedCOM
EventCode=10016
EventType=2
Type=Error
ComputerName=EC2AMAZ-FD58AG1
User=NOT_TRANSLATED
Sid=S-1-5-21-3911646319-387810913-1839908539-500
SidType=0
TaskCategory=None
OpCode=Info
RecordNumber=83381
Keywords=Classic
Message=The application-specific permission settings do not grant Local Activation permission for the COM Server application with CLSID 
{D63B10C5-BB46-4990-A94F-E40B9D520160}
 and APPID 
{9CA88EE3-ACB7-47C8-AFC4-AB702511C276}
 to the user EC2AMAZ-FD58AG1\Administrator SID (S-1-5-21-3911646319-387810913-1839908539-500) from address LocalHost (Using LRPC) running in the application container Unavailable SID (Unavailable). This security permission can be modified using the Component Services administrative tool.
12/07/2020 11:46:49 AM
LogName=System
SourceName=Microsoft-Windows-DistributedCOM
EventCode=10016
EventType=2
Type=Error
ComputerName=EC2AMAZ-FD58AG1
User=NOT_TRANSLATED
Sid=S-1-5-21-3911646319-387810913-1839908539-500
SidType=0
TaskCategory=None
OpCode=Info
RecordNumber=83382
Keywords=Classic
Message=The application-specific permission settings do not grant Local Activation permission for the COM Server application with CLSID 
{D63B10C5-BB46-4990-A94F-E40B9D520160}
 and APPID 
{9CA88EE3-ACB7-47C8-AFC4-AB702511C276}
 to the user EC2AMAZ-FD58AG1\Administrator SID (S-1-5-21-3911646319-387810913-1839908539-500) from address LocalHost (Using LRPC) running in the application container Unavailable SID (Unavailable). This security permission can be modified using the Component Services administrative tool.
12/07/2020 11:46:51 AM
LogName=System
SourceName=Microsoft-Windows-DistributedCOM
EventCode=10016
EventType=2
Type=Error
ComputerName=EC2AMAZ-FD58AG1
User=NOT_TRANSLATED
Sid=S-1-5-21-3911646319-387810913-1839908539-500
SidType=0
TaskCategory=None
OpCode=Info
RecordNumber=83383
Keywords=Classic
Message=The application-specific permission settings do not grant Local Activation permission for the COM Server application with CLSID 
{D63B10C5-BB46-4990-A94F-E40B9D520160}
 and APPID 
{9CA88EE3-ACB7-47C8-AFC4-AB702511C276}
 to the user EC2AMAZ-FD58AG1\Administrator SID (S-1-5-21-3911646319-387810913-1839908539-500) from address LocalHost (Using LRPC) running in the application container Unavailable SID (Unavailable). This security permission can be modified using the Component Services administrative tool.
12/07/2020 11:46:52 AM
LogName=System
SourceName=User32
EventCode=1074
EventType=4
Type=Information
ComputerName=EC2AMAZ-FD58AG1
User=NOT_TRANSLATED
Sid=S-1-5-21-3911646319-387810913-1839908539-500
SidType=0
TaskCategory=None
OpCode=The operation completed successfully.
RecordNumber=83384
Keywords=Classic
Message=The process C:\Windows\system32\shutdown.exe (EC2AMAZ-FD58AG1) has initiated the restart of computer EC2AMAZ-FD58AG1 on behalf of user EC2AMAZ-FD58AG1\Administrator for the following reason: No title for this reason could be found
 Reason Code: 0x800000ff
 Shutdown Type: restart
 Comment: Reboot initiated by Ansible
12/07/2020 11:46:54 AM
LogName=System
SourceName=Microsoft-Windows-Service Control Manager
EventCode=7036
EventType=4
Type=Information
ComputerName=EC2AMAZ-FD58AG1
TaskCategory=None
OpCode=The operation completed successfully.
RecordNumber=83385
Keywords=Classic
Message=The Group Policy Client service entered the stopped state.
12/07/2020 11:46:55 AM
LogName=System
SourceName=Microsoft-Windows-Service Control Manager
EventCode=7036
EventType=4
Type=Information
ComputerName=win-dc-633
TaskCategory=None
OpCode=The operation completed successfully.
RecordNumber=83413
Keywords=Classic
Message=The State Repository Service service entered the stopped state.
12/07/2020 11:46:55 AM
LogName=System
SourceName=Microsoft-Windows-Service Control Manager
EventCode=7036
EventType=4
Type=Information
ComputerName=win-dc-633
TaskCategory=None
OpCode=The operation completed successfully.
RecordNumber=83412
Keywords=Classic
Message=The Windows Event Log service entered the stopped state.
12/07/2020 11:46:55 AM
LogName=System
SourceName=Microsoft-Windows-Service Control Manager
EventCode=7036
EventType=4
Type=Information
ComputerName=win-dc-633
TaskCategory=None
OpCode=The operation completed successfully.
RecordNumber=83407
Keywords=Classic
Message=The Volume Shadow Copy service entered the stopped state.
12/07/2020 11:46:55 AM
LogName=System
SourceName=Microsoft-Windows-Service Control Manager
EventCode=7036
EventType=4
Type=Information
ComputerName=EC2AMAZ-FD58AG1
TaskCategory=None
OpCode=The operation completed successfully.
RecordNumber=83406
Keywords=Classic
Message=The DHCP Client service entered the stopped state.
12/07/2020 11:46:55 AM
LogName=System
SourceName=Microsoft-Windows-Dhcp-Client
EventCode=50037
EventType=4
Type=Information
ComputerName=EC2AMAZ-FD58AG1
User=NOT_TRANSLATED
Sid=S-1-5-19
SidType=0
TaskCategory=Service State Event
OpCode=ServiceStop
RecordNumber=83405
Keywords=None
Message=DHCPv4 client service is stopped. ShutDown Flag value is 1
12/07/2020 11:46:55 AM
LogName=System
SourceName=Microsoft-Windows-DHCPv6-Client
EventCode=51047
EventType=4
Type=Information
ComputerName=EC2AMAZ-FD58AG1
User=NOT_TRANSLATED
Sid=S-1-5-19
SidType=0
TaskCategory=Service State Event
OpCode=ServiceStop
RecordNumber=83404
Keywords=None
Message=DHCPv6 client service is stopped. ShutDown Flag value is 1
12/07/2020 11:46:55 AM
LogName=System
SourceName=Microsoft-Windows-Service Control Manager
EventCode=7036
EventType=4
Type=Information
ComputerName=EC2AMAZ-FD58AG1
TaskCategory=None
OpCode=The operation completed successfully.
RecordNumber=83403
Keywords=Classic
Message=The User Profile Service service entered the stopped state.
12/07/2020 11:46:55 AM
LogName=System
SourceName=Microsoft-Windows-Service Control Manager
EventCode=7036
EventType=4
Type=Information
ComputerName=EC2AMAZ-FD58AG1
TaskCategory=None
OpCode=The operation completed successfully.
RecordNumber=83402
Keywords=Classic
Message=The Program Compatibility Assistant Service service entered the stopped state.
12/07/2020 11:46:55 AM
LogName=System
SourceName=Microsoft-Windows-Service Control Manager
EventCode=7036
EventType=4
Type=Information
ComputerName=EC2AMAZ-FD58AG1
TaskCategory=None
OpCode=The operation completed successfully.
RecordNumber=83401
Keywords=Classic
Message=The Windows Connection Manager service entered the stopped state.
12/07/2020 11:46:55 AM
LogName=System
SourceName=Microsoft-Windows-Service Control Manager
EventCode=7036
EventType=4
Type=Information
ComputerName=EC2AMAZ-FD58AG1
TaskCategory=None
OpCode=The operation completed successfully.
RecordNumber=83400
Keywords=Classic
Message=The Windows Font Cache Service service entered the stopped state.
12/07/2020 11:46:55 AM
LogName=System
SourceName=Microsoft-Windows-Service Control Manager
EventCode=7036
EventType=4
Type=Information
ComputerName=EC2AMAZ-FD58AG1
TaskCategory=None
OpCode=The operation completed successfully.
RecordNumber=83399
Keywords=Classic
Message=The Windows Management Instrumentation service entered the stopped state.
12/07/2020 11:46:55 AM
LogName=System
SourceName=Microsoft-Windows-Service Control Manager
EventCode=7036
EventType=4
Type=Information
ComputerName=EC2AMAZ-FD58AG1
TaskCategory=None
OpCode=The operation completed successfully.
RecordNumber=83398
Keywords=Classic
Message=The Microsoft Software Shadow Copy Provider service entered the stopped state.
12/07/2020 11:46:55 AM
LogName=System
SourceName=Microsoft-Windows-Service Control Manager
EventCode=7036
EventType=4
Type=Information
ComputerName=EC2AMAZ-FD58AG1
TaskCategory=None
OpCode=The operation completed successfully.
RecordNumber=83397
Keywords=Classic
Message=The Certificate Propagation service entered the stopped state.
12/07/2020 11:46:55 AM
LogName=System
SourceName=Microsoft-Windows-Service Control Manager
EventCode=7036
EventType=4
Type=Information
ComputerName=EC2AMAZ-FD58AG1
TaskCategory=None
OpCode=The operation completed successfully.
RecordNumber=83396
Keywords=Classic
Message=The AWS Lite Guest Agent service entered the stopped state.
12/07/2020 11:46:55 AM
LogName=System
SourceName=Microsoft-Windows-Service Control Manager
EventCode=7036
EventType=4
Type=Information
ComputerName=EC2AMAZ-FD58AG1
TaskCategory=None
OpCode=The operation completed successfully.
RecordNumber=83395
Keywords=Classic
Message=The IPsec Policy Agent service entered the stopped state.
12/07/2020 11:46:55 AM
LogName=System
SourceName=Microsoft-Windows-Service Control Manager
EventCode=7036
EventType=4
Type=Information
ComputerName=EC2AMAZ-FD58AG1
TaskCategory=None
OpCode=The operation completed successfully.
RecordNumber=83394
Keywords=Classic
Message=The Distributed Link Tracking Client service entered the stopped state.
12/07/2020 11:46:55 AM
LogName=System
SourceName=Microsoft-Windows-Service Control Manager
EventCode=7036
EventType=4
Type=Information
ComputerName=EC2AMAZ-FD58AG1
TaskCategory=None
OpCode=The operation completed successfully.
RecordNumber=83393
Keywords=Classic
Message=The Windows Time service entered the stopped state.
12/07/2020 11:46:55 AM
LogName=System
SourceName=Microsoft-Windows-Service Control Manager
EventCode=7036
EventType=4
Type=Information
ComputerName=EC2AMAZ-FD58AG1
TaskCategory=None
OpCode=The operation completed successfully.
RecordNumber=83392
Keywords=Classic
Message=The Remote Desktop Services UserMode Port Redirector service entered the stopped state.
12/07/2020 11:46:55 AM
LogName=System
SourceName=Microsoft-Windows-Service Control Manager
EventCode=7036
EventType=4
Type=Information
ComputerName=EC2AMAZ-FD58AG1
TaskCategory=None
OpCode=The operation completed successfully.
RecordNumber=83391
Keywords=Classic
Message=The Device Install Service service entered the stopped state.
12/07/2020 11:46:55 AM
LogName=System
SourceName=Microsoft-Windows-Service Control Manager
EventCode=7036
EventType=4
Type=Information
ComputerName=EC2AMAZ-FD58AG1
TaskCategory=None
OpCode=The operation completed successfully.
RecordNumber=83390
Keywords=Classic
Message=The Plug and Play service entered the stopped state.
12/07/2020 11:46:55 AM
LogName=System
SourceName=Microsoft-Windows-Service Control Manager
EventCode=7036
EventType=4
Type=Information
ComputerName=EC2AMAZ-FD58AG1
TaskCategory=None
OpCode=The operation completed successfully.
RecordNumber=83389
Keywords=Classic
Message=The Amazon SSM Agent service entered the stopped state.
12/07/2020 11:46:55 AM
LogName=System
SourceName=Microsoft-Windows-Service Control Manager
EventCode=7036
EventType=4
Type=Information
ComputerName=EC2AMAZ-FD58AG1
TaskCategory=None
OpCode=The operation completed successfully.
RecordNumber=83388
Keywords=Classic
Message=The Tile Data model server service entered the stopped state.
12/07/2020 11:46:55 AM
LogName=System
SourceName=Microsoft-Windows-Service Control Manager
EventCode=7036
EventType=4
Type=Information
ComputerName=EC2AMAZ-FD58AG1
TaskCategory=None
OpCode=The operation completed successfully.
RecordNumber=83387
Keywords=Classic
Message=The Windows Modules Installer service entered the stopped state.
12/07/2020 11:46:55 AM
LogName=System
SourceName=EventLog
EventCode=6006
EventType=4
Type=Information
ComputerName=EC2AMAZ-FD58AG1
TaskCategory=None
OpCode=None
RecordNumber=83386
Keywords=Classic
Message=The Event log service was stopped.
12/07/2020 11:46:56 AM
LogName=System
SourceName=Microsoft-Windows-Service Control Manager
EventCode=7036
EventType=4
Type=Information
ComputerName=win-dc-633
TaskCategory=None
OpCode=The operation completed successfully.
RecordNumber=83418
Keywords=Classic
Message=The Task Scheduler service entered the stopped state.
12/07/2020 11:46:56 AM
LogName=System
SourceName=Microsoft-Windows-Service Control Manager
EventCode=7036
EventType=4
Type=Information
ComputerName=win-dc-633
TaskCategory=None
OpCode=The operation completed successfully.
RecordNumber=83417
Keywords=Classic
Message=The Windows Defender Service service entered the stopped state.
12/07/2020 11:46:56 AM
LogName=System
SourceName=Microsoft-Windows-Service Control Manager
EventCode=7036
EventType=4
Type=Information
ComputerName=win-dc-633
TaskCategory=None
OpCode=The operation completed successfully.
RecordNumber=83416
Keywords=Classic
Message=The Remote Desktop Services service entered the stopped state.
12/07/2020 11:46:56 AM
LogName=System
SourceName=Microsoft-Windows-Service Control Manager
EventCode=7036
EventType=4
Type=Information
ComputerName=win-dc-633
TaskCategory=None
OpCode=The operation completed successfully.
RecordNumber=83415
Keywords=Classic
Message=The Windows Remote Management (WS-Management) service entered the stopped state.
12/07/2020 11:46:56 AM
LogName=System
SourceName=Microsoft-Windows-Service Control Manager
EventCode=7036
EventType=4
Type=Information
ComputerName=win-dc-633
TaskCategory=None
OpCode=The operation completed successfully.
RecordNumber=83414
Keywords=Classic
Message=The Cryptographic Services service entered the stopped state.
12/07/2020 11:46:57 AM
LogName=System
SourceName=Microsoft-Windows-Service Control Manager
EventCode=7036
EventType=4
Type=Information
ComputerName=win-dc-633
TaskCategory=None
OpCode=The operation completed successfully.
RecordNumber=83419
Keywords=Classic
Message=The Portable Device Enumerator Service service entered the stopped state.
12/07/2020 11:47:00 AM
LogName=System
SourceName=Microsoft-Windows-Kernel-General
EventCode=13
EventType=4
Type=Information
ComputerName=win-dc-633
TaskCategory=2
OpCode=Info
RecordNumber=83423
Keywords=None
Message=The operating system is shutting down at system time ‎2020‎-‎12‎-‎07T11:47:00.804725300Z.
12/07/2020 11:47:00 AM
LogName=System
SourceName=Microsoft-Windows-Kernel-Power
EventCode=109
EventType=4
Type=Information
ComputerName=win-dc-633
TaskCategory=103
OpCode=Info
RecordNumber=83422
Keywords=None
Message=The kernel power manager has initiated a shutdown transition.

Shutdown Reason: Kernel API
12/07/2020 11:47:00 AM
LogName=System
SourceName=Microsoft-Windows-Service Control Manager
EventCode=7036
EventType=4
Type=Information
ComputerName=win-dc-633
TaskCategory=None
OpCode=The operation completed successfully.
RecordNumber=83421
Keywords=Classic
Message=The Windows Update service entered the stopped state.
12/07/2020 11:47:00 AM
LogName=System
SourceName=Microsoft-Windows-Service Control Manager
EventCode=7036
EventType=4
Type=Information
ComputerName=win-dc-633
TaskCategory=None
OpCode=The operation completed successfully.
RecordNumber=83420
Keywords=Classic
Message=The Device Setup Manager service entered the stopped state.
12/07/2020 11:47:23 AM
LogName=System
SourceName=Microsoft-Windows-Kernel-Boot
EventCode=32
EventType=4
Type=Information
ComputerName=win-dc-633
User=NOT_TRANSLATED
Sid=S-1-5-18
SidType=0
TaskCategory=None
OpCode=Info
RecordNumber=83430
Keywords=None
Message=The bootmgr spent 0 ms waiting for user input.
12/07/2020 11:47:23 AM
LogName=System
SourceName=Microsoft-Windows-Kernel-Boot
EventCode=18
EventType=4
Type=Information
ComputerName=win-dc-633
User=NOT_TRANSLATED
Sid=S-1-5-18
SidType=0
TaskCategory=None
OpCode=Info
RecordNumber=83429
Keywords=None
Message=There are 0x1 boot options on this system.
12/07/2020 11:47:23 AM
LogName=System
SourceName=Microsoft-Windows-Kernel-Boot
EventCode=25
EventType=4
Type=Information
ComputerName=win-dc-633
User=NOT_TRANSLATED
Sid=S-1-5-18
SidType=0
TaskCategory=32
OpCode=Info
RecordNumber=83428
Keywords=None
Message=The boot menu policy was 0x0.
12/07/2020 11:47:23 AM
LogName=System
SourceName=Microsoft-Windows-Kernel-Boot
EventCode=27
EventType=4
Type=Information
ComputerName=win-dc-633
User=NOT_TRANSLATED
Sid=S-1-5-18
SidType=0
TaskCategory=33
OpCode=Info
RecordNumber=83427
Keywords=None
Message=The boot type was 0x0.
12/07/2020 11:47:23 AM
LogName=System
SourceName=Microsoft-Windows-Kernel-Boot
EventCode=20
EventType=4
Type=Information
ComputerName=win-dc-633
User=NOT_TRANSLATED
Sid=S-1-5-18
SidType=0
TaskCategory=31
OpCode=Info
RecordNumber=83426
Keywords=None
Message=The last shutdown's success status was true. The last boot's success status was true.
12/07/2020 11:47:23 AM
LogName=System
SourceName=Microsoft-Windows-Kernel-Boot
EventCode=153
EventType=4
Type=Information
ComputerName=win-dc-633
User=NOT_TRANSLATED
Sid=S-1-5-18
SidType=0
TaskCategory=None
OpCode=Info
RecordNumber=83425
Keywords=None
Message=The Virtualization Based Security (policies: 0) is disabled with status STATUS_SUCCESS.
12/07/2020 11:47:23 AM
LogName=System
SourceName=Microsoft-Windows-Kernel-General
EventCode=12
EventType=4
Type=Information
ComputerName=win-dc-633
User=NOT_TRANSLATED
Sid=S-1-5-18
SidType=0
TaskCategory=1
OpCode=Info
RecordNumber=83424
Keywords=None
Message=The operating system started at system time ‎2020‎-‎12‎-‎07T11:47:23.499995200Z.
12/07/2020 11:47:26 AM
LogName=System
SourceName=Microsoft-Windows-FilterManager
EventCode=6
EventType=4
Type=Information
ComputerName=win-dc-633
User=NOT_TRANSLATED
Sid=S-1-5-18
SidType=0
TaskCategory=None
OpCode=Info
RecordNumber=83431
Keywords=None
Message=File System Filter 'Wof' (10.0, ‎2019‎-‎09‎-‎29T22:52:46.000000000Z) has successfully loaded and registered with Filter Manager.
12/07/2020 11:47:27 AM
LogName=System
SourceName=Microsoft-Windows-Kernel-Processor-Power
EventCode=55
EventType=4
Type=Information
ComputerName=win-dc-633
User=NOT_TRANSLATED
Sid=S-1-5-18
SidType=0
TaskCategory=47
OpCode=Info
RecordNumber=83443
Keywords=None
Message=Processor 7 in group 0 exposes the following power management capabilities:

Idle state type: ACPI Idle (C) States (1 state(s))

Performance state type: None
Nominal Frequency (MHz): 2300
Maximum performance percentage: 100
Minimum performance percentage: 100
Minimum throttle percentage: 100
12/07/2020 11:47:27 AM
LogName=System
SourceName=Microsoft-Windows-Kernel-Processor-Power
EventCode=55
EventType=4
Type=Information
ComputerName=win-dc-633
User=NOT_TRANSLATED
Sid=S-1-5-18
SidType=0
TaskCategory=47
OpCode=Info
RecordNumber=83442
Keywords=None
Message=Processor 6 in group 0 exposes the following power management capabilities:

Idle state type: ACPI Idle (C) States (1 state(s))

Performance state type: None
Nominal Frequency (MHz): 2300
Maximum performance percentage: 100
Minimum performance percentage: 100
Minimum throttle percentage: 100
12/07/2020 11:47:27 AM
LogName=System
SourceName=Microsoft-Windows-Kernel-Processor-Power
EventCode=55
EventType=4
Type=Information
ComputerName=win-dc-633
User=NOT_TRANSLATED
Sid=S-1-5-18
SidType=0
TaskCategory=47
OpCode=Info
RecordNumber=83441
Keywords=None
Message=Processor 5 in group 0 exposes the following power management capabilities:

Idle state type: ACPI Idle (C) States (1 state(s))

Performance state type: None
Nominal Frequency (MHz): 2300
Maximum performance percentage: 100
Minimum performance percentage: 100
Minimum throttle percentage: 100
12/07/2020 11:47:27 AM
LogName=System
SourceName=Microsoft-Windows-Kernel-Processor-Power
EventCode=55
EventType=4
Type=Information
ComputerName=win-dc-633
User=NOT_TRANSLATED
Sid=S-1-5-18
SidType=0
TaskCategory=47
OpCode=Info
RecordNumber=83440
Keywords=None
Message=Processor 4 in group 0 exposes the following power management capabilities:

Idle state type: ACPI Idle (C) States (1 state(s))

Performance state type: None
Nominal Frequency (MHz): 2300
Maximum performance percentage: 100
Minimum performance percentage: 100
Minimum throttle percentage: 100
12/07/2020 11:47:27 AM
LogName=System
SourceName=Microsoft-Windows-Kernel-Processor-Power
EventCode=55
EventType=4
Type=Information
ComputerName=win-dc-633
User=NOT_TRANSLATED
Sid=S-1-5-18
SidType=0
TaskCategory=47
OpCode=Info
RecordNumber=83439
Keywords=None
Message=Processor 3 in group 0 exposes the following power management capabilities:

Idle state type: ACPI Idle (C) States (1 state(s))

Performance state type: None
Nominal Frequency (MHz): 2300
Maximum performance percentage: 100
Minimum performance percentage: 100
Minimum throttle percentage: 100
12/07/2020 11:47:27 AM
LogName=System
SourceName=Microsoft-Windows-Kernel-Processor-Power
EventCode=55
EventType=4
Type=Information
ComputerName=win-dc-633
User=NOT_TRANSLATED
Sid=S-1-5-18
SidType=0
TaskCategory=47
OpCode=Info
RecordNumber=83438
Keywords=None
Message=Processor 2 in group 0 exposes the following power management capabilities:

Idle state type: ACPI Idle (C) States (1 state(s))

Performance state type: None
Nominal Frequency (MHz): 2300
Maximum performance percentage: 100
Minimum performance percentage: 100
Minimum throttle percentage: 100
12/07/2020 11:47:27 AM
LogName=System
SourceName=Microsoft-Windows-Kernel-Processor-Power
EventCode=55
EventType=4
Type=Information
ComputerName=win-dc-633
User=NOT_TRANSLATED
Sid=S-1-5-18
SidType=0
TaskCategory=47
OpCode=Info
RecordNumber=83437
Keywords=None
Message=Processor 1 in group 0 exposes the following power management capabilities:

Idle state type: ACPI Idle (C) States (1 state(s))

Performance state type: None
Nominal Frequency (MHz): 2300
Maximum performance percentage: 100
Minimum performance percentage: 100
Minimum throttle percentage: 100
12/07/2020 11:47:27 AM
LogName=System
SourceName=Microsoft-Windows-Kernel-Processor-Power
EventCode=55
EventType=4
Type=Information
ComputerName=win-dc-633
User=NOT_TRANSLATED
Sid=S-1-5-18
SidType=0
TaskCategory=47
OpCode=Info
RecordNumber=83436
Keywords=None
Message=Processor 0 in group 0 exposes the following power management capabilities:

Idle state type: ACPI Idle (C) States (1 state(s))

Performance state type: None
Nominal Frequency (MHz): 2300
Maximum performance percentage: 100
Minimum performance percentage: 100
Minimum throttle percentage: 100
12/07/2020 11:47:27 AM
LogName=System
SourceName=Microsoft-Windows-Kernel-Power
EventCode=172
EventType=4
Type=Information
ComputerName=win-dc-633
User=NOT_TRANSLATED
Sid=S-1-5-18
SidType=0
TaskCategory=203
OpCode=Info
RecordNumber=83435
Keywords=None
Message=Connectivity state in standby: Disconnected, Reason: NIC compliance
12/07/2020 11:47:27 AM
LogName=System
SourceName=Microsoft-Windows-FilterManager
EventCode=6
EventType=4
Type=Information
ComputerName=win-dc-633
User=NOT_TRANSLATED
Sid=S-1-5-18
SidType=0
TaskCategory=None
OpCode=Info
RecordNumber=83434
Keywords=None
Message=File System Filter 'npsvctrig' (10.0, ‎2016‎-‎07‎-‎16T02:28:33.000000000Z) has successfully loaded and registered with Filter Manager.
12/07/2020 11:47:27 AM
LogName=System
SourceName=Microsoft-Windows-FilterManager
EventCode=6
EventType=4
Type=Information
ComputerName=win-dc-633
User=NOT_TRANSLATED
Sid=S-1-5-18
SidType=0
TaskCategory=None
OpCode=Info
RecordNumber=83433
Keywords=None
Message=File System Filter 'FileCrypt' (10.0, ‎2018‎-‎08‎-‎30T20:44:27.000000000Z) has successfully loaded and registered with Filter Manager.
12/07/2020 11:47:27 AM
LogName=System
SourceName=Microsoft-Windows-Ntfs
EventCode=98
EventType=4
Type=Information
ComputerName=win-dc-633
User=NOT_TRANSLATED
Sid=S-1-5-18
SidType=0
TaskCategory=None
OpCode=Info
RecordNumber=83432
Keywords=None
Message=Volume C: (\Device\HarddiskVolume1) is healthy.  No action is needed.
12/07/2020 11:47:28 AM
LogName=System
SourceName=Microsoft-Windows-Service Control Manager
EventCode=7036
EventType=4
Type=Information
ComputerName=win-dc-633
TaskCategory=None
OpCode=The operation completed successfully.
RecordNumber=83457
Keywords=Classic
Message=The EventLog service entered the running state.
12/07/2020 11:47:28 AM
LogName=System
SourceName=Microsoft-Windows-Service Control Manager
EventCode=7036
EventType=4
Type=Information
ComputerName=win-dc-633
TaskCategory=None
OpCode=The operation completed successfully.
RecordNumber=83456
Keywords=Classic
Message=The lmhosts service entered the running state.
12/07/2020 11:47:28 AM
LogName=System
SourceName=Microsoft-Windows-Service Control Manager
EventCode=7036
EventType=4
Type=Information
ComputerName=win-dc-633
TaskCategory=None
OpCode=The operation completed successfully.
RecordNumber=83455
Keywords=Classic
Message=The TermService service entered the running state.
12/07/2020 11:47:28 AM
LogName=System
SourceName=Microsoft-Windows-Service Control Manager
EventCode=7036
EventType=4
Type=Information
ComputerName=win-dc-633
TaskCategory=None
OpCode=The operation completed successfully.
RecordNumber=83454
Keywords=Classic
Message=The SystemEventsBroker service entered the running state.
12/07/2020 11:47:28 AM
LogName=System
SourceName=Microsoft-Windows-Service Control Manager
EventCode=7036
EventType=4
Type=Information
ComputerName=win-dc-633
TaskCategory=None
OpCode=The operation completed successfully.
RecordNumber=83453
Keywords=Classic
Message=The BrokerInfrastructure service entered the running state.
12/07/2020 11:47:28 AM
LogName=System
SourceName=Microsoft-Windows-Service Control Manager
EventCode=7036
EventType=4
Type=Information
ComputerName=win-dc-633
TaskCategory=None
OpCode=The operation completed successfully.
RecordNumber=83452
Keywords=Classic
Message=The LSM service entered the running state.
12/07/2020 11:47:28 AM
LogName=System
SourceName=Microsoft-Windows-Service Control Manager
EventCode=7036
EventType=4
Type=Information
ComputerName=win-dc-633
TaskCategory=None
OpCode=The operation completed successfully.
RecordNumber=83451
Keywords=Classic
Message=The RpcSs service entered the running state.
12/07/2020 11:47:28 AM
LogName=System
SourceName=Microsoft-Windows-Service Control Manager
EventCode=7036
EventType=4
Type=Information
ComputerName=win-dc-633
TaskCategory=None
OpCode=The operation completed successfully.
RecordNumber=83450
Keywords=Classic
Message=The RpcEptMapper service entered the running state.
12/07/2020 11:47:28 AM
LogName=System
SourceName=Microsoft-Windows-Service Control Manager
EventCode=7036
EventType=4
Type=Information
ComputerName=win-dc-633
TaskCategory=None
OpCode=The operation completed successfully.
RecordNumber=83449
Keywords=Classic
Message=The DcomLaunch service entered the running state.
12/07/2020 11:47:28 AM
LogName=System
SourceName=Microsoft-Windows-Service Control Manager
EventCode=7036
EventType=4
Type=Information
ComputerName=win-dc-633
TaskCategory=None
OpCode=The operation completed successfully.
RecordNumber=83448
Keywords=Classic
Message=The Power service entered the running state.
12/07/2020 11:47:28 AM
LogName=System
SourceName=Microsoft-Windows-Service Control Manager
EventCode=7036
EventType=4
Type=Information
ComputerName=win-dc-633
TaskCategory=None
OpCode=The operation completed successfully.
RecordNumber=83447
Keywords=Classic
Message=The PlugPlay service entered the running state.
12/07/2020 11:47:28 AM
LogName=System
SourceName=Microsoft-Windows-Directory-Services-SAM
EventCode=16962
EventType=4
Type=Information
ComputerName=win-dc-633
User=NOT_TRANSLATED
Sid=S-1-5-18
SidType=0
TaskCategory=None
OpCode=Info
RecordNumber=83446
Keywords=None
Message=Remote calls to the SAM database are being restricted using the default security descriptor: O:SYG:SYD:(A;;RC;;;BA).
For more information please see http://go.microsoft.com/fwlink/?LinkId=787651.
12/07/2020 11:47:28 AM
LogName=System
SourceName=Microsoft-Windows-Wininit
EventCode=14
EventType=4
Type=Information
ComputerName=win-dc-633
User=NOT_TRANSLATED
Sid=S-1-5-18
SidType=0
TaskCategory=None
OpCode=Info
RecordNumber=83445
Keywords=None
Message=Credential Guard (LsaIso.exe) configuration: 0x0, 0
12/07/2020 11:47:28 AM
LogName=System
SourceName=EventLog
EventCode=6013
EventType=4
Type=Information
ComputerName=win-dc-633
TaskCategory=None
OpCode=None
RecordNumber=83411
Keywords=Classic
Message=The system uptime is 5 seconds.
12/07/2020 11:47:28 AM
LogName=System
SourceName=EventLog
EventCode=6005
EventType=4
Type=Information
ComputerName=win-dc-633
TaskCategory=None
OpCode=None
RecordNumber=83410
Keywords=Classic
Message=The Event log service was started.
12/07/2020 11:47:28 AM
LogName=System
SourceName=EventLog
EventCode=6009
EventType=4
Type=Information
ComputerName=win-dc-633
TaskCategory=None
OpCode=None
RecordNumber=83409
Keywords=Classic
Message=Microsoft (R) Windows (R) 10.00. 14393  Multiprocessor Free.
12/07/2020 11:47:28 AM
LogName=System
SourceName=EventLog
EventCode=6011
EventType=4
Type=Information
ComputerName=win-dc-633
TaskCategory=None
OpCode=None
RecordNumber=83408
Keywords=Classic
Message=The NetBIOS name and DNS host name of this machine have been changed from EC2AMAZ-FD58AG1 to WIN-DC-633.
12/07/2020 11:47:29 AM
LogName=System
SourceName=Microsoft-Windows-Service Control Manager
EventCode=7036
EventType=4
Type=Information
ComputerName=win-dc-633
TaskCategory=None
OpCode=The operation completed successfully.
RecordNumber=83513
Keywords=Classic
Message=The AmazonSSMAgent service entered the running state.
12/07/2020 11:47:29 AM
LogName=System
SourceName=Microsoft-Windows-Iphlpsvc
EventCode=4200
EventType=4
Type=Information
ComputerName=win-dc-633
User=NOT_TRANSLATED
Sid=S-1-5-18
SidType=0
TaskCategory=None
OpCode=Info
RecordNumber=83512
Keywords=None
Message=Isatap interface Reusable ISATAP Interface {90ABCE23-305A-4BDE-AA39-4FFDA7413134} with address fe80::5efe:10.0.1.14 has been brought up.
12/07/2020 11:47:29 AM
LogName=System
SourceName=Microsoft-Windows-Service Control Manager
EventCode=7026
EventType=4
Type=Information
ComputerName=win-dc-633
TaskCategory=None
OpCode=The operation completed successfully.
RecordNumber=83511
Keywords=Classic
Message=The following boot-start or system-start driver(s) did not load: 
cdrom
dam
12/07/2020 11:47:29 AM
LogName=System
SourceName=Microsoft-Windows-Service Control Manager
EventCode=7036
EventType=4
Type=Information
ComputerName=win-dc-633
TaskCategory=None
OpCode=The operation completed successfully.
RecordNumber=83510
Keywords=Classic
Message=The PolicyAgent service entered the running state.
12/07/2020 11:47:29 AM
LogName=System
SourceName=Microsoft-Windows-Service Control Manager
EventCode=7036
EventType=4
Type=Information
ComputerName=win-dc-633
TaskCategory=None
OpCode=The operation completed successfully.
RecordNumber=83509
Keywords=Classic
Message=The wuauserv service entered the running state.
12/07/2020 11:47:29 AM
LogName=System
SourceName=Microsoft-Windows-Service Control Manager
EventCode=7036
EventType=4
Type=Information
ComputerName=win-dc-633
TaskCategory=None
OpCode=The operation completed successfully.
RecordNumber=83508
Keywords=Classic
Message=The NetSetupSvc service entered the running state.
12/07/2020 11:47:29 AM
LogName=System
SourceName=Microsoft-Windows-Service Control Manager
EventCode=7036
EventType=4
Type=Information
ComputerName=win-dc-633
TaskCategory=None
OpCode=The operation completed successfully.
RecordNumber=83507
Keywords=Classic
Message=The KeyIso service entered the running state.
12/07/2020 11:47:29 AM
LogName=System
SourceName=Microsoft-Windows-Service Control Manager
EventCode=7036
EventType=4
Type=Information
ComputerName=win-dc-633
TaskCategory=None
OpCode=The operation completed successfully.
RecordNumber=83506
Keywords=Classic
Message=The iphlpsvc service entered the running state.
12/07/2020 11:47:29 AM
LogName=System
SourceName=Microsoft-Windows-Service Control Manager
EventCode=7036
EventType=4
Type=Information
ComputerName=win-dc-633
TaskCategory=None
OpCode=The operation completed successfully.
RecordNumber=83505
Keywords=Classic
Message=The tiledatamodelsvc service entered the running state.
12/07/2020 11:47:29 AM
LogName=System
SourceName=Microsoft-Windows-Service Control Manager
EventCode=7036
EventType=4
Type=Information
ComputerName=win-dc-633
TaskCategory=None
OpCode=The operation completed successfully.
RecordNumber=83504
Keywords=Classic
Message=The WpnService service entered the running state.
12/07/2020 11:47:29 AM
LogName=System
SourceName=Microsoft-Windows-Service Control Manager
EventCode=7036
EventType=4
Type=Information
ComputerName=win-dc-633
TaskCategory=None
OpCode=The operation completed successfully.
RecordNumber=83503
Keywords=Classic
Message=The StateRepository service entered the running state.
12/07/2020 11:47:29 AM
LogName=System
SourceName=Microsoft-Windows-Service Control Manager
EventCode=7036
EventType=4
Type=Information
ComputerName=win-dc-633
TaskCategory=None
OpCode=The operation completed successfully.
RecordNumber=83502
Keywords=Classic
Message=The WinRM service entered the running state.
12/07/2020 11:47:29 AM
LogName=System
SourceName=Microsoft-Windows-TerminalServices-RemoteConnectionManager
EventCode=1056
EventType=4
Type=Information
ComputerName=win-dc-633
TaskCategory=None
OpCode=The operation completed successfully.
RecordNumber=83501
Keywords=Classic
Message=A new self signed certificate to be used for RD Session Host Server authentication on SSL connections was generated. The name on this certificate is win-dc-633. The SHA1 hash of the certificate is in the event data.
12/07/2020 11:47:29 AM
LogName=System
SourceName=Microsoft-Windows-Service Control Manager
EventCode=7036
EventType=4
Type=Information
ComputerName=win-dc-633
TaskCategory=None
OpCode=The operation completed successfully.
RecordNumber=83500
Keywords=Classic
Message=The LanmanServer service entered the running state.
12/07/2020 11:47:29 AM
LogName=System
SourceName=Microsoft-Windows-Service Control Manager
EventCode=7036
EventType=4
Type=Information
ComputerName=win-dc-633
TaskCategory=None
OpCode=The operation completed successfully.
RecordNumber=83499
Keywords=Classic
Message=The MpsSvc service entered the running state.
12/07/2020 11:47:29 AM
LogName=System
SourceName=Microsoft-Windows-Service Control Manager
EventCode=7036
EventType=4
Type=Information
ComputerName=win-dc-633
TaskCategory=None
OpCode=The operation completed successfully.
RecordNumber=83498
Keywords=Classic
Message=The Winmgmt service entered the running state.
12/07/2020 11:47:29 AM
LogName=System
SourceName=Microsoft-Windows-Service Control Manager
EventCode=7036
EventType=4
Type=Information
ComputerName=win-dc-633
TaskCategory=None
OpCode=The operation completed successfully.
RecordNumber=83497
Keywords=Classic
Message=The W32Time service entered the running state.
12/07/2020 11:47:29 AM
LogName=System
SourceName=Microsoft-Windows-Service Control Manager
EventCode=7036
EventType=4
Type=Information
ComputerName=win-dc-633
TaskCategory=None
OpCode=The operation completed successfully.
RecordNumber=83496
Keywords=Classic
Message=The PcaSvc service entered the running state.
12/07/2020 11:47:29 AM
LogName=System
SourceName=Microsoft-Windows-Service Control Manager
EventCode=7036
EventType=4
Type=Information
ComputerName=win-dc-633
TaskCategory=None
OpCode=The operation completed successfully.
RecordNumber=83495
Keywords=Classic
Message=The TrkWks service entered the running state.
12/07/2020 11:47:29 AM
LogName=System
SourceName=Microsoft-Windows-Service Control Manager
EventCode=7036
EventType=4
Type=Information
ComputerName=win-dc-633
TaskCategory=None
OpCode=The operation completed successfully.
RecordNumber=83494
Keywords=Classic
Message=The AWSLiteAgent service entered the running state.
12/07/2020 11:47:29 AM
LogName=System
SourceName=Microsoft-Windows-Service Control Manager
EventCode=7036
EventType=4
Type=Information
ComputerName=win-dc-633
TaskCategory=None
OpCode=The operation completed successfully.
RecordNumber=83493
Keywords=Classic
Message=The Spooler service entered the running state.
12/07/2020 11:47:29 AM
LogName=System
SourceName=Microsoft-Windows-Service Control Manager
EventCode=7036
EventType=4
Type=Information
ComputerName=win-dc-633
TaskCategory=None
OpCode=The operation completed successfully.
RecordNumber=83492
Keywords=Classic
Message=The RemoteRegistry service entered the running state.
12/07/2020 11:47:29 AM
LogName=System
SourceName=Microsoft-Windows-Service Control Manager
EventCode=7036
EventType=4
Type=Information
ComputerName=win-dc-633
TaskCategory=None
OpCode=The operation completed successfully.
RecordNumber=83491
Keywords=Classic
Message=The UserManager service entered the running state.
12/07/2020 11:47:29 AM
LogName=System
SourceName=Microsoft-Windows-Service Control Manager
EventCode=7036
EventType=4
Type=Information
ComputerName=win-dc-633
TaskCategory=None
OpCode=The operation completed successfully.
RecordNumber=83490
Keywords=Classic
Message=The CryptSvc service entered the running state.
12/07/2020 11:47:29 AM
LogName=System
SourceName=Microsoft-Windows-Service Control Manager
EventCode=7036
EventType=4
Type=Information
ComputerName=win-dc-633
TaskCategory=None
OpCode=The operation completed successfully.
RecordNumber=83489
Keywords=Classic
Message=The TimeBrokerSvc service entered the running state.
12/07/2020 11:47:29 AM
LogName=System
SourceName=Microsoft-Windows-Service Control Manager
EventCode=7036
EventType=4
Type=Information
ComputerName=win-dc-633
TaskCategory=None
OpCode=The operation completed successfully.
RecordNumber=83488
Keywords=Classic
Message=The SessionEnv service entered the running state.
12/07/2020 11:47:29 AM
LogName=System
SourceName=Microsoft-Windows-Service Control Manager
EventCode=7036
EventType=4
Type=Information
ComputerName=win-dc-633
TaskCategory=None
OpCode=The operation completed successfully.
RecordNumber=83487
Keywords=Classic
Message=The Schedule service entered the running state.
12/07/2020 11:47:29 AM
LogName=System
SourceName=Microsoft-Windows-Service Control Manager
EventCode=7036
EventType=4
Type=Information
ComputerName=win-dc-633
TaskCategory=None
OpCode=The operation completed successfully.
RecordNumber=83486
Keywords=Classic
Message=The SamSs service entered the running state.
12/07/2020 11:47:29 AM
LogName=System
SourceName=Microsoft-Windows-Service Control Manager
EventCode=7036
EventType=4
Type=Information
ComputerName=win-dc-633
TaskCategory=None
OpCode=The operation completed successfully.
RecordNumber=83485
Keywords=Classic
Message=The CertPropSvc service entered the running state.
12/07/2020 11:47:29 AM
LogName=System
SourceName=Microsoft-Windows-Service Control Manager
EventCode=7036
EventType=4
Type=Information
ComputerName=win-dc-633
TaskCategory=None
OpCode=The operation completed successfully.
RecordNumber=83484
Keywords=Classic
Message=The BFE service entered the running state.
12/07/2020 11:47:29 AM
LogName=System
SourceName=Microsoft-Windows-Service Control Manager
EventCode=7036
EventType=4
Type=Information
ComputerName=win-dc-633
TaskCategory=None
OpCode=The operation completed successfully.
RecordNumber=83483
Keywords=Classic
Message=The WinHttpAutoProxySvc service entered the running state.
12/07/2020 11:47:29 AM
LogName=System
SourceName=Microsoft-Windows-Service Control Manager
EventCode=7036
EventType=4
Type=Information
ComputerName=win-dc-633
TaskCategory=None
OpCode=The operation completed successfully.
RecordNumber=83482
Keywords=Classic
Message=The NcbService service entered the running state.
12/07/2020 11:47:29 AM
LogName=System
SourceName=Microsoft-Windows-Service Control Manager
EventCode=7036
EventType=4
Type=Information
ComputerName=win-dc-633
TaskCategory=None
OpCode=The operation completed successfully.
RecordNumber=83481
Keywords=Classic
Message=The DsmSvc service entered the running state.
12/07/2020 11:47:29 AM
LogName=System
SourceName=Microsoft-Windows-Service Control Manager
EventCode=7036
EventType=4
Type=Information
ComputerName=win-dc-633
TaskCategory=None
OpCode=The operation completed successfully.
RecordNumber=83480
Keywords=Classic
Message=The UmRdpService service entered the running state.
12/07/2020 11:47:29 AM
LogName=System
SourceName=Microsoft-Windows-Service Control Manager
EventCode=7036
EventType=4
Type=Information
ComputerName=win-dc-633
TaskCategory=None
OpCode=The operation completed successfully.
RecordNumber=83479
Keywords=Classic
Message=The netprofm service entered the running state.
12/07/2020 11:47:29 AM
LogName=System
SourceName=Microsoft-Windows-Service Control Manager
EventCode=7036
EventType=4
Type=Information
ComputerName=win-dc-633
TaskCategory=None
OpCode=The operation completed successfully.
RecordNumber=83478
Keywords=Classic
Message=The LanmanWorkstation service entered the running state.
12/07/2020 11:47:29 AM
LogName=System
SourceName=Microsoft-Windows-Service Control Manager
EventCode=7036
EventType=4
Type=Information
ComputerName=win-dc-633
TaskCategory=None
OpCode=The operation completed successfully.
RecordNumber=83477
Keywords=Classic
Message=The Dnscache service entered the running state.
12/07/2020 11:47:29 AM
LogName=System
SourceName=Microsoft-Windows-Service Control Manager
EventCode=7036
EventType=4
Type=Information
ComputerName=win-dc-633
TaskCategory=None
OpCode=The operation completed successfully.
RecordNumber=83476
Keywords=Classic
Message=The NlaSvc service entered the running state.
12/07/2020 11:47:29 AM
LogName=System
SourceName=Microsoft-Windows-Service Control Manager
EventCode=7036
EventType=4
Type=Information
ComputerName=win-dc-633
TaskCategory=None
OpCode=The operation completed successfully.
RecordNumber=83475
Keywords=Classic
Message=The Wcmsvc service entered the running state.
12/07/2020 11:47:29 AM
LogName=System
SourceName=Microsoft-Windows-Service Control Manager
EventCode=7036
EventType=4
Type=Information
ComputerName=win-dc-633
TaskCategory=None
OpCode=The operation completed successfully.
RecordNumber=83474
Keywords=Classic
Message=The FontCache service entered the running state.
12/07/2020 11:47:29 AM
LogName=System
SourceName=Microsoft-Windows-Service Control Manager
EventCode=7036
EventType=4
Type=Information
ComputerName=win-dc-633
TaskCategory=None
OpCode=The operation completed successfully.
RecordNumber=83473
Keywords=Classic
Message=The ShellHWDetection service entered the running state.
12/07/2020 11:47:29 AM
LogName=System
SourceName=Microsoft-Windows-Service Control Manager
EventCode=7036
EventType=4
Type=Information
ComputerName=win-dc-633
TaskCategory=None
OpCode=The operation completed successfully.
RecordNumber=83472
Keywords=Classic
Message=The gpsvc service entered the running state.
12/07/2020 11:47:29 AM
LogName=System
SourceName=Microsoft-Windows-Service Control Manager
EventCode=7036
EventType=4
Type=Information
ComputerName=win-dc-633
TaskCategory=None
OpCode=The operation completed successfully.
RecordNumber=83471
Keywords=Classic
Message=The SENS service entered the running state.
12/07/2020 11:47:29 AM
LogName=System
SourceName=Microsoft-Windows-Service Control Manager
EventCode=7036
EventType=4
Type=Information
ComputerName=win-dc-633
TaskCategory=None
OpCode=The operation completed successfully.
RecordNumber=83470
Keywords=Classic
Message=The ProfSvc service entered the running state.
12/07/2020 11:47:29 AM
LogName=System
SourceName=Microsoft-Windows-Service Control Manager
EventCode=7036
EventType=4
Type=Information
ComputerName=win-dc-633
TaskCategory=None
OpCode=The operation completed successfully.
RecordNumber=83469
Keywords=Classic
Message=The TrustedInstaller service entered the running state.
12/07/2020 11:47:29 AM
LogName=System
SourceName=Microsoft-Windows-Service Control Manager
EventCode=7036
EventType=4
Type=Information
ComputerName=win-dc-633
TaskCategory=None
OpCode=The operation completed successfully.
RecordNumber=83468
Keywords=Classic
Message=The Dhcp service entered the running state.
12/07/2020 11:47:29 AM
LogName=System
SourceName=Microsoft-Windows-DHCPv6-Client
EventCode=51046
EventType=4
Type=Information
ComputerName=win-dc-633
User=NOT_TRANSLATED
Sid=S-1-5-19
SidType=0
TaskCategory=Service State Event
OpCode=ServiceStart
RecordNumber=83467
Keywords=None
Message=DHCPv6 client service is started
12/07/2020 11:47:29 AM
LogName=System
SourceName=Microsoft-Windows-Service Control Manager
EventCode=7036
EventType=4
Type=Information
ComputerName=win-dc-633
TaskCategory=None
OpCode=The operation completed successfully.
RecordNumber=83466
Keywords=Classic
Message=The EventSystem service entered the running state.
12/07/2020 11:47:29 AM
LogName=System
SourceName=Microsoft-Windows-Dhcp-Client
EventCode=50036
EventType=4
Type=Information
ComputerName=win-dc-633
User=NOT_TRANSLATED
Sid=S-1-5-19
SidType=0
TaskCategory=Service State Event
OpCode=ServiceStart
RecordNumber=83465
Keywords=None
Message=DHCPv4 client service is started
12/07/2020 11:47:29 AM
LogName=System
SourceName=Microsoft-Windows-Service Control Manager
EventCode=7036
EventType=4
Type=Information
ComputerName=win-dc-633
TaskCategory=None
OpCode=The operation completed successfully.
RecordNumber=83464
Keywords=Classic
Message=The WPDBusEnum service entered the running state.
12/07/2020 11:47:29 AM
LogName=System
SourceName=Microsoft-Windows-Service Control Manager
EventCode=7036
EventType=4
Type=Information
ComputerName=win-dc-633
TaskCategory=None
OpCode=The operation completed successfully.
RecordNumber=83463
Keywords=Classic
Message=The CoreMessagingRegistrar service entered the running state.
12/07/2020 11:47:29 AM
LogName=System
SourceName=Microsoft-Windows-Service Control Manager
EventCode=7036
EventType=4
Type=Information
ComputerName=win-dc-633
TaskCategory=None
OpCode=The operation completed successfully.
RecordNumber=83462
Keywords=Classic
Message=The nsi service entered the running state.
12/07/2020 11:47:29 AM
LogName=System
SourceName=Microsoft-Windows-Service Control Manager
EventCode=7036
EventType=4
Type=Information
ComputerName=win-dc-633
TaskCategory=None
OpCode=The operation completed successfully.
RecordNumber=83461
Keywords=Classic
Message=The Themes service entered the running state.
12/07/2020 11:47:29 AM
LogName=System
SourceName=Microsoft-Windows-FilterManager
EventCode=6
EventType=4
Type=Information
ComputerName=win-dc-633
User=NOT_TRANSLATED
Sid=S-1-5-18
SidType=0
TaskCategory=None
OpCode=Info
RecordNumber=83460
Keywords=None
Message=File System Filter 'storqosflt' (10.0, ‎2019‎-‎02‎-‎17T02:00:41.000000000Z) has successfully loaded and registered with Filter Manager.
12/07/2020 11:47:29 AM
LogName=System
SourceName=Microsoft-Windows-FilterManager
EventCode=6
EventType=4
Type=Information
ComputerName=win-dc-633
User=NOT_TRANSLATED
Sid=S-1-5-18
SidType=0
TaskCategory=None
OpCode=Info
RecordNumber=83459
Keywords=None
Message=File System Filter 'luafv' (10.0, ‎2019‎-‎04‎-‎02T04:23:00.000000000Z) has successfully loaded and registered with Filter Manager.
12/07/2020 11:47:29 AM
LogName=System
SourceName=Microsoft-Windows-FilterManager
EventCode=6
EventType=4
Type=Information
ComputerName=win-dc-633
User=NOT_TRANSLATED
Sid=S-1-5-18
SidType=0
TaskCategory=None
OpCode=Info
RecordNumber=83458
Keywords=None
Message=File System Filter 'wcifs' (10.0, ‎2020‎-‎02‎-‎19T07:59:09.000000000Z) has successfully loaded and registered with Filter Manager.
