12/07/2020 11:57:37 AM
LogName=System
SourceName=Microsoft-Windows-Service Control Manager
EventCode=7036
EventType=4
Type=Information
ComputerName=win-dc-633.attackrange.local
TaskCategory=None
OpCode=The operation completed successfully.
RecordNumber=83884
Keywords=Classic
Message=The EventLog service entered the running state.
12/07/2020 11:57:37 AM
LogName=System
SourceName=Microsoft-Windows-Service Control Manager
EventCode=7036
EventType=4
Type=Information
ComputerName=win-dc-633.attackrange.local
TaskCategory=None
OpCode=The operation completed successfully.
RecordNumber=83883
Keywords=Classic
Message=The nsi service entered the running state.
12/07/2020 11:57:37 AM
LogName=System
SourceName=Microsoft-Windows-Service Control Manager
EventCode=7036
EventType=4
Type=Information
ComputerName=win-dc-633.attackrange.local
TaskCategory=None
OpCode=The operation completed successfully.
RecordNumber=83882
Keywords=Classic
Message=The lmhosts service entered the running state.
12/07/2020 11:57:37 AM
LogName=System
SourceName=Microsoft-Windows-Service Control Manager
EventCode=7036
EventType=4
Type=Information
ComputerName=win-dc-633.attackrange.local
TaskCategory=None
OpCode=The operation completed successfully.
RecordNumber=83881
Keywords=Classic
Message=The TermService service entered the running state.
12/07/2020 11:57:37 AM
LogName=System
SourceName=Microsoft-Windows-Service Control Manager
EventCode=7036
EventType=4
Type=Information
ComputerName=win-dc-633.attackrange.local
TaskCategory=None
OpCode=The operation completed successfully.
RecordNumber=83880
Keywords=Classic
Message=The SystemEventsBroker service entered the running state.
12/07/2020 11:57:37 AM
LogName=System
SourceName=Microsoft-Windows-Service Control Manager
EventCode=7036
EventType=4
Type=Information
ComputerName=win-dc-633.attackrange.local
TaskCategory=None
OpCode=The operation completed successfully.
RecordNumber=83879
Keywords=Classic
Message=The BrokerInfrastructure service entered the running state.
12/07/2020 11:57:37 AM
LogName=System
SourceName=Microsoft-Windows-Service Control Manager
EventCode=7036
EventType=4
Type=Information
ComputerName=win-dc-633.attackrange.local
TaskCategory=None
OpCode=The operation completed successfully.
RecordNumber=83878
Keywords=Classic
Message=The LSM service entered the running state.
12/07/2020 11:57:37 AM
LogName=System
SourceName=Microsoft-Windows-Service Control Manager
EventCode=7036
EventType=4
Type=Information
ComputerName=win-dc-633.attackrange.local
TaskCategory=None
OpCode=The operation completed successfully.
RecordNumber=83877
Keywords=Classic
Message=The RpcSs service entered the running state.
12/07/2020 11:57:37 AM
LogName=System
SourceName=Microsoft-Windows-Service Control Manager
EventCode=7036
EventType=4
Type=Information
ComputerName=win-dc-633.attackrange.local
TaskCategory=None
OpCode=The operation completed successfully.
RecordNumber=83876
Keywords=Classic
Message=The RpcEptMapper service entered the running state.
12/07/2020 11:57:37 AM
LogName=System
SourceName=Microsoft-Windows-Service Control Manager
EventCode=7036
EventType=4
Type=Information
ComputerName=win-dc-633.attackrange.local
TaskCategory=None
OpCode=The operation completed successfully.
RecordNumber=83875
Keywords=Classic
Message=The DcomLaunch service entered the running state.
12/07/2020 11:57:37 AM
LogName=System
SourceName=Microsoft-Windows-Service Control Manager
EventCode=7036
EventType=4
Type=Information
ComputerName=win-dc-633.attackrange.local
TaskCategory=None
OpCode=The operation completed successfully.
RecordNumber=83874
Keywords=Classic
Message=The Power service entered the running state.
12/07/2020 11:57:37 AM
LogName=System
SourceName=Microsoft-Windows-Service Control Manager
EventCode=7036
EventType=4
Type=Information
ComputerName=win-dc-633.attackrange.local
TaskCategory=None
OpCode=The operation completed successfully.
RecordNumber=83873
Keywords=Classic
Message=The PlugPlay service entered the running state.
12/07/2020 11:57:37 AM
LogName=System
SourceName=EventLog
EventCode=6013
EventType=4
Type=Information
ComputerName=win-dc-633.attackrange.local
TaskCategory=None
OpCode=None
RecordNumber=83841
Keywords=Classic
Message=The system uptime is 6 seconds.
12/07/2020 11:57:37 AM
LogName=System
SourceName=EventLog
EventCode=6005
EventType=4
Type=Information
ComputerName=win-dc-633.attackrange.local
TaskCategory=None
OpCode=None
RecordNumber=83840
Keywords=Classic
Message=The Event log service was started.
12/07/2020 11:57:37 AM
LogName=System
SourceName=EventLog
EventCode=6009
EventType=4
Type=Information
ComputerName=win-dc-633.attackrange.local
TaskCategory=None
OpCode=None
RecordNumber=83839
Keywords=Classic
Message=Microsoft (R) Windows (R) 10.00. 14393  Multiprocessor Free.
12/07/2020 11:57:38 AM
LogName=System
SourceName=Microsoft-Windows-DNS Client Events
EventCode=1014
EventType=3
Type=Warning
ComputerName=win-dc-633.attackrange.local
User=NOT_TRANSLATED
Sid=S-1-5-20
SidType=0
TaskCategory=1014
OpCode=Info
RecordNumber=83926
Keywords=None
Message=Name resolution for the name _ldap._tcp.dc._msdcs.attackrange.local. timed out after none of the configured DNS servers responded.
12/07/2020 11:57:38 AM
LogName=System
SourceName=Microsoft-Windows-Service Control Manager
EventCode=7036
EventType=4
Type=Information
ComputerName=win-dc-633.attackrange.local
TaskCategory=None
OpCode=The operation completed successfully.
RecordNumber=83925
Keywords=Classic
Message=The PolicyAgent service entered the running state.
12/07/2020 11:57:38 AM
LogName=System
SourceName=Microsoft-Windows-Service Control Manager
EventCode=7036
EventType=4
Type=Information
ComputerName=win-dc-633.attackrange.local
TaskCategory=None
OpCode=The operation completed successfully.
RecordNumber=83924
Keywords=Classic
Message=The Kdc service entered the running state.
12/07/2020 11:57:38 AM
LogName=System
SourceName=Microsoft-Windows-Service Control Manager
EventCode=7036
EventType=4
Type=Information
ComputerName=win-dc-633.attackrange.local
TaskCategory=None
OpCode=The operation completed successfully.
RecordNumber=83923
Keywords=Classic
Message=The NTDS service entered the running state.
12/07/2020 11:57:39 AM
LogName=System
SourceName=Microsoft-Windows-Service Control Manager
EventCode=7036
EventType=4
Type=Information
ComputerName=win-dc-633.attackrange.local
TaskCategory=None
OpCode=The operation completed successfully.
RecordNumber=83927
Keywords=Classic
Message=The CryptSvc service entered the running state.
12/07/2020 11:57:42 AM
LogName=System
SourceName=Microsoft-Windows-Service Control Manager
EventCode=7036
EventType=4
Type=Information
ComputerName=win-dc-633.attackrange.local
TaskCategory=None
OpCode=The operation completed successfully.
RecordNumber=83928
Keywords=Classic
Message=The wuauserv service entered the running state.
12/07/2020 11:57:43 AM
LogName=System
SourceName=Microsoft-Windows-Service Control Manager
EventCode=7036
EventType=4
Type=Information
ComputerName=win-dc-633.attackrange.local
TaskCategory=None
OpCode=The operation completed successfully.
RecordNumber=83929
Keywords=Classic
Message=The TrustedInstaller service entered the running state.
12/07/2020 11:57:47 AM
LogName=System
SourceName=Microsoft-Windows-Service Control Manager
EventCode=7036
EventType=4
Type=Information
ComputerName=win-dc-633.attackrange.local
TaskCategory=None
OpCode=The operation completed successfully.
RecordNumber=83931
Keywords=Classic
Message=The LanmanServer service entered the running state.
12/07/2020 11:57:47 AM
LogName=System
SourceName=Microsoft-Windows-Service Control Manager
EventCode=7036
EventType=4
Type=Information
ComputerName=win-dc-633.attackrange.local
TaskCategory=None
OpCode=The operation completed successfully.
RecordNumber=83930
Keywords=Classic
Message=The SamSs service entered the running state.
12/07/2020 11:57:53 AM
LogName=System
SourceName=Microsoft-Windows-Service Control Manager
EventCode=7036
EventType=4
Type=Information
ComputerName=win-dc-633.attackrange.local
TaskCategory=None
OpCode=The operation completed successfully.
RecordNumber=83951
Keywords=Classic
Message=The vds service entered the running state.
12/07/2020 11:57:53 AM
LogName=System
SourceName=Microsoft-Windows-Service Control Manager
EventCode=7036
EventType=4
Type=Information
ComputerName=win-dc-633.attackrange.local
TaskCategory=None
OpCode=The operation completed successfully.
RecordNumber=83950
Keywords=Classic
Message=The ADWS service entered the running state.
12/07/2020 11:57:53 AM
LogName=System
SourceName=Microsoft-Windows-Service Control Manager
EventCode=7036
EventType=4
Type=Information
ComputerName=win-dc-633.attackrange.local
TaskCategory=None
OpCode=The operation completed successfully.
RecordNumber=83949
Keywords=Classic
Message=The sysmon64 service entered the running state.
12/07/2020 11:57:53 AM
LogName=System
SourceName=Microsoft-Windows-Service Control Manager
EventCode=7036
EventType=4
Type=Information
ComputerName=win-dc-633.attackrange.local
TaskCategory=None
OpCode=The operation completed successfully.
RecordNumber=83948
Keywords=Classic
Message=The tiledatamodelsvc service entered the running state.
12/07/2020 11:57:53 AM
LogName=System
SourceName=Microsoft-Windows-Service Control Manager
EventCode=7036
EventType=4
Type=Information
ComputerName=win-dc-633.attackrange.local
TaskCategory=None
OpCode=The operation completed successfully.
RecordNumber=83947
Keywords=Classic
Message=The StateRepository service entered the running state.
12/07/2020 11:57:53 AM
LogName=System
SourceName=Microsoft-Windows-Service Control Manager
EventCode=7036
EventType=4
Type=Information
ComputerName=win-dc-633.attackrange.local
TaskCategory=None
OpCode=The operation completed successfully.
RecordNumber=83946
Keywords=Classic
Message=The DFSR service entered the running state.
12/07/2020 11:57:53 AM
LogName=System
SourceName=Microsoft-Windows-Service Control Manager
EventCode=7036
EventType=4
Type=Information
ComputerName=win-dc-633.attackrange.local
TaskCategory=None
OpCode=The operation completed successfully.
RecordNumber=83945
Keywords=Classic
Message=The WpnService service entered the running state.
12/07/2020 11:57:53 AM
LogName=System
SourceName=Microsoft-Windows-Service Control Manager
EventCode=7036
EventType=4
Type=Information
ComputerName=win-dc-633.attackrange.local
TaskCategory=None
OpCode=The operation completed successfully.
RecordNumber=83944
Keywords=Classic
Message=The WinRM service entered the running state.
12/07/2020 11:57:53 AM
LogName=System
SourceName=Microsoft-Windows-Service Control Manager
EventCode=7036
EventType=4
Type=Information
ComputerName=win-dc-633.attackrange.local
TaskCategory=None
OpCode=The operation completed successfully.
RecordNumber=83943
Keywords=Classic
Message=The Dfs service entered the running state.
12/07/2020 11:57:53 AM
LogName=System
SourceName=Microsoft-Windows-Service Control Manager
EventCode=7036
EventType=4
Type=Information
ComputerName=win-dc-633.attackrange.local
TaskCategory=None
OpCode=The operation completed successfully.
RecordNumber=83942
Keywords=Classic
Message=The EFS service entered the running state.
12/07/2020 11:57:53 AM
LogName=System
SourceName=Microsoft-Windows-Service Control Manager
EventCode=7036
EventType=4
Type=Information
ComputerName=win-dc-633.attackrange.local
TaskCategory=None
OpCode=The operation completed successfully.
RecordNumber=83941
Keywords=Classic
Message=The IsmServ service entered the running state.
12/07/2020 11:57:53 AM
LogName=System
SourceName=Microsoft-Windows-Service Control Manager
EventCode=7036
EventType=4
Type=Information
ComputerName=win-dc-633.attackrange.local
TaskCategory=None
OpCode=The operation completed successfully.
RecordNumber=83940
Keywords=Classic
Message=The AWSLiteAgent service entered the running state.
12/07/2020 11:57:53 AM
LogName=System
SourceName=Microsoft-Windows-Service Control Manager
EventCode=7036
EventType=4
Type=Information
ComputerName=win-dc-633.attackrange.local
TaskCategory=None
OpCode=The operation completed successfully.
RecordNumber=83939
Keywords=Classic
Message=The PcaSvc service entered the running state.
12/07/2020 11:57:53 AM
LogName=System
SourceName=Microsoft-Windows-Service Control Manager
EventCode=7036
EventType=4
Type=Information
ComputerName=win-dc-633.attackrange.local
TaskCategory=None
OpCode=The operation completed successfully.
RecordNumber=83938
Keywords=Classic
Message=The RemoteRegistry service entered the running state.
12/07/2020 11:57:53 AM
LogName=System
SourceName=Microsoft-Windows-Service Control Manager
EventCode=7036
EventType=4
Type=Information
ComputerName=win-dc-633.attackrange.local
TaskCategory=None
OpCode=The operation completed successfully.
RecordNumber=83937
Keywords=Classic
Message=The Spooler service entered the running state.
12/07/2020 11:57:53 AM
LogName=System
SourceName=Microsoft-Windows-Service Control Manager
EventCode=7036
EventType=4
Type=Information
ComputerName=win-dc-633.attackrange.local
TaskCategory=None
OpCode=The operation completed successfully.
RecordNumber=83936
Keywords=Classic
Message=The Netlogon service entered the running state.
12/07/2020 11:57:53 AM
LogName=System
SourceName=Virtual Disk Service
EventCode=3
EventType=4
Type=Information
ComputerName=win-dc-633.attackrange.local
TaskCategory=None
OpCode=None
RecordNumber=83935
Keywords=Classic
Message=Service started.
12/07/2020 11:57:53 AM
LogName=System
SourceName=Microsoft-Windows-Windows Remote Management
EventCode=10148
EventType=4
Type=Information
ComputerName=win-dc-633.attackrange.local
TaskCategory=None
OpCode=Info
RecordNumber=83934
Keywords=Classic
Message=The WinRM service is listening for WS-Management requests. 

 User Action 
 Use the following command to see the specific IPs on which WinRM is listening: 

 winrm enumerate winrm/config/listener
12/07/2020 11:57:53 AM
LogName=System
SourceName=Microsoft-Windows-DfsSvc
EventCode=14531
EventType=4
Type=Information
ComputerName=win-dc-633.attackrange.local
TaskCategory=None
OpCode=The operation completed successfully.
RecordNumber=83933
Keywords=Classic
Message=DFS server has finished initializing.
12/07/2020 11:57:53 AM
LogName=System
SourceName=Microsoft-Windows-DfsSvc
EventCode=14533
EventType=4
Type=Information
ComputerName=win-dc-633.attackrange.local
TaskCategory=None
OpCode=The operation completed successfully.
RecordNumber=83932
Keywords=Classic
Message=DFS has finished building all namespaces.
12/07/2020 11:57:54 AM
LogName=System
SourceName=Microsoft-Windows-Service Control Manager
EventCode=7036
EventType=4
Type=Information
ComputerName=win-dc-633.attackrange.local
TaskCategory=None
OpCode=The operation completed successfully.
RecordNumber=83952
Keywords=Classic
Message=The AmazonSSMAgent service entered the running state.
12/07/2020 11:57:57 AM
LogName=System
SourceName=Microsoft-Windows-Time-Service
EventCode=143
EventType=4
Type=Information
ComputerName=win-dc-633.attackrange.local
User=NOT_TRANSLATED
Sid=S-1-5-19
SidType=0
TaskCategory=None
OpCode=Info
RecordNumber=83954
Keywords=None
Message=The time service has started advertising as a good time source.
12/07/2020 11:57:57 AM
LogName=System
SourceName=Microsoft-Windows-Time-Service
EventCode=139
EventType=4
Type=Information
ComputerName=win-dc-633.attackrange.local
User=NOT_TRANSLATED
Sid=S-1-5-19
SidType=0
TaskCategory=None
OpCode=Info
RecordNumber=83953
Keywords=None
Message=The time service has started advertising as a time source.
12/07/2020 11:57:59 AM
LogName=System
SourceName=Microsoft-Windows-Service Control Manager
EventCode=7026
EventType=4
Type=Information
ComputerName=win-dc-633.attackrange.local
TaskCategory=None
OpCode=The operation completed successfully.
RecordNumber=83956
Keywords=Classic
Message=The following boot-start or system-start driver(s) did not load: 
cdrom
dam
12/07/2020 11:57:59 AM
LogName=System
SourceName=Microsoft-Windows-Service Control Manager
EventCode=7036
EventType=4
Type=Information
ComputerName=win-dc-633.attackrange.local
TaskCategory=None
OpCode=The operation completed successfully.
RecordNumber=83955
Keywords=Classic
Message=The SplunkForwarder service entered the running state.
12/07/2020 11:58:05 AM
LogName=System
SourceName=Microsoft-Windows-Time-Service
EventCode=12
EventType=3
Type=Warning
ComputerName=win-dc-633.attackrange.local
User=NOT_TRANSLATED
Sid=S-1-5-19
SidType=0
TaskCategory=None
OpCode=Info
RecordNumber=83958
Keywords=None
Message=Time Provider NtpClient: This machine is configured to use the domain hierarchy to determine its time source, but it is the AD PDC emulator for the domain at the root of the forest, so there is no machine above it in the domain hierarchy to use as a time source. It is recommended that you either configure a reliable time service in the root domain, or manually configure the AD PDC to synchronize with an external time source. Otherwise, this machine will function as the authoritative time source in the domain hierarchy. If an external time source is not configured or used for this computer, you may choose to disable the NtpClient.
12/07/2020 11:58:05 AM
LogName=System
SourceName=Microsoft-Windows-Windows Remote Management
EventCode=10154
EventType=3
Type=Warning
ComputerName=win-dc-633.attackrange.local
TaskCategory=None
OpCode=Info
RecordNumber=83957
Keywords=Classic
Message=The WinRM service failed to create the following SPNs: WSMAN/win-dc-633.attackrange.local; WSMAN/win-dc-633. 

 Additional Data 
 The error received was 1355: %%1355.

 User Action 
 The SPNs can be created by an administrator using setspn.exe utility.
12/07/2020 11:58:07 AM
LogName=System
SourceName=Microsoft-Windows-LSA
EventCode=6038
EventType=3
Type=Warning
ComputerName=win-dc-633.attackrange.local
TaskCategory=None
OpCode=Info
RecordNumber=83959
Keywords=Classic
Message=Microsoft Windows Server has detected that NTLM authentication is presently being used between clients and this server. This event occurs once per boot of the server on the first time a client uses NTLM with this server.
 
NTLM is a weaker authentication mechanism. Please check:
 
      Which applications are using NTLM authentication?
      Are there configuration issues preventing the use of stronger authentication such as Kerberos authentication?
      If NTLM must be supported, is Extended Protection configured?
 
Details on how to complete these checks can be found at http://go.microsoft.com/fwlink/?LinkId=225699.
12/07/2020 11:58:09 AM
LogName=System
SourceName=Microsoft-Windows-Service Control Manager
EventCode=7036
EventType=4
Type=Information
ComputerName=win-dc-633.attackrange.local
TaskCategory=None
OpCode=The operation completed successfully.
RecordNumber=83961
Keywords=Classic
Message=The W32Time service entered the running state.
12/07/2020 11:58:09 AM
LogName=System
SourceName=Microsoft-Windows-Time-Service
EventCode=134
EventType=3
Type=Warning
ComputerName=win-dc-633.attackrange.local
User=NOT_TRANSLATED
Sid=S-1-5-19
SidType=0
TaskCategory=None
OpCode=Info
RecordNumber=83960
Keywords=None
Message=NtpClient was unable to set a manual peer to use as a time source because of DNS resolution error on 'time.windows.com,0x8'. NtpClient will try again in 15 minutes and double the reattempt interval thereafter. The error was: No such host is known. (0x80072AF9)
12/07/2020 11:58:10 AM
LogName=System
SourceName=Microsoft-Windows-Service Control Manager
EventCode=7036
EventType=4
Type=Information
ComputerName=win-dc-633.attackrange.local
TaskCategory=None
OpCode=The operation completed successfully.
RecordNumber=83962
Keywords=Classic
Message=The NetSetupSvc service entered the stopped state.
12/07/2020 11:58:17 AM
LogName=System
SourceName=Microsoft-Windows-DistributedCOM
EventCode=10016
EventType=2
Type=Error
ComputerName=win-dc-633.attackrange.local
User=NOT_TRANSLATED
Sid=S-1-5-21-3911646319-387810913-1839908539-500
SidType=0
TaskCategory=None
OpCode=Info
RecordNumber=83965
Keywords=Classic
Message=The application-specific permission settings do not grant Local Activation permission for the COM Server application with CLSID 
{D63B10C5-BB46-4990-A94F-E40B9D520160}
 and APPID 
{9CA88EE3-ACB7-47C8-AFC4-AB702511C276}
 to the user ATTACKRANGE\Administrator SID (S-1-5-21-3911646319-387810913-1839908539-500) from address LocalHost (Using LRPC) running in the application container Unavailable SID (Unavailable). This security permission can be modified using the Component Services administrative tool.
12/07/2020 11:58:17 AM
LogName=System
SourceName=Microsoft-Windows-Time-Service
EventCode=37
EventType=4
Type=Information
ComputerName=win-dc-633.attackrange.local
User=NOT_TRANSLATED
Sid=S-1-5-19
SidType=0
TaskCategory=None
OpCode=Info
RecordNumber=83964
Keywords=None
Message=The time provider NtpClient is currently receiving valid time data from time.windows.com,0x8 (ntp.m|0x8|0.0.0.0:123->51.105.208.173:123).
12/07/2020 11:58:17 AM
LogName=System
SourceName=Microsoft-Windows-Service Control Manager
EventCode=7036
EventType=4
Type=Information
ComputerName=win-dc-633.attackrange.local
TaskCategory=None
OpCode=The operation completed successfully.
RecordNumber=83963
Keywords=Classic
Message=The DNS service entered the running state.
12/07/2020 11:58:18 AM
LogName=System
SourceName=Microsoft-Windows-Service Control Manager
EventCode=7036
EventType=4
Type=Information
ComputerName=win-dc-633.attackrange.local
TaskCategory=None
OpCode=The operation completed successfully.
RecordNumber=83968
Keywords=Classic
Message=The NetSetupSvc service entered the running state.
12/07/2020 11:58:18 AM
LogName=System
SourceName=Microsoft-Windows-Service Control Manager
EventCode=7036
EventType=4
Type=Information
ComputerName=win-dc-633.attackrange.local
TaskCategory=None
OpCode=The operation completed successfully.
RecordNumber=83967
Keywords=Classic
Message=The NcaSvc service entered the stopped state.
12/07/2020 11:58:18 AM
LogName=System
SourceName=Microsoft-Windows-GroupPolicy
EventCode=1502
EventType=4
Type=Information
ComputerName=win-dc-633.attackrange.local
User=NOT_TRANSLATED
Sid=S-1-5-18
SidType=0
TaskCategory=None
OpCode=Start
RecordNumber=83966
Keywords=None
Message=The Group Policy settings for the computer were processed successfully. New settings from 2 Group Policy objects were detected and applied.
12/07/2020 11:58:20 AM
LogName=System
SourceName=Microsoft-Windows-DistributedCOM
EventCode=10016
EventType=2
Type=Error
ComputerName=win-dc-633.attackrange.local
User=NOT_TRANSLATED
Sid=S-1-5-21-3911646319-387810913-1839908539-500
SidType=0
TaskCategory=None
OpCode=Info
RecordNumber=83969
Keywords=Classic
Message=The application-specific permission settings do not grant Local Activation permission for the COM Server application with CLSID 
{D63B10C5-BB46-4990-A94F-E40B9D520160}
 and APPID 
{9CA88EE3-ACB7-47C8-AFC4-AB702511C276}
 to the user ATTACKRANGE\Administrator SID (S-1-5-21-3911646319-387810913-1839908539-500) from address LocalHost (Using LRPC) running in the application container Unavailable SID (Unavailable). This security permission can be modified using the Component Services administrative tool.
12/07/2020 11:58:23 AM
LogName=System
SourceName=Microsoft-Windows-Time-Service
EventCode=37
EventType=4
Type=Information
ComputerName=win-dc-633.attackrange.local
User=NOT_TRANSLATED
Sid=S-1-5-19
SidType=0
TaskCategory=None
OpCode=Info
RecordNumber=83971
Keywords=None
Message=The time provider NtpClient is currently receiving valid time data from time.windows.com,0x8 (ntp.m|0x8|0.0.0.0:123->51.105.208.173:123).
12/07/2020 11:58:23 AM
LogName=System
SourceName=Microsoft-Windows-Time-Service
EventCode=12
EventType=3
Type=Warning
ComputerName=win-dc-633.attackrange.local
User=NOT_TRANSLATED
Sid=S-1-5-19
SidType=0
TaskCategory=None
OpCode=Info
RecordNumber=83970
Keywords=None
Message=Time Provider NtpClient: This machine is configured to use the domain hierarchy to determine its time source, but it is the AD PDC emulator for the domain at the root of the forest, so there is no machine above it in the domain hierarchy to use as a time source. It is recommended that you either configure a reliable time service in the root domain, or manually configure the AD PDC to synchronize with an external time source. Otherwise, this machine will function as the authoritative time source in the domain hierarchy. If an external time source is not configured or used for this computer, you may choose to disable the NtpClient.
12/07/2020 11:58:25 AM
LogName=System
SourceName=Microsoft-Windows-Time-Service
EventCode=35
EventType=4
Type=Information
ComputerName=win-dc-633.attackrange.local
User=NOT_TRANSLATED
Sid=S-1-5-19
SidType=0
TaskCategory=None
OpCode=Info
RecordNumber=83974
Keywords=None
Message=The time service is now synchronizing the system time with the time source time.windows.com,0x8 (ntp.m|0x8|0.0.0.0:123->51.105.208.173:123).
12/07/2020 11:58:25 AM
LogName=System
SourceName=Microsoft-Windows-Time-Service
EventCode=144
EventType=3
Type=Warning
ComputerName=win-dc-633.attackrange.local
User=NOT_TRANSLATED
Sid=S-1-5-19
SidType=0
TaskCategory=None
OpCode=Info
RecordNumber=83973
Keywords=None
Message=The time service has stopped advertising as a good time source.
12/07/2020 11:58:25 AM
LogName=System
SourceName=Microsoft-Windows-Time-Service
EventCode=37
EventType=4
Type=Information
ComputerName=win-dc-633.attackrange.local
User=NOT_TRANSLATED
Sid=S-1-5-19
SidType=0
TaskCategory=None
OpCode=Info
RecordNumber=83972
Keywords=None
Message=The time provider NtpClient is currently receiving valid time data from time.windows.com,0x8 (ntp.m|0x8|0.0.0.0:123->51.105.208.173:123).
12/07/2020 11:58:32 AM
LogName=System
SourceName=Microsoft-Windows-Service Control Manager
EventCode=7036
EventType=4
Type=Information
ComputerName=win-dc-633.attackrange.local
TaskCategory=None
OpCode=The operation completed successfully.
RecordNumber=83975
Keywords=Classic
Message=The DsmSvc service entered the stopped state.
12/07/2020 11:59:29 AM
LogName=System
SourceName=Microsoft-Windows-Time-Service
EventCode=37
EventType=4
Type=Information
ComputerName=win-dc-633.attackrange.local
User=NOT_TRANSLATED
Sid=S-1-5-19
SidType=0
TaskCategory=None
OpCode=Info
RecordNumber=83976
Keywords=None
Message=The time provider NtpClient is currently receiving valid time data from time.windows.com,0x8 (ntp.m|0x8|0.0.0.0:123->51.105.208.173:123).
12/07/2020 11:59:44 AM
LogName=System
SourceName=Microsoft-Windows-Service Control Manager
EventCode=7036
EventType=4
Type=Information
ComputerName=win-dc-633.attackrange.local
TaskCategory=None
OpCode=The operation completed successfully.
RecordNumber=83977
Keywords=Classic
Message=The TrustedInstaller service entered the stopped state.
12/07/2020 11:59:59 AM
LogName=System
SourceName=Microsoft-Windows-Service Control Manager
EventCode=7036
EventType=4
Type=Information
ComputerName=win-dc-633.attackrange.local
TaskCategory=None
OpCode=The operation completed successfully.
RecordNumber=83982
Keywords=Classic
Message=The Distributed Transaction Coordinator service entered the running state.
12/07/2020 11:59:59 AM
LogName=System
SourceName=Microsoft-Windows-Service Control Manager
EventCode=7036
EventType=4
Type=Information
ComputerName=win-dc-633.attackrange.local
TaskCategory=None
OpCode=The operation completed successfully.
RecordNumber=83981
Keywords=Classic
Message=The MapsBroker service entered the running state.
12/07/2020 11:59:59 AM
LogName=System
SourceName=Microsoft-Windows-Service Control Manager
EventCode=7036
EventType=4
Type=Information
ComputerName=win-dc-633.attackrange.local
TaskCategory=None
OpCode=The operation completed successfully.
RecordNumber=83980
Keywords=Classic
Message=The DPS service entered the running state.
12/07/2020 11:59:59 AM
LogName=System
SourceName=Microsoft-Windows-Service Control Manager
EventCode=7036
EventType=4
Type=Information
ComputerName=win-dc-633.attackrange.local
TaskCategory=None
OpCode=The operation completed successfully.
RecordNumber=83979
Keywords=Classic
Message=The Connected Devices Platform Service service entered the stopped state.
12/07/2020 12:00:00 PM
LogName=System
SourceName=Microsoft-Windows-Service Control Manager
EventCode=7036
EventType=4
Type=Information
ComputerName=win-dc-633.attackrange.local
TaskCategory=None
OpCode=The operation completed successfully.
RecordNumber=83985
Keywords=Classic
Message=The SplunkForwarder Service service entered the stopped state.
12/07/2020 12:00:00 PM
LogName=System
SourceName=Microsoft-Windows-Service Control Manager
EventCode=7036
EventType=4
Type=Information
ComputerName=win-dc-633.attackrange.local
TaskCategory=None
OpCode=The operation completed successfully.
RecordNumber=83984
Keywords=Classic
Message=The SplunkForwarder Service service entered the stopped state.
12/07/2020 12:00:00 PM
LogName=System
SourceName=Microsoft-Windows-Service Control Manager
EventCode=7036
EventType=4
Type=Information
ComputerName=win-dc-633.attackrange.local
TaskCategory=None
OpCode=The operation completed successfully.
RecordNumber=83983
Keywords=Classic
Message=The sppsvc service entered the running state.
12/07/2020 12:00:00 PM
LogName=System
SourceName=EventLog
EventCode=6013
EventType=4
Type=Information
ComputerName=win-dc-633.attackrange.local
TaskCategory=None
OpCode=None
RecordNumber=83978
Keywords=Classic
Message=The system uptime is 149 seconds.
12/07/2020 12:00:01 PM
LogName=System
SourceName=Microsoft-Windows-Service Control Manager
EventCode=7036
EventType=4
Type=Information
ComputerName=win-dc-633.attackrange.local
TaskCategory=None
OpCode=The operation completed successfully.
RecordNumber=83986
Keywords=Classic
Message=The UALSVC service entered the running state.
12/07/2020 12:00:09 PM
LogName=System
SourceName=Microsoft-Windows-Service Control Manager
EventCode=7036
EventType=4
Type=Information
ComputerName=win-dc-633.attackrange.local
TaskCategory=None
OpCode=The operation completed successfully.
RecordNumber=83988
Keywords=Classic
Message=The SplunkForwarder Service service entered the running state.
12/07/2020 12:00:09 PM
LogName=System
SourceName=Microsoft-Windows-Service Control Manager
EventCode=7036
EventType=4
Type=Information
ComputerName=win-dc-633.attackrange.local
TaskCategory=None
OpCode=The operation completed successfully.
RecordNumber=83987
Keywords=Classic
Message=The MapsBroker service entered the stopped state.
12/07/2020 12:00:12 PM
LogName=System
SourceName=Microsoft-Windows-Service Control Manager
EventCode=7045
EventType=4
Type=Information
ComputerName=win-dc-633.attackrange.local
User=NOT_TRANSLATED
Sid=S-1-5-18
SidType=0
TaskCategory=None
OpCode=The operation completed successfully.
RecordNumber=83989
Keywords=Classic
Message=A service was installed in the system.

Service Name:  npf
Service File Name:  C:/Program Files\SplunkUniversalForwarder\etc\apps\Splunk_TA_stream\windows_x86_64\bin\npf.sys
Service Type:  kernel mode driver
Service Start Type:  demand start
Service Account:
12/07/2020 12:00:17 PM
LogName=System
SourceName=Microsoft-Windows-Service Control Manager
EventCode=7036
EventType=4
Type=Information
ComputerName=win-dc-633.attackrange.local
TaskCategory=None
OpCode=The operation completed successfully.
RecordNumber=83990
Keywords=Classic
Message=The Portable Device Enumerator Service service entered the stopped state.
12/07/2020 12:00:31 PM
LogName=System
SourceName=Microsoft-Windows-Service Control Manager
EventCode=7036
EventType=4
Type=Information
ComputerName=win-dc-633.attackrange.local
TaskCategory=None
OpCode=The operation completed successfully.
RecordNumber=83991
Keywords=Classic
Message=The Software Protection service entered the stopped state.
12/07/2020 12:00:33 PM
LogName=System
SourceName=Microsoft-Windows-Service Control Manager
EventCode=7036
EventType=4
Type=Information
ComputerName=win-dc-633.attackrange.local
TaskCategory=None
OpCode=The operation completed successfully.
RecordNumber=83992
Keywords=Classic
Message=The Device Setup Manager service entered the running state.
12/07/2020 12:00:34 PM
LogName=System
SourceName=Microsoft-Windows-Service Control Manager
EventCode=7036
EventType=4
Type=Information
ComputerName=win-dc-633.attackrange.local
TaskCategory=None
OpCode=The operation completed successfully.
RecordNumber=83993
Keywords=Classic
Message=The Windows Modules Installer service entered the running state.
12/07/2020 12:00:35 PM
LogName=System
SourceName=Microsoft-Windows-Service Control Manager
EventCode=7036
EventType=4
Type=Information
ComputerName=win-dc-633.attackrange.local
TaskCategory=None
OpCode=The operation completed successfully.
RecordNumber=83998
Keywords=Classic
Message=The Microsoft Passport Container service entered the running state.
12/07/2020 12:00:35 PM
LogName=System
SourceName=Microsoft-Windows-Service Control Manager
EventCode=7036
EventType=4
Type=Information
ComputerName=win-dc-633.attackrange.local
TaskCategory=None
OpCode=The operation completed successfully.
RecordNumber=83997
Keywords=Classic
Message=The Microsoft Passport service entered the running state.
12/07/2020 12:00:35 PM
LogName=System
SourceName=Microsoft-Windows-GroupPolicy
EventCode=1501
EventType=4
Type=Information
ComputerName=win-dc-633.attackrange.local
User=NOT_TRANSLATED
Sid=S-1-5-21-3911646319-387810913-1839908539-500
SidType=0
TaskCategory=None
OpCode=Start
RecordNumber=83996
Keywords=None
Message=The Group Policy settings for the user were processed successfully. There were no changes detected since the last successful processing of Group Policy.
12/07/2020 12:00:35 PM
LogName=System
SourceName=Microsoft-Windows-Winlogon
EventCode=7001
EventType=4
Type=Information
ComputerName=win-dc-633.attackrange.local
User=NOT_TRANSLATED
Sid=S-1-5-18
SidType=0
TaskCategory=1101
OpCode=Info
RecordNumber=83995
Keywords=None
Message=User Logon Notification for Customer Experience Improvement Program
12/07/2020 12:00:35 PM
LogName=System
SourceName=Microsoft-Windows-Service Control Manager
EventCode=7036
EventType=4
Type=Information
ComputerName=win-dc-633.attackrange.local
TaskCategory=None
OpCode=The operation completed successfully.
RecordNumber=83994
Keywords=Classic
Message=The Smart Card Device Enumeration Service service entered the running state.
12/07/2020 12:00:36 PM
LogName=System
SourceName=Microsoft-Windows-Service Control Manager
EventCode=7036
EventType=4
Type=Information
ComputerName=win-dc-633.attackrange.local
TaskCategory=None
OpCode=The operation completed successfully.
RecordNumber=84003
Keywords=Classic
Message=The Portable Device Enumerator Service service entered the running state.
12/07/2020 12:00:36 PM
LogName=System
SourceName=Microsoft-Windows-Service Control Manager
EventCode=7036
EventType=4
Type=Information
ComputerName=win-dc-633.attackrange.local
TaskCategory=None
OpCode=The operation completed successfully.
RecordNumber=84002
Keywords=Classic
Message=The Network Connectivity Assistant service entered the stopped state.
12/07/2020 12:00:36 PM
LogName=System
SourceName=Microsoft-Windows-GroupPolicy
EventCode=1502
EventType=4
Type=Information
ComputerName=win-dc-633.attackrange.local
User=NOT_TRANSLATED
Sid=S-1-5-18
SidType=0
TaskCategory=None
OpCode=Start
RecordNumber=84001
Keywords=None
Message=The Group Policy settings for the computer were processed successfully. New settings from 2 Group Policy objects were detected and applied.
12/07/2020 12:00:36 PM
LogName=System
SourceName=Microsoft-Windows-Service Control Manager
EventCode=7040
EventType=4
Type=Information
ComputerName=win-dc-633.attackrange.local
User=NOT_TRANSLATED
Sid=S-1-5-21-3911646319-387810913-1839908539-500
SidType=0
TaskCategory=None
OpCode=The operation completed successfully.
RecordNumber=84000
Keywords=Classic
Message=The start type of the Encrypting File System (EFS) service was changed from auto start to demand start.
12/07/2020 12:00:36 PM
LogName=System
SourceName=Microsoft-Windows-Service Control Manager
EventCode=7036
EventType=4
Type=Information
ComputerName=win-dc-633.attackrange.local
TaskCategory=None
OpCode=The operation completed successfully.
RecordNumber=83999
Keywords=Classic
Message=The CDPUserSvc_840c6 service entered the running state.
12/07/2020 12:00:37 PM
LogName=System
SourceName=Microsoft-Windows-Service Control Manager
EventCode=7036
EventType=4
Type=Information
ComputerName=win-dc-633.attackrange.local
TaskCategory=None
OpCode=The operation completed successfully.
RecordNumber=84006
Keywords=Classic
Message=The Client License Service (ClipSVC) service entered the running state.
12/07/2020 12:00:37 PM
LogName=System
SourceName=Microsoft-Windows-Service Control Manager
EventCode=7036
EventType=4
Type=Information
ComputerName=win-dc-633.attackrange.local
TaskCategory=None
OpCode=The operation completed successfully.
RecordNumber=84005
Keywords=Classic
Message=The AppX Deployment Service (AppXSVC) service entered the running state.
12/07/2020 12:00:37 PM
LogName=System
SourceName=Microsoft-Windows-Service Control Manager
EventCode=7036
EventType=4
Type=Information
ComputerName=win-dc-633.attackrange.local
TaskCategory=None
OpCode=The operation completed successfully.
RecordNumber=84004
Keywords=Classic
Message=The App Readiness service entered the running state.
12/07/2020 12:00:38 PM
LogName=System
SourceName=Microsoft-Windows-Service Control Manager
EventCode=7036
EventType=4
Type=Information
ComputerName=win-dc-633.attackrange.local
TaskCategory=None
OpCode=The operation completed successfully.
RecordNumber=84007
Keywords=Classic
Message=The Diagnostic System Host service entered the running state.
12/07/2020 12:00:39 PM
LogName=System
SourceName=Microsoft-Windows-Service Control Manager
EventCode=7036
EventType=4
Type=Information
ComputerName=win-dc-633.attackrange.local
TaskCategory=None
OpCode=The operation completed successfully.
RecordNumber=84009
Keywords=Classic
Message=The Connected Devices Platform Service service entered the running state.
12/07/2020 12:00:39 PM
LogName=System
SourceName=Microsoft-Windows-Service Control Manager
EventCode=7036
EventType=4
Type=Information
ComputerName=win-dc-633.attackrange.local
TaskCategory=None
OpCode=The operation completed successfully.
RecordNumber=84008
Keywords=Classic
Message=The CNG Key Isolation service entered the running state.
12/07/2020 12:00:40 PM
LogName=System
SourceName=Microsoft-Windows-Service Control Manager
EventCode=7036
EventType=4
Type=Information
ComputerName=win-dc-633.attackrange.local
TaskCategory=None
OpCode=The operation completed successfully.
RecordNumber=84010
Keywords=Classic
Message=The Network Setup Service service entered the stopped state.
12/07/2020 12:00:49 PM
LogName=System
SourceName=Microsoft-Windows-Service Control Manager
EventCode=7036
EventType=4
Type=Information
ComputerName=win-dc-633.attackrange.local
TaskCategory=None
OpCode=The operation completed successfully.
RecordNumber=84012
Keywords=Classic
Message=The Geolocation Service service entered the running state.
12/07/2020 12:00:49 PM
LogName=System
SourceName=Lfsvc
EventCode=2
EventType=4
Type=Information
ComputerName=win-dc-633.attackrange.local
TaskCategory=None
OpCode=Info
RecordNumber=84011
Keywords=Classic
Message=Geolocation positioning has been disabled by the user.
12/07/2020 12:00:54 PM
LogName=System
SourceName=Microsoft-Windows-Kernel-General
EventCode=16
EventType=4
Type=Information
ComputerName=win-dc-633.attackrange.local
User=NOT_TRANSLATED
Sid=S-1-5-21-3911646319-387810913-1839908539-500
SidType=0
TaskCategory=None
OpCode=Info
RecordNumber=84013
Keywords=None
Message=The access history in hive \??\C:\Users\Administrator\AppData\Local\Packages\Microsoft.Windows.ShellExperienceHost_cw5n1h2txyewy\Settings\settings.dat was cleared updating 3 keys and creating 1 modified pages.
12/07/2020 12:00:55 PM
LogName=System
SourceName=Microsoft-Windows-Kernel-General
EventCode=16
EventType=4
Type=Information
ComputerName=win-dc-633.attackrange.local
User=NOT_TRANSLATED
Sid=S-1-5-21-3911646319-387810913-1839908539-500
SidType=0
TaskCategory=None
OpCode=Info
RecordNumber=84014
Keywords=None
Message=The access history in hive \??\C:\Users\Administrator\AppData\Local\Packages\Microsoft.Windows.Cortana_cw5n1h2txyewy\Settings\settings.dat was cleared updating 3 keys and creating 1 modified pages.
12/07/2020 12:00:58 PM
LogName=System
SourceName=Microsoft-Windows-Service Control Manager
EventCode=7036
EventType=4
Type=Information
ComputerName=win-dc-633.attackrange.local
TaskCategory=None
OpCode=The operation completed successfully.
RecordNumber=84015
Keywords=Classic
Message=The Microsoft Account Sign-in Assistant service entered the running state.
12/07/2020 12:01:37 PM
LogName=System
SourceName=Microsoft-Windows-Service Control Manager
EventCode=7036
EventType=4
Type=Information
ComputerName=win-dc-633.attackrange.local
TaskCategory=None
OpCode=The operation completed successfully.
RecordNumber=84017
Keywords=Classic
Message=The Windows Insider Service service entered the running state.
12/07/2020 12:01:37 PM
LogName=System
SourceName=Microsoft-Windows-Service Control Manager
EventCode=7036
EventType=4
Type=Information
ComputerName=win-dc-633.attackrange.local
TaskCategory=None
OpCode=The operation completed successfully.
RecordNumber=84016
Keywords=Classic
Message=The Update Orchestrator Service for Windows Update service entered the running state.
12/07/2020 12:02:27 PM
LogName=System
SourceName=Microsoft-Windows-Service Control Manager
EventCode=7036
EventType=4
Type=Information
ComputerName=win-dc-633.attackrange.local
TaskCategory=None
OpCode=The operation completed successfully.
RecordNumber=84018
Keywords=Classic
Message=The Device Setup Manager service entered the stopped state.
12/07/2020 12:02:35 PM
LogName=System
SourceName=Microsoft-Windows-Service Control Manager
EventCode=7036
EventType=4
Type=Information
ComputerName=win-dc-633.attackrange.local
TaskCategory=None
OpCode=The operation completed successfully.
RecordNumber=84019
Keywords=Classic
Message=The Microsoft Passport service entered the stopped state.
12/07/2020 12:02:36 PM
LogName=System
SourceName=Microsoft-Windows-Service Control Manager
EventCode=7036
EventType=4
Type=Information
ComputerName=win-dc-633.attackrange.local
TaskCategory=None
OpCode=The operation completed successfully.
RecordNumber=84022
Keywords=Classic
Message=The Portable Device Enumerator Service service entered the stopped state.
12/07/2020 12:02:36 PM
LogName=System
SourceName=Microsoft-Windows-Service Control Manager
EventCode=7036
EventType=4
Type=Information
ComputerName=win-dc-633.attackrange.local
TaskCategory=None
OpCode=The operation completed successfully.
RecordNumber=84021
Keywords=Classic
Message=The Credential Manager service entered the running state.
12/07/2020 12:02:36 PM
LogName=System
SourceName=Microsoft-Windows-Service Control Manager
EventCode=7036
EventType=4
Type=Information
ComputerName=win-dc-633.attackrange.local
TaskCategory=None
OpCode=The operation completed successfully.
RecordNumber=84020
Keywords=Classic
Message=The Sync Host_840c6 service entered the running state.
12/07/2020 12:02:37 PM
LogName=System
SourceName=Microsoft-Windows-Service Control Manager
EventCode=7036
EventType=4
Type=Information
ComputerName=win-dc-633.attackrange.local
TaskCategory=None
OpCode=The operation completed successfully.
RecordNumber=84023
Keywords=Classic
Message=The Windows Insider Service service entered the stopped state.
12/07/2020 12:02:43 PM
LogName=System
SourceName=Microsoft-Windows-Service Control Manager
EventCode=7036
EventType=4
Type=Information
ComputerName=win-dc-633.attackrange.local
TaskCategory=None
OpCode=The operation completed successfully.
RecordNumber=84024
Keywords=Classic
Message=The Update Orchestrator Service for Windows Update service entered the stopped state.
12/07/2020 12:03:43 PM
LogName=System
SourceName=Microsoft-Windows-Service Control Manager
EventCode=7036
EventType=4
Type=Information
ComputerName=win-dc-633.attackrange.local
TaskCategory=None
OpCode=The operation completed successfully.
RecordNumber=84025
Keywords=Classic
Message=The Windows Modules Installer service entered the stopped state.
12/07/2020 12:03:58 PM
LogName=System
SourceName=Microsoft-Windows-Service Control Manager
EventCode=7036
EventType=4
Type=Information
ComputerName=win-dc-633.attackrange.local
TaskCategory=None
OpCode=The operation completed successfully.
RecordNumber=84026
Keywords=Classic
Message=The Microsoft Account Sign-in Assistant service entered the stopped state.
