12/07/2020 11:50:29 AM
LogName=System
SourceName=Microsoft-Windows-FilterManager
EventCode=6
EventType=4
Type=Information
ComputerName=win-dc-633.attackrange.local
User=NOT_TRANSLATED
Sid=S-1-5-18
SidType=0
TaskCategory=None
OpCode=Info
RecordNumber=83630
Keywords=None
Message=File System Filter 'Wof' (10.0, ‎2019‎-‎09‎-‎29T22:52:46.000000000Z) has successfully loaded and registered with Filter Manager.
12/07/2020 11:50:42 AM
LogName=System
SourceName=Microsoft-Windows-Wininit
EventCode=14
EventType=4
Type=Information
ComputerName=win-dc-633.attackrange.local
User=NOT_TRANSLATED
Sid=S-1-5-18
SidType=0
TaskCategory=None
OpCode=Info
RecordNumber=83645
Keywords=None
Message=Credential Guard (LsaIso.exe) configuration: 0x0, 0
12/07/2020 11:50:43 AM
LogName=System
SourceName=Microsoft-Windows-Directory-Services-SAM
EventCode=16962
EventType=4
Type=Information
ComputerName=win-dc-633.attackrange.local
User=NOT_TRANSLATED
Sid=S-1-5-18
SidType=0
TaskCategory=None
OpCode=Info
RecordNumber=83646
Keywords=None
Message=Remote calls to the SAM database are being restricted using the default security descriptor: .
For more information please see http://go.microsoft.com/fwlink/?LinkId=787651.
12/07/2020 11:50:44 AM
LogName=System
SourceName=Microsoft-Windows-Directory-Services-SAM
EventCode=16937
EventType=4
Type=Information
ComputerName=win-dc-633.attackrange.local
User=NOT_TRANSLATED
Sid=S-1-5-18
SidType=0
TaskCategory=None
OpCode=Info
RecordNumber=83647
Keywords=None
Message=Secured the machine account .  The builtin\account operators full control Access Control Entry was removed from the security descriptor on this object.
12/07/2020 11:50:45 AM
LogName=System
SourceName=Microsoft-Windows-Service Control Manager
EventCode=7036
EventType=4
Type=Information
ComputerName=win-dc-633.attackrange.local
TaskCategory=None
OpCode=The operation completed successfully.
RecordNumber=83715
Keywords=Classic
Message=The KeyIso service entered the running state.
12/07/2020 11:50:45 AM
LogName=System
SourceName=Microsoft-Windows-Iphlpsvc
EventCode=4200
EventType=4
Type=Information
ComputerName=win-dc-633.attackrange.local
User=NOT_TRANSLATED
Sid=S-1-5-18
SidType=0
TaskCategory=None
OpCode=Info
RecordNumber=83714
Keywords=None
Message=Isatap interface Reusable ISATAP Interface {90ABCE23-305A-4BDE-AA39-4FFDA7413134} with address fe80::5efe:10.0.1.14 has been brought up.
12/07/2020 11:50:45 AM
LogName=System
SourceName=Microsoft-Windows-Service Control Manager
EventCode=7036
EventType=4
Type=Information
ComputerName=win-dc-633.attackrange.local
TaskCategory=None
OpCode=The operation completed successfully.
RecordNumber=83713
Keywords=Classic
Message=The NetSetupSvc service entered the running state.
12/07/2020 11:50:45 AM
LogName=System
SourceName=Microsoft-Windows-Service Control Manager
EventCode=7036
EventType=4
Type=Information
ComputerName=win-dc-633.attackrange.local
TaskCategory=None
OpCode=The operation completed successfully.
RecordNumber=83712
Keywords=Classic
Message=The UserManager service entered the running state.
12/07/2020 11:50:45 AM
LogName=System
SourceName=Microsoft-Windows-Service Control Manager
EventCode=7036
EventType=4
Type=Information
ComputerName=win-dc-633.attackrange.local
TaskCategory=None
OpCode=The operation completed successfully.
RecordNumber=83711
Keywords=Classic
Message=The MpsSvc service entered the running state.
12/07/2020 11:50:45 AM
LogName=System
SourceName=Microsoft-Windows-Service Control Manager
EventCode=7036
EventType=4
Type=Information
ComputerName=win-dc-633.attackrange.local
TaskCategory=None
OpCode=The operation completed successfully.
RecordNumber=83710
Keywords=Classic
Message=The TimeBrokerSvc service entered the running state.
12/07/2020 11:50:45 AM
LogName=System
SourceName=Microsoft-Windows-Service Control Manager
EventCode=7036
EventType=4
Type=Information
ComputerName=win-dc-633.attackrange.local
TaskCategory=None
OpCode=The operation completed successfully.
RecordNumber=83709
Keywords=Classic
Message=The NcaSvc service entered the stopped state.
12/07/2020 11:50:45 AM
LogName=System
SourceName=Microsoft-Windows-Service Control Manager
EventCode=7036
EventType=4
Type=Information
ComputerName=win-dc-633.attackrange.local
TaskCategory=None
OpCode=The operation completed successfully.
RecordNumber=83708
Keywords=Classic
Message=The iphlpsvc service entered the running state.
12/07/2020 11:50:45 AM
LogName=System
SourceName=Microsoft-Windows-Service Control Manager
EventCode=7036
EventType=4
Type=Information
ComputerName=win-dc-633.attackrange.local
TaskCategory=None
OpCode=The operation completed successfully.
RecordNumber=83707
Keywords=Classic
Message=The Winmgmt service entered the running state.
12/07/2020 11:50:45 AM
LogName=System
SourceName=Microsoft-Windows-Service Control Manager
EventCode=7036
EventType=4
Type=Information
ComputerName=win-dc-633.attackrange.local
TaskCategory=None
OpCode=The operation completed successfully.
RecordNumber=83706
Keywords=Classic
Message=The Kdc service entered the running state.
12/07/2020 11:50:45 AM
LogName=System
SourceName=Microsoft-Windows-Service Control Manager
EventCode=7036
EventType=4
Type=Information
ComputerName=win-dc-633.attackrange.local
TaskCategory=None
OpCode=The operation completed successfully.
RecordNumber=83705
Keywords=Classic
Message=The SessionEnv service entered the running state.
12/07/2020 11:50:45 AM
LogName=System
SourceName=Microsoft-Windows-Service Control Manager
EventCode=7036
EventType=4
Type=Information
ComputerName=win-dc-633.attackrange.local
TaskCategory=None
OpCode=The operation completed successfully.
RecordNumber=83704
Keywords=Classic
Message=The Schedule service entered the running state.
12/07/2020 11:50:45 AM
LogName=System
SourceName=Microsoft-Windows-Service Control Manager
EventCode=7036
EventType=4
Type=Information
ComputerName=win-dc-633.attackrange.local
TaskCategory=None
OpCode=The operation completed successfully.
RecordNumber=83703
Keywords=Classic
Message=The CertPropSvc service entered the running state.
12/07/2020 11:50:45 AM
LogName=System
SourceName=Microsoft-Windows-DNS Client Events
EventCode=1014
EventType=3
Type=Warning
ComputerName=win-dc-633.attackrange.local
User=NOT_TRANSLATED
Sid=S-1-5-20
SidType=0
TaskCategory=1014
OpCode=Info
RecordNumber=83702
Keywords=None
Message=Name resolution for the name wpad timed out after none of the configured DNS servers responded.
12/07/2020 11:50:45 AM
LogName=System
SourceName=Microsoft-Windows-Service Control Manager
EventCode=7036
EventType=4
Type=Information
ComputerName=win-dc-633.attackrange.local
TaskCategory=None
OpCode=The operation completed successfully.
RecordNumber=83701
Keywords=Classic
Message=The BFE service entered the running state.
12/07/2020 11:50:45 AM
LogName=System
SourceName=Microsoft-Windows-Service Control Manager
EventCode=7036
EventType=4
Type=Information
ComputerName=win-dc-633.attackrange.local
TaskCategory=None
OpCode=The operation completed successfully.
RecordNumber=83700
Keywords=Classic
Message=The WinHttpAutoProxySvc service entered the running state.
12/07/2020 11:50:45 AM
LogName=System
SourceName=Microsoft-Windows-Service Control Manager
EventCode=7036
EventType=4
Type=Information
ComputerName=win-dc-633.attackrange.local
TaskCategory=None
OpCode=The operation completed successfully.
RecordNumber=83699
Keywords=Classic
Message=The LanmanWorkstation service entered the running state.
12/07/2020 11:50:45 AM
LogName=System
SourceName=Microsoft-Windows-Service Control Manager
EventCode=7036
EventType=4
Type=Information
ComputerName=win-dc-633.attackrange.local
TaskCategory=None
OpCode=The operation completed successfully.
RecordNumber=83698
Keywords=Classic
Message=The NcbService service entered the running state.
12/07/2020 11:50:45 AM
LogName=System
SourceName=Microsoft-Windows-Service Control Manager
EventCode=7036
EventType=4
Type=Information
ComputerName=win-dc-633.attackrange.local
TaskCategory=None
OpCode=The operation completed successfully.
RecordNumber=83697
Keywords=Classic
Message=The DsmSvc service entered the running state.
12/07/2020 11:50:45 AM
LogName=System
SourceName=Microsoft-Windows-Service Control Manager
EventCode=7036
EventType=4
Type=Information
ComputerName=win-dc-633.attackrange.local
TaskCategory=None
OpCode=The operation completed successfully.
RecordNumber=83696
Keywords=Classic
Message=The netprofm service entered the running state.
12/07/2020 11:50:45 AM
LogName=System
SourceName=Microsoft-Windows-Service Control Manager
EventCode=7036
EventType=4
Type=Information
ComputerName=win-dc-633.attackrange.local
TaskCategory=None
OpCode=The operation completed successfully.
RecordNumber=83695
Keywords=Classic
Message=The UmRdpService service entered the running state.
12/07/2020 11:50:45 AM
LogName=System
SourceName=Microsoft-Windows-Service Control Manager
EventCode=7036
EventType=4
Type=Information
ComputerName=win-dc-633.attackrange.local
TaskCategory=None
OpCode=The operation completed successfully.
RecordNumber=83694
Keywords=Classic
Message=The Wcmsvc service entered the running state.
12/07/2020 11:50:45 AM
LogName=System
SourceName=Microsoft-Windows-Service Control Manager
EventCode=7036
EventType=4
Type=Information
ComputerName=win-dc-633.attackrange.local
TaskCategory=None
OpCode=The operation completed successfully.
RecordNumber=83693
Keywords=Classic
Message=The FontCache service entered the running state.
12/07/2020 11:50:45 AM
LogName=System
SourceName=Microsoft-Windows-DNS Client Events
EventCode=1014
EventType=3
Type=Warning
ComputerName=win-dc-633.attackrange.local
User=NOT_TRANSLATED
Sid=S-1-5-20
SidType=0
TaskCategory=1014
OpCode=Info
RecordNumber=83692
Keywords=None
Message=Name resolution for the name _ldap._tcp.dc._msdcs.attackrange.local. timed out after none of the configured DNS servers responded.
12/07/2020 11:50:45 AM
LogName=System
SourceName=Microsoft-Windows-Service Control Manager
EventCode=7036
EventType=4
Type=Information
ComputerName=win-dc-633.attackrange.local
TaskCategory=None
OpCode=The operation completed successfully.
RecordNumber=83691
Keywords=Classic
Message=The ShellHWDetection service entered the running state.
12/07/2020 11:50:45 AM
LogName=System
SourceName=Microsoft-Windows-Service Control Manager
EventCode=7036
EventType=4
Type=Information
ComputerName=win-dc-633.attackrange.local
TaskCategory=None
OpCode=The operation completed successfully.
RecordNumber=83690
Keywords=Classic
Message=The NlaSvc service entered the running state.
12/07/2020 11:50:45 AM
LogName=System
SourceName=Microsoft-Windows-Service Control Manager
EventCode=7036
EventType=4
Type=Information
ComputerName=win-dc-633.attackrange.local
TaskCategory=None
OpCode=The operation completed successfully.
RecordNumber=83689
Keywords=Classic
Message=The Dnscache service entered the running state.
12/07/2020 11:50:45 AM
LogName=System
SourceName=Microsoft-Windows-Service Control Manager
EventCode=7036
EventType=4
Type=Information
ComputerName=win-dc-633.attackrange.local
TaskCategory=None
OpCode=The operation completed successfully.
RecordNumber=83688
Keywords=Classic
Message=The gpsvc service entered the running state.
12/07/2020 11:50:45 AM
LogName=System
SourceName=Microsoft-Windows-Service Control Manager
EventCode=7036
EventType=4
Type=Information
ComputerName=win-dc-633.attackrange.local
TaskCategory=None
OpCode=The operation completed successfully.
RecordNumber=83687
Keywords=Classic
Message=The ProfSvc service entered the running state.
12/07/2020 11:50:45 AM
LogName=System
SourceName=Microsoft-Windows-Service Control Manager
EventCode=7036
EventType=4
Type=Information
ComputerName=win-dc-633.attackrange.local
TaskCategory=None
OpCode=The operation completed successfully.
RecordNumber=83686
Keywords=Classic
Message=The SENS service entered the running state.
12/07/2020 11:50:45 AM
LogName=System
SourceName=Microsoft-Windows-Service Control Manager
EventCode=7036
EventType=4
Type=Information
ComputerName=win-dc-633.attackrange.local
TaskCategory=None
OpCode=The operation completed successfully.
RecordNumber=83685
Keywords=Classic
Message=The CoreMessagingRegistrar service entered the running state.
12/07/2020 11:50:45 AM
LogName=System
SourceName=Microsoft-Windows-Service Control Manager
EventCode=7036
EventType=4
Type=Information
ComputerName=win-dc-633.attackrange.local
TaskCategory=None
OpCode=The operation completed successfully.
RecordNumber=83684
Keywords=Classic
Message=The EventSystem service entered the running state.
12/07/2020 11:50:45 AM
LogName=System
SourceName=Microsoft-Windows-Service Control Manager
EventCode=7036
EventType=4
Type=Information
ComputerName=win-dc-633.attackrange.local
TaskCategory=None
OpCode=The operation completed successfully.
RecordNumber=83683
Keywords=Classic
Message=The Dhcp service entered the running state.
12/07/2020 11:50:45 AM
LogName=System
SourceName=Microsoft-Windows-DHCPv6-Client
EventCode=51046
EventType=4
Type=Information
ComputerName=win-dc-633.attackrange.local
User=NOT_TRANSLATED
Sid=S-1-5-19
SidType=0
TaskCategory=Service State Event
OpCode=ServiceStart
RecordNumber=83682
Keywords=None
Message=DHCPv6 client service is started
12/07/2020 11:50:45 AM
LogName=System
SourceName=Microsoft-Windows-Service Control Manager
EventCode=7036
EventType=4
Type=Information
ComputerName=win-dc-633.attackrange.local
TaskCategory=None
OpCode=The operation completed successfully.
RecordNumber=83681
Keywords=Classic
Message=The WPDBusEnum service entered the running state.
12/07/2020 11:50:45 AM
LogName=System
SourceName=Microsoft-Windows-Service Control Manager
EventCode=7036
EventType=4
Type=Information
ComputerName=win-dc-633.attackrange.local
TaskCategory=None
OpCode=The operation completed successfully.
RecordNumber=83680
Keywords=Classic
Message=The Themes service entered the running state.
12/07/2020 11:50:45 AM
LogName=System
SourceName=Microsoft-Windows-Service Control Manager
EventCode=7036
EventType=4
Type=Information
ComputerName=win-dc-633.attackrange.local
TaskCategory=None
OpCode=The operation completed successfully.
RecordNumber=83679
Keywords=Classic
Message=The NTDS service entered the running state.
12/07/2020 11:50:45 AM
LogName=System
SourceName=Microsoft-Windows-Dhcp-Client
EventCode=50036
EventType=4
Type=Information
ComputerName=win-dc-633.attackrange.local
User=NOT_TRANSLATED
Sid=S-1-5-19
SidType=0
TaskCategory=Service State Event
OpCode=ServiceStart
RecordNumber=83678
Keywords=None
Message=DHCPv4 client service is started
12/07/2020 11:50:45 AM
LogName=System
SourceName=Microsoft-Windows-FilterManager
EventCode=6
EventType=4
Type=Information
ComputerName=win-dc-633.attackrange.local
User=NOT_TRANSLATED
Sid=S-1-5-18
SidType=0
TaskCategory=None
OpCode=Info
RecordNumber=83677
Keywords=None
Message=File System Filter 'storqosflt' (10.0, ‎2019‎-‎02‎-‎17T02:00:41.000000000Z) has successfully loaded and registered with Filter Manager.
12/07/2020 11:50:45 AM
LogName=System
SourceName=Microsoft-Windows-FilterManager
EventCode=6
EventType=4
Type=Information
ComputerName=win-dc-633.attackrange.local
User=NOT_TRANSLATED
Sid=S-1-5-18
SidType=0
TaskCategory=None
OpCode=Info
RecordNumber=83676
Keywords=None
Message=File System Filter 'wcifs' (10.0, ‎2020‎-‎02‎-‎19T07:59:09.000000000Z) has successfully loaded and registered with Filter Manager.
12/07/2020 11:50:45 AM
LogName=System
SourceName=Microsoft-Windows-FilterManager
EventCode=6
EventType=4
Type=Information
ComputerName=win-dc-633.attackrange.local
User=NOT_TRANSLATED
Sid=S-1-5-18
SidType=0
TaskCategory=None
OpCode=Info
RecordNumber=83675
Keywords=None
Message=File System Filter 'luafv' (10.0, ‎2019‎-‎04‎-‎02T04:23:00.000000000Z) has successfully loaded and registered with Filter Manager.
12/07/2020 11:50:45 AM
LogName=System
SourceName=Microsoft-Windows-Service Control Manager
EventCode=7036
EventType=4
Type=Information
ComputerName=win-dc-633.attackrange.local
TaskCategory=None
OpCode=The operation completed successfully.
RecordNumber=83674
Keywords=Classic
Message=The EventLog service entered the running state.
12/07/2020 11:50:45 AM
LogName=System
SourceName=Microsoft-Windows-Service Control Manager
EventCode=7036
EventType=4
Type=Information
ComputerName=win-dc-633.attackrange.local
TaskCategory=None
OpCode=The operation completed successfully.
RecordNumber=83673
Keywords=Classic
Message=The nsi service entered the running state.
12/07/2020 11:50:45 AM
LogName=System
SourceName=Microsoft-Windows-Service Control Manager
EventCode=7036
EventType=4
Type=Information
ComputerName=win-dc-633.attackrange.local
TaskCategory=None
OpCode=The operation completed successfully.
RecordNumber=83672
Keywords=Classic
Message=The lmhosts service entered the running state.
12/07/2020 11:50:45 AM
LogName=System
SourceName=Microsoft-Windows-Service Control Manager
EventCode=7036
EventType=4
Type=Information
ComputerName=win-dc-633.attackrange.local
TaskCategory=None
OpCode=The operation completed successfully.
RecordNumber=83671
Keywords=Classic
Message=The TermService service entered the running state.
12/07/2020 11:50:45 AM
LogName=System
SourceName=Microsoft-Windows-Service Control Manager
EventCode=7036
EventType=4
Type=Information
ComputerName=win-dc-633.attackrange.local
TaskCategory=None
OpCode=The operation completed successfully.
RecordNumber=83670
Keywords=Classic
Message=The SystemEventsBroker service entered the running state.
12/07/2020 11:50:45 AM
LogName=System
SourceName=Microsoft-Windows-Service Control Manager
EventCode=7036
EventType=4
Type=Information
ComputerName=win-dc-633.attackrange.local
TaskCategory=None
OpCode=The operation completed successfully.
RecordNumber=83669
Keywords=Classic
Message=The BrokerInfrastructure service entered the running state.
12/07/2020 11:50:45 AM
LogName=System
SourceName=Microsoft-Windows-Service Control Manager
EventCode=7036
EventType=4
Type=Information
ComputerName=win-dc-633.attackrange.local
TaskCategory=None
OpCode=The operation completed successfully.
RecordNumber=83668
Keywords=Classic
Message=The LSM service entered the running state.
12/07/2020 11:50:45 AM
LogName=System
SourceName=Microsoft-Windows-Service Control Manager
EventCode=7036
EventType=4
Type=Information
ComputerName=win-dc-633.attackrange.local
TaskCategory=None
OpCode=The operation completed successfully.
RecordNumber=83667
Keywords=Classic
Message=The RpcSs service entered the running state.
12/07/2020 11:50:45 AM
LogName=System
SourceName=Microsoft-Windows-Service Control Manager
EventCode=7036
EventType=4
Type=Information
ComputerName=win-dc-633.attackrange.local
TaskCategory=None
OpCode=The operation completed successfully.
RecordNumber=83666
Keywords=Classic
Message=The RpcEptMapper service entered the running state.
12/07/2020 11:50:45 AM
LogName=System
SourceName=Microsoft-Windows-TerminalServices-RemoteConnectionManager
EventCode=1056
EventType=4
Type=Information
ComputerName=win-dc-633.attackrange.local
TaskCategory=None
OpCode=The operation completed successfully.
RecordNumber=83665
Keywords=Classic
Message=A new self signed certificate to be used for RD Session Host Server authentication on SSL connections was generated. The name on this certificate is win-dc-633.attackrange.local. The SHA1 hash of the certificate is in the event data.
12/07/2020 11:50:45 AM
LogName=System
SourceName=Microsoft-Windows-Service Control Manager
EventCode=7036
EventType=4
Type=Information
ComputerName=win-dc-633.attackrange.local
TaskCategory=None
OpCode=The operation completed successfully.
RecordNumber=83664
Keywords=Classic
Message=The DcomLaunch service entered the running state.
12/07/2020 11:50:45 AM
LogName=System
SourceName=Microsoft-Windows-Service Control Manager
EventCode=7036
EventType=4
Type=Information
ComputerName=win-dc-633.attackrange.local
TaskCategory=None
OpCode=The operation completed successfully.
RecordNumber=83663
Keywords=Classic
Message=The Power service entered the running state.
12/07/2020 11:50:45 AM
LogName=System
SourceName=Microsoft-Windows-Service Control Manager
EventCode=7036
EventType=4
Type=Information
ComputerName=win-dc-633.attackrange.local
TaskCategory=None
OpCode=The operation completed successfully.
RecordNumber=83662
Keywords=Classic
Message=The PlugPlay service entered the running state.
12/07/2020 11:50:45 AM
LogName=System
SourceName=Microsoft-Windows-Directory-Services-SAM
EventCode=16413
EventType=4
Type=Information
ComputerName=win-dc-633.attackrange.local
User=NOT_TRANSLATED
Sid=S-1-5-18
SidType=0
TaskCategory=None
OpCode=Info
RecordNumber=83661
Keywords=None
Message=An error occurred when trying to remove the account Network Service from the group Performance Log Users. The problem, "The system cannot find the file specified.
", occurred when trying to remove the account from the group.  Please remove the member manually.
12/07/2020 11:50:45 AM
LogName=System
SourceName=Microsoft-Windows-Directory-Services-SAM
EventCode=16403
EventType=4
Type=Information
ComputerName=win-dc-633.attackrange.local
User=NOT_TRANSLATED
Sid=S-1-5-18
SidType=0
TaskCategory=None
OpCode=Info
RecordNumber=83660
Keywords=None
Message=The error "The specified local group already exists.
" occurred when trying to create the well known account Storage Replica Administrators. Please contact PSS to recover.
12/07/2020 11:50:45 AM
LogName=System
SourceName=Microsoft-Windows-Directory-Services-SAM
EventCode=16403
EventType=4
Type=Information
ComputerName=win-dc-633.attackrange.local
User=NOT_TRANSLATED
Sid=S-1-5-18
SidType=0
TaskCategory=None
OpCode=Info
RecordNumber=83659
Keywords=None
Message=The error "The specified local group already exists.
" occurred when trying to create the well known account Remote Management Users. Please contact PSS to recover.
12/07/2020 11:50:45 AM
LogName=System
SourceName=Microsoft-Windows-Directory-Services-SAM
EventCode=16403
EventType=4
Type=Information
ComputerName=win-dc-633.attackrange.local
User=NOT_TRANSLATED
Sid=S-1-5-18
SidType=0
TaskCategory=None
OpCode=Info
RecordNumber=83658
Keywords=None
Message=The error "The specified local group already exists.
" occurred when trying to create the well known account Access Control Assistance Operators. Please contact PSS to recover.
12/07/2020 11:50:45 AM
LogName=System
SourceName=Microsoft-Windows-Directory-Services-SAM
EventCode=16403
EventType=4
Type=Information
ComputerName=win-dc-633.attackrange.local
User=NOT_TRANSLATED
Sid=S-1-5-18
SidType=0
TaskCategory=None
OpCode=Info
RecordNumber=83657
Keywords=None
Message=The error "The specified local group already exists.
" occurred when trying to create the well known account Hyper-V Administrators. Please contact PSS to recover.
12/07/2020 11:50:45 AM
LogName=System
SourceName=Microsoft-Windows-Directory-Services-SAM
EventCode=16403
EventType=4
Type=Information
ComputerName=win-dc-633.attackrange.local
User=NOT_TRANSLATED
Sid=S-1-5-18
SidType=0
TaskCategory=None
OpCode=Info
RecordNumber=83656
Keywords=None
Message=The error "The specified local group already exists.
" occurred when trying to create the well known account RDS Management Servers. Please contact PSS to recover.
12/07/2020 11:50:45 AM
LogName=System
SourceName=Microsoft-Windows-Directory-Services-SAM
EventCode=16403
EventType=4
Type=Information
ComputerName=win-dc-633.attackrange.local
User=NOT_TRANSLATED
Sid=S-1-5-18
SidType=0
TaskCategory=None
OpCode=Info
RecordNumber=83655
Keywords=None
Message=The error "The specified local group already exists.
" occurred when trying to create the well known account RDS Endpoint Servers. Please contact PSS to recover.
12/07/2020 11:50:45 AM
LogName=System
SourceName=Microsoft-Windows-Directory-Services-SAM
EventCode=16403
EventType=4
Type=Information
ComputerName=win-dc-633.attackrange.local
User=NOT_TRANSLATED
Sid=S-1-5-18
SidType=0
TaskCategory=None
OpCode=Info
RecordNumber=83654
Keywords=None
Message=The error "The specified local group already exists.
" occurred when trying to create the well known account RDS Remote Access Servers. Please contact PSS to recover.
12/07/2020 11:50:45 AM
LogName=System
SourceName=Microsoft-Windows-Directory-Services-SAM
EventCode=16403
EventType=4
Type=Information
ComputerName=win-dc-633.attackrange.local
User=NOT_TRANSLATED
Sid=S-1-5-18
SidType=0
TaskCategory=None
OpCode=Info
RecordNumber=83653
Keywords=None
Message=The error "The specified local group already exists.
" occurred when trying to create the well known account Certificate Service DCOM Access. Please contact PSS to recover.
12/07/2020 11:50:45 AM
LogName=System
SourceName=Microsoft-Windows-Directory-Services-SAM
EventCode=16403
EventType=4
Type=Information
ComputerName=win-dc-633.attackrange.local
User=NOT_TRANSLATED
Sid=S-1-5-18
SidType=0
TaskCategory=None
OpCode=Info
RecordNumber=83652
Keywords=None
Message=The error "The specified local group already exists.
" occurred when trying to create the well known account Event Log Readers. Please contact PSS to recover.
12/07/2020 11:50:45 AM
LogName=System
SourceName=Microsoft-Windows-Directory-Services-SAM
EventCode=16401
EventType=4
Type=Information
ComputerName=win-dc-633.attackrange.local
User=NOT_TRANSLATED
Sid=S-1-5-18
SidType=0
TaskCategory=None
OpCode=Info
RecordNumber=83651
Keywords=None
Message=An error occurred when trying to add the account INTERNET USER to the group IIS_IUSRS. The problem, "The specified local group does not exist.
", occurred when trying to open the group. Please add the account manually.
12/07/2020 11:50:45 AM
LogName=System
SourceName=Microsoft-Windows-Directory-Services-SAM
EventCode=16403
EventType=4
Type=Information
ComputerName=win-dc-633.attackrange.local
User=NOT_TRANSLATED
Sid=S-1-5-18
SidType=0
TaskCategory=None
OpCode=Info
RecordNumber=83650
Keywords=None
Message=The error "The specified local group already exists.
" occurred when trying to create the well known account Cryptographic Operators. Please contact PSS to recover.
12/07/2020 11:50:45 AM
LogName=System
SourceName=Microsoft-Windows-Directory-Services-SAM
EventCode=16403
EventType=4
Type=Information
ComputerName=win-dc-633.attackrange.local
User=NOT_TRANSLATED
Sid=S-1-5-18
SidType=0
TaskCategory=None
OpCode=Info
RecordNumber=83649
Keywords=None
Message=The error "The specified local group already exists.
" occurred when trying to create the well known account IIS_IUSRS. Please contact PSS to recover.
12/07/2020 11:50:45 AM
LogName=System
SourceName=Microsoft-Windows-Directory-Services-SAM
EventCode=16403
EventType=4
Type=Information
ComputerName=win-dc-633.attackrange.local
User=NOT_TRANSLATED
Sid=S-1-5-18
SidType=0
TaskCategory=None
OpCode=Info
RecordNumber=83648
Keywords=None
Message=The error "The specified local group already exists.
" occurred when trying to create the well known account Distributed COM Users. Please contact PSS to recover.
12/07/2020 11:50:45 AM
LogName=System
SourceName=EventLog
EventCode=6013
EventType=4
Type=Information
ComputerName=win-dc-633.attackrange.local
TaskCategory=None
OpCode=None
RecordNumber=83619
Keywords=Classic
Message=The system uptime is 19 seconds.
12/07/2020 11:50:45 AM
LogName=System
SourceName=EventLog
EventCode=6005
EventType=4
Type=Information
ComputerName=win-dc-633.attackrange.local
TaskCategory=None
OpCode=None
RecordNumber=83618
Keywords=Classic
Message=The Event log service was started.
12/07/2020 11:50:45 AM
LogName=System
SourceName=EventLog
EventCode=6009
EventType=4
Type=Information
ComputerName=win-dc-633.attackrange.local
TaskCategory=None
OpCode=None
RecordNumber=83617
Keywords=Classic
Message=Microsoft (R) Windows (R) 10.00. 14393  Multiprocessor Free.
12/07/2020 11:50:46 AM
LogName=System
SourceName=Microsoft-Windows-DNS Client Events
EventCode=1014
EventType=3
Type=Warning
ComputerName=win-dc-633.attackrange.local
User=NOT_TRANSLATED
Sid=S-1-5-20
SidType=0
TaskCategory=1014
OpCode=Info
RecordNumber=83717
Keywords=None
Message=Name resolution for the name _ldap._tcp.dc._msdcs.attackrange.local. timed out after none of the configured DNS servers responded.
12/07/2020 11:50:46 AM
LogName=System
SourceName=Microsoft-Windows-Service Control Manager
EventCode=7036
EventType=4
Type=Information
ComputerName=win-dc-633.attackrange.local
TaskCategory=None
OpCode=The operation completed successfully.
RecordNumber=83716
Keywords=Classic
Message=The PolicyAgent service entered the running state.
12/07/2020 11:50:49 AM
LogName=System
SourceName=Microsoft-Windows-Service Control Manager
EventCode=7036
EventType=4
Type=Information
ComputerName=win-dc-633.attackrange.local
TaskCategory=None
OpCode=The operation completed successfully.
RecordNumber=83719
Keywords=Classic
Message=The wuauserv service entered the running state.
12/07/2020 11:50:49 AM
LogName=System
SourceName=Microsoft-Windows-Service Control Manager
EventCode=7036
EventType=4
Type=Information
ComputerName=win-dc-633.attackrange.local
TaskCategory=None
OpCode=The operation completed successfully.
RecordNumber=83718
Keywords=Classic
Message=The CryptSvc service entered the running state.
12/07/2020 11:50:50 AM
LogName=System
SourceName=Microsoft-Windows-Service Control Manager
EventCode=7036
EventType=4
Type=Information
ComputerName=win-dc-633.attackrange.local
TaskCategory=None
OpCode=The operation completed successfully.
RecordNumber=83720
Keywords=Classic
Message=The TrustedInstaller service entered the running state.
12/07/2020 11:50:54 AM
LogName=System
SourceName=Microsoft-Windows-Service Control Manager
EventCode=7036
EventType=4
Type=Information
ComputerName=win-dc-633.attackrange.local
TaskCategory=None
OpCode=The operation completed successfully.
RecordNumber=83724
Keywords=Classic
Message=The LanmanServer service entered the running state.
12/07/2020 11:50:54 AM
LogName=System
SourceName=Microsoft-Windows-Service Control Manager
EventCode=7036
EventType=4
Type=Information
ComputerName=win-dc-633.attackrange.local
TaskCategory=None
OpCode=The operation completed successfully.
RecordNumber=83723
Keywords=Classic
Message=The SamSs service entered the running state.
12/07/2020 11:50:54 AM
LogName=System
SourceName=Microsoft-Windows-Directory-Services-SAM
EventCode=16648
EventType=4
Type=Information
ComputerName=win-dc-633.attackrange.local
User=NOT_TRANSLATED
Sid=S-1-5-18
SidType=0
TaskCategory=None
OpCode=Info
RecordNumber=83722
Keywords=None
Message=The request for a new account-identifier pool has completed successfully.
12/07/2020 11:50:54 AM
LogName=System
SourceName=Microsoft-Windows-Directory-Services-SAM
EventCode=16647
EventType=4
Type=Information
ComputerName=win-dc-633.attackrange.local
User=NOT_TRANSLATED
Sid=S-1-5-18
SidType=0
TaskCategory=None
OpCode=Info
RecordNumber=83721
Keywords=None
Message=The domain controller is starting a request for a new account-identifier pool.
12/07/2020 11:51:00 AM
LogName=System
SourceName=Microsoft-Windows-Service Control Manager
EventCode=7036
EventType=4
Type=Information
ComputerName=win-dc-633.attackrange.local
TaskCategory=None
OpCode=The operation completed successfully.
RecordNumber=83745
Keywords=Classic
Message=The vds service entered the running state.
12/07/2020 11:51:00 AM
LogName=System
SourceName=Microsoft-Windows-Service Control Manager
EventCode=7026
EventType=4
Type=Information
ComputerName=win-dc-633.attackrange.local
TaskCategory=None
OpCode=The operation completed successfully.
RecordNumber=83744
Keywords=Classic
Message=The following boot-start or system-start driver(s) did not load: 
cdrom
dam
12/07/2020 11:51:00 AM
LogName=System
SourceName=Microsoft-Windows-Service Control Manager
EventCode=7036
EventType=4
Type=Information
ComputerName=win-dc-633.attackrange.local
TaskCategory=None
OpCode=The operation completed successfully.
RecordNumber=83743
Keywords=Classic
Message=The AmazonSSMAgent service entered the running state.
12/07/2020 11:51:00 AM
LogName=System
SourceName=Microsoft-Windows-Service Control Manager
EventCode=7036
EventType=4
Type=Information
ComputerName=win-dc-633.attackrange.local
TaskCategory=None
OpCode=The operation completed successfully.
RecordNumber=83742
Keywords=Classic
Message=The ADWS service entered the running state.
12/07/2020 11:51:00 AM
LogName=System
SourceName=Microsoft-Windows-Service Control Manager
EventCode=7036
EventType=4
Type=Information
ComputerName=win-dc-633.attackrange.local
TaskCategory=None
OpCode=The operation completed successfully.
RecordNumber=83741
Keywords=Classic
Message=The tiledatamodelsvc service entered the running state.
12/07/2020 11:51:00 AM
LogName=System
SourceName=Microsoft-Windows-Service Control Manager
EventCode=7036
EventType=4
Type=Information
ComputerName=win-dc-633.attackrange.local
TaskCategory=None
OpCode=The operation completed successfully.
RecordNumber=83740
Keywords=Classic
Message=The StateRepository service entered the running state.
12/07/2020 11:51:00 AM
LogName=System
SourceName=Microsoft-Windows-Service Control Manager
EventCode=7036
EventType=4
Type=Information
ComputerName=win-dc-633.attackrange.local
TaskCategory=None
OpCode=The operation completed successfully.
RecordNumber=83739
Keywords=Classic
Message=The WinRM service entered the running state.
12/07/2020 11:51:00 AM
LogName=System
SourceName=Microsoft-Windows-Service Control Manager
EventCode=7036
EventType=4
Type=Information
ComputerName=win-dc-633.attackrange.local
TaskCategory=None
OpCode=The operation completed successfully.
RecordNumber=83738
Keywords=Classic
Message=The DFSR service entered the running state.
12/07/2020 11:51:00 AM
LogName=System
SourceName=Microsoft-Windows-Service Control Manager
EventCode=7036
EventType=4
Type=Information
ComputerName=win-dc-633.attackrange.local
TaskCategory=None
OpCode=The operation completed successfully.
RecordNumber=83737
Keywords=Classic
Message=The WpnService service entered the running state.
12/07/2020 11:51:00 AM
LogName=System
SourceName=Microsoft-Windows-Service Control Manager
EventCode=7036
EventType=4
Type=Information
ComputerName=win-dc-633.attackrange.local
TaskCategory=None
OpCode=The operation completed successfully.
RecordNumber=83736
Keywords=Classic
Message=The EFS service entered the running state.
12/07/2020 11:51:00 AM
LogName=System
SourceName=Microsoft-Windows-Service Control Manager
EventCode=7036
EventType=4
Type=Information
ComputerName=win-dc-633.attackrange.local
TaskCategory=None
OpCode=The operation completed successfully.
RecordNumber=83735
Keywords=Classic
Message=The Dfs service entered the running state.
12/07/2020 11:51:00 AM
LogName=System
SourceName=Microsoft-Windows-Service Control Manager
EventCode=7036
EventType=4
Type=Information
ComputerName=win-dc-633.attackrange.local
TaskCategory=None
OpCode=The operation completed successfully.
RecordNumber=83734
Keywords=Classic
Message=The AWSLiteAgent service entered the running state.
12/07/2020 11:51:00 AM
LogName=System
SourceName=Microsoft-Windows-Service Control Manager
EventCode=7036
EventType=4
Type=Information
ComputerName=win-dc-633.attackrange.local
TaskCategory=None
OpCode=The operation completed successfully.
RecordNumber=83733
Keywords=Classic
Message=The IsmServ service entered the running state.
12/07/2020 11:51:00 AM
LogName=System
SourceName=Microsoft-Windows-Service Control Manager
EventCode=7036
EventType=4
Type=Information
ComputerName=win-dc-633.attackrange.local
TaskCategory=None
OpCode=The operation completed successfully.
RecordNumber=83732
Keywords=Classic
Message=The PcaSvc service entered the running state.
12/07/2020 11:51:00 AM
LogName=System
SourceName=Microsoft-Windows-Service Control Manager
EventCode=7036
EventType=4
Type=Information
ComputerName=win-dc-633.attackrange.local
TaskCategory=None
OpCode=The operation completed successfully.
RecordNumber=83731
Keywords=Classic
Message=The RemoteRegistry service entered the running state.
12/07/2020 11:51:00 AM
LogName=System
SourceName=Microsoft-Windows-Service Control Manager
EventCode=7036
EventType=4
Type=Information
ComputerName=win-dc-633.attackrange.local
TaskCategory=None
OpCode=The operation completed successfully.
RecordNumber=83730
Keywords=Classic
Message=The Spooler service entered the running state.
12/07/2020 11:51:00 AM
LogName=System
SourceName=Microsoft-Windows-Service Control Manager
EventCode=7036
EventType=4
Type=Information
ComputerName=win-dc-633.attackrange.local
TaskCategory=None
OpCode=The operation completed successfully.
RecordNumber=83729
Keywords=Classic
Message=The WerSvc service entered the running state.
12/07/2020 11:51:00 AM
LogName=System
SourceName=Virtual Disk Service
EventCode=3
EventType=4
Type=Information
ComputerName=win-dc-633.attackrange.local
TaskCategory=None
OpCode=None
RecordNumber=83728
Keywords=Classic
Message=Service started.
12/07/2020 11:51:00 AM
LogName=System
SourceName=Microsoft-Windows-Windows Remote Management
EventCode=10148
EventType=4
Type=Information
ComputerName=win-dc-633.attackrange.local
TaskCategory=None
OpCode=Info
RecordNumber=83727
Keywords=Classic
Message=The WinRM service is listening for WS-Management requests. 

 User Action 
 Use the following command to see the specific IPs on which WinRM is listening: 

 winrm enumerate winrm/config/listener
12/07/2020 11:51:00 AM
LogName=System
SourceName=Microsoft-Windows-DfsSvc
EventCode=14531
EventType=4
Type=Information
ComputerName=win-dc-633.attackrange.local
TaskCategory=None
OpCode=The operation completed successfully.
RecordNumber=83726
Keywords=Classic
Message=DFS server has finished initializing.
12/07/2020 11:51:00 AM
LogName=System
SourceName=Microsoft-Windows-DfsSvc
EventCode=14533
EventType=4
Type=Information
ComputerName=win-dc-633.attackrange.local
TaskCategory=None
OpCode=The operation completed successfully.
RecordNumber=83725
Keywords=Classic
Message=DFS has finished building all namespaces.
12/07/2020 11:51:01 AM
LogName=System
SourceName=Microsoft-Windows-Service Control Manager
EventCode=7036
EventType=4
Type=Information
ComputerName=win-dc-633.attackrange.local
TaskCategory=None
OpCode=The operation completed successfully.
RecordNumber=83747
Keywords=Classic
Message=The WMI Performance Adapter service entered the stopped state.
12/07/2020 11:51:01 AM
LogName=System
SourceName=Microsoft-Windows-Service Control Manager
EventCode=7036
EventType=4
Type=Information
ComputerName=win-dc-633.attackrange.local
TaskCategory=None
OpCode=The operation completed successfully.
RecordNumber=83746
Keywords=Classic
Message=The WMI Performance Adapter service entered the running state.
12/07/2020 11:51:12 AM
LogName=System
SourceName=Microsoft-Windows-Windows Remote Management
EventCode=10154
EventType=3
Type=Warning
ComputerName=win-dc-633.attackrange.local
TaskCategory=None
OpCode=Info
RecordNumber=83748
Keywords=Classic
Message=The WinRM service failed to create the following SPNs: WSMAN/win-dc-633.attackrange.local; WSMAN/win-dc-633. 

 Additional Data 
 The error received was 1355: %%1355.

 User Action 
 The SPNs can be created by an administrator using setspn.exe utility.
12/07/2020 11:51:13 AM
LogName=System
SourceName=Microsoft-Windows-Service Control Manager
EventCode=7036
EventType=4
Type=Information
ComputerName=win-dc-633.attackrange.local
TaskCategory=None
OpCode=The operation completed successfully.
RecordNumber=83750
Keywords=Classic
Message=The Netlogon service entered the running state.
12/07/2020 11:51:13 AM
LogName=System
SourceName=NETLOGON
EventCode=5823
EventType=4
Type=Information
ComputerName=win-dc-633.attackrange.local
TaskCategory=None
OpCode=Info
RecordNumber=83749
Keywords=Classic
Message= The system successfully changed its password on the domain controller .  This event is logged when the password for the computer account is changed by the system. It is logged on the computer that changed the password.
12/07/2020 11:51:15 AM
LogName=System
SourceName=Microsoft-Windows-Time-Service
EventCode=143
EventType=4
Type=Information
ComputerName=win-dc-633.attackrange.local
User=NOT_TRANSLATED
Sid=S-1-5-19
SidType=0
TaskCategory=None
OpCode=Info
RecordNumber=83752
Keywords=None
Message=The time service has started advertising as a good time source.
12/07/2020 11:51:15 AM
LogName=System
SourceName=Microsoft-Windows-Time-Service
EventCode=139
EventType=4
Type=Information
ComputerName=win-dc-633.attackrange.local
User=NOT_TRANSLATED
Sid=S-1-5-19
SidType=0
TaskCategory=None
OpCode=Info
RecordNumber=83751
Keywords=None
Message=The time service has started advertising as a time source.
12/07/2020 11:51:24 AM
LogName=System
SourceName=Microsoft-Windows-Service Control Manager
EventCode=7036
EventType=4
Type=Information
ComputerName=win-dc-633.attackrange.local
TaskCategory=None
OpCode=The operation completed successfully.
RecordNumber=83753
Keywords=Classic
Message=The DNS service entered the running state.
12/07/2020 11:51:25 AM
LogName=System
SourceName=Microsoft-Windows-LSA
EventCode=40961
EventType=3
Type=Warning
ComputerName=win-dc-633.attackrange.local
User=NOT_TRANSLATED
Sid=S-1-5-18
SidType=0
TaskCategory=None
OpCode=Info
RecordNumber=83756
Keywords=None
Message=The Security System could not establish a secured connection with the server ldap/attackrange.local/attackrange.local@ATTACKRANGE.LOCAL. No authentication protocol was available.
12/07/2020 11:51:25 AM
LogName=System
SourceName=Microsoft-Windows-Service Control Manager
EventCode=7036
EventType=4
Type=Information
ComputerName=win-dc-633.attackrange.local
TaskCategory=None
OpCode=The operation completed successfully.
RecordNumber=83755
Keywords=Classic
Message=The W32Time service entered the running state.
12/07/2020 11:51:25 AM
LogName=System
SourceName=Microsoft-Windows-Time-Service
EventCode=12
EventType=3
Type=Warning
ComputerName=win-dc-633.attackrange.local
User=NOT_TRANSLATED
Sid=S-1-5-19
SidType=0
TaskCategory=None
OpCode=Info
RecordNumber=83754
Keywords=None
Message=Time Provider NtpClient: This machine is configured to use the domain hierarchy to determine its time source, but it is the AD PDC emulator for the domain at the root of the forest, so there is no machine above it in the domain hierarchy to use as a time source. It is recommended that you either configure a reliable time service in the root domain, or manually configure the AD PDC to synchronize with an external time source. Otherwise, this machine will function as the authoritative time source in the domain hierarchy. If an external time source is not configured or used for this computer, you may choose to disable the NtpClient.
12/07/2020 11:51:27 AM
LogName=System
SourceName=Microsoft-Windows-Time-Service
EventCode=37
EventType=4
Type=Information
ComputerName=win-dc-633.attackrange.local
User=NOT_TRANSLATED
Sid=S-1-5-19
SidType=0
TaskCategory=None
OpCode=Info
RecordNumber=83757
Keywords=None
Message=The time provider NtpClient is currently receiving valid time data from time.windows.com,0x8 (ntp.m|0x8|0.0.0.0:123->51.105.208.173:123).
12/07/2020 11:51:28 AM
LogName=System
SourceName=Microsoft-Windows-Service Control Manager
EventCode=7036
EventType=4
Type=Information
ComputerName=win-dc-633.attackrange.local
TaskCategory=None
OpCode=The operation completed successfully.
RecordNumber=83758
Keywords=Classic
Message=The NetSetupSvc service entered the stopped state.
12/07/2020 11:51:29 AM
LogName=System
SourceName=Microsoft-Windows-Service Control Manager
EventCode=7040
EventType=4
Type=Information
ComputerName=win-dc-633.attackrange.local
User=NOT_TRANSLATED
Sid=S-1-5-18
SidType=0
TaskCategory=None
OpCode=The operation completed successfully.
RecordNumber=83759
Keywords=Classic
Message=The start type of the Windows Modules Installer service was changed from demand start to auto start.
12/07/2020 11:51:30 AM
LogName=System
SourceName=Microsoft-Windows-Service Control Manager
EventCode=7036
EventType=4
Type=Information
ComputerName=win-dc-633.attackrange.local
TaskCategory=None
OpCode=The operation completed successfully.
RecordNumber=83762
Keywords=Classic
Message=The swprv service entered the running state.
12/07/2020 11:51:30 AM
LogName=System
SourceName=Microsoft-Windows-Service Control Manager
EventCode=7036
EventType=4
Type=Information
ComputerName=win-dc-633.attackrange.local
TaskCategory=None
OpCode=The operation completed successfully.
RecordNumber=83761
Keywords=Classic
Message=The VSS service entered the running state.
12/07/2020 11:51:30 AM
LogName=System
SourceName=Microsoft-Windows-Service Control Manager
EventCode=7040
EventType=4
Type=Information
ComputerName=win-dc-633.attackrange.local
User=NOT_TRANSLATED
Sid=S-1-5-18
SidType=0
TaskCategory=None
OpCode=The operation completed successfully.
RecordNumber=83760
Keywords=Classic
Message=The start type of the Windows Modules Installer service was changed from auto start to demand start.
12/07/2020 11:51:41 AM
LogName=System
SourceName=Microsoft-Windows-Time-Service
EventCode=35
EventType=4
Type=Information
ComputerName=win-dc-633.attackrange.local
User=NOT_TRANSLATED
Sid=S-1-5-19
SidType=0
TaskCategory=None
OpCode=Info
RecordNumber=83764
Keywords=None
Message=The time service is now synchronizing the system time with the time source time.windows.com,0x8 (ntp.m|0x8|0.0.0.0:123->51.105.208.173:123).
12/07/2020 11:51:41 AM
LogName=System
SourceName=Microsoft-Windows-Time-Service
EventCode=144
EventType=3
Type=Warning
ComputerName=win-dc-633.attackrange.local
User=NOT_TRANSLATED
Sid=S-1-5-19
SidType=0
TaskCategory=None
OpCode=Info
RecordNumber=83763
Keywords=None
Message=The time service has stopped advertising as a good time source.
12/07/2020 11:52:10 AM
LogName=System
SourceName=Microsoft-Windows-Service Control Manager
EventCode=7036
EventType=4
Type=Information
ComputerName=win-dc-633.attackrange.local
TaskCategory=None
OpCode=The operation completed successfully.
RecordNumber=83765
Keywords=Classic
Message=The DsmSvc service entered the stopped state.
12/07/2020 11:52:45 AM
LogName=System
SourceName=Microsoft-Windows-Service Control Manager
EventCode=7036
EventType=4
Type=Information
ComputerName=win-dc-633.attackrange.local
TaskCategory=None
OpCode=The operation completed successfully.
RecordNumber=83766
Keywords=Classic
Message=The WPDBusEnum service entered the stopped state.
12/07/2020 11:53:00 AM
LogName=System
SourceName=Microsoft-Windows-Service Control Manager
EventCode=7036
EventType=4
Type=Information
ComputerName=win-dc-633.attackrange.local
TaskCategory=None
OpCode=The operation completed successfully.
RecordNumber=83769
Keywords=Classic
Message=The DPS service entered the running state.
12/07/2020 11:53:00 AM
LogName=System
SourceName=Microsoft-Windows-Service Control Manager
EventCode=7036
EventType=4
Type=Information
ComputerName=win-dc-633.attackrange.local
TaskCategory=None
OpCode=The operation completed successfully.
RecordNumber=83768
Keywords=Classic
Message=The Connected Devices Platform Service service entered the stopped state.
12/07/2020 11:53:00 AM
LogName=System
SourceName=Microsoft-Windows-Service Control Manager
EventCode=7036
EventType=4
Type=Information
ComputerName=win-dc-633.attackrange.local
TaskCategory=None
OpCode=The operation completed successfully.
RecordNumber=83767
Keywords=Classic
Message=The WerSvc service entered the stopped state.
12/07/2020 11:53:01 AM
LogName=System
SourceName=Microsoft-Windows-Service Control Manager
EventCode=7036
EventType=4
Type=Information
ComputerName=win-dc-633.attackrange.local
TaskCategory=None
OpCode=The operation completed successfully.
RecordNumber=83772
Keywords=Classic
Message=The sppsvc service entered the running state.
12/07/2020 11:53:01 AM
LogName=System
SourceName=Microsoft-Windows-Service Control Manager
EventCode=7036
EventType=4
Type=Information
ComputerName=win-dc-633.attackrange.local
TaskCategory=None
OpCode=The operation completed successfully.
RecordNumber=83771
Keywords=Classic
Message=The Distributed Transaction Coordinator service entered the running state.
12/07/2020 11:53:01 AM
LogName=System
SourceName=Microsoft-Windows-Service Control Manager
EventCode=7036
EventType=4
Type=Information
ComputerName=win-dc-633.attackrange.local
TaskCategory=None
OpCode=The operation completed successfully.
RecordNumber=83770
Keywords=Classic
Message=The MapsBroker service entered the running state.
12/07/2020 11:53:02 AM
LogName=System
SourceName=Microsoft-Windows-Service Control Manager
EventCode=7036
EventType=4
Type=Information
ComputerName=win-dc-633.attackrange.local
TaskCategory=None
OpCode=The operation completed successfully.
RecordNumber=83773
Keywords=Classic
Message=The UALSVC service entered the running state.
12/07/2020 11:53:11 AM
LogName=System
SourceName=Microsoft-Windows-Service Control Manager
EventCode=7036
EventType=4
Type=Information
ComputerName=win-dc-633.attackrange.local
TaskCategory=None
OpCode=The operation completed successfully.
RecordNumber=83774
Keywords=Classic
Message=The MapsBroker service entered the stopped state.
12/07/2020 11:53:32 AM
LogName=System
SourceName=Microsoft-Windows-Service Control Manager
EventCode=7036
EventType=4
Type=Information
ComputerName=win-dc-633.attackrange.local
TaskCategory=None
OpCode=The operation completed successfully.
RecordNumber=83775
Keywords=Classic
Message=The sppsvc service entered the stopped state.
12/07/2020 11:53:38 AM
LogName=System
SourceName=Microsoft-Windows-Service Control Manager
EventCode=7036
EventType=4
Type=Information
ComputerName=win-dc-633.attackrange.local
TaskCategory=None
OpCode=The operation completed successfully.
RecordNumber=83776
Keywords=Classic
Message=The Windows Modules Installer service entered the stopped state.
12/07/2020 11:54:28 AM
LogName=System
SourceName=Microsoft-Windows-Service Control Manager
EventCode=7036
EventType=4
Type=Information
ComputerName=win-dc-633.attackrange.local
TaskCategory=None
OpCode=The operation completed successfully.
RecordNumber=83778
Keywords=Classic
Message=The NetSetupSvc service entered the running state.
