12/07/2020 09:47:20 AM
LogName=System
SourceName=Microsoft-Windows-Service Control Manager
EventCode=7036
EventType=4
Type=Information
ComputerName=EC2AMAZ-FD58AG1
TaskCategory=None
OpCode=The operation completed successfully.
RecordNumber=83227
Keywords=Classic
Message=The Windows Modules Installer service entered the stopped state.
12/07/2020 09:47:20 AM
LogName=System
SourceName=Microsoft-Windows-Service Control Manager
EventCode=7036
EventType=4
Type=Information
ComputerName=EC2AMAZ-FD58AG1
TaskCategory=None
OpCode=The operation completed successfully.
RecordNumber=83226
Keywords=Classic
Message=The Group Policy Client service entered the stopped state.
12/07/2020 09:47:20 AM
LogName=System
SourceName=User32
EventCode=1074
EventType=4
Type=Information
ComputerName=EC2AMAZ-FD58AG1
User=NOT_TRANSLATED
Sid=S-1-5-21-3911646319-387810913-1839908539-500
SidType=0
TaskCategory=None
OpCode=The operation completed successfully.
RecordNumber=83225
Keywords=Classic
Message=The process C:\Windows\system32\shutdown.exe (EC2AMAZ-FD58AG1) has initiated the shutdown of computer EC2AMAZ-FD58AG1 on behalf of user EC2AMAZ-FD58AG1\Administrator for the following reason: No title for this reason could be found
 Reason Code: 0x800000ff
 Shutdown Type: shutdown
 Comment:
12/07/2020 09:47:20 AM
LogName=System
SourceName=Microsoft-Windows-Service Control Manager
EventCode=7040
EventType=4
Type=Information
ComputerName=EC2AMAZ-FD58AG1
User=NOT_TRANSLATED
Sid=S-1-5-21-3911646319-387810913-1839908539-500
SidType=0
TaskCategory=None
OpCode=The operation completed successfully.
RecordNumber=83224
Keywords=Classic
Message=The start type of the Amazon SSM Agent service was changed from auto start to disabled.
12/07/2020 09:47:20 AM
LogName=System
SourceName=EventLog
EventCode=6006
EventType=4
Type=Information
ComputerName=EC2AMAZ-FD58AG1
TaskCategory=None
OpCode=None
RecordNumber=83223
Keywords=Classic
Message=The Event log service was stopped.
12/07/2020 09:47:21 AM
LogName=System
SourceName=Microsoft-Windows-Service Control Manager
EventCode=7036
EventType=4
Type=Information
ComputerName=EC2AMAZ-FD58AG1
TaskCategory=None
OpCode=The operation completed successfully.
RecordNumber=83259
Keywords=Classic
Message=The Task Scheduler service entered the stopped state.
12/07/2020 09:47:21 AM
LogName=System
SourceName=Microsoft-Windows-Service Control Manager
EventCode=7036
EventType=4
Type=Information
ComputerName=EC2AMAZ-FD58AG1
TaskCategory=None
OpCode=The operation completed successfully.
RecordNumber=83258
Keywords=Classic
Message=The Windows Update service entered the stopped state.
12/07/2020 09:47:21 AM
LogName=System
SourceName=Microsoft-Windows-Service Control Manager
EventCode=7036
EventType=4
Type=Information
ComputerName=EC2AMAZ-FD58AG1
TaskCategory=None
OpCode=The operation completed successfully.
RecordNumber=83257
Keywords=Classic
Message=The Remote Desktop Services service entered the stopped state.
12/07/2020 09:47:21 AM
LogName=System
SourceName=Microsoft-Windows-Service Control Manager
EventCode=7036
EventType=4
Type=Information
ComputerName=EC2AMAZ-FD58AG1
TaskCategory=None
OpCode=The operation completed successfully.
RecordNumber=83256
Keywords=Classic
Message=The Windows Defender Service service entered the stopped state.
12/07/2020 09:47:21 AM
LogName=System
SourceName=Microsoft-Windows-Service Control Manager
EventCode=7036
EventType=4
Type=Information
ComputerName=EC2AMAZ-FD58AG1
TaskCategory=None
OpCode=The operation completed successfully.
RecordNumber=83252
Keywords=Classic
Message=The Windows Event Log service entered the stopped state.
12/07/2020 09:47:24 AM
LogName=System
SourceName=Microsoft-Windows-Service Control Manager
EventCode=7036
EventType=4
Type=Information
ComputerName=EC2AMAZ-FD58AG1
TaskCategory=None
OpCode=The operation completed successfully.
RecordNumber=83260
Keywords=Classic
Message=The Device Setup Manager service entered the stopped state.
12/07/2020 09:47:25 AM
LogName=System
SourceName=Microsoft-Windows-Kernel-Power
EventCode=109
EventType=4
Type=Information
ComputerName=EC2AMAZ-FD58AG1
TaskCategory=103
OpCode=Info
RecordNumber=83262
Keywords=None
Message=The kernel power manager has initiated a shutdown transition.

Shutdown Reason: Kernel API
12/07/2020 09:47:26 AM
LogName=System
SourceName=Microsoft-Windows-Kernel-General
EventCode=13
EventType=4
Type=Information
ComputerName=EC2AMAZ-FD58AG1
TaskCategory=2
OpCode=Info
RecordNumber=83263
Keywords=None
Message=The operating system is shutting down at system time ‎2020‎-‎12‎-‎07T09:47:26.278392300Z.
12/07/2020 11:44:43 AM
LogName=System
SourceName=Microsoft-Windows-Kernel-Boot
EventCode=32
EventType=4
Type=Information
ComputerName=EC2AMAZ-FD58AG1
User=NOT_TRANSLATED
Sid=S-1-5-18
SidType=0
TaskCategory=None
OpCode=Info
RecordNumber=83270
Keywords=None
Message=The bootmgr spent 0 ms waiting for user input.
12/07/2020 11:44:43 AM
LogName=System
SourceName=Microsoft-Windows-Kernel-Boot
EventCode=18
EventType=4
Type=Information
ComputerName=EC2AMAZ-FD58AG1
User=NOT_TRANSLATED
Sid=S-1-5-18
SidType=0
TaskCategory=None
OpCode=Info
RecordNumber=83269
Keywords=None
Message=There are 0x1 boot options on this system.
12/07/2020 11:44:43 AM
LogName=System
SourceName=Microsoft-Windows-Kernel-Boot
EventCode=25
EventType=4
Type=Information
ComputerName=EC2AMAZ-FD58AG1
User=NOT_TRANSLATED
Sid=S-1-5-18
SidType=0
TaskCategory=32
OpCode=Info
RecordNumber=83268
Keywords=None
Message=The boot menu policy was 0x0.
12/07/2020 11:44:43 AM
LogName=System
SourceName=Microsoft-Windows-Kernel-Boot
EventCode=27
EventType=4
Type=Information
ComputerName=EC2AMAZ-FD58AG1
User=NOT_TRANSLATED
Sid=S-1-5-18
SidType=0
TaskCategory=33
OpCode=Info
RecordNumber=83267
Keywords=None
Message=The boot type was 0x0.
12/07/2020 11:44:43 AM
LogName=System
SourceName=Microsoft-Windows-Kernel-Boot
EventCode=20
EventType=4
Type=Information
ComputerName=EC2AMAZ-FD58AG1
User=NOT_TRANSLATED
Sid=S-1-5-18
SidType=0
TaskCategory=31
OpCode=Info
RecordNumber=83266
Keywords=None
Message=The last shutdown's success status was true. The last boot's success status was true.
12/07/2020 11:44:43 AM
LogName=System
SourceName=Microsoft-Windows-Kernel-Boot
EventCode=153
EventType=4
Type=Information
ComputerName=EC2AMAZ-FD58AG1
User=NOT_TRANSLATED
Sid=S-1-5-18
SidType=0
TaskCategory=None
OpCode=Info
RecordNumber=83265
Keywords=None
Message=The Virtualization Based Security (policies: 0) is disabled with status STATUS_SUCCESS.
12/07/2020 11:44:43 AM
LogName=System
SourceName=Microsoft-Windows-Kernel-General
EventCode=12
EventType=4
Type=Information
ComputerName=EC2AMAZ-FD58AG1
User=NOT_TRANSLATED
Sid=S-1-5-18
SidType=0
TaskCategory=1
OpCode=Info
RecordNumber=83264
Keywords=None
Message=The operating system started at system time ‎2020‎-‎12‎-‎07T11:44:43.484749000Z.
12/07/2020 11:44:47 AM
LogName=System
SourceName=Microsoft-Windows-FilterManager
EventCode=6
EventType=4
Type=Information
ComputerName=EC2AMAZ-FD58AG1
User=NOT_TRANSLATED
Sid=S-1-5-18
SidType=0
TaskCategory=None
OpCode=Info
RecordNumber=83272
Keywords=None
Message=File System Filter 'WdFilter' (10.0, ‎1980‎-‎09‎-‎07T16:46:06.000000000Z) has successfully loaded and registered with Filter Manager.
12/07/2020 11:44:47 AM
LogName=System
SourceName=Microsoft-Windows-FilterManager
EventCode=6
EventType=4
Type=Information
ComputerName=EC2AMAZ-FD58AG1
User=NOT_TRANSLATED
Sid=S-1-5-18
SidType=0
TaskCategory=None
OpCode=Info
RecordNumber=83271
Keywords=None
Message=File System Filter 'Wof' (10.0, ‎2019‎-‎09‎-‎29T22:52:46.000000000Z) has successfully loaded and registered with Filter Manager.
12/07/2020 11:44:49 AM
LogName=System
SourceName=Microsoft-Windows-Ntfs
EventCode=98
EventType=4
Type=Information
ComputerName=EC2AMAZ-FD58AG1
User=NOT_TRANSLATED
Sid=S-1-5-18
SidType=0
TaskCategory=None
OpCode=Info
RecordNumber=83273
Keywords=None
Message=Volume C: (\Device\HarddiskVolume1) is healthy.  No action is needed.
12/07/2020 11:44:50 AM
LogName=System
SourceName=Microsoft-Windows-Kernel-Processor-Power
EventCode=55
EventType=4
Type=Information
ComputerName=EC2AMAZ-FD58AG1
User=NOT_TRANSLATED
Sid=S-1-5-18
SidType=0
TaskCategory=47
OpCode=Info
RecordNumber=83284
Keywords=None
Message=Processor 7 in group 0 exposes the following power management capabilities:

Idle state type: ACPI Idle (C) States (1 state(s))

Performance state type: None
Nominal Frequency (MHz): 2300
Maximum performance percentage: 100
Minimum performance percentage: 100
Minimum throttle percentage: 100
12/07/2020 11:44:50 AM
LogName=System
SourceName=Microsoft-Windows-Kernel-Processor-Power
EventCode=55
EventType=4
Type=Information
ComputerName=EC2AMAZ-FD58AG1
User=NOT_TRANSLATED
Sid=S-1-5-18
SidType=0
TaskCategory=47
OpCode=Info
RecordNumber=83283
Keywords=None
Message=Processor 6 in group 0 exposes the following power management capabilities:

Idle state type: ACPI Idle (C) States (1 state(s))

Performance state type: None
Nominal Frequency (MHz): 2300
Maximum performance percentage: 100
Minimum performance percentage: 100
Minimum throttle percentage: 100
12/07/2020 11:44:50 AM
LogName=System
SourceName=Microsoft-Windows-Kernel-Processor-Power
EventCode=55
EventType=4
Type=Information
ComputerName=EC2AMAZ-FD58AG1
User=NOT_TRANSLATED
Sid=S-1-5-18
SidType=0
TaskCategory=47
OpCode=Info
RecordNumber=83282
Keywords=None
Message=Processor 5 in group 0 exposes the following power management capabilities:

Idle state type: ACPI Idle (C) States (1 state(s))

Performance state type: None
Nominal Frequency (MHz): 2300
Maximum performance percentage: 100
Minimum performance percentage: 100
Minimum throttle percentage: 100
12/07/2020 11:44:50 AM
LogName=System
SourceName=Microsoft-Windows-Kernel-Processor-Power
EventCode=55
EventType=4
Type=Information
ComputerName=EC2AMAZ-FD58AG1
User=NOT_TRANSLATED
Sid=S-1-5-18
SidType=0
TaskCategory=47
OpCode=Info
RecordNumber=83281
Keywords=None
Message=Processor 4 in group 0 exposes the following power management capabilities:

Idle state type: ACPI Idle (C) States (1 state(s))

Performance state type: None
Nominal Frequency (MHz): 2300
Maximum performance percentage: 100
Minimum performance percentage: 100
Minimum throttle percentage: 100
12/07/2020 11:44:50 AM
LogName=System
SourceName=Microsoft-Windows-Kernel-Processor-Power
EventCode=55
EventType=4
Type=Information
ComputerName=EC2AMAZ-FD58AG1
User=NOT_TRANSLATED
Sid=S-1-5-18
SidType=0
TaskCategory=47
OpCode=Info
RecordNumber=83280
Keywords=None
Message=Processor 3 in group 0 exposes the following power management capabilities:

Idle state type: ACPI Idle (C) States (1 state(s))

Performance state type: None
Nominal Frequency (MHz): 2300
Maximum performance percentage: 100
Minimum performance percentage: 100
Minimum throttle percentage: 100
12/07/2020 11:44:50 AM
LogName=System
SourceName=Microsoft-Windows-Kernel-Processor-Power
EventCode=55
EventType=4
Type=Information
ComputerName=EC2AMAZ-FD58AG1
User=NOT_TRANSLATED
Sid=S-1-5-18
SidType=0
TaskCategory=47
OpCode=Info
RecordNumber=83279
Keywords=None
Message=Processor 2 in group 0 exposes the following power management capabilities:

Idle state type: ACPI Idle (C) States (1 state(s))

Performance state type: None
Nominal Frequency (MHz): 2300
Maximum performance percentage: 100
Minimum performance percentage: 100
Minimum throttle percentage: 100
12/07/2020 11:44:50 AM
LogName=System
SourceName=Microsoft-Windows-Kernel-Processor-Power
EventCode=55
EventType=4
Type=Information
ComputerName=EC2AMAZ-FD58AG1
User=NOT_TRANSLATED
Sid=S-1-5-18
SidType=0
TaskCategory=47
OpCode=Info
RecordNumber=83278
Keywords=None
Message=Processor 1 in group 0 exposes the following power management capabilities:

Idle state type: ACPI Idle (C) States (1 state(s))

Performance state type: None
Nominal Frequency (MHz): 2300
Maximum performance percentage: 100
Minimum performance percentage: 100
Minimum throttle percentage: 100
12/07/2020 11:44:50 AM
LogName=System
SourceName=Microsoft-Windows-Kernel-Processor-Power
EventCode=55
EventType=4
Type=Information
ComputerName=EC2AMAZ-FD58AG1
User=NOT_TRANSLATED
Sid=S-1-5-18
SidType=0
TaskCategory=47
OpCode=Info
RecordNumber=83277
Keywords=None
Message=Processor 0 in group 0 exposes the following power management capabilities:

Idle state type: ACPI Idle (C) States (1 state(s))

Performance state type: None
Nominal Frequency (MHz): 2300
Maximum performance percentage: 100
Minimum performance percentage: 100
Minimum throttle percentage: 100
12/07/2020 11:44:50 AM
LogName=System
SourceName=Microsoft-Windows-Kernel-Power
EventCode=172
EventType=4
Type=Information
ComputerName=EC2AMAZ-FD58AG1
User=NOT_TRANSLATED
Sid=S-1-5-18
SidType=0
TaskCategory=203
OpCode=Info
RecordNumber=83276
Keywords=None
Message=Connectivity state in standby: Disconnected, Reason: NIC compliance
12/07/2020 11:44:50 AM
LogName=System
SourceName=Microsoft-Windows-FilterManager
EventCode=6
EventType=4
Type=Information
ComputerName=EC2AMAZ-FD58AG1
User=NOT_TRANSLATED
Sid=S-1-5-18
SidType=0
TaskCategory=None
OpCode=Info
RecordNumber=83275
Keywords=None
Message=File System Filter 'npsvctrig' (10.0, ‎2016‎-‎07‎-‎16T02:28:33.000000000Z) has successfully loaded and registered with Filter Manager.
12/07/2020 11:44:50 AM
LogName=System
SourceName=Microsoft-Windows-FilterManager
EventCode=6
EventType=4
Type=Information
ComputerName=EC2AMAZ-FD58AG1
User=NOT_TRANSLATED
Sid=S-1-5-18
SidType=0
TaskCategory=None
OpCode=Info
RecordNumber=83274
Keywords=None
Message=File System Filter 'FileCrypt' (10.0, ‎2018‎-‎08‎-‎30T20:44:27.000000000Z) has successfully loaded and registered with Filter Manager.
12/07/2020 11:44:55 AM
LogName=System
SourceName=Microsoft-Windows-Wininit
EventCode=14
EventType=4
Type=Information
ComputerName=EC2AMAZ-FD58AG1
User=NOT_TRANSLATED
Sid=S-1-5-18
SidType=0
TaskCategory=None
OpCode=Info
RecordNumber=83285
Keywords=None
Message=Credential Guard (LsaIso.exe) configuration: 0x0, 0
12/07/2020 11:44:56 AM
LogName=System
SourceName=Microsoft-Windows-Service Control Manager
EventCode=7036
EventType=4
Type=Information
ComputerName=EC2AMAZ-FD58AG1
TaskCategory=None
OpCode=The operation completed successfully.
RecordNumber=83291
Keywords=Classic
Message=The RpcSs service entered the running state.
12/07/2020 11:44:56 AM
LogName=System
SourceName=Microsoft-Windows-Service Control Manager
EventCode=7036
EventType=4
Type=Information
ComputerName=EC2AMAZ-FD58AG1
TaskCategory=None
OpCode=The operation completed successfully.
RecordNumber=83290
Keywords=Classic
Message=The RpcEptMapper service entered the running state.
12/07/2020 11:44:56 AM
LogName=System
SourceName=Microsoft-Windows-Service Control Manager
EventCode=7036
EventType=4
Type=Information
ComputerName=EC2AMAZ-FD58AG1
TaskCategory=None
OpCode=The operation completed successfully.
RecordNumber=83289
Keywords=Classic
Message=The DcomLaunch service entered the running state.
12/07/2020 11:44:56 AM
LogName=System
SourceName=Microsoft-Windows-Service Control Manager
EventCode=7036
EventType=4
Type=Information
ComputerName=EC2AMAZ-FD58AG1
TaskCategory=None
OpCode=The operation completed successfully.
RecordNumber=83288
Keywords=Classic
Message=The Power service entered the running state.
12/07/2020 11:44:56 AM
LogName=System
SourceName=Microsoft-Windows-Service Control Manager
EventCode=7036
EventType=4
Type=Information
ComputerName=EC2AMAZ-FD58AG1
TaskCategory=None
OpCode=The operation completed successfully.
RecordNumber=83287
Keywords=Classic
Message=The PlugPlay service entered the running state.
12/07/2020 11:44:56 AM
LogName=System
SourceName=Microsoft-Windows-Directory-Services-SAM
EventCode=16962
EventType=4
Type=Information
ComputerName=EC2AMAZ-FD58AG1
User=NOT_TRANSLATED
Sid=S-1-5-18
SidType=0
TaskCategory=None
OpCode=Info
RecordNumber=83286
Keywords=None
Message=Remote calls to the SAM database are being restricted using the default security descriptor: O:SYG:SYD:(A;;RC;;;BA).
For more information please see http://go.microsoft.com/fwlink/?LinkId=787651.
12/07/2020 11:44:57 AM
LogName=System
SourceName=Microsoft-Windows-Service Control Manager
EventCode=7036
EventType=4
Type=Information
ComputerName=EC2AMAZ-FD58AG1
TaskCategory=None
OpCode=The operation completed successfully.
RecordNumber=83321
Keywords=Classic
Message=The UmRdpService service entered the running state.
12/07/2020 11:44:57 AM
LogName=System
SourceName=Microsoft-Windows-Service Control Manager
EventCode=7036
EventType=4
Type=Information
ComputerName=EC2AMAZ-FD58AG1
TaskCategory=None
OpCode=The operation completed successfully.
RecordNumber=83320
Keywords=Classic
Message=The ShellHWDetection service entered the running state.
12/07/2020 11:44:57 AM
LogName=System
SourceName=Microsoft-Windows-Service Control Manager
EventCode=7036
EventType=4
Type=Information
ComputerName=EC2AMAZ-FD58AG1
TaskCategory=None
OpCode=The operation completed successfully.
RecordNumber=83319
Keywords=Classic
Message=The DsmSvc service entered the running state.
12/07/2020 11:44:57 AM
LogName=System
SourceName=Microsoft-Windows-Service Control Manager
EventCode=7036
EventType=4
Type=Information
ComputerName=EC2AMAZ-FD58AG1
TaskCategory=None
OpCode=The operation completed successfully.
RecordNumber=83318
Keywords=Classic
Message=The LanmanWorkstation service entered the running state.
12/07/2020 11:44:57 AM
LogName=System
SourceName=Microsoft-Windows-Service Control Manager
EventCode=7036
EventType=4
Type=Information
ComputerName=EC2AMAZ-FD58AG1
TaskCategory=None
OpCode=The operation completed successfully.
RecordNumber=83317
Keywords=Classic
Message=The CoreMessagingRegistrar service entered the running state.
12/07/2020 11:44:57 AM
LogName=System
SourceName=Microsoft-Windows-Service Control Manager
EventCode=7036
EventType=4
Type=Information
ComputerName=EC2AMAZ-FD58AG1
TaskCategory=None
OpCode=The operation completed successfully.
RecordNumber=83316
Keywords=Classic
Message=The SENS service entered the running state.
12/07/2020 11:44:57 AM
LogName=System
SourceName=Microsoft-Windows-Service Control Manager
EventCode=7036
EventType=4
Type=Information
ComputerName=EC2AMAZ-FD58AG1
TaskCategory=None
OpCode=The operation completed successfully.
RecordNumber=83315
Keywords=Classic
Message=The ProfSvc service entered the running state.
12/07/2020 11:44:57 AM
LogName=System
SourceName=Microsoft-Windows-Service Control Manager
EventCode=7036
EventType=4
Type=Information
ComputerName=EC2AMAZ-FD58AG1
TaskCategory=None
OpCode=The operation completed successfully.
RecordNumber=83314
Keywords=Classic
Message=The NcbService service entered the running state.
12/07/2020 11:44:57 AM
LogName=System
SourceName=Microsoft-Windows-Service Control Manager
EventCode=7036
EventType=4
Type=Information
ComputerName=EC2AMAZ-FD58AG1
TaskCategory=None
OpCode=The operation completed successfully.
RecordNumber=83313
Keywords=Classic
Message=The netprofm service entered the running state.
12/07/2020 11:44:57 AM
LogName=System
SourceName=Microsoft-Windows-Service Control Manager
EventCode=7036
EventType=4
Type=Information
ComputerName=EC2AMAZ-FD58AG1
TaskCategory=None
OpCode=The operation completed successfully.
RecordNumber=83312
Keywords=Classic
Message=The FontCache service entered the running state.
12/07/2020 11:44:57 AM
LogName=System
SourceName=Microsoft-Windows-Service Control Manager
EventCode=7036
EventType=4
Type=Information
ComputerName=EC2AMAZ-FD58AG1
TaskCategory=None
OpCode=The operation completed successfully.
RecordNumber=83311
Keywords=Classic
Message=The NlaSvc service entered the running state.
12/07/2020 11:44:57 AM
LogName=System
SourceName=Microsoft-Windows-Service Control Manager
EventCode=7036
EventType=4
Type=Information
ComputerName=EC2AMAZ-FD58AG1
TaskCategory=None
OpCode=The operation completed successfully.
RecordNumber=83310
Keywords=Classic
Message=The Dnscache service entered the running state.
12/07/2020 11:44:57 AM
LogName=System
SourceName=Microsoft-Windows-Service Control Manager
EventCode=7036
EventType=4
Type=Information
ComputerName=EC2AMAZ-FD58AG1
TaskCategory=None
OpCode=The operation completed successfully.
RecordNumber=83309
Keywords=Classic
Message=The Wcmsvc service entered the running state.
12/07/2020 11:44:57 AM
LogName=System
SourceName=Microsoft-Windows-Service Control Manager
EventCode=7036
EventType=4
Type=Information
ComputerName=EC2AMAZ-FD58AG1
TaskCategory=None
OpCode=The operation completed successfully.
RecordNumber=83308
Keywords=Classic
Message=The Dhcp service entered the running state.
12/07/2020 11:44:57 AM
LogName=System
SourceName=Microsoft-Windows-DHCPv6-Client
EventCode=51046
EventType=4
Type=Information
ComputerName=EC2AMAZ-FD58AG1
User=NOT_TRANSLATED
Sid=S-1-5-19
SidType=0
TaskCategory=Service State Event
OpCode=ServiceStart
RecordNumber=83307
Keywords=None
Message=DHCPv6 client service is started
12/07/2020 11:44:57 AM
LogName=System
SourceName=Microsoft-Windows-Dhcp-Client
EventCode=50036
EventType=4
Type=Information
ComputerName=EC2AMAZ-FD58AG1
User=NOT_TRANSLATED
Sid=S-1-5-19
SidType=0
TaskCategory=Service State Event
OpCode=ServiceStart
RecordNumber=83306
Keywords=None
Message=DHCPv4 client service is started
12/07/2020 11:44:57 AM
LogName=System
SourceName=Microsoft-Windows-Service Control Manager
EventCode=7036
EventType=4
Type=Information
ComputerName=EC2AMAZ-FD58AG1
TaskCategory=None
OpCode=The operation completed successfully.
RecordNumber=83305
Keywords=Classic
Message=The gpsvc service entered the running state.
12/07/2020 11:44:57 AM
LogName=System
SourceName=Microsoft-Windows-Service Control Manager
EventCode=7036
EventType=4
Type=Information
ComputerName=EC2AMAZ-FD58AG1
TaskCategory=None
OpCode=The operation completed successfully.
RecordNumber=83304
Keywords=Classic
Message=The Themes service entered the running state.
12/07/2020 11:44:57 AM
LogName=System
SourceName=Microsoft-Windows-Service Control Manager
EventCode=7036
EventType=4
Type=Information
ComputerName=EC2AMAZ-FD58AG1
TaskCategory=None
OpCode=The operation completed successfully.
RecordNumber=83303
Keywords=Classic
Message=The nsi service entered the running state.
12/07/2020 11:44:57 AM
LogName=System
SourceName=Microsoft-Windows-Service Control Manager
EventCode=7036
EventType=4
Type=Information
ComputerName=EC2AMAZ-FD58AG1
TaskCategory=None
OpCode=The operation completed successfully.
RecordNumber=83302
Keywords=Classic
Message=The EventLog service entered the running state.
12/07/2020 11:44:57 AM
LogName=System
SourceName=Microsoft-Windows-Service Control Manager
EventCode=7036
EventType=4
Type=Information
ComputerName=EC2AMAZ-FD58AG1
TaskCategory=None
OpCode=The operation completed successfully.
RecordNumber=83301
Keywords=Classic
Message=The EventSystem service entered the running state.
12/07/2020 11:44:57 AM
LogName=System
SourceName=Microsoft-Windows-Service Control Manager
EventCode=7036
EventType=4
Type=Information
ComputerName=EC2AMAZ-FD58AG1
TaskCategory=None
OpCode=The operation completed successfully.
RecordNumber=83300
Keywords=Classic
Message=The WPDBusEnum service entered the running state.
12/07/2020 11:44:57 AM
LogName=System
SourceName=Microsoft-Windows-Service Control Manager
EventCode=7036
EventType=4
Type=Information
ComputerName=EC2AMAZ-FD58AG1
TaskCategory=None
OpCode=The operation completed successfully.
RecordNumber=83299
Keywords=Classic
Message=The lmhosts service entered the running state.
12/07/2020 11:44:57 AM
LogName=System
SourceName=Microsoft-Windows-FilterManager
EventCode=6
EventType=4
Type=Information
ComputerName=EC2AMAZ-FD58AG1
User=NOT_TRANSLATED
Sid=S-1-5-18
SidType=0
TaskCategory=None
OpCode=Info
RecordNumber=83298
Keywords=None
Message=File System Filter 'storqosflt' (10.0, ‎2019‎-‎02‎-‎17T02:00:41.000000000Z) has successfully loaded and registered with Filter Manager.
12/07/2020 11:44:57 AM
LogName=System
SourceName=Microsoft-Windows-FilterManager
EventCode=6
EventType=4
Type=Information
ComputerName=EC2AMAZ-FD58AG1
User=NOT_TRANSLATED
Sid=S-1-5-18
SidType=0
TaskCategory=None
OpCode=Info
RecordNumber=83297
Keywords=None
Message=File System Filter 'wcifs' (10.0, ‎2020‎-‎02‎-‎19T07:59:09.000000000Z) has successfully loaded and registered with Filter Manager.
12/07/2020 11:44:57 AM
LogName=System
SourceName=Microsoft-Windows-FilterManager
EventCode=6
EventType=4
Type=Information
ComputerName=EC2AMAZ-FD58AG1
User=NOT_TRANSLATED
Sid=S-1-5-18
SidType=0
TaskCategory=None
OpCode=Info
RecordNumber=83296
Keywords=None
Message=File System Filter 'luafv' (10.0, ‎2019‎-‎04‎-‎02T04:23:00.000000000Z) has successfully loaded and registered with Filter Manager.
12/07/2020 11:44:57 AM
LogName=System
SourceName=Microsoft-Windows-Service Control Manager
EventCode=7036
EventType=4
Type=Information
ComputerName=EC2AMAZ-FD58AG1
TaskCategory=None
OpCode=The operation completed successfully.
RecordNumber=83295
Keywords=Classic
Message=The TermService service entered the running state.
12/07/2020 11:44:57 AM
LogName=System
SourceName=Microsoft-Windows-Service Control Manager
EventCode=7036
EventType=4
Type=Information
ComputerName=EC2AMAZ-FD58AG1
TaskCategory=None
OpCode=The operation completed successfully.
RecordNumber=83294
Keywords=Classic
Message=The SystemEventsBroker service entered the running state.
12/07/2020 11:44:57 AM
LogName=System
SourceName=Microsoft-Windows-Service Control Manager
EventCode=7036
EventType=4
Type=Information
ComputerName=EC2AMAZ-FD58AG1
TaskCategory=None
OpCode=The operation completed successfully.
RecordNumber=83293
Keywords=Classic
Message=The BrokerInfrastructure service entered the running state.
12/07/2020 11:44:57 AM
LogName=System
SourceName=Microsoft-Windows-Service Control Manager
EventCode=7036
EventType=4
Type=Information
ComputerName=EC2AMAZ-FD58AG1
TaskCategory=None
OpCode=The operation completed successfully.
RecordNumber=83292
Keywords=Classic
Message=The LSM service entered the running state.
12/07/2020 11:44:57 AM
LogName=System
SourceName=EventLog
EventCode=6013
EventType=4
Type=Information
ComputerName=EC2AMAZ-FD58AG1
TaskCategory=None
OpCode=None
RecordNumber=83255
Keywords=Classic
Message=The system uptime is 14 seconds.
12/07/2020 11:44:57 AM
LogName=System
SourceName=EventLog
EventCode=6005
EventType=4
Type=Information
ComputerName=EC2AMAZ-FD58AG1
TaskCategory=None
OpCode=None
RecordNumber=83254
Keywords=Classic
Message=The Event log service was started.
12/07/2020 11:44:57 AM
LogName=System
SourceName=EventLog
EventCode=6009
EventType=4
Type=Information
ComputerName=EC2AMAZ-FD58AG1
TaskCategory=None
OpCode=None
RecordNumber=83253
Keywords=Classic
Message=Microsoft (R) Windows (R) 10.00. 14393  Multiprocessor Free.
12/07/2020 11:44:58 AM
LogName=System
SourceName=Microsoft-Windows-Iphlpsvc
EventCode=4200
EventType=4
Type=Information
ComputerName=EC2AMAZ-FD58AG1
User=NOT_TRANSLATED
Sid=S-1-5-18
SidType=0
TaskCategory=None
OpCode=Info
RecordNumber=83349
Keywords=None
Message=Isatap interface Reusable ISATAP Interface {90ABCE23-305A-4BDE-AA39-4FFDA7413134} with address fe80::5efe:10.0.1.14 has been brought up.
12/07/2020 11:44:58 AM
LogName=System
SourceName=Microsoft-Windows-Service Control Manager
EventCode=7036
EventType=4
Type=Information
ComputerName=EC2AMAZ-FD58AG1
TaskCategory=None
OpCode=The operation completed successfully.
RecordNumber=83348
Keywords=Classic
Message=The NetSetupSvc service entered the running state.
12/07/2020 11:44:58 AM
LogName=System
SourceName=Microsoft-Windows-Service Control Manager
EventCode=7036
EventType=4
Type=Information
ComputerName=EC2AMAZ-FD58AG1
TaskCategory=None
OpCode=The operation completed successfully.
RecordNumber=83347
Keywords=Classic
Message=The WinDefend service entered the running state.
12/07/2020 11:44:58 AM
LogName=System
SourceName=Microsoft-Windows-Service Control Manager
EventCode=7026
EventType=4
Type=Information
ComputerName=EC2AMAZ-FD58AG1
TaskCategory=None
OpCode=The operation completed successfully.
RecordNumber=83346
Keywords=Classic
Message=The following boot-start or system-start driver(s) did not load: 
cdrom
dam
12/07/2020 11:44:58 AM
LogName=System
SourceName=Microsoft-Windows-Service Control Manager
EventCode=7036
EventType=4
Type=Information
ComputerName=EC2AMAZ-FD58AG1
TaskCategory=None
OpCode=The operation completed successfully.
RecordNumber=83345
Keywords=Classic
Message=The tiledatamodelsvc service entered the running state.
12/07/2020 11:44:58 AM
LogName=System
SourceName=Microsoft-Windows-Service Control Manager
EventCode=7036
EventType=4
Type=Information
ComputerName=EC2AMAZ-FD58AG1
TaskCategory=None
OpCode=The operation completed successfully.
RecordNumber=83344
Keywords=Classic
Message=The StateRepository service entered the running state.
12/07/2020 11:44:58 AM
LogName=System
SourceName=Microsoft-Windows-Service Control Manager
EventCode=7036
EventType=4
Type=Information
ComputerName=EC2AMAZ-FD58AG1
TaskCategory=None
OpCode=The operation completed successfully.
RecordNumber=83343
Keywords=Classic
Message=The iphlpsvc service entered the running state.
12/07/2020 11:44:58 AM
LogName=System
SourceName=Microsoft-Windows-Service Control Manager
EventCode=7036
EventType=4
Type=Information
ComputerName=EC2AMAZ-FD58AG1
TaskCategory=None
OpCode=The operation completed successfully.
RecordNumber=83342
Keywords=Classic
Message=The WpnService service entered the running state.
12/07/2020 11:44:58 AM
LogName=System
SourceName=Microsoft-Windows-Service Control Manager
EventCode=7036
EventType=4
Type=Information
ComputerName=EC2AMAZ-FD58AG1
TaskCategory=None
OpCode=The operation completed successfully.
RecordNumber=83341
Keywords=Classic
Message=The WinRM service entered the running state.
12/07/2020 11:44:58 AM
LogName=System
SourceName=Microsoft-Windows-Service Control Manager
EventCode=7036
EventType=4
Type=Information
ComputerName=EC2AMAZ-FD58AG1
TaskCategory=None
OpCode=The operation completed successfully.
RecordNumber=83340
Keywords=Classic
Message=The LanmanServer service entered the running state.
12/07/2020 11:44:58 AM
LogName=System
SourceName=Microsoft-Windows-Service Control Manager
EventCode=7036
EventType=4
Type=Information
ComputerName=EC2AMAZ-FD58AG1
TaskCategory=None
OpCode=The operation completed successfully.
RecordNumber=83339
Keywords=Classic
Message=The CryptSvc service entered the running state.
12/07/2020 11:44:58 AM
LogName=System
SourceName=Microsoft-Windows-Service Control Manager
EventCode=7036
EventType=4
Type=Information
ComputerName=EC2AMAZ-FD58AG1
TaskCategory=None
OpCode=The operation completed successfully.
RecordNumber=83338
Keywords=Classic
Message=The MpsSvc service entered the running state.
12/07/2020 11:44:58 AM
LogName=System
SourceName=Microsoft-Windows-Service Control Manager
EventCode=7036
EventType=4
Type=Information
ComputerName=EC2AMAZ-FD58AG1
TaskCategory=None
OpCode=The operation completed successfully.
RecordNumber=83337
Keywords=Classic
Message=The Winmgmt service entered the running state.
12/07/2020 11:44:58 AM
LogName=System
SourceName=Microsoft-Windows-Service Control Manager
EventCode=7036
EventType=4
Type=Information
ComputerName=EC2AMAZ-FD58AG1
TaskCategory=None
OpCode=The operation completed successfully.
RecordNumber=83336
Keywords=Classic
Message=The W32Time service entered the running state.
12/07/2020 11:44:58 AM
LogName=System
SourceName=Microsoft-Windows-Time-Service
EventCode=37
EventType=4
Type=Information
ComputerName=EC2AMAZ-FD58AG1
User=NOT_TRANSLATED
Sid=S-1-5-19
SidType=0
TaskCategory=None
OpCode=Info
RecordNumber=83335
Keywords=None
Message=The time provider NtpClient is currently receiving valid time data from 169.254.169.123,0x9 (ntp.m|0x9|0.0.0.0:123->169.254.169.123:123).
12/07/2020 11:44:58 AM
LogName=System
SourceName=Microsoft-Windows-Service Control Manager
EventCode=7036
EventType=4
Type=Information
ComputerName=EC2AMAZ-FD58AG1
TaskCategory=None
OpCode=The operation completed successfully.
RecordNumber=83334
Keywords=Classic
Message=The RemoteRegistry service entered the running state.
12/07/2020 11:44:58 AM
LogName=System
SourceName=Microsoft-Windows-Service Control Manager
EventCode=7036
EventType=4
Type=Information
ComputerName=EC2AMAZ-FD58AG1
TaskCategory=None
OpCode=The operation completed successfully.
RecordNumber=83333
Keywords=Classic
Message=The AWSLiteAgent service entered the running state.
12/07/2020 11:44:58 AM
LogName=System
SourceName=Microsoft-Windows-Service Control Manager
EventCode=7036
EventType=4
Type=Information
ComputerName=EC2AMAZ-FD58AG1
TaskCategory=None
OpCode=The operation completed successfully.
RecordNumber=83332
Keywords=Classic
Message=The Spooler service entered the running state.
12/07/2020 11:44:58 AM
LogName=System
SourceName=Microsoft-Windows-Service Control Manager
EventCode=7036
EventType=4
Type=Information
ComputerName=EC2AMAZ-FD58AG1
TaskCategory=None
OpCode=The operation completed successfully.
RecordNumber=83331
Keywords=Classic
Message=The PcaSvc service entered the running state.
12/07/2020 11:44:58 AM
LogName=System
SourceName=Microsoft-Windows-Service Control Manager
EventCode=7036
EventType=4
Type=Information
ComputerName=EC2AMAZ-FD58AG1
TaskCategory=None
OpCode=The operation completed successfully.
RecordNumber=83330
Keywords=Classic
Message=The WinHttpAutoProxySvc service entered the running state.
12/07/2020 11:44:58 AM
LogName=System
SourceName=Microsoft-Windows-Service Control Manager
EventCode=7036
EventType=4
Type=Information
ComputerName=EC2AMAZ-FD58AG1
TaskCategory=None
OpCode=The operation completed successfully.
RecordNumber=83329
Keywords=Classic
Message=The TrkWks service entered the running state.
12/07/2020 11:44:58 AM
LogName=System
SourceName=Microsoft-Windows-Service Control Manager
EventCode=7036
EventType=4
Type=Information
ComputerName=EC2AMAZ-FD58AG1
TaskCategory=None
OpCode=The operation completed successfully.
RecordNumber=83328
Keywords=Classic
Message=The UserManager service entered the running state.
12/07/2020 11:44:58 AM
LogName=System
SourceName=Microsoft-Windows-Service Control Manager
EventCode=7036
EventType=4
Type=Information
ComputerName=EC2AMAZ-FD58AG1
TaskCategory=None
OpCode=The operation completed successfully.
RecordNumber=83327
Keywords=Classic
Message=The TimeBrokerSvc service entered the running state.
12/07/2020 11:44:58 AM
LogName=System
SourceName=Microsoft-Windows-Service Control Manager
EventCode=7036
EventType=4
Type=Information
ComputerName=EC2AMAZ-FD58AG1
TaskCategory=None
OpCode=The operation completed successfully.
RecordNumber=83326
Keywords=Classic
Message=The SessionEnv service entered the running state.
12/07/2020 11:44:58 AM
LogName=System
SourceName=Microsoft-Windows-Service Control Manager
EventCode=7036
EventType=4
Type=Information
ComputerName=EC2AMAZ-FD58AG1
TaskCategory=None
OpCode=The operation completed successfully.
RecordNumber=83325
Keywords=Classic
Message=The Schedule service entered the running state.
12/07/2020 11:44:58 AM
LogName=System
SourceName=Microsoft-Windows-Service Control Manager
EventCode=7036
EventType=4
Type=Information
ComputerName=EC2AMAZ-FD58AG1
TaskCategory=None
OpCode=The operation completed successfully.
RecordNumber=83324
Keywords=Classic
Message=The SamSs service entered the running state.
12/07/2020 11:44:58 AM
LogName=System
SourceName=Microsoft-Windows-Service Control Manager
EventCode=7036
EventType=4
Type=Information
ComputerName=EC2AMAZ-FD58AG1
TaskCategory=None
OpCode=The operation completed successfully.
RecordNumber=83323
Keywords=Classic
Message=The CertPropSvc service entered the running state.
12/07/2020 11:44:58 AM
LogName=System
SourceName=Microsoft-Windows-Service Control Manager
EventCode=7036
EventType=4
Type=Information
ComputerName=EC2AMAZ-FD58AG1
TaskCategory=None
OpCode=The operation completed successfully.
RecordNumber=83322
Keywords=Classic
Message=The BFE service entered the running state.
12/07/2020 11:44:58 AM
LogName=System
SourceName=Microsoft-Windows-Windows Remote Management
EventCode=10148
EventType=4
Type=Information
ComputerName=EC2AMAZ-FD58AG1
TaskCategory=None
OpCode=Info
RecordNumber=83261
Keywords=Classic
Message=The WinRM service is listening for WS-Management requests. 

 User Action 
 Use the following command to see the specific IPs on which WinRM is listening: 

 winrm enumerate winrm/config/listener
12/07/2020 11:45:02 AM
LogName=System
SourceName=Microsoft-Windows-Service Control Manager
EventCode=7036
EventType=4
Type=Information
ComputerName=EC2AMAZ-FD58AG1
TaskCategory=None
OpCode=The operation completed successfully.
RecordNumber=83351
Keywords=Classic
Message=The wuauserv service entered the running state.
12/07/2020 11:45:02 AM
LogName=System
SourceName=Microsoft-Windows-Service Control Manager
EventCode=7036
EventType=4
Type=Information
ComputerName=EC2AMAZ-FD58AG1
TaskCategory=None
OpCode=The operation completed successfully.
RecordNumber=83350
Keywords=Classic
Message=The DeviceInstall service entered the running state.
12/07/2020 11:45:05 AM
LogName=System
SourceName=Microsoft-Windows-Service Control Manager
EventCode=7036
EventType=4
Type=Information
ComputerName=EC2AMAZ-FD58AG1
TaskCategory=None
OpCode=The operation completed successfully.
RecordNumber=83353
Keywords=Classic
Message=The WdNisSvc service entered the running state.
12/07/2020 11:45:05 AM
LogName=System
SourceName=Microsoft-Windows-Service Control Manager
EventCode=7036
EventType=4
Type=Information
ComputerName=EC2AMAZ-FD58AG1
TaskCategory=None
OpCode=The operation completed successfully.
RecordNumber=83352
Keywords=Classic
Message=The TrustedInstaller service entered the running state.
12/07/2020 11:45:35 AM
LogName=System
SourceName=Microsoft-Windows-Service Control Manager
EventCode=7036
EventType=4
Type=Information
ComputerName=EC2AMAZ-FD58AG1
TaskCategory=None
OpCode=The operation completed successfully.
RecordNumber=83355
Keywords=Classic
Message=The vds service entered the running state.
12/07/2020 11:45:35 AM
LogName=System
SourceName=Virtual Disk Service
EventCode=3
EventType=4
Type=Information
ComputerName=EC2AMAZ-FD58AG1
TaskCategory=None
OpCode=None
RecordNumber=83354
Keywords=Classic
Message=Service started.
12/07/2020 11:45:38 AM
LogName=System
SourceName=Microsoft-Windows-UserModePowerService
EventCode=12
EventType=4
Type=Information
ComputerName=EC2AMAZ-FD58AG1
User=NOT_TRANSLATED
Sid=S-1-5-18
SidType=0
TaskCategory=10
OpCode=Info
RecordNumber=83356
Keywords=None
Message=Process C:\Windows\System32\powercfg.exe (process ID:3980) reset policy scheme from {8C5E7FDA-E8BF-4A96-9A85-A6E23A8C635C} to {8C5E7FDA-E8BF-4A96-9A85-A6E23A8C635C}
12/07/2020 11:45:40 AM
LogName=System
SourceName=Microsoft-Windows-Service Control Manager
EventCode=7040
EventType=4
Type=Information
ComputerName=EC2AMAZ-FD58AG1
User=NOT_TRANSLATED
Sid=S-1-5-18
SidType=0
TaskCategory=None
OpCode=The operation completed successfully.
RecordNumber=83357
Keywords=Classic
Message=The start type of the Amazon SSM Agent service was changed from disabled to auto start.
12/07/2020 11:45:44 AM
LogName=System
SourceName=Microsoft-Windows-DistributedCOM
EventCode=10016
EventType=2
Type=Error
ComputerName=EC2AMAZ-FD58AG1
User=NOT_TRANSLATED
Sid=S-1-5-21-3911646319-387810913-1839908539-500
SidType=0
TaskCategory=None
OpCode=Info
RecordNumber=83358
Keywords=Classic
Message=The application-specific permission settings do not grant Local Activation permission for the COM Server application with CLSID 
{D63B10C5-BB46-4990-A94F-E40B9D520160}
 and APPID 
{9CA88EE3-ACB7-47C8-AFC4-AB702511C276}
 to the user EC2AMAZ-FD58AG1\Administrator SID (S-1-5-21-3911646319-387810913-1839908539-500) from address LocalHost (Using LRPC) running in the application container Unavailable SID (Unavailable). This security permission can be modified using the Component Services administrative tool.
12/07/2020 11:45:47 AM
LogName=System
SourceName=Microsoft-Windows-Service Control Manager
EventCode=7036
EventType=4
Type=Information
ComputerName=EC2AMAZ-FD58AG1
TaskCategory=None
OpCode=The operation completed successfully.
RecordNumber=83359
Keywords=Classic
Message=The CNG Key Isolation service entered the running state.
12/07/2020 11:45:48 AM
LogName=System
SourceName=Microsoft-Windows-HttpEvent
EventCode=15007
EventType=4
Type=Information
ComputerName=EC2AMAZ-FD58AG1
TaskCategory=None
OpCode=The operation completed successfully.
RecordNumber=83362
Keywords=Classic
Message=Reservation for namespace identified by URL prefix https://+:5986/wsman/ was successfully added.
12/07/2020 11:45:48 AM
LogName=System
SourceName=Microsoft-Windows-HttpEvent
EventCode=15008
EventType=4
Type=Information
ComputerName=EC2AMAZ-FD58AG1
TaskCategory=None
OpCode=The operation completed successfully.
RecordNumber=83361
Keywords=Classic
Message=Reservation for namespace identified by URL prefix https://+:5986/wsman/ was successfully deleted.
12/07/2020 11:45:48 AM
LogName=System
SourceName=Microsoft-Windows-Service Control Manager
EventCode=7036
EventType=4
Type=Information
ComputerName=EC2AMAZ-FD58AG1
TaskCategory=None
OpCode=The operation completed successfully.
RecordNumber=83360
Keywords=Classic
Message=The Microsoft Passport service entered the running state.
12/07/2020 11:45:49 AM
LogName=System
SourceName=Microsoft-Windows-HttpEvent
EventCode=15301
EventType=3
Type=Warning
ComputerName=EC2AMAZ-FD58AG1
TaskCategory=None
OpCode=The operation completed successfully.
RecordNumber=83363
Keywords=Classic
Message=SSL Certificate Settings created by an admin process for endpoint : 0.0.0.0:5986 .
12/07/2020 11:45:50 AM
LogName=System
SourceName=Microsoft-Windows-DistributedCOM
EventCode=10016
EventType=2
Type=Error
ComputerName=EC2AMAZ-FD58AG1
User=NOT_TRANSLATED
Sid=S-1-5-21-3911646319-387810913-1839908539-500
SidType=0
TaskCategory=None
OpCode=Info
RecordNumber=83365
Keywords=Classic
Message=The application-specific permission settings do not grant Local Activation permission for the COM Server application with CLSID 
{D63B10C5-BB46-4990-A94F-E40B9D520160}
 and APPID 
{9CA88EE3-ACB7-47C8-AFC4-AB702511C276}
 to the user EC2AMAZ-FD58AG1\Administrator SID (S-1-5-21-3911646319-387810913-1839908539-500) from address LocalHost (Using LRPC) running in the application container Unavailable SID (Unavailable). This security permission can be modified using the Component Services administrative tool.
12/07/2020 11:45:50 AM
LogName=System
SourceName=Microsoft-Windows-Service Control Manager
EventCode=7036
EventType=4
Type=Information
ComputerName=EC2AMAZ-FD58AG1
TaskCategory=None
OpCode=The operation completed successfully.
RecordNumber=83364
Keywords=Classic
Message=The IPsec Policy Agent service entered the running state.
12/07/2020 11:45:51 AM
LogName=System
SourceName=Microsoft-Windows-DistributedCOM
EventCode=10016
EventType=2
Type=Error
ComputerName=EC2AMAZ-FD58AG1
User=NOT_TRANSLATED
Sid=S-1-5-21-3911646319-387810913-1839908539-500
SidType=0
TaskCategory=None
OpCode=Info
RecordNumber=83368
Keywords=Classic
Message=The application-specific permission settings do not grant Local Activation permission for the COM Server application with CLSID 
{D63B10C5-BB46-4990-A94F-E40B9D520160}
 and APPID 
{9CA88EE3-ACB7-47C8-AFC4-AB702511C276}
 to the user EC2AMAZ-FD58AG1\Administrator SID (S-1-5-21-3911646319-387810913-1839908539-500) from address LocalHost (Using LRPC) running in the application container Unavailable SID (Unavailable). This security permission can be modified using the Component Services administrative tool.
12/07/2020 11:45:51 AM
LogName=System
SourceName=Microsoft-Windows-DistributedCOM
EventCode=10016
EventType=2
Type=Error
ComputerName=EC2AMAZ-FD58AG1
User=NOT_TRANSLATED
Sid=S-1-5-21-3911646319-387810913-1839908539-500
SidType=0
TaskCategory=None
OpCode=Info
RecordNumber=83367
Keywords=Classic
Message=The application-specific permission settings do not grant Local Activation permission for the COM Server application with CLSID 
{D63B10C5-BB46-4990-A94F-E40B9D520160}
 and APPID 
{9CA88EE3-ACB7-47C8-AFC4-AB702511C276}
 to the user EC2AMAZ-FD58AG1\Administrator SID (S-1-5-21-3911646319-387810913-1839908539-500) from address LocalHost (Using LRPC) running in the application container Unavailable SID (Unavailable). This security permission can be modified using the Component Services administrative tool.
12/07/2020 11:45:51 AM
LogName=System
SourceName=Microsoft-Windows-DistributedCOM
EventCode=10016
EventType=2
Type=Error
ComputerName=EC2AMAZ-FD58AG1
User=NOT_TRANSLATED
Sid=S-1-5-21-3911646319-387810913-1839908539-500
SidType=0
TaskCategory=None
OpCode=Info
RecordNumber=83366
Keywords=Classic
Message=The application-specific permission settings do not grant Local Activation permission for the COM Server application with CLSID 
{D63B10C5-BB46-4990-A94F-E40B9D520160}
 and APPID 
{9CA88EE3-ACB7-47C8-AFC4-AB702511C276}
 to the user EC2AMAZ-FD58AG1\Administrator SID (S-1-5-21-3911646319-387810913-1839908539-500) from address LocalHost (Using LRPC) running in the application container Unavailable SID (Unavailable). This security permission can be modified using the Component Services administrative tool.
12/07/2020 11:45:52 AM
LogName=System
SourceName=Microsoft-Windows-DistributedCOM
EventCode=10016
EventType=2
Type=Error
ComputerName=EC2AMAZ-FD58AG1
User=NOT_TRANSLATED
Sid=S-1-5-21-3911646319-387810913-1839908539-500
SidType=0
TaskCategory=None
OpCode=Info
RecordNumber=83371
Keywords=Classic
Message=The application-specific permission settings do not grant Local Activation permission for the COM Server application with CLSID 
{D63B10C5-BB46-4990-A94F-E40B9D520160}
 and APPID 
{9CA88EE3-ACB7-47C8-AFC4-AB702511C276}
 to the user EC2AMAZ-FD58AG1\Administrator SID (S-1-5-21-3911646319-387810913-1839908539-500) from address LocalHost (Using LRPC) running in the application container Unavailable SID (Unavailable). This security permission can be modified using the Component Services administrative tool.
12/07/2020 11:45:52 AM
LogName=System
SourceName=Microsoft-Windows-DistributedCOM
EventCode=10016
EventType=2
Type=Error
ComputerName=EC2AMAZ-FD58AG1
User=NOT_TRANSLATED
Sid=S-1-5-21-3911646319-387810913-1839908539-500
SidType=0
TaskCategory=None
OpCode=Info
RecordNumber=83370
Keywords=Classic
Message=The application-specific permission settings do not grant Local Activation permission for the COM Server application with CLSID 
{D63B10C5-BB46-4990-A94F-E40B9D520160}
 and APPID 
{9CA88EE3-ACB7-47C8-AFC4-AB702511C276}
 to the user EC2AMAZ-FD58AG1\Administrator SID (S-1-5-21-3911646319-387810913-1839908539-500) from address LocalHost (Using LRPC) running in the application container Unavailable SID (Unavailable). This security permission can be modified using the Component Services administrative tool.
12/07/2020 11:45:52 AM
LogName=System
SourceName=Microsoft-Windows-DistributedCOM
EventCode=10016
EventType=2
Type=Error
ComputerName=EC2AMAZ-FD58AG1
User=NOT_TRANSLATED
Sid=S-1-5-21-3911646319-387810913-1839908539-500
SidType=0
TaskCategory=None
OpCode=Info
RecordNumber=83369
Keywords=Classic
Message=The application-specific permission settings do not grant Local Activation permission for the COM Server application with CLSID 
{D63B10C5-BB46-4990-A94F-E40B9D520160}
 and APPID 
{9CA88EE3-ACB7-47C8-AFC4-AB702511C276}
 to the user EC2AMAZ-FD58AG1\Administrator SID (S-1-5-21-3911646319-387810913-1839908539-500) from address LocalHost (Using LRPC) running in the application container Unavailable SID (Unavailable). This security permission can be modified using the Component Services administrative tool.
12/07/2020 11:45:53 AM
LogName=System
SourceName=Microsoft-Windows-Service Control Manager
EventCode=7036
EventType=4
Type=Information
ComputerName=EC2AMAZ-FD58AG1
TaskCategory=None
OpCode=The operation completed successfully.
RecordNumber=83373
Keywords=Classic
Message=The Amazon SSM Agent service entered the running state.
12/07/2020 11:45:53 AM
LogName=System
SourceName=Microsoft-Windows-DistributedCOM
EventCode=10016
EventType=2
Type=Error
ComputerName=EC2AMAZ-FD58AG1
User=NOT_TRANSLATED
Sid=S-1-5-21-3911646319-387810913-1839908539-500
SidType=0
TaskCategory=None
OpCode=Info
RecordNumber=83372
Keywords=Classic
Message=The application-specific permission settings do not grant Local Activation permission for the COM Server application with CLSID 
{D63B10C5-BB46-4990-A94F-E40B9D520160}
 and APPID 
{9CA88EE3-ACB7-47C8-AFC4-AB702511C276}
 to the user EC2AMAZ-FD58AG1\Administrator SID (S-1-5-21-3911646319-387810913-1839908539-500) from address LocalHost (Using LRPC) running in the application container Unavailable SID (Unavailable). This security permission can be modified using the Component Services administrative tool.
12/07/2020 11:45:55 AM
LogName=System
SourceName=Microsoft-Windows-DistributedCOM
EventCode=10016
EventType=2
Type=Error
ComputerName=EC2AMAZ-FD58AG1
User=NOT_TRANSLATED
Sid=S-1-5-21-3911646319-387810913-1839908539-500
SidType=0
TaskCategory=None
OpCode=Info
RecordNumber=83374
Keywords=Classic
Message=The application-specific permission settings do not grant Local Activation permission for the COM Server application with CLSID 
{D63B10C5-BB46-4990-A94F-E40B9D520160}
 and APPID 
{9CA88EE3-ACB7-47C8-AFC4-AB702511C276}
 to the user EC2AMAZ-FD58AG1\Administrator SID (S-1-5-21-3911646319-387810913-1839908539-500) from address LocalHost (Using LRPC) running in the application container Unavailable SID (Unavailable). This security permission can be modified using the Component Services administrative tool.
