12/07/2020 09:44:19 AM
LogName=System
SourceName=Microsoft-Windows-Kernel-Boot
EventCode=32
EventType=4
Type=Information
ComputerName=EC2AMAZ-O5EOQ54
User=NOT_TRANSLATED
Sid=S-1-5-18
SidType=0
TaskCategory=None
OpCode=Info
RecordNumber=82974
Keywords=None
Message=The bootmgr spent 0 ms waiting for user input.
12/07/2020 09:44:19 AM
LogName=System
SourceName=Microsoft-Windows-Kernel-Boot
EventCode=18
EventType=4
Type=Information
ComputerName=EC2AMAZ-O5EOQ54
User=NOT_TRANSLATED
Sid=S-1-5-18
SidType=0
TaskCategory=None
OpCode=Info
RecordNumber=82973
Keywords=None
Message=There are 0x1 boot options on this system.
12/07/2020 09:44:19 AM
LogName=System
SourceName=Microsoft-Windows-Kernel-Boot
EventCode=25
EventType=4
Type=Information
ComputerName=EC2AMAZ-O5EOQ54
User=NOT_TRANSLATED
Sid=S-1-5-18
SidType=0
TaskCategory=32
OpCode=Info
RecordNumber=82972
Keywords=None
Message=The boot menu policy was 0x0.
12/07/2020 09:44:19 AM
LogName=System
SourceName=Microsoft-Windows-Kernel-Boot
EventCode=27
EventType=4
Type=Information
ComputerName=EC2AMAZ-O5EOQ54
User=NOT_TRANSLATED
Sid=S-1-5-18
SidType=0
TaskCategory=33
OpCode=Info
RecordNumber=82971
Keywords=None
Message=The boot type was 0x0.
12/07/2020 09:44:19 AM
LogName=System
SourceName=Microsoft-Windows-Kernel-Boot
EventCode=20
EventType=4
Type=Information
ComputerName=EC2AMAZ-O5EOQ54
User=NOT_TRANSLATED
Sid=S-1-5-18
SidType=0
TaskCategory=31
OpCode=Info
RecordNumber=82970
Keywords=None
Message=The last shutdown's success status was true. The last boot's success status was true.
12/07/2020 09:44:19 AM
LogName=System
SourceName=Microsoft-Windows-Kernel-Boot
EventCode=153
EventType=4
Type=Information
ComputerName=EC2AMAZ-O5EOQ54
User=NOT_TRANSLATED
Sid=S-1-5-18
SidType=0
TaskCategory=None
OpCode=Info
RecordNumber=82969
Keywords=None
Message=The Virtualization Based Security (policies: 0) is disabled with status STATUS_SUCCESS.
12/07/2020 09:44:19 AM
LogName=System
SourceName=Microsoft-Windows-Kernel-General
EventCode=12
EventType=4
Type=Information
ComputerName=EC2AMAZ-O5EOQ54
User=NOT_TRANSLATED
Sid=S-1-5-18
SidType=0
TaskCategory=1
OpCode=Info
RecordNumber=82968
Keywords=None
Message=The operating system started at system time ‎2020‎-‎12‎-‎07T09:44:19.484654100Z.
12/07/2020 09:44:24 AM
LogName=System
SourceName=Microsoft-Windows-Kernel-General
EventCode=15
EventType=4
Type=Information
ComputerName=EC2AMAZ-O5EOQ54
User=NOT_TRANSLATED
Sid=S-1-5-18
SidType=0
TaskCategory=None
OpCode=Info
RecordNumber=82984
Keywords=None
Message=Hive \SystemRoot\System32\config\DRIVERS was reorganized with a starting size of 5177344 bytes and an ending size of 5169152 bytes.
12/07/2020 09:44:24 AM
LogName=System
SourceName=Microsoft-Windows-Kernel-Processor-Power
EventCode=55
EventType=4
Type=Information
ComputerName=EC2AMAZ-O5EOQ54
User=NOT_TRANSLATED
Sid=S-1-5-18
SidType=0
TaskCategory=47
OpCode=Info
RecordNumber=82983
Keywords=None
Message=Processor 1 in group 0 exposes the following power management capabilities:

Idle state type: ACPI Idle (C) States (1 state(s))

Performance state type: None
Nominal Frequency (MHz): 2300
Maximum performance percentage: 100
Minimum performance percentage: 100
Minimum throttle percentage: 100
12/07/2020 09:44:24 AM
LogName=System
SourceName=Microsoft-Windows-Kernel-Processor-Power
EventCode=55
EventType=4
Type=Information
ComputerName=EC2AMAZ-O5EOQ54
User=NOT_TRANSLATED
Sid=S-1-5-18
SidType=0
TaskCategory=47
OpCode=Info
RecordNumber=82982
Keywords=None
Message=Processor 0 in group 0 exposes the following power management capabilities:

Idle state type: ACPI Idle (C) States (1 state(s))

Performance state type: None
Nominal Frequency (MHz): 2300
Maximum performance percentage: 100
Minimum performance percentage: 100
Minimum throttle percentage: 100
12/07/2020 09:44:24 AM
LogName=System
SourceName=Microsoft-Windows-Kernel-Power
EventCode=172
EventType=4
Type=Information
ComputerName=EC2AMAZ-O5EOQ54
User=NOT_TRANSLATED
Sid=S-1-5-18
SidType=0
TaskCategory=203
OpCode=Info
RecordNumber=82981
Keywords=None
Message=Connectivity state in standby: Disconnected, Reason: NIC compliance
12/07/2020 09:44:24 AM
LogName=System
SourceName=Microsoft-Windows-FilterManager
EventCode=6
EventType=4
Type=Information
ComputerName=EC2AMAZ-O5EOQ54
User=NOT_TRANSLATED
Sid=S-1-5-18
SidType=0
TaskCategory=None
OpCode=Info
RecordNumber=82980
Keywords=None
Message=File System Filter 'npsvctrig' (10.0, ‎2016‎-‎07‎-‎16T02:28:33.000000000Z) has successfully loaded and registered with Filter Manager.
12/07/2020 09:44:24 AM
LogName=System
SourceName=Microsoft-Windows-FilterManager
EventCode=6
EventType=4
Type=Information
ComputerName=EC2AMAZ-O5EOQ54
User=NOT_TRANSLATED
Sid=S-1-5-18
SidType=0
TaskCategory=None
OpCode=Info
RecordNumber=82979
Keywords=None
Message=File System Filter 'FileCrypt' (10.0, ‎2018‎-‎08‎-‎30T20:44:27.000000000Z) has successfully loaded and registered with Filter Manager.
12/07/2020 09:44:24 AM
LogName=System
SourceName=Microsoft-Windows-Ntfs
EventCode=98
EventType=4
Type=Information
ComputerName=EC2AMAZ-O5EOQ54
User=NOT_TRANSLATED
Sid=S-1-5-18
SidType=0
TaskCategory=None
OpCode=Info
RecordNumber=82978
Keywords=None
Message=Volume \\?\Volume{9d191d6c-0000-0000-0000-100000000000} (\Device\HarddiskVolume1) is healthy.  No action is needed.
12/07/2020 09:44:24 AM
LogName=System
SourceName=Microsoft-Windows-FilterManager
EventCode=6
EventType=4
Type=Information
ComputerName=EC2AMAZ-O5EOQ54
User=NOT_TRANSLATED
Sid=S-1-5-18
SidType=0
TaskCategory=None
OpCode=Info
RecordNumber=82976
Keywords=None
Message=File System Filter 'WdFilter' (10.0, ‎1980‎-‎09‎-‎07T16:46:06.000000000Z) has successfully loaded and registered with Filter Manager.
12/07/2020 09:44:24 AM
LogName=System
SourceName=Microsoft-Windows-FilterManager
EventCode=6
EventType=4
Type=Information
ComputerName=EC2AMAZ-O5EOQ54
User=NOT_TRANSLATED
Sid=S-1-5-18
SidType=0
TaskCategory=None
OpCode=Info
RecordNumber=82975
Keywords=None
Message=File System Filter 'Wof' (10.0, ‎2019‎-‎09‎-‎29T22:52:46.000000000Z) has successfully loaded and registered with Filter Manager.
12/07/2020 09:44:25 AM
LogName=System
SourceName=Microsoft-Windows-Kernel-General
EventCode=16
EventType=4
Type=Information
ComputerName=EC2AMAZ-O5EOQ54
User=NOT_TRANSLATED
Sid=S-1-5-18
SidType=0
TaskCategory=None
OpCode=Info
RecordNumber=82985
Keywords=None
Message=The access history in hive \Device\HarddiskVolume1\Boot\BCD was cleared updating 49 keys and creating 4 modified pages.
12/07/2020 09:44:26 AM
LogName=System
SourceName=Microsoft-Windows-Kernel-General
EventCode=16
EventType=4
Type=Information
ComputerName=EC2AMAZ-O5EOQ54
User=NOT_TRANSLATED
Sid=S-1-5-18
SidType=0
TaskCategory=None
OpCode=Info
RecordNumber=82988
Keywords=None
Message=The access history in hive \SystemRoot\System32\Config\SECURITY was cleared updating 83 keys and creating 4 modified pages.
12/07/2020 09:44:26 AM
LogName=System
SourceName=Microsoft-Windows-Kernel-General
EventCode=16
EventType=4
Type=Information
ComputerName=EC2AMAZ-O5EOQ54
User=NOT_TRANSLATED
Sid=S-1-5-18
SidType=0
TaskCategory=None
OpCode=Info
RecordNumber=82987
Keywords=None
Message=The access history in hive \SystemRoot\System32\Config\DEFAULT was cleared updating 282 keys and creating 42 modified pages.
12/07/2020 09:44:26 AM
LogName=System
SourceName=Microsoft-Windows-Kernel-General
EventCode=15
EventType=4
Type=Information
ComputerName=EC2AMAZ-O5EOQ54
User=NOT_TRANSLATED
Sid=S-1-5-18
SidType=0
TaskCategory=None
OpCode=Info
RecordNumber=82986
Keywords=None
Message=Hive \SystemRoot\System32\Config\SOFTWARE was reorganized with a starting size of 89092096 bytes and an ending size of 78790656 bytes.
12/07/2020 09:44:27 AM
LogName=System
SourceName=Microsoft-Windows-Kernel-General
EventCode=16
EventType=4
Type=Information
ComputerName=EC2AMAZ-O5EOQ54
User=NOT_TRANSLATED
Sid=S-1-5-18
SidType=0
TaskCategory=None
OpCode=Info
RecordNumber=82989
Keywords=None
Message=The access history in hive \SystemRoot\System32\Config\SAM was cleared updating 85 keys and creating 8 modified pages.
12/07/2020 09:44:34 AM
LogName=System
SourceName=Microsoft-Windows-Kernel-General
EventCode=16
EventType=4
Type=Information
ComputerName=EC2AMAZ-O5EOQ54
User=NOT_TRANSLATED
Sid=S-1-5-18
SidType=0
TaskCategory=None
OpCode=Info
RecordNumber=82990
Keywords=None
Message=The access history in hive \??\C:\Windows\ServiceProfiles\LocalService\NTUSER.DAT was cleared updating 621 keys and creating 34 modified pages.
12/07/2020 09:44:36 AM
LogName=System
SourceName=Microsoft-Windows-Kernel-General
EventCode=16
EventType=4
Type=Information
ComputerName=EC2AMAZ-O5EOQ54
User=NOT_TRANSLATED
Sid=S-1-5-18
SidType=0
TaskCategory=None
OpCode=Info
RecordNumber=82994
Keywords=None
Message=The access history in hive \??\C:\Users\Default\NTUSER.DAT was cleared updating 1950 keys and creating 136 modified pages.
12/07/2020 09:44:36 AM
LogName=System
SourceName=Microsoft-Windows-Kernel-General
EventCode=16
EventType=4
Type=Information
ComputerName=EC2AMAZ-O5EOQ54
User=NOT_TRANSLATED
Sid=S-1-5-18
SidType=0
TaskCategory=None
OpCode=Info
RecordNumber=82993
Keywords=None
Message=The access history in hive \??\C:\Users\Administrator\AppData\Local\Microsoft\Windows\UsrClass.dat was cleared updating 842 keys and creating 113 modified pages.
12/07/2020 09:44:36 AM
LogName=System
SourceName=Microsoft-Windows-Kernel-General
EventCode=16
EventType=4
Type=Information
ComputerName=EC2AMAZ-O5EOQ54
User=NOT_TRANSLATED
Sid=S-1-5-18
SidType=0
TaskCategory=None
OpCode=Info
RecordNumber=82992
Keywords=None
Message=The access history in hive \??\C:\Users\Administrator\NTUSER.DAT was cleared updating 1952 keys and creating 135 modified pages.
12/07/2020 09:44:36 AM
LogName=System
SourceName=Microsoft-Windows-Kernel-General
EventCode=16
EventType=4
Type=Information
ComputerName=EC2AMAZ-O5EOQ54
User=NOT_TRANSLATED
Sid=S-1-5-18
SidType=0
TaskCategory=None
OpCode=Info
RecordNumber=82991
Keywords=None
Message=The access history in hive \??\C:\Windows\ServiceProfiles\NetworkService\NTUSER.DAT was cleared updating 627 keys and creating 37 modified pages.
12/07/2020 09:44:50 AM
LogName=System
SourceName=Microsoft-Windows-Wininit
EventCode=14
EventType=4
Type=Information
ComputerName=EC2AMAZ-O5EOQ54
User=NOT_TRANSLATED
Sid=S-1-5-18
SidType=0
TaskCategory=None
OpCode=Info
RecordNumber=82995
Keywords=None
Message=Credential Guard (LsaIso.exe) configuration: 0x0, 0
12/07/2020 09:44:51 AM
LogName=System
SourceName=Microsoft-Windows-Service Control Manager
EventCode=7036
EventType=4
Type=Information
ComputerName=EC2AMAZ-O5EOQ54
TaskCategory=None
OpCode=The operation completed successfully.
RecordNumber=83001
Keywords=Classic
Message=The RpcSs service entered the running state.
12/07/2020 09:44:51 AM
LogName=System
SourceName=Microsoft-Windows-Service Control Manager
EventCode=7036
EventType=4
Type=Information
ComputerName=EC2AMAZ-O5EOQ54
TaskCategory=None
OpCode=The operation completed successfully.
RecordNumber=83000
Keywords=Classic
Message=The RpcEptMapper service entered the running state.
12/07/2020 09:44:51 AM
LogName=System
SourceName=Microsoft-Windows-Service Control Manager
EventCode=7036
EventType=4
Type=Information
ComputerName=EC2AMAZ-O5EOQ54
TaskCategory=None
OpCode=The operation completed successfully.
RecordNumber=82999
Keywords=Classic
Message=The DcomLaunch service entered the running state.
12/07/2020 09:44:51 AM
LogName=System
SourceName=Microsoft-Windows-Service Control Manager
EventCode=7036
EventType=4
Type=Information
ComputerName=EC2AMAZ-O5EOQ54
TaskCategory=None
OpCode=The operation completed successfully.
RecordNumber=82998
Keywords=Classic
Message=The Power service entered the running state.
12/07/2020 09:44:51 AM
LogName=System
SourceName=Microsoft-Windows-Service Control Manager
EventCode=7036
EventType=4
Type=Information
ComputerName=EC2AMAZ-O5EOQ54
TaskCategory=None
OpCode=The operation completed successfully.
RecordNumber=82997
Keywords=Classic
Message=The PlugPlay service entered the running state.
12/07/2020 09:44:51 AM
LogName=System
SourceName=Microsoft-Windows-Directory-Services-SAM
EventCode=16962
EventType=4
Type=Information
ComputerName=EC2AMAZ-O5EOQ54
User=NOT_TRANSLATED
Sid=S-1-5-18
SidType=0
TaskCategory=None
OpCode=Info
RecordNumber=82996
Keywords=None
Message=Remote calls to the SAM database are being restricted using the default security descriptor: O:SYG:SYD:(A;;RC;;;BA).
For more information please see http://go.microsoft.com/fwlink/?LinkId=787651.
12/07/2020 09:44:52 AM
LogName=System
SourceName=Microsoft-Windows-Service Control Manager
EventCode=7036
EventType=4
Type=Information
ComputerName=EC2AMAZ-O5EOQ54
TaskCategory=None
OpCode=The operation completed successfully.
RecordNumber=83009
Keywords=Classic
Message=The StateRepository service entered the running state.
12/07/2020 09:44:52 AM
LogName=System
SourceName=Microsoft-Windows-Service Control Manager
EventCode=7036
EventType=4
Type=Information
ComputerName=EC2AMAZ-O5EOQ54
TaskCategory=None
OpCode=The operation completed successfully.
RecordNumber=83008
Keywords=Classic
Message=The dmwappushservice service entered the running state.
12/07/2020 09:44:52 AM
LogName=System
SourceName=Microsoft-Windows-Service Control Manager
EventCode=7036
EventType=4
Type=Information
ComputerName=EC2AMAZ-O5EOQ54
TaskCategory=None
OpCode=The operation completed successfully.
RecordNumber=83007
Keywords=Classic
Message=The CoreMessagingRegistrar service entered the running state.
12/07/2020 09:44:52 AM
LogName=System
SourceName=Microsoft-Windows-Service Control Manager
EventCode=7036
EventType=4
Type=Information
ComputerName=EC2AMAZ-O5EOQ54
TaskCategory=None
OpCode=The operation completed successfully.
RecordNumber=83006
Keywords=Classic
Message=The NetSetupSvc service entered the running state.
12/07/2020 09:44:52 AM
LogName=System
SourceName=Microsoft-Windows-Service Control Manager
EventCode=7036
EventType=4
Type=Information
ComputerName=EC2AMAZ-O5EOQ54
TaskCategory=None
OpCode=The operation completed successfully.
RecordNumber=83005
Keywords=Classic
Message=The DeviceInstall service entered the running state.
12/07/2020 09:44:52 AM
LogName=System
SourceName=Microsoft-Windows-Service Control Manager
EventCode=7036
EventType=4
Type=Information
ComputerName=EC2AMAZ-O5EOQ54
TaskCategory=None
OpCode=The operation completed successfully.
RecordNumber=83004
Keywords=Classic
Message=The SystemEventsBroker service entered the running state.
12/07/2020 09:44:52 AM
LogName=System
SourceName=Microsoft-Windows-Service Control Manager
EventCode=7036
EventType=4
Type=Information
ComputerName=EC2AMAZ-O5EOQ54
TaskCategory=None
OpCode=The operation completed successfully.
RecordNumber=83003
Keywords=Classic
Message=The sppsvc service entered the running state.
12/07/2020 09:44:52 AM
LogName=System
SourceName=Microsoft-Windows-Service Control Manager
EventCode=7036
EventType=4
Type=Information
ComputerName=EC2AMAZ-O5EOQ54
TaskCategory=None
OpCode=The operation completed successfully.
RecordNumber=83002
Keywords=Classic
Message=The LSM service entered the running state.
12/07/2020 09:44:53 AM
LogName=System
SourceName=Microsoft-Windows-Service Control Manager
EventCode=7036
EventType=4
Type=Information
ComputerName=EC2AMAZ-O5EOQ54
TaskCategory=None
OpCode=The operation completed successfully.
RecordNumber=83011
Keywords=Classic
Message=The tiledatamodelsvc service entered the running state.
12/07/2020 09:44:53 AM
LogName=System
SourceName=Microsoft-Windows-Service Control Manager
EventCode=7036
EventType=4
Type=Information
ComputerName=EC2AMAZ-O5EOQ54
TaskCategory=None
OpCode=The operation completed successfully.
RecordNumber=83010
Keywords=Classic
Message=The AppXSvc service entered the running state.
12/07/2020 09:44:58 AM
LogName=System
SourceName=Microsoft-Windows-Service Control Manager
EventCode=7036
EventType=4
Type=Information
ComputerName=EC2AMAZ-O5EOQ54
TaskCategory=None
OpCode=The operation completed successfully.
RecordNumber=83032
Keywords=Classic
Message=The BFE service entered the running state.
12/07/2020 09:44:58 AM
LogName=System
SourceName=Microsoft-Windows-Service Control Manager
EventCode=7036
EventType=4
Type=Information
ComputerName=EC2AMAZ-O5EOQ54
TaskCategory=None
OpCode=The operation completed successfully.
RecordNumber=83031
Keywords=Classic
Message=The Wcmsvc service entered the running state.
12/07/2020 09:44:58 AM
LogName=System
SourceName=Microsoft-Windows-Service Control Manager
EventCode=7036
EventType=4
Type=Information
ComputerName=EC2AMAZ-O5EOQ54
TaskCategory=None
OpCode=The operation completed successfully.
RecordNumber=83030
Keywords=Classic
Message=The FontCache service entered the running state.
12/07/2020 09:44:58 AM
LogName=System
SourceName=Microsoft-Windows-Service Control Manager
EventCode=7036
EventType=4
Type=Information
ComputerName=EC2AMAZ-O5EOQ54
TaskCategory=None
OpCode=The operation completed successfully.
RecordNumber=83029
Keywords=Classic
Message=The ShellHWDetection service entered the running state.
12/07/2020 09:44:58 AM
LogName=System
SourceName=Microsoft-Windows-Service Control Manager
EventCode=7036
EventType=4
Type=Information
ComputerName=EC2AMAZ-O5EOQ54
TaskCategory=None
OpCode=The operation completed successfully.
RecordNumber=83028
Keywords=Classic
Message=The SENS service entered the running state.
12/07/2020 09:44:58 AM
LogName=System
SourceName=Microsoft-Windows-Service Control Manager
EventCode=7036
EventType=4
Type=Information
ComputerName=EC2AMAZ-O5EOQ54
TaskCategory=None
OpCode=The operation completed successfully.
RecordNumber=83027
Keywords=Classic
Message=The Dhcp service entered the running state.
12/07/2020 09:44:58 AM
LogName=System
SourceName=Microsoft-Windows-DHCPv6-Client
EventCode=51046
EventType=4
Type=Information
ComputerName=EC2AMAZ-O5EOQ54
User=NOT_TRANSLATED
Sid=S-1-5-19
SidType=0
TaskCategory=Service State Event
OpCode=ServiceStart
RecordNumber=83026
Keywords=None
Message=DHCPv6 client service is started
12/07/2020 09:44:58 AM
LogName=System
SourceName=Microsoft-Windows-Service Control Manager
EventCode=7036
EventType=4
Type=Information
ComputerName=EC2AMAZ-O5EOQ54
TaskCategory=None
OpCode=The operation completed successfully.
RecordNumber=83025
Keywords=Classic
Message=The ProfSvc service entered the running state.
12/07/2020 09:44:58 AM
LogName=System
SourceName=Microsoft-Windows-Dhcp-Client
EventCode=50036
EventType=4
Type=Information
ComputerName=EC2AMAZ-O5EOQ54
User=NOT_TRANSLATED
Sid=S-1-5-19
SidType=0
TaskCategory=Service State Event
OpCode=ServiceStart
RecordNumber=83024
Keywords=None
Message=DHCPv4 client service is started
12/07/2020 09:44:58 AM
LogName=System
SourceName=Microsoft-Windows-Service Control Manager
EventCode=7036
EventType=4
Type=Information
ComputerName=EC2AMAZ-O5EOQ54
TaskCategory=None
OpCode=The operation completed successfully.
RecordNumber=83023
Keywords=Classic
Message=The gpsvc service entered the running state.
12/07/2020 09:44:58 AM
LogName=System
SourceName=Microsoft-Windows-Service Control Manager
EventCode=7036
EventType=4
Type=Information
ComputerName=EC2AMAZ-O5EOQ54
TaskCategory=None
OpCode=The operation completed successfully.
RecordNumber=83022
Keywords=Classic
Message=The nsi service entered the running state.
12/07/2020 09:44:58 AM
LogName=System
SourceName=Microsoft-Windows-Service Control Manager
EventCode=7036
EventType=4
Type=Information
ComputerName=EC2AMAZ-O5EOQ54
TaskCategory=None
OpCode=The operation completed successfully.
RecordNumber=83021
Keywords=Classic
Message=The Themes service entered the running state.
12/07/2020 09:44:58 AM
LogName=System
SourceName=Microsoft-Windows-Service Control Manager
EventCode=7036
EventType=4
Type=Information
ComputerName=EC2AMAZ-O5EOQ54
TaskCategory=None
OpCode=The operation completed successfully.
RecordNumber=83020
Keywords=Classic
Message=The EventLog service entered the running state.
12/07/2020 09:44:58 AM
LogName=System
SourceName=Microsoft-Windows-Service Control Manager
EventCode=7036
EventType=4
Type=Information
ComputerName=EC2AMAZ-O5EOQ54
TaskCategory=None
OpCode=The operation completed successfully.
RecordNumber=83019
Keywords=Classic
Message=The EventSystem service entered the running state.
12/07/2020 09:44:58 AM
LogName=System
SourceName=Microsoft-Windows-Service Control Manager
EventCode=7036
EventType=4
Type=Information
ComputerName=EC2AMAZ-O5EOQ54
TaskCategory=None
OpCode=The operation completed successfully.
RecordNumber=83018
Keywords=Classic
Message=The WPDBusEnum service entered the running state.
12/07/2020 09:44:58 AM
LogName=System
SourceName=Microsoft-Windows-FilterManager
EventCode=6
EventType=4
Type=Information
ComputerName=EC2AMAZ-O5EOQ54
User=NOT_TRANSLATED
Sid=S-1-5-18
SidType=0
TaskCategory=None
OpCode=Info
RecordNumber=83017
Keywords=None
Message=File System Filter 'storqosflt' (10.0, ‎2019‎-‎02‎-‎17T02:00:41.000000000Z) has successfully loaded and registered with Filter Manager.
12/07/2020 09:44:58 AM
LogName=System
SourceName=Microsoft-Windows-FilterManager
EventCode=6
EventType=4
Type=Information
ComputerName=EC2AMAZ-O5EOQ54
User=NOT_TRANSLATED
Sid=S-1-5-18
SidType=0
TaskCategory=None
OpCode=Info
RecordNumber=83016
Keywords=None
Message=File System Filter 'wcifs' (10.0, ‎2020‎-‎02‎-‎19T07:59:09.000000000Z) has successfully loaded and registered with Filter Manager.
12/07/2020 09:44:58 AM
LogName=System
SourceName=Microsoft-Windows-FilterManager
EventCode=6
EventType=4
Type=Information
ComputerName=EC2AMAZ-O5EOQ54
User=NOT_TRANSLATED
Sid=S-1-5-18
SidType=0
TaskCategory=None
OpCode=Info
RecordNumber=83015
Keywords=None
Message=File System Filter 'luafv' (10.0, ‎2019‎-‎04‎-‎02T04:23:00.000000000Z) has successfully loaded and registered with Filter Manager.
12/07/2020 09:44:58 AM
LogName=System
SourceName=Microsoft-Windows-Service Control Manager
EventCode=7036
EventType=4
Type=Information
ComputerName=EC2AMAZ-O5EOQ54
TaskCategory=None
OpCode=The operation completed successfully.
RecordNumber=83014
Keywords=Classic
Message=The DsmSvc service entered the running state.
12/07/2020 09:44:58 AM
LogName=System
SourceName=Microsoft-Windows-Kernel-General
EventCode=16
EventType=4
Type=Information
ComputerName=EC2AMAZ-O5EOQ54
User=NOT_TRANSLATED
Sid=S-1-5-18
SidType=0
TaskCategory=None
OpCode=Info
RecordNumber=83013
Keywords=None
Message=The access history in hive \SystemRoot\System32\Config\BBI was cleared updating 52 keys and creating 13 modified pages.
12/07/2020 09:44:58 AM
LogName=System
SourceName=Microsoft-Windows-Service Control Manager
EventCode=7036
EventType=4
Type=Information
ComputerName=EC2AMAZ-O5EOQ54
TaskCategory=None
OpCode=The operation completed successfully.
RecordNumber=83012
Keywords=Classic
Message=The BrokerInfrastructure service entered the running state.
12/07/2020 09:44:58 AM
LogName=System
SourceName=EventLog
EventCode=6005
EventType=4
Type=Information
ComputerName=EC2AMAZ-O5EOQ54
TaskCategory=None
OpCode=None
RecordNumber=82960
Keywords=Classic
Message=The Event log service was started.
12/07/2020 09:44:58 AM
LogName=System
SourceName=EventLog
EventCode=6009
EventType=4
Type=Information
ComputerName=EC2AMAZ-O5EOQ54
TaskCategory=None
OpCode=None
RecordNumber=82959
Keywords=Classic
Message=Microsoft (R) Windows (R) 10.00. 14393  Multiprocessor Free.
12/07/2020 09:44:58 AM
LogName=System
SourceName=EventLog
EventCode=6011
EventType=4
Type=Information
ComputerName=EC2AMAZ-O5EOQ54
TaskCategory=None
OpCode=None
RecordNumber=82958
Keywords=Classic
Message=The NetBIOS name and DNS host name of this machine have been changed from EC2AMAZ-O5EOQ54 to WIN-VJQ1K2BLCNH.
12/07/2020 09:44:59 AM
LogName=System
SourceName=Microsoft-Windows-Service Control Manager
EventCode=7023
EventType=2
Type=Error
ComputerName=EC2AMAZ-O5EOQ54
TaskCategory=None
OpCode=The operation completed successfully.
RecordNumber=83057
Keywords=Classic
Message=The IP Helper service terminated with the following error: 
The service cannot be started, either because it is disabled or because it has no enabled devices associated with it.
12/07/2020 09:44:59 AM
LogName=System
SourceName=Microsoft-Windows-Service Control Manager
EventCode=7036
EventType=4
Type=Information
ComputerName=EC2AMAZ-O5EOQ54
TaskCategory=None
OpCode=The operation completed successfully.
RecordNumber=83056
Keywords=Classic
Message=The iphlpsvc service entered the stopped state.
12/07/2020 09:44:59 AM
LogName=System
SourceName=Microsoft-Windows-Service Control Manager
EventCode=7036
EventType=4
Type=Information
ComputerName=EC2AMAZ-O5EOQ54
TaskCategory=None
OpCode=The operation completed successfully.
RecordNumber=83055
Keywords=Classic
Message=The WpnService service entered the running state.
12/07/2020 09:44:59 AM
LogName=System
SourceName=Microsoft-Windows-Service Control Manager
EventCode=7036
EventType=4
Type=Information
ComputerName=EC2AMAZ-O5EOQ54
TaskCategory=None
OpCode=The operation completed successfully.
RecordNumber=83054
Keywords=Classic
Message=The WinDefend service entered the running state.
12/07/2020 09:44:59 AM
LogName=System
SourceName=Microsoft-Windows-Service Control Manager
EventCode=7036
EventType=4
Type=Information
ComputerName=EC2AMAZ-O5EOQ54
TaskCategory=None
OpCode=The operation completed successfully.
RecordNumber=83053
Keywords=Classic
Message=The WinRM service entered the running state.
12/07/2020 09:44:59 AM
LogName=System
SourceName=Microsoft-Windows-Service Control Manager
EventCode=7036
EventType=4
Type=Information
ComputerName=EC2AMAZ-O5EOQ54
TaskCategory=None
OpCode=The operation completed successfully.
RecordNumber=83052
Keywords=Classic
Message=The LanmanServer service entered the running state.
12/07/2020 09:44:59 AM
LogName=System
SourceName=Microsoft-Windows-Service Control Manager
EventCode=7036
EventType=4
Type=Information
ComputerName=EC2AMAZ-O5EOQ54
TaskCategory=None
OpCode=The operation completed successfully.
RecordNumber=83051
Keywords=Classic
Message=The W32Time service entered the running state.
12/07/2020 09:44:59 AM
LogName=System
SourceName=Microsoft-Windows-Service Control Manager
EventCode=7036
EventType=4
Type=Information
ComputerName=EC2AMAZ-O5EOQ54
TaskCategory=None
OpCode=The operation completed successfully.
RecordNumber=83050
Keywords=Classic
Message=The UserManager service entered the running state.
12/07/2020 09:44:59 AM
LogName=System
SourceName=Microsoft-Windows-Service Control Manager
EventCode=7026
EventType=4
Type=Information
ComputerName=EC2AMAZ-O5EOQ54
TaskCategory=None
OpCode=The operation completed successfully.
RecordNumber=83049
Keywords=Classic
Message=The following boot-start or system-start driver(s) did not load: 
cdrom
dam
12/07/2020 09:44:59 AM
LogName=System
SourceName=Microsoft-Windows-Service Control Manager
EventCode=7036
EventType=4
Type=Information
ComputerName=EC2AMAZ-O5EOQ54
TaskCategory=None
OpCode=The operation completed successfully.
RecordNumber=83048
Keywords=Classic
Message=The RemoteRegistry service entered the running state.
12/07/2020 09:44:59 AM
LogName=System
SourceName=Microsoft-Windows-Service Control Manager
EventCode=7036
EventType=4
Type=Information
ComputerName=EC2AMAZ-O5EOQ54
TaskCategory=None
OpCode=The operation completed successfully.
RecordNumber=83047
Keywords=Classic
Message=The Winmgmt service entered the running state.
12/07/2020 09:44:59 AM
LogName=System
SourceName=Microsoft-Windows-Service Control Manager
EventCode=7036
EventType=4
Type=Information
ComputerName=EC2AMAZ-O5EOQ54
TaskCategory=None
OpCode=The operation completed successfully.
RecordNumber=83046
Keywords=Classic
Message=The TrkWks service entered the running state.
12/07/2020 09:44:59 AM
LogName=System
SourceName=Microsoft-Windows-Service Control Manager
EventCode=7036
EventType=4
Type=Information
ComputerName=EC2AMAZ-O5EOQ54
TaskCategory=None
OpCode=The operation completed successfully.
RecordNumber=83045
Keywords=Classic
Message=The AWSLiteAgent service entered the running state.
12/07/2020 09:44:59 AM
LogName=System
SourceName=Microsoft-Windows-Service Control Manager
EventCode=7036
EventType=4
Type=Information
ComputerName=EC2AMAZ-O5EOQ54
TaskCategory=None
OpCode=The operation completed successfully.
RecordNumber=83044
Keywords=Classic
Message=The MpsSvc service entered the running state.
12/07/2020 09:44:59 AM
LogName=System
SourceName=Microsoft-Windows-Service Control Manager
EventCode=7036
EventType=4
Type=Information
ComputerName=EC2AMAZ-O5EOQ54
TaskCategory=None
OpCode=The operation completed successfully.
RecordNumber=83043
Keywords=Classic
Message=The PcaSvc service entered the running state.
12/07/2020 09:44:59 AM
LogName=System
SourceName=Microsoft-Windows-Service Control Manager
EventCode=7036
EventType=4
Type=Information
ComputerName=EC2AMAZ-O5EOQ54
TaskCategory=None
OpCode=The operation completed successfully.
RecordNumber=83042
Keywords=Classic
Message=The WinHttpAutoProxySvc service entered the running state.
12/07/2020 09:44:59 AM
LogName=System
SourceName=Microsoft-Windows-Service Control Manager
EventCode=7036
EventType=4
Type=Information
ComputerName=EC2AMAZ-O5EOQ54
TaskCategory=None
OpCode=The operation completed successfully.
RecordNumber=83041
Keywords=Classic
Message=The Schedule service entered the running state.
12/07/2020 09:44:59 AM
LogName=System
SourceName=Microsoft-Windows-Service Control Manager
EventCode=7036
EventType=4
Type=Information
ComputerName=EC2AMAZ-O5EOQ54
TaskCategory=None
OpCode=The operation completed successfully.
RecordNumber=83040
Keywords=Classic
Message=The CryptSvc service entered the running state.
12/07/2020 09:44:59 AM
LogName=System
SourceName=Microsoft-Windows-Service Control Manager
EventCode=7036
EventType=4
Type=Information
ComputerName=EC2AMAZ-O5EOQ54
TaskCategory=None
OpCode=The operation completed successfully.
RecordNumber=83039
Keywords=Classic
Message=The Spooler service entered the running state.
12/07/2020 09:44:59 AM
LogName=System
SourceName=Microsoft-Windows-Service Control Manager
EventCode=7023
EventType=2
Type=Error
ComputerName=EC2AMAZ-O5EOQ54
TaskCategory=None
OpCode=The operation completed successfully.
RecordNumber=83038
Keywords=Classic
Message=The netprofm service terminated with the following error: 
The device is not ready.
12/07/2020 09:44:59 AM
LogName=System
SourceName=Microsoft-Windows-Service Control Manager
EventCode=7036
EventType=4
Type=Information
ComputerName=EC2AMAZ-O5EOQ54
TaskCategory=None
OpCode=The operation completed successfully.
RecordNumber=83037
Keywords=Classic
Message=The netprofm service entered the stopped state.
12/07/2020 09:44:59 AM
LogName=System
SourceName=Microsoft-Windows-Service Control Manager
EventCode=7036
EventType=4
Type=Information
ComputerName=EC2AMAZ-O5EOQ54
TaskCategory=None
OpCode=The operation completed successfully.
RecordNumber=83036
Keywords=Classic
Message=The NlaSvc service entered the running state.
12/07/2020 09:44:59 AM
LogName=System
SourceName=Microsoft-Windows-Service Control Manager
EventCode=7036
EventType=4
Type=Information
ComputerName=EC2AMAZ-O5EOQ54
TaskCategory=None
OpCode=The operation completed successfully.
RecordNumber=83035
Keywords=Classic
Message=The Dnscache service entered the running state.
12/07/2020 09:44:59 AM
LogName=System
SourceName=Microsoft-Windows-Service Control Manager
EventCode=7036
EventType=4
Type=Information
ComputerName=EC2AMAZ-O5EOQ54
TaskCategory=None
OpCode=The operation completed successfully.
RecordNumber=83034
Keywords=Classic
Message=The SamSs service entered the running state.
12/07/2020 09:44:59 AM
LogName=System
SourceName=Microsoft-Windows-Service Control Manager
EventCode=7036
EventType=4
Type=Information
ComputerName=EC2AMAZ-O5EOQ54
TaskCategory=None
OpCode=The operation completed successfully.
RecordNumber=83033
Keywords=Classic
Message=The LanmanWorkstation service entered the running state.
12/07/2020 09:44:59 AM
LogName=System
SourceName=Microsoft-Windows-Windows Remote Management
EventCode=10148
EventType=4
Type=Information
ComputerName=EC2AMAZ-O5EOQ54
TaskCategory=None
OpCode=Info
RecordNumber=82977
Keywords=Classic
Message=The WinRM service is listening for WS-Management requests. 

 User Action 
 Use the following command to see the specific IPs on which WinRM is listening: 

 winrm enumerate winrm/config/listener
12/07/2020 09:45:01 AM
LogName=System
SourceName=Microsoft-Windows-Service Control Manager
EventCode=7036
EventType=4
Type=Information
ComputerName=EC2AMAZ-O5EOQ54
TaskCategory=None
OpCode=The operation completed successfully.
RecordNumber=83058
Keywords=Classic
Message=The Time Broker service entered the running state.
12/07/2020 09:45:02 AM
LogName=System
SourceName=Microsoft-Windows-UserPnp
EventCode=20003
EventType=4
Type=Information
ComputerName=EC2AMAZ-O5EOQ54
User=NOT_TRANSLATED
Sid=S-1-5-18
SidType=0
TaskCategory=7005
OpCode=Info
RecordNumber=83059
Keywords=None
Message=Driver Management has concluded the process to add Service vxn for Device Instance ID PCI\VEN_8086&DEV_10ED&SUBSYS_00000000&REV_01\3&267A616A&2&18 with the following status: 0.
12/07/2020 09:45:03 AM
LogName=System
SourceName=Microsoft-Windows-UserPnp
EventCode=20001
EventType=4
Type=Information
ComputerName=EC2AMAZ-O5EOQ54
User=NOT_TRANSLATED
Sid=S-1-5-18
SidType=0
TaskCategory=7005
OpCode=Info
RecordNumber=83060
Keywords=None
Message=Driver Management concluded the process to install driver vxn65x64.inf_amd64_c69f09961e9fb531\vxn65x64.inf for Device Instance ID PCI\VEN_8086&DEV_10ED&SUBSYS_00000000&REV_01\3&267A616A&2&18 with the following status: 0x0.
12/07/2020 09:45:04 AM
LogName=System
SourceName=Microsoft-Windows-Kernel-General
EventCode=16
EventType=4
Type=Information
ComputerName=EC2AMAZ-O5EOQ54
User=NOT_TRANSLATED
Sid=S-1-5-18
SidType=0
TaskCategory=None
OpCode=Info
RecordNumber=83061
Keywords=None
Message=The access history in hive \??\C:\ProgramData\Microsoft\Windows\AppRepository\Packages\Microsoft.AAD.BrokerPlugin_1000.14393.0.0_neutral_neutral_cw5n1h2txyewy\ActivationStore.dat was cleared updating 0 keys and creating 0 modified pages.
12/07/2020 09:45:05 AM
LogName=System
SourceName=Microsoft-Windows-Kernel-General
EventCode=16
EventType=4
Type=Information
ComputerName=EC2AMAZ-O5EOQ54
User=NOT_TRANSLATED
Sid=S-1-5-18
SidType=0
TaskCategory=None
OpCode=Info
RecordNumber=83069
Keywords=None
Message=The access history in hive \??\C:\ProgramData\Microsoft\Windows\AppRepository\Packages\Microsoft.Windows.AssignedAccessLockApp_1000.14393.2068.0_neutral_neutral_cw5n1h2txyewy\ActivationStore.dat was cleared updating 0 keys and creating 0 modified pages.
12/07/2020 09:45:05 AM
LogName=System
SourceName=Microsoft-Windows-Kernel-General
EventCode=16
EventType=4
Type=Information
ComputerName=EC2AMAZ-O5EOQ54
User=NOT_TRANSLATED
Sid=S-1-5-18
SidType=0
TaskCategory=None
OpCode=Info
RecordNumber=83068
Keywords=None
Message=The access history in hive \??\C:\ProgramData\Microsoft\Windows\AppRepository\Packages\Microsoft.Windows.Apprep.ChxApp_1000.14393.2969.0_neutral_neutral_cw5n1h2txyewy\ActivationStore.dat was cleared updating 0 keys and creating 0 modified pages.
12/07/2020 09:45:05 AM
LogName=System
SourceName=Microsoft-Windows-Kernel-General
EventCode=16
EventType=4
Type=Information
ComputerName=EC2AMAZ-O5EOQ54
User=NOT_TRANSLATED
Sid=S-1-5-18
SidType=0
TaskCategory=None
OpCode=Info
RecordNumber=83067
Keywords=None
Message=The access history in hive \??\C:\ProgramData\Microsoft\Windows\AppRepository\Packages\Microsoft.LockApp_10.0.14393.2068_neutral__cw5n1h2txyewy\ActivationStore.dat was cleared updating 0 keys and creating 0 modified pages.
12/07/2020 09:45:05 AM
LogName=System
SourceName=Microsoft-Windows-Kernel-General
EventCode=16
EventType=4
Type=Information
ComputerName=EC2AMAZ-O5EOQ54
User=NOT_TRANSLATED
Sid=S-1-5-18
SidType=0
TaskCategory=None
OpCode=Info
RecordNumber=83066
Keywords=None
Message=The access history in hive \??\C:\ProgramData\Microsoft\Windows\AppRepository\Packages\Microsoft.BioEnrollment_10.0.14393.0_neutral__cw5n1h2txyewy\ActivationStore.dat was cleared updating 0 keys and creating 0 modified pages.
12/07/2020 09:45:05 AM
LogName=System
SourceName=Microsoft-Windows-Service Control Manager
EventCode=7036
EventType=4
Type=Information
ComputerName=EC2AMAZ-O5EOQ54
TaskCategory=None
OpCode=The operation completed successfully.
RecordNumber=83065
Keywords=Classic
Message=The TCP/IP NetBIOS Helper service entered the running state.
12/07/2020 09:45:05 AM
LogName=System
SourceName=Microsoft-Windows-Time-Service
EventCode=37
EventType=4
Type=Information
ComputerName=EC2AMAZ-O5EOQ54
User=NOT_TRANSLATED
Sid=S-1-5-19
SidType=0
TaskCategory=None
OpCode=Info
RecordNumber=83064
Keywords=None
Message=The time provider NtpClient is currently receiving valid time data from 169.254.169.123,0x9 (ntp.m|0x9|0.0.0.0:123->169.254.169.123:123).
12/07/2020 09:45:05 AM
LogName=System
SourceName=vxn
EventCode=31
EventType=4
Type=Information
ComputerName=EC2AMAZ-O5EOQ54
TaskCategory=None
OpCode=None
RecordNumber=83063
Keywords=Classic
Message=Intel(R) 82599 Virtual Function
 Network link has been established at 10Gbps full duplex.
12/07/2020 09:45:05 AM
LogName=System
SourceName=Microsoft-Windows-Kernel-General
EventCode=16
EventType=4
Type=Information
ComputerName=EC2AMAZ-O5EOQ54
User=NOT_TRANSLATED
Sid=S-1-5-18
SidType=0
TaskCategory=None
OpCode=Info
RecordNumber=83062
Keywords=None
Message=The access history in hive \??\C:\ProgramData\Microsoft\Windows\AppRepository\Packages\Microsoft.AccountsControl_10.0.14393.2068_neutral__cw5n1h2txyewy\ActivationStore.dat was cleared updating 0 keys and creating 0 modified pages.
12/07/2020 09:45:06 AM
LogName=System
SourceName=Microsoft-Windows-Kernel-General
EventCode=16
EventType=4
Type=Information
ComputerName=EC2AMAZ-O5EOQ54
User=NOT_TRANSLATED
Sid=S-1-5-18
SidType=0
TaskCategory=None
OpCode=Info
RecordNumber=83073
Keywords=None
Message=The access history in hive \??\C:\ProgramData\Microsoft\Windows\AppRepository\Packages\Microsoft.Windows.ShellExperienceHost_10.0.14393.2068_neutral_neutral_cw5n1h2txyewy\ActivationStore.dat was cleared updating 0 keys and creating 0 modified pages.
12/07/2020 09:45:06 AM
LogName=System
SourceName=Microsoft-Windows-Kernel-General
EventCode=16
EventType=4
Type=Information
ComputerName=EC2AMAZ-O5EOQ54
User=NOT_TRANSLATED
Sid=S-1-5-18
SidType=0
TaskCategory=None
OpCode=Info
RecordNumber=83072
Keywords=None
Message=The access history in hive \??\C:\ProgramData\Microsoft\Windows\AppRepository\Packages\Microsoft.Windows.SecondaryTileExperience_10.0.0.0_neutral__cw5n1h2txyewy\ActivationStore.dat was cleared updating 0 keys and creating 0 modified pages.
12/07/2020 09:45:06 AM
LogName=System
SourceName=Microsoft-Windows-Kernel-General
EventCode=16
EventType=4
Type=Information
ComputerName=EC2AMAZ-O5EOQ54
User=NOT_TRANSLATED
Sid=S-1-5-18
SidType=0
TaskCategory=None
OpCode=Info
RecordNumber=83071
Keywords=None
Message=The access history in hive \??\C:\ProgramData\Microsoft\Windows\AppRepository\Packages\Microsoft.Windows.Cortana_1.7.0.14393_neutral_neutral_cw5n1h2txyewy\ActivationStore.dat was cleared updating 0 keys and creating 0 modified pages.
12/07/2020 09:45:06 AM
LogName=System
SourceName=Microsoft-Windows-Kernel-General
EventCode=16
EventType=4
Type=Information
ComputerName=EC2AMAZ-O5EOQ54
User=NOT_TRANSLATED
Sid=S-1-5-18
SidType=0
TaskCategory=None
OpCode=Info
RecordNumber=83070
Keywords=None
Message=The access history in hive \??\C:\ProgramData\Microsoft\Windows\AppRepository\Packages\Microsoft.Windows.CloudExperienceHost_10.0.14393.1066_neutral_neutral_cw5n1h2txyewy\ActivationStore.dat was cleared updating 0 keys and creating 0 modified pages.
12/07/2020 09:45:07 AM
LogName=System
SourceName=Microsoft-Windows-Kernel-General
EventCode=16
EventType=4
Type=Information
ComputerName=EC2AMAZ-O5EOQ54
User=NOT_TRANSLATED
Sid=S-1-5-18
SidType=0
TaskCategory=None
OpCode=Info
RecordNumber=83077
Keywords=None
Message=The access history in hive \??\C:\ProgramData\Microsoft\Windows\AppRepository\Packages\Windows.PrintDialog_6.2.0.0_neutral_neutral_cw5n1h2txyewy\ActivationStore.dat was cleared updating 0 keys and creating 0 modified pages.
12/07/2020 09:45:07 AM
LogName=System
SourceName=Microsoft-Windows-Kernel-General
EventCode=16
EventType=4
Type=Information
ComputerName=EC2AMAZ-O5EOQ54
User=NOT_TRANSLATED
Sid=S-1-5-18
SidType=0
TaskCategory=None
OpCode=Info
RecordNumber=83076
Keywords=None
Message=The access history in hive \??\C:\ProgramData\Microsoft\Windows\AppRepository\Packages\Windows.MiracastView_6.3.0.0_neutral_neutral_cw5n1h2txyewy\ActivationStore.dat was cleared updating 0 keys and creating 0 modified pages.
12/07/2020 09:45:07 AM
LogName=System
SourceName=Microsoft-Windows-Kernel-General
EventCode=16
EventType=4
Type=Information
ComputerName=EC2AMAZ-O5EOQ54
User=NOT_TRANSLATED
Sid=S-1-5-18
SidType=0
TaskCategory=None
OpCode=Info
RecordNumber=83075
Keywords=None
Message=The access history in hive \??\C:\ProgramData\Microsoft\Windows\AppRepository\Packages\windows.immersivecontrolpanel_6.2.0.0_neutral_neutral_cw5n1h2txyewy\ActivationStore.dat was cleared updating 0 keys and creating 0 modified pages.
12/07/2020 09:45:07 AM
LogName=System
SourceName=Microsoft-Windows-Kernel-General
EventCode=16
EventType=4
Type=Information
ComputerName=EC2AMAZ-O5EOQ54
User=NOT_TRANSLATED
Sid=S-1-5-18
SidType=0
TaskCategory=None
OpCode=Info
RecordNumber=83074
Keywords=None
Message=The access history in hive \??\C:\ProgramData\Microsoft\Windows\AppRepository\Packages\Microsoft.XboxGameCallableUI_1000.14393.0.0_neutral_neutral_cw5n1h2txyewy\ActivationStore.dat was cleared updating 0 keys and creating 0 modified pages.
12/07/2020 09:45:09 AM
LogName=System
SourceName=Microsoft-Windows-Service Control Manager
EventCode=7036
EventType=4
Type=Information
ComputerName=EC2AMAZ-O5EOQ54
TaskCategory=None
OpCode=The operation completed successfully.
RecordNumber=83079
Keywords=Classic
Message=The Windows Update service entered the running state.
12/07/2020 09:45:09 AM
LogName=System
SourceName=Microsoft-Windows-Service Control Manager
EventCode=7036
EventType=4
Type=Information
ComputerName=EC2AMAZ-O5EOQ54
TaskCategory=None
OpCode=The operation completed successfully.
RecordNumber=83078
Keywords=Classic
Message=The Windows Defender Network Inspection Service service entered the running state.
12/07/2020 09:45:15 AM
LogName=System
SourceName=Microsoft-Windows-Kernel-General
EventCode=15
EventType=4
Type=Information
ComputerName=EC2AMAZ-O5EOQ54
User=NOT_TRANSLATED
Sid=S-1-5-18
SidType=0
TaskCategory=None
OpCode=Info
RecordNumber=83080
Keywords=None
Message=Hive \??\C:\Windows\System32\config\COMPONENTS was reorganized with a starting size of 94007296 bytes and an ending size of 87621632 bytes.
12/07/2020 09:45:16 AM
LogName=System
SourceName=Microsoft-Windows-Kernel-General
EventCode=15
EventType=4
Type=Information
ComputerName=EC2AMAZ-O5EOQ54
User=NOT_TRANSLATED
Sid=S-1-5-18
SidType=0
TaskCategory=None
OpCode=Info
RecordNumber=83081
Keywords=None
Message=Hive \??\C:\Windows\System32\SMI\Store\Machine\SCHEMA.DAT was reorganized with a starting size of 12402688 bytes and an ending size of 11698176 bytes.
12/07/2020 09:45:23 AM
LogName=System
SourceName=Microsoft-Windows-Kernel-General
EventCode=1
EventType=4
Type=Information
ComputerName=EC2AMAZ-O5EOQ54
User=NOT_TRANSLATED
Sid=S-1-5-18
SidType=0
TaskCategory=5
OpCode=Info
RecordNumber=83083
Keywords=Time
Message=The system time has changed to ‎2020‎-‎12‎-‎07T09:45:23.498000000Z from ‎2020‎-‎12‎-‎07T09:45:23.506493800Z.

Change Reason: An application or system component changed the time.
12/07/2020 09:45:23 AM
LogName=System
SourceName=Microsoft-Windows-Kernel-General
EventCode=1
EventType=4
Type=Information
ComputerName=EC2AMAZ-O5EOQ54
User=NOT_TRANSLATED
Sid=S-1-5-18
SidType=0
TaskCategory=5
OpCode=Info
RecordNumber=83082
Keywords=Time
Message=The system time has changed to ‎2020‎-‎12‎-‎07T09:45:23.498637500Z from ‎2020‎-‎12‎-‎07T09:45:23.498637500Z.

Change Reason: System time adjusted to the new time zone.
12/07/2020 09:45:29 AM
LogName=System
SourceName=Microsoft-Windows-Service Control Manager
EventCode=7036
EventType=4
Type=Information
ComputerName=EC2AMAZ-FD58AG1
TaskCategory=None
OpCode=The operation completed successfully.
RecordNumber=83112
Keywords=Classic
Message=The Windows Defender Service service entered the stopped state.
12/07/2020 09:45:29 AM
LogName=System
SourceName=Microsoft-Windows-Service Control Manager
EventCode=7036
EventType=4
Type=Information
ComputerName=EC2AMAZ-FD58AG1
TaskCategory=None
OpCode=The operation completed successfully.
RecordNumber=83111
Keywords=Classic
Message=The Windows Remote Management (WS-Management) service entered the stopped state.
12/07/2020 09:45:29 AM
LogName=System
SourceName=Microsoft-Windows-Service Control Manager
EventCode=7036
EventType=4
Type=Information
ComputerName=EC2AMAZ-FD58AG1
TaskCategory=None
OpCode=The operation completed successfully.
RecordNumber=83110
Keywords=Classic
Message=The State Repository Service service entered the stopped state.
12/07/2020 09:45:29 AM
LogName=System
SourceName=Microsoft-Windows-Service Control Manager
EventCode=7036
EventType=4
Type=Information
ComputerName=EC2AMAZ-O5EOQ54
TaskCategory=None
OpCode=The operation completed successfully.
RecordNumber=83105
Keywords=Classic
Message=The Windows Connection Manager service entered the stopped state.
12/07/2020 09:45:29 AM
LogName=System
SourceName=Microsoft-Windows-Service Control Manager
EventCode=7036
EventType=4
Type=Information
ComputerName=EC2AMAZ-O5EOQ54
TaskCategory=None
OpCode=The operation completed successfully.
RecordNumber=83104
Keywords=Classic
Message=The Windows Management Instrumentation service entered the stopped state.
12/07/2020 09:45:29 AM
LogName=System
SourceName=Microsoft-Windows-Service Control Manager
EventCode=7036
EventType=4
Type=Information
ComputerName=EC2AMAZ-O5EOQ54
TaskCategory=None
OpCode=The operation completed successfully.
RecordNumber=83103
Keywords=Classic
Message=The DHCP Client service entered the stopped state.
12/07/2020 09:45:29 AM
LogName=System
SourceName=Microsoft-Windows-Dhcp-Client
EventCode=50037
EventType=4
Type=Information
ComputerName=EC2AMAZ-O5EOQ54
User=NOT_TRANSLATED
Sid=S-1-5-19
SidType=0
TaskCategory=Service State Event
OpCode=ServiceStop
RecordNumber=83102
Keywords=None
Message=DHCPv4 client service is stopped. ShutDown Flag value is 1
12/07/2020 09:45:29 AM
LogName=System
SourceName=Microsoft-Windows-Service Control Manager
EventCode=7036
EventType=4
Type=Information
ComputerName=EC2AMAZ-O5EOQ54
TaskCategory=None
OpCode=The operation completed successfully.
RecordNumber=83101
Keywords=Classic
Message=The AppX Deployment Service (AppXSVC) service entered the stopped state.
12/07/2020 09:45:29 AM
LogName=System
SourceName=Microsoft-Windows-Service Control Manager
EventCode=7036
EventType=4
Type=Information
ComputerName=EC2AMAZ-O5EOQ54
TaskCategory=None
OpCode=The operation completed successfully.
RecordNumber=83100
Keywords=Classic
Message=The Distributed Link Tracking Client service entered the stopped state.
12/07/2020 09:45:29 AM
LogName=System
SourceName=Microsoft-Windows-Service Control Manager
EventCode=7036
EventType=4
Type=Information
ComputerName=EC2AMAZ-O5EOQ54
TaskCategory=None
OpCode=The operation completed successfully.
RecordNumber=83099
Keywords=Classic
Message=The AWS Lite Guest Agent service entered the stopped state.
12/07/2020 09:45:29 AM
LogName=System
SourceName=Microsoft-Windows-Service Control Manager
EventCode=7036
EventType=4
Type=Information
ComputerName=EC2AMAZ-O5EOQ54
TaskCategory=None
OpCode=The operation completed successfully.
RecordNumber=83098
Keywords=Classic
Message=The Cryptographic Services service entered the stopped state.
12/07/2020 09:45:29 AM
LogName=System
SourceName=Microsoft-Windows-Service Control Manager
EventCode=7036
EventType=4
Type=Information
ComputerName=EC2AMAZ-O5EOQ54
TaskCategory=None
OpCode=The operation completed successfully.
RecordNumber=83097
Keywords=Classic
Message=The Windows Font Cache Service service entered the stopped state.
12/07/2020 09:45:29 AM
LogName=System
SourceName=Microsoft-Windows-Service Control Manager
EventCode=7036
EventType=4
Type=Information
ComputerName=EC2AMAZ-O5EOQ54
TaskCategory=None
OpCode=The operation completed successfully.
RecordNumber=83096
Keywords=Classic
Message=The Windows Time service entered the stopped state.
12/07/2020 09:45:29 AM
LogName=System
SourceName=Microsoft-Windows-DHCPv6-Client
EventCode=51047
EventType=4
Type=Information
ComputerName=EC2AMAZ-O5EOQ54
User=NOT_TRANSLATED
Sid=S-1-5-19
SidType=0
TaskCategory=Service State Event
OpCode=ServiceStop
RecordNumber=83095
Keywords=None
Message=DHCPv6 client service is stopped. ShutDown Flag value is 1
12/07/2020 09:45:29 AM
LogName=System
SourceName=Microsoft-Windows-Service Control Manager
EventCode=7036
EventType=4
Type=Information
ComputerName=EC2AMAZ-O5EOQ54
TaskCategory=None
OpCode=The operation completed successfully.
RecordNumber=83094
Keywords=Classic
Message=The Program Compatibility Assistant Service service entered the stopped state.
12/07/2020 09:45:29 AM
LogName=System
SourceName=Microsoft-Windows-Service Control Manager
EventCode=7036
EventType=4
Type=Information
ComputerName=EC2AMAZ-O5EOQ54
TaskCategory=None
OpCode=The operation completed successfully.
RecordNumber=83093
Keywords=Classic
Message=The Software Protection service entered the stopped state.
12/07/2020 09:45:29 AM
LogName=System
SourceName=Microsoft-Windows-Service Control Manager
EventCode=7036
EventType=4
Type=Information
ComputerName=EC2AMAZ-O5EOQ54
TaskCategory=None
OpCode=The operation completed successfully.
RecordNumber=83092
Keywords=Classic
Message=The Device Install Service service entered the stopped state.
12/07/2020 09:45:29 AM
LogName=System
SourceName=Microsoft-Windows-Service Control Manager
EventCode=7036
EventType=4
Type=Information
ComputerName=EC2AMAZ-O5EOQ54
TaskCategory=None
OpCode=The operation completed successfully.
RecordNumber=83091
Keywords=Classic
Message=The Plug and Play service entered the stopped state.
