12/07/2020 11:47:29 AM
LogName=System
SourceName=Microsoft-Windows-Windows Remote Management
EventCode=10148
EventType=4
Type=Information
ComputerName=win-dc-633
TaskCategory=None
OpCode=Info
RecordNumber=83444
Keywords=Classic
Message=The WinRM service is listening for WS-Management requests. 

 User Action 
 Use the following command to see the specific IPs on which WinRM is listening: 

 winrm enumerate winrm/config/listener
12/07/2020 11:47:34 AM
LogName=System
SourceName=Microsoft-Windows-DistributedCOM
EventCode=10016
EventType=2
Type=Error
ComputerName=win-dc-633
User=NOT_TRANSLATED
Sid=S-1-5-21-3911646319-387810913-1839908539-500
SidType=0
TaskCategory=None
OpCode=Info
RecordNumber=83514
Keywords=Classic
Message=The application-specific permission settings do not grant Local Activation permission for the COM Server application with CLSID 
{D63B10C5-BB46-4990-A94F-E40B9D520160}
 and APPID 
{9CA88EE3-ACB7-47C8-AFC4-AB702511C276}
 to the user WIN-DC-633\Administrator SID (S-1-5-21-3911646319-387810913-1839908539-500) from address LocalHost (Using LRPC) running in the application container Unavailable SID (Unavailable). This security permission can be modified using the Component Services administrative tool.
12/07/2020 11:47:35 AM
LogName=System
SourceName=Microsoft-Windows-Service Control Manager
EventCode=7036
EventType=4
Type=Information
ComputerName=win-dc-633
TaskCategory=None
OpCode=The operation completed successfully.
RecordNumber=83515
Keywords=Classic
Message=The NetSetupSvc service entered the stopped state.
12/07/2020 11:47:49 AM
LogName=System
SourceName=Microsoft-Windows-Service Control Manager
EventCode=7036
EventType=4
Type=Information
ComputerName=win-dc-633
TaskCategory=None
OpCode=The operation completed successfully.
RecordNumber=83517
Keywords=Classic
Message=The NetSetupSvc service entered the running state.
12/07/2020 11:47:49 AM
LogName=System
SourceName=Microsoft-Windows-Service Control Manager
EventCode=7040
EventType=4
Type=Information
ComputerName=win-dc-633
User=NOT_TRANSLATED
Sid=S-1-5-18
SidType=0
TaskCategory=None
OpCode=The operation completed successfully.
RecordNumber=83516
Keywords=Classic
Message=The start type of the Windows Modules Installer service was changed from auto start to demand start.
12/07/2020 11:47:56 AM
LogName=System
SourceName=Microsoft-Windows-Service Control Manager
EventCode=7040
EventType=4
Type=Information
ComputerName=win-dc-633
User=NOT_TRANSLATED
Sid=S-1-5-18
SidType=0
TaskCategory=None
OpCode=The operation completed successfully.
RecordNumber=83518
Keywords=Classic
Message=The start type of the Windows Modules Installer service was changed from demand start to auto start.
12/07/2020 11:48:02 AM
LogName=System
SourceName=Microsoft-Windows-Service Control Manager
EventCode=7045
EventType=4
Type=Information
ComputerName=win-dc-633
User=NOT_TRANSLATED
Sid=S-1-5-18
SidType=0
TaskCategory=None
OpCode=The operation completed successfully.
RecordNumber=83519
Keywords=Classic
Message=A service was installed in the system.

Service Name:  DNS Server
Service File Name:  %systemroot%\system32\dns.exe
Service Type:  user mode service
Service Start Type:  auto start
Service Account:  LocalSystem
12/07/2020 11:48:03 AM
LogName=System
SourceName=Microsoft-Windows-Service Control Manager
EventCode=7036
EventType=4
Type=Information
ComputerName=win-dc-633
TaskCategory=None
OpCode=The operation completed successfully.
RecordNumber=83520
Keywords=Classic
Message=The DNS Server service entered the running state.
12/07/2020 11:48:04 AM
LogName=System
SourceName=Microsoft-Windows-Service Control Manager
EventCode=7036
EventType=4
Type=Information
ComputerName=win-dc-633
TaskCategory=None
OpCode=The operation completed successfully.
RecordNumber=83523
Keywords=Classic
Message=The Microsoft Software Shadow Copy Provider service entered the running state.
12/07/2020 11:48:04 AM
LogName=System
SourceName=Microsoft-Windows-Service Control Manager
EventCode=7036
EventType=4
Type=Information
ComputerName=win-dc-633
TaskCategory=None
OpCode=The operation completed successfully.
RecordNumber=83522
Keywords=Classic
Message=The Volume Shadow Copy service entered the running state.
12/07/2020 11:48:04 AM
LogName=System
SourceName=Microsoft-Windows-Service Control Manager
EventCode=7040
EventType=4
Type=Information
ComputerName=win-dc-633
User=NOT_TRANSLATED
Sid=S-1-5-18
SidType=0
TaskCategory=None
OpCode=The operation completed successfully.
RecordNumber=83521
Keywords=Classic
Message=The start type of the Windows Modules Installer service was changed from auto start to demand start.
12/07/2020 11:48:07 AM
LogName=System
SourceName=Microsoft-Windows-Service Control Manager
EventCode=7036
EventType=4
Type=Information
ComputerName=win-dc-633
TaskCategory=None
OpCode=The operation completed successfully.
RecordNumber=83524
Keywords=Classic
Message=The Update Orchestrator Service for Windows Update service entered the running state.
12/07/2020 11:48:09 AM
LogName=System
SourceName=Microsoft-Windows-Service Control Manager
EventCode=7036
EventType=4
Type=Information
ComputerName=win-dc-633
TaskCategory=None
OpCode=The operation completed successfully.
RecordNumber=83527
Keywords=Classic
Message=The Client License Service (ClipSVC) service entered the running state.
12/07/2020 11:48:09 AM
LogName=System
SourceName=Microsoft-Windows-Service Control Manager
EventCode=7036
EventType=4
Type=Information
ComputerName=win-dc-633
TaskCategory=None
OpCode=The operation completed successfully.
RecordNumber=83526
Keywords=Classic
Message=The Microsoft Account Sign-in Assistant service entered the running state.
12/07/2020 11:48:09 AM
LogName=System
SourceName=Microsoft-Windows-Service Control Manager
EventCode=7036
EventType=4
Type=Information
ComputerName=win-dc-633
TaskCategory=None
OpCode=The operation completed successfully.
RecordNumber=83525
Keywords=Classic
Message=The Windows Insider Service service entered the running state.
12/07/2020 11:48:10 AM
LogName=System
SourceName=Microsoft-Windows-Service Control Manager
EventCode=7036
EventType=4
Type=Information
ComputerName=win-dc-633
TaskCategory=None
OpCode=The operation completed successfully.
RecordNumber=83528
Keywords=Classic
Message=The Windows License Manager Service service entered the running state.
12/07/2020 11:48:23 AM
LogName=System
SourceName=Microsoft-Windows-Service Control Manager
EventCode=7040
EventType=4
Type=Information
ComputerName=win-dc-633
User=NOT_TRANSLATED
Sid=S-1-5-18
SidType=0
TaskCategory=None
OpCode=The operation completed successfully.
RecordNumber=83529
Keywords=Classic
Message=The start type of the Windows Modules Installer service was changed from demand start to auto start.
12/07/2020 11:48:34 AM
LogName=System
SourceName=Microsoft-Windows-Service Control Manager
EventCode=7040
EventType=4
Type=Information
ComputerName=win-dc-633
User=NOT_TRANSLATED
Sid=S-1-5-18
SidType=0
TaskCategory=None
OpCode=The operation completed successfully.
RecordNumber=83530
Keywords=Classic
Message=The start type of the Windows Modules Installer service was changed from auto start to demand start.
12/07/2020 11:48:43 AM
LogName=System
SourceName=Microsoft-Windows-Service Control Manager
EventCode=7040
EventType=4
Type=Information
ComputerName=win-dc-633
User=NOT_TRANSLATED
Sid=S-1-5-18
SidType=0
TaskCategory=None
OpCode=The operation completed successfully.
RecordNumber=83531
Keywords=Classic
Message=The start type of the Windows Modules Installer service was changed from demand start to auto start.
12/07/2020 11:48:57 AM
LogName=System
SourceName=Microsoft-Windows-Service Control Manager
EventCode=7045
EventType=4
Type=Information
ComputerName=win-dc-633
User=NOT_TRANSLATED
Sid=S-1-5-18
SidType=0
TaskCategory=None
OpCode=The operation completed successfully.
RecordNumber=83535
Keywords=Classic
Message=A service was installed in the system.

Service Name:  Kerberos Key Distribution Center
Service File Name:  %SystemRoot%\System32\lsass.exe
Service Type:  user mode service
Service Start Type:  disabled
Service Account:  LocalSystem
12/07/2020 11:48:57 AM
LogName=System
SourceName=Microsoft-Windows-Service Control Manager
EventCode=7045
EventType=4
Type=Information
ComputerName=win-dc-633
User=NOT_TRANSLATED
Sid=S-1-5-18
SidType=0
TaskCategory=None
OpCode=The operation completed successfully.
RecordNumber=83534
Keywords=Classic
Message=A service was installed in the system.

Service Name:  Intersite Messaging
Service File Name:  %SystemRoot%\System32\ismserv.exe
Service Type:  user mode service
Service Start Type:  disabled
Service Account:  LocalSystem
12/07/2020 11:48:58 AM
LogName=System
SourceName=Microsoft-Windows-Service Control Manager
EventCode=7036
EventType=4
Type=Information
ComputerName=win-dc-633
TaskCategory=None
OpCode=The operation completed successfully.
RecordNumber=83550
Keywords=Classic
Message=The Virtual Disk service entered the running state.
12/07/2020 11:48:58 AM
LogName=System
SourceName=Virtual Disk Service
EventCode=3
EventType=4
Type=Information
ComputerName=win-dc-633
TaskCategory=None
OpCode=None
RecordNumber=83549
Keywords=Classic
Message=Service started.
12/07/2020 11:48:58 AM
LogName=System
SourceName=Microsoft-Windows-FilterManager
EventCode=6
EventType=4
Type=Information
ComputerName=win-dc-633
User=NOT_TRANSLATED
Sid=S-1-5-18
SidType=0
TaskCategory=None
OpCode=Info
RecordNumber=83548
Keywords=None
Message=File System Filter 'DfsrRo' (10.0, ‎2016‎-‎07‎-‎16T02:20:37.000000000Z) has successfully loaded and registered with Filter Manager.
12/07/2020 11:48:58 AM
LogName=System
SourceName=Microsoft-Windows-Service Control Manager
EventCode=7036
EventType=4
Type=Information
ComputerName=win-dc-633
TaskCategory=None
OpCode=The operation completed successfully.
RecordNumber=83547
Keywords=Classic
Message=The DFS Namespace service entered the running state.
12/07/2020 11:48:58 AM
LogName=System
SourceName=Microsoft-Windows-FilterManager
EventCode=6
EventType=4
Type=Information
ComputerName=win-dc-633
User=NOT_TRANSLATED
Sid=S-1-5-18
SidType=0
TaskCategory=None
OpCode=Info
RecordNumber=83546
Keywords=None
Message=File System Filter 'DfsDriver' (10.0, ‎2016‎-‎07‎-‎16T02:21:37.000000000Z) has successfully loaded and registered with Filter Manager.
12/07/2020 11:48:58 AM
LogName=System
SourceName=Microsoft-Windows-Service Control Manager
EventCode=7036
EventType=4
Type=Information
ComputerName=win-dc-633
TaskCategory=None
OpCode=The operation completed successfully.
RecordNumber=83545
Keywords=Classic
Message=The DFS Replication service entered the running state.
12/07/2020 11:48:58 AM
LogName=System
SourceName=Microsoft-Windows-Service Control Manager
EventCode=7045
EventType=4
Type=Information
ComputerName=win-dc-633
User=NOT_TRANSLATED
Sid=S-1-5-18
SidType=0
TaskCategory=None
OpCode=The operation completed successfully.
RecordNumber=83544
Keywords=Classic
Message=A service was installed in the system.

Service Name:  Microsoft Key Distribution Service
Service File Name:  %SystemRoot%\system32\lsass.exe
Service Type:  user mode service
Service Start Type:  demand start
Service Account:  LocalSystem
12/07/2020 11:48:58 AM
LogName=System
SourceName=Microsoft-Windows-Service Control Manager
EventCode=7045
EventType=4
Type=Information
ComputerName=win-dc-633
User=NOT_TRANSLATED
Sid=S-1-5-18
SidType=0
TaskCategory=None
OpCode=The operation completed successfully.
RecordNumber=83543
Keywords=Classic
Message=A service was installed in the system.

Service Name:  Active Directory Web Services
Service File Name:  %systemroot%\ADWS\Microsoft.ActiveDirectory.WebServices.exe
Service Type:  user mode service
Service Start Type:  disabled
Service Account:  LocalSystem
12/07/2020 11:48:58 AM
LogName=System
SourceName=Microsoft-Windows-Service Control Manager
EventCode=7045
EventType=4
Type=Information
ComputerName=win-dc-633
User=NOT_TRANSLATED
Sid=S-1-5-18
SidType=0
TaskCategory=None
OpCode=The operation completed successfully.
RecordNumber=83542
Keywords=Classic
Message=A service was installed in the system.

Service Name:  DFS Namespace Server Filter Driver
Service File Name:  system32\drivers\dfs.sys
Service Type:  kernel mode driver
Service Start Type:  system start
Service Account:
12/07/2020 11:48:58 AM
LogName=System
SourceName=Microsoft-Windows-Service Control Manager
EventCode=7045
EventType=4
Type=Information
ComputerName=win-dc-633
User=NOT_TRANSLATED
Sid=S-1-5-18
SidType=0
TaskCategory=None
OpCode=The operation completed successfully.
RecordNumber=83541
Keywords=Classic
Message=A service was installed in the system.

Service Name:  File Replication
Service File Name:  %SystemRoot%\system32\ntfrs.exe
Service Type:  user mode service
Service Start Type:  demand start
Service Account:  LocalSystem
12/07/2020 11:48:58 AM
LogName=System
SourceName=Microsoft-Windows-Service Control Manager
EventCode=7045
EventType=4
Type=Information
ComputerName=win-dc-633
User=NOT_TRANSLATED
Sid=S-1-5-18
SidType=0
TaskCategory=None
OpCode=The operation completed successfully.
RecordNumber=83540
Keywords=Classic
Message=A service was installed in the system.

Service Name:  DS Role Server
Service File Name:  %SystemRoot%\System32\lsass.exe
Service Type:  user mode service
Service Start Type:  demand start
Service Account:  LocalSystem
12/07/2020 11:48:58 AM
LogName=System
SourceName=Microsoft-Windows-Service Control Manager
EventCode=7045
EventType=4
Type=Information
ComputerName=win-dc-633
User=NOT_TRANSLATED
Sid=S-1-5-18
SidType=0
TaskCategory=None
OpCode=The operation completed successfully.
RecordNumber=83539
Keywords=Classic
Message=A service was installed in the system.

Service Name:  DFS Replication ReadOnly Driver
Service File Name:  system32\drivers\dfsrro.sys
Service Type:  kernel mode driver
Service Start Type:  boot start
Service Account:
12/07/2020 11:48:58 AM
LogName=System
SourceName=Microsoft-Windows-Service Control Manager
EventCode=7045
EventType=4
Type=Information
ComputerName=win-dc-633
User=NOT_TRANSLATED
Sid=S-1-5-18
SidType=0
TaskCategory=None
OpCode=The operation completed successfully.
RecordNumber=83538
Keywords=Classic
Message=A service was installed in the system.

Service Name:  DFS Namespace
Service File Name:  %SystemRoot%\system32\dfssvc.exe
Service Type:  user mode service
Service Start Type:  auto start
Service Account:  LocalSystem
12/07/2020 11:48:58 AM
LogName=System
SourceName=Microsoft-Windows-Service Control Manager
EventCode=7045
EventType=4
Type=Information
ComputerName=win-dc-633
User=NOT_TRANSLATED
Sid=S-1-5-18
SidType=0
TaskCategory=None
OpCode=The operation completed successfully.
RecordNumber=83537
Keywords=Classic
Message=A service was installed in the system.

Service Name:  DFS Replication
Service File Name:  %SystemRoot%\system32\DFSRs.exe
Service Type:  user mode service
Service Start Type:  auto start
Service Account:  LocalSystem
12/07/2020 11:48:58 AM
LogName=System
SourceName=Microsoft-Windows-Service Control Manager
EventCode=7045
EventType=4
Type=Information
ComputerName=win-dc-633
User=NOT_TRANSLATED
Sid=S-1-5-18
SidType=0
TaskCategory=None
OpCode=The operation completed successfully.
RecordNumber=83536
Keywords=Classic
Message=A service was installed in the system.

Service Name:  Active Directory Domain Services
Service File Name:  %SystemRoot%\System32\lsass.exe
Service Type:  user mode service
Service Start Type:  disabled
Service Account:  LocalSystem
12/07/2020 11:48:58 AM
LogName=System
SourceName=Microsoft-Windows-DfsSvc
EventCode=14531
EventType=4
Type=Information
ComputerName=win-dc-633
TaskCategory=None
OpCode=The operation completed successfully.
RecordNumber=83533
Keywords=Classic
Message=DFS server has finished initializing.
12/07/2020 11:48:58 AM
LogName=System
SourceName=Microsoft-Windows-DfsSvc
EventCode=14533
EventType=4
Type=Information
ComputerName=win-dc-633
TaskCategory=None
OpCode=The operation completed successfully.
RecordNumber=83532
Keywords=Classic
Message=DFS has finished building all namespaces.
12/07/2020 11:48:59 AM
LogName=System
SourceName=Microsoft-Windows-Service Control Manager
EventCode=7040
EventType=4
Type=Information
ComputerName=win-dc-633
User=NOT_TRANSLATED
Sid=S-1-5-18
SidType=0
TaskCategory=None
OpCode=The operation completed successfully.
RecordNumber=83551
Keywords=Classic
Message=The start type of the Windows Modules Installer service was changed from auto start to demand start.
12/07/2020 11:49:08 AM
LogName=System
SourceName=Microsoft-Windows-Service Control Manager
EventCode=7036
EventType=4
Type=Information
ComputerName=win-dc-633
TaskCategory=None
OpCode=The operation completed successfully.
RecordNumber=83552
Keywords=Classic
Message=The DS Role Server service entered the running state.
12/07/2020 11:49:29 AM
LogName=System
SourceName=Microsoft-Windows-Service Control Manager
EventCode=7036
EventType=4
Type=Information
ComputerName=win-dc-633
TaskCategory=None
OpCode=The operation completed successfully.
RecordNumber=83556
Keywords=Classic
Message=The Diagnostic System Host service entered the running state.
12/07/2020 11:49:29 AM
LogName=System
SourceName=Microsoft-Windows-Service Control Manager
EventCode=7036
EventType=4
Type=Information
ComputerName=win-dc-633
TaskCategory=None
OpCode=The operation completed successfully.
RecordNumber=83555
Keywords=Classic
Message=The Diagnostic Policy Service service entered the running state.
12/07/2020 11:49:29 AM
LogName=System
SourceName=Microsoft-Windows-Service Control Manager
EventCode=7036
EventType=4
Type=Information
ComputerName=win-dc-633
TaskCategory=None
OpCode=The operation completed successfully.
RecordNumber=83554
Keywords=Classic
Message=The Connected Devices Platform Service service entered the stopped state.
12/07/2020 11:49:29 AM
LogName=System
SourceName=Microsoft-Windows-Service Control Manager
EventCode=7036
EventType=4
Type=Information
ComputerName=win-dc-633
TaskCategory=None
OpCode=The operation completed successfully.
RecordNumber=83553
Keywords=Classic
Message=The Portable Device Enumerator Service service entered the stopped state.
12/07/2020 11:49:30 AM
LogName=System
SourceName=Microsoft-Windows-Service Control Manager
EventCode=7036
EventType=4
Type=Information
ComputerName=win-dc-633
TaskCategory=None
OpCode=The operation completed successfully.
RecordNumber=83559
Keywords=Classic
Message=The Software Protection service entered the running state.
12/07/2020 11:49:30 AM
LogName=System
SourceName=Microsoft-Windows-Service Control Manager
EventCode=7036
EventType=4
Type=Information
ComputerName=win-dc-633
TaskCategory=None
OpCode=The operation completed successfully.
RecordNumber=83558
Keywords=Classic
Message=The Distributed Transaction Coordinator service entered the running state.
12/07/2020 11:49:30 AM
LogName=System
SourceName=Microsoft-Windows-Service Control Manager
EventCode=7036
EventType=4
Type=Information
ComputerName=win-dc-633
TaskCategory=None
OpCode=The operation completed successfully.
RecordNumber=83557
Keywords=Classic
Message=The Downloaded Maps Manager service entered the running state.
12/07/2020 11:49:32 AM
LogName=System
SourceName=Microsoft-Windows-Service Control Manager
EventCode=7036
EventType=4
Type=Information
ComputerName=win-dc-633
TaskCategory=None
OpCode=The operation completed successfully.
RecordNumber=83560
Keywords=Classic
Message=The User Access Logging Service service entered the running state.
12/07/2020 11:49:33 AM
LogName=System
SourceName=Microsoft-Windows-Service Control Manager
EventCode=7036
EventType=4
Type=Information
ComputerName=win-dc-633
TaskCategory=None
OpCode=The operation completed successfully.
RecordNumber=83561
Keywords=Classic
Message=The Network Connectivity Assistant service entered the stopped state.
12/07/2020 11:49:40 AM
LogName=System
SourceName=Microsoft-Windows-Service Control Manager
EventCode=7036
EventType=4
Type=Information
ComputerName=win-dc-633
TaskCategory=None
OpCode=The operation completed successfully.
RecordNumber=83562
Keywords=Classic
Message=The Downloaded Maps Manager service entered the stopped state.
12/07/2020 11:49:43 AM
LogName=System
SourceName=Microsoft-Windows-Service Control Manager
EventCode=7036
EventType=4
Type=Information
ComputerName=win-dc-633
TaskCategory=None
OpCode=The operation completed successfully.
RecordNumber=83571
Keywords=Classic
Message=The DFS Replication service entered the stopped state.
12/07/2020 11:49:43 AM
LogName=System
SourceName=Microsoft-Windows-Service Control Manager
EventCode=7036
EventType=4
Type=Information
ComputerName=win-dc-633
TaskCategory=None
OpCode=The operation completed successfully.
RecordNumber=83570
Keywords=Classic
Message=The Virtual Disk service entered the stopped state.
12/07/2020 11:49:43 AM
LogName=System
SourceName=Microsoft-Windows-Service Control Manager
EventCode=7036
EventType=4
Type=Information
ComputerName=win-dc-633
TaskCategory=None
OpCode=The operation completed successfully.
RecordNumber=83569
Keywords=Classic
Message=The Network Connectivity Assistant service entered the stopped state.
12/07/2020 11:49:43 AM
LogName=System
SourceName=Microsoft-Windows-Service Control Manager
EventCode=7040
EventType=4
Type=Information
ComputerName=win-dc-633
User=NOT_TRANSLATED
Sid=S-1-5-18
SidType=0
TaskCategory=None
OpCode=The operation completed successfully.
RecordNumber=83568
Keywords=Classic
Message=The start type of the Distributed Link Tracking Client service was changed from auto start to demand start.
12/07/2020 11:49:43 AM
LogName=System
SourceName=Microsoft-Windows-Service Control Manager
EventCode=7040
EventType=4
Type=Information
ComputerName=win-dc-633
User=NOT_TRANSLATED
Sid=S-1-5-18
SidType=0
TaskCategory=None
OpCode=The operation completed successfully.
RecordNumber=83567
Keywords=Classic
Message=The start type of the Kerberos Key Distribution Center service was changed from disabled to auto start.
12/07/2020 11:49:43 AM
LogName=System
SourceName=Microsoft-Windows-Service Control Manager
EventCode=7040
EventType=4
Type=Information
ComputerName=win-dc-633
User=NOT_TRANSLATED
Sid=S-1-5-18
SidType=0
TaskCategory=None
OpCode=The operation completed successfully.
RecordNumber=83566
Keywords=Classic
Message=The start type of the Intersite Messaging service was changed from disabled to auto start.
12/07/2020 11:49:43 AM
LogName=System
SourceName=Microsoft-Windows-Service Control Manager
EventCode=7040
EventType=4
Type=Information
ComputerName=win-dc-633
User=NOT_TRANSLATED
Sid=S-1-5-18
SidType=0
TaskCategory=None
OpCode=The operation completed successfully.
RecordNumber=83565
Keywords=Classic
Message=The start type of the Active Directory Domain Services service was changed from disabled to auto start.
12/07/2020 11:49:43 AM
LogName=System
SourceName=Microsoft-Windows-Service Control Manager
EventCode=7040
EventType=4
Type=Information
ComputerName=win-dc-633
User=NOT_TRANSLATED
Sid=S-1-5-18
SidType=0
TaskCategory=None
OpCode=The operation completed successfully.
RecordNumber=83564
Keywords=Classic
Message=The start type of the Netlogon service was changed from demand start to auto start.
12/07/2020 11:49:43 AM
LogName=System
SourceName=Virtual Disk Service
EventCode=4
EventType=4
Type=Information
ComputerName=win-dc-633
TaskCategory=None
OpCode=None
RecordNumber=83563
Keywords=Classic
Message=Service stopped.
12/07/2020 11:49:44 AM
LogName=System
SourceName=Microsoft-Windows-Service Control Manager
EventCode=7040
EventType=4
Type=Information
ComputerName=win-dc-633
User=NOT_TRANSLATED
Sid=S-1-5-18
SidType=0
TaskCategory=None
OpCode=The operation completed successfully.
RecordNumber=83572
Keywords=Classic
Message=The start type of the File Replication service was changed from demand start to disabled.
12/07/2020 11:49:48 AM
LogName=System
SourceName=Microsoft-Windows-Service Control Manager
EventCode=7040
EventType=4
Type=Information
ComputerName=win-dc-633
User=NOT_TRANSLATED
Sid=S-1-5-18
SidType=0
TaskCategory=None
OpCode=The operation completed successfully.
RecordNumber=83574
Keywords=Classic
Message=The start type of the SSDP Discovery service was changed from demand start to disabled.
12/07/2020 11:49:48 AM
LogName=System
SourceName=Microsoft-Windows-Service Control Manager
EventCode=7040
EventType=4
Type=Information
ComputerName=win-dc-633
User=NOT_TRANSLATED
Sid=S-1-5-18
SidType=0
TaskCategory=None
OpCode=The operation completed successfully.
RecordNumber=83573
Keywords=Classic
Message=The start type of the UPnP Device Host service was changed from demand start to disabled.
12/07/2020 11:49:50 AM
LogName=System
SourceName=Microsoft-Windows-Service Control Manager
EventCode=7036
EventType=4
Type=Information
ComputerName=win-dc-633
TaskCategory=None
OpCode=The operation completed successfully.
RecordNumber=83579
Keywords=Classic
Message=The Netlogon service entered the running state.
12/07/2020 11:49:50 AM
LogName=System
SourceName=Microsoft-Windows-Service Control Manager
EventCode=7040
EventType=4
Type=Information
ComputerName=win-dc-633
User=NOT_TRANSLATED
Sid=S-1-5-21-3911646319-387810913-1839908539-500
SidType=0
TaskCategory=None
OpCode=The operation completed successfully.
RecordNumber=83578
Keywords=Classic
Message=The start type of the Encrypting File System (EFS) service was changed from demand start to auto start.
12/07/2020 11:49:50 AM
LogName=System
SourceName=Microsoft-Windows-Service Control Manager
EventCode=7040
EventType=4
Type=Information
ComputerName=win-dc-633
User=NOT_TRANSLATED
Sid=S-1-5-21-3911646319-387810913-1839908539-500
SidType=0
TaskCategory=None
OpCode=The operation completed successfully.
RecordNumber=83577
Keywords=Classic
Message=The start type of the Active Directory Web Services service was changed from disabled to auto start.
12/07/2020 11:49:50 AM
LogName=System
SourceName=NETLOGON
EventCode=5719
EventType=2
Type=Error
ComputerName=win-dc-633
TaskCategory=None
OpCode=Info
RecordNumber=83576
Keywords=Classic
Message=This computer was not able to set up a secure session with a domain controller in domain ATTACKRANGE due to the following: 
There are currently no logon servers available to service the logon request. 
This may lead to authentication problems. Make sure that this computer is connected to the network. If the problem persists, please contact your domain administrator.  

ADDITIONAL INFO 
If this computer is a domain controller for the specified domain, it sets up the secure session to the primary domain controller emulator in the specified domain. Otherwise, this computer sets up the secure session to any domain controller in the specified domain.
12/07/2020 11:49:50 AM
LogName=System
SourceName=NETLOGON
EventCode=5516
EventType=2
Type=Error
ComputerName=win-dc-633
TaskCategory=None
OpCode=Info
RecordNumber=83575
Keywords=Classic
Message=The computer or domain WIN-DC-633 trusts domain ATTACKRANGE.  (This may be an indirect trust.)  However, WIN-DC-633 and ATTACKRANGE have the same machine security identifier (SID).  NT should be re-installed on either WIN-DC-633 or ATTACKRANGE.
12/07/2020 11:49:54 AM
LogName=System
SourceName=User32
EventCode=1074
EventType=4
Type=Information
ComputerName=win-dc-633
User=NOT_TRANSLATED
Sid=S-1-5-21-3911646319-387810913-1839908539-500
SidType=0
TaskCategory=None
OpCode=The operation completed successfully.
RecordNumber=83580
Keywords=Classic
Message=The process C:\Windows\system32\shutdown.exe (WIN-DC-633) has initiated the restart of computer WIN-DC-633 on behalf of user WIN-DC-633\Administrator for the following reason: No title for this reason could be found
 Reason Code: 0x800000ff
 Shutdown Type: restart
 Comment: Reboot initiated by Ansible
12/07/2020 11:49:56 AM
LogName=System
SourceName=Microsoft-Windows-Service Control Manager
EventCode=7036
EventType=4
Type=Information
ComputerName=win-dc-633
TaskCategory=None
OpCode=The operation completed successfully.
RecordNumber=83581
Keywords=Classic
Message=The Group Policy Client service entered the stopped state.
12/07/2020 11:49:57 AM
LogName=System
SourceName=Microsoft-Windows-Service Control Manager
EventCode=7036
EventType=4
Type=Information
ComputerName=win-dc-633.attackrange.local
TaskCategory=None
OpCode=The operation completed successfully.
RecordNumber=83616
Keywords=Classic
Message=The DNS Server service entered the stopped state.
12/07/2020 11:49:57 AM
LogName=System
SourceName=Microsoft-Windows-Service Control Manager
EventCode=7036
EventType=4
Type=Information
ComputerName=win-dc-633.attackrange.local
TaskCategory=None
OpCode=The operation completed successfully.
RecordNumber=83615
Keywords=Classic
Message=The Windows Event Log service entered the stopped state.
12/07/2020 11:49:57 AM
LogName=System
SourceName=Microsoft-Windows-Service Control Manager
EventCode=7036
EventType=4
Type=Information
ComputerName=win-dc-633
TaskCategory=None
OpCode=The operation completed successfully.
RecordNumber=83614
Keywords=Classic
Message=The Remote Desktop Services service entered the stopped state.
12/07/2020 11:49:57 AM
LogName=System
SourceName=Microsoft-Windows-Service Control Manager
EventCode=7036
EventType=4
Type=Information
ComputerName=win-dc-633
TaskCategory=None
OpCode=The operation completed successfully.
RecordNumber=83613
Keywords=Classic
Message=The Task Scheduler service entered the stopped state.
12/07/2020 11:49:57 AM
LogName=System
SourceName=Microsoft-Windows-Service Control Manager
EventCode=7036
EventType=4
Type=Information
ComputerName=win-dc-633
TaskCategory=None
OpCode=The operation completed successfully.
RecordNumber=83612
Keywords=Classic
Message=The Windows Remote Management (WS-Management) service entered the stopped state.
12/07/2020 11:49:57 AM
LogName=System
SourceName=Microsoft-Windows-Service Control Manager
EventCode=7036
EventType=4
Type=Information
ComputerName=win-dc-633
TaskCategory=None
OpCode=The operation completed successfully.
RecordNumber=83611
Keywords=Classic
Message=The Software Protection service entered the stopped state.
12/07/2020 11:49:57 AM
LogName=System
SourceName=EventLog
EventCode=6006
EventType=4
Type=Information
ComputerName=win-dc-633
TaskCategory=None
OpCode=None
RecordNumber=83610
Keywords=Classic
Message=The Event log service was stopped.
12/07/2020 11:49:57 AM
LogName=System
SourceName=Microsoft-Windows-Service Control Manager
EventCode=7036
EventType=4
Type=Information
ComputerName=win-dc-633
TaskCategory=None
OpCode=The operation completed successfully.
RecordNumber=83609
Keywords=Classic
Message=The Cryptographic Services service entered the stopped state.
12/07/2020 11:49:57 AM
LogName=System
SourceName=Microsoft-Windows-Service Control Manager
EventCode=7036
EventType=4
Type=Information
ComputerName=win-dc-633
TaskCategory=None
OpCode=The operation completed successfully.
RecordNumber=83608
Keywords=Classic
Message=The Volume Shadow Copy service entered the stopped state.
12/07/2020 11:49:57 AM
LogName=System
SourceName=Microsoft-Windows-Service Control Manager
EventCode=7036
EventType=4
Type=Information
ComputerName=win-dc-633
TaskCategory=None
OpCode=The operation completed successfully.
RecordNumber=83607
Keywords=Classic
Message=The State Repository Service service entered the stopped state.
12/07/2020 11:49:57 AM
LogName=System
SourceName=Microsoft-Windows-Service Control Manager
EventCode=7036
EventType=4
Type=Information
ComputerName=win-dc-633
TaskCategory=None
OpCode=The operation completed successfully.
RecordNumber=83606
Keywords=Classic
Message=The Program Compatibility Assistant Service service entered the stopped state.
12/07/2020 11:49:57 AM
LogName=System
SourceName=Microsoft-Windows-Service Control Manager
EventCode=7036
EventType=4
Type=Information
ComputerName=win-dc-633
TaskCategory=None
OpCode=The operation completed successfully.
RecordNumber=83605
Keywords=Classic
Message=The Certificate Propagation service entered the stopped state.
12/07/2020 11:49:57 AM
LogName=System
SourceName=Microsoft-Windows-Service Control Manager
EventCode=7036
EventType=4
Type=Information
ComputerName=win-dc-633
TaskCategory=None
OpCode=The operation completed successfully.
RecordNumber=83604
Keywords=Classic
Message=The DHCP Client service entered the stopped state.
12/07/2020 11:49:57 AM
LogName=System
SourceName=Microsoft-Windows-Dhcp-Client
EventCode=50037
EventType=4
Type=Information
ComputerName=win-dc-633
User=NOT_TRANSLATED
Sid=S-1-5-19
SidType=0
TaskCategory=Service State Event
OpCode=ServiceStop
RecordNumber=83603
Keywords=None
Message=DHCPv4 client service is stopped. ShutDown Flag value is 1
12/07/2020 11:49:57 AM
LogName=System
SourceName=Microsoft-Windows-Service Control Manager
EventCode=7036
EventType=4
Type=Information
ComputerName=win-dc-633
TaskCategory=None
OpCode=The operation completed successfully.
RecordNumber=83602
Keywords=Classic
Message=The Windows Connection Manager service entered the stopped state.
12/07/2020 11:49:57 AM
LogName=System
SourceName=Microsoft-Windows-Service Control Manager
EventCode=7036
EventType=4
Type=Information
ComputerName=win-dc-633
TaskCategory=None
OpCode=The operation completed successfully.
RecordNumber=83601
Keywords=Classic
Message=The User Profile Service service entered the stopped state.
12/07/2020 11:49:57 AM
LogName=System
SourceName=Microsoft-Windows-Service Control Manager
EventCode=7036
EventType=4
Type=Information
ComputerName=win-dc-633
TaskCategory=None
OpCode=The operation completed successfully.
RecordNumber=83600
Keywords=Classic
Message=The Windows Font Cache Service service entered the stopped state.
12/07/2020 11:49:57 AM
LogName=System
SourceName=Microsoft-Windows-Service Control Manager
EventCode=7036
EventType=4
Type=Information
ComputerName=win-dc-633
TaskCategory=None
OpCode=The operation completed successfully.
RecordNumber=83599
Keywords=Classic
Message=The Windows Management Instrumentation service entered the stopped state.
12/07/2020 11:49:57 AM
LogName=System
SourceName=Microsoft-Windows-Service Control Manager
EventCode=7036
EventType=4
Type=Information
ComputerName=win-dc-633
TaskCategory=None
OpCode=The operation completed successfully.
RecordNumber=83598
Keywords=Classic
Message=The Distributed Link Tracking Client service entered the stopped state.
12/07/2020 11:49:57 AM
LogName=System
SourceName=Microsoft-Windows-Service Control Manager
EventCode=7036
EventType=4
Type=Information
ComputerName=win-dc-633
TaskCategory=None
OpCode=The operation completed successfully.
RecordNumber=83597
Keywords=Classic
Message=The Distributed Transaction Coordinator service entered the stopped state.
12/07/2020 11:49:57 AM
LogName=System
SourceName=Microsoft-Windows-Service Control Manager
EventCode=7036
EventType=4
Type=Information
ComputerName=win-dc-633
TaskCategory=None
OpCode=The operation completed successfully.
RecordNumber=83596
Keywords=Classic
Message=The Client License Service (ClipSVC) service entered the stopped state.
12/07/2020 11:49:57 AM
LogName=System
SourceName=Microsoft-Windows-Service Control Manager
EventCode=7036
EventType=4
Type=Information
ComputerName=win-dc-633
TaskCategory=None
OpCode=The operation completed successfully.
RecordNumber=83595
Keywords=Classic
Message=The Remote Desktop Services UserMode Port Redirector service entered the stopped state.
12/07/2020 11:49:57 AM
LogName=System
SourceName=Microsoft-Windows-Service Control Manager
EventCode=7036
EventType=4
Type=Information
ComputerName=win-dc-633
TaskCategory=None
OpCode=The operation completed successfully.
RecordNumber=83594
Keywords=Classic
Message=The Diagnostic Policy Service service entered the stopped state.
12/07/2020 11:49:57 AM
LogName=System
SourceName=Microsoft-Windows-Service Control Manager
EventCode=7036
EventType=4
Type=Information
ComputerName=win-dc-633
TaskCategory=None
OpCode=The operation completed successfully.
RecordNumber=83593
Keywords=Classic
Message=The Diagnostic System Host service entered the stopped state.
12/07/2020 11:49:57 AM
LogName=System
SourceName=Microsoft-Windows-Service Control Manager
EventCode=7036
EventType=4
Type=Information
ComputerName=win-dc-633
TaskCategory=None
OpCode=The operation completed successfully.
RecordNumber=83592
Keywords=Classic
Message=The Microsoft Software Shadow Copy Provider service entered the stopped state.
12/07/2020 11:49:57 AM
LogName=System
SourceName=Microsoft-Windows-Service Control Manager
EventCode=7036
EventType=4
Type=Information
ComputerName=win-dc-633
TaskCategory=None
OpCode=The operation completed successfully.
RecordNumber=83591
Keywords=Classic
Message=The Windows Insider Service service entered the stopped state.
12/07/2020 11:49:57 AM
LogName=System
SourceName=Microsoft-Windows-Service Control Manager
EventCode=7036
EventType=4
Type=Information
ComputerName=win-dc-633
TaskCategory=None
OpCode=The operation completed successfully.
RecordNumber=83590
Keywords=Classic
Message=The Windows Time service entered the stopped state.
12/07/2020 11:49:57 AM
LogName=System
SourceName=Microsoft-Windows-DHCPv6-Client
EventCode=51047
EventType=4
Type=Information
ComputerName=win-dc-633
User=NOT_TRANSLATED
Sid=S-1-5-19
SidType=0
TaskCategory=Service State Event
OpCode=ServiceStop
RecordNumber=83589
Keywords=None
Message=DHCPv6 client service is stopped. ShutDown Flag value is 1
12/07/2020 11:49:57 AM
LogName=System
SourceName=Microsoft-Windows-Service Control Manager
EventCode=7036
EventType=4
Type=Information
ComputerName=win-dc-633
TaskCategory=None
OpCode=The operation completed successfully.
RecordNumber=83588
Keywords=Classic
Message=The IPsec Policy Agent service entered the stopped state.
12/07/2020 11:49:57 AM
LogName=System
SourceName=Microsoft-Windows-Service Control Manager
EventCode=7036
EventType=4
Type=Information
ComputerName=win-dc-633
TaskCategory=None
OpCode=The operation completed successfully.
RecordNumber=83587
Keywords=Classic
Message=The Amazon SSM Agent service entered the stopped state.
12/07/2020 11:49:57 AM
LogName=System
SourceName=Microsoft-Windows-Service Control Manager
EventCode=7036
EventType=4
Type=Information
ComputerName=win-dc-633
TaskCategory=None
OpCode=The operation completed successfully.
RecordNumber=83586
Keywords=Classic
Message=The AWS Lite Guest Agent service entered the stopped state.
12/07/2020 11:49:57 AM
LogName=System
SourceName=Microsoft-Windows-Service Control Manager
EventCode=7036
EventType=4
Type=Information
ComputerName=win-dc-633
TaskCategory=None
OpCode=The operation completed successfully.
RecordNumber=83585
Keywords=Classic
Message=The Plug and Play service entered the stopped state.
12/07/2020 11:49:57 AM
LogName=System
SourceName=Microsoft-Windows-Service Control Manager
EventCode=7036
EventType=4
Type=Information
ComputerName=win-dc-633
TaskCategory=None
OpCode=The operation completed successfully.
RecordNumber=83584
Keywords=Classic
Message=The User Access Logging Service service entered the stopped state.
12/07/2020 11:49:57 AM
LogName=System
SourceName=Microsoft-Windows-Service Control Manager
EventCode=7036
EventType=4
Type=Information
ComputerName=win-dc-633
TaskCategory=None
OpCode=The operation completed successfully.
RecordNumber=83583
Keywords=Classic
Message=The Tile Data model server service entered the stopped state.
12/07/2020 11:49:57 AM
LogName=System
SourceName=Microsoft-Windows-Service Control Manager
EventCode=7036
EventType=4
Type=Information
ComputerName=win-dc-633
TaskCategory=None
OpCode=The operation completed successfully.
RecordNumber=83582
Keywords=Classic
Message=The Windows Modules Installer service entered the stopped state.
12/07/2020 11:50:00 AM
LogName=System
SourceName=Microsoft-Windows-Service Control Manager
EventCode=7036
EventType=4
Type=Information
ComputerName=win-dc-633.attackrange.local
TaskCategory=None
OpCode=The operation completed successfully.
RecordNumber=83620
Keywords=Classic
Message=The Windows Update service entered the stopped state.
12/07/2020 11:50:02 AM
LogName=System
SourceName=Microsoft-Windows-Kernel-Power
EventCode=109
EventType=4
Type=Information
ComputerName=win-dc-633.attackrange.local
TaskCategory=103
OpCode=Info
RecordNumber=83621
Keywords=None
Message=The kernel power manager has initiated a shutdown transition.

Shutdown Reason: Kernel API
12/07/2020 11:50:03 AM
LogName=System
SourceName=Microsoft-Windows-Kernel-General
EventCode=13
EventType=4
Type=Information
ComputerName=win-dc-633.attackrange.local
TaskCategory=2
OpCode=Info
RecordNumber=83622
Keywords=None
Message=The operating system is shutting down at system time ‎2020‎-‎12‎-‎07T11:50:03.049731300Z.
12/07/2020 11:50:25 AM
LogName=System
SourceName=Microsoft-Windows-Kernel-Boot
EventCode=32
EventType=4
Type=Information
ComputerName=win-dc-633.attackrange.local
User=NOT_TRANSLATED
Sid=S-1-5-18
SidType=0
TaskCategory=None
OpCode=Info
RecordNumber=83629
Keywords=None
Message=The bootmgr spent 0 ms waiting for user input.
12/07/2020 11:50:25 AM
LogName=System
SourceName=Microsoft-Windows-Kernel-Boot
EventCode=18
EventType=4
Type=Information
ComputerName=win-dc-633.attackrange.local
User=NOT_TRANSLATED
Sid=S-1-5-18
SidType=0
TaskCategory=None
OpCode=Info
RecordNumber=83628
Keywords=None
Message=There are 0x1 boot options on this system.
12/07/2020 11:50:25 AM
LogName=System
SourceName=Microsoft-Windows-Kernel-Boot
EventCode=25
EventType=4
Type=Information
ComputerName=win-dc-633.attackrange.local
User=NOT_TRANSLATED
Sid=S-1-5-18
SidType=0
TaskCategory=32
OpCode=Info
RecordNumber=83627
Keywords=None
Message=The boot menu policy was 0x0.
12/07/2020 11:50:25 AM
LogName=System
SourceName=Microsoft-Windows-Kernel-Boot
EventCode=27
EventType=4
Type=Information
ComputerName=win-dc-633.attackrange.local
User=NOT_TRANSLATED
Sid=S-1-5-18
SidType=0
TaskCategory=33
OpCode=Info
RecordNumber=83626
Keywords=None
Message=The boot type was 0x0.
12/07/2020 11:50:25 AM
LogName=System
SourceName=Microsoft-Windows-Kernel-Boot
EventCode=20
EventType=4
Type=Information
ComputerName=win-dc-633.attackrange.local
User=NOT_TRANSLATED
Sid=S-1-5-18
SidType=0
TaskCategory=31
OpCode=Info
RecordNumber=83625
Keywords=None
Message=The last shutdown's success status was true. The last boot's success status was true.
12/07/2020 11:50:25 AM
LogName=System
SourceName=Microsoft-Windows-Kernel-Boot
EventCode=153
EventType=4
Type=Information
ComputerName=win-dc-633.attackrange.local
User=NOT_TRANSLATED
Sid=S-1-5-18
SidType=0
TaskCategory=None
OpCode=Info
RecordNumber=83624
Keywords=None
Message=The Virtualization Based Security (policies: 0) is disabled with status STATUS_SUCCESS.
12/07/2020 11:50:25 AM
LogName=System
SourceName=Microsoft-Windows-Kernel-General
EventCode=12
EventType=4
Type=Information
ComputerName=win-dc-633.attackrange.local
User=NOT_TRANSLATED
Sid=S-1-5-18
SidType=0
TaskCategory=1
OpCode=Info
RecordNumber=83623
Keywords=None
Message=The operating system started at system time ‎2020‎-‎12‎-‎07T11:50:25.488323200Z.
12/07/2020 11:50:29 AM
LogName=System
SourceName=Microsoft-Windows-Kernel-Processor-Power
EventCode=55
EventType=4
Type=Information
ComputerName=win-dc-633.attackrange.local
User=NOT_TRANSLATED
Sid=S-1-5-18
SidType=0
TaskCategory=47
OpCode=Info
RecordNumber=83644
Keywords=None
Message=Processor 7 in group 0 exposes the following power management capabilities:

Idle state type: ACPI Idle (C) States (1 state(s))

Performance state type: None
Nominal Frequency (MHz): 2300
Maximum performance percentage: 100
Minimum performance percentage: 100
Minimum throttle percentage: 100
12/07/2020 11:50:29 AM
LogName=System
SourceName=Microsoft-Windows-Kernel-Processor-Power
EventCode=55
EventType=4
Type=Information
ComputerName=win-dc-633.attackrange.local
User=NOT_TRANSLATED
Sid=S-1-5-18
SidType=0
TaskCategory=47
OpCode=Info
RecordNumber=83643
Keywords=None
Message=Processor 6 in group 0 exposes the following power management capabilities:

Idle state type: ACPI Idle (C) States (1 state(s))

Performance state type: None
Nominal Frequency (MHz): 2300
Maximum performance percentage: 100
Minimum performance percentage: 100
Minimum throttle percentage: 100
12/07/2020 11:50:29 AM
LogName=System
SourceName=Microsoft-Windows-Kernel-Processor-Power
EventCode=55
EventType=4
Type=Information
ComputerName=win-dc-633.attackrange.local
User=NOT_TRANSLATED
Sid=S-1-5-18
SidType=0
TaskCategory=47
OpCode=Info
RecordNumber=83642
Keywords=None
Message=Processor 5 in group 0 exposes the following power management capabilities:

Idle state type: ACPI Idle (C) States (1 state(s))

Performance state type: None
Nominal Frequency (MHz): 2300
Maximum performance percentage: 100
Minimum performance percentage: 100
Minimum throttle percentage: 100
12/07/2020 11:50:29 AM
LogName=System
SourceName=Microsoft-Windows-Kernel-Processor-Power
EventCode=55
EventType=4
Type=Information
ComputerName=win-dc-633.attackrange.local
User=NOT_TRANSLATED
Sid=S-1-5-18
SidType=0
TaskCategory=47
OpCode=Info
RecordNumber=83641
Keywords=None
Message=Processor 4 in group 0 exposes the following power management capabilities:

Idle state type: ACPI Idle (C) States (1 state(s))

Performance state type: None
Nominal Frequency (MHz): 2300
Maximum performance percentage: 100
Minimum performance percentage: 100
Minimum throttle percentage: 100
12/07/2020 11:50:29 AM
LogName=System
SourceName=Microsoft-Windows-Kernel-Processor-Power
EventCode=55
EventType=4
Type=Information
ComputerName=win-dc-633.attackrange.local
User=NOT_TRANSLATED
Sid=S-1-5-18
SidType=0
TaskCategory=47
OpCode=Info
RecordNumber=83640
Keywords=None
Message=Processor 3 in group 0 exposes the following power management capabilities:

Idle state type: ACPI Idle (C) States (1 state(s))

Performance state type: None
Nominal Frequency (MHz): 2300
Maximum performance percentage: 100
Minimum performance percentage: 100
Minimum throttle percentage: 100
12/07/2020 11:50:29 AM
LogName=System
SourceName=Microsoft-Windows-Kernel-Processor-Power
EventCode=55
EventType=4
Type=Information
ComputerName=win-dc-633.attackrange.local
User=NOT_TRANSLATED
Sid=S-1-5-18
SidType=0
TaskCategory=47
OpCode=Info
RecordNumber=83639
Keywords=None
Message=Processor 2 in group 0 exposes the following power management capabilities:

Idle state type: ACPI Idle (C) States (1 state(s))

Performance state type: None
Nominal Frequency (MHz): 2300
Maximum performance percentage: 100
Minimum performance percentage: 100
Minimum throttle percentage: 100
12/07/2020 11:50:29 AM
LogName=System
SourceName=Microsoft-Windows-Kernel-Processor-Power
EventCode=55
EventType=4
Type=Information
ComputerName=win-dc-633.attackrange.local
User=NOT_TRANSLATED
Sid=S-1-5-18
SidType=0
TaskCategory=47
OpCode=Info
RecordNumber=83638
Keywords=None
Message=Processor 1 in group 0 exposes the following power management capabilities:

Idle state type: ACPI Idle (C) States (1 state(s))

Performance state type: None
Nominal Frequency (MHz): 2300
Maximum performance percentage: 100
Minimum performance percentage: 100
Minimum throttle percentage: 100
12/07/2020 11:50:29 AM
LogName=System
SourceName=Microsoft-Windows-Kernel-Processor-Power
EventCode=55
EventType=4
Type=Information
ComputerName=win-dc-633.attackrange.local
User=NOT_TRANSLATED
Sid=S-1-5-18
SidType=0
TaskCategory=47
OpCode=Info
RecordNumber=83637
Keywords=None
Message=Processor 0 in group 0 exposes the following power management capabilities:

Idle state type: ACPI Idle (C) States (1 state(s))

Performance state type: None
Nominal Frequency (MHz): 2300
Maximum performance percentage: 100
Minimum performance percentage: 100
Minimum throttle percentage: 100
12/07/2020 11:50:29 AM
LogName=System
SourceName=Microsoft-Windows-Kernel-Power
EventCode=172
EventType=4
Type=Information
ComputerName=win-dc-633.attackrange.local
User=NOT_TRANSLATED
Sid=S-1-5-18
SidType=0
TaskCategory=203
OpCode=Info
RecordNumber=83636
Keywords=None
Message=Connectivity state in standby: Disconnected, Reason: NIC compliance
12/07/2020 11:50:29 AM
LogName=System
SourceName=Microsoft-Windows-FilterManager
EventCode=6
EventType=4
Type=Information
ComputerName=win-dc-633.attackrange.local
User=NOT_TRANSLATED
Sid=S-1-5-18
SidType=0
TaskCategory=None
OpCode=Info
RecordNumber=83635
Keywords=None
Message=File System Filter 'npsvctrig' (10.0, ‎2016‎-‎07‎-‎16T02:28:33.000000000Z) has successfully loaded and registered with Filter Manager.
12/07/2020 11:50:29 AM
LogName=System
SourceName=Microsoft-Windows-FilterManager
EventCode=6
EventType=4
Type=Information
ComputerName=win-dc-633.attackrange.local
User=NOT_TRANSLATED
Sid=S-1-5-18
SidType=0
TaskCategory=None
OpCode=Info
RecordNumber=83634
Keywords=None
Message=File System Filter 'DfsDriver' (10.0, ‎2016‎-‎07‎-‎16T02:21:37.000000000Z) has successfully loaded and registered with Filter Manager.
12/07/2020 11:50:29 AM
LogName=System
SourceName=Microsoft-Windows-FilterManager
EventCode=6
EventType=4
Type=Information
ComputerName=win-dc-633.attackrange.local
User=NOT_TRANSLATED
Sid=S-1-5-18
SidType=0
TaskCategory=None
OpCode=Info
RecordNumber=83633
Keywords=None
Message=File System Filter 'FileCrypt' (10.0, ‎2018‎-‎08‎-‎30T20:44:27.000000000Z) has successfully loaded and registered with Filter Manager.
12/07/2020 11:50:29 AM
LogName=System
SourceName=Microsoft-Windows-Ntfs
EventCode=98
EventType=4
Type=Information
ComputerName=win-dc-633.attackrange.local
User=NOT_TRANSLATED
Sid=S-1-5-18
SidType=0
TaskCategory=None
OpCode=Info
RecordNumber=83632
Keywords=None
Message=Volume C: (\Device\HarddiskVolume1) is healthy.  No action is needed.
12/07/2020 11:50:29 AM
LogName=System
SourceName=Microsoft-Windows-FilterManager
EventCode=6
EventType=4
Type=Information
ComputerName=win-dc-633.attackrange.local
User=NOT_TRANSLATED
Sid=S-1-5-18
SidType=0
TaskCategory=None
OpCode=Info
RecordNumber=83631
Keywords=None
Message=File System Filter 'DfsrRo' (10.0, ‎2016‎-‎07‎-‎16T02:20:37.000000000Z) has successfully loaded and registered with Filter Manager.
