12/07/2020 11:54:28 AM
LogName=System
SourceName=Microsoft-Windows-GroupPolicy
EventCode=1058
EventType=2
Type=Error
ComputerName=win-dc-633.attackrange.local
User=NOT_TRANSLATED
Sid=S-1-5-18
SidType=0
TaskCategory=None
OpCode=Start
RecordNumber=83777
Keywords=None
Message=The processing of Group Policy failed. Windows attempted to read the file \\attackrange.local\sysvol\attackrange.local\Policies\{31B2F340-016D-11D2-945F-00C04FB984F9}\gpt.ini from a domain controller and was not successful. Group Policy settings may not be applied until this event is resolved. This issue may be transient and could be caused by one or more of the following: 
a) Name Resolution/Network Connectivity to the current domain controller. 
b) File Replication Service Latency (a file created on another domain controller has not replicated to the current domain controller). 
c) The Distributed File System (DFS) client has been disabled.
12/07/2020 11:54:30 AM
LogName=System
SourceName=Microsoft-Windows-Service Control Manager
EventCode=7036
EventType=4
Type=Information
ComputerName=win-dc-633.attackrange.local
TaskCategory=None
OpCode=The operation completed successfully.
RecordNumber=83779
Keywords=Classic
Message=The VSS service entered the stopped state.
12/07/2020 11:54:46 AM
LogName=System
SourceName=Microsoft-Windows-Service Control Manager
EventCode=7036
EventType=4
Type=Information
ComputerName=win-dc-633.attackrange.local
TaskCategory=None
OpCode=The operation completed successfully.
RecordNumber=83781
Keywords=Classic
Message=The wisvc service entered the running state.
12/07/2020 11:54:46 AM
LogName=System
SourceName=Microsoft-Windows-Service Control Manager
EventCode=7036
EventType=4
Type=Information
ComputerName=win-dc-633.attackrange.local
TaskCategory=None
OpCode=The operation completed successfully.
RecordNumber=83780
Keywords=Classic
Message=The UsoSvc service entered the running state.
12/07/2020 11:54:55 AM
LogName=System
SourceName=Microsoft-Windows-DistributedCOM
EventCode=10016
EventType=2
Type=Error
ComputerName=win-dc-633.attackrange.local
User=NOT_TRANSLATED
Sid=S-1-5-21-3911646319-387810913-1839908539-500
SidType=0
TaskCategory=None
OpCode=Info
RecordNumber=83782
Keywords=Classic
Message=The application-specific permission settings do not grant Local Activation permission for the COM Server application with CLSID 
{D63B10C5-BB46-4990-A94F-E40B9D520160}
 and APPID 
{9CA88EE3-ACB7-47C8-AFC4-AB702511C276}
 to the user ATTACKRANGE\Administrator SID (S-1-5-21-3911646319-387810913-1839908539-500) from address LocalHost (Using LRPC) running in the application container Unavailable SID (Unavailable). This security permission can be modified using the Component Services administrative tool.
12/07/2020 11:54:58 AM
LogName=System
SourceName=Microsoft-Windows-Service Control Manager
EventCode=7036
EventType=4
Type=Information
ComputerName=win-dc-633.attackrange.local
TaskCategory=None
OpCode=The operation completed successfully.
RecordNumber=83783
Keywords=Classic
Message=The Windows Modules Installer service entered the running state.
12/07/2020 11:55:11 AM
LogName=System
SourceName=Microsoft-Windows-Service Control Manager
EventCode=7036
EventType=4
Type=Information
ComputerName=win-dc-633.attackrange.local
TaskCategory=None
OpCode=The operation completed successfully.
RecordNumber=83784
Keywords=Classic
Message=The msiserver service entered the running state.
12/07/2020 11:55:12 AM
LogName=System
SourceName=Microsoft-Windows-Service Control Manager
EventCode=7036
EventType=4
Type=Information
ComputerName=win-dc-633.attackrange.local
TaskCategory=None
OpCode=The operation completed successfully.
RecordNumber=83785
Keywords=Classic
Message=The WdiSystemHost service entered the running state.
12/07/2020 11:55:16 AM
LogName=System
SourceName=Microsoft-Windows-Service Control Manager
EventCode=7045
EventType=4
Type=Information
ComputerName=win-dc-633.attackrange.local
User=NOT_TRANSLATED
Sid=S-1-5-18
SidType=0
TaskCategory=None
OpCode=The operation completed successfully.
RecordNumber=83788
Keywords=Classic
Message=A service was installed in the system.

Service Name:  SplunkMonitorNoHandle
Service File Name:  system32\DRIVERS\SplunkMonitorNoHandleDrv.sys
Service Type:  kernel mode driver
Service Start Type:  demand start
Service Account:
12/07/2020 11:55:16 AM
LogName=System
SourceName=Microsoft-Windows-Service Control Manager
EventCode=7045
EventType=4
Type=Information
ComputerName=win-dc-633.attackrange.local
User=NOT_TRANSLATED
Sid=S-1-5-18
SidType=0
TaskCategory=None
OpCode=The operation completed successfully.
RecordNumber=83787
Keywords=Classic
Message=A service was installed in the system.

Service Name:  splknetdrv
Service File Name:  \SystemRoot\system32\DRIVERS\splknetdrv.sys
Service Type:  kernel mode driver
Service Start Type:  demand start
Service Account:
12/07/2020 11:55:16 AM
LogName=System
SourceName=Microsoft-Windows-Service Control Manager
EventCode=7045
EventType=4
Type=Information
ComputerName=win-dc-633.attackrange.local
User=NOT_TRANSLATED
Sid=S-1-5-18
SidType=0
TaskCategory=None
OpCode=The operation completed successfully.
RecordNumber=83786
Keywords=Classic
Message=A service was installed in the system.

Service Name:  Splunk Trace Kernel Mode Driver
Service File Name:  \SystemRoot\system32\DRIVERS\splunkdrv.sys
Service Type:  kernel mode driver
Service Start Type:  demand start
Service Account:
12/07/2020 11:55:20 AM
LogName=System
SourceName=Microsoft-Windows-Service Control Manager
EventCode=7045
EventType=4
Type=Information
ComputerName=win-dc-633.attackrange.local
User=NOT_TRANSLATED
Sid=S-1-5-18
SidType=0
TaskCategory=None
OpCode=The operation completed successfully.
RecordNumber=83789
Keywords=Classic
Message=A service was installed in the system.

Service Name:  SplunkForwarder Service
Service File Name:  "C:\Program Files\SplunkUniversalForwarder\bin\splunkd.exe" service
Service Type:  user mode service
Service Start Type:  auto start
Service Account:  LocalSystem
12/07/2020 11:55:32 AM
LogName=System
SourceName=Microsoft-Windows-Service Control Manager
EventCode=7036
EventType=4
Type=Information
ComputerName=win-dc-633.attackrange.local
TaskCategory=None
OpCode=The operation completed successfully.
RecordNumber=83790
Keywords=Classic
Message=The SplunkForwarder Service service entered the running state.
12/07/2020 11:55:46 AM
LogName=System
SourceName=Microsoft-Windows-Service Control Manager
EventCode=7036
EventType=4
Type=Information
ComputerName=win-dc-633.attackrange.local
TaskCategory=None
OpCode=The operation completed successfully.
RecordNumber=83791
Keywords=Classic
Message=The Windows Insider Service service entered the stopped state.
12/07/2020 11:55:51 AM
LogName=System
SourceName=Microsoft-Windows-Service Control Manager
EventCode=7036
EventType=4
Type=Information
ComputerName=win-dc-633.attackrange.local
TaskCategory=None
OpCode=The operation completed successfully.
RecordNumber=83792
Keywords=Classic
Message=The Update Orchestrator Service for Windows Update service entered the stopped state.
12/07/2020 11:56:09 AM
LogName=System
SourceName=Microsoft-Windows-Service Control Manager
EventCode=7036
EventType=4
Type=Information
ComputerName=win-dc-633.attackrange.local
TaskCategory=None
OpCode=The operation completed successfully.
RecordNumber=83794
Keywords=Classic
Message=The SplunkForwarder Service service entered the stopped state.
12/07/2020 11:56:09 AM
LogName=System
SourceName=Microsoft-Windows-Service Control Manager
EventCode=7036
EventType=4
Type=Information
ComputerName=win-dc-633.attackrange.local
TaskCategory=None
OpCode=The operation completed successfully.
RecordNumber=83793
Keywords=Classic
Message=The SplunkForwarder Service service entered the stopped state.
12/07/2020 11:56:17 AM
LogName=System
SourceName=Microsoft-Windows-Service Control Manager
EventCode=7036
EventType=4
Type=Information
ComputerName=win-dc-633.attackrange.local
TaskCategory=None
OpCode=The operation completed successfully.
RecordNumber=83795
Keywords=Classic
Message=The SplunkForwarder Service service entered the running state.
12/07/2020 11:56:54 AM
LogName=System
SourceName=Microsoft-Windows-Service Control Manager
EventCode=7036
EventType=4
Type=Information
ComputerName=win-dc-633.attackrange.local
TaskCategory=None
OpCode=The operation completed successfully.
RecordNumber=83799
Keywords=Classic
Message=The sysmon64 service entered the running state.
12/07/2020 11:56:54 AM
LogName=System
SourceName=Microsoft-Windows-FilterManager
EventCode=6
EventType=4
Type=Information
ComputerName=win-dc-633.attackrange.local
User=NOT_TRANSLATED
Sid=S-1-5-18
SidType=0
TaskCategory=None
OpCode=Info
RecordNumber=83798
Keywords=None
Message=File System Filter 'SysmonDrv' (0.0, ‎2019‎-‎12‎-‎10T21:51:09.000000000Z) has successfully loaded and registered with Filter Manager.
12/07/2020 11:56:54 AM
LogName=System
SourceName=Microsoft-Windows-Service Control Manager
EventCode=7045
EventType=4
Type=Information
ComputerName=win-dc-633.attackrange.local
User=NOT_TRANSLATED
Sid=S-1-5-21-3911646319-387810913-1839908539-500
SidType=0
TaskCategory=None
OpCode=The operation completed successfully.
RecordNumber=83797
Keywords=Classic
Message=A service was installed in the system.

Service Name:  SysmonDrv
Service File Name:  C:\Windows\SysmonDrv.sys
Service Type:  kernel mode driver
Service Start Type:  boot start
Service Account:
12/07/2020 11:56:54 AM
LogName=System
SourceName=Microsoft-Windows-Service Control Manager
EventCode=7045
EventType=4
Type=Information
ComputerName=win-dc-633.attackrange.local
User=NOT_TRANSLATED
Sid=S-1-5-21-3911646319-387810913-1839908539-500
SidType=0
TaskCategory=None
OpCode=The operation completed successfully.
RecordNumber=83796
Keywords=Classic
Message=A service was installed in the system.

Service Name:  sysmon64
Service File Name:  C:\Windows\sysmon64.exe
Service Type:  user mode service
Service Start Type:  auto start
Service Account:  LocalSystem
12/07/2020 11:57:00 AM
LogName=System
SourceName=User32
EventCode=1074
EventType=4
Type=Information
ComputerName=win-dc-633.attackrange.local
User=NOT_TRANSLATED
Sid=S-1-5-21-3911646319-387810913-1839908539-500
SidType=0
TaskCategory=None
OpCode=The operation completed successfully.
RecordNumber=83800
Keywords=Classic
Message=The process C:\Windows\system32\shutdown.exe (WIN-DC-633) has initiated the restart of computer WIN-DC-633 on behalf of user ATTACKRANGE\Administrator for the following reason: No title for this reason could be found
 Reason Code: 0x800000ff
 Shutdown Type: restart
 Comment: Reboot initiated by Ansible
12/07/2020 11:57:01 AM
LogName=System
SourceName=Microsoft-Windows-Service Control Manager
EventCode=7036
EventType=4
Type=Information
ComputerName=win-dc-633.attackrange.local
TaskCategory=None
OpCode=The operation completed successfully.
RecordNumber=83801
Keywords=Classic
Message=The Windows Modules Installer service entered the stopped state.
12/07/2020 11:57:03 AM
LogName=System
SourceName=Microsoft-Windows-Service Control Manager
EventCode=7036
EventType=4
Type=Information
ComputerName=win-dc-633.attackrange.local
TaskCategory=None
OpCode=The operation completed successfully.
RecordNumber=83838
Keywords=Classic
Message=The Task Scheduler service entered the stopped state.
12/07/2020 11:57:03 AM
LogName=System
SourceName=Microsoft-Windows-Service Control Manager
EventCode=7036
EventType=4
Type=Information
ComputerName=win-dc-633.attackrange.local
TaskCategory=None
OpCode=The operation completed successfully.
RecordNumber=83837
Keywords=Classic
Message=The DNS Server service entered the stopped state.
12/07/2020 11:57:03 AM
LogName=System
SourceName=Microsoft-Windows-Service Control Manager
EventCode=7036
EventType=4
Type=Information
ComputerName=win-dc-633.attackrange.local
TaskCategory=None
OpCode=The operation completed successfully.
RecordNumber=83836
Keywords=Classic
Message=The DFS Replication service entered the stopped state.
12/07/2020 11:57:03 AM
LogName=System
SourceName=Microsoft-Windows-Service Control Manager
EventCode=7036
EventType=4
Type=Information
ComputerName=win-dc-633.attackrange.local
TaskCategory=None
OpCode=The operation completed successfully.
RecordNumber=83835
Keywords=Classic
Message=The Windows Remote Management (WS-Management) service entered the stopped state.
12/07/2020 11:57:03 AM
LogName=System
SourceName=Microsoft-Windows-Service Control Manager
EventCode=7036
EventType=4
Type=Information
ComputerName=win-dc-633.attackrange.local
TaskCategory=None
OpCode=The operation completed successfully.
RecordNumber=83834
Keywords=Classic
Message=The User Profile Service service entered the stopped state.
12/07/2020 11:57:03 AM
LogName=System
SourceName=Microsoft-Windows-Service Control Manager
EventCode=7036
EventType=4
Type=Information
ComputerName=win-dc-633.attackrange.local
TaskCategory=None
OpCode=The operation completed successfully.
RecordNumber=83833
Keywords=Classic
Message=The Cryptographic Services service entered the stopped state.
12/07/2020 11:57:03 AM
LogName=System
SourceName=Microsoft-Windows-Service Control Manager
EventCode=7036
EventType=4
Type=Information
ComputerName=win-dc-633.attackrange.local
TaskCategory=None
OpCode=The operation completed successfully.
RecordNumber=83832
Keywords=Classic
Message=The Remote Desktop Services service entered the stopped state.
12/07/2020 11:57:03 AM
LogName=System
SourceName=Microsoft-Windows-Service Control Manager
EventCode=7036
EventType=4
Type=Information
ComputerName=win-dc-633.attackrange.local
TaskCategory=None
OpCode=The operation completed successfully.
RecordNumber=83831
Keywords=Classic
Message=The Intersite Messaging service entered the stopped state.
12/07/2020 11:57:03 AM
LogName=System
SourceName=Microsoft-Windows-Service Control Manager
EventCode=7036
EventType=4
Type=Information
ComputerName=win-dc-633.attackrange.local
TaskCategory=None
OpCode=The operation completed successfully.
RecordNumber=83830
Keywords=Classic
Message=The Windows Update service entered the stopped state.
12/07/2020 11:57:03 AM
LogName=System
SourceName=Microsoft-Windows-Service Control Manager
EventCode=7036
EventType=4
Type=Information
ComputerName=win-dc-633.attackrange.local
TaskCategory=None
OpCode=The operation completed successfully.
RecordNumber=83829
Keywords=Classic
Message=The Windows Event Log service entered the stopped state.
12/07/2020 11:57:03 AM
LogName=System
SourceName=Microsoft-Windows-Service Control Manager
EventCode=7036
EventType=4
Type=Information
ComputerName=win-dc-633.attackrange.local
TaskCategory=None
OpCode=The operation completed successfully.
RecordNumber=83828
Keywords=Classic
Message=The State Repository Service service entered the stopped state.
12/07/2020 11:57:03 AM
LogName=System
SourceName=Microsoft-Windows-Service Control Manager
EventCode=7036
EventType=4
Type=Information
ComputerName=win-dc-633.attackrange.local
TaskCategory=None
OpCode=The operation completed successfully.
RecordNumber=83827
Keywords=Classic
Message=The DHCP Client service entered the stopped state.
12/07/2020 11:57:03 AM
LogName=System
SourceName=Microsoft-Windows-Dhcp-Client
EventCode=50037
EventType=4
Type=Information
ComputerName=win-dc-633.attackrange.local
User=NOT_TRANSLATED
Sid=S-1-5-19
SidType=0
TaskCategory=Service State Event
OpCode=ServiceStop
RecordNumber=83826
Keywords=None
Message=DHCPv4 client service is stopped. ShutDown Flag value is 1
12/07/2020 11:57:03 AM
LogName=System
SourceName=Microsoft-Windows-DHCPv6-Client
EventCode=51047
EventType=4
Type=Information
ComputerName=win-dc-633.attackrange.local
User=NOT_TRANSLATED
Sid=S-1-5-19
SidType=0
TaskCategory=Service State Event
OpCode=ServiceStop
RecordNumber=83825
Keywords=None
Message=DHCPv6 client service is stopped. ShutDown Flag value is 1
12/07/2020 11:57:03 AM
LogName=System
SourceName=Microsoft-Windows-Service Control Manager
EventCode=7036
EventType=4
Type=Information
ComputerName=win-dc-633.attackrange.local
TaskCategory=None
OpCode=The operation completed successfully.
RecordNumber=83824
Keywords=Classic
Message=The Windows Connection Manager service entered the stopped state.
12/07/2020 11:57:03 AM
LogName=System
SourceName=Microsoft-Windows-Service Control Manager
EventCode=7036
EventType=4
Type=Information
ComputerName=win-dc-633.attackrange.local
TaskCategory=None
OpCode=The operation completed successfully.
RecordNumber=83823
Keywords=Classic
Message=The Virtual Disk service entered the stopped state.
12/07/2020 11:57:03 AM
LogName=System
SourceName=Microsoft-Windows-Service Control Manager
EventCode=7036
EventType=4
Type=Information
ComputerName=win-dc-633.attackrange.local
TaskCategory=None
OpCode=The operation completed successfully.
RecordNumber=83822
Keywords=Classic
Message=The Program Compatibility Assistant Service service entered the stopped state.
12/07/2020 11:57:03 AM
LogName=System
SourceName=Microsoft-Windows-Service Control Manager
EventCode=7036
EventType=4
Type=Information
ComputerName=win-dc-633.attackrange.local
TaskCategory=None
OpCode=The operation completed successfully.
RecordNumber=83821
Keywords=Classic
Message=The Certificate Propagation service entered the stopped state.
12/07/2020 11:57:03 AM
LogName=System
SourceName=Microsoft-Windows-Service Control Manager
EventCode=7036
EventType=4
Type=Information
ComputerName=win-dc-633.attackrange.local
TaskCategory=None
OpCode=The operation completed successfully.
RecordNumber=83820
Keywords=Classic
Message=The Microsoft Software Shadow Copy Provider service entered the stopped state.
12/07/2020 11:57:03 AM
LogName=System
SourceName=Microsoft-Windows-Service Control Manager
EventCode=7036
EventType=4
Type=Information
ComputerName=win-dc-633.attackrange.local
TaskCategory=None
OpCode=The operation completed successfully.
RecordNumber=83819
Keywords=Classic
Message=The Windows Management Instrumentation service entered the stopped state.
12/07/2020 11:57:03 AM
LogName=System
SourceName=Microsoft-Windows-Service Control Manager
EventCode=7036
EventType=4
Type=Information
ComputerName=win-dc-633.attackrange.local
TaskCategory=None
OpCode=The operation completed successfully.
RecordNumber=83818
Keywords=Classic
Message=The Distributed Transaction Coordinator service entered the stopped state.
12/07/2020 11:57:03 AM
LogName=System
SourceName=Microsoft-Windows-Service Control Manager
EventCode=7036
EventType=4
Type=Information
ComputerName=win-dc-633.attackrange.local
TaskCategory=None
OpCode=The operation completed successfully.
RecordNumber=83817
Keywords=Classic
Message=The Windows Font Cache Service service entered the stopped state.
12/07/2020 11:57:03 AM
LogName=System
SourceName=Microsoft-Windows-Service Control Manager
EventCode=7036
EventType=4
Type=Information
ComputerName=win-dc-633.attackrange.local
TaskCategory=None
OpCode=The operation completed successfully.
RecordNumber=83816
Keywords=Classic
Message=The Diagnostic Policy Service service entered the stopped state.
12/07/2020 11:57:03 AM
LogName=System
SourceName=Microsoft-Windows-Service Control Manager
EventCode=7036
EventType=4
Type=Information
ComputerName=win-dc-633.attackrange.local
TaskCategory=None
OpCode=The operation completed successfully.
RecordNumber=83815
Keywords=Classic
Message=The Windows Time service entered the stopped state.
12/07/2020 11:57:03 AM
LogName=System
SourceName=Microsoft-Windows-Service Control Manager
EventCode=7036
EventType=4
Type=Information
ComputerName=win-dc-633.attackrange.local
TaskCategory=None
OpCode=The operation completed successfully.
RecordNumber=83814
Keywords=Classic
Message=The IPsec Policy Agent service entered the stopped state.
12/07/2020 11:57:03 AM
LogName=System
SourceName=Microsoft-Windows-Service Control Manager
EventCode=7036
EventType=4
Type=Information
ComputerName=win-dc-633.attackrange.local
TaskCategory=None
OpCode=The operation completed successfully.
RecordNumber=83813
Keywords=Classic
Message=The Active Directory Web Services service entered the stopped state.
12/07/2020 11:57:03 AM
LogName=System
SourceName=Microsoft-Windows-Service Control Manager
EventCode=7036
EventType=4
Type=Information
ComputerName=win-dc-633.attackrange.local
TaskCategory=None
OpCode=The operation completed successfully.
RecordNumber=83812
Keywords=Classic
Message=The Windows Installer service entered the stopped state.
12/07/2020 11:57:03 AM
LogName=System
SourceName=Microsoft-Windows-Kernel-General
EventCode=1
EventType=4
Type=Information
ComputerName=win-dc-633.attackrange.local
User=NOT_TRANSLATED
Sid=S-1-5-19
SidType=0
TaskCategory=5
OpCode=Info
RecordNumber=83811
Keywords=Time
Message=The system time has changed to ‎2020‎-‎12‎-‎07T11:57:03.250000000Z from ‎2020‎-‎12‎-‎07T11:57:03.250219100Z.

Change Reason: An application or system component changed the time.
12/07/2020 11:57:03 AM
LogName=System
SourceName=Microsoft-Windows-Service Control Manager
EventCode=7036
EventType=4
Type=Information
ComputerName=win-dc-633.attackrange.local
TaskCategory=None
OpCode=The operation completed successfully.
RecordNumber=83810
Keywords=Classic
Message=The AWS Lite Guest Agent service entered the stopped state.
12/07/2020 11:57:03 AM
LogName=System
SourceName=Microsoft-Windows-Service Control Manager
EventCode=7036
EventType=4
Type=Information
ComputerName=win-dc-633.attackrange.local
TaskCategory=None
OpCode=The operation completed successfully.
RecordNumber=83809
Keywords=Classic
Message=The Diagnostic System Host service entered the stopped state.
12/07/2020 11:57:03 AM
LogName=System
SourceName=Microsoft-Windows-Service Control Manager
EventCode=7036
EventType=4
Type=Information
ComputerName=win-dc-633.attackrange.local
TaskCategory=None
OpCode=The operation completed successfully.
RecordNumber=83808
Keywords=Classic
Message=The Amazon SSM Agent service entered the stopped state.
12/07/2020 11:57:03 AM
LogName=System
SourceName=Microsoft-Windows-Service Control Manager
EventCode=7036
EventType=4
Type=Information
ComputerName=win-dc-633.attackrange.local
TaskCategory=None
OpCode=The operation completed successfully.
RecordNumber=83807
Keywords=Classic
Message=The Remote Desktop Services UserMode Port Redirector service entered the stopped state.
12/07/2020 11:57:03 AM
LogName=System
SourceName=Microsoft-Windows-Service Control Manager
EventCode=7036
EventType=4
Type=Information
ComputerName=win-dc-633.attackrange.local
TaskCategory=None
OpCode=The operation completed successfully.
RecordNumber=83806
Keywords=Classic
Message=The Plug and Play service entered the stopped state.
12/07/2020 11:57:03 AM
LogName=System
SourceName=Microsoft-Windows-Service Control Manager
EventCode=7036
EventType=4
Type=Information
ComputerName=win-dc-633.attackrange.local
TaskCategory=None
OpCode=The operation completed successfully.
RecordNumber=83805
Keywords=Classic
Message=The User Access Logging Service service entered the stopped state.
12/07/2020 11:57:03 AM
LogName=System
SourceName=Microsoft-Windows-Service Control Manager
EventCode=7036
EventType=4
Type=Information
ComputerName=win-dc-633.attackrange.local
TaskCategory=None
OpCode=The operation completed successfully.
RecordNumber=83804
Keywords=Classic
Message=The Tile Data model server service entered the stopped state.
12/07/2020 11:57:03 AM
LogName=System
SourceName=Microsoft-Windows-Service Control Manager
EventCode=7036
EventType=4
Type=Information
ComputerName=win-dc-633.attackrange.local
TaskCategory=None
OpCode=The operation completed successfully.
RecordNumber=83803
Keywords=Classic
Message=The Group Policy Client service entered the stopped state.
12/07/2020 11:57:03 AM
LogName=System
SourceName=EventLog
EventCode=6006
EventType=4
Type=Information
ComputerName=win-dc-633.attackrange.local
TaskCategory=None
OpCode=None
RecordNumber=83802
Keywords=Classic
Message=The Event log service was stopped.
12/07/2020 11:57:04 AM
LogName=System
SourceName=Microsoft-Windows-Service Control Manager
EventCode=7036
EventType=4
Type=Information
ComputerName=win-dc-633.attackrange.local
TaskCategory=None
OpCode=The operation completed successfully.
RecordNumber=83844
Keywords=Classic
Message=The SplunkForwarder Service service entered the stopped state.
12/07/2020 11:57:04 AM
LogName=System
SourceName=Microsoft-Windows-Service Control Manager
EventCode=7036
EventType=4
Type=Information
ComputerName=win-dc-633.attackrange.local
TaskCategory=None
OpCode=The operation completed successfully.
RecordNumber=83843
Keywords=Classic
Message=The SplunkForwarder Service service entered the stopped state.
12/07/2020 11:57:04 AM
LogName=System
SourceName=Microsoft-Windows-Service Control Manager
EventCode=7036
EventType=4
Type=Information
ComputerName=win-dc-633.attackrange.local
TaskCategory=None
OpCode=The operation completed successfully.
RecordNumber=83842
Keywords=Classic
Message=The Active Directory Domain Services service entered the stopped state.
12/07/2020 11:57:05 AM
LogName=System
SourceName=Microsoft-Windows-DNS Client Events
EventCode=1014
EventType=3
Type=Warning
ComputerName=win-dc-633.attackrange.local
User=NOT_TRANSLATED
Sid=S-1-5-20
SidType=0
TaskCategory=1014
OpCode=Info
RecordNumber=83845
Keywords=None
Message=Name resolution for the name 255.1.0.10.in-addr.arpa. timed out after none of the configured DNS servers responded.
12/07/2020 11:57:08 AM
LogName=System
SourceName=Microsoft-Windows-Kernel-General
EventCode=13
EventType=4
Type=Information
ComputerName=win-dc-633.attackrange.local
TaskCategory=2
OpCode=Info
RecordNumber=83847
Keywords=None
Message=The operating system is shutting down at system time ‎2020‎-‎12‎-‎07T11:57:08.491595500Z.
12/07/2020 11:57:08 AM
LogName=System
SourceName=Microsoft-Windows-Kernel-Power
EventCode=109
EventType=4
Type=Information
ComputerName=win-dc-633.attackrange.local
TaskCategory=103
OpCode=Info
RecordNumber=83846
Keywords=None
Message=The kernel power manager has initiated a shutdown transition.

Shutdown Reason: Kernel API
12/07/2020 11:57:30 AM
LogName=System
SourceName=Microsoft-Windows-Kernel-Boot
EventCode=32
EventType=4
Type=Information
ComputerName=win-dc-633.attackrange.local
User=NOT_TRANSLATED
Sid=S-1-5-18
SidType=0
TaskCategory=None
OpCode=Info
RecordNumber=83854
Keywords=None
Message=The bootmgr spent 0 ms waiting for user input.
12/07/2020 11:57:30 AM
LogName=System
SourceName=Microsoft-Windows-Kernel-Boot
EventCode=18
EventType=4
Type=Information
ComputerName=win-dc-633.attackrange.local
User=NOT_TRANSLATED
Sid=S-1-5-18
SidType=0
TaskCategory=None
OpCode=Info
RecordNumber=83853
Keywords=None
Message=There are 0x1 boot options on this system.
12/07/2020 11:57:30 AM
LogName=System
SourceName=Microsoft-Windows-Kernel-Boot
EventCode=25
EventType=4
Type=Information
ComputerName=win-dc-633.attackrange.local
User=NOT_TRANSLATED
Sid=S-1-5-18
SidType=0
TaskCategory=32
OpCode=Info
RecordNumber=83852
Keywords=None
Message=The boot menu policy was 0x0.
12/07/2020 11:57:30 AM
LogName=System
SourceName=Microsoft-Windows-Kernel-Boot
EventCode=27
EventType=4
Type=Information
ComputerName=win-dc-633.attackrange.local
User=NOT_TRANSLATED
Sid=S-1-5-18
SidType=0
TaskCategory=33
OpCode=Info
RecordNumber=83851
Keywords=None
Message=The boot type was 0x0.
12/07/2020 11:57:30 AM
LogName=System
SourceName=Microsoft-Windows-Kernel-Boot
EventCode=20
EventType=4
Type=Information
ComputerName=win-dc-633.attackrange.local
User=NOT_TRANSLATED
Sid=S-1-5-18
SidType=0
TaskCategory=31
OpCode=Info
RecordNumber=83850
Keywords=None
Message=The last shutdown's success status was true. The last boot's success status was true.
12/07/2020 11:57:30 AM
LogName=System
SourceName=Microsoft-Windows-Kernel-Boot
EventCode=153
EventType=4
Type=Information
ComputerName=win-dc-633.attackrange.local
User=NOT_TRANSLATED
Sid=S-1-5-18
SidType=0
TaskCategory=None
OpCode=Info
RecordNumber=83849
Keywords=None
Message=The Virtualization Based Security (policies: 0) is disabled with status STATUS_SUCCESS.
12/07/2020 11:57:30 AM
LogName=System
SourceName=Microsoft-Windows-Kernel-General
EventCode=12
EventType=4
Type=Information
ComputerName=win-dc-633.attackrange.local
User=NOT_TRANSLATED
Sid=S-1-5-18
SidType=0
TaskCategory=1
OpCode=Info
RecordNumber=83848
Keywords=None
Message=The operating system started at system time ‎2020‎-‎12‎-‎07T11:57:30.494403100Z.
12/07/2020 11:57:33 AM
LogName=System
SourceName=Microsoft-Windows-Ntfs
EventCode=98
EventType=4
Type=Information
ComputerName=win-dc-633.attackrange.local
User=NOT_TRANSLATED
Sid=S-1-5-18
SidType=0
TaskCategory=None
OpCode=Info
RecordNumber=83858
Keywords=None
Message=Volume C: (\Device\HarddiskVolume1) is healthy.  No action is needed.
12/07/2020 11:57:33 AM
LogName=System
SourceName=Microsoft-Windows-FilterManager
EventCode=6
EventType=4
Type=Information
ComputerName=win-dc-633.attackrange.local
User=NOT_TRANSLATED
Sid=S-1-5-18
SidType=0
TaskCategory=None
OpCode=Info
RecordNumber=83857
Keywords=None
Message=File System Filter 'SysmonDrv' (0.0, ‎2019‎-‎12‎-‎10T21:51:09.000000000Z) has successfully loaded and registered with Filter Manager.
12/07/2020 11:57:33 AM
LogName=System
SourceName=Microsoft-Windows-FilterManager
EventCode=6
EventType=4
Type=Information
ComputerName=win-dc-633.attackrange.local
User=NOT_TRANSLATED
Sid=S-1-5-18
SidType=0
TaskCategory=None
OpCode=Info
RecordNumber=83856
Keywords=None
Message=File System Filter 'DfsrRo' (10.0, ‎2016‎-‎07‎-‎16T02:20:37.000000000Z) has successfully loaded and registered with Filter Manager.
12/07/2020 11:57:33 AM
LogName=System
SourceName=Microsoft-Windows-FilterManager
EventCode=6
EventType=4
Type=Information
ComputerName=win-dc-633.attackrange.local
User=NOT_TRANSLATED
Sid=S-1-5-18
SidType=0
TaskCategory=None
OpCode=Info
RecordNumber=83855
Keywords=None
Message=File System Filter 'Wof' (10.0, ‎2019‎-‎09‎-‎29T22:52:46.000000000Z) has successfully loaded and registered with Filter Manager.
12/07/2020 11:57:34 AM
LogName=System
SourceName=Microsoft-Windows-Kernel-Processor-Power
EventCode=55
EventType=4
Type=Information
ComputerName=win-dc-633.attackrange.local
User=NOT_TRANSLATED
Sid=S-1-5-18
SidType=0
TaskCategory=47
OpCode=Info
RecordNumber=83870
Keywords=None
Message=Processor 7 in group 0 exposes the following power management capabilities:

Idle state type: ACPI Idle (C) States (1 state(s))

Performance state type: None
Nominal Frequency (MHz): 2300
Maximum performance percentage: 100
Minimum performance percentage: 100
Minimum throttle percentage: 100
12/07/2020 11:57:34 AM
LogName=System
SourceName=Microsoft-Windows-Kernel-Processor-Power
EventCode=55
EventType=4
Type=Information
ComputerName=win-dc-633.attackrange.local
User=NOT_TRANSLATED
Sid=S-1-5-18
SidType=0
TaskCategory=47
OpCode=Info
RecordNumber=83869
Keywords=None
Message=Processor 6 in group 0 exposes the following power management capabilities:

Idle state type: ACPI Idle (C) States (1 state(s))

Performance state type: None
Nominal Frequency (MHz): 2300
Maximum performance percentage: 100
Minimum performance percentage: 100
Minimum throttle percentage: 100
12/07/2020 11:57:34 AM
LogName=System
SourceName=Microsoft-Windows-Kernel-Processor-Power
EventCode=55
EventType=4
Type=Information
ComputerName=win-dc-633.attackrange.local
User=NOT_TRANSLATED
Sid=S-1-5-18
SidType=0
TaskCategory=47
OpCode=Info
RecordNumber=83868
Keywords=None
Message=Processor 5 in group 0 exposes the following power management capabilities:

Idle state type: ACPI Idle (C) States (1 state(s))

Performance state type: None
Nominal Frequency (MHz): 2300
Maximum performance percentage: 100
Minimum performance percentage: 100
Minimum throttle percentage: 100
12/07/2020 11:57:34 AM
LogName=System
SourceName=Microsoft-Windows-Kernel-Processor-Power
EventCode=55
EventType=4
Type=Information
ComputerName=win-dc-633.attackrange.local
User=NOT_TRANSLATED
Sid=S-1-5-18
SidType=0
TaskCategory=47
OpCode=Info
RecordNumber=83867
Keywords=None
Message=Processor 4 in group 0 exposes the following power management capabilities:

Idle state type: ACPI Idle (C) States (1 state(s))

Performance state type: None
Nominal Frequency (MHz): 2300
Maximum performance percentage: 100
Minimum performance percentage: 100
Minimum throttle percentage: 100
12/07/2020 11:57:34 AM
LogName=System
SourceName=Microsoft-Windows-Kernel-Processor-Power
EventCode=55
EventType=4
Type=Information
ComputerName=win-dc-633.attackrange.local
User=NOT_TRANSLATED
Sid=S-1-5-18
SidType=0
TaskCategory=47
OpCode=Info
RecordNumber=83866
Keywords=None
Message=Processor 3 in group 0 exposes the following power management capabilities:

Idle state type: ACPI Idle (C) States (1 state(s))

Performance state type: None
Nominal Frequency (MHz): 2300
Maximum performance percentage: 100
Minimum performance percentage: 100
Minimum throttle percentage: 100
12/07/2020 11:57:34 AM
LogName=System
SourceName=Microsoft-Windows-Kernel-Processor-Power
EventCode=55
EventType=4
Type=Information
ComputerName=win-dc-633.attackrange.local
User=NOT_TRANSLATED
Sid=S-1-5-18
SidType=0
TaskCategory=47
OpCode=Info
RecordNumber=83865
Keywords=None
Message=Processor 2 in group 0 exposes the following power management capabilities:

Idle state type: ACPI Idle (C) States (1 state(s))

Performance state type: None
Nominal Frequency (MHz): 2300
Maximum performance percentage: 100
Minimum performance percentage: 100
Minimum throttle percentage: 100
12/07/2020 11:57:34 AM
LogName=System
SourceName=Microsoft-Windows-Kernel-Processor-Power
EventCode=55
EventType=4
Type=Information
ComputerName=win-dc-633.attackrange.local
User=NOT_TRANSLATED
Sid=S-1-5-18
SidType=0
TaskCategory=47
OpCode=Info
RecordNumber=83864
Keywords=None
Message=Processor 1 in group 0 exposes the following power management capabilities:

Idle state type: ACPI Idle (C) States (1 state(s))

Performance state type: None
Nominal Frequency (MHz): 2300
Maximum performance percentage: 100
Minimum performance percentage: 100
Minimum throttle percentage: 100
12/07/2020 11:57:34 AM
LogName=System
SourceName=Microsoft-Windows-Kernel-Processor-Power
EventCode=55
EventType=4
Type=Information
ComputerName=win-dc-633.attackrange.local
User=NOT_TRANSLATED
Sid=S-1-5-18
SidType=0
TaskCategory=47
OpCode=Info
RecordNumber=83863
Keywords=None
Message=Processor 0 in group 0 exposes the following power management capabilities:

Idle state type: ACPI Idle (C) States (1 state(s))

Performance state type: None
Nominal Frequency (MHz): 2300
Maximum performance percentage: 100
Minimum performance percentage: 100
Minimum throttle percentage: 100
12/07/2020 11:57:34 AM
LogName=System
SourceName=Microsoft-Windows-Kernel-Power
EventCode=172
EventType=4
Type=Information
ComputerName=win-dc-633.attackrange.local
User=NOT_TRANSLATED
Sid=S-1-5-18
SidType=0
TaskCategory=203
OpCode=Info
RecordNumber=83862
Keywords=None
Message=Connectivity state in standby: Disconnected, Reason: NIC compliance
12/07/2020 11:57:34 AM
LogName=System
SourceName=Microsoft-Windows-FilterManager
EventCode=6
EventType=4
Type=Information
ComputerName=win-dc-633.attackrange.local
User=NOT_TRANSLATED
Sid=S-1-5-18
SidType=0
TaskCategory=None
OpCode=Info
RecordNumber=83861
Keywords=None
Message=File System Filter 'npsvctrig' (10.0, ‎2016‎-‎07‎-‎16T02:28:33.000000000Z) has successfully loaded and registered with Filter Manager.
12/07/2020 11:57:34 AM
LogName=System
SourceName=Microsoft-Windows-FilterManager
EventCode=6
EventType=4
Type=Information
ComputerName=win-dc-633.attackrange.local
User=NOT_TRANSLATED
Sid=S-1-5-18
SidType=0
TaskCategory=None
OpCode=Info
RecordNumber=83860
Keywords=None
Message=File System Filter 'DfsDriver' (10.0, ‎2016‎-‎07‎-‎16T02:21:37.000000000Z) has successfully loaded and registered with Filter Manager.
12/07/2020 11:57:34 AM
LogName=System
SourceName=Microsoft-Windows-FilterManager
EventCode=6
EventType=4
Type=Information
ComputerName=win-dc-633.attackrange.local
User=NOT_TRANSLATED
Sid=S-1-5-18
SidType=0
TaskCategory=None
OpCode=Info
RecordNumber=83859
Keywords=None
Message=File System Filter 'FileCrypt' (10.0, ‎2018‎-‎08‎-‎30T20:44:27.000000000Z) has successfully loaded and registered with Filter Manager.
12/07/2020 11:57:35 AM
LogName=System
SourceName=Microsoft-Windows-Directory-Services-SAM
EventCode=16962
EventType=4
Type=Information
ComputerName=win-dc-633.attackrange.local
User=NOT_TRANSLATED
Sid=S-1-5-18
SidType=0
TaskCategory=None
OpCode=Info
RecordNumber=83872
Keywords=None
Message=Remote calls to the SAM database are being restricted using the default security descriptor: .
For more information please see http://go.microsoft.com/fwlink/?LinkId=787651.
12/07/2020 11:57:35 AM
LogName=System
SourceName=Microsoft-Windows-Wininit
EventCode=14
EventType=4
Type=Information
ComputerName=win-dc-633.attackrange.local
User=NOT_TRANSLATED
Sid=S-1-5-18
SidType=0
TaskCategory=None
OpCode=Info
RecordNumber=83871
Keywords=None
Message=Credential Guard (LsaIso.exe) configuration: 0x0, 0
12/07/2020 11:57:37 AM
LogName=System
SourceName=Microsoft-Windows-Iphlpsvc
EventCode=4200
EventType=4
Type=Information
ComputerName=win-dc-633.attackrange.local
User=NOT_TRANSLATED
Sid=S-1-5-18
SidType=0
TaskCategory=None
OpCode=Info
RecordNumber=83922
Keywords=None
Message=Isatap interface Reusable ISATAP Interface {90ABCE23-305A-4BDE-AA39-4FFDA7413134} with address fe80::5efe:10.0.1.14 has been brought up.
12/07/2020 11:57:37 AM
LogName=System
SourceName=Microsoft-Windows-Service Control Manager
EventCode=7036
EventType=4
Type=Information
ComputerName=win-dc-633.attackrange.local
TaskCategory=None
OpCode=The operation completed successfully.
RecordNumber=83921
Keywords=Classic
Message=The UserManager service entered the running state.
12/07/2020 11:57:37 AM
LogName=System
SourceName=Microsoft-Windows-Service Control Manager
EventCode=7036
EventType=4
Type=Information
ComputerName=win-dc-633.attackrange.local
TaskCategory=None
OpCode=The operation completed successfully.
RecordNumber=83920
Keywords=Classic
Message=The NetSetupSvc service entered the running state.
12/07/2020 11:57:37 AM
LogName=System
SourceName=Microsoft-Windows-Service Control Manager
EventCode=7036
EventType=4
Type=Information
ComputerName=win-dc-633.attackrange.local
TaskCategory=None
OpCode=The operation completed successfully.
RecordNumber=83919
Keywords=Classic
Message=The TimeBrokerSvc service entered the running state.
12/07/2020 11:57:37 AM
LogName=System
SourceName=Microsoft-Windows-Service Control Manager
EventCode=7036
EventType=4
Type=Information
ComputerName=win-dc-633.attackrange.local
TaskCategory=None
OpCode=The operation completed successfully.
RecordNumber=83918
Keywords=Classic
Message=The NcaSvc service entered the stopped state.
12/07/2020 11:57:37 AM
LogName=System
SourceName=Microsoft-Windows-Service Control Manager
EventCode=7036
EventType=4
Type=Information
ComputerName=win-dc-633.attackrange.local
TaskCategory=None
OpCode=The operation completed successfully.
RecordNumber=83917
Keywords=Classic
Message=The MpsSvc service entered the running state.
12/07/2020 11:57:37 AM
LogName=System
SourceName=Microsoft-Windows-Service Control Manager
EventCode=7036
EventType=4
Type=Information
ComputerName=win-dc-633.attackrange.local
TaskCategory=None
OpCode=The operation completed successfully.
RecordNumber=83916
Keywords=Classic
Message=The iphlpsvc service entered the running state.
12/07/2020 11:57:37 AM
LogName=System
SourceName=Microsoft-Windows-Service Control Manager
EventCode=7036
EventType=4
Type=Information
ComputerName=win-dc-633.attackrange.local
TaskCategory=None
OpCode=The operation completed successfully.
RecordNumber=83915
Keywords=Classic
Message=The Schedule service entered the running state.
12/07/2020 11:57:37 AM
LogName=System
SourceName=Microsoft-Windows-Service Control Manager
EventCode=7036
EventType=4
Type=Information
ComputerName=win-dc-633.attackrange.local
TaskCategory=None
OpCode=The operation completed successfully.
RecordNumber=83914
Keywords=Classic
Message=The SessionEnv service entered the running state.
12/07/2020 11:57:37 AM
LogName=System
SourceName=Microsoft-Windows-Service Control Manager
EventCode=7036
EventType=4
Type=Information
ComputerName=win-dc-633.attackrange.local
TaskCategory=None
OpCode=The operation completed successfully.
RecordNumber=83913
Keywords=Classic
Message=The Winmgmt service entered the running state.
12/07/2020 11:57:37 AM
LogName=System
SourceName=Microsoft-Windows-Service Control Manager
EventCode=7036
EventType=4
Type=Information
ComputerName=win-dc-633.attackrange.local
TaskCategory=None
OpCode=The operation completed successfully.
RecordNumber=83912
Keywords=Classic
Message=The ShellHWDetection service entered the running state.
12/07/2020 11:57:37 AM
LogName=System
SourceName=Microsoft-Windows-Service Control Manager
EventCode=7036
EventType=4
Type=Information
ComputerName=win-dc-633.attackrange.local
TaskCategory=None
OpCode=The operation completed successfully.
RecordNumber=83911
Keywords=Classic
Message=The Wcmsvc service entered the running state.
12/07/2020 11:57:37 AM
LogName=System
SourceName=Microsoft-Windows-DNS Client Events
EventCode=1014
EventType=3
Type=Warning
ComputerName=win-dc-633.attackrange.local
User=NOT_TRANSLATED
Sid=S-1-5-20
SidType=0
TaskCategory=1014
OpCode=Info
RecordNumber=83910
Keywords=None
Message=Name resolution for the name wpad timed out after none of the configured DNS servers responded.
12/07/2020 11:57:37 AM
LogName=System
SourceName=Microsoft-Windows-Service Control Manager
EventCode=7036
EventType=4
Type=Information
ComputerName=win-dc-633.attackrange.local
TaskCategory=None
OpCode=The operation completed successfully.
RecordNumber=83909
Keywords=Classic
Message=The FontCache service entered the running state.
12/07/2020 11:57:37 AM
LogName=System
SourceName=Microsoft-Windows-Service Control Manager
EventCode=7036
EventType=4
Type=Information
ComputerName=win-dc-633.attackrange.local
TaskCategory=None
OpCode=The operation completed successfully.
RecordNumber=83908
Keywords=Classic
Message=The WinHttpAutoProxySvc service entered the running state.
12/07/2020 11:57:37 AM
LogName=System
SourceName=Microsoft-Windows-Service Control Manager
EventCode=7036
EventType=4
Type=Information
ComputerName=win-dc-633.attackrange.local
TaskCategory=None
OpCode=The operation completed successfully.
RecordNumber=83907
Keywords=Classic
Message=The BFE service entered the running state.
12/07/2020 11:57:37 AM
LogName=System
SourceName=Microsoft-Windows-Service Control Manager
EventCode=7036
EventType=4
Type=Information
ComputerName=win-dc-633.attackrange.local
TaskCategory=None
OpCode=The operation completed successfully.
RecordNumber=83906
Keywords=Classic
Message=The LanmanWorkstation service entered the running state.
12/07/2020 11:57:37 AM
LogName=System
SourceName=Microsoft-Windows-Service Control Manager
EventCode=7036
EventType=4
Type=Information
ComputerName=win-dc-633.attackrange.local
TaskCategory=None
OpCode=The operation completed successfully.
RecordNumber=83905
Keywords=Classic
Message=The NcbService service entered the running state.
12/07/2020 11:57:37 AM
LogName=System
SourceName=Microsoft-Windows-Service Control Manager
EventCode=7036
EventType=4
Type=Information
ComputerName=win-dc-633.attackrange.local
TaskCategory=None
OpCode=The operation completed successfully.
RecordNumber=83904
Keywords=Classic
Message=The DsmSvc service entered the running state.
12/07/2020 11:57:37 AM
LogName=System
SourceName=Microsoft-Windows-Service Control Manager
EventCode=7036
EventType=4
Type=Information
ComputerName=win-dc-633.attackrange.local
TaskCategory=None
OpCode=The operation completed successfully.
RecordNumber=83903
Keywords=Classic
Message=The SENS service entered the running state.
12/07/2020 11:57:37 AM
LogName=System
SourceName=Microsoft-Windows-Service Control Manager
EventCode=7036
EventType=4
Type=Information
ComputerName=win-dc-633.attackrange.local
TaskCategory=None
OpCode=The operation completed successfully.
RecordNumber=83902
Keywords=Classic
Message=The gpsvc service entered the running state.
12/07/2020 11:57:37 AM
LogName=System
SourceName=Microsoft-Windows-Service Control Manager
EventCode=7036
EventType=4
Type=Information
ComputerName=win-dc-633.attackrange.local
TaskCategory=None
OpCode=The operation completed successfully.
RecordNumber=83901
Keywords=Classic
Message=The ProfSvc service entered the running state.
12/07/2020 11:57:37 AM
LogName=System
SourceName=Microsoft-Windows-Service Control Manager
EventCode=7036
EventType=4
Type=Information
ComputerName=win-dc-633.attackrange.local
TaskCategory=None
OpCode=The operation completed successfully.
RecordNumber=83900
Keywords=Classic
Message=The netprofm service entered the running state.
12/07/2020 11:57:37 AM
LogName=System
SourceName=Microsoft-Windows-Service Control Manager
EventCode=7036
EventType=4
Type=Information
ComputerName=win-dc-633.attackrange.local
TaskCategory=None
OpCode=The operation completed successfully.
RecordNumber=83899
Keywords=Classic
Message=The CertPropSvc service entered the running state.
12/07/2020 11:57:37 AM
LogName=System
SourceName=Microsoft-Windows-Service Control Manager
EventCode=7036
EventType=4
Type=Information
ComputerName=win-dc-633.attackrange.local
TaskCategory=None
OpCode=The operation completed successfully.
RecordNumber=83898
Keywords=Classic
Message=The EventSystem service entered the running state.
12/07/2020 11:57:37 AM
LogName=System
SourceName=Microsoft-Windows-Service Control Manager
EventCode=7036
EventType=4
Type=Information
ComputerName=win-dc-633.attackrange.local
TaskCategory=None
OpCode=The operation completed successfully.
RecordNumber=83897
Keywords=Classic
Message=The UmRdpService service entered the running state.
12/07/2020 11:57:37 AM
LogName=System
SourceName=Microsoft-Windows-DNS Client Events
EventCode=1014
EventType=3
Type=Warning
ComputerName=win-dc-633.attackrange.local
User=NOT_TRANSLATED
Sid=S-1-5-20
SidType=0
TaskCategory=1014
OpCode=Info
RecordNumber=83896
Keywords=None
Message=Name resolution for the name _ldap._tcp.dc._msdcs.attackrange.local. timed out after none of the configured DNS servers responded.
12/07/2020 11:57:37 AM
LogName=System
SourceName=Microsoft-Windows-Service Control Manager
EventCode=7036
EventType=4
Type=Information
ComputerName=win-dc-633.attackrange.local
TaskCategory=None
OpCode=The operation completed successfully.
RecordNumber=83895
Keywords=Classic
Message=The Themes service entered the running state.
12/07/2020 11:57:37 AM
LogName=System
SourceName=Microsoft-Windows-Service Control Manager
EventCode=7036
EventType=4
Type=Information
ComputerName=win-dc-633.attackrange.local
TaskCategory=None
OpCode=The operation completed successfully.
RecordNumber=83894
Keywords=Classic
Message=The NlaSvc service entered the running state.
12/07/2020 11:57:37 AM
LogName=System
SourceName=Microsoft-Windows-Service Control Manager
EventCode=7036
EventType=4
Type=Information
ComputerName=win-dc-633.attackrange.local
TaskCategory=None
OpCode=The operation completed successfully.
RecordNumber=83893
Keywords=Classic
Message=The CoreMessagingRegistrar service entered the running state.
12/07/2020 11:57:37 AM
LogName=System
SourceName=Microsoft-Windows-FilterManager
EventCode=6
EventType=4
Type=Information
ComputerName=win-dc-633.attackrange.local
User=NOT_TRANSLATED
Sid=S-1-5-18
SidType=0
TaskCategory=None
OpCode=Info
RecordNumber=83892
Keywords=None
Message=File System Filter 'storqosflt' (10.0, ‎2019‎-‎02‎-‎17T02:00:41.000000000Z) has successfully loaded and registered with Filter Manager.
12/07/2020 11:57:37 AM
LogName=System
SourceName=Microsoft-Windows-FilterManager
EventCode=6
EventType=4
Type=Information
ComputerName=win-dc-633.attackrange.local
User=NOT_TRANSLATED
Sid=S-1-5-18
SidType=0
TaskCategory=None
OpCode=Info
RecordNumber=83891
Keywords=None
Message=File System Filter 'wcifs' (10.0, ‎2020‎-‎02‎-‎19T07:59:09.000000000Z) has successfully loaded and registered with Filter Manager.
12/07/2020 11:57:37 AM
LogName=System
SourceName=Microsoft-Windows-FilterManager
EventCode=6
EventType=4
Type=Information
ComputerName=win-dc-633.attackrange.local
User=NOT_TRANSLATED
Sid=S-1-5-18
SidType=0
TaskCategory=None
OpCode=Info
RecordNumber=83890
Keywords=None
Message=File System Filter 'luafv' (10.0, ‎2019‎-‎04‎-‎02T04:23:00.000000000Z) has successfully loaded and registered with Filter Manager.
12/07/2020 11:57:37 AM
LogName=System
SourceName=Microsoft-Windows-Service Control Manager
EventCode=7036
EventType=4
Type=Information
ComputerName=win-dc-633.attackrange.local
TaskCategory=None
OpCode=The operation completed successfully.
RecordNumber=83889
Keywords=Classic
Message=The WPDBusEnum service entered the running state.
12/07/2020 11:57:37 AM
LogName=System
SourceName=Microsoft-Windows-Service Control Manager
EventCode=7036
EventType=4
Type=Information
ComputerName=win-dc-633.attackrange.local
TaskCategory=None
OpCode=The operation completed successfully.
RecordNumber=83888
Keywords=Classic
Message=The Dhcp service entered the running state.
12/07/2020 11:57:37 AM
LogName=System
SourceName=Microsoft-Windows-Service Control Manager
EventCode=7036
EventType=4
Type=Information
ComputerName=win-dc-633.attackrange.local
TaskCategory=None
OpCode=The operation completed successfully.
RecordNumber=83887
Keywords=Classic
Message=The Dnscache service entered the running state.
12/07/2020 11:57:37 AM
LogName=System
SourceName=Microsoft-Windows-DHCPv6-Client
EventCode=51046
EventType=4
Type=Information
ComputerName=win-dc-633.attackrange.local
User=NOT_TRANSLATED
Sid=S-1-5-19
SidType=0
TaskCategory=Service State Event
OpCode=ServiceStart
RecordNumber=83886
Keywords=None
Message=DHCPv6 client service is started
12/07/2020 11:57:37 AM
LogName=System
SourceName=Microsoft-Windows-Dhcp-Client
EventCode=50036
EventType=4
Type=Information
ComputerName=win-dc-633.attackrange.local
User=NOT_TRANSLATED
Sid=S-1-5-19
SidType=0
TaskCategory=Service State Event
OpCode=ServiceStart
RecordNumber=83885
Keywords=None
Message=DHCPv4 client service is started
