<Event><System><Provider Name="Linux-Sysmon" Guid="{ff032593-a8d3-4f13-b0d6-01fc615a0f97}"/><EventID>1</EventID><Version>5</Version><Level>4</Level><Task>1</Task><Opcode>0</Opcode><Keywords>0x8000000000000000</Keywords><TimeCreated SystemTime="2021-12-07T05:12:05.677197000Z"/><EventRecordID>15498602</EventRecordID><Correlation/><Execution ProcessID="4406" ThreadID="4406"/><Channel>Linux-Sysmon/Operational</Channel><Computer>sysmonlinux-8267</Computer><Security UserId="0"/></System><EventData><Data Name="RuleName">-</Data><Data Name="UtcTime">2021-12-07 05:12:05.682</Data><Data Name="ProcessGuid">{ec2d99e9-ed25-61ae-7061-0f9418560000}</Data><Data Name="ProcessId">19601</Data><Data Name="Image">/usr/bin/dpkg</Data><Data Name="FileVersion">-</Data><Data Name="Description">-</Data><Data Name="Product">-</Data><Data Name="Company">-</Data><Data Name="OriginalFileName">-</Data><Data Name="CommandLine">dpkg -l wget</Data><Data Name="CurrentDirectory">/</Data><Data Name="User">root</Data><Data Name="LogonGuid">{ec2d99e9-0000-0000-0000-000000000000}</Data><Data Name="LogonId">0</Data><Data Name="TerminalSessionId">4294967295</Data><Data Name="IntegrityLevel">no level</Data><Data Name="Hashes">-</Data><Data Name="ParentProcessGuid">{00000000-0000-0000-0000-000000000000}</Data><Data Name="ParentProcessId">19600</Data><Data Name="ParentImage">-</Data><Data Name="ParentCommandLine">-</Data><Data Name="ParentUser">-</Data></EventData></Event>
<Event><System><Provider Name="Linux-Sysmon" Guid="{ff032593-a8d3-4f13-b0d6-01fc615a0f97}"/><EventID>1</EventID><Version>5</Version><Level>4</Level><Task>1</Task><Opcode>0</Opcode><Keywords>0x8000000000000000</Keywords><TimeCreated SystemTime="2021-12-07T05:12:05.678932000Z"/><EventRecordID>15498603</EventRecordID><Correlation/><Execution ProcessID="4406" ThreadID="4406"/><Channel>Linux-Sysmon/Operational</Channel><Computer>sysmonlinux-8267</Computer><Security UserId="0"/></System><EventData><Data Name="RuleName">-</Data><Data Name="UtcTime">2021-12-07 05:12:05.682</Data><Data Name="ProcessGuid">{ec2d99e9-ed25-61ae-a092-9cb505560000}</Data><Data Name="ProcessId">19601</Data><Data Name="Image">/usr/bin/dpkg-query</Data><Data Name="FileVersion">-</Data><Data Name="Description">-</Data><Data Name="Product">-</Data><Data Name="Company">-</Data><Data Name="OriginalFileName">-</Data><Data Name="CommandLine">dpkg-query --list -- wget</Data><Data Name="CurrentDirectory">/</Data><Data Name="User">root</Data><Data Name="LogonGuid">{ec2d99e9-0000-0000-0000-000000000000}</Data><Data Name="LogonId">0</Data><Data Name="TerminalSessionId">4294967295</Data><Data Name="IntegrityLevel">no level</Data><Data Name="Hashes">-</Data><Data Name="ParentProcessGuid">{00000000-0000-0000-0000-000000000000}</Data><Data Name="ParentProcessId">19600</Data><Data Name="ParentImage">-</Data><Data Name="ParentCommandLine">-</Data><Data Name="ParentUser">-</Data></EventData></Event>
<Event><System><Provider Name="Linux-Sysmon" Guid="{ff032593-a8d3-4f13-b0d6-01fc615a0f97}"/><EventID>1</EventID><Version>5</Version><Level>4</Level><Task>1</Task><Opcode>0</Opcode><Keywords>0x8000000000000000</Keywords><TimeCreated SystemTime="2021-12-07T05:12:06.109865000Z"/><EventRecordID>15498765</EventRecordID><Correlation/><Execution ProcessID="4406" ThreadID="4406"/><Channel>Linux-Sysmon/Operational</Channel><Computer>sysmonlinux-8267</Computer><Security UserId="0"/></System><EventData><Data Name="RuleName">-</Data><Data Name="UtcTime">2021-12-07 05:12:06.115</Data><Data Name="ProcessGuid">{ec2d99e9-ed26-61ae-703c-e40c0c560000}</Data><Data Name="ProcessId">19626</Data><Data Name="Image">/usr/bin/wget</Data><Data Name="FileVersion">-</Data><Data Name="Description">-</Data><Data Name="Product">-</Data><Data Name="Company">-</Data><Data Name="OriginalFileName">-</Data><Data Name="CommandLine">wget --timeout 60 -U wget/1.19.4-1ubuntu2.2 Ubuntu/18.04.6/LTS GNU/Linux/5.4.0-1060-aws/x86_64 Intel(R)/Xeon(R)/Platinum/8175M/CPU/@/2.50GHz cloud_id/aws -O- --content-on-error https://motd.ubuntu.com</Data><Data Name="CurrentDirectory">/</Data><Data Name="User">root</Data><Data Name="LogonGuid">{ec2d99e9-0000-0000-0000-000000000000}</Data><Data Name="LogonId">0</Data><Data Name="TerminalSessionId">4294967295</Data><Data Name="IntegrityLevel">no level</Data><Data Name="Hashes">-</Data><Data Name="ParentProcessGuid">{ec2d99e9-ed25-61ae-6812-b38ae4550000}</Data><Data Name="ParentProcessId">19589</Data><Data Name="ParentImage">/bin/dash</Data><Data Name="ParentCommandLine">/bin/sh</Data><Data Name="ParentUser">root</Data></EventData></Event>
<Event><System><Provider Name="Linux-Sysmon" Guid="{ff032593-a8d3-4f13-b0d6-01fc615a0f97}"/><EventID>3</EventID><Version>5</Version><Level>4</Level><Task>3</Task><Opcode>0</Opcode><Keywords>0x8000000000000000</Keywords><TimeCreated SystemTime="2021-12-07T05:12:06.113886000Z"/><EventRecordID>15498766</EventRecordID><Correlation/><Execution ProcessID="4406" ThreadID="4406"/><Channel>Linux-Sysmon/Operational</Channel><Computer>sysmonlinux-8267</Computer><Security UserId="0"/></System><EventData><Data Name="RuleName">-</Data><Data Name="UtcTime">2021-12-07 05:12:06.120</Data><Data Name="ProcessGuid">{ec2d99e9-ed26-61ae-703c-e40c0c560000}</Data><Data Name="ProcessId">19626</Data><Data Name="Image">/usr/bin/wget</Data><Data Name="User">root</Data><Data Name="Protocol">udp</Data><Data Name="Initiated">true</Data><Data Name="SourceIsIpv6">false</Data><Data Name="SourceIp">127.0.0.1</Data><Data Name="SourceHostname">-</Data><Data Name="SourcePort">53712</Data><Data Name="SourcePortName">-</Data><Data Name="DestinationIsIpv6">false</Data><Data Name="DestinationIp">127.0.0.53</Data><Data Name="DestinationHostname">-</Data><Data Name="DestinationPort">53</Data><Data Name="DestinationPortName">-</Data></EventData></Event>
<Event><System><Provider Name="Linux-Sysmon" Guid="{ff032593-a8d3-4f13-b0d6-01fc615a0f97}"/><EventID>5</EventID><Version>3</Version><Level>4</Level><Task>5</Task><Opcode>0</Opcode><Keywords>0x8000000000000000</Keywords><TimeCreated SystemTime="2021-12-07T05:14:06.117545000Z"/><EventRecordID>15503716</EventRecordID><Correlation/><Execution ProcessID="4406" ThreadID="4406"/><Channel>Linux-Sysmon/Operational</Channel><Computer>sysmonlinux-8267</Computer><Security UserId="0"/></System><EventData><Data Name="RuleName">-</Data><Data Name="UtcTime">2021-12-07 05:14:06.123</Data><Data Name="ProcessGuid">{ec2d99e9-ed26-61ae-703c-e40c0c560000}</Data><Data Name="ProcessId">19626</Data><Data Name="Image">/usr/bin/wget</Data><Data Name="User">root</Data></EventData></Event>
<Event><System><Provider Name="Linux-Sysmon" Guid="{ff032593-a8d3-4f13-b0d6-01fc615a0f97}"/><EventID>1</EventID><Version>5</Version><Level>4</Level><Task>1</Task><Opcode>0</Opcode><Keywords>0x8000000000000000</Keywords><TimeCreated SystemTime="2021-12-07T18:58:05.678739000Z"/><EventRecordID>17373630</EventRecordID><Correlation/><Execution ProcessID="4406" ThreadID="4406"/><Channel>Linux-Sysmon/Operational</Channel><Computer>sysmonlinux-8267</Computer><Security UserId="0"/></System><EventData><Data Name="RuleName">-</Data><Data Name="UtcTime">2021-12-07 18:58:05.684</Data><Data Name="ProcessGuid">{ec2d99e9-aebd-61af-7071-375013560000}</Data><Data Name="ProcessId">21201</Data><Data Name="Image">/usr/bin/dpkg</Data><Data Name="FileVersion">-</Data><Data Name="Description">-</Data><Data Name="Product">-</Data><Data Name="Company">-</Data><Data Name="OriginalFileName">-</Data><Data Name="CommandLine">dpkg -l wget</Data><Data Name="CurrentDirectory">/</Data><Data Name="User">root</Data><Data Name="LogonGuid">{ec2d99e9-0000-0000-0000-000000000000}</Data><Data Name="LogonId">0</Data><Data Name="TerminalSessionId">4294967295</Data><Data Name="IntegrityLevel">no level</Data><Data Name="Hashes">-</Data><Data Name="ParentProcessGuid">{00000000-0000-0000-0000-000000000000}</Data><Data Name="ParentProcessId">21200</Data><Data Name="ParentImage">-</Data><Data Name="ParentCommandLine">-</Data><Data Name="ParentUser">-</Data></EventData></Event>
<Event><System><Provider Name="Linux-Sysmon" Guid="{ff032593-a8d3-4f13-b0d6-01fc615a0f97}"/><EventID>1</EventID><Version>5</Version><Level>4</Level><Task>1</Task><Opcode>0</Opcode><Keywords>0x8000000000000000</Keywords><TimeCreated SystemTime="2021-12-07T18:58:05.680921000Z"/><EventRecordID>17373632</EventRecordID><Correlation/><Execution ProcessID="4406" ThreadID="4406"/><Channel>Linux-Sysmon/Operational</Channel><Computer>sysmonlinux-8267</Computer><Security UserId="0"/></System><EventData><Data Name="RuleName">-</Data><Data Name="UtcTime">2021-12-07 18:58:05.684</Data><Data Name="ProcessGuid">{ec2d99e9-aebd-61af-a082-84c12e560000}</Data><Data Name="ProcessId">21201</Data><Data Name="Image">/usr/bin/dpkg-query</Data><Data Name="FileVersion">-</Data><Data Name="Description">-</Data><Data Name="Product">-</Data><Data Name="Company">-</Data><Data Name="OriginalFileName">-</Data><Data Name="CommandLine">dpkg-query --list -- wget</Data><Data Name="CurrentDirectory">/</Data><Data Name="User">root</Data><Data Name="LogonGuid">{ec2d99e9-0000-0000-0000-000000000000}</Data><Data Name="LogonId">0</Data><Data Name="TerminalSessionId">4294967295</Data><Data Name="IntegrityLevel">no level</Data><Data Name="Hashes">-</Data><Data Name="ParentProcessGuid">{00000000-0000-0000-0000-000000000000}</Data><Data Name="ParentProcessId">21200</Data><Data Name="ParentImage">-</Data><Data Name="ParentCommandLine">-</Data><Data Name="ParentUser">-</Data></EventData></Event>
<Event><System><Provider Name="Linux-Sysmon" Guid="{ff032593-a8d3-4f13-b0d6-01fc615a0f97}"/><EventID>1</EventID><Version>5</Version><Level>4</Level><Task>1</Task><Opcode>0</Opcode><Keywords>0x8000000000000000</Keywords><TimeCreated SystemTime="2021-12-07T18:58:06.160011000Z"/><EventRecordID>17373788</EventRecordID><Correlation/><Execution ProcessID="4406" ThreadID="4406"/><Channel>Linux-Sysmon/Operational</Channel><Computer>sysmonlinux-8267</Computer><Security UserId="0"/></System><EventData><Data Name="RuleName">-</Data><Data Name="UtcTime">2021-12-07 18:58:06.166</Data><Data Name="ProcessGuid">{ec2d99e9-aebe-61af-70fc-399e1f560000}</Data><Data Name="ProcessId">21225</Data><Data Name="Image">/usr/bin/wget</Data><Data Name="FileVersion">-</Data><Data Name="Description">-</Data><Data Name="Product">-</Data><Data Name="Company">-</Data><Data Name="OriginalFileName">-</Data><Data Name="CommandLine">wget --timeout 60 -U wget/1.19.4-1ubuntu2.2 Ubuntu/18.04.6/LTS GNU/Linux/5.4.0-1060-aws/x86_64 Intel(R)/Xeon(R)/Platinum/8175M/CPU/@/2.50GHz cloud_id/aws -O- --content-on-error https://motd.ubuntu.com</Data><Data Name="CurrentDirectory">/</Data><Data Name="User">root</Data><Data Name="LogonGuid">{ec2d99e9-0000-0000-0000-000000000000}</Data><Data Name="LogonId">0</Data><Data Name="TerminalSessionId">4294967295</Data><Data Name="IntegrityLevel">no level</Data><Data Name="Hashes">-</Data><Data Name="ParentProcessGuid">{ec2d99e9-aebd-61af-68b2-aca4c6550000}</Data><Data Name="ParentProcessId">21186</Data><Data Name="ParentImage">/bin/dash</Data><Data Name="ParentCommandLine">/bin/sh</Data><Data Name="ParentUser">root</Data></EventData></Event>
<Event><System><Provider Name="Linux-Sysmon" Guid="{ff032593-a8d3-4f13-b0d6-01fc615a0f97}"/><EventID>3</EventID><Version>5</Version><Level>4</Level><Task>3</Task><Opcode>0</Opcode><Keywords>0x8000000000000000</Keywords><TimeCreated SystemTime="2021-12-07T18:58:06.164084000Z"/><EventRecordID>17373789</EventRecordID><Correlation/><Execution ProcessID="4406" ThreadID="4406"/><Channel>Linux-Sysmon/Operational</Channel><Computer>sysmonlinux-8267</Computer><Security UserId="0"/></System><EventData><Data Name="RuleName">-</Data><Data Name="UtcTime">2021-12-07 18:58:06.170</Data><Data Name="ProcessGuid">{ec2d99e9-aebe-61af-70fc-399e1f560000}</Data><Data Name="ProcessId">21225</Data><Data Name="Image">/usr/bin/wget</Data><Data Name="User">root</Data><Data Name="Protocol">udp</Data><Data Name="Initiated">true</Data><Data Name="SourceIsIpv6">false</Data><Data Name="SourceIp">127.0.0.1</Data><Data Name="SourceHostname">-</Data><Data Name="SourcePort">52617</Data><Data Name="SourcePortName">-</Data><Data Name="DestinationIsIpv6">false</Data><Data Name="DestinationIp">127.0.0.53</Data><Data Name="DestinationHostname">-</Data><Data Name="DestinationPort">53</Data><Data Name="DestinationPortName">-</Data></EventData></Event>
<Event><System><Provider Name="Linux-Sysmon" Guid="{ff032593-a8d3-4f13-b0d6-01fc615a0f97}"/><EventID>3</EventID><Version>5</Version><Level>4</Level><Task>3</Task><Opcode>0</Opcode><Keywords>0x8000000000000000</Keywords><TimeCreated SystemTime="2021-12-07T18:59:09.333335000Z"/><EventRecordID>17376472</EventRecordID><Correlation/><Execution ProcessID="4406" ThreadID="4406"/><Channel>Linux-Sysmon/Operational</Channel><Computer>sysmonlinux-8267</Computer><Security UserId="0"/></System><EventData><Data Name="RuleName">-</Data><Data Name="UtcTime">2021-12-07 18:59:09.339</Data><Data Name="ProcessGuid">{ec2d99e9-aebe-61af-70fc-399e1f560000}</Data><Data Name="ProcessId">21225</Data><Data Name="Image">/usr/bin/wget</Data><Data Name="User">root</Data><Data Name="Protocol">tcp</Data><Data Name="Initiated">true</Data><Data Name="SourceIsIpv6">false</Data><Data Name="SourceIp">10.0.1.25</Data><Data Name="SourceHostname">-</Data><Data Name="SourcePort">59166</Data><Data Name="SourcePortName">-</Data><Data Name="DestinationIsIpv6">false</Data><Data Name="DestinationIp">34.243.160.129</Data><Data Name="DestinationHostname">-</Data><Data Name="DestinationPort">443</Data><Data Name="DestinationPortName">-</Data></EventData></Event>
<Event><System><Provider Name="Linux-Sysmon" Guid="{ff032593-a8d3-4f13-b0d6-01fc615a0f97}"/><EventID>5</EventID><Version>3</Version><Level>4</Level><Task>5</Task><Opcode>0</Opcode><Keywords>0x8000000000000000</Keywords><TimeCreated SystemTime="2021-12-07T18:59:28.232022000Z"/><EventRecordID>17377377</EventRecordID><Correlation/><Execution ProcessID="4406" ThreadID="4406"/><Channel>Linux-Sysmon/Operational</Channel><Computer>sysmonlinux-8267</Computer><Security UserId="0"/></System><EventData><Data Name="RuleName">-</Data><Data Name="UtcTime">2021-12-07 18:59:28.238</Data><Data Name="ProcessGuid">{ec2d99e9-aebe-61af-70fc-399e1f560000}</Data><Data Name="ProcessId">21225</Data><Data Name="Image">/usr/bin/wget</Data><Data Name="User">root</Data></EventData></Event>
<Event><System><Provider Name="Linux-Sysmon" Guid="{ff032593-a8d3-4f13-b0d6-01fc615a0f97}"/><EventID>1</EventID><Version>5</Version><Level>4</Level><Task>1</Task><Opcode>0</Opcode><Keywords>0x8000000000000000</Keywords><TimeCreated SystemTime="2021-12-08T02:36:05.677838000Z"/><EventRecordID>18416523</EventRecordID><Correlation/><Execution ProcessID="4406" ThreadID="4406"/><Channel>Linux-Sysmon/Operational</Channel><Computer>sysmonlinux-8267</Computer><Security UserId="0"/></System><EventData><Data Name="RuleName">-</Data><Data Name="UtcTime">2021-12-08 02:36:05.683</Data><Data Name="ProcessGuid">{ec2d99e9-1a15-61b0-7091-142ed0550000}</Data><Data Name="ProcessId">22026</Data><Data Name="Image">/usr/bin/dpkg</Data><Data Name="FileVersion">-</Data><Data Name="Description">-</Data><Data Name="Product">-</Data><Data Name="Company">-</Data><Data Name="OriginalFileName">-</Data><Data Name="CommandLine">dpkg -l wget</Data><Data Name="CurrentDirectory">/</Data><Data Name="User">root</Data><Data Name="LogonGuid">{ec2d99e9-0000-0000-0000-000000000000}</Data><Data Name="LogonId">0</Data><Data Name="TerminalSessionId">4294967295</Data><Data Name="IntegrityLevel">no level</Data><Data Name="Hashes">-</Data><Data Name="ParentProcessGuid">{00000000-0000-0000-0000-000000000000}</Data><Data Name="ParentProcessId">22025</Data><Data Name="ParentImage">-</Data><Data Name="ParentCommandLine">-</Data><Data Name="ParentUser">-</Data></EventData></Event>
<Event><System><Provider Name="Linux-Sysmon" Guid="{ff032593-a8d3-4f13-b0d6-01fc615a0f97}"/><EventID>1</EventID><Version>5</Version><Level>4</Level><Task>1</Task><Opcode>0</Opcode><Keywords>0x8000000000000000</Keywords><TimeCreated SystemTime="2021-12-08T02:36:05.680604000Z"/><EventRecordID>18416529</EventRecordID><Correlation/><Execution ProcessID="4406" ThreadID="4406"/><Channel>Linux-Sysmon/Operational</Channel><Computer>sysmonlinux-8267</Computer><Security UserId="0"/></System><EventData><Data Name="RuleName">-</Data><Data Name="UtcTime">2021-12-08 02:36:05.683</Data><Data Name="ProcessGuid">{ec2d99e9-1a15-61b0-a012-51893a560000}</Data><Data Name="ProcessId">22026</Data><Data Name="Image">/usr/bin/dpkg-query</Data><Data Name="FileVersion">-</Data><Data Name="Description">-</Data><Data Name="Product">-</Data><Data Name="Company">-</Data><Data Name="OriginalFileName">-</Data><Data Name="CommandLine">dpkg-query --list -- wget</Data><Data Name="CurrentDirectory">/</Data><Data Name="User">root</Data><Data Name="LogonGuid">{ec2d99e9-0000-0000-0000-000000000000}</Data><Data Name="LogonId">0</Data><Data Name="TerminalSessionId">4294967295</Data><Data Name="IntegrityLevel">no level</Data><Data Name="Hashes">-</Data><Data Name="ParentProcessGuid">{00000000-0000-0000-0000-000000000000}</Data><Data Name="ParentProcessId">22025</Data><Data Name="ParentImage">-</Data><Data Name="ParentCommandLine">-</Data><Data Name="ParentUser">-</Data></EventData></Event>
<Event><System><Provider Name="Linux-Sysmon" Guid="{ff032593-a8d3-4f13-b0d6-01fc615a0f97}"/><EventID>1</EventID><Version>5</Version><Level>4</Level><Task>1</Task><Opcode>0</Opcode><Keywords>0x8000000000000000</Keywords><TimeCreated SystemTime="2021-12-08T02:36:06.093349000Z"/><EventRecordID>18416676</EventRecordID><Correlation/><Execution ProcessID="4406" ThreadID="4406"/><Channel>Linux-Sysmon/Operational</Channel><Computer>sysmonlinux-8267</Computer><Security UserId="0"/></System><EventData><Data Name="RuleName">-</Data><Data Name="UtcTime">2021-12-08 02:36:06.099</Data><Data Name="ProcessGuid">{ec2d99e9-1a16-61b0-70fc-e070d9550000}</Data><Data Name="ProcessId">22051</Data><Data Name="Image">/usr/bin/wget</Data><Data Name="FileVersion">-</Data><Data Name="Description">-</Data><Data Name="Product">-</Data><Data Name="Company">-</Data><Data Name="OriginalFileName">-</Data><Data Name="CommandLine">wget --timeout 60 -U wget/1.19.4-1ubuntu2.2 Ubuntu/18.04.6/LTS GNU/Linux/5.4.0-1060-aws/x86_64 Intel(R)/Xeon(R)/Platinum/8175M/CPU/@/2.50GHz cloud_id/aws -O- --content-on-error https://motd.ubuntu.com</Data><Data Name="CurrentDirectory">/</Data><Data Name="User">root</Data><Data Name="LogonGuid">{ec2d99e9-0000-0000-0000-000000000000}</Data><Data Name="LogonId">0</Data><Data Name="TerminalSessionId">4294967295</Data><Data Name="IntegrityLevel">no level</Data><Data Name="Hashes">-</Data><Data Name="ParentProcessGuid">{ec2d99e9-1a15-61b0-68a2-ff2721560000}</Data><Data Name="ParentProcessId">22011</Data><Data Name="ParentImage">/bin/dash</Data><Data Name="ParentCommandLine">/bin/sh</Data><Data Name="ParentUser">root</Data></EventData></Event>
<Event><System><Provider Name="Linux-Sysmon" Guid="{ff032593-a8d3-4f13-b0d6-01fc615a0f97}"/><EventID>3</EventID><Version>5</Version><Level>4</Level><Task>3</Task><Opcode>0</Opcode><Keywords>0x8000000000000000</Keywords><TimeCreated SystemTime="2021-12-08T02:36:06.097563000Z"/><EventRecordID>18416677</EventRecordID><Correlation/><Execution ProcessID="4406" ThreadID="4406"/><Channel>Linux-Sysmon/Operational</Channel><Computer>sysmonlinux-8267</Computer><Security UserId="0"/></System><EventData><Data Name="RuleName">-</Data><Data Name="UtcTime">2021-12-08 02:36:06.103</Data><Data Name="ProcessGuid">{ec2d99e9-1a16-61b0-70fc-e070d9550000}</Data><Data Name="ProcessId">22051</Data><Data Name="Image">/usr/bin/wget</Data><Data Name="User">root</Data><Data Name="Protocol">udp</Data><Data Name="Initiated">true</Data><Data Name="SourceIsIpv6">false</Data><Data Name="SourceIp">127.0.0.1</Data><Data Name="SourceHostname">-</Data><Data Name="SourcePort">33471</Data><Data Name="SourcePortName">-</Data><Data Name="DestinationIsIpv6">false</Data><Data Name="DestinationIp">127.0.0.53</Data><Data Name="DestinationHostname">-</Data><Data Name="DestinationPort">53</Data><Data Name="DestinationPortName">-</Data></EventData></Event>
<Event><System><Provider Name="Linux-Sysmon" Guid="{ff032593-a8d3-4f13-b0d6-01fc615a0f97}"/><EventID>3</EventID><Version>5</Version><Level>4</Level><Task>3</Task><Opcode>0</Opcode><Keywords>0x8000000000000000</Keywords><TimeCreated SystemTime="2021-12-08T02:36:06.225083000Z"/><EventRecordID>18416686</EventRecordID><Correlation/><Execution ProcessID="4406" ThreadID="4406"/><Channel>Linux-Sysmon/Operational</Channel><Computer>sysmonlinux-8267</Computer><Security UserId="0"/></System><EventData><Data Name="RuleName">-</Data><Data Name="UtcTime">2021-12-08 02:36:06.231</Data><Data Name="ProcessGuid">{ec2d99e9-1a16-61b0-70fc-e070d9550000}</Data><Data Name="ProcessId">22051</Data><Data Name="Image">/usr/bin/wget</Data><Data Name="User">root</Data><Data Name="Protocol">tcp</Data><Data Name="Initiated">true</Data><Data Name="SourceIsIpv6">false</Data><Data Name="SourceIp">10.0.1.25</Data><Data Name="SourceHostname">-</Data><Data Name="SourcePort">51716</Data><Data Name="SourcePortName">-</Data><Data Name="DestinationIsIpv6">false</Data><Data Name="DestinationIp">54.171.230.55</Data><Data Name="DestinationHostname">-</Data><Data Name="DestinationPort">443</Data><Data Name="DestinationPortName">-</Data></EventData></Event>
<Event><System><Provider Name="Linux-Sysmon" Guid="{ff032593-a8d3-4f13-b0d6-01fc615a0f97}"/><EventID>1</EventID><Version>5</Version><Level>4</Level><Task>1</Task><Opcode>0</Opcode><Keywords>0x8000000000000000</Keywords><TimeCreated SystemTime="2021-12-08T15:25:27.557822000Z"/><EventRecordID>20188864</EventRecordID><Correlation/><Execution ProcessID="4406" ThreadID="4406"/><Channel>Linux-Sysmon/Operational</Channel><Computer>sysmonlinux-8267</Computer><Security UserId="0"/></System><EventData><Data Name="RuleName">-</Data><Data Name="UtcTime">2021-12-08 15:25:27.563</Data><Data Name="ProcessGuid">{ec2d99e9-ce67-61b0-7041-b51196550000}</Data><Data Name="ProcessId">23475</Data><Data Name="Image">/usr/bin/dpkg</Data><Data Name="FileVersion">-</Data><Data Name="Description">-</Data><Data Name="Product">-</Data><Data Name="Company">-</Data><Data Name="OriginalFileName">-</Data><Data Name="CommandLine">dpkg -l wget</Data><Data Name="CurrentDirectory">/</Data><Data Name="User">root</Data><Data Name="LogonGuid">{ec2d99e9-0000-0000-0000-000000000000}</Data><Data Name="LogonId">0</Data><Data Name="TerminalSessionId">4294967295</Data><Data Name="IntegrityLevel">no level</Data><Data Name="Hashes">-</Data><Data Name="ParentProcessGuid">{00000000-0000-0000-0000-000000000000}</Data><Data Name="ParentProcessId">23474</Data><Data Name="ParentImage">-</Data><Data Name="ParentCommandLine">-</Data><Data Name="ParentUser">-</Data></EventData></Event>
<Event><System><Provider Name="Linux-Sysmon" Guid="{ff032593-a8d3-4f13-b0d6-01fc615a0f97}"/><EventID>1</EventID><Version>5</Version><Level>4</Level><Task>1</Task><Opcode>0</Opcode><Keywords>0x8000000000000000</Keywords><TimeCreated SystemTime="2021-12-08T15:25:27.561453000Z"/><EventRecordID>20188866</EventRecordID><Correlation/><Execution ProcessID="4406" ThreadID="4406"/><Channel>Linux-Sysmon/Operational</Channel><Computer>sysmonlinux-8267</Computer><Security UserId="0"/></System><EventData><Data Name="RuleName">-</Data><Data Name="UtcTime">2021-12-08 15:25:27.563</Data><Data Name="ProcessGuid">{ec2d99e9-ce67-61b0-a0f2-5b8d0f560000}</Data><Data Name="ProcessId">23475</Data><Data Name="Image">/usr/bin/dpkg-query</Data><Data Name="FileVersion">-</Data><Data Name="Description">-</Data><Data Name="Product">-</Data><Data Name="Company">-</Data><Data Name="OriginalFileName">-</Data><Data Name="CommandLine">dpkg-query --list -- wget</Data><Data Name="CurrentDirectory">/</Data><Data Name="User">root</Data><Data Name="LogonGuid">{ec2d99e9-0000-0000-0000-000000000000}</Data><Data Name="LogonId">0</Data><Data Name="TerminalSessionId">4294967295</Data><Data Name="IntegrityLevel">no level</Data><Data Name="Hashes">-</Data><Data Name="ParentProcessGuid">{00000000-0000-0000-0000-000000000000}</Data><Data Name="ParentProcessId">23474</Data><Data Name="ParentImage">-</Data><Data Name="ParentCommandLine">-</Data><Data Name="ParentUser">-</Data></EventData></Event>
<Event><System><Provider Name="Linux-Sysmon" Guid="{ff032593-a8d3-4f13-b0d6-01fc615a0f97}"/><EventID>1</EventID><Version>5</Version><Level>4</Level><Task>1</Task><Opcode>0</Opcode><Keywords>0x8000000000000000</Keywords><TimeCreated SystemTime="2021-12-08T15:25:28.154165000Z"/><EventRecordID>20189058</EventRecordID><Correlation/><Execution ProcessID="4406" ThreadID="4406"/><Channel>Linux-Sysmon/Operational</Channel><Computer>sysmonlinux-8267</Computer><Security UserId="0"/></System><EventData><Data Name="RuleName">-</Data><Data Name="UtcTime">2021-12-08 15:25:28.160</Data><Data Name="ProcessGuid">{ec2d99e9-ce68-61b0-70cc-6f685d550000}</Data><Data Name="ProcessId">23499</Data><Data Name="Image">/usr/bin/wget</Data><Data Name="FileVersion">-</Data><Data Name="Description">-</Data><Data Name="Product">-</Data><Data Name="Company">-</Data><Data Name="OriginalFileName">-</Data><Data Name="CommandLine">wget --timeout 60 -U wget/1.19.4-1ubuntu2.2 Ubuntu/18.04.6/LTS GNU/Linux/5.4.0-1060-aws/x86_64 Intel(R)/Xeon(R)/Platinum/8175M/CPU/@/2.50GHz cloud_id/aws -O- --content-on-error https://motd.ubuntu.com</Data><Data Name="CurrentDirectory">/</Data><Data Name="User">root</Data><Data Name="LogonGuid">{ec2d99e9-0000-0000-0000-000000000000}</Data><Data Name="LogonId">0</Data><Data Name="TerminalSessionId">4294967295</Data><Data Name="IntegrityLevel">no level</Data><Data Name="Hashes">-</Data><Data Name="ParentProcessGuid">{ec2d99e9-ce67-61b0-68c2-ae2624560000}</Data><Data Name="ParentProcessId">23459</Data><Data Name="ParentImage">/bin/dash</Data><Data Name="ParentCommandLine">/bin/sh</Data><Data Name="ParentUser">root</Data></EventData></Event>
<Event><System><Provider Name="Linux-Sysmon" Guid="{ff032593-a8d3-4f13-b0d6-01fc615a0f97}"/><EventID>3</EventID><Version>5</Version><Level>4</Level><Task>3</Task><Opcode>0</Opcode><Keywords>0x8000000000000000</Keywords><TimeCreated SystemTime="2021-12-08T15:25:28.158875000Z"/><EventRecordID>20189090</EventRecordID><Correlation/><Execution ProcessID="4406" ThreadID="4406"/><Channel>Linux-Sysmon/Operational</Channel><Computer>sysmonlinux-8267</Computer><Security UserId="0"/></System><EventData><Data Name="RuleName">-</Data><Data Name="UtcTime">2021-12-08 15:25:28.164</Data><Data Name="ProcessGuid">{ec2d99e9-ce68-61b0-70cc-6f685d550000}</Data><Data Name="ProcessId">23499</Data><Data Name="Image">/usr/bin/wget</Data><Data Name="User">root</Data><Data Name="Protocol">udp</Data><Data Name="Initiated">true</Data><Data Name="SourceIsIpv6">false</Data><Data Name="SourceIp">127.0.0.1</Data><Data Name="SourceHostname">-</Data><Data Name="SourcePort">53855</Data><Data Name="SourcePortName">-</Data><Data Name="DestinationIsIpv6">false</Data><Data Name="DestinationIp">127.0.0.53</Data><Data Name="DestinationHostname">-</Data><Data Name="DestinationPort">53</Data><Data Name="DestinationPortName">-</Data></EventData></Event>
<Event><System><Provider Name="Linux-Sysmon" Guid="{ff032593-a8d3-4f13-b0d6-01fc615a0f97}"/><EventID>3</EventID><Version>5</Version><Level>4</Level><Task>3</Task><Opcode>0</Opcode><Keywords>0x8000000000000000</Keywords><TimeCreated SystemTime="2021-12-08T15:25:28.285301000Z"/><EventRecordID>20189221</EventRecordID><Correlation/><Execution ProcessID="4406" ThreadID="4406"/><Channel>Linux-Sysmon/Operational</Channel><Computer>sysmonlinux-8267</Computer><Security UserId="0"/></System><EventData><Data Name="RuleName">-</Data><Data Name="UtcTime">2021-12-08 15:25:28.291</Data><Data Name="ProcessGuid">{ec2d99e9-ce68-61b0-70cc-6f685d550000}</Data><Data Name="ProcessId">23499</Data><Data Name="Image">/usr/bin/wget</Data><Data Name="User">root</Data><Data Name="Protocol">tcp</Data><Data Name="Initiated">true</Data><Data Name="SourceIsIpv6">false</Data><Data Name="SourceIp">10.0.1.25</Data><Data Name="SourceHostname">-</Data><Data Name="SourcePort">60564</Data><Data Name="SourcePortName">-</Data><Data Name="DestinationIsIpv6">false</Data><Data Name="DestinationIp">34.243.160.129</Data><Data Name="DestinationHostname">-</Data><Data Name="DestinationPort">443</Data><Data Name="DestinationPortName">-</Data></EventData></Event>
<Event><System><Provider Name="Linux-Sysmon" Guid="{ff032593-a8d3-4f13-b0d6-01fc615a0f97}"/><EventID>5</EventID><Version>3</Version><Level>4</Level><Task>5</Task><Opcode>0</Opcode><Keywords>0x8000000000000000</Keywords><TimeCreated SystemTime="2021-12-08T15:25:28.663844000Z"/><EventRecordID>20189623</EventRecordID><Correlation/><Execution ProcessID="4406" ThreadID="4406"/><Channel>Linux-Sysmon/Operational</Channel><Computer>sysmonlinux-8267</Computer><Security UserId="0"/></System><EventData><Data Name="RuleName">-</Data><Data Name="UtcTime">2021-12-08 15:25:28.670</Data><Data Name="ProcessGuid">{ec2d99e9-ce68-61b0-70cc-6f685d550000}</Data><Data Name="ProcessId">23499</Data><Data Name="Image">/usr/bin/wget</Data><Data Name="User">root</Data></EventData></Event>
<Event><System><Provider Name="Linux-Sysmon" Guid="{ff032593-a8d3-4f13-b0d6-01fc615a0f97}"/><EventID>1</EventID><Version>5</Version><Level>4</Level><Task>1</Task><Opcode>0</Opcode><Keywords>0x8000000000000000</Keywords><TimeCreated SystemTime="2021-12-09T04:36:27.554014000Z"/><EventRecordID>21032153</EventRecordID><Correlation/><Execution ProcessID="4406" ThreadID="4406"/><Channel>Linux-Sysmon/Operational</Channel><Computer>sysmonlinux-8267</Computer><Security UserId="0"/></System><EventData><Data Name="RuleName">-</Data><Data Name="UtcTime">2021-12-09 04:36:27.559</Data><Data Name="ProcessGuid">{ec2d99e9-87cb-61b1-7091-bb51f8550000}</Data><Data Name="ProcessId">25218</Data><Data Name="Image">/usr/bin/dpkg</Data><Data Name="FileVersion">-</Data><Data Name="Description">-</Data><Data Name="Product">-</Data><Data Name="Company">-</Data><Data Name="OriginalFileName">-</Data><Data Name="CommandLine">dpkg -l wget</Data><Data Name="CurrentDirectory">/</Data><Data Name="User">root</Data><Data Name="LogonGuid">{ec2d99e9-0000-0000-0000-000000000000}</Data><Data Name="LogonId">0</Data><Data Name="TerminalSessionId">4294967295</Data><Data Name="IntegrityLevel">no level</Data><Data Name="Hashes">-</Data><Data Name="ParentProcessGuid">{00000000-0000-0000-0000-000000000000}</Data><Data Name="ParentProcessId">25217</Data><Data Name="ParentImage">-</Data><Data Name="ParentCommandLine">-</Data><Data Name="ParentUser">-</Data></EventData></Event>
<Event><System><Provider Name="Linux-Sysmon" Guid="{ff032593-a8d3-4f13-b0d6-01fc615a0f97}"/><EventID>1</EventID><Version>5</Version><Level>4</Level><Task>1</Task><Opcode>0</Opcode><Keywords>0x8000000000000000</Keywords><TimeCreated SystemTime="2021-12-09T04:36:27.555810000Z"/><EventRecordID>21032155</EventRecordID><Correlation/><Execution ProcessID="4406" ThreadID="4406"/><Channel>Linux-Sysmon/Operational</Channel><Computer>sysmonlinux-8267</Computer><Security UserId="0"/></System><EventData><Data Name="RuleName">-</Data><Data Name="UtcTime">2021-12-09 04:36:27.559</Data><Data Name="ProcessGuid">{ec2d99e9-87cb-61b1-a0a2-223873550000}</Data><Data Name="ProcessId">25218</Data><Data Name="Image">/usr/bin/dpkg-query</Data><Data Name="FileVersion">-</Data><Data Name="Description">-</Data><Data Name="Product">-</Data><Data Name="Company">-</Data><Data Name="OriginalFileName">-</Data><Data Name="CommandLine">dpkg-query --list -- wget</Data><Data Name="CurrentDirectory">/</Data><Data Name="User">root</Data><Data Name="LogonGuid">{ec2d99e9-0000-0000-0000-000000000000}</Data><Data Name="LogonId">0</Data><Data Name="TerminalSessionId">4294967295</Data><Data Name="IntegrityLevel">no level</Data><Data Name="Hashes">-</Data><Data Name="ParentProcessGuid">{00000000-0000-0000-0000-000000000000}</Data><Data Name="ParentProcessId">25217</Data><Data Name="ParentImage">-</Data><Data Name="ParentCommandLine">-</Data><Data Name="ParentUser">-</Data></EventData></Event>
<Event><System><Provider Name="Linux-Sysmon" Guid="{ff032593-a8d3-4f13-b0d6-01fc615a0f97}"/><EventID>1</EventID><Version>5</Version><Level>4</Level><Task>1</Task><Opcode>0</Opcode><Keywords>0x8000000000000000</Keywords><TimeCreated SystemTime="2021-12-09T04:36:27.975212000Z"/><EventRecordID>21032214</EventRecordID><Correlation/><Execution ProcessID="4406" ThreadID="4406"/><Channel>Linux-Sysmon/Operational</Channel><Computer>sysmonlinux-8267</Computer><Security UserId="0"/></System><EventData><Data Name="RuleName">-</Data><Data Name="UtcTime">2021-12-09 04:36:27.981</Data><Data Name="ProcessGuid">{ec2d99e9-87cb-61b1-700c-64e4b9550000}</Data><Data Name="ProcessId">25247</Data><Data Name="Image">/usr/bin/wget</Data><Data Name="FileVersion">-</Data><Data Name="Description">-</Data><Data Name="Product">-</Data><Data Name="Company">-</Data><Data Name="OriginalFileName">-</Data><Data Name="CommandLine">wget --timeout 60 -U wget/1.19.4-1ubuntu2.2 Ubuntu/18.04.6/LTS GNU/Linux/5.4.0-1060-aws/x86_64 Intel(R)/Xeon(R)/Platinum/8175M/CPU/@/2.50GHz cloud_id/aws -O- --content-on-error https://motd.ubuntu.com</Data><Data Name="CurrentDirectory">/</Data><Data Name="User">root</Data><Data Name="LogonGuid">{ec2d99e9-0000-0000-0000-000000000000}</Data><Data Name="LogonId">0</Data><Data Name="TerminalSessionId">4294967295</Data><Data Name="IntegrityLevel">no level</Data><Data Name="Hashes">-</Data><Data Name="ParentProcessGuid">{ec2d99e9-87cb-61b1-6882-ee6757550000}</Data><Data Name="ParentProcessId">25208</Data><Data Name="ParentImage">/bin/dash</Data><Data Name="ParentCommandLine">/bin/sh</Data><Data Name="ParentUser">root</Data></EventData></Event>
<Event><System><Provider Name="Linux-Sysmon" Guid="{ff032593-a8d3-4f13-b0d6-01fc615a0f97}"/><EventID>3</EventID><Version>5</Version><Level>4</Level><Task>3</Task><Opcode>0</Opcode><Keywords>0x8000000000000000</Keywords><TimeCreated SystemTime="2021-12-09T04:36:27.979595000Z"/><EventRecordID>21032215</EventRecordID><Correlation/><Execution ProcessID="4406" ThreadID="4406"/><Channel>Linux-Sysmon/Operational</Channel><Computer>sysmonlinux-8267</Computer><Security UserId="0"/></System><EventData><Data Name="RuleName">-</Data><Data Name="UtcTime">2021-12-09 04:36:27.985</Data><Data Name="ProcessGuid">{ec2d99e9-87cb-61b1-700c-64e4b9550000}</Data><Data Name="ProcessId">25247</Data><Data Name="Image">/usr/bin/wget</Data><Data Name="User">root</Data><Data Name="Protocol">udp</Data><Data Name="Initiated">true</Data><Data Name="SourceIsIpv6">false</Data><Data Name="SourceIp">127.0.0.1</Data><Data Name="SourceHostname">-</Data><Data Name="SourcePort">48431</Data><Data Name="SourcePortName">-</Data><Data Name="DestinationIsIpv6">false</Data><Data Name="DestinationIp">127.0.0.53</Data><Data Name="DestinationHostname">-</Data><Data Name="DestinationPort">53</Data><Data Name="DestinationPortName">-</Data></EventData></Event>
<Event><System><Provider Name="Linux-Sysmon" Guid="{ff032593-a8d3-4f13-b0d6-01fc615a0f97}"/><EventID>3</EventID><Version>5</Version><Level>4</Level><Task>3</Task><Opcode>0</Opcode><Keywords>0x8000000000000000</Keywords><TimeCreated SystemTime="2021-12-09T04:36:28.103844000Z"/><EventRecordID>21032224</EventRecordID><Correlation/><Execution ProcessID="4406" ThreadID="4406"/><Channel>Linux-Sysmon/Operational</Channel><Computer>sysmonlinux-8267</Computer><Security UserId="0"/></System><EventData><Data Name="RuleName">-</Data><Data Name="UtcTime">2021-12-09 04:36:28.110</Data><Data Name="ProcessGuid">{ec2d99e9-87cb-61b1-700c-64e4b9550000}</Data><Data Name="ProcessId">25247</Data><Data Name="Image">/usr/bin/wget</Data><Data Name="User">root</Data><Data Name="Protocol">tcp</Data><Data Name="Initiated">true</Data><Data Name="SourceIsIpv6">false</Data><Data Name="SourceIp">10.0.1.25</Data><Data Name="SourceHostname">-</Data><Data Name="SourcePort">52768</Data><Data Name="SourcePortName">-</Data><Data Name="DestinationIsIpv6">false</Data><Data Name="DestinationIp">34.243.160.129</Data><Data Name="DestinationHostname">-</Data><Data Name="DestinationPort">443</Data><Data Name="DestinationPortName">-</Data></EventData></Event>
<Event><System><Provider Name="Linux-Sysmon" Guid="{ff032593-a8d3-4f13-b0d6-01fc615a0f97}"/><EventID>5</EventID><Version>3</Version><Level>4</Level><Task>5</Task><Opcode>0</Opcode><Keywords>0x8000000000000000</Keywords><TimeCreated SystemTime="2021-12-09T04:36:28.474878000Z"/><EventRecordID>21032225</EventRecordID><Correlation/><Execution ProcessID="4406" ThreadID="4406"/><Channel>Linux-Sysmon/Operational</Channel><Computer>sysmonlinux-8267</Computer><Security UserId="0"/></System><EventData><Data Name="RuleName">-</Data><Data Name="UtcTime">2021-12-09 04:36:28.481</Data><Data Name="ProcessGuid">{ec2d99e9-87cb-61b1-700c-64e4b9550000}</Data><Data Name="ProcessId">25247</Data><Data Name="Image">/usr/bin/wget</Data><Data Name="User">root</Data></EventData></Event>
<Event><System><Provider Name="Linux-Sysmon" Guid="{ff032593-a8d3-4f13-b0d6-01fc615a0f97}"/><EventID>1</EventID><Version>5</Version><Level>4</Level><Task>1</Task><Opcode>0</Opcode><Keywords>0x8000000000000000</Keywords><TimeCreated SystemTime="2021-12-09T23:23:05.680159000Z"/><EventRecordID>22109053</EventRecordID><Correlation/><Execution ProcessID="4406" ThreadID="4406"/><Channel>Linux-Sysmon/Operational</Channel><Computer>sysmonlinux-8267</Computer><Security UserId="0"/></System><EventData><Data Name="RuleName">-</Data><Data Name="UtcTime">2021-12-09 23:23:05.685</Data><Data Name="ProcessGuid">{ec2d99e9-8fd9-61b2-70a1-c78351560000}</Data><Data Name="ProcessId">32435</Data><Data Name="Image">/usr/bin/dpkg</Data><Data Name="FileVersion">-</Data><Data Name="Description">-</Data><Data Name="Product">-</Data><Data Name="Company">-</Data><Data Name="OriginalFileName">-</Data><Data Name="CommandLine">dpkg -l wget</Data><Data Name="CurrentDirectory">/</Data><Data Name="User">root</Data><Data Name="LogonGuid">{ec2d99e9-0000-0000-0000-000000000000}</Data><Data Name="LogonId">0</Data><Data Name="TerminalSessionId">4294967295</Data><Data Name="IntegrityLevel">no level</Data><Data Name="Hashes">-</Data><Data Name="ParentProcessGuid">{00000000-0000-0000-0000-000000000000}</Data><Data Name="ParentProcessId">32434</Data><Data Name="ParentImage">-</Data><Data Name="ParentCommandLine">-</Data><Data Name="ParentUser">-</Data></EventData></Event>
<Event><System><Provider Name="Linux-Sysmon" Guid="{ff032593-a8d3-4f13-b0d6-01fc615a0f97}"/><EventID>1</EventID><Version>5</Version><Level>4</Level><Task>1</Task><Opcode>0</Opcode><Keywords>0x8000000000000000</Keywords><TimeCreated SystemTime="2021-12-09T23:23:05.683292000Z"/><EventRecordID>22109065</EventRecordID><Correlation/><Execution ProcessID="4406" ThreadID="4406"/><Channel>Linux-Sysmon/Operational</Channel><Computer>sysmonlinux-8267</Computer><Security UserId="0"/></System><EventData><Data Name="RuleName">-</Data><Data Name="UtcTime">2021-12-09 23:23:05.685</Data><Data Name="ProcessGuid">{ec2d99e9-8fd9-61b2-a0a2-326262550000}</Data><Data Name="ProcessId">32435</Data><Data Name="Image">/usr/bin/dpkg-query</Data><Data Name="FileVersion">-</Data><Data Name="Description">-</Data><Data Name="Product">-</Data><Data Name="Company">-</Data><Data Name="OriginalFileName">-</Data><Data Name="CommandLine">dpkg-query --list -- wget</Data><Data Name="CurrentDirectory">/</Data><Data Name="User">root</Data><Data Name="LogonGuid">{ec2d99e9-0000-0000-0000-000000000000}</Data><Data Name="LogonId">0</Data><Data Name="TerminalSessionId">4294967295</Data><Data Name="IntegrityLevel">no level</Data><Data Name="Hashes">-</Data><Data Name="ParentProcessGuid">{00000000-0000-0000-0000-000000000000}</Data><Data Name="ParentProcessId">32434</Data><Data Name="ParentImage">-</Data><Data Name="ParentCommandLine">-</Data><Data Name="ParentUser">-</Data></EventData></Event>
<Event><System><Provider Name="Linux-Sysmon" Guid="{ff032593-a8d3-4f13-b0d6-01fc615a0f97}"/><EventID>1</EventID><Version>5</Version><Level>4</Level><Task>1</Task><Opcode>0</Opcode><Keywords>0x8000000000000000</Keywords><TimeCreated SystemTime="2021-12-09T23:23:06.144840000Z"/><EventRecordID>22109244</EventRecordID><Correlation/><Execution ProcessID="4406" ThreadID="4406"/><Channel>Linux-Sysmon/Operational</Channel><Computer>sysmonlinux-8267</Computer><Security UserId="0"/></System><EventData><Data Name="RuleName">-</Data><Data Name="UtcTime">2021-12-09 23:23:06.150</Data><Data Name="ProcessGuid">{ec2d99e9-8fda-61b2-701c-e73b69550000}</Data><Data Name="ProcessId">32463</Data><Data Name="Image">/usr/bin/wget</Data><Data Name="FileVersion">-</Data><Data Name="Description">-</Data><Data Name="Product">-</Data><Data Name="Company">-</Data><Data Name="OriginalFileName">-</Data><Data Name="CommandLine">wget --timeout 60 -U wget/1.19.4-1ubuntu2.2 Ubuntu/18.04.6/LTS GNU/Linux/5.4.0-1060-aws/x86_64 Intel(R)/Xeon(R)/Platinum/8175M/CPU/@/2.50GHz cloud_id/aws -O- --content-on-error https://motd.ubuntu.com</Data><Data Name="CurrentDirectory">/</Data><Data Name="User">root</Data><Data Name="LogonGuid">{ec2d99e9-0000-0000-0000-000000000000}</Data><Data Name="LogonId">0</Data><Data Name="TerminalSessionId">4294967295</Data><Data Name="IntegrityLevel">no level</Data><Data Name="Hashes">-</Data><Data Name="ParentProcessGuid">{ec2d99e9-8fd9-61b2-68d2-bd5637560000}</Data><Data Name="ParentProcessId">32420</Data><Data Name="ParentImage">/bin/dash</Data><Data Name="ParentCommandLine">/bin/sh</Data><Data Name="ParentUser">root</Data></EventData></Event>
<Event><System><Provider Name="Linux-Sysmon" Guid="{ff032593-a8d3-4f13-b0d6-01fc615a0f97}"/><EventID>3</EventID><Version>5</Version><Level>4</Level><Task>3</Task><Opcode>0</Opcode><Keywords>0x8000000000000000</Keywords><TimeCreated SystemTime="2021-12-09T23:23:06.149790000Z"/><EventRecordID>22109245</EventRecordID><Correlation/><Execution ProcessID="4406" ThreadID="4406"/><Channel>Linux-Sysmon/Operational</Channel><Computer>sysmonlinux-8267</Computer><Security UserId="0"/></System><EventData><Data Name="RuleName">-</Data><Data Name="UtcTime">2021-12-09 23:23:06.156</Data><Data Name="ProcessGuid">{ec2d99e9-8fda-61b2-701c-e73b69550000}</Data><Data Name="ProcessId">32463</Data><Data Name="Image">/usr/bin/wget</Data><Data Name="User">root</Data><Data Name="Protocol">udp</Data><Data Name="Initiated">true</Data><Data Name="SourceIsIpv6">false</Data><Data Name="SourceIp">127.0.0.1</Data><Data Name="SourceHostname">-</Data><Data Name="SourcePort">58847</Data><Data Name="SourcePortName">-</Data><Data Name="DestinationIsIpv6">false</Data><Data Name="DestinationIp">127.0.0.53</Data><Data Name="DestinationHostname">-</Data><Data Name="DestinationPort">53</Data><Data Name="DestinationPortName">-</Data></EventData></Event>
<Event><System><Provider Name="Linux-Sysmon" Guid="{ff032593-a8d3-4f13-b0d6-01fc615a0f97}"/><EventID>3</EventID><Version>5</Version><Level>4</Level><Task>3</Task><Opcode>0</Opcode><Keywords>0x8000000000000000</Keywords><TimeCreated SystemTime="2021-12-09T23:23:37.848498000Z"/><EventRecordID>22111301</EventRecordID><Correlation/><Execution ProcessID="4406" ThreadID="4406"/><Channel>Linux-Sysmon/Operational</Channel><Computer>sysmonlinux-8267</Computer><Security UserId="0"/></System><EventData><Data Name="RuleName">-</Data><Data Name="UtcTime">2021-12-09 23:23:37.854</Data><Data Name="ProcessGuid">{ec2d99e9-8fda-61b2-701c-e73b69550000}</Data><Data Name="ProcessId">32463</Data><Data Name="Image">/usr/bin/wget</Data><Data Name="User">root</Data><Data Name="Protocol">tcp</Data><Data Name="Initiated">true</Data><Data Name="SourceIsIpv6">false</Data><Data Name="SourceIp">10.0.1.25</Data><Data Name="SourceHostname">-</Data><Data Name="SourcePort">53756</Data><Data Name="SourcePortName">-</Data><Data Name="DestinationIsIpv6">false</Data><Data Name="DestinationIp">34.243.160.129</Data><Data Name="DestinationHostname">-</Data><Data Name="DestinationPort">443</Data><Data Name="DestinationPortName">-</Data></EventData></Event>
<Event><System><Provider Name="Linux-Sysmon" Guid="{ff032593-a8d3-4f13-b0d6-01fc615a0f97}"/><EventID>5</EventID><Version>3</Version><Level>4</Level><Task>5</Task><Opcode>0</Opcode><Keywords>0x8000000000000000</Keywords><TimeCreated SystemTime="2021-12-09T23:23:39.560135000Z"/><EventRecordID>22111318</EventRecordID><Correlation/><Execution ProcessID="4406" ThreadID="4406"/><Channel>Linux-Sysmon/Operational</Channel><Computer>sysmonlinux-8267</Computer><Security UserId="0"/></System><EventData><Data Name="RuleName">-</Data><Data Name="UtcTime">2021-12-09 23:23:39.566</Data><Data Name="ProcessGuid">{ec2d99e9-8fda-61b2-701c-e73b69550000}</Data><Data Name="ProcessId">32463</Data><Data Name="Image">/usr/bin/wget</Data><Data Name="User">root</Data></EventData></Event>
<Event><System><Provider Name="Linux-Sysmon" Guid="{ff032593-a8d3-4f13-b0d6-01fc615a0f97}"/><EventID>1</EventID><Version>5</Version><Level>4</Level><Task>1</Task><Opcode>0</Opcode><Keywords>0x8000000000000000</Keywords><TimeCreated SystemTime="2021-12-10T03:39:05.681343000Z"/><EventRecordID>22701414</EventRecordID><Correlation/><Execution ProcessID="4406" ThreadID="4406"/><Channel>Linux-Sysmon/Operational</Channel><Computer>sysmonlinux-8267</Computer><Security UserId="0"/></System><EventData><Data Name="RuleName">-</Data><Data Name="UtcTime">2021-12-10 03:39:05.687</Data><Data Name="ProcessGuid">{ec2d99e9-cbd9-61b2-7071-ed0c50560000}</Data><Data Name="ProcessId">860</Data><Data Name="Image">/usr/bin/dpkg</Data><Data Name="FileVersion">-</Data><Data Name="Description">-</Data><Data Name="Product">-</Data><Data Name="Company">-</Data><Data Name="OriginalFileName">-</Data><Data Name="CommandLine">dpkg -l wget</Data><Data Name="CurrentDirectory">/</Data><Data Name="User">root</Data><Data Name="LogonGuid">{ec2d99e9-0000-0000-0000-000000000000}</Data><Data Name="LogonId">0</Data><Data Name="TerminalSessionId">4294967295</Data><Data Name="IntegrityLevel">no level</Data><Data Name="Hashes">-</Data><Data Name="ParentProcessGuid">{00000000-0000-0000-0000-000000000000}</Data><Data Name="ParentProcessId">859</Data><Data Name="ParentImage">-</Data><Data Name="ParentCommandLine">-</Data><Data Name="ParentUser">-</Data></EventData></Event>
<Event><System><Provider Name="Linux-Sysmon" Guid="{ff032593-a8d3-4f13-b0d6-01fc615a0f97}"/><EventID>1</EventID><Version>5</Version><Level>4</Level><Task>1</Task><Opcode>0</Opcode><Keywords>0x8000000000000000</Keywords><TimeCreated SystemTime="2021-12-10T03:39:05.683731000Z"/><EventRecordID>22701417</EventRecordID><Correlation/><Execution ProcessID="4406" ThreadID="4406"/><Channel>Linux-Sysmon/Operational</Channel><Computer>sysmonlinux-8267</Computer><Security UserId="0"/></System><EventData><Data Name="RuleName">-</Data><Data Name="UtcTime">2021-12-10 03:39:05.687</Data><Data Name="ProcessGuid">{ec2d99e9-cbd9-61b2-a0c2-12562e560000}</Data><Data Name="ProcessId">860</Data><Data Name="Image">/usr/bin/dpkg-query</Data><Data Name="FileVersion">-</Data><Data Name="Description">-</Data><Data Name="Product">-</Data><Data Name="Company">-</Data><Data Name="OriginalFileName">-</Data><Data Name="CommandLine">dpkg-query --list -- wget</Data><Data Name="CurrentDirectory">/</Data><Data Name="User">root</Data><Data Name="LogonGuid">{ec2d99e9-0000-0000-0000-000000000000}</Data><Data Name="LogonId">0</Data><Data Name="TerminalSessionId">4294967295</Data><Data Name="IntegrityLevel">no level</Data><Data Name="Hashes">-</Data><Data Name="ParentProcessGuid">{00000000-0000-0000-0000-000000000000}</Data><Data Name="ParentProcessId">859</Data><Data Name="ParentImage">-</Data><Data Name="ParentCommandLine">-</Data><Data Name="ParentUser">-</Data></EventData></Event>
<Event><System><Provider Name="Linux-Sysmon" Guid="{ff032593-a8d3-4f13-b0d6-01fc615a0f97}"/><EventID>1</EventID><Version>5</Version><Level>4</Level><Task>1</Task><Opcode>0</Opcode><Keywords>0x8000000000000000</Keywords><TimeCreated SystemTime="2021-12-10T03:39:06.141115000Z"/><EventRecordID>22702044</EventRecordID><Correlation/><Execution ProcessID="4406" ThreadID="4406"/><Channel>Linux-Sysmon/Operational</Channel><Computer>sysmonlinux-8267</Computer><Security UserId="0"/></System><EventData><Data Name="RuleName">-</Data><Data Name="UtcTime">2021-12-10 03:39:06.147</Data><Data Name="ProcessGuid">{ec2d99e9-cbda-61b2-708c-f9fc5d550000}</Data><Data Name="ProcessId">891</Data><Data Name="Image">/usr/bin/wget</Data><Data Name="FileVersion">-</Data><Data Name="Description">-</Data><Data Name="Product">-</Data><Data Name="Company">-</Data><Data Name="OriginalFileName">-</Data><Data Name="CommandLine">wget --timeout 60 -U wget/1.19.4-1ubuntu2.2 Ubuntu/18.04.6/LTS GNU/Linux/5.4.0-1060-aws/x86_64 Intel(R)/Xeon(R)/Platinum/8175M/CPU/@/2.50GHz cloud_id/aws -O- --content-on-error https://motd.ubuntu.com</Data><Data Name="CurrentDirectory">/</Data><Data Name="User">root</Data><Data Name="LogonGuid">{ec2d99e9-0000-0000-0000-000000000000}</Data><Data Name="LogonId">0</Data><Data Name="TerminalSessionId">4294967295</Data><Data Name="IntegrityLevel">no level</Data><Data Name="Hashes">-</Data><Data Name="ParentProcessGuid">{ec2d99e9-cbd9-61b2-6832-f85cb8550000}</Data><Data Name="ParentProcessId">844</Data><Data Name="ParentImage">/bin/dash</Data><Data Name="ParentCommandLine">/bin/sh</Data><Data Name="ParentUser">root</Data></EventData></Event>
