<Event xmlns='http://schemas.microsoft.com/win/2004/08/events/event'><System><Provider Name='Microsoft-Windows-Security-Auditing' Guid='{54849625-5478-4994-A5BA-3E3B0328C30D}'/><EventID>4688</EventID><Version>2</Version><Level>0</Level><Task>13312</Task><Opcode>0</Opcode><Keywords>0x8020000000000000</Keywords><TimeCreated SystemTime='2022-09-14T19:39:31.572937800Z'/><EventRecordID>1515496</EventRecordID><Correlation/><Execution ProcessID='4' ThreadID='7952'/><Channel>Security</Channel><Computer>win-dc-mhaag-attack-range-622.attackrange.local</Computer><Security/></System><EventData><Data Name='SubjectUserSid'>ATTACKRANGE\Administrator</Data><Data Name='SubjectUserName'>administrator</Data><Data Name='SubjectDomainName'>ATTACKRANGE</Data><Data Name='SubjectLogonId'>0x1cfe16</Data><Data Name='NewProcessId'>0x16d8</Data><Data Name='NewProcessName'>C:\Program Files\Internet Explorer\iexplore.exe</Data><Data Name='TokenElevationType'>%%1936</Data><Data Name='ProcessId'>0x1424</Data><Data Name='CommandLine'>"C:\Program Files\Internet Explorer\iexplore.exe" https://github.com/redcanaryco/atomic-red-team/blob/master/atomics/T1105/T1105.md</Data><Data Name='TargetUserSid'>NULL SID</Data><Data Name='TargetUserName'>-</Data><Data Name='TargetDomainName'>-</Data><Data Name='TargetLogonId'>0x0</Data><Data Name='ParentProcessName'>C:\Windows\explorer.exe</Data><Data Name='MandatoryLabel'>Mandatory Label\High Mandatory Level</Data></EventData></Event>
<Event xmlns='http://schemas.microsoft.com/win/2004/08/events/event'><System><Provider Name='Microsoft-Windows-Security-Auditing' Guid='{54849625-5478-4994-A5BA-3E3B0328C30D}'/><EventID>4688</EventID><Version>2</Version><Level>0</Level><Task>13312</Task><Opcode>0</Opcode><Keywords>0x8020000000000000</Keywords><TimeCreated SystemTime='2022-09-14T19:39:31.320244700Z'/><EventRecordID>1515495</EventRecordID><Correlation/><Execution ProcessID='4' ThreadID='3904'/><Channel>Security</Channel><Computer>win-dc-mhaag-attack-range-622.attackrange.local</Computer><Security/></System><EventData><Data Name='SubjectUserSid'>NT AUTHORITY\SYSTEM</Data><Data Name='SubjectUserName'>WIN-DC-MHAAG-AT$</Data><Data Name='SubjectDomainName'>ATTACKRANGE</Data><Data Name='SubjectLogonId'>0x3e7</Data><Data Name='NewProcessId'>0x1424</Data><Data Name='NewProcessName'>C:\Windows\explorer.exe</Data><Data Name='TokenElevationType'>%%1936</Data><Data Name='ProcessId'>0x348</Data><Data Name='CommandLine'>C:\Windows\explorer.exe /factory,{75dff2b7-6936-4c06-a8bb-676a7b00b24b} -Embedding</Data><Data Name='TargetUserSid'>ATTACKRANGE\Administrator</Data><Data Name='TargetUserName'>administrator</Data><Data Name='TargetDomainName'>ATTACKRANGE</Data><Data Name='TargetLogonId'>0x1cfe16</Data><Data Name='ParentProcessName'>C:\Windows\System32\svchost.exe</Data><Data Name='MandatoryLabel'>Mandatory Label\High Mandatory Level</Data></EventData></Event>
<Event xmlns='http://schemas.microsoft.com/win/2004/08/events/event'><System><Provider Name='Microsoft-Windows-Security-Auditing' Guid='{54849625-5478-4994-A5BA-3E3B0328C30D}'/><EventID>4688</EventID><Version>2</Version><Level>0</Level><Task>13312</Task><Opcode>0</Opcode><Keywords>0x8020000000000000</Keywords><TimeCreated SystemTime='2022-09-14T19:39:30.865737600Z'/><EventRecordID>1515494</EventRecordID><Correlation/><Execution ProcessID='4' ThreadID='3904'/><Channel>Security</Channel><Computer>win-dc-mhaag-attack-range-622.attackrange.local</Computer><Security/></System><EventData><Data Name='SubjectUserSid'>ATTACKRANGE\Administrator</Data><Data Name='SubjectUserName'>administrator</Data><Data Name='SubjectDomainName'>ATTACKRANGE</Data><Data Name='SubjectLogonId'>0x1cfe16</Data><Data Name='NewProcessId'>0x10d0</Data><Data Name='NewProcessName'>C:\Windows\explorer.exe</Data><Data Name='TokenElevationType'>%%1936</Data><Data Name='ProcessId'>0x8f4</Data><Data Name='CommandLine'>explorer.exe  https://github.com/redcanaryco/atomic-red-team/blob/master/atomics/T1105/T1105.md</Data><Data Name='TargetUserSid'>NULL SID</Data><Data Name='TargetUserName'>-</Data><Data Name='TargetDomainName'>-</Data><Data Name='TargetLogonId'>0x0</Data><Data Name='ParentProcessName'>C:\Windows\System32\cmd.exe</Data><Data Name='MandatoryLabel'>Mandatory Label\High Mandatory Level</Data></EventData></Event>
<Event xmlns='http://schemas.microsoft.com/win/2004/08/events/event'><System><Provider Name='Microsoft-Windows-Security-Auditing' Guid='{54849625-5478-4994-A5BA-3E3B0328C30D}'/><EventID>4688</EventID><Version>2</Version><Level>0</Level><Task>13312</Task><Opcode>0</Opcode><Keywords>0x8020000000000000</Keywords><TimeCreated SystemTime='2022-09-14T18:27:35.121318700Z'/><EventRecordID>1510004</EventRecordID><Correlation/><Execution ProcessID='4' ThreadID='5784'/><Channel>Security</Channel><Computer>win-dc-mhaag-attack-range-622.attackrange.local</Computer><Security/></System><EventData><Data Name='SubjectUserSid'>ATTACKRANGE\Administrator</Data><Data Name='SubjectUserName'>administrator</Data><Data Name='SubjectDomainName'>ATTACKRANGE</Data><Data Name='SubjectLogonId'>0x1cfe16</Data><Data Name='NewProcessId'>0x1e90</Data><Data Name='NewProcessName'>C:\Windows\System32\WindowsPowerShell\v1.0\powershell.exe</Data><Data Name='TokenElevationType'>%%1936</Data><Data Name='ProcessId'>0x1a3c</Data><Data Name='CommandLine'>"C:\Windows\System32\WindowsPowerShell\v1.0\powershell.exe" "-Command" "if((Get-ExecutionPolicy ) -ne 'AllSigned') { Set-ExecutionPolicy -Scope Process Bypass }; &amp; 'C:\Users\Administrator\Desktop\blackhat-usa-2022-demos-main\common.ps1'"</Data><Data Name='TargetUserSid'>NULL SID</Data><Data Name='TargetUserName'>-</Data><Data Name='TargetDomainName'>-</Data><Data Name='TargetLogonId'>0x0</Data><Data Name='ParentProcessName'>C:\Windows\explorer.exe</Data><Data Name='MandatoryLabel'>Mandatory Label\High Mandatory Level</Data></EventData></Event>
<Event xmlns='http://schemas.microsoft.com/win/2004/08/events/event'><System><Provider Name='Microsoft-Windows-Security-Auditing' Guid='{54849625-5478-4994-A5BA-3E3B0328C30D}'/><EventID>4688</EventID><Version>2</Version><Level>0</Level><Task>13312</Task><Opcode>0</Opcode><Keywords>0x8020000000000000</Keywords><TimeCreated SystemTime='2022-09-14T18:18:27.554313400Z'/><EventRecordID>1508786</EventRecordID><Correlation/><Execution ProcessID='4' ThreadID='1004'/><Channel>Security</Channel><Computer>win-dc-mhaag-attack-range-622.attackrange.local</Computer><Security/></System><EventData><Data Name='SubjectUserSid'>ATTACKRANGE\Administrator</Data><Data Name='SubjectUserName'>administrator</Data><Data Name='SubjectDomainName'>ATTACKRANGE</Data><Data Name='SubjectLogonId'>0x1cfe16</Data><Data Name='NewProcessId'>0xbe8</Data><Data Name='NewProcessName'>C:\Windows\System32\WindowsPowerShell\v1.0\powershell_ise.exe</Data><Data Name='TokenElevationType'>%%1936</Data><Data Name='ProcessId'>0x1a3c</Data><Data Name='CommandLine'>"C:\Windows\system32\WindowsPowerShell\v1.0\PowerShell_ISE.exe" </Data><Data Name='TargetUserSid'>NULL SID</Data><Data Name='TargetUserName'>-</Data><Data Name='TargetDomainName'>-</Data><Data Name='TargetLogonId'>0x0</Data><Data Name='ParentProcessName'>C:\Windows\explorer.exe</Data><Data Name='MandatoryLabel'>Mandatory Label\High Mandatory Level</Data></EventData></Event>
<Event xmlns='http://schemas.microsoft.com/win/2004/08/events/event'><System><Provider Name='Microsoft-Windows-Security-Auditing' Guid='{54849625-5478-4994-A5BA-3E3B0328C30D}'/><EventID>4688</EventID><Version>2</Version><Level>0</Level><Task>13312</Task><Opcode>0</Opcode><Keywords>0x8020000000000000</Keywords><TimeCreated SystemTime='2022-09-14T18:07:39.013054000Z'/><EventRecordID>1507834</EventRecordID><Correlation/><Execution ProcessID='4' ThreadID='3904'/><Channel>Security</Channel><Computer>win-dc-mhaag-attack-range-622.attackrange.local</Computer><Security/></System><EventData><Data Name='SubjectUserSid'>ATTACKRANGE\Administrator</Data><Data Name='SubjectUserName'>administrator</Data><Data Name='SubjectDomainName'>ATTACKRANGE</Data><Data Name='SubjectLogonId'>0x1cfe16</Data><Data Name='NewProcessId'>0x159c</Data><Data Name='NewProcessName'>C:\Users\Administrator\Downloads\LIVE_BEARD.exe</Data><Data Name='TokenElevationType'>%%1936</Data><Data Name='ProcessId'>0x1a3c</Data><Data Name='CommandLine'>"C:\Users\Administrator\Downloads\LIVE_BEARD.exe" </Data><Data Name='TargetUserSid'>NULL SID</Data><Data Name='TargetUserName'>-</Data><Data Name='TargetDomainName'>-</Data><Data Name='TargetLogonId'>0x0</Data><Data Name='ParentProcessName'>C:\Windows\explorer.exe</Data><Data Name='MandatoryLabel'>Mandatory Label\High Mandatory Level</Data></EventData></Event>
<Event xmlns='http://schemas.microsoft.com/win/2004/08/events/event'><System><Provider Name='Microsoft-Windows-Security-Auditing' Guid='{54849625-5478-4994-A5BA-3E3B0328C30D}'/><EventID>4688</EventID><Version>2</Version><Level>0</Level><Task>13312</Task><Opcode>0</Opcode><Keywords>0x8020000000000000</Keywords><TimeCreated SystemTime='2022-09-14T18:02:05.176260800Z'/><EventRecordID>1507412</EventRecordID><Correlation/><Execution ProcessID='4' ThreadID='292'/><Channel>Security</Channel><Computer>win-dc-mhaag-attack-range-622.attackrange.local</Computer><Security/></System><EventData><Data Name='SubjectUserSid'>ATTACKRANGE\Administrator</Data><Data Name='SubjectUserName'>administrator</Data><Data Name='SubjectDomainName'>ATTACKRANGE</Data><Data Name='SubjectLogonId'>0x1cfe16</Data><Data Name='NewProcessId'>0x8f4</Data><Data Name='NewProcessName'>C:\Windows\System32\cmd.exe</Data><Data Name='TokenElevationType'>%%1936</Data><Data Name='ProcessId'>0x1a3c</Data><Data Name='CommandLine'>"C:\Windows\system32\cmd.exe" </Data><Data Name='TargetUserSid'>NULL SID</Data><Data Name='TargetUserName'>-</Data><Data Name='TargetDomainName'>-</Data><Data Name='TargetLogonId'>0x0</Data><Data Name='ParentProcessName'>C:\Windows\explorer.exe</Data><Data Name='MandatoryLabel'>Mandatory Label\High Mandatory Level</Data></EventData></Event>
<Event xmlns='http://schemas.microsoft.com/win/2004/08/events/event'><System><Provider Name='Microsoft-Windows-Security-Auditing' Guid='{54849625-5478-4994-A5BA-3E3B0328C30D}'/><EventID>4688</EventID><Version>2</Version><Level>0</Level><Task>13312</Task><Opcode>0</Opcode><Keywords>0x8020000000000000</Keywords><TimeCreated SystemTime='2022-09-14T17:14:40.698442900Z'/><EventRecordID>1503708</EventRecordID><Correlation/><Execution ProcessID='4' ThreadID='5200'/><Channel>Security</Channel><Computer>win-dc-mhaag-attack-range-622.attackrange.local</Computer><Security/></System><EventData><Data Name='SubjectUserSid'>ATTACKRANGE\Administrator</Data><Data Name='SubjectUserName'>administrator</Data><Data Name='SubjectDomainName'>ATTACKRANGE</Data><Data Name='SubjectLogonId'>0x1cfe16</Data><Data Name='NewProcessId'>0xd34</Data><Data Name='NewProcessName'>C:\Users\Administrator\Downloads\LIVE_BEARD.exe</Data><Data Name='TokenElevationType'>%%1936</Data><Data Name='ProcessId'>0x1a3c</Data><Data Name='CommandLine'>"C:\Users\Administrator\Downloads\LIVE_BEARD.exe" </Data><Data Name='TargetUserSid'>NULL SID</Data><Data Name='TargetUserName'>-</Data><Data Name='TargetDomainName'>-</Data><Data Name='TargetLogonId'>0x0</Data><Data Name='ParentProcessName'>C:\Windows\explorer.exe</Data><Data Name='MandatoryLabel'>Mandatory Label\High Mandatory Level</Data></EventData></Event>
