<Event xmlns='http://schemas.microsoft.com/win/2004/08/events/event'><System><Provider Name='Microsoft-Windows-Sysmon' Guid='{5770385F-C22A-43E0-BF4C-06F5698FFBD9}'/><EventID>1</EventID><Version>5</Version><Level>4</Level><Task>1</Task><Opcode>0</Opcode><Keywords>0x8000000000000000</Keywords><TimeCreated SystemTime='2023-08-29T14:48:48.233608000Z'/><EventRecordID>483735311</EventRecordID><Correlation/><Execution ProcessID='2324' ThreadID='2852'/><Channel>Microsoft-Windows-Sysmon/Operational</Channel><Computer>mswin-server.attackrange.local</Computer><Security UserID='S-1-5-18'/></System><EventData><Data Name='RuleName'>-</Data><Data Name='UtcTime'>2023-08-29 14:48:48.201</Data><Data Name='ProcessGuid'>{EF490992-0550-64EE-7BC9-00000000DB02}</Data><Data Name='ProcessId'>6652</Data><Data Name='Image'>C:\Program Files (x86)\Adobe\Acrobat Reader DC\Reader\acrocef_1\RdrCEF.exe</Data><Data Name='FileVersion'>22.3.20322.0</Data><Data Name='Description'>Adobe RdrCEF</Data><Data Name='Product'>Adobe AcroCEF</Data><Data Name='Company'>Adobe Systems Incorporated</Data><Data Name='OriginalFileName'>AcroCEF.exe</Data><Data Name='CommandLine'>"C:\Program Files (x86)\Adobe\Acrobat Reader DC\Reader\acrocef_1\RdrCEF.exe" --backgroundcolor=16514043</Data><Data Name='CurrentDirectory'>C:\Windows\system32\</Data><Data Name='User'>MSWIN-SERVER\Administrator</Data><Data Name='LogonGuid'>{EF490992-7ED5-64E7-D2DE-160000000000}</Data><Data Name='LogonId'>0x16ded2</Data><Data Name='TerminalSessionId'>2</Data><Data Name='IntegrityLevel'>Low</Data><Data Name='Hashes'>MD5=7FA89C125FA31D9C14FBAA7D7E4A3EAE,SHA256=5CDBEA6FF98ADF7397B0D4852933EB33F3781AA6465B7901DA8EA5D4330C892A</Data><Data Name='ParentProcessGuid'>{EF490992-054A-64EE-79C9-00000000DB02}</Data><Data Name='ParentProcessId'>5796</Data><Data Name='ParentImage'>C:\Program Files (x86)\Adobe\Acrobat Reader DC\Reader\AcroRd32.exe</Data><Data Name='ParentCommandLine'>"C:\Program Files (x86)\Adobe\Acrobat Reader DC\Reader\AcroRd32.exe" "C:\Users\Administrator\Downloads\CVE-2023-38831-winrar-exploit-main\CVE-2023-38831-winrar-exploit-main\CLASSIFIED_DOCUMENTS.pdf"</Data><Data Name='ParentUser'>MSWIN-SERVER\Administrator</Data></EventData></Event>
<Event xmlns='http://schemas.microsoft.com/win/2004/08/events/event'><System><Provider Name='Microsoft-Windows-Sysmon' Guid='{5770385F-C22A-43E0-BF4C-06F5698FFBD9}'/><EventID>1</EventID><Version>5</Version><Level>4</Level><Task>1</Task><Opcode>0</Opcode><Keywords>0x8000000000000000</Keywords><TimeCreated SystemTime='2023-08-29T14:48:43.727064600Z'/><EventRecordID>483734384</EventRecordID><Correlation/><Execution ProcessID='2324' ThreadID='2852'/><Channel>Microsoft-Windows-Sysmon/Operational</Channel><Computer>mswin-server.attackrange.local</Computer><Security UserID='S-1-5-18'/></System><EventData><Data Name='RuleName'>-</Data><Data Name='UtcTime'>2023-08-29 14:48:43.726</Data><Data Name='ProcessGuid'>{EF490992-054B-64EE-7AC9-00000000DB02}</Data><Data Name='ProcessId'>4540</Data><Data Name='Image'>C:\Program Files (x86)\Adobe\Acrobat Reader DC\Reader\AcroRd32.exe</Data><Data Name='FileVersion'>22.3.20322.0</Data><Data Name='Description'>Adobe Acrobat Reader </Data><Data Name='Product'>Adobe Acrobat Reader</Data><Data Name='Company'>Adobe Systems Incorporated</Data><Data Name='OriginalFileName'>AcroRd32.exe</Data><Data Name='CommandLine'>"C:\Program Files (x86)\Adobe\Acrobat Reader DC\Reader\AcroRd32.exe" --type=renderer /prefetch:1  "C:\Users\Administrator\Downloads\CVE-2023-38831-winrar-exploit-main\CVE-2023-38831-winrar-exploit-main\CLASSIFIED_DOCUMENTS.pdf"</Data><Data Name='CurrentDirectory'>C:\Windows\system32\</Data><Data Name='User'>MSWIN-SERVER\Administrator</Data><Data Name='LogonGuid'>{EF490992-7ED5-64E7-D2DE-160000000000}</Data><Data Name='LogonId'>0x16ded2</Data><Data Name='TerminalSessionId'>2</Data><Data Name='IntegrityLevel'>AppContainer</Data><Data Name='Hashes'>MD5=FCCC26235A38158E42A4824DFCEE03BC,SHA256=4343566CF2D99E93E89944F8A71C020C30370BC80D691F99030C673FC11CF83F</Data><Data Name='ParentProcessGuid'>{EF490992-054A-64EE-79C9-00000000DB02}</Data><Data Name='ParentProcessId'>5796</Data><Data Name='ParentImage'>C:\Program Files (x86)\Adobe\Acrobat Reader DC\Reader\AcroRd32.exe</Data><Data Name='ParentCommandLine'>"C:\Program Files (x86)\Adobe\Acrobat Reader DC\Reader\AcroRd32.exe" "C:\Users\Administrator\Downloads\CVE-2023-38831-winrar-exploit-main\CVE-2023-38831-winrar-exploit-main\CLASSIFIED_DOCUMENTS.pdf"</Data><Data Name='ParentUser'>MSWIN-SERVER\Administrator</Data></EventData></Event>
<Event xmlns='http://schemas.microsoft.com/win/2004/08/events/event'><System><Provider Name='Microsoft-Windows-Sysmon' Guid='{5770385F-C22A-43E0-BF4C-06F5698FFBD9}'/><EventID>1</EventID><Version>5</Version><Level>4</Level><Task>1</Task><Opcode>0</Opcode><Keywords>0x8000000000000000</Keywords><TimeCreated SystemTime='2023-08-29T14:48:42.910553200Z'/><EventRecordID>483733679</EventRecordID><Correlation/><Execution ProcessID='2324' ThreadID='2852'/><Channel>Microsoft-Windows-Sysmon/Operational</Channel><Computer>mswin-server.attackrange.local</Computer><Security UserID='S-1-5-18'/></System><EventData><Data Name='RuleName'>-</Data><Data Name='UtcTime'>2023-08-29 14:48:42.867</Data><Data Name='ProcessGuid'>{EF490992-054A-64EE-79C9-00000000DB02}</Data><Data Name='ProcessId'>5796</Data><Data Name='Image'>C:\Program Files (x86)\Adobe\Acrobat Reader DC\Reader\AcroRd32.exe</Data><Data Name='FileVersion'>22.3.20322.0</Data><Data Name='Description'>Adobe Acrobat Reader </Data><Data Name='Product'>Adobe Acrobat Reader</Data><Data Name='Company'>Adobe Systems Incorporated</Data><Data Name='OriginalFileName'>AcroRd32.exe</Data><Data Name='CommandLine'>"C:\Program Files (x86)\Adobe\Acrobat Reader DC\Reader\AcroRd32.exe" "C:\Users\Administrator\Downloads\CVE-2023-38831-winrar-exploit-main\CVE-2023-38831-winrar-exploit-main\CLASSIFIED_DOCUMENTS.pdf"</Data><Data Name='CurrentDirectory'>C:\Windows\system32\</Data><Data Name='User'>MSWIN-SERVER\Administrator</Data><Data Name='LogonGuid'>{EF490992-7ED5-64E7-D2DE-160000000000}</Data><Data Name='LogonId'>0x16ded2</Data><Data Name='TerminalSessionId'>2</Data><Data Name='IntegrityLevel'>High</Data><Data Name='Hashes'>MD5=FCCC26235A38158E42A4824DFCEE03BC,SHA256=4343566CF2D99E93E89944F8A71C020C30370BC80D691F99030C673FC11CF83F</Data><Data Name='ParentProcessGuid'>{EF490992-053A-64EE-78C9-00000000DB02}</Data><Data Name='ParentProcessId'>1884</Data><Data Name='ParentImage'>C:\Windows\System32\OpenWith.exe</Data><Data Name='ParentCommandLine'>C:\Windows\system32\OpenWith.exe -Embedding</Data><Data Name='ParentUser'>MSWIN-SERVER\Administrator</Data></EventData></Event>
<Event xmlns='http://schemas.microsoft.com/win/2004/08/events/event'><System><Provider Name='Microsoft-Windows-Sysmon' Guid='{5770385F-C22A-43E0-BF4C-06F5698FFBD9}'/><EventID>1</EventID><Version>5</Version><Level>4</Level><Task>1</Task><Opcode>0</Opcode><Keywords>0x8000000000000000</Keywords><TimeCreated SystemTime='2023-08-29T14:48:26.285974700Z'/><EventRecordID>483732446</EventRecordID><Correlation/><Execution ProcessID='2324' ThreadID='2852'/><Channel>Microsoft-Windows-Sysmon/Operational</Channel><Computer>mswin-server.attackrange.local</Computer><Security UserID='S-1-5-18'/></System><EventData><Data Name='RuleName'>-</Data><Data Name='UtcTime'>2023-08-29 14:48:26.273</Data><Data Name='ProcessGuid'>{EF490992-053A-64EE-77C9-00000000DB02}</Data><Data Name='ProcessId'>6260</Data><Data Name='Image'>C:\Windows\System32\win32calc.exe</Data><Data Name='FileVersion'>10.0.14393.0 (rs1_release.160715-1616)</Data><Data Name='Description'>Windows Calculator</Data><Data Name='Product'>Microsoft® Windows® Operating System</Data><Data Name='Company'>Microsoft Corporation</Data><Data Name='OriginalFileName'>WIN32CALC.EXE</Data><Data Name='CommandLine'>"C:\Windows\System32\win32calc.exe" </Data><Data Name='CurrentDirectory'>C:\Users\Administrator\Downloads\CVE-2023-38831-winrar-exploit-main\CVE-2023-38831-winrar-exploit-main\</Data><Data Name='User'>MSWIN-SERVER\Administrator</Data><Data Name='LogonGuid'>{EF490992-7ED5-64E7-D2DE-160000000000}</Data><Data Name='LogonId'>0x16ded2</Data><Data Name='TerminalSessionId'>2</Data><Data Name='IntegrityLevel'>High</Data><Data Name='Hashes'>MD5=B31A19BA38F110838119299B50517073,SHA256=D7B378A4BC4DEAE748462D216D14A20CCB1BAC1D3FFBC67711DB2CC1D8B182B7</Data><Data Name='ParentProcessGuid'>{EF490992-053A-64EE-76C9-00000000DB02}</Data><Data Name='ParentProcessId'>6132</Data><Data Name='ParentImage'>C:\Windows\System32\calc.exe</Data><Data Name='ParentCommandLine'>calc.exe  </Data><Data Name='ParentUser'>MSWIN-SERVER\Administrator</Data></EventData></Event>
<Event xmlns='http://schemas.microsoft.com/win/2004/08/events/event'><System><Provider Name='Microsoft-Windows-Sysmon' Guid='{5770385F-C22A-43E0-BF4C-06F5698FFBD9}'/><EventID>1</EventID><Version>5</Version><Level>4</Level><Task>1</Task><Opcode>0</Opcode><Keywords>0x8000000000000000</Keywords><TimeCreated SystemTime='2023-08-29T14:48:26.097022000Z'/><EventRecordID>483732193</EventRecordID><Correlation/><Execution ProcessID='2324' ThreadID='2852'/><Channel>Microsoft-Windows-Sysmon/Operational</Channel><Computer>mswin-server.attackrange.local</Computer><Security UserID='S-1-5-18'/></System><EventData><Data Name='RuleName'>-</Data><Data Name='UtcTime'>2023-08-29 14:48:26.095</Data><Data Name='ProcessGuid'>{EF490992-053A-64EE-76C9-00000000DB02}</Data><Data Name='ProcessId'>6132</Data><Data Name='Image'>C:\Windows\System32\calc.exe</Data><Data Name='FileVersion'>10.0.14393.4169 (rs1_release.210107-1130)</Data><Data Name='Description'>Windows Calculator</Data><Data Name='Product'>Microsoft® Windows® Operating System</Data><Data Name='Company'>Microsoft Corporation</Data><Data Name='OriginalFileName'>CALC.EXE</Data><Data Name='CommandLine'>calc.exe  </Data><Data Name='CurrentDirectory'>C:\Users\Administrator\Downloads\CVE-2023-38831-winrar-exploit-main\CVE-2023-38831-winrar-exploit-main\</Data><Data Name='User'>MSWIN-SERVER\Administrator</Data><Data Name='LogonGuid'>{EF490992-7ED5-64E7-D2DE-160000000000}</Data><Data Name='LogonId'>0x16ded2</Data><Data Name='TerminalSessionId'>2</Data><Data Name='IntegrityLevel'>High</Data><Data Name='Hashes'>MD5=2A5CC198FEFC04C2B6B95207A91D3668,SHA256=04FA16D1FBB5F047E7BF9756E8DDC1365AFEAAB22DD4A2C3F03E067B75BED8EA</Data><Data Name='ParentProcessGuid'>{EF490992-0539-64EE-74C9-00000000DB02}</Data><Data Name='ParentProcessId'>6680</Data><Data Name='ParentImage'>C:\Windows\System32\cmd.exe</Data><Data Name='ParentCommandLine'>C:\Windows\system32\cmd.exe /c ""C:\Users\ADMINI~1\AppData\Local\Temp\2\Rar$DIa6312.48832\CLASSIFIED_DOCUMENTS.pdf .cmd" "</Data><Data Name='ParentUser'>MSWIN-SERVER\Administrator</Data></EventData></Event>
<Event xmlns='http://schemas.microsoft.com/win/2004/08/events/event'><System><Provider Name='Microsoft-Windows-Sysmon' Guid='{5770385F-C22A-43E0-BF4C-06F5698FFBD9}'/><EventID>1</EventID><Version>5</Version><Level>4</Level><Task>1</Task><Opcode>0</Opcode><Keywords>0x8000000000000000</Keywords><TimeCreated SystemTime='2023-08-29T14:48:26.001076700Z'/><EventRecordID>483732091</EventRecordID><Correlation/><Execution ProcessID='2324' ThreadID='2852'/><Channel>Microsoft-Windows-Sysmon/Operational</Channel><Computer>mswin-server.attackrange.local</Computer><Security UserID='S-1-5-18'/></System><EventData><Data Name='RuleName'>-</Data><Data Name='UtcTime'>2023-08-29 14:48:25.998</Data><Data Name='ProcessGuid'>{EF490992-0539-64EE-75C9-00000000DB02}</Data><Data Name='ProcessId'>7048</Data><Data Name='Image'>C:\Windows\System32\conhost.exe</Data><Data Name='FileVersion'>10.0.14393.0 (rs1_release.160715-1616)</Data><Data Name='Description'>Console Window Host</Data><Data Name='Product'>Microsoft® Windows® Operating System</Data><Data Name='Company'>Microsoft Corporation</Data><Data Name='OriginalFileName'>CONHOST.EXE</Data><Data Name='CommandLine'>\??\C:\Windows\system32\conhost.exe 0xffffffff -ForceV1</Data><Data Name='CurrentDirectory'>C:\Windows</Data><Data Name='User'>MSWIN-SERVER\Administrator</Data><Data Name='LogonGuid'>{EF490992-7ED5-64E7-D2DE-160000000000}</Data><Data Name='LogonId'>0x16ded2</Data><Data Name='TerminalSessionId'>2</Data><Data Name='IntegrityLevel'>High</Data><Data Name='Hashes'>MD5=D752C96401E2540A443C599154FC6FA9,SHA256=046F7A1B4DE67562547ED9A180A72F481FC41E803DE49A96D7D7C731964D53A0</Data><Data Name='ParentProcessGuid'>{EF490992-0539-64EE-74C9-00000000DB02}</Data><Data Name='ParentProcessId'>6680</Data><Data Name='ParentImage'>C:\Windows\System32\cmd.exe</Data><Data Name='ParentCommandLine'>C:\Windows\system32\cmd.exe /c ""C:\Users\ADMINI~1\AppData\Local\Temp\2\Rar$DIa6312.48832\CLASSIFIED_DOCUMENTS.pdf .cmd" "</Data><Data Name='ParentUser'>MSWIN-SERVER\Administrator</Data></EventData></Event>
<Event xmlns='http://schemas.microsoft.com/win/2004/08/events/event'><System><Provider Name='Microsoft-Windows-Sysmon' Guid='{5770385F-C22A-43E0-BF4C-06F5698FFBD9}'/><EventID>1</EventID><Version>5</Version><Level>4</Level><Task>1</Task><Opcode>0</Opcode><Keywords>0x8000000000000000</Keywords><TimeCreated SystemTime='2023-08-29T14:48:25.999491100Z'/><EventRecordID>483732085</EventRecordID><Correlation/><Execution ProcessID='2324' ThreadID='2852'/><Channel>Microsoft-Windows-Sysmon/Operational</Channel><Computer>mswin-server.attackrange.local</Computer><Security UserID='S-1-5-18'/></System><EventData><Data Name='RuleName'>-</Data><Data Name='UtcTime'>2023-08-29 14:48:25.991</Data><Data Name='ProcessGuid'>{EF490992-0539-64EE-74C9-00000000DB02}</Data><Data Name='ProcessId'>6680</Data><Data Name='Image'>C:\Windows\System32\cmd.exe</Data><Data Name='FileVersion'>10.0.14393.0 (rs1_release.160715-1616)</Data><Data Name='Description'>Windows Command Processor</Data><Data Name='Product'>Microsoft® Windows® Operating System</Data><Data Name='Company'>Microsoft Corporation</Data><Data Name='OriginalFileName'>Cmd.Exe</Data><Data Name='CommandLine'>C:\Windows\system32\cmd.exe /c ""C:\Users\ADMINI~1\AppData\Local\Temp\2\Rar$DIa6312.48832\CLASSIFIED_DOCUMENTS.pdf .cmd" "</Data><Data Name='CurrentDirectory'>C:\Users\Administrator\Downloads\CVE-2023-38831-winrar-exploit-main\CVE-2023-38831-winrar-exploit-main\</Data><Data Name='User'>MSWIN-SERVER\Administrator</Data><Data Name='LogonGuid'>{EF490992-7ED5-64E7-D2DE-160000000000}</Data><Data Name='LogonId'>0x16ded2</Data><Data Name='TerminalSessionId'>2</Data><Data Name='IntegrityLevel'>High</Data><Data Name='Hashes'>MD5=F4F684066175B77E0C3A000549D2922C,SHA256=935C1861DF1F4018D698E8B65ABFA02D7E9037D8F68CA3C2065B6CA165D44AD2</Data><Data Name='ParentProcessGuid'>{EF490992-052F-64EE-71C9-00000000DB02}</Data><Data Name='ParentProcessId'>6312</Data><Data Name='ParentImage'>C:\Program Files\WinRAR\WinRAR.exe</Data><Data Name='ParentCommandLine'>"C:\Program Files\WinRAR\WinRAR.exe" "C:\Users\Administrator\Downloads\CVE-2023-38831-winrar-exploit-main\CVE-2023-38831-winrar-exploit-main\CVE-2023-38831-poc.rar"</Data><Data Name='ParentUser'>MSWIN-SERVER\Administrator</Data></EventData></Event>
<Event xmlns='http://schemas.microsoft.com/win/2004/08/events/event'><System><Provider Name='Microsoft-Windows-Sysmon' Guid='{5770385F-C22A-43E0-BF4C-06F5698FFBD9}'/><EventID>1</EventID><Version>5</Version><Level>4</Level><Task>1</Task><Opcode>0</Opcode><Keywords>0x8000000000000000</Keywords><TimeCreated SystemTime='2023-08-29T14:48:15.925230400Z'/><EventRecordID>483729868</EventRecordID><Correlation/><Execution ProcessID='2324' ThreadID='2852'/><Channel>Microsoft-Windows-Sysmon/Operational</Channel><Computer>mswin-server.attackrange.local</Computer><Security UserID='S-1-5-18'/></System><EventData><Data Name='RuleName'>-</Data><Data Name='UtcTime'>2023-08-29 14:48:15.909</Data><Data Name='ProcessGuid'>{EF490992-052F-64EE-71C9-00000000DB02}</Data><Data Name='ProcessId'>6312</Data><Data Name='Image'>C:\Program Files\WinRAR\WinRAR.exe</Data><Data Name='FileVersion'>6.21.0</Data><Data Name='Description'>WinRAR archiver</Data><Data Name='Product'>WinRAR</Data><Data Name='Company'>Alexander Roshal</Data><Data Name='OriginalFileName'>WinRAR.exe</Data><Data Name='CommandLine'>"C:\Program Files\WinRAR\WinRAR.exe" "C:\Users\Administrator\Downloads\CVE-2023-38831-winrar-exploit-main\CVE-2023-38831-winrar-exploit-main\CVE-2023-38831-poc.rar"</Data><Data Name='CurrentDirectory'>C:\Users\Administrator\Downloads\CVE-2023-38831-winrar-exploit-main\CVE-2023-38831-winrar-exploit-main\</Data><Data Name='User'>MSWIN-SERVER\Administrator</Data><Data Name='LogonGuid'>{EF490992-7ED5-64E7-D2DE-160000000000}</Data><Data Name='LogonId'>0x16ded2</Data><Data Name='TerminalSessionId'>2</Data><Data Name='IntegrityLevel'>High</Data><Data Name='Hashes'>MD5=D52AA2E22AF1908BFA94B95E54165DF5,SHA256=70A787B94DC04E63E6D779F66780DA7E35B2D1B0F4007DC4C8F6792B3F3E7879</Data><Data Name='ParentProcessGuid'>{EF490992-7ED8-64E7-F800-00000000DB02}</Data><Data Name='ParentProcessId'>5012</Data><Data Name='ParentImage'>C:\Windows\explorer.exe</Data><Data Name='ParentCommandLine'>C:\Windows\Explorer.EXE</Data><Data Name='ParentUser'>MSWIN-SERVER\Administrator</Data></EventData></Event>
<Event xmlns='http://schemas.microsoft.com/win/2004/08/events/event'><System><Provider Name='Microsoft-Windows-Sysmon' Guid='{5770385F-C22A-43E0-BF4C-06F5698FFBD9}'/><EventID>1</EventID><Version>5</Version><Level>4</Level><Task>1</Task><Opcode>0</Opcode><Keywords>0x8000000000000000</Keywords><TimeCreated SystemTime='2023-08-29T14:48:06.884481300Z'/><EventRecordID>483728032</EventRecordID><Correlation/><Execution ProcessID='2324' ThreadID='2852'/><Channel>Microsoft-Windows-Sysmon/Operational</Channel><Computer>mswin-server.attackrange.local</Computer><Security UserID='S-1-5-18'/></System><EventData><Data Name='RuleName'>-</Data><Data Name='UtcTime'>2023-08-29 14:48:06.846</Data><Data Name='ProcessGuid'>{EF490992-0526-64EE-70C9-00000000DB02}</Data><Data Name='ProcessId'>6256</Data><Data Name='Image'>C:\Program Files\WinRAR\WinRAR.exe</Data><Data Name='FileVersion'>6.21.0</Data><Data Name='Description'>WinRAR archiver</Data><Data Name='Product'>WinRAR</Data><Data Name='Company'>Alexander Roshal</Data><Data Name='OriginalFileName'>WinRAR.exe</Data><Data Name='CommandLine'>"C:\Program Files\WinRAR\WinRAR.exe" x -iext -ver -imon1 -- "C:\Users\Administrator\Downloads\CVE-2023-38831-winrar-exploit-main.zip" C:\Users\Administrator\Downloads\CVE-2023-38831-winrar-exploit-main\</Data><Data Name='CurrentDirectory'>C:\Users\Administrator\Downloads\</Data><Data Name='User'>MSWIN-SERVER\Administrator</Data><Data Name='LogonGuid'>{EF490992-7ED5-64E7-D2DE-160000000000}</Data><Data Name='LogonId'>0x16ded2</Data><Data Name='TerminalSessionId'>2</Data><Data Name='IntegrityLevel'>High</Data><Data Name='Hashes'>MD5=D52AA2E22AF1908BFA94B95E54165DF5,SHA256=70A787B94DC04E63E6D779F66780DA7E35B2D1B0F4007DC4C8F6792B3F3E7879</Data><Data Name='ParentProcessGuid'>{EF490992-7ED8-64E7-F800-00000000DB02}</Data><Data Name='ParentProcessId'>5012</Data><Data Name='ParentImage'>C:\Windows\explorer.exe</Data><Data Name='ParentCommandLine'>C:\Windows\Explorer.EXE</Data><Data Name='ParentUser'>MSWIN-SERVER\Administrator</Data></EventData></Event>
<Event xmlns='http://schemas.microsoft.com/win/2004/08/events/event'><System><Provider Name='Microsoft-Windows-Sysmon' Guid='{5770385F-C22A-43E0-BF4C-06F5698FFBD9}'/><EventID>1</EventID><Version>5</Version><Level>4</Level><Task>1</Task><Opcode>0</Opcode><Keywords>0x8000000000000000</Keywords><TimeCreated SystemTime='2023-08-29T14:47:45.076798800Z'/><EventRecordID>483721116</EventRecordID><Correlation/><Execution ProcessID='2324' ThreadID='2852'/><Channel>Microsoft-Windows-Sysmon/Operational</Channel><Computer>mswin-server.attackrange.local</Computer><Security UserID='S-1-5-18'/></System><EventData><Data Name='RuleName'>-</Data><Data Name='UtcTime'>2023-08-29 14:47:45.035</Data><Data Name='ProcessGuid'>{EF490992-0511-64EE-64C9-00000000DB02}</Data><Data Name='ProcessId'>6872</Data><Data Name='Image'>C:\Users\Administrator\Downloads\winrar-x64-621.exe</Data><Data Name='FileVersion'>6.21.0</Data><Data Name='Description'>WinRAR archiver</Data><Data Name='Product'>WinRAR</Data><Data Name='Company'>Alexander Roshal</Data><Data Name='OriginalFileName'>WinRAR.exe</Data><Data Name='CommandLine'>"C:\Users\Administrator\Downloads\winrar-x64-621.exe" </Data><Data Name='CurrentDirectory'>C:\Users\Administrator\Downloads\</Data><Data Name='User'>MSWIN-SERVER\Administrator</Data><Data Name='LogonGuid'>{EF490992-7ED5-64E7-D2DE-160000000000}</Data><Data Name='LogonId'>0x16ded2</Data><Data Name='TerminalSessionId'>2</Data><Data Name='IntegrityLevel'>Medium</Data><Data Name='Hashes'>MD5=9A548D975892206BFC4B79A41B4C3D64,SHA256=AF51D8714FBB34157E3BD53FCECDD76BCC0ED732F89CF469F544AEC968D192D9</Data><Data Name='ParentProcessGuid'>{EF490992-04B1-64EE-37C9-00000000DB02}</Data><Data Name='ParentProcessId'>6352</Data><Data Name='ParentImage'>C:\Program Files\Mozilla Firefox\firefox.exe</Data><Data Name='ParentCommandLine'>"C:\Program Files\Mozilla Firefox\firefox.exe"</Data><Data Name='ParentUser'>MSWIN-SERVER\Administrator</Data></EventData></Event>
<Event xmlns='http://schemas.microsoft.com/win/2004/08/events/event'><System><Provider Name='Microsoft-Windows-Sysmon' Guid='{5770385F-C22A-43E0-BF4C-06F5698FFBD9}'/><EventID>1</EventID><Version>5</Version><Level>4</Level><Task>1</Task><Opcode>0</Opcode><Keywords>0x8000000000000000</Keywords><TimeCreated SystemTime='2023-08-29T14:46:03.010252200Z'/><EventRecordID>483701474</EventRecordID><Correlation/><Execution ProcessID='2324' ThreadID='2852'/><Channel>Microsoft-Windows-Sysmon/Operational</Channel><Computer>mswin-server.attackrange.local</Computer><Security UserID='S-1-5-18'/></System><EventData><Data Name='RuleName'>-</Data><Data Name='UtcTime'>2023-08-29 14:46:02.988</Data><Data Name='ProcessGuid'>{EF490992-04AA-64EE-30C9-00000000DB02}</Data><Data Name='ProcessId'>4960</Data><Data Name='Image'>C:\Program Files\Mozilla Firefox\firefox.exe</Data><Data Name='FileVersion'>116.0.2</Data><Data Name='Description'>Firefox</Data><Data Name='Product'>Firefox</Data><Data Name='Company'>Mozilla Corporation</Data><Data Name='OriginalFileName'>firefox.exe</Data><Data Name='CommandLine'>"C:\Program Files\Mozilla Firefox\firefox.exe" </Data><Data Name='CurrentDirectory'>C:\Program Files\Mozilla Firefox\</Data><Data Name='User'>MSWIN-SERVER\Administrator</Data><Data Name='LogonGuid'>{EF490992-7ED5-64E7-D2DE-160000000000}</Data><Data Name='LogonId'>0x16ded2</Data><Data Name='TerminalSessionId'>2</Data><Data Name='IntegrityLevel'>High</Data><Data Name='Hashes'>MD5=9525A41BAED6025A6235C953BF4D4AD8,SHA256=F5531C516880BFD04DDDF6840729160EBD907F5FE431E08F9E7DADE5CB9192F9</Data><Data Name='ParentProcessGuid'>{EF490992-7ED8-64E7-F800-00000000DB02}</Data><Data Name='ParentProcessId'>5012</Data><Data Name='ParentImage'>C:\Windows\explorer.exe</Data><Data Name='ParentCommandLine'>C:\Windows\Explorer.EXE</Data><Data Name='ParentUser'>MSWIN-SERVER\Administrator</Data></EventData></Event>
<Event xmlns='http://schemas.microsoft.com/win/2004/08/events/event'><System><Provider Name='Microsoft-Windows-Sysmon' Guid='{5770385F-C22A-43E0-BF4C-06F5698FFBD9}'/><EventID>1</EventID><Version>5</Version><Level>4</Level><Task>1</Task><Opcode>0</Opcode><Keywords>0x8000000000000000</Keywords><TimeCreated SystemTime='2023-08-29T14:41:08.616690000Z'/><EventRecordID>1206605663</EventRecordID><Correlation/><Execution ProcessID='2312' ThreadID='3360'/><Channel>Microsoft-Windows-Sysmon/Operational</Channel><Computer>mswin-exch01.attackrange.local</Computer><Security UserID='S-1-5-18'/></System><EventData><Data Name='RuleName'>-</Data><Data Name='UtcTime'>2023-08-29 14:41:08.615</Data><Data Name='ProcessGuid'>{DC3C0328-0384-64EE-19DE-00000000E002}</Data><Data Name='ProcessId'>20320</Data><Data Name='Image'>C:\Windows\System32\cmd.exe</Data><Data Name='FileVersion'>10.0.14393.0 (rs1_release.160715-1616)</Data><Data Name='Description'>Windows Command Processor</Data><Data Name='Product'>Microsoft® Windows® Operating System</Data><Data Name='Company'>Microsoft Corporation</Data><Data Name='OriginalFileName'>Cmd.Exe</Data><Data Name='CommandLine'>C:\Windows\system32\cmd.exe /c "ver"</Data><Data Name='CurrentDirectory'>C:\Windows\system32\</Data><Data Name='User'>NT AUTHORITY\SYSTEM</Data><Data Name='LogonGuid'>{DC3C0328-7CF6-64E7-E703-000000000000}</Data><Data Name='LogonId'>0x3e7</Data><Data Name='TerminalSessionId'>0</Data><Data Name='IntegrityLevel'>System</Data><Data Name='Hashes'>MD5=F4F684066175B77E0C3A000549D2922C,SHA256=935C1861DF1F4018D698E8B65ABFA02D7E9037D8F68CA3C2065B6CA165D44AD2</Data><Data Name='ParentProcessGuid'>{DC3C0328-0382-64EE-18DE-00000000E002}</Data><Data Name='ParentProcessId'>16940</Data><Data Name='ParentImage'>C:\Program Files\SplunkUniversalForwarder\etc\apps\win_inputs_app\bin\ppredict.exe</Data><Data Name='ParentCommandLine'>"C:\Program Files\SplunkUniversalForwarder\etc\apps\win_inputs_app\bin\ppredict.exe"</Data><Data Name='ParentUser'>NT AUTHORITY\SYSTEM</Data></EventData></Event>
<Event xmlns='http://schemas.microsoft.com/win/2004/08/events/event'><System><Provider Name='Microsoft-Windows-Sysmon' Guid='{5770385F-C22A-43E0-BF4C-06F5698FFBD9}'/><EventID>1</EventID><Version>5</Version><Level>4</Level><Task>1</Task><Opcode>0</Opcode><Keywords>0x8000000000000000</Keywords><TimeCreated SystemTime='2023-08-29T14:40:11.855710000Z'/><EventRecordID>1206599771</EventRecordID><Correlation/><Execution ProcessID='2312' ThreadID='3360'/><Channel>Microsoft-Windows-Sysmon/Operational</Channel><Computer>mswin-exch01.attackrange.local</Computer><Security UserID='S-1-5-18'/></System><EventData><Data Name='RuleName'>-</Data><Data Name='UtcTime'>2023-08-29 14:40:11.851</Data><Data Name='ProcessGuid'>{DC3C0328-034B-64EE-12DE-00000000E002}</Data><Data Name='ProcessId'>6064</Data><Data Name='Image'>C:\Windows\System32\cmd.exe</Data><Data Name='FileVersion'>10.0.14393.0 (rs1_release.160715-1616)</Data><Data Name='Description'>Windows Command Processor</Data><Data Name='Product'>Microsoft® Windows® Operating System</Data><Data Name='Company'>Microsoft Corporation</Data><Data Name='OriginalFileName'>Cmd.Exe</Data><Data Name='CommandLine'>C:\Windows\system32\cmd.exe /c "ver"</Data><Data Name='CurrentDirectory'>C:\Windows\system32\</Data><Data Name='User'>NT AUTHORITY\SYSTEM</Data><Data Name='LogonGuid'>{DC3C0328-7CF6-64E7-E703-000000000000}</Data><Data Name='LogonId'>0x3e7</Data><Data Name='TerminalSessionId'>0</Data><Data Name='IntegrityLevel'>System</Data><Data Name='Hashes'>MD5=F4F684066175B77E0C3A000549D2922C,SHA256=935C1861DF1F4018D698E8B65ABFA02D7E9037D8F68CA3C2065B6CA165D44AD2</Data><Data Name='ParentProcessGuid'>{DC3C0328-0349-64EE-11DE-00000000E002}</Data><Data Name='ParentProcessId'>16488</Data><Data Name='ParentImage'>C:\Program Files\SplunkUniversalForwarder\etc\apps\win_inputs_app\bin\ppredict.exe</Data><Data Name='ParentCommandLine'>"C:\Program Files\SplunkUniversalForwarder\etc\apps\win_inputs_app\bin\ppredict.exe"</Data><Data Name='ParentUser'>NT AUTHORITY\SYSTEM</Data></EventData></Event>
<Event xmlns='http://schemas.microsoft.com/win/2004/08/events/event'><System><Provider Name='Microsoft-Windows-Sysmon' Guid='{5770385F-C22A-43E0-BF4C-06F5698FFBD9}'/><EventID>1</EventID><Version>5</Version><Level>4</Level><Task>1</Task><Opcode>0</Opcode><Keywords>0x8000000000000000</Keywords><TimeCreated SystemTime='2023-08-29T14:38:11.371421900Z'/><EventRecordID>1206585638</EventRecordID><Correlation/><Execution ProcessID='2312' ThreadID='3360'/><Channel>Microsoft-Windows-Sysmon/Operational</Channel><Computer>mswin-exch01.attackrange.local</Computer><Security UserID='S-1-5-18'/></System><EventData><Data Name='RuleName'>-</Data><Data Name='UtcTime'>2023-08-29 14:38:11.359</Data><Data Name='ProcessGuid'>{DC3C0328-02D3-64EE-03DE-00000000E002}</Data><Data Name='ProcessId'>10416</Data><Data Name='Image'>C:\Windows\System32\cmd.exe</Data><Data Name='FileVersion'>10.0.14393.0 (rs1_release.160715-1616)</Data><Data Name='Description'>Windows Command Processor</Data><Data Name='Product'>Microsoft® Windows® Operating System</Data><Data Name='Company'>Microsoft Corporation</Data><Data Name='OriginalFileName'>Cmd.Exe</Data><Data Name='CommandLine'>C:\Windows\system32\cmd.exe /c "ver"</Data><Data Name='CurrentDirectory'>C:\Windows\system32\</Data><Data Name='User'>NT AUTHORITY\SYSTEM</Data><Data Name='LogonGuid'>{DC3C0328-7CF6-64E7-E703-000000000000}</Data><Data Name='LogonId'>0x3e7</Data><Data Name='TerminalSessionId'>0</Data><Data Name='IntegrityLevel'>System</Data><Data Name='Hashes'>MD5=F4F684066175B77E0C3A000549D2922C,SHA256=935C1861DF1F4018D698E8B65ABFA02D7E9037D8F68CA3C2065B6CA165D44AD2</Data><Data Name='ParentProcessGuid'>{DC3C0328-02D1-64EE-02DE-00000000E002}</Data><Data Name='ParentProcessId'>13740</Data><Data Name='ParentImage'>C:\Program Files\SplunkUniversalForwarder\etc\apps\win_inputs_app\bin\ppredict.exe</Data><Data Name='ParentCommandLine'>"C:\Program Files\SplunkUniversalForwarder\etc\apps\win_inputs_app\bin\ppredict.exe"</Data><Data Name='ParentUser'>NT AUTHORITY\SYSTEM</Data></EventData></Event>
<Event xmlns='http://schemas.microsoft.com/win/2004/08/events/event'><System><Provider Name='Microsoft-Windows-Sysmon' Guid='{5770385F-C22A-43E0-BF4C-06F5698FFBD9}'/><EventID>1</EventID><Version>5</Version><Level>4</Level><Task>1</Task><Opcode>0</Opcode><Keywords>0x8000000000000000</Keywords><TimeCreated SystemTime='2023-08-29T14:37:08.952407800Z'/><EventRecordID>1206578021</EventRecordID><Correlation/><Execution ProcessID='2312' ThreadID='3360'/><Channel>Microsoft-Windows-Sysmon/Operational</Channel><Computer>mswin-exch01.attackrange.local</Computer><Security UserID='S-1-5-18'/></System><EventData><Data Name='RuleName'>-</Data><Data Name='UtcTime'>2023-08-29 14:37:08.950</Data><Data Name='ProcessGuid'>{DC3C0328-0294-64EE-FCDD-00000000E002}</Data><Data Name='ProcessId'>10488</Data><Data Name='Image'>C:\Windows\System32\cmd.exe</Data><Data Name='FileVersion'>10.0.14393.0 (rs1_release.160715-1616)</Data><Data Name='Description'>Windows Command Processor</Data><Data Name='Product'>Microsoft® Windows® Operating System</Data><Data Name='Company'>Microsoft Corporation</Data><Data Name='OriginalFileName'>Cmd.Exe</Data><Data Name='CommandLine'>C:\Windows\system32\cmd.exe /c "ver"</Data><Data Name='CurrentDirectory'>C:\Windows\system32\</Data><Data Name='User'>NT AUTHORITY\SYSTEM</Data><Data Name='LogonGuid'>{DC3C0328-7CF6-64E7-E703-000000000000}</Data><Data Name='LogonId'>0x3e7</Data><Data Name='TerminalSessionId'>0</Data><Data Name='IntegrityLevel'>System</Data><Data Name='Hashes'>MD5=F4F684066175B77E0C3A000549D2922C,SHA256=935C1861DF1F4018D698E8B65ABFA02D7E9037D8F68CA3C2065B6CA165D44AD2</Data><Data Name='ParentProcessGuid'>{DC3C0328-0292-64EE-FBDD-00000000E002}</Data><Data Name='ParentProcessId'>16416</Data><Data Name='ParentImage'>C:\Program Files\SplunkUniversalForwarder\etc\apps\win_inputs_app\bin\ppredict.exe</Data><Data Name='ParentCommandLine'>"C:\Program Files\SplunkUniversalForwarder\etc\apps\win_inputs_app\bin\ppredict.exe"</Data><Data Name='ParentUser'>NT AUTHORITY\SYSTEM</Data></EventData></Event>
<Event xmlns='http://schemas.microsoft.com/win/2004/08/events/event'><System><Provider Name='Microsoft-Windows-Sysmon' Guid='{5770385F-C22A-43E0-BF4C-06F5698FFBD9}'/><EventID>1</EventID><Version>5</Version><Level>4</Level><Task>1</Task><Opcode>0</Opcode><Keywords>0x8000000000000000</Keywords><TimeCreated SystemTime='2023-08-29T14:36:09.705227700Z'/><EventRecordID>1206569385</EventRecordID><Correlation/><Execution ProcessID='2312' ThreadID='3360'/><Channel>Microsoft-Windows-Sysmon/Operational</Channel><Computer>mswin-exch01.attackrange.local</Computer><Security UserID='S-1-5-18'/></System><EventData><Data Name='RuleName'>-</Data><Data Name='UtcTime'>2023-08-29 14:36:09.692</Data><Data Name='ProcessGuid'>{DC3C0328-0259-64EE-F2DD-00000000E002}</Data><Data Name='ProcessId'>20108</Data><Data Name='Image'>C:\Windows\System32\cmd.exe</Data><Data Name='FileVersion'>10.0.14393.0 (rs1_release.160715-1616)</Data><Data Name='Description'>Windows Command Processor</Data><Data Name='Product'>Microsoft® Windows® Operating System</Data><Data Name='Company'>Microsoft Corporation</Data><Data Name='OriginalFileName'>Cmd.Exe</Data><Data Name='CommandLine'>C:\Windows\system32\cmd.exe /c "ver"</Data><Data Name='CurrentDirectory'>C:\Windows\system32\</Data><Data Name='User'>NT AUTHORITY\SYSTEM</Data><Data Name='LogonGuid'>{DC3C0328-7CF6-64E7-E703-000000000000}</Data><Data Name='LogonId'>0x3e7</Data><Data Name='TerminalSessionId'>0</Data><Data Name='IntegrityLevel'>System</Data><Data Name='Hashes'>MD5=F4F684066175B77E0C3A000549D2922C,SHA256=935C1861DF1F4018D698E8B65ABFA02D7E9037D8F68CA3C2065B6CA165D44AD2</Data><Data Name='ParentProcessGuid'>{DC3C0328-0257-64EE-F1DD-00000000E002}</Data><Data Name='ParentProcessId'>13648</Data><Data Name='ParentImage'>C:\Program Files\SplunkUniversalForwarder\etc\apps\win_inputs_app\bin\ppredict.exe</Data><Data Name='ParentCommandLine'>"C:\Program Files\SplunkUniversalForwarder\etc\apps\win_inputs_app\bin\ppredict.exe"</Data><Data Name='ParentUser'>NT AUTHORITY\SYSTEM</Data></EventData></Event>
<Event xmlns='http://schemas.microsoft.com/win/2004/08/events/event'><System><Provider Name='Microsoft-Windows-Sysmon' Guid='{5770385F-C22A-43E0-BF4C-06F5698FFBD9}'/><EventID>1</EventID><Version>5</Version><Level>4</Level><Task>1</Task><Opcode>0</Opcode><Keywords>0x8000000000000000</Keywords><TimeCreated SystemTime='2023-08-29T14:35:09.705418500Z'/><EventRecordID>1206562685</EventRecordID><Correlation/><Execution ProcessID='2312' ThreadID='3360'/><Channel>Microsoft-Windows-Sysmon/Operational</Channel><Computer>mswin-exch01.attackrange.local</Computer><Security UserID='S-1-5-18'/></System><EventData><Data Name='RuleName'>-</Data><Data Name='UtcTime'>2023-08-29 14:35:09.704</Data><Data Name='ProcessGuid'>{DC3C0328-021D-64EE-EBDD-00000000E002}</Data><Data Name='ProcessId'>1292</Data><Data Name='Image'>C:\Windows\System32\cmd.exe</Data><Data Name='FileVersion'>10.0.14393.0 (rs1_release.160715-1616)</Data><Data Name='Description'>Windows Command Processor</Data><Data Name='Product'>Microsoft® Windows® Operating System</Data><Data Name='Company'>Microsoft Corporation</Data><Data Name='OriginalFileName'>Cmd.Exe</Data><Data Name='CommandLine'>C:\Windows\system32\cmd.exe /c "ver"</Data><Data Name='CurrentDirectory'>C:\Windows\system32\</Data><Data Name='User'>NT AUTHORITY\SYSTEM</Data><Data Name='LogonGuid'>{DC3C0328-7CF6-64E7-E703-000000000000}</Data><Data Name='LogonId'>0x3e7</Data><Data Name='TerminalSessionId'>0</Data><Data Name='IntegrityLevel'>System</Data><Data Name='Hashes'>MD5=F4F684066175B77E0C3A000549D2922C,SHA256=935C1861DF1F4018D698E8B65ABFA02D7E9037D8F68CA3C2065B6CA165D44AD2</Data><Data Name='ParentProcessGuid'>{DC3C0328-021B-64EE-EADD-00000000E002}</Data><Data Name='ParentProcessId'>10040</Data><Data Name='ParentImage'>C:\Program Files\SplunkUniversalForwarder\etc\apps\win_inputs_app\bin\ppredict.exe</Data><Data Name='ParentCommandLine'>"C:\Program Files\SplunkUniversalForwarder\etc\apps\win_inputs_app\bin\ppredict.exe"</Data><Data Name='ParentUser'>NT AUTHORITY\SYSTEM</Data></EventData></Event>
<Event xmlns='http://schemas.microsoft.com/win/2004/08/events/event'><System><Provider Name='Microsoft-Windows-Sysmon' Guid='{5770385F-C22A-43E0-BF4C-06F5698FFBD9}'/><EventID>1</EventID><Version>5</Version><Level>4</Level><Task>1</Task><Opcode>0</Opcode><Keywords>0x8000000000000000</Keywords><TimeCreated SystemTime='2023-08-29T14:32:10.662254900Z'/><EventRecordID>1206542748</EventRecordID><Correlation/><Execution ProcessID='2312' ThreadID='3360'/><Channel>Microsoft-Windows-Sysmon/Operational</Channel><Computer>mswin-exch01.attackrange.local</Computer><Security UserID='S-1-5-18'/></System><EventData><Data Name='RuleName'>-</Data><Data Name='UtcTime'>2023-08-29 14:32:10.658</Data><Data Name='ProcessGuid'>{DC3C0328-016A-64EE-D5DD-00000000E002}</Data><Data Name='ProcessId'>15020</Data><Data Name='Image'>C:\Windows\System32\cmd.exe</Data><Data Name='FileVersion'>10.0.14393.0 (rs1_release.160715-1616)</Data><Data Name='Description'>Windows Command Processor</Data><Data Name='Product'>Microsoft® Windows® Operating System</Data><Data Name='Company'>Microsoft Corporation</Data><Data Name='OriginalFileName'>Cmd.Exe</Data><Data Name='CommandLine'>C:\Windows\system32\cmd.exe /c "ver"</Data><Data Name='CurrentDirectory'>C:\Windows\system32\</Data><Data Name='User'>NT AUTHORITY\SYSTEM</Data><Data Name='LogonGuid'>{DC3C0328-7CF6-64E7-E703-000000000000}</Data><Data Name='LogonId'>0x3e7</Data><Data Name='TerminalSessionId'>0</Data><Data Name='IntegrityLevel'>System</Data><Data Name='Hashes'>MD5=F4F684066175B77E0C3A000549D2922C,SHA256=935C1861DF1F4018D698E8B65ABFA02D7E9037D8F68CA3C2065B6CA165D44AD2</Data><Data Name='ParentProcessGuid'>{DC3C0328-0168-64EE-D4DD-00000000E002}</Data><Data Name='ParentProcessId'>3224</Data><Data Name='ParentImage'>C:\Program Files\SplunkUniversalForwarder\etc\apps\win_inputs_app\bin\ppredict.exe</Data><Data Name='ParentCommandLine'>"C:\Program Files\SplunkUniversalForwarder\etc\apps\win_inputs_app\bin\ppredict.exe"</Data><Data Name='ParentUser'>NT AUTHORITY\SYSTEM</Data></EventData></Event>
<Event xmlns='http://schemas.microsoft.com/win/2004/08/events/event'><System><Provider Name='Microsoft-Windows-Sysmon' Guid='{5770385F-C22A-43E0-BF4C-06F5698FFBD9}'/><EventID>1</EventID><Version>5</Version><Level>4</Level><Task>1</Task><Opcode>0</Opcode><Keywords>0x8000000000000000</Keywords><TimeCreated SystemTime='2023-08-29T14:31:08.765719300Z'/><EventRecordID>1206533733</EventRecordID><Correlation/><Execution ProcessID='2312' ThreadID='3360'/><Channel>Microsoft-Windows-Sysmon/Operational</Channel><Computer>mswin-exch01.attackrange.local</Computer><Security UserID='S-1-5-18'/></System><EventData><Data Name='RuleName'>-</Data><Data Name='UtcTime'>2023-08-29 14:31:08.763</Data><Data Name='ProcessGuid'>{DC3C0328-012C-64EE-CBDD-00000000E002}</Data><Data Name='ProcessId'>15244</Data><Data Name='Image'>C:\Windows\System32\cmd.exe</Data><Data Name='FileVersion'>10.0.14393.0 (rs1_release.160715-1616)</Data><Data Name='Description'>Windows Command Processor</Data><Data Name='Product'>Microsoft® Windows® Operating System</Data><Data Name='Company'>Microsoft Corporation</Data><Data Name='OriginalFileName'>Cmd.Exe</Data><Data Name='CommandLine'>C:\Windows\system32\cmd.exe /c "ver"</Data><Data Name='CurrentDirectory'>C:\Windows\system32\</Data><Data Name='User'>NT AUTHORITY\SYSTEM</Data><Data Name='LogonGuid'>{DC3C0328-7CF6-64E7-E703-000000000000}</Data><Data Name='LogonId'>0x3e7</Data><Data Name='TerminalSessionId'>0</Data><Data Name='IntegrityLevel'>System</Data><Data Name='Hashes'>MD5=F4F684066175B77E0C3A000549D2922C,SHA256=935C1861DF1F4018D698E8B65ABFA02D7E9037D8F68CA3C2065B6CA165D44AD2</Data><Data Name='ParentProcessGuid'>{DC3C0328-012A-64EE-CADD-00000000E002}</Data><Data Name='ParentProcessId'>17572</Data><Data Name='ParentImage'>C:\Program Files\SplunkUniversalForwarder\etc\apps\win_inputs_app\bin\ppredict.exe</Data><Data Name='ParentCommandLine'>"C:\Program Files\SplunkUniversalForwarder\etc\apps\win_inputs_app\bin\ppredict.exe"</Data><Data Name='ParentUser'>NT AUTHORITY\SYSTEM</Data></EventData></Event>
<Event xmlns='http://schemas.microsoft.com/win/2004/08/events/event'><System><Provider Name='Microsoft-Windows-Sysmon' Guid='{5770385F-C22A-43E0-BF4C-06F5698FFBD9}'/><EventID>1</EventID><Version>5</Version><Level>4</Level><Task>1</Task><Opcode>0</Opcode><Keywords>0x8000000000000000</Keywords><TimeCreated SystemTime='2023-08-29T14:30:11.420427400Z'/><EventRecordID>1206527113</EventRecordID><Correlation/><Execution ProcessID='2312' ThreadID='3360'/><Channel>Microsoft-Windows-Sysmon/Operational</Channel><Computer>mswin-exch01.attackrange.local</Computer><Security UserID='S-1-5-18'/></System><EventData><Data Name='RuleName'>-</Data><Data Name='UtcTime'>2023-08-29 14:30:11.416</Data><Data Name='ProcessGuid'>{DC3C0328-00F3-64EE-C4DD-00000000E002}</Data><Data Name='ProcessId'>21292</Data><Data Name='Image'>C:\Windows\System32\cmd.exe</Data><Data Name='FileVersion'>10.0.14393.0 (rs1_release.160715-1616)</Data><Data Name='Description'>Windows Command Processor</Data><Data Name='Product'>Microsoft® Windows® Operating System</Data><Data Name='Company'>Microsoft Corporation</Data><Data Name='OriginalFileName'>Cmd.Exe</Data><Data Name='CommandLine'>C:\Windows\system32\cmd.exe /c "ver"</Data><Data Name='CurrentDirectory'>C:\Windows\system32\</Data><Data Name='User'>NT AUTHORITY\SYSTEM</Data><Data Name='LogonGuid'>{DC3C0328-7CF6-64E7-E703-000000000000}</Data><Data Name='LogonId'>0x3e7</Data><Data Name='TerminalSessionId'>0</Data><Data Name='IntegrityLevel'>System</Data><Data Name='Hashes'>MD5=F4F684066175B77E0C3A000549D2922C,SHA256=935C1861DF1F4018D698E8B65ABFA02D7E9037D8F68CA3C2065B6CA165D44AD2</Data><Data Name='ParentProcessGuid'>{DC3C0328-00F1-64EE-C3DD-00000000E002}</Data><Data Name='ParentProcessId'>14976</Data><Data Name='ParentImage'>C:\Program Files\SplunkUniversalForwarder\etc\apps\win_inputs_app\bin\ppredict.exe</Data><Data Name='ParentCommandLine'>"C:\Program Files\SplunkUniversalForwarder\etc\apps\win_inputs_app\bin\ppredict.exe"</Data><Data Name='ParentUser'>NT AUTHORITY\SYSTEM</Data></EventData></Event>
<Event xmlns='http://schemas.microsoft.com/win/2004/08/events/event'><System><Provider Name='Microsoft-Windows-Sysmon' Guid='{5770385F-C22A-43E0-BF4C-06F5698FFBD9}'/><EventID>1</EventID><Version>5</Version><Level>4</Level><Task>1</Task><Opcode>0</Opcode><Keywords>0x8000000000000000</Keywords><TimeCreated SystemTime='2023-08-29T14:29:08.655372100Z'/><EventRecordID>1206518970</EventRecordID><Correlation/><Execution ProcessID='2312' ThreadID='3360'/><Channel>Microsoft-Windows-Sysmon/Operational</Channel><Computer>mswin-exch01.attackrange.local</Computer><Security UserID='S-1-5-18'/></System><EventData><Data Name='RuleName'>-</Data><Data Name='UtcTime'>2023-08-29 14:29:08.654</Data><Data Name='ProcessGuid'>{DC3C0328-00B4-64EE-BBDD-00000000E002}</Data><Data Name='ProcessId'>6912</Data><Data Name='Image'>C:\Windows\System32\cmd.exe</Data><Data Name='FileVersion'>10.0.14393.0 (rs1_release.160715-1616)</Data><Data Name='Description'>Windows Command Processor</Data><Data Name='Product'>Microsoft® Windows® Operating System</Data><Data Name='Company'>Microsoft Corporation</Data><Data Name='OriginalFileName'>Cmd.Exe</Data><Data Name='CommandLine'>C:\Windows\system32\cmd.exe /c "ver"</Data><Data Name='CurrentDirectory'>C:\Windows\system32\</Data><Data Name='User'>NT AUTHORITY\SYSTEM</Data><Data Name='LogonGuid'>{DC3C0328-7CF6-64E7-E703-000000000000}</Data><Data Name='LogonId'>0x3e7</Data><Data Name='TerminalSessionId'>0</Data><Data Name='IntegrityLevel'>System</Data><Data Name='Hashes'>MD5=F4F684066175B77E0C3A000549D2922C,SHA256=935C1861DF1F4018D698E8B65ABFA02D7E9037D8F68CA3C2065B6CA165D44AD2</Data><Data Name='ParentProcessGuid'>{DC3C0328-00B2-64EE-BADD-00000000E002}</Data><Data Name='ParentProcessId'>8528</Data><Data Name='ParentImage'>C:\Program Files\SplunkUniversalForwarder\etc\apps\win_inputs_app\bin\ppredict.exe</Data><Data Name='ParentCommandLine'>"C:\Program Files\SplunkUniversalForwarder\etc\apps\win_inputs_app\bin\ppredict.exe"</Data><Data Name='ParentUser'>NT AUTHORITY\SYSTEM</Data></EventData></Event>
<Event xmlns='http://schemas.microsoft.com/win/2004/08/events/event'><System><Provider Name='Microsoft-Windows-Sysmon' Guid='{5770385F-C22A-43E0-BF4C-06F5698FFBD9}'/><EventID>1</EventID><Version>5</Version><Level>4</Level><Task>1</Task><Opcode>0</Opcode><Keywords>0x8000000000000000</Keywords><TimeCreated SystemTime='2023-08-29T14:26:09.863237600Z'/><EventRecordID>1206497331</EventRecordID><Correlation/><Execution ProcessID='2312' ThreadID='3360'/><Channel>Microsoft-Windows-Sysmon/Operational</Channel><Computer>mswin-exch01.attackrange.local</Computer><Security UserID='S-1-5-18'/></System><EventData><Data Name='RuleName'>-</Data><Data Name='UtcTime'>2023-08-29 14:26:09.860</Data><Data Name='ProcessGuid'>{DC3C0328-0001-64EE-A3DD-00000000E002}</Data><Data Name='ProcessId'>20744</Data><Data Name='Image'>C:\Windows\System32\cmd.exe</Data><Data Name='FileVersion'>10.0.14393.0 (rs1_release.160715-1616)</Data><Data Name='Description'>Windows Command Processor</Data><Data Name='Product'>Microsoft® Windows® Operating System</Data><Data Name='Company'>Microsoft Corporation</Data><Data Name='OriginalFileName'>Cmd.Exe</Data><Data Name='CommandLine'>C:\Windows\system32\cmd.exe /c "ver"</Data><Data Name='CurrentDirectory'>C:\Windows\system32\</Data><Data Name='User'>NT AUTHORITY\SYSTEM</Data><Data Name='LogonGuid'>{DC3C0328-7CF6-64E7-E703-000000000000}</Data><Data Name='LogonId'>0x3e7</Data><Data Name='TerminalSessionId'>0</Data><Data Name='IntegrityLevel'>System</Data><Data Name='Hashes'>MD5=F4F684066175B77E0C3A000549D2922C,SHA256=935C1861DF1F4018D698E8B65ABFA02D7E9037D8F68CA3C2065B6CA165D44AD2</Data><Data Name='ParentProcessGuid'>{DC3C0328-FFFF-64ED-A2DD-00000000E002}</Data><Data Name='ParentProcessId'>17728</Data><Data Name='ParentImage'>C:\Program Files\SplunkUniversalForwarder\etc\apps\win_inputs_app\bin\ppredict.exe</Data><Data Name='ParentCommandLine'>"C:\Program Files\SplunkUniversalForwarder\etc\apps\win_inputs_app\bin\ppredict.exe"</Data><Data Name='ParentUser'>NT AUTHORITY\SYSTEM</Data></EventData></Event>
<Event xmlns='http://schemas.microsoft.com/win/2004/08/events/event'><System><Provider Name='Microsoft-Windows-Sysmon' Guid='{5770385F-C22A-43E0-BF4C-06F5698FFBD9}'/><EventID>1</EventID><Version>5</Version><Level>4</Level><Task>1</Task><Opcode>0</Opcode><Keywords>0x8000000000000000</Keywords><TimeCreated SystemTime='2023-08-29T14:25:08.721098900Z'/><EventRecordID>1206490653</EventRecordID><Correlation/><Execution ProcessID='2312' ThreadID='3360'/><Channel>Microsoft-Windows-Sysmon/Operational</Channel><Computer>mswin-exch01.attackrange.local</Computer><Security UserID='S-1-5-18'/></System><EventData><Data Name='RuleName'>-</Data><Data Name='UtcTime'>2023-08-29 14:25:08.719</Data><Data Name='ProcessGuid'>{DC3C0328-FFC4-64ED-9CDD-00000000E002}</Data><Data Name='ProcessId'>19708</Data><Data Name='Image'>C:\Windows\System32\cmd.exe</Data><Data Name='FileVersion'>10.0.14393.0 (rs1_release.160715-1616)</Data><Data Name='Description'>Windows Command Processor</Data><Data Name='Product'>Microsoft® Windows® Operating System</Data><Data Name='Company'>Microsoft Corporation</Data><Data Name='OriginalFileName'>Cmd.Exe</Data><Data Name='CommandLine'>C:\Windows\system32\cmd.exe /c "ver"</Data><Data Name='CurrentDirectory'>C:\Windows\system32\</Data><Data Name='User'>NT AUTHORITY\SYSTEM</Data><Data Name='LogonGuid'>{DC3C0328-7CF6-64E7-E703-000000000000}</Data><Data Name='LogonId'>0x3e7</Data><Data Name='TerminalSessionId'>0</Data><Data Name='IntegrityLevel'>System</Data><Data Name='Hashes'>MD5=F4F684066175B77E0C3A000549D2922C,SHA256=935C1861DF1F4018D698E8B65ABFA02D7E9037D8F68CA3C2065B6CA165D44AD2</Data><Data Name='ParentProcessGuid'>{DC3C0328-FFC2-64ED-9BDD-00000000E002}</Data><Data Name='ParentProcessId'>17728</Data><Data Name='ParentImage'>C:\Program Files\SplunkUniversalForwarder\etc\apps\win_inputs_app\bin\ppredict.exe</Data><Data Name='ParentCommandLine'>"C:\Program Files\SplunkUniversalForwarder\etc\apps\win_inputs_app\bin\ppredict.exe"</Data><Data Name='ParentUser'>NT AUTHORITY\SYSTEM</Data></EventData></Event>
<Event xmlns='http://schemas.microsoft.com/win/2004/08/events/event'><System><Provider Name='Microsoft-Windows-Sysmon' Guid='{5770385F-C22A-43E0-BF4C-06F5698FFBD9}'/><EventID>1</EventID><Version>5</Version><Level>4</Level><Task>1</Task><Opcode>0</Opcode><Keywords>0x8000000000000000</Keywords><TimeCreated SystemTime='2023-08-29T14:24:10.113266200Z'/><EventRecordID>1206483426</EventRecordID><Correlation/><Execution ProcessID='2312' ThreadID='3360'/><Channel>Microsoft-Windows-Sysmon/Operational</Channel><Computer>mswin-exch01.attackrange.local</Computer><Security UserID='S-1-5-18'/></System><EventData><Data Name='RuleName'>-</Data><Data Name='UtcTime'>2023-08-29 14:24:10.109</Data><Data Name='ProcessGuid'>{DC3C0328-FF8A-64ED-94DD-00000000E002}</Data><Data Name='ProcessId'>17700</Data><Data Name='Image'>C:\Windows\System32\cmd.exe</Data><Data Name='FileVersion'>10.0.14393.0 (rs1_release.160715-1616)</Data><Data Name='Description'>Windows Command Processor</Data><Data Name='Product'>Microsoft® Windows® Operating System</Data><Data Name='Company'>Microsoft Corporation</Data><Data Name='OriginalFileName'>Cmd.Exe</Data><Data Name='CommandLine'>C:\Windows\system32\cmd.exe /c "ver"</Data><Data Name='CurrentDirectory'>C:\Windows\system32\</Data><Data Name='User'>NT AUTHORITY\SYSTEM</Data><Data Name='LogonGuid'>{DC3C0328-7CF6-64E7-E703-000000000000}</Data><Data Name='LogonId'>0x3e7</Data><Data Name='TerminalSessionId'>0</Data><Data Name='IntegrityLevel'>System</Data><Data Name='Hashes'>MD5=F4F684066175B77E0C3A000549D2922C,SHA256=935C1861DF1F4018D698E8B65ABFA02D7E9037D8F68CA3C2065B6CA165D44AD2</Data><Data Name='ParentProcessGuid'>{DC3C0328-FF88-64ED-93DD-00000000E002}</Data><Data Name='ParentProcessId'>18044</Data><Data Name='ParentImage'>C:\Program Files\SplunkUniversalForwarder\etc\apps\win_inputs_app\bin\ppredict.exe</Data><Data Name='ParentCommandLine'>"C:\Program Files\SplunkUniversalForwarder\etc\apps\win_inputs_app\bin\ppredict.exe"</Data><Data Name='ParentUser'>NT AUTHORITY\SYSTEM</Data></EventData></Event>
