<Event xmlns='http://schemas.microsoft.com/win/2004/08/events/event'><System><Provider Name='Microsoft-Windows-Sysmon' Guid='{5770385F-C22A-43E0-BF4C-06F5698FFBD9}'/><EventID>1</EventID><Version>5</Version><Level>4</Level><Task>1</Task><Opcode>0</Opcode><Keywords>0x8000000000000000</Keywords><TimeCreated SystemTime='2023-08-29T14:23:08.908365200Z'/><EventRecordID>1206476492</EventRecordID><Correlation/><Execution ProcessID='2312' ThreadID='3360'/><Channel>Microsoft-Windows-Sysmon/Operational</Channel><Computer>mswin-exch01.attackrange.local</Computer><Security UserID='S-1-5-18'/></System><EventData><Data Name='RuleName'>-</Data><Data Name='UtcTime'>2023-08-29 14:23:08.905</Data><Data Name='ProcessGuid'>{DC3C0328-FF4C-64ED-8DDD-00000000E002}</Data><Data Name='ProcessId'>19872</Data><Data Name='Image'>C:\Windows\System32\cmd.exe</Data><Data Name='FileVersion'>10.0.14393.0 (rs1_release.160715-1616)</Data><Data Name='Description'>Windows Command Processor</Data><Data Name='Product'>Microsoft® Windows® Operating System</Data><Data Name='Company'>Microsoft Corporation</Data><Data Name='OriginalFileName'>Cmd.Exe</Data><Data Name='CommandLine'>C:\Windows\system32\cmd.exe /c "ver"</Data><Data Name='CurrentDirectory'>C:\Windows\system32\</Data><Data Name='User'>NT AUTHORITY\SYSTEM</Data><Data Name='LogonGuid'>{DC3C0328-7CF6-64E7-E703-000000000000}</Data><Data Name='LogonId'>0x3e7</Data><Data Name='TerminalSessionId'>0</Data><Data Name='IntegrityLevel'>System</Data><Data Name='Hashes'>MD5=F4F684066175B77E0C3A000549D2922C,SHA256=935C1861DF1F4018D698E8B65ABFA02D7E9037D8F68CA3C2065B6CA165D44AD2</Data><Data Name='ParentProcessGuid'>{DC3C0328-FF4A-64ED-8CDD-00000000E002}</Data><Data Name='ParentProcessId'>5556</Data><Data Name='ParentImage'>C:\Program Files\SplunkUniversalForwarder\etc\apps\win_inputs_app\bin\ppredict.exe</Data><Data Name='ParentCommandLine'>"C:\Program Files\SplunkUniversalForwarder\etc\apps\win_inputs_app\bin\ppredict.exe"</Data><Data Name='ParentUser'>NT AUTHORITY\SYSTEM</Data></EventData></Event>
<Event xmlns='http://schemas.microsoft.com/win/2004/08/events/event'><System><Provider Name='Microsoft-Windows-Sysmon' Guid='{5770385F-C22A-43E0-BF4C-06F5698FFBD9}'/><EventID>1</EventID><Version>5</Version><Level>4</Level><Task>1</Task><Opcode>0</Opcode><Keywords>0x8000000000000000</Keywords><TimeCreated SystemTime='2023-08-29T14:20:11.238551500Z'/><EventRecordID>1206454092</EventRecordID><Correlation/><Execution ProcessID='2312' ThreadID='3360'/><Channel>Microsoft-Windows-Sysmon/Operational</Channel><Computer>mswin-exch01.attackrange.local</Computer><Security UserID='S-1-5-18'/></System><EventData><Data Name='RuleName'>-</Data><Data Name='UtcTime'>2023-08-29 14:20:11.233</Data><Data Name='ProcessGuid'>{DC3C0328-FE9B-64ED-72DD-00000000E002}</Data><Data Name='ProcessId'>17580</Data><Data Name='Image'>C:\Windows\System32\cmd.exe</Data><Data Name='FileVersion'>10.0.14393.0 (rs1_release.160715-1616)</Data><Data Name='Description'>Windows Command Processor</Data><Data Name='Product'>Microsoft® Windows® Operating System</Data><Data Name='Company'>Microsoft Corporation</Data><Data Name='OriginalFileName'>Cmd.Exe</Data><Data Name='CommandLine'>C:\Windows\system32\cmd.exe /c "ver"</Data><Data Name='CurrentDirectory'>C:\Windows\system32\</Data><Data Name='User'>NT AUTHORITY\SYSTEM</Data><Data Name='LogonGuid'>{DC3C0328-7CF6-64E7-E703-000000000000}</Data><Data Name='LogonId'>0x3e7</Data><Data Name='TerminalSessionId'>0</Data><Data Name='IntegrityLevel'>System</Data><Data Name='Hashes'>MD5=F4F684066175B77E0C3A000549D2922C,SHA256=935C1861DF1F4018D698E8B65ABFA02D7E9037D8F68CA3C2065B6CA165D44AD2</Data><Data Name='ParentProcessGuid'>{DC3C0328-FE98-64ED-71DD-00000000E002}</Data><Data Name='ParentProcessId'>380</Data><Data Name='ParentImage'>C:\Program Files\SplunkUniversalForwarder\etc\apps\win_inputs_app\bin\ppredict.exe</Data><Data Name='ParentCommandLine'>"C:\Program Files\SplunkUniversalForwarder\etc\apps\win_inputs_app\bin\ppredict.exe"</Data><Data Name='ParentUser'>NT AUTHORITY\SYSTEM</Data></EventData></Event>
<Event xmlns='http://schemas.microsoft.com/win/2004/08/events/event'><System><Provider Name='Microsoft-Windows-Sysmon' Guid='{5770385F-C22A-43E0-BF4C-06F5698FFBD9}'/><EventID>1</EventID><Version>5</Version><Level>4</Level><Task>1</Task><Opcode>0</Opcode><Keywords>0x8000000000000000</Keywords><TimeCreated SystemTime='2023-08-29T14:19:08.610140800Z'/><EventRecordID>1206447161</EventRecordID><Correlation/><Execution ProcessID='2312' ThreadID='3360'/><Channel>Microsoft-Windows-Sysmon/Operational</Channel><Computer>mswin-exch01.attackrange.local</Computer><Security UserID='S-1-5-18'/></System><EventData><Data Name='RuleName'>-</Data><Data Name='UtcTime'>2023-08-29 14:19:08.609</Data><Data Name='ProcessGuid'>{DC3C0328-FE5C-64ED-6ADD-00000000E002}</Data><Data Name='ProcessId'>13660</Data><Data Name='Image'>C:\Windows\System32\cmd.exe</Data><Data Name='FileVersion'>10.0.14393.0 (rs1_release.160715-1616)</Data><Data Name='Description'>Windows Command Processor</Data><Data Name='Product'>Microsoft® Windows® Operating System</Data><Data Name='Company'>Microsoft Corporation</Data><Data Name='OriginalFileName'>Cmd.Exe</Data><Data Name='CommandLine'>C:\Windows\system32\cmd.exe /c "ver"</Data><Data Name='CurrentDirectory'>C:\Windows\system32\</Data><Data Name='User'>NT AUTHORITY\SYSTEM</Data><Data Name='LogonGuid'>{DC3C0328-7CF6-64E7-E703-000000000000}</Data><Data Name='LogonId'>0x3e7</Data><Data Name='TerminalSessionId'>0</Data><Data Name='IntegrityLevel'>System</Data><Data Name='Hashes'>MD5=F4F684066175B77E0C3A000549D2922C,SHA256=935C1861DF1F4018D698E8B65ABFA02D7E9037D8F68CA3C2065B6CA165D44AD2</Data><Data Name='ParentProcessGuid'>{DC3C0328-FE5A-64ED-69DD-00000000E002}</Data><Data Name='ParentProcessId'>19944</Data><Data Name='ParentImage'>C:\Program Files\SplunkUniversalForwarder\etc\apps\win_inputs_app\bin\ppredict.exe</Data><Data Name='ParentCommandLine'>"C:\Program Files\SplunkUniversalForwarder\etc\apps\win_inputs_app\bin\ppredict.exe"</Data><Data Name='ParentUser'>NT AUTHORITY\SYSTEM</Data></EventData></Event>
<Event xmlns='http://schemas.microsoft.com/win/2004/08/events/event'><System><Provider Name='Microsoft-Windows-Sysmon' Guid='{5770385F-C22A-43E0-BF4C-06F5698FFBD9}'/><EventID>1</EventID><Version>5</Version><Level>4</Level><Task>1</Task><Opcode>0</Opcode><Keywords>0x8000000000000000</Keywords><TimeCreated SystemTime='2023-08-29T14:18:10.143915900Z'/><EventRecordID>1206440001</EventRecordID><Correlation/><Execution ProcessID='2312' ThreadID='3360'/><Channel>Microsoft-Windows-Sysmon/Operational</Channel><Computer>mswin-exch01.attackrange.local</Computer><Security UserID='S-1-5-18'/></System><EventData><Data Name='RuleName'>-</Data><Data Name='UtcTime'>2023-08-29 14:18:10.139</Data><Data Name='ProcessGuid'>{DC3C0328-FE22-64ED-63DD-00000000E002}</Data><Data Name='ProcessId'>20308</Data><Data Name='Image'>C:\Windows\System32\cmd.exe</Data><Data Name='FileVersion'>10.0.14393.0 (rs1_release.160715-1616)</Data><Data Name='Description'>Windows Command Processor</Data><Data Name='Product'>Microsoft® Windows® Operating System</Data><Data Name='Company'>Microsoft Corporation</Data><Data Name='OriginalFileName'>Cmd.Exe</Data><Data Name='CommandLine'>C:\Windows\system32\cmd.exe /c "ver"</Data><Data Name='CurrentDirectory'>C:\Windows\system32\</Data><Data Name='User'>NT AUTHORITY\SYSTEM</Data><Data Name='LogonGuid'>{DC3C0328-7CF6-64E7-E703-000000000000}</Data><Data Name='LogonId'>0x3e7</Data><Data Name='TerminalSessionId'>0</Data><Data Name='IntegrityLevel'>System</Data><Data Name='Hashes'>MD5=F4F684066175B77E0C3A000549D2922C,SHA256=935C1861DF1F4018D698E8B65ABFA02D7E9037D8F68CA3C2065B6CA165D44AD2</Data><Data Name='ParentProcessGuid'>{DC3C0328-FE20-64ED-62DD-00000000E002}</Data><Data Name='ParentProcessId'>3364</Data><Data Name='ParentImage'>C:\Program Files\SplunkUniversalForwarder\etc\apps\win_inputs_app\bin\ppredict.exe</Data><Data Name='ParentCommandLine'>"C:\Program Files\SplunkUniversalForwarder\etc\apps\win_inputs_app\bin\ppredict.exe"</Data><Data Name='ParentUser'>NT AUTHORITY\SYSTEM</Data></EventData></Event>
<Event xmlns='http://schemas.microsoft.com/win/2004/08/events/event'><System><Provider Name='Microsoft-Windows-Sysmon' Guid='{5770385F-C22A-43E0-BF4C-06F5698FFBD9}'/><EventID>1</EventID><Version>5</Version><Level>4</Level><Task>1</Task><Opcode>0</Opcode><Keywords>0x8000000000000000</Keywords><TimeCreated SystemTime='2023-08-29T14:17:08.922754300Z'/><EventRecordID>1206433090</EventRecordID><Correlation/><Execution ProcessID='2312' ThreadID='3360'/><Channel>Microsoft-Windows-Sysmon/Operational</Channel><Computer>mswin-exch01.attackrange.local</Computer><Security UserID='S-1-5-18'/></System><EventData><Data Name='RuleName'>-</Data><Data Name='UtcTime'>2023-08-29 14:17:08.921</Data><Data Name='ProcessGuid'>{DC3C0328-FDE4-64ED-5CDD-00000000E002}</Data><Data Name='ProcessId'>10836</Data><Data Name='Image'>C:\Windows\System32\cmd.exe</Data><Data Name='FileVersion'>10.0.14393.0 (rs1_release.160715-1616)</Data><Data Name='Description'>Windows Command Processor</Data><Data Name='Product'>Microsoft® Windows® Operating System</Data><Data Name='Company'>Microsoft Corporation</Data><Data Name='OriginalFileName'>Cmd.Exe</Data><Data Name='CommandLine'>C:\Windows\system32\cmd.exe /c "ver"</Data><Data Name='CurrentDirectory'>C:\Windows\system32\</Data><Data Name='User'>NT AUTHORITY\SYSTEM</Data><Data Name='LogonGuid'>{DC3C0328-7CF6-64E7-E703-000000000000}</Data><Data Name='LogonId'>0x3e7</Data><Data Name='TerminalSessionId'>0</Data><Data Name='IntegrityLevel'>System</Data><Data Name='Hashes'>MD5=F4F684066175B77E0C3A000549D2922C,SHA256=935C1861DF1F4018D698E8B65ABFA02D7E9037D8F68CA3C2065B6CA165D44AD2</Data><Data Name='ParentProcessGuid'>{DC3C0328-FDE2-64ED-5BDD-00000000E002}</Data><Data Name='ParentProcessId'>5936</Data><Data Name='ParentImage'>C:\Program Files\SplunkUniversalForwarder\etc\apps\win_inputs_app\bin\ppredict.exe</Data><Data Name='ParentCommandLine'>"C:\Program Files\SplunkUniversalForwarder\etc\apps\win_inputs_app\bin\ppredict.exe"</Data><Data Name='ParentUser'>NT AUTHORITY\SYSTEM</Data></EventData></Event>
<Event xmlns='http://schemas.microsoft.com/win/2004/08/events/event'><System><Provider Name='Microsoft-Windows-Sysmon' Guid='{5770385F-C22A-43E0-BF4C-06F5698FFBD9}'/><EventID>1</EventID><Version>5</Version><Level>4</Level><Task>1</Task><Opcode>0</Opcode><Keywords>0x8000000000000000</Keywords><TimeCreated SystemTime='2023-08-29T14:16:10.559804600Z'/><EventRecordID>1206424821</EventRecordID><Correlation/><Execution ProcessID='2312' ThreadID='3360'/><Channel>Microsoft-Windows-Sysmon/Operational</Channel><Computer>mswin-exch01.attackrange.local</Computer><Security UserID='S-1-5-18'/></System><EventData><Data Name='RuleName'>-</Data><Data Name='UtcTime'>2023-08-29 14:16:10.547</Data><Data Name='ProcessGuid'>{DC3C0328-FDAA-64ED-52DD-00000000E002}</Data><Data Name='ProcessId'>7228</Data><Data Name='Image'>C:\Windows\System32\cmd.exe</Data><Data Name='FileVersion'>10.0.14393.0 (rs1_release.160715-1616)</Data><Data Name='Description'>Windows Command Processor</Data><Data Name='Product'>Microsoft® Windows® Operating System</Data><Data Name='Company'>Microsoft Corporation</Data><Data Name='OriginalFileName'>Cmd.Exe</Data><Data Name='CommandLine'>C:\Windows\system32\cmd.exe /c "ver"</Data><Data Name='CurrentDirectory'>C:\Windows\system32\</Data><Data Name='User'>NT AUTHORITY\SYSTEM</Data><Data Name='LogonGuid'>{DC3C0328-7CF6-64E7-E703-000000000000}</Data><Data Name='LogonId'>0x3e7</Data><Data Name='TerminalSessionId'>0</Data><Data Name='IntegrityLevel'>System</Data><Data Name='Hashes'>MD5=F4F684066175B77E0C3A000549D2922C,SHA256=935C1861DF1F4018D698E8B65ABFA02D7E9037D8F68CA3C2065B6CA165D44AD2</Data><Data Name='ParentProcessGuid'>{DC3C0328-FDA8-64ED-51DD-00000000E002}</Data><Data Name='ParentProcessId'>19944</Data><Data Name='ParentImage'>C:\Program Files\SplunkUniversalForwarder\etc\apps\win_inputs_app\bin\ppredict.exe</Data><Data Name='ParentCommandLine'>"C:\Program Files\SplunkUniversalForwarder\etc\apps\win_inputs_app\bin\ppredict.exe"</Data><Data Name='ParentUser'>NT AUTHORITY\SYSTEM</Data></EventData></Event>
<Event xmlns='http://schemas.microsoft.com/win/2004/08/events/event'><System><Provider Name='Microsoft-Windows-Sysmon' Guid='{5770385F-C22A-43E0-BF4C-06F5698FFBD9}'/><EventID>1</EventID><Version>5</Version><Level>4</Level><Task>1</Task><Opcode>0</Opcode><Keywords>0x8000000000000000</Keywords><TimeCreated SystemTime='2023-08-29T14:15:08.549696500Z'/><EventRecordID>1206418016</EventRecordID><Correlation/><Execution ProcessID='2312' ThreadID='3360'/><Channel>Microsoft-Windows-Sysmon/Operational</Channel><Computer>mswin-exch01.attackrange.local</Computer><Security UserID='S-1-5-18'/></System><EventData><Data Name='RuleName'>-</Data><Data Name='UtcTime'>2023-08-29 14:15:08.548</Data><Data Name='ProcessGuid'>{DC3C0328-FD6C-64ED-4BDD-00000000E002}</Data><Data Name='ProcessId'>464</Data><Data Name='Image'>C:\Windows\System32\cmd.exe</Data><Data Name='FileVersion'>10.0.14393.0 (rs1_release.160715-1616)</Data><Data Name='Description'>Windows Command Processor</Data><Data Name='Product'>Microsoft® Windows® Operating System</Data><Data Name='Company'>Microsoft Corporation</Data><Data Name='OriginalFileName'>Cmd.Exe</Data><Data Name='CommandLine'>C:\Windows\system32\cmd.exe /c "ver"</Data><Data Name='CurrentDirectory'>C:\Windows\system32\</Data><Data Name='User'>NT AUTHORITY\SYSTEM</Data><Data Name='LogonGuid'>{DC3C0328-7CF6-64E7-E703-000000000000}</Data><Data Name='LogonId'>0x3e7</Data><Data Name='TerminalSessionId'>0</Data><Data Name='IntegrityLevel'>System</Data><Data Name='Hashes'>MD5=F4F684066175B77E0C3A000549D2922C,SHA256=935C1861DF1F4018D698E8B65ABFA02D7E9037D8F68CA3C2065B6CA165D44AD2</Data><Data Name='ParentProcessGuid'>{DC3C0328-FD6A-64ED-4ADD-00000000E002}</Data><Data Name='ParentProcessId'>19876</Data><Data Name='ParentImage'>C:\Program Files\SplunkUniversalForwarder\etc\apps\win_inputs_app\bin\ppredict.exe</Data><Data Name='ParentCommandLine'>"C:\Program Files\SplunkUniversalForwarder\etc\apps\win_inputs_app\bin\ppredict.exe"</Data><Data Name='ParentUser'>NT AUTHORITY\SYSTEM</Data></EventData></Event>
<Event xmlns='http://schemas.microsoft.com/win/2004/08/events/event'><System><Provider Name='Microsoft-Windows-Sysmon' Guid='{5770385F-C22A-43E0-BF4C-06F5698FFBD9}'/><EventID>1</EventID><Version>5</Version><Level>4</Level><Task>1</Task><Opcode>0</Opcode><Keywords>0x8000000000000000</Keywords><TimeCreated SystemTime='2023-08-29T14:14:09.880008000Z'/><EventRecordID>1206411136</EventRecordID><Correlation/><Execution ProcessID='2312' ThreadID='3360'/><Channel>Microsoft-Windows-Sysmon/Operational</Channel><Computer>mswin-exch01.attackrange.local</Computer><Security UserID='S-1-5-18'/></System><EventData><Data Name='RuleName'>-</Data><Data Name='UtcTime'>2023-08-29 14:14:09.875</Data><Data Name='ProcessGuid'>{DC3C0328-FD31-64ED-43DD-00000000E002}</Data><Data Name='ProcessId'>12216</Data><Data Name='Image'>C:\Windows\System32\cmd.exe</Data><Data Name='FileVersion'>10.0.14393.0 (rs1_release.160715-1616)</Data><Data Name='Description'>Windows Command Processor</Data><Data Name='Product'>Microsoft® Windows® Operating System</Data><Data Name='Company'>Microsoft Corporation</Data><Data Name='OriginalFileName'>Cmd.Exe</Data><Data Name='CommandLine'>C:\Windows\system32\cmd.exe /c "ver"</Data><Data Name='CurrentDirectory'>C:\Windows\system32\</Data><Data Name='User'>NT AUTHORITY\SYSTEM</Data><Data Name='LogonGuid'>{DC3C0328-7CF6-64E7-E703-000000000000}</Data><Data Name='LogonId'>0x3e7</Data><Data Name='TerminalSessionId'>0</Data><Data Name='IntegrityLevel'>System</Data><Data Name='Hashes'>MD5=F4F684066175B77E0C3A000549D2922C,SHA256=935C1861DF1F4018D698E8B65ABFA02D7E9037D8F68CA3C2065B6CA165D44AD2</Data><Data Name='ParentProcessGuid'>{DC3C0328-FD2F-64ED-42DD-00000000E002}</Data><Data Name='ParentProcessId'>19728</Data><Data Name='ParentImage'>C:\Program Files\SplunkUniversalForwarder\etc\apps\win_inputs_app\bin\ppredict.exe</Data><Data Name='ParentCommandLine'>"C:\Program Files\SplunkUniversalForwarder\etc\apps\win_inputs_app\bin\ppredict.exe"</Data><Data Name='ParentUser'>NT AUTHORITY\SYSTEM</Data></EventData></Event>
<Event xmlns='http://schemas.microsoft.com/win/2004/08/events/event'><System><Provider Name='Microsoft-Windows-Sysmon' Guid='{5770385F-C22A-43E0-BF4C-06F5698FFBD9}'/><EventID>1</EventID><Version>5</Version><Level>4</Level><Task>1</Task><Opcode>0</Opcode><Keywords>0x8000000000000000</Keywords><TimeCreated SystemTime='2023-08-29T14:13:08.525302700Z'/><EventRecordID>1206404051</EventRecordID><Correlation/><Execution ProcessID='2312' ThreadID='3360'/><Channel>Microsoft-Windows-Sysmon/Operational</Channel><Computer>mswin-exch01.attackrange.local</Computer><Security UserID='S-1-5-18'/></System><EventData><Data Name='RuleName'>-</Data><Data Name='UtcTime'>2023-08-29 14:13:08.524</Data><Data Name='ProcessGuid'>{DC3C0328-FCF4-64ED-3CDD-00000000E002}</Data><Data Name='ProcessId'>13428</Data><Data Name='Image'>C:\Windows\System32\cmd.exe</Data><Data Name='FileVersion'>10.0.14393.0 (rs1_release.160715-1616)</Data><Data Name='Description'>Windows Command Processor</Data><Data Name='Product'>Microsoft® Windows® Operating System</Data><Data Name='Company'>Microsoft Corporation</Data><Data Name='OriginalFileName'>Cmd.Exe</Data><Data Name='CommandLine'>C:\Windows\system32\cmd.exe /c "ver"</Data><Data Name='CurrentDirectory'>C:\Windows\system32\</Data><Data Name='User'>NT AUTHORITY\SYSTEM</Data><Data Name='LogonGuid'>{DC3C0328-7CF6-64E7-E703-000000000000}</Data><Data Name='LogonId'>0x3e7</Data><Data Name='TerminalSessionId'>0</Data><Data Name='IntegrityLevel'>System</Data><Data Name='Hashes'>MD5=F4F684066175B77E0C3A000549D2922C,SHA256=935C1861DF1F4018D698E8B65ABFA02D7E9037D8F68CA3C2065B6CA165D44AD2</Data><Data Name='ParentProcessGuid'>{DC3C0328-FCF2-64ED-3BDD-00000000E002}</Data><Data Name='ParentProcessId'>14756</Data><Data Name='ParentImage'>C:\Program Files\SplunkUniversalForwarder\etc\apps\win_inputs_app\bin\ppredict.exe</Data><Data Name='ParentCommandLine'>"C:\Program Files\SplunkUniversalForwarder\etc\apps\win_inputs_app\bin\ppredict.exe"</Data><Data Name='ParentUser'>NT AUTHORITY\SYSTEM</Data></EventData></Event>
<Event xmlns='http://schemas.microsoft.com/win/2004/08/events/event'><System><Provider Name='Microsoft-Windows-Sysmon' Guid='{5770385F-C22A-43E0-BF4C-06F5698FFBD9}'/><EventID>1</EventID><Version>5</Version><Level>4</Level><Task>1</Task><Opcode>0</Opcode><Keywords>0x8000000000000000</Keywords><TimeCreated SystemTime='2023-08-29T14:12:10.519013000Z'/><EventRecordID>1206397124</EventRecordID><Correlation/><Execution ProcessID='2312' ThreadID='3360'/><Channel>Microsoft-Windows-Sysmon/Operational</Channel><Computer>mswin-exch01.attackrange.local</Computer><Security UserID='S-1-5-18'/></System><EventData><Data Name='RuleName'>-</Data><Data Name='UtcTime'>2023-08-29 14:12:10.514</Data><Data Name='ProcessGuid'>{DC3C0328-FCBA-64ED-35DD-00000000E002}</Data><Data Name='ProcessId'>19976</Data><Data Name='Image'>C:\Windows\System32\cmd.exe</Data><Data Name='FileVersion'>10.0.14393.0 (rs1_release.160715-1616)</Data><Data Name='Description'>Windows Command Processor</Data><Data Name='Product'>Microsoft® Windows® Operating System</Data><Data Name='Company'>Microsoft Corporation</Data><Data Name='OriginalFileName'>Cmd.Exe</Data><Data Name='CommandLine'>C:\Windows\system32\cmd.exe /c "ver"</Data><Data Name='CurrentDirectory'>C:\Windows\system32\</Data><Data Name='User'>NT AUTHORITY\SYSTEM</Data><Data Name='LogonGuid'>{DC3C0328-7CF6-64E7-E703-000000000000}</Data><Data Name='LogonId'>0x3e7</Data><Data Name='TerminalSessionId'>0</Data><Data Name='IntegrityLevel'>System</Data><Data Name='Hashes'>MD5=F4F684066175B77E0C3A000549D2922C,SHA256=935C1861DF1F4018D698E8B65ABFA02D7E9037D8F68CA3C2065B6CA165D44AD2</Data><Data Name='ParentProcessGuid'>{DC3C0328-FCB8-64ED-34DD-00000000E002}</Data><Data Name='ParentProcessId'>8560</Data><Data Name='ParentImage'>C:\Program Files\SplunkUniversalForwarder\etc\apps\win_inputs_app\bin\ppredict.exe</Data><Data Name='ParentCommandLine'>"C:\Program Files\SplunkUniversalForwarder\etc\apps\win_inputs_app\bin\ppredict.exe"</Data><Data Name='ParentUser'>NT AUTHORITY\SYSTEM</Data></EventData></Event>
<Event xmlns='http://schemas.microsoft.com/win/2004/08/events/event'><System><Provider Name='Microsoft-Windows-Sysmon' Guid='{5770385F-C22A-43E0-BF4C-06F5698FFBD9}'/><EventID>1</EventID><Version>5</Version><Level>4</Level><Task>1</Task><Opcode>0</Opcode><Keywords>0x8000000000000000</Keywords><TimeCreated SystemTime='2023-08-29T14:11:08.954307400Z'/><EventRecordID>1206388679</EventRecordID><Correlation/><Execution ProcessID='2312' ThreadID='3360'/><Channel>Microsoft-Windows-Sysmon/Operational</Channel><Computer>mswin-exch01.attackrange.local</Computer><Security UserID='S-1-5-18'/></System><EventData><Data Name='RuleName'>-</Data><Data Name='UtcTime'>2023-08-29 14:11:08.952</Data><Data Name='ProcessGuid'>{DC3C0328-FC7C-64ED-2BDD-00000000E002}</Data><Data Name='ProcessId'>19184</Data><Data Name='Image'>C:\Windows\System32\cmd.exe</Data><Data Name='FileVersion'>10.0.14393.0 (rs1_release.160715-1616)</Data><Data Name='Description'>Windows Command Processor</Data><Data Name='Product'>Microsoft® Windows® Operating System</Data><Data Name='Company'>Microsoft Corporation</Data><Data Name='OriginalFileName'>Cmd.Exe</Data><Data Name='CommandLine'>C:\Windows\system32\cmd.exe /c "ver"</Data><Data Name='CurrentDirectory'>C:\Windows\system32\</Data><Data Name='User'>NT AUTHORITY\SYSTEM</Data><Data Name='LogonGuid'>{DC3C0328-7CF6-64E7-E703-000000000000}</Data><Data Name='LogonId'>0x3e7</Data><Data Name='TerminalSessionId'>0</Data><Data Name='IntegrityLevel'>System</Data><Data Name='Hashes'>MD5=F4F684066175B77E0C3A000549D2922C,SHA256=935C1861DF1F4018D698E8B65ABFA02D7E9037D8F68CA3C2065B6CA165D44AD2</Data><Data Name='ParentProcessGuid'>{DC3C0328-FC7A-64ED-2ADD-00000000E002}</Data><Data Name='ParentProcessId'>17740</Data><Data Name='ParentImage'>C:\Program Files\SplunkUniversalForwarder\etc\apps\win_inputs_app\bin\ppredict.exe</Data><Data Name='ParentCommandLine'>"C:\Program Files\SplunkUniversalForwarder\etc\apps\win_inputs_app\bin\ppredict.exe"</Data><Data Name='ParentUser'>NT AUTHORITY\SYSTEM</Data></EventData></Event>
<Event xmlns='http://schemas.microsoft.com/win/2004/08/events/event'><System><Provider Name='Microsoft-Windows-Sysmon' Guid='{5770385F-C22A-43E0-BF4C-06F5698FFBD9}'/><EventID>1</EventID><Version>5</Version><Level>4</Level><Task>1</Task><Opcode>0</Opcode><Keywords>0x8000000000000000</Keywords><TimeCreated SystemTime='2023-08-29T14:10:10.380397500Z'/><EventRecordID>1206381966</EventRecordID><Correlation/><Execution ProcessID='2312' ThreadID='3360'/><Channel>Microsoft-Windows-Sysmon/Operational</Channel><Computer>mswin-exch01.attackrange.local</Computer><Security UserID='S-1-5-18'/></System><EventData><Data Name='RuleName'>-</Data><Data Name='UtcTime'>2023-08-29 14:10:10.375</Data><Data Name='ProcessGuid'>{DC3C0328-FC42-64ED-24DD-00000000E002}</Data><Data Name='ProcessId'>20592</Data><Data Name='Image'>C:\Windows\System32\cmd.exe</Data><Data Name='FileVersion'>10.0.14393.0 (rs1_release.160715-1616)</Data><Data Name='Description'>Windows Command Processor</Data><Data Name='Product'>Microsoft® Windows® Operating System</Data><Data Name='Company'>Microsoft Corporation</Data><Data Name='OriginalFileName'>Cmd.Exe</Data><Data Name='CommandLine'>C:\Windows\system32\cmd.exe /c "ver"</Data><Data Name='CurrentDirectory'>C:\Windows\system32\</Data><Data Name='User'>NT AUTHORITY\SYSTEM</Data><Data Name='LogonGuid'>{DC3C0328-7CF6-64E7-E703-000000000000}</Data><Data Name='LogonId'>0x3e7</Data><Data Name='TerminalSessionId'>0</Data><Data Name='IntegrityLevel'>System</Data><Data Name='Hashes'>MD5=F4F684066175B77E0C3A000549D2922C,SHA256=935C1861DF1F4018D698E8B65ABFA02D7E9037D8F68CA3C2065B6CA165D44AD2</Data><Data Name='ParentProcessGuid'>{DC3C0328-FC40-64ED-23DD-00000000E002}</Data><Data Name='ParentProcessId'>3120</Data><Data Name='ParentImage'>C:\Program Files\SplunkUniversalForwarder\etc\apps\win_inputs_app\bin\ppredict.exe</Data><Data Name='ParentCommandLine'>"C:\Program Files\SplunkUniversalForwarder\etc\apps\win_inputs_app\bin\ppredict.exe"</Data><Data Name='ParentUser'>NT AUTHORITY\SYSTEM</Data></EventData></Event>
<Event xmlns='http://schemas.microsoft.com/win/2004/08/events/event'><System><Provider Name='Microsoft-Windows-Sysmon' Guid='{5770385F-C22A-43E0-BF4C-06F5698FFBD9}'/><EventID>1</EventID><Version>5</Version><Level>4</Level><Task>1</Task><Opcode>0</Opcode><Keywords>0x8000000000000000</Keywords><TimeCreated SystemTime='2023-08-29T14:08:10.873969200Z'/><EventRecordID>1206367621</EventRecordID><Correlation/><Execution ProcessID='2312' ThreadID='3360'/><Channel>Microsoft-Windows-Sysmon/Operational</Channel><Computer>mswin-exch01.attackrange.local</Computer><Security UserID='S-1-5-18'/></System><EventData><Data Name='RuleName'>-</Data><Data Name='UtcTime'>2023-08-29 14:08:10.871</Data><Data Name='ProcessGuid'>{DC3C0328-FBCA-64ED-15DD-00000000E002}</Data><Data Name='ProcessId'>20592</Data><Data Name='Image'>C:\Windows\System32\cmd.exe</Data><Data Name='FileVersion'>10.0.14393.0 (rs1_release.160715-1616)</Data><Data Name='Description'>Windows Command Processor</Data><Data Name='Product'>Microsoft® Windows® Operating System</Data><Data Name='Company'>Microsoft Corporation</Data><Data Name='OriginalFileName'>Cmd.Exe</Data><Data Name='CommandLine'>C:\Windows\system32\cmd.exe /c "ver"</Data><Data Name='CurrentDirectory'>C:\Windows\system32\</Data><Data Name='User'>NT AUTHORITY\SYSTEM</Data><Data Name='LogonGuid'>{DC3C0328-7CF6-64E7-E703-000000000000}</Data><Data Name='LogonId'>0x3e7</Data><Data Name='TerminalSessionId'>0</Data><Data Name='IntegrityLevel'>System</Data><Data Name='Hashes'>MD5=F4F684066175B77E0C3A000549D2922C,SHA256=935C1861DF1F4018D698E8B65ABFA02D7E9037D8F68CA3C2065B6CA165D44AD2</Data><Data Name='ParentProcessGuid'>{DC3C0328-FBC8-64ED-14DD-00000000E002}</Data><Data Name='ParentProcessId'>8528</Data><Data Name='ParentImage'>C:\Program Files\SplunkUniversalForwarder\etc\apps\win_inputs_app\bin\ppredict.exe</Data><Data Name='ParentCommandLine'>"C:\Program Files\SplunkUniversalForwarder\etc\apps\win_inputs_app\bin\ppredict.exe"</Data><Data Name='ParentUser'>NT AUTHORITY\SYSTEM</Data></EventData></Event>
<Event xmlns='http://schemas.microsoft.com/win/2004/08/events/event'><System><Provider Name='Microsoft-Windows-Sysmon' Guid='{5770385F-C22A-43E0-BF4C-06F5698FFBD9}'/><EventID>1</EventID><Version>5</Version><Level>4</Level><Task>1</Task><Opcode>0</Opcode><Keywords>0x8000000000000000</Keywords><TimeCreated SystemTime='2023-08-29T14:06:10.131425300Z'/><EventRecordID>1206352450</EventRecordID><Correlation/><Execution ProcessID='2312' ThreadID='3360'/><Channel>Microsoft-Windows-Sysmon/Operational</Channel><Computer>mswin-exch01.attackrange.local</Computer><Security UserID='S-1-5-18'/></System><EventData><Data Name='RuleName'>-</Data><Data Name='UtcTime'>2023-08-29 14:06:10.126</Data><Data Name='ProcessGuid'>{DC3C0328-FB52-64ED-04DD-00000000E002}</Data><Data Name='ProcessId'>20800</Data><Data Name='Image'>C:\Windows\System32\cmd.exe</Data><Data Name='FileVersion'>10.0.14393.0 (rs1_release.160715-1616)</Data><Data Name='Description'>Windows Command Processor</Data><Data Name='Product'>Microsoft® Windows® Operating System</Data><Data Name='Company'>Microsoft Corporation</Data><Data Name='OriginalFileName'>Cmd.Exe</Data><Data Name='CommandLine'>C:\Windows\system32\cmd.exe /c "ver"</Data><Data Name='CurrentDirectory'>C:\Windows\system32\</Data><Data Name='User'>NT AUTHORITY\SYSTEM</Data><Data Name='LogonGuid'>{DC3C0328-7CF6-64E7-E703-000000000000}</Data><Data Name='LogonId'>0x3e7</Data><Data Name='TerminalSessionId'>0</Data><Data Name='IntegrityLevel'>System</Data><Data Name='Hashes'>MD5=F4F684066175B77E0C3A000549D2922C,SHA256=935C1861DF1F4018D698E8B65ABFA02D7E9037D8F68CA3C2065B6CA165D44AD2</Data><Data Name='ParentProcessGuid'>{DC3C0328-FB50-64ED-03DD-00000000E002}</Data><Data Name='ParentProcessId'>3580</Data><Data Name='ParentImage'>C:\Program Files\SplunkUniversalForwarder\etc\apps\win_inputs_app\bin\ppredict.exe</Data><Data Name='ParentCommandLine'>"C:\Program Files\SplunkUniversalForwarder\etc\apps\win_inputs_app\bin\ppredict.exe"</Data><Data Name='ParentUser'>NT AUTHORITY\SYSTEM</Data></EventData></Event>
<Event xmlns='http://schemas.microsoft.com/win/2004/08/events/event'><System><Provider Name='Microsoft-Windows-Sysmon' Guid='{5770385F-C22A-43E0-BF4C-06F5698FFBD9}'/><EventID>1</EventID><Version>5</Version><Level>4</Level><Task>1</Task><Opcode>0</Opcode><Keywords>0x8000000000000000</Keywords><TimeCreated SystemTime='2023-08-29T14:04:10.997395600Z'/><EventRecordID>1206338510</EventRecordID><Correlation/><Execution ProcessID='2312' ThreadID='3360'/><Channel>Microsoft-Windows-Sysmon/Operational</Channel><Computer>mswin-exch01.attackrange.local</Computer><Security UserID='S-1-5-18'/></System><EventData><Data Name='RuleName'>-</Data><Data Name='UtcTime'>2023-08-29 14:04:10.917</Data><Data Name='ProcessGuid'>{DC3C0328-FADA-64ED-F5DC-00000000E002}</Data><Data Name='ProcessId'>13172</Data><Data Name='Image'>C:\Windows\System32\cmd.exe</Data><Data Name='FileVersion'>10.0.14393.0 (rs1_release.160715-1616)</Data><Data Name='Description'>Windows Command Processor</Data><Data Name='Product'>Microsoft® Windows® Operating System</Data><Data Name='Company'>Microsoft Corporation</Data><Data Name='OriginalFileName'>Cmd.Exe</Data><Data Name='CommandLine'>C:\Windows\system32\cmd.exe /c "ver"</Data><Data Name='CurrentDirectory'>C:\Windows\system32\</Data><Data Name='User'>NT AUTHORITY\SYSTEM</Data><Data Name='LogonGuid'>{DC3C0328-7CF6-64E7-E703-000000000000}</Data><Data Name='LogonId'>0x3e7</Data><Data Name='TerminalSessionId'>0</Data><Data Name='IntegrityLevel'>System</Data><Data Name='Hashes'>MD5=F4F684066175B77E0C3A000549D2922C,SHA256=935C1861DF1F4018D698E8B65ABFA02D7E9037D8F68CA3C2065B6CA165D44AD2</Data><Data Name='ParentProcessGuid'>{DC3C0328-FAD8-64ED-F4DC-00000000E002}</Data><Data Name='ParentProcessId'>20876</Data><Data Name='ParentImage'>C:\Program Files\SplunkUniversalForwarder\etc\apps\win_inputs_app\bin\ppredict.exe</Data><Data Name='ParentCommandLine'>"C:\Program Files\SplunkUniversalForwarder\etc\apps\win_inputs_app\bin\ppredict.exe"</Data><Data Name='ParentUser'>NT AUTHORITY\SYSTEM</Data></EventData></Event>
<Event xmlns='http://schemas.microsoft.com/win/2004/08/events/event'><System><Provider Name='Microsoft-Windows-Sysmon' Guid='{5770385F-C22A-43E0-BF4C-06F5698FFBD9}'/><EventID>1</EventID><Version>5</Version><Level>4</Level><Task>1</Task><Opcode>0</Opcode><Keywords>0x8000000000000000</Keywords><TimeCreated SystemTime='2023-08-29T14:03:08.989084000Z'/><EventRecordID>1206331567</EventRecordID><Correlation/><Execution ProcessID='2312' ThreadID='3360'/><Channel>Microsoft-Windows-Sysmon/Operational</Channel><Computer>mswin-exch01.attackrange.local</Computer><Security UserID='S-1-5-18'/></System><EventData><Data Name='RuleName'>-</Data><Data Name='UtcTime'>2023-08-29 14:03:08.987</Data><Data Name='ProcessGuid'>{DC3C0328-FA9C-64ED-EEDC-00000000E002}</Data><Data Name='ProcessId'>5176</Data><Data Name='Image'>C:\Windows\System32\cmd.exe</Data><Data Name='FileVersion'>10.0.14393.0 (rs1_release.160715-1616)</Data><Data Name='Description'>Windows Command Processor</Data><Data Name='Product'>Microsoft® Windows® Operating System</Data><Data Name='Company'>Microsoft Corporation</Data><Data Name='OriginalFileName'>Cmd.Exe</Data><Data Name='CommandLine'>C:\Windows\system32\cmd.exe /c "ver"</Data><Data Name='CurrentDirectory'>C:\Windows\system32\</Data><Data Name='User'>NT AUTHORITY\SYSTEM</Data><Data Name='LogonGuid'>{DC3C0328-7CF6-64E7-E703-000000000000}</Data><Data Name='LogonId'>0x3e7</Data><Data Name='TerminalSessionId'>0</Data><Data Name='IntegrityLevel'>System</Data><Data Name='Hashes'>MD5=F4F684066175B77E0C3A000549D2922C,SHA256=935C1861DF1F4018D698E8B65ABFA02D7E9037D8F68CA3C2065B6CA165D44AD2</Data><Data Name='ParentProcessGuid'>{DC3C0328-FA9A-64ED-EDDC-00000000E002}</Data><Data Name='ParentProcessId'>12216</Data><Data Name='ParentImage'>C:\Program Files\SplunkUniversalForwarder\etc\apps\win_inputs_app\bin\ppredict.exe</Data><Data Name='ParentCommandLine'>"C:\Program Files\SplunkUniversalForwarder\etc\apps\win_inputs_app\bin\ppredict.exe"</Data><Data Name='ParentUser'>NT AUTHORITY\SYSTEM</Data></EventData></Event>
<Event xmlns='http://schemas.microsoft.com/win/2004/08/events/event'><System><Provider Name='Microsoft-Windows-Sysmon' Guid='{5770385F-C22A-43E0-BF4C-06F5698FFBD9}'/><EventID>1</EventID><Version>5</Version><Level>4</Level><Task>1</Task><Opcode>0</Opcode><Keywords>0x8000000000000000</Keywords><TimeCreated SystemTime='2023-08-29T14:02:11.540530000Z'/><EventRecordID>1206324340</EventRecordID><Correlation/><Execution ProcessID='2312' ThreadID='3360'/><Channel>Microsoft-Windows-Sysmon/Operational</Channel><Computer>mswin-exch01.attackrange.local</Computer><Security UserID='S-1-5-18'/></System><EventData><Data Name='RuleName'>-</Data><Data Name='UtcTime'>2023-08-29 14:02:11.536</Data><Data Name='ProcessGuid'>{DC3C0328-FA63-64ED-E6DC-00000000E002}</Data><Data Name='ProcessId'>19568</Data><Data Name='Image'>C:\Windows\System32\cmd.exe</Data><Data Name='FileVersion'>10.0.14393.0 (rs1_release.160715-1616)</Data><Data Name='Description'>Windows Command Processor</Data><Data Name='Product'>Microsoft® Windows® Operating System</Data><Data Name='Company'>Microsoft Corporation</Data><Data Name='OriginalFileName'>Cmd.Exe</Data><Data Name='CommandLine'>C:\Windows\system32\cmd.exe /c "ver"</Data><Data Name='CurrentDirectory'>C:\Windows\system32\</Data><Data Name='User'>NT AUTHORITY\SYSTEM</Data><Data Name='LogonGuid'>{DC3C0328-7CF6-64E7-E703-000000000000}</Data><Data Name='LogonId'>0x3e7</Data><Data Name='TerminalSessionId'>0</Data><Data Name='IntegrityLevel'>System</Data><Data Name='Hashes'>MD5=F4F684066175B77E0C3A000549D2922C,SHA256=935C1861DF1F4018D698E8B65ABFA02D7E9037D8F68CA3C2065B6CA165D44AD2</Data><Data Name='ParentProcessGuid'>{DC3C0328-FA61-64ED-E5DC-00000000E002}</Data><Data Name='ParentProcessId'>21396</Data><Data Name='ParentImage'>C:\Program Files\SplunkUniversalForwarder\etc\apps\win_inputs_app\bin\ppredict.exe</Data><Data Name='ParentCommandLine'>"C:\Program Files\SplunkUniversalForwarder\etc\apps\win_inputs_app\bin\ppredict.exe"</Data><Data Name='ParentUser'>NT AUTHORITY\SYSTEM</Data></EventData></Event>
