11/09/2020 08:39:36 AM
LogName=System
SourceName=Microsoft-Windows-Service Control Manager
EventCode=7036
EventType=4
Type=Information
ComputerName=EC2AMAZ-H0SHIJ3
TaskCategory=None
OpCode=The operation completed successfully.
RecordNumber=81310
Keywords=Classic
Message=The State Repository Service service entered the stopped state.
11/09/2020 08:39:36 AM
LogName=System
SourceName=Microsoft-Windows-Service Control Manager
EventCode=7036
EventType=4
Type=Information
ComputerName=EC2AMAZ-H0SHIJ3
TaskCategory=None
OpCode=The operation completed successfully.
RecordNumber=81309
Keywords=Classic
Message=The Windows Connection Manager service entered the stopped state.
11/09/2020 08:39:36 AM
LogName=System
SourceName=Microsoft-Windows-Service Control Manager
EventCode=7036
EventType=4
Type=Information
ComputerName=EC2AMAZ-H0SHIJ3
TaskCategory=None
OpCode=The operation completed successfully.
RecordNumber=81308
Keywords=Classic
Message=The Cryptographic Services service entered the stopped state.
11/09/2020 08:39:36 AM
LogName=System
SourceName=Microsoft-Windows-Service Control Manager
EventCode=7036
EventType=4
Type=Information
ComputerName=EC2AMAZ-H0SHIJ3
TaskCategory=None
OpCode=The operation completed successfully.
RecordNumber=81307
Keywords=Classic
Message=The DHCP Client service entered the stopped state.
11/09/2020 08:39:36 AM
LogName=System
SourceName=Microsoft-Windows-Dhcp-Client
EventCode=50037
EventType=4
Type=Information
ComputerName=EC2AMAZ-H0SHIJ3
User=NOT_TRANSLATED
Sid=S-1-5-19
SidType=0
TaskCategory=Service State Event
OpCode=ServiceStop
RecordNumber=81306
Keywords=None
Message=DHCPv4 client service is stopped. ShutDown Flag value is 1
11/09/2020 08:39:36 AM
LogName=System
SourceName=Microsoft-Windows-DHCPv6-Client
EventCode=51047
EventType=4
Type=Information
ComputerName=EC2AMAZ-H0SHIJ3
User=NOT_TRANSLATED
Sid=S-1-5-19
SidType=0
TaskCategory=Service State Event
OpCode=ServiceStop
RecordNumber=81305
Keywords=None
Message=DHCPv6 client service is stopped. ShutDown Flag value is 1
11/09/2020 08:39:36 AM
LogName=System
SourceName=Microsoft-Windows-Service Control Manager
EventCode=7036
EventType=4
Type=Information
ComputerName=EC2AMAZ-H0SHIJ3
TaskCategory=None
OpCode=The operation completed successfully.
RecordNumber=81304
Keywords=Classic
Message=The Program Compatibility Assistant Service service entered the stopped state.
11/09/2020 08:39:36 AM
LogName=System
SourceName=Microsoft-Windows-Service Control Manager
EventCode=7036
EventType=4
Type=Information
ComputerName=EC2AMAZ-H0SHIJ3
TaskCategory=None
OpCode=The operation completed successfully.
RecordNumber=81303
Keywords=Classic
Message=The User Profile Service service entered the stopped state.
11/09/2020 08:39:36 AM
LogName=System
SourceName=Microsoft-Windows-Service Control Manager
EventCode=7036
EventType=4
Type=Information
ComputerName=EC2AMAZ-H0SHIJ3
TaskCategory=None
OpCode=The operation completed successfully.
RecordNumber=81302
Keywords=Classic
Message=The Software Protection service entered the stopped state.
11/09/2020 08:39:36 AM
LogName=System
SourceName=Microsoft-Windows-Service Control Manager
EventCode=7036
EventType=4
Type=Information
ComputerName=EC2AMAZ-H0SHIJ3
TaskCategory=None
OpCode=The operation completed successfully.
RecordNumber=81301
Keywords=Classic
Message=The Windows Management Instrumentation service entered the stopped state.
11/09/2020 08:39:36 AM
LogName=System
SourceName=EventLog
EventCode=6006
EventType=4
Type=Information
ComputerName=EC2AMAZ-H0SHIJ3
TaskCategory=None
OpCode=None
RecordNumber=81288
Keywords=Classic
Message=The Event log service was stopped.
11/09/2020 08:39:40 AM
LogName=System
SourceName=Microsoft-Windows-Kernel-Power
EventCode=109
EventType=4
Type=Information
ComputerName=EC2AMAZ-PRU5PPI
TaskCategory=103
OpCode=Info
RecordNumber=81319
Keywords=None
Message=The kernel power manager has initiated a shutdown transition.

Shutdown Reason: Kernel API
11/09/2020 08:39:41 AM
LogName=System
SourceName=Microsoft-Windows-Kernel-General
EventCode=13
EventType=4
Type=Information
ComputerName=EC2AMAZ-PRU5PPI
TaskCategory=2
OpCode=Info
RecordNumber=81320
Keywords=None
Message=The operating system is shutting down at system time ‎2020‎-‎11‎-‎09T08:39:41.835920200Z.
11/09/2020 08:40:06 AM
LogName=System
SourceName=Microsoft-Windows-Kernel-Boot
EventCode=32
EventType=4
Type=Information
ComputerName=EC2AMAZ-PRU5PPI
User=NOT_TRANSLATED
Sid=S-1-5-18
SidType=0
TaskCategory=None
OpCode=Info
RecordNumber=81327
Keywords=None
Message=The bootmgr spent 0 ms waiting for user input.
11/09/2020 08:40:06 AM
LogName=System
SourceName=Microsoft-Windows-Kernel-Boot
EventCode=18
EventType=4
Type=Information
ComputerName=EC2AMAZ-PRU5PPI
User=NOT_TRANSLATED
Sid=S-1-5-18
SidType=0
TaskCategory=None
OpCode=Info
RecordNumber=81326
Keywords=None
Message=There are 0x1 boot options on this system.
11/09/2020 08:40:06 AM
LogName=System
SourceName=Microsoft-Windows-Kernel-Boot
EventCode=25
EventType=4
Type=Information
ComputerName=EC2AMAZ-PRU5PPI
User=NOT_TRANSLATED
Sid=S-1-5-18
SidType=0
TaskCategory=32
OpCode=Info
RecordNumber=81325
Keywords=None
Message=The boot menu policy was 0x0.
11/09/2020 08:40:06 AM
LogName=System
SourceName=Microsoft-Windows-Kernel-Boot
EventCode=27
EventType=4
Type=Information
ComputerName=EC2AMAZ-PRU5PPI
User=NOT_TRANSLATED
Sid=S-1-5-18
SidType=0
TaskCategory=33
OpCode=Info
RecordNumber=81324
Keywords=None
Message=The boot type was 0x0.
11/09/2020 08:40:06 AM
LogName=System
SourceName=Microsoft-Windows-Kernel-Boot
EventCode=20
EventType=4
Type=Information
ComputerName=EC2AMAZ-PRU5PPI
User=NOT_TRANSLATED
Sid=S-1-5-18
SidType=0
TaskCategory=31
OpCode=Info
RecordNumber=81323
Keywords=None
Message=The last shutdown's success status was true. The last boot's success status was true.
11/09/2020 08:40:06 AM
LogName=System
SourceName=Microsoft-Windows-Kernel-Boot
EventCode=153
EventType=4
Type=Information
ComputerName=EC2AMAZ-PRU5PPI
User=NOT_TRANSLATED
Sid=S-1-5-18
SidType=0
TaskCategory=None
OpCode=Info
RecordNumber=81322
Keywords=None
Message=The Virtualization Based Security (policies: 0) is disabled with status STATUS_SUCCESS.
11/09/2020 08:40:06 AM
LogName=System
SourceName=Microsoft-Windows-Kernel-General
EventCode=12
EventType=4
Type=Information
ComputerName=EC2AMAZ-PRU5PPI
User=NOT_TRANSLATED
Sid=S-1-5-18
SidType=0
TaskCategory=1
OpCode=Info
RecordNumber=81321
Keywords=None
Message=The operating system started at system time ‎2020‎-‎11‎-‎09T08:40:06.495111300Z.
11/09/2020 08:40:10 AM
LogName=System
SourceName=Microsoft-Windows-FilterManager
EventCode=6
EventType=4
Type=Information
ComputerName=EC2AMAZ-PRU5PPI
User=NOT_TRANSLATED
Sid=S-1-5-18
SidType=0
TaskCategory=None
OpCode=Info
RecordNumber=81332
Keywords=None
Message=File System Filter 'npsvctrig' (10.0, ‎2016‎-‎07‎-‎16T02:28:33.000000000Z) has successfully loaded and registered with Filter Manager.
11/09/2020 08:40:10 AM
LogName=System
SourceName=Microsoft-Windows-FilterManager
EventCode=6
EventType=4
Type=Information
ComputerName=EC2AMAZ-PRU5PPI
User=NOT_TRANSLATED
Sid=S-1-5-18
SidType=0
TaskCategory=None
OpCode=Info
RecordNumber=81331
Keywords=None
Message=File System Filter 'FileCrypt' (10.0, ‎2018‎-‎08‎-‎30T20:44:27.000000000Z) has successfully loaded and registered with Filter Manager.
11/09/2020 08:40:10 AM
LogName=System
SourceName=Microsoft-Windows-Ntfs
EventCode=98
EventType=4
Type=Information
ComputerName=EC2AMAZ-PRU5PPI
User=NOT_TRANSLATED
Sid=S-1-5-18
SidType=0
TaskCategory=None
OpCode=Info
RecordNumber=81330
Keywords=None
Message=Volume C: (\Device\HarddiskVolume1) is healthy.  No action is needed.
11/09/2020 08:40:10 AM
LogName=System
SourceName=Microsoft-Windows-FilterManager
EventCode=6
EventType=4
Type=Information
ComputerName=EC2AMAZ-PRU5PPI
User=NOT_TRANSLATED
Sid=S-1-5-18
SidType=0
TaskCategory=None
OpCode=Info
RecordNumber=81329
Keywords=None
Message=File System Filter 'WdFilter' (10.0, ‎2098‎-‎06‎-‎20T11:58:38.000000000Z) has successfully loaded and registered with Filter Manager.
11/09/2020 08:40:10 AM
LogName=System
SourceName=Microsoft-Windows-FilterManager
EventCode=6
EventType=4
Type=Information
ComputerName=EC2AMAZ-PRU5PPI
User=NOT_TRANSLATED
Sid=S-1-5-18
SidType=0
TaskCategory=None
OpCode=Info
RecordNumber=81328
Keywords=None
Message=File System Filter 'Wof' (10.0, ‎2019‎-‎09‎-‎29T22:52:46.000000000Z) has successfully loaded and registered with Filter Manager.
11/09/2020 08:40:11 AM
LogName=System
SourceName=Microsoft-Windows-Kernel-Processor-Power
EventCode=55
EventType=4
Type=Information
ComputerName=EC2AMAZ-PRU5PPI
User=NOT_TRANSLATED
Sid=S-1-5-18
SidType=0
TaskCategory=47
OpCode=Info
RecordNumber=81335
Keywords=None
Message=Processor 1 in group 0 exposes the following power management capabilities:

Idle state type: ACPI Idle (C) States (1 state(s))

Performance state type: None
Nominal Frequency (MHz): 2300
Maximum performance percentage: 100
Minimum performance percentage: 100
Minimum throttle percentage: 100
11/09/2020 08:40:11 AM
LogName=System
SourceName=Microsoft-Windows-Kernel-Processor-Power
EventCode=55
EventType=4
Type=Information
ComputerName=EC2AMAZ-PRU5PPI
User=NOT_TRANSLATED
Sid=S-1-5-18
SidType=0
TaskCategory=47
OpCode=Info
RecordNumber=81334
Keywords=None
Message=Processor 0 in group 0 exposes the following power management capabilities:

Idle state type: ACPI Idle (C) States (1 state(s))

Performance state type: None
Nominal Frequency (MHz): 2300
Maximum performance percentage: 100
Minimum performance percentage: 100
Minimum throttle percentage: 100
11/09/2020 08:40:11 AM
LogName=System
SourceName=Microsoft-Windows-Kernel-Power
EventCode=172
EventType=4
Type=Information
ComputerName=EC2AMAZ-PRU5PPI
User=NOT_TRANSLATED
Sid=S-1-5-18
SidType=0
TaskCategory=203
OpCode=Info
RecordNumber=81333
Keywords=None
Message=Connectivity state in standby: Disconnected, Reason: NIC compliance
11/09/2020 08:40:12 AM
LogName=System
SourceName=Microsoft-Windows-Service Control Manager
EventCode=7036
EventType=4
Type=Information
ComputerName=EC2AMAZ-PRU5PPI
TaskCategory=None
OpCode=The operation completed successfully.
RecordNumber=81342
Keywords=Classic
Message=The RpcSs service entered the running state.
11/09/2020 08:40:12 AM
LogName=System
SourceName=Microsoft-Windows-Service Control Manager
EventCode=7036
EventType=4
Type=Information
ComputerName=EC2AMAZ-PRU5PPI
TaskCategory=None
OpCode=The operation completed successfully.
RecordNumber=81341
Keywords=Classic
Message=The RpcEptMapper service entered the running state.
11/09/2020 08:40:12 AM
LogName=System
SourceName=Microsoft-Windows-Service Control Manager
EventCode=7036
EventType=4
Type=Information
ComputerName=EC2AMAZ-PRU5PPI
TaskCategory=None
OpCode=The operation completed successfully.
RecordNumber=81340
Keywords=Classic
Message=The DcomLaunch service entered the running state.
11/09/2020 08:40:12 AM
LogName=System
SourceName=Microsoft-Windows-Service Control Manager
EventCode=7036
EventType=4
Type=Information
ComputerName=EC2AMAZ-PRU5PPI
TaskCategory=None
OpCode=The operation completed successfully.
RecordNumber=81339
Keywords=Classic
Message=The Power service entered the running state.
11/09/2020 08:40:12 AM
LogName=System
SourceName=Microsoft-Windows-Service Control Manager
EventCode=7036
EventType=4
Type=Information
ComputerName=EC2AMAZ-PRU5PPI
TaskCategory=None
OpCode=The operation completed successfully.
RecordNumber=81338
Keywords=Classic
Message=The PlugPlay service entered the running state.
11/09/2020 08:40:12 AM
LogName=System
SourceName=Microsoft-Windows-Directory-Services-SAM
EventCode=16962
EventType=4
Type=Information
ComputerName=EC2AMAZ-PRU5PPI
User=NOT_TRANSLATED
Sid=S-1-5-18
SidType=0
TaskCategory=None
OpCode=Info
RecordNumber=81337
Keywords=None
Message=Remote calls to the SAM database are being restricted using the default security descriptor: O:SYG:SYD:(A;;RC;;;BA).
For more information please see http://go.microsoft.com/fwlink/?LinkId=787651.
11/09/2020 08:40:12 AM
LogName=System
SourceName=Microsoft-Windows-Wininit
EventCode=14
EventType=4
Type=Information
ComputerName=EC2AMAZ-PRU5PPI
User=NOT_TRANSLATED
Sid=S-1-5-18
SidType=0
TaskCategory=None
OpCode=Info
RecordNumber=81336
Keywords=None
Message=Credential Guard (LsaIso.exe) configuration: 0x0, 0
11/09/2020 08:40:13 AM
LogName=System
SourceName=Microsoft-Windows-Service Control Manager
EventCode=7036
EventType=4
Type=Information
ComputerName=EC2AMAZ-PRU5PPI
TaskCategory=None
OpCode=The operation completed successfully.
RecordNumber=81353
Keywords=Classic
Message=The tiledatamodelsvc service entered the running state.
11/09/2020 08:40:13 AM
LogName=System
SourceName=Microsoft-Windows-Service Control Manager
EventCode=7036
EventType=4
Type=Information
ComputerName=EC2AMAZ-PRU5PPI
TaskCategory=None
OpCode=The operation completed successfully.
RecordNumber=81352
Keywords=Classic
Message=The AppXSvc service entered the running state.
11/09/2020 08:40:13 AM
LogName=System
SourceName=Microsoft-Windows-Service Control Manager
EventCode=7036
EventType=4
Type=Information
ComputerName=EC2AMAZ-PRU5PPI
TaskCategory=None
OpCode=The operation completed successfully.
RecordNumber=81351
Keywords=Classic
Message=The StateRepository service entered the running state.
11/09/2020 08:40:13 AM
LogName=System
SourceName=Microsoft-Windows-Service Control Manager
EventCode=7036
EventType=4
Type=Information
ComputerName=EC2AMAZ-PRU5PPI
TaskCategory=None
OpCode=The operation completed successfully.
RecordNumber=81350
Keywords=Classic
Message=The NetSetupSvc service entered the running state.
11/09/2020 08:40:13 AM
LogName=System
SourceName=Microsoft-Windows-Service Control Manager
EventCode=7036
EventType=4
Type=Information
ComputerName=EC2AMAZ-PRU5PPI
TaskCategory=None
OpCode=The operation completed successfully.
RecordNumber=81349
Keywords=Classic
Message=The dmwappushservice service entered the running state.
11/09/2020 08:40:13 AM
LogName=System
SourceName=Microsoft-Windows-Service Control Manager
EventCode=7036
EventType=4
Type=Information
ComputerName=EC2AMAZ-PRU5PPI
TaskCategory=None
OpCode=The operation completed successfully.
RecordNumber=81348
Keywords=Classic
Message=The CoreMessagingRegistrar service entered the running state.
11/09/2020 08:40:13 AM
LogName=System
SourceName=vxn
EventCode=31
EventType=4
Type=Information
ComputerName=EC2AMAZ-PRU5PPI
TaskCategory=None
OpCode=None
RecordNumber=81347
Keywords=Classic
Message=Intel(R) 82599 Virtual Function
 Network link has been established at 10Gbps full duplex.
11/09/2020 08:40:13 AM
LogName=System
SourceName=Microsoft-Windows-Service Control Manager
EventCode=7036
EventType=4
Type=Information
ComputerName=EC2AMAZ-PRU5PPI
TaskCategory=None
OpCode=The operation completed successfully.
RecordNumber=81346
Keywords=Classic
Message=The DeviceInstall service entered the running state.
11/09/2020 08:40:13 AM
LogName=System
SourceName=Microsoft-Windows-Service Control Manager
EventCode=7036
EventType=4
Type=Information
ComputerName=EC2AMAZ-PRU5PPI
TaskCategory=None
OpCode=The operation completed successfully.
RecordNumber=81345
Keywords=Classic
Message=The SystemEventsBroker service entered the running state.
11/09/2020 08:40:13 AM
LogName=System
SourceName=Microsoft-Windows-Service Control Manager
EventCode=7036
EventType=4
Type=Information
ComputerName=EC2AMAZ-PRU5PPI
TaskCategory=None
OpCode=The operation completed successfully.
RecordNumber=81344
Keywords=Classic
Message=The sppsvc service entered the running state.
11/09/2020 08:40:13 AM
LogName=System
SourceName=Microsoft-Windows-Service Control Manager
EventCode=7036
EventType=4
Type=Information
ComputerName=EC2AMAZ-PRU5PPI
TaskCategory=None
OpCode=The operation completed successfully.
RecordNumber=81343
Keywords=Classic
Message=The LSM service entered the running state.
11/09/2020 08:40:18 AM
LogName=System
SourceName=Microsoft-Windows-Service Control Manager
EventCode=7036
EventType=4
Type=Information
ComputerName=EC2AMAZ-PRU5PPI
TaskCategory=None
OpCode=The operation completed successfully.
RecordNumber=81356
Keywords=Classic
Message=The CryptSvc service entered the running state.
11/09/2020 08:40:18 AM
LogName=System
SourceName=Microsoft-Windows-Kernel-General
EventCode=1
EventType=4
Type=Information
ComputerName=EC2AMAZ-PRU5PPI
User=NOT_TRANSLATED
Sid=S-1-5-18
SidType=0
TaskCategory=5
OpCode=Info
RecordNumber=81355
Keywords=Time
Message=The system time has changed to ‎2020‎-‎11‎-‎09T08:40:18.396000000Z from ‎2020‎-‎11‎-‎09T08:40:18.409336300Z.

Change Reason: An application or system component changed the time.
11/09/2020 08:40:18 AM
LogName=System
SourceName=Microsoft-Windows-Kernel-General
EventCode=1
EventType=4
Type=Information
ComputerName=EC2AMAZ-PRU5PPI
User=NOT_TRANSLATED
Sid=S-1-5-18
SidType=0
TaskCategory=5
OpCode=Info
RecordNumber=81354
Keywords=Time
Message=The system time has changed to ‎2020‎-‎11‎-‎09T08:40:18.396527700Z from ‎2020‎-‎11‎-‎09T08:40:18.396527700Z.

Change Reason: System time adjusted to the new time zone.
11/09/2020 08:40:19 AM
LogName=System
SourceName=Microsoft-Windows-Service Control Manager
EventCode=7036
EventType=4
Type=Information
ComputerName=EC2AMAZ-PRU5PPI
TaskCategory=None
OpCode=The operation completed successfully.
RecordNumber=81363
Keywords=Classic
Message=The Dhcp service entered the running state.
11/09/2020 08:40:19 AM
LogName=System
SourceName=Microsoft-Windows-Service Control Manager
EventCode=7036
EventType=4
Type=Information
ComputerName=EC2AMAZ-PRU5PPI
TaskCategory=None
OpCode=The operation completed successfully.
RecordNumber=81362
Keywords=Classic
Message=The BrokerInfrastructure service entered the running state.
11/09/2020 08:40:19 AM
LogName=System
SourceName=Microsoft-Windows-DHCPv6-Client
EventCode=51046
EventType=4
Type=Information
ComputerName=EC2AMAZ-PRU5PPI
User=NOT_TRANSLATED
Sid=S-1-5-19
SidType=0
TaskCategory=Service State Event
OpCode=ServiceStart
RecordNumber=81361
Keywords=None
Message=DHCPv6 client service is started
11/09/2020 08:40:19 AM
LogName=System
SourceName=Microsoft-Windows-Dhcp-Client
EventCode=50036
EventType=4
Type=Information
ComputerName=EC2AMAZ-PRU5PPI
User=NOT_TRANSLATED
Sid=S-1-5-19
SidType=0
TaskCategory=Service State Event
OpCode=ServiceStart
RecordNumber=81360
Keywords=None
Message=DHCPv4 client service is started
11/09/2020 08:40:19 AM
LogName=System
SourceName=Microsoft-Windows-Service Control Manager
EventCode=7036
EventType=4
Type=Information
ComputerName=EC2AMAZ-PRU5PPI
TaskCategory=None
OpCode=The operation completed successfully.
RecordNumber=81359
Keywords=Classic
Message=The nsi service entered the running state.
11/09/2020 08:40:19 AM
LogName=System
SourceName=Microsoft-Windows-Service Control Manager
EventCode=7036
EventType=4
Type=Information
ComputerName=EC2AMAZ-PRU5PPI
TaskCategory=None
OpCode=The operation completed successfully.
RecordNumber=81358
Keywords=Classic
Message=The EventLog service entered the running state.
11/09/2020 08:40:19 AM
LogName=System
SourceName=Microsoft-Windows-Service Control Manager
EventCode=7036
EventType=4
Type=Information
ComputerName=EC2AMAZ-PRU5PPI
TaskCategory=None
OpCode=The operation completed successfully.
RecordNumber=81357
Keywords=Classic
Message=The W32Time service entered the running state.
11/09/2020 08:40:19 AM
LogName=System
SourceName=EventLog
EventCode=6013
EventType=4
Type=Information
ComputerName=EC2AMAZ-PRU5PPI
TaskCategory=None
OpCode=None
RecordNumber=81316
Keywords=Classic
Message=The system uptime is 13 seconds.
11/09/2020 08:40:19 AM
LogName=System
SourceName=EventLog
EventCode=6005
EventType=4
Type=Information
ComputerName=EC2AMAZ-PRU5PPI
TaskCategory=None
OpCode=None
RecordNumber=81315
Keywords=Classic
Message=The Event log service was started.
11/09/2020 08:40:19 AM
LogName=System
SourceName=EventLog
EventCode=6009
EventType=4
Type=Information
ComputerName=EC2AMAZ-PRU5PPI
TaskCategory=None
OpCode=None
RecordNumber=81314
Keywords=Classic
Message=Microsoft (R) Windows (R) 10.00. 14393  Multiprocessor Free.
11/09/2020 08:40:19 AM
LogName=System
SourceName=EventLog
EventCode=6011
EventType=4
Type=Information
ComputerName=EC2AMAZ-PRU5PPI
TaskCategory=None
OpCode=None
RecordNumber=81313
Keywords=Classic
Message=The NetBIOS name and DNS host name of this machine have been changed from WIN-N40L51UGTEM to EC2AMAZ-PRU5PPI.
11/09/2020 08:40:20 AM
LogName=System
SourceName=Microsoft-Windows-Service Control Manager
EventCode=7036
EventType=4
Type=Information
ComputerName=EC2AMAZ-PRU5PPI
TaskCategory=None
OpCode=The operation completed successfully.
RecordNumber=81388
Keywords=Classic
Message=The BFE service entered the running state.
11/09/2020 08:40:20 AM
LogName=System
SourceName=Microsoft-Windows-Service Control Manager
EventCode=7036
EventType=4
Type=Information
ComputerName=EC2AMAZ-PRU5PPI
TaskCategory=None
OpCode=The operation completed successfully.
RecordNumber=81387
Keywords=Classic
Message=The LanmanWorkstation service entered the running state.
11/09/2020 08:40:20 AM
LogName=System
SourceName=Microsoft-Windows-Service Control Manager
EventCode=7036
EventType=4
Type=Information
ComputerName=EC2AMAZ-PRU5PPI
TaskCategory=None
OpCode=The operation completed successfully.
RecordNumber=81386
Keywords=Classic
Message=The Wcmsvc service entered the running state.
11/09/2020 08:40:20 AM
LogName=System
SourceName=Microsoft-Windows-Service Control Manager
EventCode=7036
EventType=4
Type=Information
ComputerName=EC2AMAZ-PRU5PPI
TaskCategory=None
OpCode=The operation completed successfully.
RecordNumber=81385
Keywords=Classic
Message=The FontCache service entered the running state.
11/09/2020 08:40:20 AM
LogName=System
SourceName=Microsoft-Windows-Service Control Manager
EventCode=7036
EventType=4
Type=Information
ComputerName=EC2AMAZ-PRU5PPI
TaskCategory=None
OpCode=The operation completed successfully.
RecordNumber=81384
Keywords=Classic
Message=The ShellHWDetection service entered the running state.
11/09/2020 08:40:20 AM
LogName=System
SourceName=Microsoft-Windows-Service Control Manager
EventCode=7036
EventType=4
Type=Information
ComputerName=EC2AMAZ-PRU5PPI
TaskCategory=None
OpCode=The operation completed successfully.
RecordNumber=81383
Keywords=Classic
Message=The UserManager service entered the running state.
11/09/2020 08:40:20 AM
LogName=System
SourceName=Microsoft-Windows-Service Control Manager
EventCode=7036
EventType=4
Type=Information
ComputerName=EC2AMAZ-PRU5PPI
TaskCategory=None
OpCode=The operation completed successfully.
RecordNumber=81382
Keywords=Classic
Message=The TimeBrokerSvc service entered the running state.
11/09/2020 08:40:20 AM
LogName=System
SourceName=Microsoft-Windows-Service Control Manager
EventCode=7036
EventType=4
Type=Information
ComputerName=EC2AMAZ-PRU5PPI
TaskCategory=None
OpCode=The operation completed successfully.
RecordNumber=81381
Keywords=Classic
Message=The gpsvc service entered the running state.
11/09/2020 08:40:20 AM
LogName=System
SourceName=Microsoft-Windows-Service Control Manager
EventCode=7036
EventType=4
Type=Information
ComputerName=EC2AMAZ-PRU5PPI
TaskCategory=None
OpCode=The operation completed successfully.
RecordNumber=81380
Keywords=Classic
Message=The SENS service entered the running state.
11/09/2020 08:40:20 AM
LogName=System
SourceName=Microsoft-Windows-Service Control Manager
EventCode=7036
EventType=4
Type=Information
ComputerName=EC2AMAZ-PRU5PPI
TaskCategory=None
OpCode=The operation completed successfully.
RecordNumber=81379
Keywords=Classic
Message=The ProfSvc service entered the running state.
11/09/2020 08:40:20 AM
LogName=System
SourceName=Microsoft-Windows-Service Control Manager
EventCode=7036
EventType=4
Type=Information
ComputerName=EC2AMAZ-PRU5PPI
TaskCategory=None
OpCode=The operation completed successfully.
RecordNumber=81378
Keywords=Classic
Message=The EventSystem service entered the running state.
11/09/2020 08:40:20 AM
LogName=System
SourceName=Microsoft-Windows-Service Control Manager
EventCode=7036
EventType=4
Type=Information
ComputerName=EC2AMAZ-PRU5PPI
TaskCategory=None
OpCode=The operation completed successfully.
RecordNumber=81377
Keywords=Classic
Message=The NcbService service entered the running state.
11/09/2020 08:40:20 AM
LogName=System
SourceName=Microsoft-Windows-Service Control Manager
EventCode=7036
EventType=4
Type=Information
ComputerName=EC2AMAZ-PRU5PPI
TaskCategory=None
OpCode=The operation completed successfully.
RecordNumber=81376
Keywords=Classic
Message=The WPDBusEnum service entered the running state.
11/09/2020 08:40:20 AM
LogName=System
SourceName=Microsoft-Windows-FilterManager
EventCode=6
EventType=4
Type=Information
ComputerName=EC2AMAZ-PRU5PPI
User=NOT_TRANSLATED
Sid=S-1-5-18
SidType=0
TaskCategory=None
OpCode=Info
RecordNumber=81375
Keywords=None
Message=File System Filter 'storqosflt' (10.0, ‎2019‎-‎02‎-‎17T02:00:41.000000000Z) has successfully loaded and registered with Filter Manager.
11/09/2020 08:40:20 AM
LogName=System
SourceName=Microsoft-Windows-FilterManager
EventCode=6
EventType=4
Type=Information
ComputerName=EC2AMAZ-PRU5PPI
User=NOT_TRANSLATED
Sid=S-1-5-18
SidType=0
TaskCategory=None
OpCode=Info
RecordNumber=81374
Keywords=None
Message=File System Filter 'wcifs' (10.0, ‎2020‎-‎02‎-‎19T07:59:09.000000000Z) has successfully loaded and registered with Filter Manager.
11/09/2020 08:40:20 AM
LogName=System
SourceName=Microsoft-Windows-Service Control Manager
EventCode=7036
EventType=4
Type=Information
ComputerName=EC2AMAZ-PRU5PPI
TaskCategory=None
OpCode=The operation completed successfully.
RecordNumber=81372
Keywords=Classic
Message=The Schedule service entered the running state.
11/09/2020 08:40:20 AM
LogName=System
SourceName=Microsoft-Windows-FilterManager
EventCode=6
EventType=4
Type=Information
ComputerName=EC2AMAZ-PRU5PPI
User=NOT_TRANSLATED
Sid=S-1-5-18
SidType=0
TaskCategory=None
OpCode=Info
RecordNumber=81371
Keywords=None
Message=File System Filter 'luafv' (10.0, ‎2019‎-‎04‎-‎02T04:23:00.000000000Z) has successfully loaded and registered with Filter Manager.
11/09/2020 08:40:20 AM
LogName=System
SourceName=Microsoft-Windows-Service Control Manager
EventCode=7036
EventType=4
Type=Information
ComputerName=EC2AMAZ-PRU5PPI
TaskCategory=None
OpCode=The operation completed successfully.
RecordNumber=81370
Keywords=Classic
Message=The WinHttpAutoProxySvc service entered the running state.
11/09/2020 08:40:20 AM
LogName=System
SourceName=Microsoft-Windows-Service Control Manager
EventCode=7036
EventType=4
Type=Information
ComputerName=EC2AMAZ-PRU5PPI
TaskCategory=None
OpCode=The operation completed successfully.
RecordNumber=81369
Keywords=Classic
Message=The DsmSvc service entered the running state.
11/09/2020 08:40:20 AM
LogName=System
SourceName=Microsoft-Windows-Service Control Manager
EventCode=7036
EventType=4
Type=Information
ComputerName=EC2AMAZ-PRU5PPI
TaskCategory=None
OpCode=The operation completed successfully.
RecordNumber=81368
Keywords=Classic
Message=The netprofm service entered the running state.
11/09/2020 08:40:20 AM
LogName=System
SourceName=Microsoft-Windows-Service Control Manager
EventCode=7036
EventType=4
Type=Information
ComputerName=EC2AMAZ-PRU5PPI
TaskCategory=None
OpCode=The operation completed successfully.
RecordNumber=81367
Keywords=Classic
Message=The Dnscache service entered the running state.
11/09/2020 08:40:20 AM
LogName=System
SourceName=Microsoft-Windows-Service Control Manager
EventCode=7036
EventType=4
Type=Information
ComputerName=EC2AMAZ-PRU5PPI
TaskCategory=None
OpCode=The operation completed successfully.
RecordNumber=81366
Keywords=Classic
Message=The lmhosts service entered the running state.
11/09/2020 08:40:20 AM
LogName=System
SourceName=Microsoft-Windows-Service Control Manager
EventCode=7036
EventType=4
Type=Information
ComputerName=EC2AMAZ-PRU5PPI
TaskCategory=None
OpCode=The operation completed successfully.
RecordNumber=81365
Keywords=Classic
Message=The Themes service entered the running state.
11/09/2020 08:40:20 AM
LogName=System
SourceName=Microsoft-Windows-Service Control Manager
EventCode=7036
EventType=4
Type=Information
ComputerName=EC2AMAZ-PRU5PPI
TaskCategory=None
OpCode=The operation completed successfully.
RecordNumber=81364
Keywords=Classic
Message=The NlaSvc service entered the running state.
11/09/2020 08:40:21 AM
LogName=System
SourceName=Microsoft-Windows-Service Control Manager
EventCode=7036
EventType=4
Type=Information
ComputerName=EC2AMAZ-PRU5PPI
TaskCategory=None
OpCode=The operation completed successfully.
RecordNumber=81405
Keywords=Classic
Message=The AppReadiness service entered the running state.
11/09/2020 08:40:21 AM
LogName=System
SourceName=Microsoft-Windows-Time-Service
EventCode=35
EventType=4
Type=Information
ComputerName=EC2AMAZ-PRU5PPI
User=NOT_TRANSLATED
Sid=S-1-5-19
SidType=0
TaskCategory=None
OpCode=Info
RecordNumber=81404
Keywords=None
Message=The time service is now synchronizing the system time with the time source 169.254.169.123,0x9 (ntp.m|0x9|0.0.0.0:123->169.254.169.123:123).
11/09/2020 08:40:21 AM
LogName=System
SourceName=Microsoft-Windows-Time-Service
EventCode=37
EventType=4
Type=Information
ComputerName=EC2AMAZ-PRU5PPI
User=NOT_TRANSLATED
Sid=S-1-5-19
SidType=0
TaskCategory=None
OpCode=Info
RecordNumber=81403
Keywords=None
Message=The time provider NtpClient is currently receiving valid time data from 169.254.169.123,0x9 (ntp.m|0x9|0.0.0.0:123->169.254.169.123:123).
11/09/2020 08:40:21 AM
LogName=System
SourceName=Microsoft-Windows-Service Control Manager
EventCode=7036
EventType=4
Type=Information
ComputerName=EC2AMAZ-PRU5PPI
TaskCategory=None
OpCode=The operation completed successfully.
RecordNumber=81402
Keywords=Classic
Message=The iphlpsvc service entered the running state.
11/09/2020 08:40:21 AM
LogName=System
SourceName=Microsoft-Windows-Service Control Manager
EventCode=7036
EventType=4
Type=Information
ComputerName=EC2AMAZ-PRU5PPI
TaskCategory=None
OpCode=The operation completed successfully.
RecordNumber=81401
Keywords=Classic
Message=The WinRM service entered the running state.
11/09/2020 08:40:21 AM
LogName=System
SourceName=Microsoft-Windows-Service Control Manager
EventCode=7036
EventType=4
Type=Information
ComputerName=EC2AMAZ-PRU5PPI
TaskCategory=None
OpCode=The operation completed successfully.
RecordNumber=81400
Keywords=Classic
Message=The WinDefend service entered the running state.
11/09/2020 08:40:21 AM
LogName=System
SourceName=Microsoft-Windows-Service Control Manager
EventCode=7036
EventType=4
Type=Information
ComputerName=EC2AMAZ-PRU5PPI
TaskCategory=None
OpCode=The operation completed successfully.
RecordNumber=81399
Keywords=Classic
Message=The LanmanServer service entered the running state.
11/09/2020 08:40:21 AM
LogName=System
SourceName=Microsoft-Windows-Service Control Manager
EventCode=7026
EventType=4
Type=Information
ComputerName=EC2AMAZ-PRU5PPI
TaskCategory=None
OpCode=The operation completed successfully.
RecordNumber=81398
Keywords=Classic
Message=The following boot-start or system-start driver(s) did not load: 
cdrom
dam
11/09/2020 08:40:21 AM
LogName=System
SourceName=Microsoft-Windows-Service Control Manager
EventCode=7036
EventType=4
Type=Information
ComputerName=EC2AMAZ-PRU5PPI
TaskCategory=None
OpCode=The operation completed successfully.
RecordNumber=81397
Keywords=Classic
Message=The WpnService service entered the running state.
11/09/2020 08:40:21 AM
LogName=System
SourceName=Microsoft-Windows-Service Control Manager
EventCode=7036
EventType=4
Type=Information
ComputerName=EC2AMAZ-PRU5PPI
TaskCategory=None
OpCode=The operation completed successfully.
RecordNumber=81396
Keywords=Classic
Message=The AWSLiteAgent service entered the running state.
11/09/2020 08:40:21 AM
LogName=System
SourceName=Microsoft-Windows-Service Control Manager
EventCode=7036
EventType=4
Type=Information
ComputerName=EC2AMAZ-PRU5PPI
TaskCategory=None
OpCode=The operation completed successfully.
RecordNumber=81395
Keywords=Classic
Message=The TrkWks service entered the running state.
11/09/2020 08:40:21 AM
LogName=System
SourceName=Microsoft-Windows-Service Control Manager
EventCode=7036
EventType=4
Type=Information
ComputerName=EC2AMAZ-PRU5PPI
TaskCategory=None
OpCode=The operation completed successfully.
RecordNumber=81394
Keywords=Classic
Message=The Winmgmt service entered the running state.
11/09/2020 08:40:21 AM
LogName=System
SourceName=Microsoft-Windows-Service Control Manager
EventCode=7036
EventType=4
Type=Information
ComputerName=EC2AMAZ-PRU5PPI
TaskCategory=None
OpCode=The operation completed successfully.
RecordNumber=81393
Keywords=Classic
Message=The PcaSvc service entered the running state.
11/09/2020 08:40:21 AM
LogName=System
SourceName=Microsoft-Windows-Service Control Manager
EventCode=7036
EventType=4
Type=Information
ComputerName=EC2AMAZ-PRU5PPI
TaskCategory=None
OpCode=The operation completed successfully.
RecordNumber=81392
Keywords=Classic
Message=The RemoteRegistry service entered the running state.
11/09/2020 08:40:21 AM
LogName=System
SourceName=Microsoft-Windows-Service Control Manager
EventCode=7036
EventType=4
Type=Information
ComputerName=EC2AMAZ-PRU5PPI
TaskCategory=None
OpCode=The operation completed successfully.
RecordNumber=81391
Keywords=Classic
Message=The Spooler service entered the running state.
11/09/2020 08:40:21 AM
LogName=System
SourceName=Microsoft-Windows-Service Control Manager
EventCode=7036
EventType=4
Type=Information
ComputerName=EC2AMAZ-PRU5PPI
TaskCategory=None
OpCode=The operation completed successfully.
RecordNumber=81390
Keywords=Classic
Message=The SamSs service entered the running state.
11/09/2020 08:40:21 AM
LogName=System
SourceName=Microsoft-Windows-Service Control Manager
EventCode=7036
EventType=4
Type=Information
ComputerName=EC2AMAZ-PRU5PPI
TaskCategory=None
OpCode=The operation completed successfully.
RecordNumber=81389
Keywords=Classic
Message=The MpsSvc service entered the running state.
11/09/2020 08:40:21 AM
LogName=System
SourceName=Microsoft-Windows-Windows Remote Management
EventCode=10148
EventType=4
Type=Information
ComputerName=EC2AMAZ-PRU5PPI
TaskCategory=None
OpCode=Info
RecordNumber=81373
Keywords=Classic
Message=The WinRM service is listening for WS-Management requests. 

 User Action 
 Use the following command to see the specific IPs on which WinRM is listening: 

 winrm enumerate winrm/config/listener
11/09/2020 08:40:22 AM
LogName=System
SourceName=Microsoft-Windows-Service Control Manager
EventCode=7036
EventType=4
Type=Information
ComputerName=EC2AMAZ-PRU5PPI
TaskCategory=None
OpCode=The operation completed successfully.
RecordNumber=81409
Keywords=Classic
Message=The DmEnrollmentSvc service entered the stopped state.
11/09/2020 08:40:22 AM
LogName=System
SourceName=Microsoft-Windows-Service Control Manager
EventCode=7036
EventType=4
Type=Information
ComputerName=EC2AMAZ-PRU5PPI
TaskCategory=None
OpCode=The operation completed successfully.
RecordNumber=81408
Keywords=Classic
Message=The DmEnrollmentSvc service entered the running state.
11/09/2020 08:40:22 AM
LogName=System
SourceName=Microsoft-Windows-Service Control Manager
EventCode=7036
EventType=4
Type=Information
ComputerName=EC2AMAZ-PRU5PPI
TaskCategory=None
OpCode=The operation completed successfully.
RecordNumber=81407
Keywords=Classic
Message=The wlidsvc service entered the running state.
11/09/2020 08:40:22 AM
LogName=System
SourceName=Microsoft-Windows-Kernel-General
EventCode=1
EventType=4
Type=Information
ComputerName=EC2AMAZ-PRU5PPI
User=NOT_TRANSLATED
Sid=S-1-5-18
SidType=0
TaskCategory=5
OpCode=Info
RecordNumber=81406
Keywords=Time
Message=The system time has changed to ‎2020‎-‎11‎-‎09T08:40:22.198462100Z from ‎2020‎-‎11‎-‎09T08:40:22.198462100Z.

Change Reason: System time adjusted to the new time zone.
11/09/2020 08:40:23 AM
LogName=System
SourceName=Microsoft-Windows-Service Control Manager
EventCode=7036
EventType=4
Type=Information
ComputerName=EC2AMAZ-PRU5PPI
TaskCategory=None
OpCode=The operation completed successfully.
RecordNumber=81416
Keywords=Classic
Message=The KeyIso service entered the running state.
11/09/2020 08:40:23 AM
LogName=System
SourceName=Microsoft-Windows-Service Control Manager
EventCode=7036
EventType=4
Type=Information
ComputerName=EC2AMAZ-PRU5PPI
TaskCategory=None
OpCode=The operation completed successfully.
RecordNumber=81415
Keywords=Classic
Message=The wuauserv service entered the running state.
11/09/2020 08:40:23 AM
LogName=System
SourceName=Microsoft-Windows-Service Control Manager
EventCode=7036
EventType=4
Type=Information
ComputerName=EC2AMAZ-PRU5PPI
TaskCategory=None
OpCode=The operation completed successfully.
RecordNumber=81414
Keywords=Classic
Message=The SessionEnv service entered the running state.
11/09/2020 08:40:23 AM
LogName=System
SourceName=Microsoft-Windows-Service Control Manager
EventCode=7036
EventType=4
Type=Information
ComputerName=EC2AMAZ-PRU5PPI
TaskCategory=None
OpCode=The operation completed successfully.
RecordNumber=81413
Keywords=Classic
Message=The CertPropSvc service entered the running state.
11/09/2020 08:40:23 AM
LogName=System
SourceName=Microsoft-Windows-Service Control Manager
EventCode=7036
EventType=4
Type=Information
ComputerName=EC2AMAZ-PRU5PPI
TaskCategory=None
OpCode=The operation completed successfully.
RecordNumber=81412
Keywords=Classic
Message=The UmRdpService service entered the running state.
11/09/2020 08:40:23 AM
LogName=System
SourceName=Microsoft-Windows-Service Control Manager
EventCode=7036
EventType=4
Type=Information
ComputerName=EC2AMAZ-PRU5PPI
TaskCategory=None
OpCode=The operation completed successfully.
RecordNumber=81411
Keywords=Classic
Message=The TermService service entered the running state.
11/09/2020 08:40:24 AM
LogName=System
SourceName=Microsoft-Windows-Service Control Manager
EventCode=7036
EventType=4
Type=Information
ComputerName=EC2AMAZ-PRU5PPI
TaskCategory=None
OpCode=The operation completed successfully.
RecordNumber=81417
Keywords=Classic
Message=The WdNisSvc service entered the running state.
11/09/2020 08:40:24 AM
LogName=System
SourceName=Microsoft-Windows-TerminalServices-RemoteConnectionManager
EventCode=1056
EventType=4
Type=Information
ComputerName=EC2AMAZ-PRU5PPI
TaskCategory=None
OpCode=The operation completed successfully.
RecordNumber=81410
Keywords=Classic
Message=A new self signed certificate to be used for RD Session Host Server authentication on SSL connections was generated. The name on this certificate is EC2AMAZ-PRU5PPI. The SHA1 hash of the certificate is in the event data.
11/09/2020 08:40:25 AM
LogName=System
SourceName=Microsoft-Windows-Iphlpsvc
EventCode=4200
EventType=4
Type=Information
ComputerName=EC2AMAZ-PRU5PPI
User=NOT_TRANSLATED
Sid=S-1-5-18
SidType=0
TaskCategory=None
OpCode=Info
RecordNumber=81418
Keywords=None
Message=Isatap interface isatap.eu-central-1.compute.internal with address fe80::5efe:172.31.40.135 has been brought up.
11/09/2020 08:40:27 AM
LogName=System
SourceName=Microsoft-Windows-TPM-WMI
EventCode=1282
EventType=4
Type=Information
ComputerName=EC2AMAZ-PRU5PPI
User=NOT_TRANSLATED
Sid=S-1-5-18
SidType=0
TaskCategory=None
OpCode=Info
RecordNumber=81420
Keywords=None
Message=The TBS device identifier has been generated.
11/09/2020 08:40:27 AM
LogName=System
SourceName=Microsoft-Windows-TPM-WMI
EventCode=1281
EventType=4
Type=Information
ComputerName=EC2AMAZ-PRU5PPI
User=NOT_TRANSLATED
Sid=S-1-5-18
SidType=0
TaskCategory=None
OpCode=Info
RecordNumber=81419
Keywords=None
Message=This event triggers the TBS device identifier generation.
11/09/2020 08:40:31 AM
LogName=System
SourceName=Microsoft-Windows-Service Control Manager
EventCode=7036
EventType=4
Type=Information
ComputerName=EC2AMAZ-PRU5PPI
TaskCategory=None
OpCode=The operation completed successfully.
RecordNumber=81421
Keywords=Classic
Message=The TrustedInstaller service entered the running state.
11/09/2020 08:40:42 AM
LogName=System
SourceName=Microsoft-Windows-Service Control Manager
EventCode=7036
EventType=4
Type=Information
ComputerName=EC2AMAZ-PRU5PPI
TaskCategory=None
OpCode=The operation completed successfully.
RecordNumber=81423
Keywords=Classic
Message=The vds service entered the running state.
11/09/2020 08:40:42 AM
LogName=System
SourceName=Virtual Disk Service
EventCode=3
EventType=4
Type=Information
ComputerName=EC2AMAZ-PRU5PPI
TaskCategory=None
OpCode=None
RecordNumber=81422
Keywords=Classic
Message=Service started.
11/09/2020 08:40:46 AM
LogName=System
SourceName=Microsoft-Windows-UserModePowerService
EventCode=12
EventType=4
Type=Information
ComputerName=EC2AMAZ-PRU5PPI
User=NOT_TRANSLATED
Sid=S-1-5-18
SidType=0
TaskCategory=10
OpCode=Info
RecordNumber=81424
Keywords=None
Message=Process C:\Windows\System32\powercfg.exe (process ID:3180) reset policy scheme from {8C5E7FDA-E8BF-4A96-9A85-A6E23A8C635C} to {8C5E7FDA-E8BF-4A96-9A85-A6E23A8C635C}
11/09/2020 08:40:47 AM
LogName=System
SourceName=Microsoft-Windows-Service Control Manager
EventCode=7040
EventType=4
Type=Information
ComputerName=EC2AMAZ-PRU5PPI
User=NOT_TRANSLATED
Sid=S-1-5-18
SidType=0
TaskCategory=None
OpCode=The operation completed successfully.
RecordNumber=81425
Keywords=Classic
Message=The start type of the Amazon SSM Agent service was changed from disabled to auto start.
11/09/2020 08:40:56 AM
LogName=System
SourceName=Microsoft-Windows-DistributedCOM
EventCode=10016
EventType=2
Type=Error
ComputerName=EC2AMAZ-PRU5PPI
User=NOT_TRANSLATED
Sid=S-1-5-21-2877418951-2973014272-3777907218-500
SidType=0
TaskCategory=None
OpCode=Info
RecordNumber=81426
Keywords=Classic
Message=The application-specific permission settings do not grant Local Activation permission for the COM Server application with CLSID 
{D63B10C5-BB46-4990-A94F-E40B9D520160}
 and APPID 
{9CA88EE3-ACB7-47C8-AFC4-AB702511C276}
 to the user EC2AMAZ-PRU5PPI\Administrator SID (S-1-5-21-2877418951-2973014272-3777907218-500) from address LocalHost (Using LRPC) running in the application container Unavailable SID (Unavailable). This security permission can be modified using the Component Services administrative tool.
11/09/2020 08:40:59 AM
LogName=System
SourceName=Microsoft-Windows-Service Control Manager
EventCode=7036
EventType=4
Type=Information
ComputerName=EC2AMAZ-PRU5PPI
TaskCategory=None
OpCode=The operation completed successfully.
RecordNumber=81456
Keywords=Classic
Message=The Windows Event Log service entered the stopped state.
11/09/2020 08:40:59 AM
LogName=System
SourceName=Microsoft-Windows-Service Control Manager
EventCode=7036
EventType=4
Type=Information
ComputerName=EC2AMAZ-PRU5PPI
TaskCategory=None
OpCode=The operation completed successfully.
RecordNumber=81455
Keywords=Classic
Message=The Remote Desktop Services service entered the stopped state.
11/09/2020 08:40:59 AM
LogName=System
SourceName=Microsoft-Windows-Service Control Manager
EventCode=7036
EventType=4
Type=Information
ComputerName=EC2AMAZ-PRU5PPI
TaskCategory=None
OpCode=The operation completed successfully.
RecordNumber=81454
Keywords=Classic
Message=The Windows Remote Management (WS-Management) service entered the stopped state.
11/09/2020 08:40:59 AM
LogName=System
SourceName=Microsoft-Windows-Service Control Manager
EventCode=7036
EventType=4
Type=Information
ComputerName=EC2AMAZ-PRU5PPI
TaskCategory=None
OpCode=The operation completed successfully.
RecordNumber=81453
Keywords=Classic
Message=The Windows Connection Manager service entered the stopped state.
11/09/2020 08:40:59 AM
LogName=System
SourceName=Microsoft-Windows-Service Control Manager
EventCode=7036
EventType=4
Type=Information
ComputerName=EC2AMAZ-PRU5PPI
TaskCategory=None
OpCode=The operation completed successfully.
RecordNumber=81452
Keywords=Classic
Message=The State Repository Service service entered the stopped state.
11/09/2020 08:40:59 AM
LogName=System
SourceName=Microsoft-Windows-Service Control Manager
EventCode=7036
EventType=4
Type=Information
ComputerName=EC2AMAZ-PRU5PPI
TaskCategory=None
OpCode=The operation completed successfully.
RecordNumber=81451
Keywords=Classic
Message=The Cryptographic Services service entered the stopped state.
11/09/2020 08:40:59 AM
LogName=System
SourceName=Microsoft-Windows-Service Control Manager
EventCode=7036
EventType=4
Type=Information
ComputerName=EC2AMAZ-PRU5PPI
TaskCategory=None
OpCode=The operation completed successfully.
RecordNumber=81450
Keywords=Classic
Message=The Certificate Propagation service entered the stopped state.
11/09/2020 08:40:59 AM
LogName=System
SourceName=Microsoft-Windows-Service Control Manager
EventCode=7036
EventType=4
Type=Information
ComputerName=EC2AMAZ-PRU5PPI
TaskCategory=None
OpCode=The operation completed successfully.
RecordNumber=81449
Keywords=Classic
Message=The User Profile Service service entered the stopped state.
11/09/2020 08:40:59 AM
LogName=System
SourceName=Microsoft-Windows-Service Control Manager
EventCode=7036
EventType=4
Type=Information
ComputerName=EC2AMAZ-PRU5PPI
TaskCategory=None
OpCode=The operation completed successfully.
RecordNumber=81448
Keywords=Classic
Message=The DHCP Client service entered the stopped state.
11/09/2020 08:40:59 AM
LogName=System
SourceName=Microsoft-Windows-Dhcp-Client
EventCode=50037
EventType=4
Type=Information
ComputerName=EC2AMAZ-PRU5PPI
User=NOT_TRANSLATED
Sid=S-1-5-19
SidType=0
TaskCategory=Service State Event
OpCode=ServiceStop
RecordNumber=81447
Keywords=None
Message=DHCPv4 client service is stopped. ShutDown Flag value is 1
11/09/2020 08:40:59 AM
LogName=System
SourceName=Microsoft-Windows-DHCPv6-Client
EventCode=51047
EventType=4
Type=Information
ComputerName=EC2AMAZ-PRU5PPI
User=NOT_TRANSLATED
Sid=S-1-5-19
SidType=0
TaskCategory=Service State Event
OpCode=ServiceStop
RecordNumber=81446
Keywords=None
Message=DHCPv6 client service is stopped. ShutDown Flag value is 1
11/09/2020 08:40:59 AM
LogName=System
SourceName=Microsoft-Windows-Service Control Manager
EventCode=7036
EventType=4
Type=Information
ComputerName=EC2AMAZ-PRU5PPI
TaskCategory=None
OpCode=The operation completed successfully.
RecordNumber=81445
Keywords=Classic
Message=The Program Compatibility Assistant Service service entered the stopped state.
11/09/2020 08:40:59 AM
LogName=System
SourceName=Microsoft-Windows-Service Control Manager
EventCode=7036
EventType=4
Type=Information
ComputerName=EC2AMAZ-PRU5PPI
TaskCategory=None
OpCode=The operation completed successfully.
RecordNumber=81444
Keywords=Classic
Message=The AppX Deployment Service (AppXSVC) service entered the stopped state.
11/09/2020 08:40:59 AM
LogName=System
SourceName=Microsoft-Windows-Service Control Manager
EventCode=7036
EventType=4
Type=Information
ComputerName=EC2AMAZ-PRU5PPI
TaskCategory=None
OpCode=The operation completed successfully.
RecordNumber=81443
Keywords=Classic
Message=The Windows Management Instrumentation service entered the stopped state.
11/09/2020 08:40:59 AM
LogName=System
SourceName=Microsoft-Windows-Service Control Manager
EventCode=7036
EventType=4
Type=Information
ComputerName=EC2AMAZ-PRU5PPI
TaskCategory=None
OpCode=The operation completed successfully.
RecordNumber=81442
Keywords=Classic
Message=The Software Protection service entered the stopped state.
11/09/2020 08:40:59 AM
LogName=System
SourceName=Microsoft-Windows-Service Control Manager
EventCode=7036
EventType=4
Type=Information
ComputerName=EC2AMAZ-PRU5PPI
TaskCategory=None
OpCode=The operation completed successfully.
RecordNumber=81441
Keywords=Classic
Message=The Device Install Service service entered the stopped state.
11/09/2020 08:40:59 AM
LogName=System
SourceName=Microsoft-Windows-Service Control Manager
EventCode=7036
EventType=4
Type=Information
ComputerName=EC2AMAZ-PRU5PPI
TaskCategory=None
OpCode=The operation completed successfully.
RecordNumber=81440
Keywords=Classic
Message=The AWS Lite Guest Agent service entered the stopped state.
11/09/2020 08:40:59 AM
LogName=System
SourceName=Microsoft-Windows-Service Control Manager
EventCode=7036
EventType=4
Type=Information
ComputerName=EC2AMAZ-PRU5PPI
TaskCategory=None
OpCode=The operation completed successfully.
RecordNumber=81439
Keywords=Classic
Message=The Windows Font Cache Service service entered the stopped state.
11/09/2020 08:40:59 AM
LogName=System
SourceName=Microsoft-Windows-Service Control Manager
EventCode=7036
EventType=4
Type=Information
ComputerName=EC2AMAZ-PRU5PPI
TaskCategory=None
OpCode=The operation completed successfully.
RecordNumber=81438
Keywords=Classic
Message=The Windows Time service entered the stopped state.
11/09/2020 08:40:59 AM
LogName=System
SourceName=Microsoft-Windows-Kernel-General
EventCode=1
EventType=4
Type=Information
ComputerName=EC2AMAZ-PRU5PPI
User=NOT_TRANSLATED
Sid=S-1-5-19
SidType=0
TaskCategory=5
OpCode=Info
RecordNumber=81437
Keywords=Time
Message=The system time has changed to ‎2020‎-‎11‎-‎09T08:40:59.812000000Z from ‎2020‎-‎11‎-‎09T08:40:59.813779300Z.

Change Reason: An application or system component changed the time.
11/09/2020 08:40:59 AM
LogName=System
SourceName=Microsoft-Windows-Service Control Manager
EventCode=7036
EventType=4
Type=Information
ComputerName=EC2AMAZ-PRU5PPI
TaskCategory=None
OpCode=The operation completed successfully.
RecordNumber=81436
Keywords=Classic
Message=The Remote Desktop Services UserMode Port Redirector service entered the stopped state.
11/09/2020 08:40:59 AM
LogName=System
SourceName=Microsoft-Windows-Service Control Manager
EventCode=7036
EventType=4
Type=Information
ComputerName=EC2AMAZ-PRU5PPI
TaskCategory=None
OpCode=The operation completed successfully.
RecordNumber=81435
Keywords=Classic
Message=The Distributed Link Tracking Client service entered the stopped state.
11/09/2020 08:40:59 AM
LogName=System
SourceName=Microsoft-Windows-Service Control Manager
EventCode=7036
EventType=4
Type=Information
ComputerName=EC2AMAZ-PRU5PPI
TaskCategory=None
OpCode=The operation completed successfully.
RecordNumber=81434
Keywords=Classic
Message=The Plug and Play service entered the stopped state.
