11/09/2020 09:01:07 AM
LogName=System
SourceName=Microsoft-Windows-Service Control Manager
EventCode=7036
EventType=4
Type=Information
ComputerName=win-dc-129.attackrange.local
TaskCategory=None
OpCode=The operation completed successfully.
RecordNumber=81980
Keywords=Classic
Message=The Distributed Transaction Coordinator service entered the running state.
11/09/2020 09:01:07 AM
LogName=System
SourceName=Microsoft-Windows-Service Control Manager
EventCode=7036
EventType=4
Type=Information
ComputerName=win-dc-129.attackrange.local
TaskCategory=None
OpCode=The operation completed successfully.
RecordNumber=81979
Keywords=Classic
Message=The MapsBroker service entered the running state.
11/09/2020 09:01:08 AM
LogName=System
SourceName=Microsoft-Windows-Service Control Manager
EventCode=7036
EventType=4
Type=Information
ComputerName=win-dc-129.attackrange.local
TaskCategory=None
OpCode=The operation completed successfully.
RecordNumber=81982
Keywords=Classic
Message=The UALSVC service entered the running state.
11/09/2020 09:01:17 AM
LogName=System
SourceName=Microsoft-Windows-Service Control Manager
EventCode=7036
EventType=4
Type=Information
ComputerName=win-dc-129.attackrange.local
TaskCategory=None
OpCode=The operation completed successfully.
RecordNumber=81983
Keywords=Classic
Message=The MapsBroker service entered the stopped state.
11/09/2020 09:01:38 AM
LogName=System
SourceName=Microsoft-Windows-Service Control Manager
EventCode=7036
EventType=4
Type=Information
ComputerName=win-dc-129.attackrange.local
TaskCategory=None
OpCode=The operation completed successfully.
RecordNumber=81984
Keywords=Classic
Message=The sppsvc service entered the stopped state.
11/09/2020 09:01:43 AM
LogName=System
SourceName=Microsoft-Windows-Service Control Manager
EventCode=7036
EventType=4
Type=Information
ComputerName=win-dc-129.attackrange.local
TaskCategory=None
OpCode=The operation completed successfully.
RecordNumber=81985
Keywords=Classic
Message=The Windows Modules Installer service entered the stopped state.
11/09/2020 09:02:36 AM
LogName=System
SourceName=Microsoft-Windows-Service Control Manager
EventCode=7036
EventType=4
Type=Information
ComputerName=win-dc-129.attackrange.local
TaskCategory=None
OpCode=The operation completed successfully.
RecordNumber=81986
Keywords=Classic
Message=The VSS service entered the stopped state.
11/09/2020 09:02:52 AM
LogName=System
SourceName=Microsoft-Windows-Service Control Manager
EventCode=7036
EventType=4
Type=Information
ComputerName=win-dc-129.attackrange.local
TaskCategory=None
OpCode=The operation completed successfully.
RecordNumber=81987
Keywords=Classic
Message=The Portable Device Enumerator Service service entered the stopped state.
11/09/2020 09:03:12 AM
LogName=System
SourceName=Microsoft-Windows-DistributedCOM
EventCode=10016
EventType=2
Type=Error
ComputerName=win-dc-129.attackrange.local
User=NOT_TRANSLATED
Sid=S-1-5-21-2877418951-2973014272-3777907218-500
SidType=0
TaskCategory=None
OpCode=Info
RecordNumber=81988
Keywords=Classic
Message=The application-specific permission settings do not grant Local Activation permission for the COM Server application with CLSID 
{D63B10C5-BB46-4990-A94F-E40B9D520160}
 and APPID 
{9CA88EE3-ACB7-47C8-AFC4-AB702511C276}
 to the user ATTACKRANGE\Administrator SID (S-1-5-21-2877418951-2973014272-3777907218-500) from address LocalHost (Using LRPC) running in the application container Unavailable SID (Unavailable). This security permission can be modified using the Component Services administrative tool.
11/09/2020 09:03:14 AM
LogName=System
SourceName=Microsoft-Windows-Service Control Manager
EventCode=7036
EventType=4
Type=Information
ComputerName=win-dc-129.attackrange.local
TaskCategory=None
OpCode=The operation completed successfully.
RecordNumber=81989
Keywords=Classic
Message=The Windows Modules Installer service entered the running state.
11/09/2020 09:03:23 AM
LogName=System
SourceName=Microsoft-Windows-Service Control Manager
EventCode=7036
EventType=4
Type=Information
ComputerName=win-dc-129.attackrange.local
TaskCategory=None
OpCode=The operation completed successfully.
RecordNumber=81990
Keywords=Classic
Message=The msiserver service entered the running state.
11/09/2020 09:03:24 AM
LogName=System
SourceName=Microsoft-Windows-Service Control Manager
EventCode=7036
EventType=4
Type=Information
ComputerName=win-dc-129.attackrange.local
TaskCategory=None
OpCode=The operation completed successfully.
RecordNumber=81992
Keywords=Classic
Message=The NetSetupSvc service entered the stopped state.
11/09/2020 09:03:24 AM
LogName=System
SourceName=Microsoft-Windows-Service Control Manager
EventCode=7036
EventType=4
Type=Information
ComputerName=win-dc-129.attackrange.local
TaskCategory=None
OpCode=The operation completed successfully.
RecordNumber=81991
Keywords=Classic
Message=The WdiSystemHost service entered the running state.
11/09/2020 09:03:27 AM
LogName=System
SourceName=Microsoft-Windows-Service Control Manager
EventCode=7045
EventType=4
Type=Information
ComputerName=win-dc-129.attackrange.local
User=NOT_TRANSLATED
Sid=S-1-5-18
SidType=0
TaskCategory=None
OpCode=The operation completed successfully.
RecordNumber=81995
Keywords=Classic
Message=A service was installed in the system.

Service Name:  SplunkMonitorNoHandle
Service File Name:  system32\DRIVERS\SplunkMonitorNoHandleDrv.sys
Service Type:  kernel mode driver
Service Start Type:  demand start
Service Account:
11/09/2020 09:03:27 AM
LogName=System
SourceName=Microsoft-Windows-Service Control Manager
EventCode=7045
EventType=4
Type=Information
ComputerName=win-dc-129.attackrange.local
User=NOT_TRANSLATED
Sid=S-1-5-18
SidType=0
TaskCategory=None
OpCode=The operation completed successfully.
RecordNumber=81994
Keywords=Classic
Message=A service was installed in the system.

Service Name:  splknetdrv
Service File Name:  \SystemRoot\system32\DRIVERS\splknetdrv.sys
Service Type:  kernel mode driver
Service Start Type:  demand start
Service Account:
11/09/2020 09:03:27 AM
LogName=System
SourceName=Microsoft-Windows-Service Control Manager
EventCode=7045
EventType=4
Type=Information
ComputerName=win-dc-129.attackrange.local
User=NOT_TRANSLATED
Sid=S-1-5-18
SidType=0
TaskCategory=None
OpCode=The operation completed successfully.
RecordNumber=81993
Keywords=Classic
Message=A service was installed in the system.

Service Name:  Splunk Trace Kernel Mode Driver
Service File Name:  \SystemRoot\system32\DRIVERS\splunkdrv.sys
Service Type:  kernel mode driver
Service Start Type:  demand start
Service Account:
11/09/2020 09:03:30 AM
LogName=System
SourceName=Microsoft-Windows-Service Control Manager
EventCode=7045
EventType=4
Type=Information
ComputerName=win-dc-129.attackrange.local
User=NOT_TRANSLATED
Sid=S-1-5-18
SidType=0
TaskCategory=None
OpCode=The operation completed successfully.
RecordNumber=81996
Keywords=Classic
Message=A service was installed in the system.

Service Name:  SplunkForwarder Service
Service File Name:  "C:\Program Files\SplunkUniversalForwarder\bin\splunkd.exe" service
Service Type:  user mode service
Service Start Type:  auto start
Service Account:  LocalSystem
11/09/2020 09:03:42 AM
LogName=System
SourceName=Microsoft-Windows-Service Control Manager
EventCode=7036
EventType=4
Type=Information
ComputerName=win-dc-129.attackrange.local
TaskCategory=None
OpCode=The operation completed successfully.
RecordNumber=81997
Keywords=Classic
Message=The SplunkForwarder Service service entered the running state.
11/09/2020 09:04:13 AM
LogName=System
SourceName=Microsoft-Windows-Service Control Manager
EventCode=7045
EventType=4
Type=Information
ComputerName=win-dc-129.attackrange.local
User=NOT_TRANSLATED
Sid=S-1-5-18
SidType=0
TaskCategory=None
OpCode=The operation completed successfully.
RecordNumber=81998
Keywords=Classic
Message=A service was installed in the system.

Service Name:  nxlog
Service File Name:  "C:\Program Files (x86)\nxlog\nxlog.exe" -c "C:\Program Files (x86)\nxlog\conf\nxlog.conf"
Service Type:  user mode service
Service Start Type:  auto start
Service Account:  LocalSystem
11/09/2020 09:04:18 AM
LogName=System
SourceName=Microsoft-Windows-Service Control Manager
EventCode=7036
EventType=4
Type=Information
ComputerName=win-dc-129.attackrange.local
TaskCategory=None
OpCode=The operation completed successfully.
RecordNumber=81999
Keywords=Classic
Message=The nxlog service entered the running state.
11/09/2020 09:04:24 AM
LogName=System
SourceName=Microsoft-Windows-Service Control Manager
EventCode=7036
EventType=4
Type=Information
ComputerName=win-dc-129.attackrange.local
TaskCategory=None
OpCode=The operation completed successfully.
RecordNumber=82001
Keywords=Classic
Message=The SplunkForwarder Service service entered the stopped state.
11/09/2020 09:04:24 AM
LogName=System
SourceName=Microsoft-Windows-Service Control Manager
EventCode=7036
EventType=4
Type=Information
ComputerName=win-dc-129.attackrange.local
TaskCategory=None
OpCode=The operation completed successfully.
RecordNumber=82000
Keywords=Classic
Message=The SplunkForwarder Service service entered the stopped state.
11/09/2020 09:04:31 AM
LogName=System
SourceName=Microsoft-Windows-Service Control Manager
EventCode=7036
EventType=4
Type=Information
ComputerName=win-dc-129.attackrange.local
TaskCategory=None
OpCode=The operation completed successfully.
RecordNumber=82002
Keywords=Classic
Message=The SplunkForwarder Service service entered the running state.
11/09/2020 09:04:45 AM
LogName=System
SourceName=Microsoft-Windows-Service Control Manager
EventCode=7036
EventType=4
Type=Information
ComputerName=win-dc-129.attackrange.local
TaskCategory=None
OpCode=The operation completed successfully.
RecordNumber=82003
Keywords=Classic
Message=The AppX Deployment Service (AppXSVC) service entered the running state.
11/09/2020 09:04:57 AM
LogName=System
SourceName=Microsoft-Windows-Service Control Manager
EventCode=7036
EventType=4
Type=Information
ComputerName=win-dc-129.attackrange.local
TaskCategory=None
OpCode=The operation completed successfully.
RecordNumber=82007
Keywords=Classic
Message=The sysmon64 service entered the running state.
11/09/2020 09:04:57 AM
LogName=System
SourceName=Microsoft-Windows-FilterManager
EventCode=6
EventType=4
Type=Information
ComputerName=win-dc-129.attackrange.local
User=NOT_TRANSLATED
Sid=S-1-5-18
SidType=0
TaskCategory=None
OpCode=Info
RecordNumber=82006
Keywords=None
Message=File System Filter 'SysmonDrv' (0.0, ‎2020‎-‎11‎-‎04T10:48:06.000000000Z) has successfully loaded and registered with Filter Manager.
11/09/2020 09:04:57 AM
LogName=System
SourceName=Microsoft-Windows-Service Control Manager
EventCode=7045
EventType=4
Type=Information
ComputerName=win-dc-129.attackrange.local
User=NOT_TRANSLATED
Sid=S-1-5-21-2877418951-2973014272-3777907218-500
SidType=0
TaskCategory=None
OpCode=The operation completed successfully.
RecordNumber=82005
Keywords=Classic
Message=A service was installed in the system.

Service Name:  SysmonDrv
Service File Name:  C:\Windows\SysmonDrv.sys
Service Type:  kernel mode driver
Service Start Type:  boot start
Service Account:
11/09/2020 09:04:57 AM
LogName=System
SourceName=Microsoft-Windows-Service Control Manager
EventCode=7045
EventType=4
Type=Information
ComputerName=win-dc-129.attackrange.local
User=NOT_TRANSLATED
Sid=S-1-5-21-2877418951-2973014272-3777907218-500
SidType=0
TaskCategory=None
OpCode=The operation completed successfully.
RecordNumber=82004
Keywords=Classic
Message=A service was installed in the system.

Service Name:  sysmon64
Service File Name:  C:\Windows\sysmon64.exe
Service Type:  user mode service
Service Start Type:  auto start
Service Account:  LocalSystem
11/09/2020 09:05:03 AM
LogName=System
SourceName=User32
EventCode=1074
EventType=4
Type=Information
ComputerName=win-dc-129.attackrange.local
User=NOT_TRANSLATED
Sid=S-1-5-21-2877418951-2973014272-3777907218-500
SidType=0
TaskCategory=None
OpCode=The operation completed successfully.
RecordNumber=82008
Keywords=Classic
Message=The process C:\Windows\system32\shutdown.exe (WIN-DC-129) has initiated the restart of computer WIN-DC-129 on behalf of user ATTACKRANGE\Administrator for the following reason: No title for this reason could be found
 Reason Code: 0x800000ff
 Shutdown Type: restart
 Comment: Reboot initiated by Ansible
11/09/2020 09:05:05 AM
LogName=System
SourceName=Microsoft-Windows-Service Control Manager
EventCode=7036
EventType=4
Type=Information
ComputerName=win-dc-129.attackrange.local
TaskCategory=None
OpCode=The operation completed successfully.
RecordNumber=82047
Keywords=Classic
Message=The Task Scheduler service entered the stopped state.
11/09/2020 09:05:05 AM
LogName=System
SourceName=Microsoft-Windows-Service Control Manager
EventCode=7036
EventType=4
Type=Information
ComputerName=win-dc-129.attackrange.local
TaskCategory=None
OpCode=The operation completed successfully.
RecordNumber=82046
Keywords=Classic
Message=The Windows Update service entered the stopped state.
11/09/2020 09:05:05 AM
LogName=System
SourceName=Microsoft-Windows-Service Control Manager
EventCode=7036
EventType=4
Type=Information
ComputerName=win-dc-129.attackrange.local
TaskCategory=None
OpCode=The operation completed successfully.
RecordNumber=82045
Keywords=Classic
Message=The Remote Desktop Services service entered the stopped state.
11/09/2020 09:05:05 AM
LogName=System
SourceName=Microsoft-Windows-Service Control Manager
EventCode=7036
EventType=4
Type=Information
ComputerName=win-dc-129.attackrange.local
TaskCategory=None
OpCode=The operation completed successfully.
RecordNumber=82044
Keywords=Classic
Message=The Cryptographic Services service entered the stopped state.
11/09/2020 09:05:05 AM
LogName=System
SourceName=Microsoft-Windows-Service Control Manager
EventCode=7036
EventType=4
Type=Information
ComputerName=win-dc-129.attackrange.local
TaskCategory=None
OpCode=The operation completed successfully.
RecordNumber=82043
Keywords=Classic
Message=The DNS Server service entered the stopped state.
11/09/2020 09:05:05 AM
LogName=System
SourceName=Microsoft-Windows-Service Control Manager
EventCode=7036
EventType=4
Type=Information
ComputerName=win-dc-129.attackrange.local
TaskCategory=None
OpCode=The operation completed successfully.
RecordNumber=82042
Keywords=Classic
Message=The Windows Event Log service entered the stopped state.
11/09/2020 09:05:05 AM
LogName=System
SourceName=Microsoft-Windows-Service Control Manager
EventCode=7036
EventType=4
Type=Information
ComputerName=win-dc-129.attackrange.local
TaskCategory=None
OpCode=The operation completed successfully.
RecordNumber=82041
Keywords=Classic
Message=The Windows Connection Manager service entered the stopped state.
11/09/2020 09:05:05 AM
LogName=System
SourceName=Microsoft-Windows-Service Control Manager
EventCode=7036
EventType=4
Type=Information
ComputerName=win-dc-129.attackrange.local
TaskCategory=None
OpCode=The operation completed successfully.
RecordNumber=82040
Keywords=Classic
Message=The Windows Remote Management (WS-Management) service entered the stopped state.
11/09/2020 09:05:05 AM
LogName=System
SourceName=Microsoft-Windows-Service Control Manager
EventCode=7036
EventType=4
Type=Information
ComputerName=win-dc-129.attackrange.local
TaskCategory=None
OpCode=The operation completed successfully.
RecordNumber=82039
Keywords=Classic
Message=The State Repository Service service entered the stopped state.
11/09/2020 09:05:05 AM
LogName=System
SourceName=Microsoft-Windows-Service Control Manager
EventCode=7036
EventType=4
Type=Information
ComputerName=win-dc-129.attackrange.local
TaskCategory=None
OpCode=The operation completed successfully.
RecordNumber=82038
Keywords=Classic
Message=The Virtual Disk service entered the stopped state.
11/09/2020 09:05:05 AM
LogName=System
SourceName=Microsoft-Windows-Service Control Manager
EventCode=7036
EventType=4
Type=Information
ComputerName=win-dc-129.attackrange.local
TaskCategory=None
OpCode=The operation completed successfully.
RecordNumber=82037
Keywords=Classic
Message=The Windows Installer service entered the stopped state.
11/09/2020 09:05:05 AM
LogName=System
SourceName=Microsoft-Windows-Service Control Manager
EventCode=7036
EventType=4
Type=Information
ComputerName=win-dc-129.attackrange.local
TaskCategory=None
OpCode=The operation completed successfully.
RecordNumber=82036
Keywords=Classic
Message=The Microsoft Software Shadow Copy Provider service entered the stopped state.
11/09/2020 09:05:05 AM
LogName=System
SourceName=Microsoft-Windows-Service Control Manager
EventCode=7036
EventType=4
Type=Information
ComputerName=win-dc-129.attackrange.local
TaskCategory=None
OpCode=The operation completed successfully.
RecordNumber=82035
Keywords=Classic
Message=The Windows Management Instrumentation service entered the stopped state.
11/09/2020 09:05:05 AM
LogName=System
SourceName=Microsoft-Windows-Service Control Manager
EventCode=7036
EventType=4
Type=Information
ComputerName=win-dc-129.attackrange.local
TaskCategory=None
OpCode=The operation completed successfully.
RecordNumber=82034
Keywords=Classic
Message=The Distributed Transaction Coordinator service entered the stopped state.
11/09/2020 09:05:05 AM
LogName=System
SourceName=Microsoft-Windows-Service Control Manager
EventCode=7036
EventType=4
Type=Information
ComputerName=win-dc-129.attackrange.local
TaskCategory=None
OpCode=The operation completed successfully.
RecordNumber=82033
Keywords=Classic
Message=The Diagnostic Policy Service service entered the stopped state.
11/09/2020 09:05:05 AM
LogName=System
SourceName=Microsoft-Windows-Service Control Manager
EventCode=7036
EventType=4
Type=Information
ComputerName=win-dc-129.attackrange.local
TaskCategory=None
OpCode=The operation completed successfully.
RecordNumber=82032
Keywords=Classic
Message=The Intersite Messaging service entered the stopped state.
11/09/2020 09:05:05 AM
LogName=System
SourceName=Microsoft-Windows-Service Control Manager
EventCode=7036
EventType=4
Type=Information
ComputerName=win-dc-129.attackrange.local
TaskCategory=None
OpCode=The operation completed successfully.
RecordNumber=82031
Keywords=Classic
Message=The Windows Font Cache Service service entered the stopped state.
11/09/2020 09:05:05 AM
LogName=System
SourceName=Microsoft-Windows-Service Control Manager
EventCode=7036
EventType=4
Type=Information
ComputerName=win-dc-129.attackrange.local
TaskCategory=None
OpCode=The operation completed successfully.
RecordNumber=82030
Keywords=Classic
Message=The AWS Lite Guest Agent service entered the stopped state.
11/09/2020 09:05:05 AM
LogName=System
SourceName=Microsoft-Windows-Service Control Manager
EventCode=7036
EventType=4
Type=Information
ComputerName=win-dc-129.attackrange.local
TaskCategory=None
OpCode=The operation completed successfully.
RecordNumber=82029
Keywords=Classic
Message=The Remote Desktop Services UserMode Port Redirector service entered the stopped state.
11/09/2020 09:05:05 AM
LogName=System
SourceName=Microsoft-Windows-Service Control Manager
EventCode=7036
EventType=4
Type=Information
ComputerName=win-dc-129.attackrange.local
TaskCategory=None
OpCode=The operation completed successfully.
RecordNumber=82028
Keywords=Classic
Message=The AppX Deployment Service (AppXSVC) service entered the stopped state.
11/09/2020 09:05:05 AM
LogName=System
SourceName=Microsoft-Windows-Service Control Manager
EventCode=7036
EventType=4
Type=Information
ComputerName=win-dc-129.attackrange.local
TaskCategory=None
OpCode=The operation completed successfully.
RecordNumber=82027
Keywords=Classic
Message=The User Profile Service service entered the stopped state.
11/09/2020 09:05:05 AM
LogName=System
SourceName=Microsoft-Windows-Service Control Manager
EventCode=7036
EventType=4
Type=Information
ComputerName=win-dc-129.attackrange.local
TaskCategory=None
OpCode=The operation completed successfully.
RecordNumber=82026
Keywords=Classic
Message=The Diagnostic System Host service entered the stopped state.
11/09/2020 09:05:05 AM
LogName=System
SourceName=Microsoft-Windows-Service Control Manager
EventCode=7036
EventType=4
Type=Information
ComputerName=win-dc-129.attackrange.local
TaskCategory=None
OpCode=The operation completed successfully.
RecordNumber=82025
Keywords=Classic
Message=The Windows Time service entered the stopped state.
11/09/2020 09:05:05 AM
LogName=System
SourceName=Microsoft-Windows-Service Control Manager
EventCode=7036
EventType=4
Type=Information
ComputerName=win-dc-129.attackrange.local
TaskCategory=None
OpCode=The operation completed successfully.
RecordNumber=82024
Keywords=Classic
Message=The IPsec Policy Agent service entered the stopped state.
11/09/2020 09:05:05 AM
LogName=System
SourceName=Microsoft-Windows-Kernel-General
EventCode=1
EventType=4
Type=Information
ComputerName=win-dc-129.attackrange.local
User=NOT_TRANSLATED
Sid=S-1-5-19
SidType=0
TaskCategory=5
OpCode=Info
RecordNumber=82023
Keywords=Time
Message=The system time has changed to ‎2020‎-‎11‎-‎09T09:05:05.499000000Z from ‎2020‎-‎11‎-‎09T09:05:05.511009600Z.

Change Reason: An application or system component changed the time.
11/09/2020 09:05:05 AM
LogName=System
SourceName=Microsoft-Windows-Service Control Manager
EventCode=7036
EventType=4
Type=Information
ComputerName=win-dc-129.attackrange.local
TaskCategory=None
OpCode=The operation completed successfully.
RecordNumber=82022
Keywords=Classic
Message=The DHCP Client service entered the stopped state.
11/09/2020 09:05:05 AM
LogName=System
SourceName=Microsoft-Windows-Service Control Manager
EventCode=7036
EventType=4
Type=Information
ComputerName=win-dc-129.attackrange.local
TaskCategory=None
OpCode=The operation completed successfully.
RecordNumber=82021
Keywords=Classic
Message=The Amazon SSM Agent service entered the stopped state.
11/09/2020 09:05:05 AM
LogName=System
SourceName=Microsoft-Windows-Service Control Manager
EventCode=7036
EventType=4
Type=Information
ComputerName=win-dc-129.attackrange.local
TaskCategory=None
OpCode=The operation completed successfully.
RecordNumber=82020
Keywords=Classic
Message=The Active Directory Web Services service entered the stopped state.
11/09/2020 09:05:05 AM
LogName=System
SourceName=Microsoft-Windows-Service Control Manager
EventCode=7036
EventType=4
Type=Information
ComputerName=win-dc-129.attackrange.local
TaskCategory=None
OpCode=The operation completed successfully.
RecordNumber=82019
Keywords=Classic
Message=The Certificate Propagation service entered the stopped state.
11/09/2020 09:05:05 AM
LogName=System
SourceName=Microsoft-Windows-Service Control Manager
EventCode=7036
EventType=4
Type=Information
ComputerName=win-dc-129.attackrange.local
TaskCategory=None
OpCode=The operation completed successfully.
RecordNumber=82018
Keywords=Classic
Message=The Program Compatibility Assistant Service service entered the stopped state.
11/09/2020 09:05:05 AM
LogName=System
SourceName=Microsoft-Windows-Dhcp-Client
EventCode=50037
EventType=4
Type=Information
ComputerName=win-dc-129.attackrange.local
User=NOT_TRANSLATED
Sid=S-1-5-19
SidType=0
TaskCategory=Service State Event
OpCode=ServiceStop
RecordNumber=82017
Keywords=None
Message=DHCPv4 client service is stopped. ShutDown Flag value is 1
11/09/2020 09:05:05 AM
LogName=System
SourceName=Microsoft-Windows-DHCPv6-Client
EventCode=51047
EventType=4
Type=Information
ComputerName=win-dc-129.attackrange.local
User=NOT_TRANSLATED
Sid=S-1-5-19
SidType=0
TaskCategory=Service State Event
OpCode=ServiceStop
RecordNumber=82016
Keywords=None
Message=DHCPv6 client service is stopped. ShutDown Flag value is 1
11/09/2020 09:05:05 AM
LogName=System
SourceName=Microsoft-Windows-Service Control Manager
EventCode=7036
EventType=4
Type=Information
ComputerName=win-dc-129.attackrange.local
TaskCategory=None
OpCode=The operation completed successfully.
RecordNumber=82015
Keywords=Classic
Message=The Plug and Play service entered the stopped state.
11/09/2020 09:05:05 AM
LogName=System
SourceName=Microsoft-Windows-Service Control Manager
EventCode=7036
EventType=4
Type=Information
ComputerName=win-dc-129.attackrange.local
TaskCategory=None
OpCode=The operation completed successfully.
RecordNumber=82014
Keywords=Classic
Message=The User Access Logging Service service entered the stopped state.
11/09/2020 09:05:05 AM
LogName=System
SourceName=Microsoft-Windows-Service Control Manager
EventCode=7036
EventType=4
Type=Information
ComputerName=win-dc-129.attackrange.local
TaskCategory=None
OpCode=The operation completed successfully.
RecordNumber=82013
Keywords=Classic
Message=The Tile Data model server service entered the stopped state.
11/09/2020 09:05:05 AM
LogName=System
SourceName=Microsoft-Windows-Service Control Manager
EventCode=7036
EventType=4
Type=Information
ComputerName=win-dc-129.attackrange.local
TaskCategory=None
OpCode=The operation completed successfully.
RecordNumber=82012
Keywords=Classic
Message=The Windows Modules Installer service entered the stopped state.
11/09/2020 09:05:05 AM
LogName=System
SourceName=Microsoft-Windows-Service Control Manager
EventCode=7036
EventType=4
Type=Information
ComputerName=win-dc-129.attackrange.local
TaskCategory=None
OpCode=The operation completed successfully.
RecordNumber=82011
Keywords=Classic
Message=The Group Policy Client service entered the stopped state.
11/09/2020 09:05:05 AM
LogName=System
SourceName=EventLog
EventCode=6006
EventType=4
Type=Information
ComputerName=win-dc-129.attackrange.local
TaskCategory=None
OpCode=None
RecordNumber=82010
Keywords=Classic
Message=The Event log service was stopped.
11/09/2020 09:05:05 AM
LogName=System
SourceName=Microsoft-Windows-Windows Remote Management
EventCode=10149
EventType=3
Type=Warning
ComputerName=win-dc-129.attackrange.local
TaskCategory=None
OpCode=Info
RecordNumber=82009
Keywords=Classic
Message=The WinRM service is not listening for WS-Management requests. 

 User Action 
 If you did not intentionally stop the service, use the following command to see the WinRM configuration: 

 winrm enumerate winrm/config/listener
11/09/2020 09:05:06 AM
LogName=System
SourceName=Microsoft-Windows-Service Control Manager
EventCode=7036
EventType=4
Type=Information
ComputerName=win-dc-129.attackrange.local
TaskCategory=None
OpCode=The operation completed successfully.
RecordNumber=82049
Keywords=Classic
Message=The nxlog service entered the stopped state.
11/09/2020 09:05:06 AM
LogName=System
SourceName=Microsoft-Windows-Service Control Manager
EventCode=7036
EventType=4
Type=Information
ComputerName=win-dc-129.attackrange.local
TaskCategory=None
OpCode=The operation completed successfully.
RecordNumber=82048
Keywords=Classic
Message=The DFS Replication service entered the stopped state.
11/09/2020 09:05:07 AM
LogName=System
SourceName=Microsoft-Windows-Service Control Manager
EventCode=7036
EventType=4
Type=Information
ComputerName=win-dc-129.attackrange.local
TaskCategory=None
OpCode=The operation completed successfully.
RecordNumber=82055
Keywords=Classic
Message=The SplunkForwarder Service service entered the stopped state.
11/09/2020 09:05:07 AM
LogName=System
SourceName=Microsoft-Windows-Service Control Manager
EventCode=7036
EventType=4
Type=Information
ComputerName=win-dc-129.attackrange.local
TaskCategory=None
OpCode=The operation completed successfully.
RecordNumber=82054
Keywords=Classic
Message=The SplunkForwarder Service service entered the stopped state.
11/09/2020 09:05:07 AM
LogName=System
SourceName=Microsoft-Windows-Service Control Manager
EventCode=7036
EventType=4
Type=Information
ComputerName=win-dc-129.attackrange.local
TaskCategory=None
OpCode=The operation completed successfully.
RecordNumber=82053
Keywords=Classic
Message=The Active Directory Domain Services service entered the stopped state.
11/09/2020 09:05:08 AM
LogName=System
SourceName=Microsoft-Windows-DNS Client Events
EventCode=1014
EventType=3
Type=Warning
ComputerName=win-dc-129.attackrange.local
User=NOT_TRANSLATED
Sid=S-1-5-20
SidType=0
TaskCategory=1014
OpCode=Info
RecordNumber=82056
Keywords=None
Message=Name resolution for the name 255.1.0.10.in-addr.arpa. timed out after none of the configured DNS servers responded.
11/09/2020 09:05:10 AM
LogName=System
SourceName=Microsoft-Windows-Kernel-General
EventCode=13
EventType=4
Type=Information
ComputerName=win-dc-129.attackrange.local
TaskCategory=2
OpCode=Info
RecordNumber=82058
Keywords=None
Message=The operating system is shutting down at system time ‎2020‎-‎11‎-‎09T09:05:10.774614600Z.
11/09/2020 09:05:10 AM
LogName=System
SourceName=Microsoft-Windows-Kernel-Power
EventCode=109
EventType=4
Type=Information
ComputerName=win-dc-129.attackrange.local
TaskCategory=103
OpCode=Info
RecordNumber=82057
Keywords=None
Message=The kernel power manager has initiated a shutdown transition.

Shutdown Reason: Kernel API
11/09/2020 09:05:32 AM
LogName=System
SourceName=Microsoft-Windows-Kernel-Boot
EventCode=32
EventType=4
Type=Information
ComputerName=win-dc-129.attackrange.local
User=NOT_TRANSLATED
Sid=S-1-5-18
SidType=0
TaskCategory=None
OpCode=Info
RecordNumber=82065
Keywords=None
Message=The bootmgr spent 0 ms waiting for user input.
11/09/2020 09:05:32 AM
LogName=System
SourceName=Microsoft-Windows-Kernel-Boot
EventCode=18
EventType=4
Type=Information
ComputerName=win-dc-129.attackrange.local
User=NOT_TRANSLATED
Sid=S-1-5-18
SidType=0
TaskCategory=None
OpCode=Info
RecordNumber=82064
Keywords=None
Message=There are 0x1 boot options on this system.
11/09/2020 09:05:32 AM
LogName=System
SourceName=Microsoft-Windows-Kernel-Boot
EventCode=25
EventType=4
Type=Information
ComputerName=win-dc-129.attackrange.local
User=NOT_TRANSLATED
Sid=S-1-5-18
SidType=0
TaskCategory=32
OpCode=Info
RecordNumber=82063
Keywords=None
Message=The boot menu policy was 0x0.
11/09/2020 09:05:32 AM
LogName=System
SourceName=Microsoft-Windows-Kernel-Boot
EventCode=27
EventType=4
Type=Information
ComputerName=win-dc-129.attackrange.local
User=NOT_TRANSLATED
Sid=S-1-5-18
SidType=0
TaskCategory=33
OpCode=Info
RecordNumber=82062
Keywords=None
Message=The boot type was 0x0.
11/09/2020 09:05:32 AM
LogName=System
SourceName=Microsoft-Windows-Kernel-Boot
EventCode=20
EventType=4
Type=Information
ComputerName=win-dc-129.attackrange.local
User=NOT_TRANSLATED
Sid=S-1-5-18
SidType=0
TaskCategory=31
OpCode=Info
RecordNumber=82061
Keywords=None
Message=The last shutdown's success status was true. The last boot's success status was true.
11/09/2020 09:05:32 AM
LogName=System
SourceName=Microsoft-Windows-Kernel-Boot
EventCode=153
EventType=4
Type=Information
ComputerName=win-dc-129.attackrange.local
User=NOT_TRANSLATED
Sid=S-1-5-18
SidType=0
TaskCategory=None
OpCode=Info
RecordNumber=82060
Keywords=None
Message=The Virtualization Based Security (policies: 0) is disabled with status STATUS_SUCCESS.
11/09/2020 09:05:32 AM
LogName=System
SourceName=Microsoft-Windows-Kernel-General
EventCode=12
EventType=4
Type=Information
ComputerName=win-dc-129.attackrange.local
User=NOT_TRANSLATED
Sid=S-1-5-18
SidType=0
TaskCategory=1
OpCode=Info
RecordNumber=82059
Keywords=None
Message=The operating system started at system time ‎2020‎-‎11‎-‎09T09:05:32.486368400Z.
11/09/2020 09:05:36 AM
LogName=System
SourceName=Microsoft-Windows-Kernel-Processor-Power
EventCode=55
EventType=4
Type=Information
ComputerName=win-dc-129.attackrange.local
User=NOT_TRANSLATED
Sid=S-1-5-18
SidType=0
TaskCategory=47
OpCode=Info
RecordNumber=82081
Keywords=None
Message=Processor 7 in group 0 exposes the following power management capabilities:

Idle state type: ACPI Idle (C) States (1 state(s))

Performance state type: None
Nominal Frequency (MHz): 2300
Maximum performance percentage: 100
Minimum performance percentage: 100
Minimum throttle percentage: 100
11/09/2020 09:05:36 AM
LogName=System
SourceName=Microsoft-Windows-Kernel-Processor-Power
EventCode=55
EventType=4
Type=Information
ComputerName=win-dc-129.attackrange.local
User=NOT_TRANSLATED
Sid=S-1-5-18
SidType=0
TaskCategory=47
OpCode=Info
RecordNumber=82080
Keywords=None
Message=Processor 6 in group 0 exposes the following power management capabilities:

Idle state type: ACPI Idle (C) States (1 state(s))

Performance state type: None
Nominal Frequency (MHz): 2300
Maximum performance percentage: 100
Minimum performance percentage: 100
Minimum throttle percentage: 100
11/09/2020 09:05:36 AM
LogName=System
SourceName=Microsoft-Windows-Kernel-Processor-Power
EventCode=55
EventType=4
Type=Information
ComputerName=win-dc-129.attackrange.local
User=NOT_TRANSLATED
Sid=S-1-5-18
SidType=0
TaskCategory=47
OpCode=Info
RecordNumber=82079
Keywords=None
Message=Processor 5 in group 0 exposes the following power management capabilities:

Idle state type: ACPI Idle (C) States (1 state(s))

Performance state type: None
Nominal Frequency (MHz): 2300
Maximum performance percentage: 100
Minimum performance percentage: 100
Minimum throttle percentage: 100
11/09/2020 09:05:36 AM
LogName=System
SourceName=Microsoft-Windows-Kernel-Processor-Power
EventCode=55
EventType=4
Type=Information
ComputerName=win-dc-129.attackrange.local
User=NOT_TRANSLATED
Sid=S-1-5-18
SidType=0
TaskCategory=47
OpCode=Info
RecordNumber=82078
Keywords=None
Message=Processor 4 in group 0 exposes the following power management capabilities:

Idle state type: ACPI Idle (C) States (1 state(s))

Performance state type: None
Nominal Frequency (MHz): 2300
Maximum performance percentage: 100
Minimum performance percentage: 100
Minimum throttle percentage: 100
11/09/2020 09:05:36 AM
LogName=System
SourceName=Microsoft-Windows-Kernel-Processor-Power
EventCode=55
EventType=4
Type=Information
ComputerName=win-dc-129.attackrange.local
User=NOT_TRANSLATED
Sid=S-1-5-18
SidType=0
TaskCategory=47
OpCode=Info
RecordNumber=82077
Keywords=None
Message=Processor 3 in group 0 exposes the following power management capabilities:

Idle state type: ACPI Idle (C) States (1 state(s))

Performance state type: None
Nominal Frequency (MHz): 2300
Maximum performance percentage: 100
Minimum performance percentage: 100
Minimum throttle percentage: 100
11/09/2020 09:05:36 AM
LogName=System
SourceName=Microsoft-Windows-Kernel-Processor-Power
EventCode=55
EventType=4
Type=Information
ComputerName=win-dc-129.attackrange.local
User=NOT_TRANSLATED
Sid=S-1-5-18
SidType=0
TaskCategory=47
OpCode=Info
RecordNumber=82076
Keywords=None
Message=Processor 2 in group 0 exposes the following power management capabilities:

Idle state type: ACPI Idle (C) States (1 state(s))

Performance state type: None
Nominal Frequency (MHz): 2300
Maximum performance percentage: 100
Minimum performance percentage: 100
Minimum throttle percentage: 100
11/09/2020 09:05:36 AM
LogName=System
SourceName=Microsoft-Windows-Kernel-Processor-Power
EventCode=55
EventType=4
Type=Information
ComputerName=win-dc-129.attackrange.local
User=NOT_TRANSLATED
Sid=S-1-5-18
SidType=0
TaskCategory=47
OpCode=Info
RecordNumber=82075
Keywords=None
Message=Processor 1 in group 0 exposes the following power management capabilities:

Idle state type: ACPI Idle (C) States (1 state(s))

Performance state type: None
Nominal Frequency (MHz): 2300
Maximum performance percentage: 100
Minimum performance percentage: 100
Minimum throttle percentage: 100
11/09/2020 09:05:36 AM
LogName=System
SourceName=Microsoft-Windows-Kernel-Processor-Power
EventCode=55
EventType=4
Type=Information
ComputerName=win-dc-129.attackrange.local
User=NOT_TRANSLATED
Sid=S-1-5-18
SidType=0
TaskCategory=47
OpCode=Info
RecordNumber=82074
Keywords=None
Message=Processor 0 in group 0 exposes the following power management capabilities:

Idle state type: ACPI Idle (C) States (1 state(s))

Performance state type: None
Nominal Frequency (MHz): 2300
Maximum performance percentage: 100
Minimum performance percentage: 100
Minimum throttle percentage: 100
11/09/2020 09:05:36 AM
LogName=System
SourceName=Microsoft-Windows-Kernel-Power
EventCode=172
EventType=4
Type=Information
ComputerName=win-dc-129.attackrange.local
User=NOT_TRANSLATED
Sid=S-1-5-18
SidType=0
TaskCategory=203
OpCode=Info
RecordNumber=82073
Keywords=None
Message=Connectivity state in standby: Disconnected, Reason: NIC compliance
11/09/2020 09:05:36 AM
LogName=System
SourceName=Microsoft-Windows-FilterManager
EventCode=6
EventType=4
Type=Information
ComputerName=win-dc-129.attackrange.local
User=NOT_TRANSLATED
Sid=S-1-5-18
SidType=0
TaskCategory=None
OpCode=Info
RecordNumber=82072
Keywords=None
Message=File System Filter 'npsvctrig' (10.0, ‎2016‎-‎07‎-‎16T02:28:33.000000000Z) has successfully loaded and registered with Filter Manager.
11/09/2020 09:05:36 AM
LogName=System
SourceName=Microsoft-Windows-FilterManager
EventCode=6
EventType=4
Type=Information
ComputerName=win-dc-129.attackrange.local
User=NOT_TRANSLATED
Sid=S-1-5-18
SidType=0
TaskCategory=None
OpCode=Info
RecordNumber=82071
Keywords=None
Message=File System Filter 'DfsDriver' (10.0, ‎2016‎-‎07‎-‎16T02:21:37.000000000Z) has successfully loaded and registered with Filter Manager.
11/09/2020 09:05:36 AM
LogName=System
SourceName=Microsoft-Windows-FilterManager
EventCode=6
EventType=4
Type=Information
ComputerName=win-dc-129.attackrange.local
User=NOT_TRANSLATED
Sid=S-1-5-18
SidType=0
TaskCategory=None
OpCode=Info
RecordNumber=82070
Keywords=None
Message=File System Filter 'FileCrypt' (10.0, ‎2018‎-‎08‎-‎30T20:44:27.000000000Z) has successfully loaded and registered with Filter Manager.
11/09/2020 09:05:36 AM
LogName=System
SourceName=Microsoft-Windows-Ntfs
EventCode=98
EventType=4
Type=Information
ComputerName=win-dc-129.attackrange.local
User=NOT_TRANSLATED
Sid=S-1-5-18
SidType=0
TaskCategory=None
OpCode=Info
RecordNumber=82069
Keywords=None
Message=Volume C: (\Device\HarddiskVolume1) is healthy.  No action is needed.
11/09/2020 09:05:36 AM
LogName=System
SourceName=Microsoft-Windows-FilterManager
EventCode=6
EventType=4
Type=Information
ComputerName=win-dc-129.attackrange.local
User=NOT_TRANSLATED
Sid=S-1-5-18
SidType=0
TaskCategory=None
OpCode=Info
RecordNumber=82068
Keywords=None
Message=File System Filter 'SysmonDrv' (0.0, ‎2020‎-‎11‎-‎04T10:48:06.000000000Z) has successfully loaded and registered with Filter Manager.
11/09/2020 09:05:36 AM
LogName=System
SourceName=Microsoft-Windows-FilterManager
EventCode=6
EventType=4
Type=Information
ComputerName=win-dc-129.attackrange.local
User=NOT_TRANSLATED
Sid=S-1-5-18
SidType=0
TaskCategory=None
OpCode=Info
RecordNumber=82067
Keywords=None
Message=File System Filter 'DfsrRo' (10.0, ‎2016‎-‎07‎-‎16T02:20:37.000000000Z) has successfully loaded and registered with Filter Manager.
11/09/2020 09:05:36 AM
LogName=System
SourceName=Microsoft-Windows-FilterManager
EventCode=6
EventType=4
Type=Information
ComputerName=win-dc-129.attackrange.local
User=NOT_TRANSLATED
Sid=S-1-5-18
SidType=0
TaskCategory=None
OpCode=Info
RecordNumber=82066
Keywords=None
Message=File System Filter 'Wof' (10.0, ‎2019‎-‎09‎-‎29T22:52:46.000000000Z) has successfully loaded and registered with Filter Manager.
11/09/2020 09:05:37 AM
LogName=System
SourceName=Microsoft-Windows-Directory-Services-SAM
EventCode=16962
EventType=4
Type=Information
ComputerName=win-dc-129.attackrange.local
User=NOT_TRANSLATED
Sid=S-1-5-18
SidType=0
TaskCategory=None
OpCode=Info
RecordNumber=82083
Keywords=None
Message=Remote calls to the SAM database are being restricted using the default security descriptor: .
For more information please see http://go.microsoft.com/fwlink/?LinkId=787651.
11/09/2020 09:05:37 AM
LogName=System
SourceName=Microsoft-Windows-Wininit
EventCode=14
EventType=4
Type=Information
ComputerName=win-dc-129.attackrange.local
User=NOT_TRANSLATED
Sid=S-1-5-18
SidType=0
TaskCategory=None
OpCode=Info
RecordNumber=82082
Keywords=None
Message=Credential Guard (LsaIso.exe) configuration: 0x0, 0
11/09/2020 09:05:39 AM
LogName=System
SourceName=Microsoft-Windows-Iphlpsvc
EventCode=4200
EventType=4
Type=Information
ComputerName=win-dc-129.attackrange.local
User=NOT_TRANSLATED
Sid=S-1-5-18
SidType=0
TaskCategory=None
OpCode=Info
RecordNumber=82135
Keywords=None
Message=Isatap interface isatap.eu-central-1.compute.internal with address fe80::5efe:10.0.1.14 has been brought up.
11/09/2020 09:05:39 AM
LogName=System
SourceName=Microsoft-Windows-Service Control Manager
EventCode=7036
EventType=4
Type=Information
ComputerName=win-dc-129.attackrange.local
TaskCategory=None
OpCode=The operation completed successfully.
RecordNumber=82134
Keywords=Classic
Message=The NetSetupSvc service entered the running state.
11/09/2020 09:05:39 AM
LogName=System
SourceName=Microsoft-Windows-Service Control Manager
EventCode=7036
EventType=4
Type=Information
ComputerName=win-dc-129.attackrange.local
TaskCategory=None
OpCode=The operation completed successfully.
RecordNumber=82133
Keywords=Classic
Message=The UserManager service entered the running state.
11/09/2020 09:05:39 AM
LogName=System
SourceName=Microsoft-Windows-Service Control Manager
EventCode=7036
EventType=4
Type=Information
ComputerName=win-dc-129.attackrange.local
TaskCategory=None
OpCode=The operation completed successfully.
RecordNumber=82132
Keywords=Classic
Message=The TimeBrokerSvc service entered the running state.
11/09/2020 09:05:39 AM
LogName=System
SourceName=Microsoft-Windows-Service Control Manager
EventCode=7036
EventType=4
Type=Information
ComputerName=win-dc-129.attackrange.local
TaskCategory=None
OpCode=The operation completed successfully.
RecordNumber=82131
Keywords=Classic
Message=The MpsSvc service entered the running state.
11/09/2020 09:05:39 AM
LogName=System
SourceName=Microsoft-Windows-Service Control Manager
EventCode=7036
EventType=4
Type=Information
ComputerName=win-dc-129.attackrange.local
TaskCategory=None
OpCode=The operation completed successfully.
RecordNumber=82130
Keywords=Classic
Message=The NcaSvc service entered the stopped state.
11/09/2020 09:05:39 AM
LogName=System
SourceName=Microsoft-Windows-Service Control Manager
EventCode=7036
EventType=4
Type=Information
ComputerName=win-dc-129.attackrange.local
TaskCategory=None
OpCode=The operation completed successfully.
RecordNumber=82129
Keywords=Classic
Message=The iphlpsvc service entered the running state.
11/09/2020 09:05:39 AM
LogName=System
SourceName=Microsoft-Windows-Service Control Manager
EventCode=7036
EventType=4
Type=Information
ComputerName=win-dc-129.attackrange.local
TaskCategory=None
OpCode=The operation completed successfully.
RecordNumber=82128
Keywords=Classic
Message=The Schedule service entered the running state.
11/09/2020 09:05:39 AM
LogName=System
SourceName=Microsoft-Windows-Service Control Manager
EventCode=7036
EventType=4
Type=Information
ComputerName=win-dc-129.attackrange.local
TaskCategory=None
OpCode=The operation completed successfully.
RecordNumber=82127
Keywords=Classic
Message=The SessionEnv service entered the running state.
11/09/2020 09:05:39 AM
LogName=System
SourceName=Microsoft-Windows-Service Control Manager
EventCode=7036
EventType=4
Type=Information
ComputerName=win-dc-129.attackrange.local
TaskCategory=None
OpCode=The operation completed successfully.
RecordNumber=82126
Keywords=Classic
Message=The Winmgmt service entered the running state.
11/09/2020 09:05:39 AM
LogName=System
SourceName=Microsoft-Windows-Service Control Manager
EventCode=7036
EventType=4
Type=Information
ComputerName=win-dc-129.attackrange.local
TaskCategory=None
OpCode=The operation completed successfully.
RecordNumber=82125
Keywords=Classic
Message=The Kdc service entered the running state.
11/09/2020 09:05:39 AM
LogName=System
SourceName=Microsoft-Windows-DNS Client Events
EventCode=1014
EventType=3
Type=Warning
ComputerName=win-dc-129.attackrange.local
User=NOT_TRANSLATED
Sid=S-1-5-20
SidType=0
TaskCategory=1014
OpCode=Info
RecordNumber=82124
Keywords=None
Message=Name resolution for the name _ldap._tcp.dc._msdcs.attackrange.local. timed out after none of the configured DNS servers responded.
11/09/2020 09:05:39 AM
LogName=System
SourceName=Microsoft-Windows-Service Control Manager
EventCode=7036
EventType=4
Type=Information
ComputerName=win-dc-129.attackrange.local
TaskCategory=None
OpCode=The operation completed successfully.
RecordNumber=82123
Keywords=Classic
Message=The ShellHWDetection service entered the running state.
11/09/2020 09:05:39 AM
LogName=System
SourceName=Microsoft-Windows-Service Control Manager
EventCode=7036
EventType=4
Type=Information
ComputerName=win-dc-129.attackrange.local
TaskCategory=None
OpCode=The operation completed successfully.
RecordNumber=82122
Keywords=Classic
Message=The FontCache service entered the running state.
11/09/2020 09:05:39 AM
LogName=System
SourceName=Microsoft-Windows-Service Control Manager
EventCode=7036
EventType=4
Type=Information
ComputerName=win-dc-129.attackrange.local
TaskCategory=None
OpCode=The operation completed successfully.
RecordNumber=82121
Keywords=Classic
Message=The Wcmsvc service entered the running state.
11/09/2020 09:05:39 AM
LogName=System
SourceName=Microsoft-Windows-Service Control Manager
EventCode=7036
EventType=4
Type=Information
ComputerName=win-dc-129.attackrange.local
TaskCategory=None
OpCode=The operation completed successfully.
RecordNumber=82120
Keywords=Classic
Message=The WinHttpAutoProxySvc service entered the running state.
11/09/2020 09:05:39 AM
LogName=System
SourceName=Microsoft-Windows-Service Control Manager
EventCode=7036
EventType=4
Type=Information
ComputerName=win-dc-129.attackrange.local
TaskCategory=None
OpCode=The operation completed successfully.
RecordNumber=82119
Keywords=Classic
Message=The BFE service entered the running state.
11/09/2020 09:05:39 AM
LogName=System
SourceName=Microsoft-Windows-Service Control Manager
EventCode=7036
EventType=4
Type=Information
ComputerName=win-dc-129.attackrange.local
TaskCategory=None
OpCode=The operation completed successfully.
RecordNumber=82118
Keywords=Classic
Message=The LanmanWorkstation service entered the running state.
11/09/2020 09:05:39 AM
LogName=System
SourceName=Microsoft-Windows-Service Control Manager
EventCode=7036
EventType=4
Type=Information
ComputerName=win-dc-129.attackrange.local
TaskCategory=None
OpCode=The operation completed successfully.
RecordNumber=82117
Keywords=Classic
Message=The CertPropSvc service entered the running state.
11/09/2020 09:05:39 AM
LogName=System
SourceName=Microsoft-Windows-Service Control Manager
EventCode=7036
EventType=4
Type=Information
ComputerName=win-dc-129.attackrange.local
TaskCategory=None
OpCode=The operation completed successfully.
RecordNumber=82116
Keywords=Classic
Message=The NcbService service entered the running state.
11/09/2020 09:05:39 AM
LogName=System
SourceName=Microsoft-Windows-Service Control Manager
EventCode=7036
EventType=4
Type=Information
ComputerName=win-dc-129.attackrange.local
TaskCategory=None
OpCode=The operation completed successfully.
RecordNumber=82115
Keywords=Classic
Message=The DsmSvc service entered the running state.
11/09/2020 09:05:39 AM
LogName=System
SourceName=Microsoft-Windows-Service Control Manager
EventCode=7036
EventType=4
Type=Information
ComputerName=win-dc-129.attackrange.local
TaskCategory=None
OpCode=The operation completed successfully.
RecordNumber=82114
Keywords=Classic
Message=The netprofm service entered the running state.
11/09/2020 09:05:39 AM
LogName=System
SourceName=Microsoft-Windows-Service Control Manager
EventCode=7036
EventType=4
Type=Information
ComputerName=win-dc-129.attackrange.local
TaskCategory=None
OpCode=The operation completed successfully.
RecordNumber=82113
Keywords=Classic
Message=The UmRdpService service entered the running state.
11/09/2020 09:05:39 AM
LogName=System
SourceName=Microsoft-Windows-Service Control Manager
EventCode=7036
EventType=4
Type=Information
ComputerName=win-dc-129.attackrange.local
TaskCategory=None
OpCode=The operation completed successfully.
RecordNumber=82112
Keywords=Classic
Message=The SENS service entered the running state.
11/09/2020 09:05:39 AM
LogName=System
SourceName=Microsoft-Windows-Service Control Manager
EventCode=7036
EventType=4
Type=Information
ComputerName=win-dc-129.attackrange.local
TaskCategory=None
OpCode=The operation completed successfully.
RecordNumber=82111
Keywords=Classic
Message=The gpsvc service entered the running state.
11/09/2020 09:05:39 AM
LogName=System
SourceName=Microsoft-Windows-Service Control Manager
EventCode=7036
EventType=4
Type=Information
ComputerName=win-dc-129.attackrange.local
TaskCategory=None
OpCode=The operation completed successfully.
RecordNumber=82110
Keywords=Classic
Message=The ProfSvc service entered the running state.
11/09/2020 09:05:39 AM
LogName=System
SourceName=Microsoft-Windows-DNS Client Events
EventCode=1014
EventType=3
Type=Warning
ComputerName=win-dc-129.attackrange.local
User=NOT_TRANSLATED
Sid=S-1-5-20
SidType=0
TaskCategory=1014
OpCode=Info
RecordNumber=82109
Keywords=None
Message=Name resolution for the name _ldap._tcp.dc._msdcs.attackrange.local. timed out after none of the configured DNS servers responded.
11/09/2020 09:05:39 AM
LogName=System
SourceName=Microsoft-Windows-Service Control Manager
EventCode=7036
EventType=4
Type=Information
ComputerName=win-dc-129.attackrange.local
TaskCategory=None
OpCode=The operation completed successfully.
RecordNumber=82108
Keywords=Classic
Message=The Themes service entered the running state.
11/09/2020 09:05:39 AM
LogName=System
SourceName=Microsoft-Windows-Service Control Manager
EventCode=7036
EventType=4
Type=Information
ComputerName=win-dc-129.attackrange.local
TaskCategory=None
OpCode=The operation completed successfully.
RecordNumber=82107
Keywords=Classic
Message=The EventSystem service entered the running state.
11/09/2020 09:05:39 AM
LogName=System
SourceName=Microsoft-Windows-Service Control Manager
EventCode=7036
EventType=4
Type=Information
ComputerName=win-dc-129.attackrange.local
TaskCategory=None
OpCode=The operation completed successfully.
RecordNumber=82106
Keywords=Classic
Message=The NlaSvc service entered the running state.
